/home/psb/rokey_c_2_ws/install/serving_robot/lib/python3.10/site-packages/serving_robot/action_server_test.py
/home/psb/rokey_c_2_ws/install/serving_robot/lib/python3.10/site-packages/serving_robot/Ui.py
/home/psb/rokey_c_2_ws/install/serving_robot/lib/python3.10/site-packages/serving_robot/ui_test.py
/home/psb/rokey_c_2_ws/install/serving_robot/lib/python3.10/site-packages/serving_robot/__init__.py
/home/psb/rokey_c_2_ws/install/serving_robot/lib/python3.10/site-packages/serving_robot/robot.py
/home/psb/rokey_c_2_ws/install/serving_robot/lib/python3.10/site-packages/serving_robot/robot_control.py
/home/psb/rokey_c_2_ws/install/serving_robot/lib/python3.10/site-packages/serving_robot/__pycache__/action_server_test.cpython-310.pyc
/home/psb/rokey_c_2_ws/install/serving_robot/lib/python3.10/site-packages/serving_robot/__pycache__/Ui.cpython-310.pyc
/home/psb/rokey_c_2_ws/install/serving_robot/lib/python3.10/site-packages/serving_robot/__pycache__/ui_test.cpython-310.pyc
/home/psb/rokey_c_2_ws/install/serving_robot/lib/python3.10/site-packages/serving_robot/__pycache__/__init__.cpython-310.pyc
/home/psb/rokey_c_2_ws/install/serving_robot/lib/python3.10/site-packages/serving_robot/__pycache__/robot.cpython-310.pyc
/home/psb/rokey_c_2_ws/install/serving_robot/lib/python3.10/site-packages/serving_robot/__pycache__/robot_control.cpython-310.pyc
/home/psb/rokey_c_2_ws/install/serving_robot/share/ament_index/resource_index/packages/serving_robot
/home/psb/rokey_c_2_ws/install/serving_robot/share/serving_robot/package.xml
/home/psb/rokey_c_2_ws/install/serving_robot/lib/python3.10/site-packages/serving_robot-0.0.0-py3.10.egg-info/SOURCES.txt
/home/psb/rokey_c_2_ws/install/serving_robot/lib/python3.10/site-packages/serving_robot-0.0.0-py3.10.egg-info/zip-safe
/home/psb/rokey_c_2_ws/install/serving_robot/lib/python3.10/site-packages/serving_robot-0.0.0-py3.10.egg-info/top_level.txt
/home/psb/rokey_c_2_ws/install/serving_robot/lib/python3.10/site-packages/serving_robot-0.0.0-py3.10.egg-info/requires.txt
/home/psb/rokey_c_2_ws/install/serving_robot/lib/python3.10/site-packages/serving_robot-0.0.0-py3.10.egg-info/entry_points.txt
/home/psb/rokey_c_2_ws/install/serving_robot/lib/python3.10/site-packages/serving_robot-0.0.0-py3.10.egg-info/PKG-INFO
/home/psb/rokey_c_2_ws/install/serving_robot/lib/python3.10/site-packages/serving_robot-0.0.0-py3.10.egg-info/dependency_links.txt
/home/psb/rokey_c_2_ws/install/serving_robot/lib/serving_robot/action_test
/home/psb/rokey_c_2_ws/install/serving_robot/lib/serving_robot/robot
/home/psb/rokey_c_2_ws/install/serving_robot/lib/serving_robot/serving_robot
