[0.688s] Invoking command in '/home/psb/rokey_c_2_ws/build/nav_interfaces': CMAKE_PREFIX_PATH=${CMAKE_PREFIX_PATH}:/home/psb/rokey_c_2_ws/install/turtlebot3_gui:/home/psb/rokey_c_2_ws/install/table_order:/home/psb/rokey_c_2_ws/install/serving_robot:/home/psb/rokey_c_2_ws/install/database:/home/psb/rokey_c_2_ws/install/c2_turtle_order_package:/home/psb/turtlebot3_ws/install/turtlebot3_teleop:/home/psb/turtlebot3_ws/install/turtlebot3_example:/opt/ros/humble /usr/bin/cmake --build /home/psb/rokey_c_2_ws/build/nav_interfaces -- -j8 -l8
[0.792s] [  9%] Built target nav_interfaces__rosidl_generator_c
[0.797s] [ 12%] Built target nav_interfaces__cpp
[0.832s] [ 12%] Built target ament_cmake_python_copy_nav_interfaces
[0.854s] [ 22%] Built target nav_interfaces__rosidl_typesupport_introspection_c
[0.854s] [ 32%] Built target nav_interfaces__rosidl_typesupport_c
[0.858s] [ 41%] Built target nav_interfaces__rosidl_typesupport_fastrtps_c
[0.858s] [ 51%] Built target nav_interfaces__rosidl_typesupport_fastrtps_cpp
[0.864s] [ 61%] Built target nav_interfaces__rosidl_typesupport_cpp
[0.874s] [ 70%] Built target nav_interfaces__rosidl_typesupport_introspection_cpp
[0.903s] [ 70%] Built target nav_interfaces
[0.937s] [ 74%] Built target nav_interfaces__py
[0.968s] [ 80%] Built target nav_interfaces__rosidl_generator_py
[1.005s] [ 87%] Built target nav_interfaces__rosidl_typesupport_fastrtps_c__pyext
[1.010s] [ 93%] Built target nav_interfaces__rosidl_typesupport_introspection_c__pyext
[1.015s] [100%] Built target nav_interfaces__rosidl_typesupport_c__pyext
[1.388s] running egg_info
[1.389s] writing nav_interfaces.egg-info/PKG-INFO
[1.389s] writing dependency_links to nav_interfaces.egg-info/dependency_links.txt
[1.390s] writing top-level names to nav_interfaces.egg-info/top_level.txt
[1.394s] reading manifest file 'nav_interfaces.egg-info/SOURCES.txt'
[1.395s] writing manifest file 'nav_interfaces.egg-info/SOURCES.txt'
[1.451s] [100%] Built target ament_cmake_python_build_nav_interfaces_egg
[1.467s] Invoked command in '/home/psb/rokey_c_2_ws/build/nav_interfaces' returned '0': CMAKE_PREFIX_PATH=${CMAKE_PREFIX_PATH}:/home/psb/rokey_c_2_ws/install/turtlebot3_gui:/home/psb/rokey_c_2_ws/install/table_order:/home/psb/rokey_c_2_ws/install/serving_robot:/home/psb/rokey_c_2_ws/install/database:/home/psb/rokey_c_2_ws/install/c2_turtle_order_package:/home/psb/turtlebot3_ws/install/turtlebot3_teleop:/home/psb/turtlebot3_ws/install/turtlebot3_example:/opt/ros/humble /usr/bin/cmake --build /home/psb/rokey_c_2_ws/build/nav_interfaces -- -j8 -l8
[1.595s] Invoking command in '/home/psb/rokey_c_2_ws/build/nav_interfaces': CMAKE_PREFIX_PATH=${CMAKE_PREFIX_PATH}:/home/psb/rokey_c_2_ws/install/turtlebot3_gui:/home/psb/rokey_c_2_ws/install/table_order:/home/psb/rokey_c_2_ws/install/serving_robot:/home/psb/rokey_c_2_ws/install/database:/home/psb/rokey_c_2_ws/install/c2_turtle_order_package:/home/psb/turtlebot3_ws/install/turtlebot3_teleop:/home/psb/turtlebot3_ws/install/turtlebot3_example:/opt/ros/humble /usr/bin/cmake --install /home/psb/rokey_c_2_ws/build/nav_interfaces
[1.610s] -- Install configuration: ""
[1.610s] -- Up-to-date: /home/psb/rokey_c_2_ws/install/nav_interfaces/share/ament_index/resource_index/rosidl_interfaces/nav_interfaces
[1.610s] -- Up-to-date: /home/psb/rokey_c_2_ws/install/nav_interfaces/include/nav_interfaces/nav_interfaces
[1.611s] -- Up-to-date: /home/psb/rokey_c_2_ws/install/nav_interfaces/include/nav_interfaces/nav_interfaces/msg
[1.611s] -- Up-to-date: /home/psb/rokey_c_2_ws/install/nav_interfaces/include/nav_interfaces/nav_interfaces/msg/rosidl_generator_c__visibility_control.h
[1.611s] -- Up-to-date: /home/psb/rokey_c_2_ws/install/nav_interfaces/include/nav_interfaces/nav_interfaces/action
[1.611s] -- Up-to-date: /home/psb/rokey_c_2_ws/install/nav_interfaces/include/nav_interfaces/nav_interfaces/action/navigate.h
[1.612s] -- Up-to-date: /home/psb/rokey_c_2_ws/install/nav_interfaces/include/nav_interfaces/nav_interfaces/action/detail
[1.612s] -- Up-to-date: /home/psb/rokey_c_2_ws/install/nav_interfaces/include/nav_interfaces/nav_interfaces/action/detail/navigate__struct.h
[1.612s] -- Up-to-date: /home/psb/rokey_c_2_ws/install/nav_interfaces/include/nav_interfaces/nav_interfaces/action/detail/navigate__type_support.h
[1.612s] -- Up-to-date: /home/psb/rokey_c_2_ws/install/nav_interfaces/include/nav_interfaces/nav_interfaces/action/detail/navigate__functions.h
[1.613s] -- Up-to-date: /home/psb/rokey_c_2_ws/install/nav_interfaces/include/nav_interfaces/nav_interfaces/action/detail/navigate__functions.c
[1.613s] -- Up-to-date: /home/psb/rokey_c_2_ws/install/nav_interfaces/share/nav_interfaces/environment/library_path.sh
[1.613s] -- Up-to-date: /home/psb/rokey_c_2_ws/install/nav_interfaces/share/nav_interfaces/environment/library_path.dsv
[1.614s] -- Up-to-date: /home/psb/rokey_c_2_ws/install/nav_interfaces/lib/libnav_interfaces__rosidl_generator_c.so
[1.614s] -- Up-to-date: /home/psb/rokey_c_2_ws/install/nav_interfaces/include/nav_interfaces/nav_interfaces
[1.614s] -- Up-to-date: /home/psb/rokey_c_2_ws/install/nav_interfaces/include/nav_interfaces/nav_interfaces/msg
[1.614s] -- Up-to-date: /home/psb/rokey_c_2_ws/install/nav_interfaces/include/nav_interfaces/nav_interfaces/msg/rosidl_typesupport_fastrtps_c__visibility_control.h
[1.615s] -- Up-to-date: /home/psb/rokey_c_2_ws/install/nav_interfaces/include/nav_interfaces/nav_interfaces/action
[1.616s] -- Up-to-date: /home/psb/rokey_c_2_ws/install/nav_interfaces/include/nav_interfaces/nav_interfaces/action/detail
[1.616s] -- Up-to-date: /home/psb/rokey_c_2_ws/install/nav_interfaces/include/nav_interfaces/nav_interfaces/action/detail/navigate__rosidl_typesupport_fastrtps_c.h
[1.616s] -- Up-to-date: /home/psb/rokey_c_2_ws/install/nav_interfaces/lib/libnav_interfaces__rosidl_typesupport_fastrtps_c.so
[1.617s] -- Up-to-date: /home/psb/rokey_c_2_ws/install/nav_interfaces/include/nav_interfaces/nav_interfaces
[1.617s] -- Up-to-date: /home/psb/rokey_c_2_ws/install/nav_interfaces/include/nav_interfaces/nav_interfaces/msg
[1.618s] -- Up-to-date: /home/psb/rokey_c_2_ws/install/nav_interfaces/include/nav_interfaces/nav_interfaces/msg/rosidl_typesupport_introspection_c__visibility_control.h
[1.618s] -- Up-to-date: /home/psb/rokey_c_2_ws/install/nav_interfaces/include/nav_interfaces/nav_interfaces/action
[1.618s] -- Up-to-date: /home/psb/rokey_c_2_ws/install/nav_interfaces/include/nav_interfaces/nav_interfaces/action/detail
[1.618s] -- Up-to-date: /home/psb/rokey_c_2_ws/install/nav_interfaces/include/nav_interfaces/nav_interfaces/action/detail/navigate__type_support.c
[1.618s] -- Up-to-date: /home/psb/rokey_c_2_ws/install/nav_interfaces/include/nav_interfaces/nav_interfaces/action/detail/navigate__rosidl_typesupport_introspection_c.h
[1.618s] -- Up-to-date: /home/psb/rokey_c_2_ws/install/nav_interfaces/lib/libnav_interfaces__rosidl_typesupport_introspection_c.so
[1.619s] -- Up-to-date: /home/psb/rokey_c_2_ws/install/nav_interfaces/lib/libnav_interfaces__rosidl_typesupport_c.so
[1.619s] -- Up-to-date: /home/psb/rokey_c_2_ws/install/nav_interfaces/include/nav_interfaces/nav_interfaces
[1.619s] -- Up-to-date: /home/psb/rokey_c_2_ws/install/nav_interfaces/include/nav_interfaces/nav_interfaces/action
[1.619s] -- Up-to-date: /home/psb/rokey_c_2_ws/install/nav_interfaces/include/nav_interfaces/nav_interfaces/action/detail
[1.619s] -- Up-to-date: /home/psb/rokey_c_2_ws/install/nav_interfaces/include/nav_interfaces/nav_interfaces/action/detail/navigate__struct.hpp
[1.620s] -- Up-to-date: /home/psb/rokey_c_2_ws/install/nav_interfaces/include/nav_interfaces/nav_interfaces/action/detail/navigate__traits.hpp
[1.620s] -- Up-to-date: /home/psb/rokey_c_2_ws/install/nav_interfaces/include/nav_interfaces/nav_interfaces/action/detail/navigate__builder.hpp
[1.620s] -- Up-to-date: /home/psb/rokey_c_2_ws/install/nav_interfaces/include/nav_interfaces/nav_interfaces/action/navigate.hpp
[1.620s] -- Up-to-date: /home/psb/rokey_c_2_ws/install/nav_interfaces/include/nav_interfaces/nav_interfaces
[1.620s] -- Up-to-date: /home/psb/rokey_c_2_ws/install/nav_interfaces/include/nav_interfaces/nav_interfaces/msg
[1.620s] -- Up-to-date: /home/psb/rokey_c_2_ws/install/nav_interfaces/include/nav_interfaces/nav_interfaces/msg/rosidl_typesupport_fastrtps_cpp__visibility_control.h
[1.621s] -- Up-to-date: /home/psb/rokey_c_2_ws/install/nav_interfaces/include/nav_interfaces/nav_interfaces/action
[1.621s] -- Up-to-date: /home/psb/rokey_c_2_ws/install/nav_interfaces/include/nav_interfaces/nav_interfaces/action/detail
[1.621s] -- Up-to-date: /home/psb/rokey_c_2_ws/install/nav_interfaces/include/nav_interfaces/nav_interfaces/action/detail/dds_fastrtps
[1.621s] -- Up-to-date: /home/psb/rokey_c_2_ws/install/nav_interfaces/include/nav_interfaces/nav_interfaces/action/detail/navigate__rosidl_typesupport_fastrtps_cpp.hpp
[1.621s] -- Up-to-date: /home/psb/rokey_c_2_ws/install/nav_interfaces/lib/libnav_interfaces__rosidl_typesupport_fastrtps_cpp.so
[1.622s] -- Up-to-date: /home/psb/rokey_c_2_ws/install/nav_interfaces/include/nav_interfaces/nav_interfaces
[1.622s] -- Up-to-date: /home/psb/rokey_c_2_ws/install/nav_interfaces/include/nav_interfaces/nav_interfaces/action
[1.622s] -- Up-to-date: /home/psb/rokey_c_2_ws/install/nav_interfaces/include/nav_interfaces/nav_interfaces/action/detail
[1.622s] -- Up-to-date: /home/psb/rokey_c_2_ws/install/nav_interfaces/include/nav_interfaces/nav_interfaces/action/detail/navigate__type_support.cpp
[1.622s] -- Up-to-date: /home/psb/rokey_c_2_ws/install/nav_interfaces/include/nav_interfaces/nav_interfaces/action/detail/navigate__rosidl_typesupport_introspection_cpp.hpp
[1.623s] -- Up-to-date: /home/psb/rokey_c_2_ws/install/nav_interfaces/lib/libnav_interfaces__rosidl_typesupport_introspection_cpp.so
[1.623s] -- Up-to-date: /home/psb/rokey_c_2_ws/install/nav_interfaces/lib/libnav_interfaces__rosidl_typesupport_cpp.so
[1.623s] -- Up-to-date: /home/psb/rokey_c_2_ws/install/nav_interfaces/share/nav_interfaces/environment/pythonpath.sh
[1.623s] -- Up-to-date: /home/psb/rokey_c_2_ws/install/nav_interfaces/share/nav_interfaces/environment/pythonpath.dsv
[1.623s] -- Up-to-date: /home/psb/rokey_c_2_ws/install/nav_interfaces/local/lib/python3.10/dist-packages/nav_interfaces-0.0.0-py3.10.egg-info
[1.624s] -- Installing: /home/psb/rokey_c_2_ws/install/nav_interfaces/local/lib/python3.10/dist-packages/nav_interfaces-0.0.0-py3.10.egg-info/SOURCES.txt
[1.624s] -- Installing: /home/psb/rokey_c_2_ws/install/nav_interfaces/local/lib/python3.10/dist-packages/nav_interfaces-0.0.0-py3.10.egg-info/top_level.txt
[1.624s] -- Installing: /home/psb/rokey_c_2_ws/install/nav_interfaces/local/lib/python3.10/dist-packages/nav_interfaces-0.0.0-py3.10.egg-info/PKG-INFO
[1.624s] -- Installing: /home/psb/rokey_c_2_ws/install/nav_interfaces/local/lib/python3.10/dist-packages/nav_interfaces-0.0.0-py3.10.egg-info/dependency_links.txt
[1.624s] -- Up-to-date: /home/psb/rokey_c_2_ws/install/nav_interfaces/local/lib/python3.10/dist-packages/nav_interfaces
[1.625s] -- Up-to-date: /home/psb/rokey_c_2_ws/install/nav_interfaces/local/lib/python3.10/dist-packages/nav_interfaces/__init__.py
[1.625s] -- Up-to-date: /home/psb/rokey_c_2_ws/install/nav_interfaces/local/lib/python3.10/dist-packages/nav_interfaces/_nav_interfaces_s.ep.rosidl_typesupport_introspection_c.c
[1.625s] -- Up-to-date: /home/psb/rokey_c_2_ws/install/nav_interfaces/local/lib/python3.10/dist-packages/nav_interfaces/nav_interfaces_s__rosidl_typesupport_introspection_c.cpython-310-x86_64-linux-gnu.so
[1.625s] -- Up-to-date: /home/psb/rokey_c_2_ws/install/nav_interfaces/local/lib/python3.10/dist-packages/nav_interfaces/nav_interfaces_s__rosidl_typesupport_fastrtps_c.cpython-310-x86_64-linux-gnu.so
[1.625s] -- Up-to-date: /home/psb/rokey_c_2_ws/install/nav_interfaces/local/lib/python3.10/dist-packages/nav_interfaces/libnav_interfaces__rosidl_generator_py.so
[1.625s] -- Up-to-date: /home/psb/rokey_c_2_ws/install/nav_interfaces/local/lib/python3.10/dist-packages/nav_interfaces/nav_interfaces_s__rosidl_typesupport_c.cpython-310-x86_64-linux-gnu.so
[1.626s] -- Up-to-date: /home/psb/rokey_c_2_ws/install/nav_interfaces/local/lib/python3.10/dist-packages/nav_interfaces/_nav_interfaces_s.ep.rosidl_typesupport_fastrtps_c.c
[1.626s] -- Up-to-date: /home/psb/rokey_c_2_ws/install/nav_interfaces/local/lib/python3.10/dist-packages/nav_interfaces/_nav_interfaces_s.ep.rosidl_typesupport_c.c
[1.626s] -- Up-to-date: /home/psb/rokey_c_2_ws/install/nav_interfaces/local/lib/python3.10/dist-packages/nav_interfaces/action
[1.626s] -- Up-to-date: /home/psb/rokey_c_2_ws/install/nav_interfaces/local/lib/python3.10/dist-packages/nav_interfaces/action/__init__.py
[1.626s] -- Up-to-date: /home/psb/rokey_c_2_ws/install/nav_interfaces/local/lib/python3.10/dist-packages/nav_interfaces/action/_navigate_s.c
[1.627s] -- Up-to-date: /home/psb/rokey_c_2_ws/install/nav_interfaces/local/lib/python3.10/dist-packages/nav_interfaces/action/_navigate.py
[1.711s] Listing '/home/psb/rokey_c_2_ws/install/nav_interfaces/local/lib/python3.10/dist-packages/nav_interfaces'...
[1.711s] Listing '/home/psb/rokey_c_2_ws/install/nav_interfaces/local/lib/python3.10/dist-packages/nav_interfaces/action'...
[1.721s] -- Up-to-date: /home/psb/rokey_c_2_ws/install/nav_interfaces/local/lib/python3.10/dist-packages/nav_interfaces/nav_interfaces_s__rosidl_typesupport_fastrtps_c.cpython-310-x86_64-linux-gnu.so
[1.721s] -- Up-to-date: /home/psb/rokey_c_2_ws/install/nav_interfaces/local/lib/python3.10/dist-packages/nav_interfaces/nav_interfaces_s__rosidl_typesupport_introspection_c.cpython-310-x86_64-linux-gnu.so
[1.722s] -- Up-to-date: /home/psb/rokey_c_2_ws/install/nav_interfaces/local/lib/python3.10/dist-packages/nav_interfaces/nav_interfaces_s__rosidl_typesupport_c.cpython-310-x86_64-linux-gnu.so
[1.722s] -- Up-to-date: /home/psb/rokey_c_2_ws/install/nav_interfaces/lib/libnav_interfaces__rosidl_generator_py.so
[1.723s] -- Up-to-date: /home/psb/rokey_c_2_ws/install/nav_interfaces/share/nav_interfaces/action/Navigate.idl
[1.724s] -- Up-to-date: /home/psb/rokey_c_2_ws/install/nav_interfaces/share/nav_interfaces/action/Navigate.action
[1.724s] -- Up-to-date: /home/psb/rokey_c_2_ws/install/nav_interfaces/share/ament_index/resource_index/package_run_dependencies/nav_interfaces
[1.724s] -- Up-to-date: /home/psb/rokey_c_2_ws/install/nav_interfaces/share/ament_index/resource_index/parent_prefix_path/nav_interfaces
[1.724s] -- Up-to-date: /home/psb/rokey_c_2_ws/install/nav_interfaces/share/nav_interfaces/environment/ament_prefix_path.sh
[1.725s] -- Up-to-date: /home/psb/rokey_c_2_ws/install/nav_interfaces/share/nav_interfaces/environment/ament_prefix_path.dsv
[1.725s] -- Up-to-date: /home/psb/rokey_c_2_ws/install/nav_interfaces/share/nav_interfaces/environment/path.sh
[1.726s] -- Up-to-date: /home/psb/rokey_c_2_ws/install/nav_interfaces/share/nav_interfaces/environment/path.dsv
[1.726s] -- Up-to-date: /home/psb/rokey_c_2_ws/install/nav_interfaces/share/nav_interfaces/local_setup.bash
[1.726s] -- Up-to-date: /home/psb/rokey_c_2_ws/install/nav_interfaces/share/nav_interfaces/local_setup.sh
[1.726s] -- Up-to-date: /home/psb/rokey_c_2_ws/install/nav_interfaces/share/nav_interfaces/local_setup.zsh
[1.726s] -- Up-to-date: /home/psb/rokey_c_2_ws/install/nav_interfaces/share/nav_interfaces/local_setup.dsv
[1.728s] -- Installing: /home/psb/rokey_c_2_ws/install/nav_interfaces/share/nav_interfaces/package.dsv
[1.728s] -- Up-to-date: /home/psb/rokey_c_2_ws/install/nav_interfaces/share/ament_index/resource_index/packages/nav_interfaces
[1.729s] -- Up-to-date: /home/psb/rokey_c_2_ws/install/nav_interfaces/share/nav_interfaces/cmake/export_nav_interfaces__rosidl_generator_cExport.cmake
[1.729s] -- Up-to-date: /home/psb/rokey_c_2_ws/install/nav_interfaces/share/nav_interfaces/cmake/export_nav_interfaces__rosidl_generator_cExport-noconfig.cmake
[1.729s] -- Up-to-date: /home/psb/rokey_c_2_ws/install/nav_interfaces/share/nav_interfaces/cmake/export_nav_interfaces__rosidl_typesupport_fastrtps_cExport.cmake
[1.729s] -- Up-to-date: /home/psb/rokey_c_2_ws/install/nav_interfaces/share/nav_interfaces/cmake/export_nav_interfaces__rosidl_typesupport_fastrtps_cExport-noconfig.cmake
[1.729s] -- Up-to-date: /home/psb/rokey_c_2_ws/install/nav_interfaces/share/nav_interfaces/cmake/nav_interfaces__rosidl_typesupport_introspection_cExport.cmake
[1.729s] -- Up-to-date: /home/psb/rokey_c_2_ws/install/nav_interfaces/share/nav_interfaces/cmake/nav_interfaces__rosidl_typesupport_introspection_cExport-noconfig.cmake
[1.730s] -- Up-to-date: /home/psb/rokey_c_2_ws/install/nav_interfaces/share/nav_interfaces/cmake/nav_interfaces__rosidl_typesupport_cExport.cmake
[1.730s] -- Up-to-date: /home/psb/rokey_c_2_ws/install/nav_interfaces/share/nav_interfaces/cmake/nav_interfaces__rosidl_typesupport_cExport-noconfig.cmake
[1.730s] -- Up-to-date: /home/psb/rokey_c_2_ws/install/nav_interfaces/share/nav_interfaces/cmake/export_nav_interfaces__rosidl_generator_cppExport.cmake
[1.730s] -- Up-to-date: /home/psb/rokey_c_2_ws/install/nav_interfaces/share/nav_interfaces/cmake/export_nav_interfaces__rosidl_typesupport_fastrtps_cppExport.cmake
[1.730s] -- Up-to-date: /home/psb/rokey_c_2_ws/install/nav_interfaces/share/nav_interfaces/cmake/export_nav_interfaces__rosidl_typesupport_fastrtps_cppExport-noconfig.cmake
[1.731s] -- Up-to-date: /home/psb/rokey_c_2_ws/install/nav_interfaces/share/nav_interfaces/cmake/nav_interfaces__rosidl_typesupport_introspection_cppExport.cmake
[1.731s] -- Up-to-date: /home/psb/rokey_c_2_ws/install/nav_interfaces/share/nav_interfaces/cmake/nav_interfaces__rosidl_typesupport_introspection_cppExport-noconfig.cmake
[1.731s] -- Up-to-date: /home/psb/rokey_c_2_ws/install/nav_interfaces/share/nav_interfaces/cmake/nav_interfaces__rosidl_typesupport_cppExport.cmake
[1.731s] -- Up-to-date: /home/psb/rokey_c_2_ws/install/nav_interfaces/share/nav_interfaces/cmake/nav_interfaces__rosidl_typesupport_cppExport-noconfig.cmake
[1.731s] -- Up-to-date: /home/psb/rokey_c_2_ws/install/nav_interfaces/share/nav_interfaces/cmake/export_nav_interfaces__rosidl_generator_pyExport.cmake
[1.731s] -- Up-to-date: /home/psb/rokey_c_2_ws/install/nav_interfaces/share/nav_interfaces/cmake/export_nav_interfaces__rosidl_generator_pyExport-noconfig.cmake
[1.731s] -- Up-to-date: /home/psb/rokey_c_2_ws/install/nav_interfaces/share/nav_interfaces/cmake/rosidl_cmake-extras.cmake
[1.732s] -- Up-to-date: /home/psb/rokey_c_2_ws/install/nav_interfaces/share/nav_interfaces/cmake/ament_cmake_export_dependencies-extras.cmake
[1.732s] -- Up-to-date: /home/psb/rokey_c_2_ws/install/nav_interfaces/share/nav_interfaces/cmake/ament_cmake_export_include_directories-extras.cmake
[1.732s] -- Up-to-date: /home/psb/rokey_c_2_ws/install/nav_interfaces/share/nav_interfaces/cmake/ament_cmake_export_libraries-extras.cmake
[1.732s] -- Up-to-date: /home/psb/rokey_c_2_ws/install/nav_interfaces/share/nav_interfaces/cmake/ament_cmake_export_targets-extras.cmake
[1.732s] -- Up-to-date: /home/psb/rokey_c_2_ws/install/nav_interfaces/share/nav_interfaces/cmake/rosidl_cmake_export_typesupport_targets-extras.cmake
[1.733s] -- Up-to-date: /home/psb/rokey_c_2_ws/install/nav_interfaces/share/nav_interfaces/cmake/rosidl_cmake_export_typesupport_libraries-extras.cmake
[1.733s] -- Up-to-date: /home/psb/rokey_c_2_ws/install/nav_interfaces/share/nav_interfaces/cmake/nav_interfacesConfig.cmake
[1.733s] -- Up-to-date: /home/psb/rokey_c_2_ws/install/nav_interfaces/share/nav_interfaces/cmake/nav_interfacesConfig-version.cmake
[1.733s] -- Up-to-date: /home/psb/rokey_c_2_ws/install/nav_interfaces/share/nav_interfaces/package.xml
[2.257s] Invoked command in '/home/psb/rokey_c_2_ws/build/nav_interfaces' returned '0': CMAKE_PREFIX_PATH=${CMAKE_PREFIX_PATH}:/home/psb/rokey_c_2_ws/install/turtlebot3_gui:/home/psb/rokey_c_2_ws/install/table_order:/home/psb/rokey_c_2_ws/install/serving_robot:/home/psb/rokey_c_2_ws/install/database:/home/psb/rokey_c_2_ws/install/c2_turtle_order_package:/home/psb/turtlebot3_ws/install/turtlebot3_teleop:/home/psb/turtlebot3_ws/install/turtlebot3_example:/opt/ros/humble /usr/bin/cmake --install /home/psb/rokey_c_2_ws/build/nav_interfaces
