[0.023s] Invoking command in '/home/aaa/rokey_c_2_ws/build/serving_robot_msgs': CMAKE_PREFIX_PATH=${CMAKE_PREFIX_PATH}:/home/aaa/rokey_c_2_ws/install/table_order:/home/aaa/rokey_c_2_ws/install/serving_robot:/home/aaa/rokey_c_2_ws/install/database:/opt/ros/humble /usr/bin/cmake --build /home/aaa/rokey_c_2_ws/build/serving_robot_msgs -- -j11 -l11
[0.106s] [ 10%] Built target serving_robot_msgs__rosidl_generator_c
[0.106s] [ 12%] Built target serving_robot_msgs__cpp
[0.136s] [ 12%] Built target ament_cmake_python_symlink_serving_robot_msgs
[0.153s] [ 23%] Built target serving_robot_msgs__rosidl_typesupport_introspection_c
[0.160s] [ 34%] Built target serving_robot_msgs__rosidl_typesupport_introspection_cpp
[0.166s] [ 54%] Built target serving_robot_msgs__rosidl_typesupport_c
[0.166s] [ 56%] Built target serving_robot_msgs__rosidl_typesupport_fastrtps_c
[0.179s] [ 67%] Built target serving_robot_msgs__rosidl_typesupport_cpp
[0.186s] [ 78%] Built target serving_robot_msgs__rosidl_typesupport_fastrtps_cpp
[0.208s] [ 78%] Built target serving_robot_msgs
[0.237s] [ 80%] Built target serving_robot_msgs__py
[0.269s] [ 89%] Built target serving_robot_msgs__rosidl_generator_py
[0.300s] [ 92%] Built target serving_robot_msgs__rosidl_typesupport_c__pyext
[0.300s] [ 98%] Built target serving_robot_msgs__rosidl_typesupport_introspection_c__pyext
[0.301s] [100%] Built target serving_robot_msgs__rosidl_typesupport_fastrtps_c__pyext
[0.485s] running egg_info
[0.487s] writing serving_robot_msgs.egg-info/PKG-INFO
[0.487s] writing dependency_links to serving_robot_msgs.egg-info/dependency_links.txt
[0.487s] writing top-level names to serving_robot_msgs.egg-info/top_level.txt
[0.489s] reading manifest file 'serving_robot_msgs.egg-info/SOURCES.txt'
[0.490s] writing manifest file 'serving_robot_msgs.egg-info/SOURCES.txt'
[0.521s] [100%] Built target ament_cmake_python_build_serving_robot_msgs_egg
[0.537s] Invoked command in '/home/aaa/rokey_c_2_ws/build/serving_robot_msgs' returned '0': CMAKE_PREFIX_PATH=${CMAKE_PREFIX_PATH}:/home/aaa/rokey_c_2_ws/install/table_order:/home/aaa/rokey_c_2_ws/install/serving_robot:/home/aaa/rokey_c_2_ws/install/database:/opt/ros/humble /usr/bin/cmake --build /home/aaa/rokey_c_2_ws/build/serving_robot_msgs -- -j11 -l11
[0.684s] Invoking command in '/home/aaa/rokey_c_2_ws/build/serving_robot_msgs': CMAKE_PREFIX_PATH=${CMAKE_PREFIX_PATH}:/home/aaa/rokey_c_2_ws/install/table_order:/home/aaa/rokey_c_2_ws/install/serving_robot:/home/aaa/rokey_c_2_ws/install/database:/opt/ros/humble /usr/bin/cmake --install /home/aaa/rokey_c_2_ws/build/serving_robot_msgs
[0.695s] -- Install configuration: ""
[0.695s] -- Execute custom install script
[0.696s] -- Up-to-date symlink: /home/aaa/rokey_c_2_ws/install/serving_robot_msgs/share/ament_index/resource_index/rosidl_interfaces/serving_robot_msgs
[0.697s] -- Up-to-date symlink: /home/aaa/rokey_c_2_ws/install/serving_robot_msgs/include/serving_robot_msgs/serving_robot_msgs/action/c2_r.h
[0.697s] -- Up-to-date symlink: /home/aaa/rokey_c_2_ws/install/serving_robot_msgs/include/serving_robot_msgs/serving_robot_msgs/action/detail/c2_r__functions.h
[0.697s] -- Up-to-date symlink: /home/aaa/rokey_c_2_ws/install/serving_robot_msgs/include/serving_robot_msgs/serving_robot_msgs/action/detail/c2_r__struct.h
[0.697s] -- Up-to-date symlink: /home/aaa/rokey_c_2_ws/install/serving_robot_msgs/include/serving_robot_msgs/serving_robot_msgs/action/detail/c2_r__type_support.h
[0.697s] -- Up-to-date symlink: /home/aaa/rokey_c_2_ws/install/serving_robot_msgs/include/serving_robot_msgs/serving_robot_msgs/msg/detail/robot_state__functions.h
[0.698s] -- Up-to-date symlink: /home/aaa/rokey_c_2_ws/install/serving_robot_msgs/include/serving_robot_msgs/serving_robot_msgs/msg/detail/robot_state__struct.h
[0.698s] -- Up-to-date symlink: /home/aaa/rokey_c_2_ws/install/serving_robot_msgs/include/serving_robot_msgs/serving_robot_msgs/msg/detail/robot_state__type_support.h
[0.698s] -- Up-to-date symlink: /home/aaa/rokey_c_2_ws/install/serving_robot_msgs/include/serving_robot_msgs/serving_robot_msgs/msg/detail/total_price2_c__functions.h
[0.698s] -- Up-to-date symlink: /home/aaa/rokey_c_2_ws/install/serving_robot_msgs/include/serving_robot_msgs/serving_robot_msgs/msg/detail/total_price2_c__struct.h
[0.698s] -- Up-to-date symlink: /home/aaa/rokey_c_2_ws/install/serving_robot_msgs/include/serving_robot_msgs/serving_robot_msgs/msg/detail/total_price2_c__type_support.h
[0.698s] -- Up-to-date symlink: /home/aaa/rokey_c_2_ws/install/serving_robot_msgs/include/serving_robot_msgs/serving_robot_msgs/msg/robot_state.h
[0.698s] -- Up-to-date symlink: /home/aaa/rokey_c_2_ws/install/serving_robot_msgs/include/serving_robot_msgs/serving_robot_msgs/msg/rosidl_generator_c__visibility_control.h
[0.698s] -- Up-to-date symlink: /home/aaa/rokey_c_2_ws/install/serving_robot_msgs/include/serving_robot_msgs/serving_robot_msgs/msg/total_price2_c.h
[0.698s] -- Up-to-date symlink: /home/aaa/rokey_c_2_ws/install/serving_robot_msgs/include/serving_robot_msgs/serving_robot_msgs/srv/detail/t2_c__functions.h
[0.699s] -- Up-to-date symlink: /home/aaa/rokey_c_2_ws/install/serving_robot_msgs/include/serving_robot_msgs/serving_robot_msgs/srv/detail/t2_c__struct.h
[0.699s] -- Up-to-date symlink: /home/aaa/rokey_c_2_ws/install/serving_robot_msgs/include/serving_robot_msgs/serving_robot_msgs/srv/detail/t2_c__type_support.h
[0.699s] -- Up-to-date symlink: /home/aaa/rokey_c_2_ws/install/serving_robot_msgs/include/serving_robot_msgs/serving_robot_msgs/srv/t2_c.h
[0.699s] -- Up-to-date symlink: /home/aaa/rokey_c_2_ws/install/serving_robot_msgs/share/serving_robot_msgs/environment/library_path.sh
[0.699s] -- Up-to-date symlink: /home/aaa/rokey_c_2_ws/install/serving_robot_msgs/share/serving_robot_msgs/environment/library_path.dsv
[0.700s] -- Up-to-date symlink: /home/aaa/rokey_c_2_ws/install/serving_robot_msgs/include/serving_robot_msgs/serving_robot_msgs/action/detail/c2_r__rosidl_typesupport_fastrtps_c.h
[0.700s] -- Up-to-date symlink: /home/aaa/rokey_c_2_ws/install/serving_robot_msgs/include/serving_robot_msgs/serving_robot_msgs/msg/detail/robot_state__rosidl_typesupport_fastrtps_c.h
[0.700s] -- Up-to-date symlink: /home/aaa/rokey_c_2_ws/install/serving_robot_msgs/include/serving_robot_msgs/serving_robot_msgs/msg/detail/total_price2_c__rosidl_typesupport_fastrtps_c.h
[0.700s] -- Up-to-date symlink: /home/aaa/rokey_c_2_ws/install/serving_robot_msgs/include/serving_robot_msgs/serving_robot_msgs/msg/rosidl_typesupport_fastrtps_c__visibility_control.h
[0.700s] -- Up-to-date symlink: /home/aaa/rokey_c_2_ws/install/serving_robot_msgs/include/serving_robot_msgs/serving_robot_msgs/srv/detail/t2_c__rosidl_typesupport_fastrtps_c.h
[0.701s] -- Up-to-date symlink: /home/aaa/rokey_c_2_ws/install/serving_robot_msgs/include/serving_robot_msgs/serving_robot_msgs/action/c2_r.hpp
[0.702s] -- Up-to-date symlink: /home/aaa/rokey_c_2_ws/install/serving_robot_msgs/include/serving_robot_msgs/serving_robot_msgs/action/detail/c2_r__builder.hpp
[0.702s] -- Up-to-date symlink: /home/aaa/rokey_c_2_ws/install/serving_robot_msgs/include/serving_robot_msgs/serving_robot_msgs/action/detail/c2_r__struct.hpp
[0.702s] -- Up-to-date symlink: /home/aaa/rokey_c_2_ws/install/serving_robot_msgs/include/serving_robot_msgs/serving_robot_msgs/action/detail/c2_r__traits.hpp
[0.702s] -- Up-to-date symlink: /home/aaa/rokey_c_2_ws/install/serving_robot_msgs/include/serving_robot_msgs/serving_robot_msgs/msg/detail/robot_state__builder.hpp
[0.702s] -- Up-to-date symlink: /home/aaa/rokey_c_2_ws/install/serving_robot_msgs/include/serving_robot_msgs/serving_robot_msgs/msg/detail/robot_state__struct.hpp
[0.702s] -- Up-to-date symlink: /home/aaa/rokey_c_2_ws/install/serving_robot_msgs/include/serving_robot_msgs/serving_robot_msgs/msg/detail/robot_state__traits.hpp
[0.703s] -- Up-to-date symlink: /home/aaa/rokey_c_2_ws/install/serving_robot_msgs/include/serving_robot_msgs/serving_robot_msgs/msg/detail/total_price2_c__builder.hpp
[0.703s] -- Up-to-date symlink: /home/aaa/rokey_c_2_ws/install/serving_robot_msgs/include/serving_robot_msgs/serving_robot_msgs/msg/detail/total_price2_c__struct.hpp
[0.705s] -- Up-to-date symlink: /home/aaa/rokey_c_2_ws/install/serving_robot_msgs/include/serving_robot_msgs/serving_robot_msgs/msg/detail/total_price2_c__traits.hpp
[0.705s] -- Up-to-date symlink: /home/aaa/rokey_c_2_ws/install/serving_robot_msgs/include/serving_robot_msgs/serving_robot_msgs/msg/robot_state.hpp
[0.705s] -- Up-to-date symlink: /home/aaa/rokey_c_2_ws/install/serving_robot_msgs/include/serving_robot_msgs/serving_robot_msgs/msg/total_price2_c.hpp
[0.705s] -- Up-to-date symlink: /home/aaa/rokey_c_2_ws/install/serving_robot_msgs/include/serving_robot_msgs/serving_robot_msgs/srv/detail/t2_c__builder.hpp
[0.706s] -- Up-to-date symlink: /home/aaa/rokey_c_2_ws/install/serving_robot_msgs/include/serving_robot_msgs/serving_robot_msgs/srv/detail/t2_c__struct.hpp
[0.706s] -- Up-to-date symlink: /home/aaa/rokey_c_2_ws/install/serving_robot_msgs/include/serving_robot_msgs/serving_robot_msgs/srv/detail/t2_c__traits.hpp
[0.706s] -- Up-to-date symlink: /home/aaa/rokey_c_2_ws/install/serving_robot_msgs/include/serving_robot_msgs/serving_robot_msgs/srv/t2_c.hpp
[0.708s] -- Up-to-date symlink: /home/aaa/rokey_c_2_ws/install/serving_robot_msgs/include/serving_robot_msgs/serving_robot_msgs/action/detail/c2_r__rosidl_typesupport_fastrtps_cpp.hpp
[0.709s] -- Up-to-date symlink: /home/aaa/rokey_c_2_ws/install/serving_robot_msgs/include/serving_robot_msgs/serving_robot_msgs/msg/detail/robot_state__rosidl_typesupport_fastrtps_cpp.hpp
[0.709s] -- Up-to-date symlink: /home/aaa/rokey_c_2_ws/install/serving_robot_msgs/include/serving_robot_msgs/serving_robot_msgs/msg/detail/total_price2_c__rosidl_typesupport_fastrtps_cpp.hpp
[0.710s] -- Up-to-date symlink: /home/aaa/rokey_c_2_ws/install/serving_robot_msgs/include/serving_robot_msgs/serving_robot_msgs/msg/rosidl_typesupport_fastrtps_cpp__visibility_control.h
[0.711s] -- Up-to-date symlink: /home/aaa/rokey_c_2_ws/install/serving_robot_msgs/include/serving_robot_msgs/serving_robot_msgs/srv/detail/t2_c__rosidl_typesupport_fastrtps_cpp.hpp
[0.711s] -- Up-to-date symlink: /home/aaa/rokey_c_2_ws/install/serving_robot_msgs/include/serving_robot_msgs/serving_robot_msgs/action/detail/c2_r__rosidl_typesupport_introspection_c.h
[0.711s] -- Up-to-date symlink: /home/aaa/rokey_c_2_ws/install/serving_robot_msgs/include/serving_robot_msgs/serving_robot_msgs/msg/detail/robot_state__rosidl_typesupport_introspection_c.h
[0.711s] -- Up-to-date symlink: /home/aaa/rokey_c_2_ws/install/serving_robot_msgs/include/serving_robot_msgs/serving_robot_msgs/msg/detail/total_price2_c__rosidl_typesupport_introspection_c.h
[0.711s] -- Up-to-date symlink: /home/aaa/rokey_c_2_ws/install/serving_robot_msgs/include/serving_robot_msgs/serving_robot_msgs/msg/rosidl_typesupport_introspection_c__visibility_control.h
[0.711s] -- Up-to-date symlink: /home/aaa/rokey_c_2_ws/install/serving_robot_msgs/include/serving_robot_msgs/serving_robot_msgs/srv/detail/t2_c__rosidl_typesupport_introspection_c.h
[0.711s] -- Up-to-date symlink: /home/aaa/rokey_c_2_ws/install/serving_robot_msgs/include/serving_robot_msgs/serving_robot_msgs/action/detail/c2_r__rosidl_typesupport_introspection_cpp.hpp
[0.711s] -- Up-to-date symlink: /home/aaa/rokey_c_2_ws/install/serving_robot_msgs/include/serving_robot_msgs/serving_robot_msgs/msg/detail/robot_state__rosidl_typesupport_introspection_cpp.hpp
[0.711s] -- Up-to-date symlink: /home/aaa/rokey_c_2_ws/install/serving_robot_msgs/include/serving_robot_msgs/serving_robot_msgs/msg/detail/total_price2_c__rosidl_typesupport_introspection_cpp.hpp
[0.712s] -- Up-to-date symlink: /home/aaa/rokey_c_2_ws/install/serving_robot_msgs/include/serving_robot_msgs/serving_robot_msgs/srv/detail/t2_c__rosidl_typesupport_introspection_cpp.hpp
[0.712s] -- Up-to-date symlink: /home/aaa/rokey_c_2_ws/install/serving_robot_msgs/share/serving_robot_msgs/environment/pythonpath.sh
[0.712s] -- Up-to-date symlink: /home/aaa/rokey_c_2_ws/install/serving_robot_msgs/share/serving_robot_msgs/environment/pythonpath.dsv
[0.712s] -- Up-to-date symlink: /home/aaa/rokey_c_2_ws/install/serving_robot_msgs/local/lib/python3.10/dist-packages/serving_robot_msgs-0.0.0-py3.10.egg-info/PKG-INFO
[0.713s] -- Up-to-date symlink: /home/aaa/rokey_c_2_ws/install/serving_robot_msgs/local/lib/python3.10/dist-packages/serving_robot_msgs-0.0.0-py3.10.egg-info/SOURCES.txt
[0.713s] -- Up-to-date symlink: /home/aaa/rokey_c_2_ws/install/serving_robot_msgs/local/lib/python3.10/dist-packages/serving_robot_msgs-0.0.0-py3.10.egg-info/dependency_links.txt
[0.713s] -- Up-to-date symlink: /home/aaa/rokey_c_2_ws/install/serving_robot_msgs/local/lib/python3.10/dist-packages/serving_robot_msgs-0.0.0-py3.10.egg-info/top_level.txt
[0.713s] -- Up-to-date symlink: /home/aaa/rokey_c_2_ws/install/serving_robot_msgs/local/lib/python3.10/dist-packages/serving_robot_msgs/__init__.py
[0.714s] -- Up-to-date symlink: /home/aaa/rokey_c_2_ws/install/serving_robot_msgs/local/lib/python3.10/dist-packages/serving_robot_msgs/_serving_robot_msgs_s.ep.rosidl_typesupport_c.c
[0.714s] -- Up-to-date symlink: /home/aaa/rokey_c_2_ws/install/serving_robot_msgs/local/lib/python3.10/dist-packages/serving_robot_msgs/_serving_robot_msgs_s.ep.rosidl_typesupport_fastrtps_c.c
[0.714s] -- Up-to-date symlink: /home/aaa/rokey_c_2_ws/install/serving_robot_msgs/local/lib/python3.10/dist-packages/serving_robot_msgs/_serving_robot_msgs_s.ep.rosidl_typesupport_introspection_c.c
[0.714s] -- Up-to-date symlink: /home/aaa/rokey_c_2_ws/install/serving_robot_msgs/local/lib/python3.10/dist-packages/serving_robot_msgs/action/__init__.py
[0.714s] -- Up-to-date symlink: /home/aaa/rokey_c_2_ws/install/serving_robot_msgs/local/lib/python3.10/dist-packages/serving_robot_msgs/action/_c2_r.py
[0.714s] -- Up-to-date symlink: /home/aaa/rokey_c_2_ws/install/serving_robot_msgs/local/lib/python3.10/dist-packages/serving_robot_msgs/action/_c2_r_s.c
[0.714s] -- Up-to-date symlink: /home/aaa/rokey_c_2_ws/install/serving_robot_msgs/local/lib/python3.10/dist-packages/serving_robot_msgs/libserving_robot_msgs__rosidl_generator_py.so
[0.714s] -- Up-to-date symlink: /home/aaa/rokey_c_2_ws/install/serving_robot_msgs/local/lib/python3.10/dist-packages/serving_robot_msgs/msg/__init__.py
[0.714s] -- Up-to-date symlink: /home/aaa/rokey_c_2_ws/install/serving_robot_msgs/local/lib/python3.10/dist-packages/serving_robot_msgs/msg/_robot_state.py
[0.714s] -- Up-to-date symlink: /home/aaa/rokey_c_2_ws/install/serving_robot_msgs/local/lib/python3.10/dist-packages/serving_robot_msgs/msg/_robot_state_s.c
[0.714s] -- Up-to-date symlink: /home/aaa/rokey_c_2_ws/install/serving_robot_msgs/local/lib/python3.10/dist-packages/serving_robot_msgs/msg/_total_price2_c.py
[0.715s] -- Up-to-date symlink: /home/aaa/rokey_c_2_ws/install/serving_robot_msgs/local/lib/python3.10/dist-packages/serving_robot_msgs/msg/_total_price2_c_s.c
[0.715s] -- Up-to-date symlink: /home/aaa/rokey_c_2_ws/install/serving_robot_msgs/local/lib/python3.10/dist-packages/serving_robot_msgs/serving_robot_msgs_s__rosidl_typesupport_c.cpython-310-x86_64-linux-gnu.so
[0.715s] -- Up-to-date symlink: /home/aaa/rokey_c_2_ws/install/serving_robot_msgs/local/lib/python3.10/dist-packages/serving_robot_msgs/serving_robot_msgs_s__rosidl_typesupport_fastrtps_c.cpython-310-x86_64-linux-gnu.so
[0.715s] -- Up-to-date symlink: /home/aaa/rokey_c_2_ws/install/serving_robot_msgs/local/lib/python3.10/dist-packages/serving_robot_msgs/serving_robot_msgs_s__rosidl_typesupport_introspection_c.cpython-310-x86_64-linux-gnu.so
[0.715s] -- Up-to-date symlink: /home/aaa/rokey_c_2_ws/install/serving_robot_msgs/local/lib/python3.10/dist-packages/serving_robot_msgs/srv/__init__.py
[0.715s] -- Up-to-date symlink: /home/aaa/rokey_c_2_ws/install/serving_robot_msgs/local/lib/python3.10/dist-packages/serving_robot_msgs/srv/_t2_c.py
[0.715s] -- Up-to-date symlink: /home/aaa/rokey_c_2_ws/install/serving_robot_msgs/local/lib/python3.10/dist-packages/serving_robot_msgs/srv/_t2_c_s.c
[0.715s] -- Up-to-date symlink: /home/aaa/rokey_c_2_ws/install/serving_robot_msgs/local/lib/python3.10/dist-packages/serving_robot_msgs/serving_robot_msgs_s__rosidl_typesupport_fastrtps_c.cpython-310-x86_64-linux-gnu.so
[0.715s] -- Up-to-date symlink: /home/aaa/rokey_c_2_ws/install/serving_robot_msgs/local/lib/python3.10/dist-packages/serving_robot_msgs/serving_robot_msgs_s__rosidl_typesupport_introspection_c.cpython-310-x86_64-linux-gnu.so
[0.716s] -- Up-to-date symlink: /home/aaa/rokey_c_2_ws/install/serving_robot_msgs/local/lib/python3.10/dist-packages/serving_robot_msgs/serving_robot_msgs_s__rosidl_typesupport_c.cpython-310-x86_64-linux-gnu.so
[0.716s] -- Up-to-date symlink: /home/aaa/rokey_c_2_ws/install/serving_robot_msgs/share/serving_robot_msgs/msg/RobotState.idl
[0.716s] -- Up-to-date symlink: /home/aaa/rokey_c_2_ws/install/serving_robot_msgs/share/serving_robot_msgs/msg/TotalPrice2C.idl
[0.716s] -- Up-to-date symlink: /home/aaa/rokey_c_2_ws/install/serving_robot_msgs/share/serving_robot_msgs/srv/T2C.idl
[0.716s] -- Up-to-date symlink: /home/aaa/rokey_c_2_ws/install/serving_robot_msgs/share/serving_robot_msgs/action/C2R.idl
[0.716s] -- Up-to-date symlink: /home/aaa/rokey_c_2_ws/install/serving_robot_msgs/share/serving_robot_msgs/msg/RobotState.msg
[0.716s] -- Up-to-date symlink: /home/aaa/rokey_c_2_ws/install/serving_robot_msgs/share/serving_robot_msgs/msg/TotalPrice2C.msg
[0.716s] -- Up-to-date symlink: /home/aaa/rokey_c_2_ws/install/serving_robot_msgs/share/serving_robot_msgs/srv/T2C.srv
[0.716s] -- Up-to-date symlink: /home/aaa/rokey_c_2_ws/install/serving_robot_msgs/share/serving_robot_msgs/srv/T2C_Request.msg
[0.716s] -- Up-to-date symlink: /home/aaa/rokey_c_2_ws/install/serving_robot_msgs/share/serving_robot_msgs/srv/T2C_Response.msg
[0.716s] -- Up-to-date symlink: /home/aaa/rokey_c_2_ws/install/serving_robot_msgs/share/serving_robot_msgs/action/C2R.action
[0.716s] -- Up-to-date symlink: /home/aaa/rokey_c_2_ws/install/serving_robot_msgs/share/ament_index/resource_index/package_run_dependencies/serving_robot_msgs
[0.716s] -- Up-to-date symlink: /home/aaa/rokey_c_2_ws/install/serving_robot_msgs/share/ament_index/resource_index/parent_prefix_path/serving_robot_msgs
[0.717s] -- Up-to-date symlink: /home/aaa/rokey_c_2_ws/install/serving_robot_msgs/share/serving_robot_msgs/environment/ament_prefix_path.sh
[0.717s] -- Up-to-date symlink: /home/aaa/rokey_c_2_ws/install/serving_robot_msgs/share/serving_robot_msgs/environment/ament_prefix_path.dsv
[0.717s] -- Up-to-date symlink: /home/aaa/rokey_c_2_ws/install/serving_robot_msgs/share/serving_robot_msgs/environment/path.sh
[0.717s] -- Up-to-date symlink: /home/aaa/rokey_c_2_ws/install/serving_robot_msgs/share/serving_robot_msgs/environment/path.dsv
[0.717s] -- Up-to-date symlink: /home/aaa/rokey_c_2_ws/install/serving_robot_msgs/share/serving_robot_msgs/local_setup.bash
[0.717s] -- Up-to-date symlink: /home/aaa/rokey_c_2_ws/install/serving_robot_msgs/share/serving_robot_msgs/local_setup.sh
[0.717s] -- Up-to-date symlink: /home/aaa/rokey_c_2_ws/install/serving_robot_msgs/share/serving_robot_msgs/local_setup.zsh
[0.717s] -- Up-to-date symlink: /home/aaa/rokey_c_2_ws/install/serving_robot_msgs/share/serving_robot_msgs/local_setup.dsv
[0.717s] -- Symlinking: /home/aaa/rokey_c_2_ws/install/serving_robot_msgs/share/serving_robot_msgs/package.dsv
[0.724s] -- Up-to-date symlink: /home/aaa/rokey_c_2_ws/install/serving_robot_msgs/share/ament_index/resource_index/packages/serving_robot_msgs
[0.724s] -- Up-to-date symlink: /home/aaa/rokey_c_2_ws/install/serving_robot_msgs/share/serving_robot_msgs/cmake/rosidl_cmake-extras.cmake
[0.724s] -- Up-to-date symlink: /home/aaa/rokey_c_2_ws/install/serving_robot_msgs/share/serving_robot_msgs/cmake/ament_cmake_export_dependencies-extras.cmake
[0.724s] -- Up-to-date symlink: /home/aaa/rokey_c_2_ws/install/serving_robot_msgs/share/serving_robot_msgs/cmake/ament_cmake_export_include_directories-extras.cmake
[0.724s] -- Up-to-date symlink: /home/aaa/rokey_c_2_ws/install/serving_robot_msgs/share/serving_robot_msgs/cmake/ament_cmake_export_libraries-extras.cmake
[0.724s] -- Up-to-date symlink: /home/aaa/rokey_c_2_ws/install/serving_robot_msgs/share/serving_robot_msgs/cmake/ament_cmake_export_targets-extras.cmake
[0.725s] -- Up-to-date symlink: /home/aaa/rokey_c_2_ws/install/serving_robot_msgs/share/serving_robot_msgs/cmake/rosidl_cmake_export_typesupport_targets-extras.cmake
[0.725s] -- Up-to-date symlink: /home/aaa/rokey_c_2_ws/install/serving_robot_msgs/share/serving_robot_msgs/cmake/rosidl_cmake_export_typesupport_libraries-extras.cmake
[0.725s] -- Up-to-date symlink: /home/aaa/rokey_c_2_ws/install/serving_robot_msgs/share/serving_robot_msgs/cmake/serving_robot_msgsConfig.cmake
[0.728s] -- Up-to-date symlink: /home/aaa/rokey_c_2_ws/install/serving_robot_msgs/share/serving_robot_msgs/cmake/serving_robot_msgsConfig-version.cmake
[0.728s] -- Up-to-date symlink: /home/aaa/rokey_c_2_ws/install/serving_robot_msgs/share/serving_robot_msgs/package.xml
[0.728s] -- Up-to-date: /home/aaa/rokey_c_2_ws/install/serving_robot_msgs/lib/libserving_robot_msgs__rosidl_generator_c.so
[0.728s] -- Up-to-date: /home/aaa/rokey_c_2_ws/install/serving_robot_msgs/lib/libserving_robot_msgs__rosidl_typesupport_fastrtps_c.so
[0.728s] -- Up-to-date: /home/aaa/rokey_c_2_ws/install/serving_robot_msgs/lib/libserving_robot_msgs__rosidl_typesupport_fastrtps_cpp.so
[0.728s] -- Up-to-date: /home/aaa/rokey_c_2_ws/install/serving_robot_msgs/lib/libserving_robot_msgs__rosidl_typesupport_introspection_c.so
[0.729s] -- Up-to-date: /home/aaa/rokey_c_2_ws/install/serving_robot_msgs/lib/libserving_robot_msgs__rosidl_typesupport_c.so
[0.729s] -- Up-to-date: /home/aaa/rokey_c_2_ws/install/serving_robot_msgs/lib/libserving_robot_msgs__rosidl_typesupport_introspection_cpp.so
[0.729s] -- Up-to-date: /home/aaa/rokey_c_2_ws/install/serving_robot_msgs/lib/libserving_robot_msgs__rosidl_typesupport_cpp.so
[0.764s] Listing '/home/aaa/rokey_c_2_ws/install/serving_robot_msgs/local/lib/python3.10/dist-packages/serving_robot_msgs'...
[0.764s] Listing '/home/aaa/rokey_c_2_ws/install/serving_robot_msgs/local/lib/python3.10/dist-packages/serving_robot_msgs/action'...
[0.764s] Listing '/home/aaa/rokey_c_2_ws/install/serving_robot_msgs/local/lib/python3.10/dist-packages/serving_robot_msgs/msg'...
[0.764s] Listing '/home/aaa/rokey_c_2_ws/install/serving_robot_msgs/local/lib/python3.10/dist-packages/serving_robot_msgs/srv'...
[0.768s] -- Up-to-date: /home/aaa/rokey_c_2_ws/install/serving_robot_msgs/lib/libserving_robot_msgs__rosidl_generator_py.so
[0.768s] -- Up-to-date: /home/aaa/rokey_c_2_ws/install/serving_robot_msgs/share/serving_robot_msgs/cmake/export_serving_robot_msgs__rosidl_generator_cExport.cmake
[0.769s] -- Up-to-date: /home/aaa/rokey_c_2_ws/install/serving_robot_msgs/share/serving_robot_msgs/cmake/export_serving_robot_msgs__rosidl_generator_cExport-noconfig.cmake
[0.769s] -- Up-to-date: /home/aaa/rokey_c_2_ws/install/serving_robot_msgs/share/serving_robot_msgs/cmake/export_serving_robot_msgs__rosidl_typesupport_fastrtps_cExport.cmake
[0.769s] -- Up-to-date: /home/aaa/rokey_c_2_ws/install/serving_robot_msgs/share/serving_robot_msgs/cmake/export_serving_robot_msgs__rosidl_typesupport_fastrtps_cExport-noconfig.cmake
[0.769s] -- Up-to-date: /home/aaa/rokey_c_2_ws/install/serving_robot_msgs/share/serving_robot_msgs/cmake/export_serving_robot_msgs__rosidl_generator_cppExport.cmake
[0.769s] -- Up-to-date: /home/aaa/rokey_c_2_ws/install/serving_robot_msgs/share/serving_robot_msgs/cmake/export_serving_robot_msgs__rosidl_typesupport_fastrtps_cppExport.cmake
[0.770s] -- Up-to-date: /home/aaa/rokey_c_2_ws/install/serving_robot_msgs/share/serving_robot_msgs/cmake/export_serving_robot_msgs__rosidl_typesupport_fastrtps_cppExport-noconfig.cmake
[0.770s] -- Up-to-date: /home/aaa/rokey_c_2_ws/install/serving_robot_msgs/share/serving_robot_msgs/cmake/serving_robot_msgs__rosidl_typesupport_introspection_cExport.cmake
[0.770s] -- Up-to-date: /home/aaa/rokey_c_2_ws/install/serving_robot_msgs/share/serving_robot_msgs/cmake/serving_robot_msgs__rosidl_typesupport_introspection_cExport-noconfig.cmake
[0.770s] -- Up-to-date: /home/aaa/rokey_c_2_ws/install/serving_robot_msgs/share/serving_robot_msgs/cmake/serving_robot_msgs__rosidl_typesupport_cExport.cmake
[0.770s] -- Up-to-date: /home/aaa/rokey_c_2_ws/install/serving_robot_msgs/share/serving_robot_msgs/cmake/serving_robot_msgs__rosidl_typesupport_cExport-noconfig.cmake
[0.770s] -- Up-to-date: /home/aaa/rokey_c_2_ws/install/serving_robot_msgs/share/serving_robot_msgs/cmake/serving_robot_msgs__rosidl_typesupport_introspection_cppExport.cmake
[0.770s] -- Up-to-date: /home/aaa/rokey_c_2_ws/install/serving_robot_msgs/share/serving_robot_msgs/cmake/serving_robot_msgs__rosidl_typesupport_introspection_cppExport-noconfig.cmake
[0.770s] -- Up-to-date: /home/aaa/rokey_c_2_ws/install/serving_robot_msgs/share/serving_robot_msgs/cmake/serving_robot_msgs__rosidl_typesupport_cppExport.cmake
[0.770s] -- Up-to-date: /home/aaa/rokey_c_2_ws/install/serving_robot_msgs/share/serving_robot_msgs/cmake/serving_robot_msgs__rosidl_typesupport_cppExport-noconfig.cmake
[0.770s] -- Up-to-date: /home/aaa/rokey_c_2_ws/install/serving_robot_msgs/share/serving_robot_msgs/cmake/export_serving_robot_msgs__rosidl_generator_pyExport.cmake
[0.770s] -- Up-to-date: /home/aaa/rokey_c_2_ws/install/serving_robot_msgs/share/serving_robot_msgs/cmake/export_serving_robot_msgs__rosidl_generator_pyExport-noconfig.cmake
[0.773s] Invoked command in '/home/aaa/rokey_c_2_ws/build/serving_robot_msgs' returned '0': CMAKE_PREFIX_PATH=${CMAKE_PREFIX_PATH}:/home/aaa/rokey_c_2_ws/install/table_order:/home/aaa/rokey_c_2_ws/install/serving_robot:/home/aaa/rokey_c_2_ws/install/database:/opt/ros/humble /usr/bin/cmake --install /home/aaa/rokey_c_2_ws/build/serving_robot_msgs
