[3.199s] Invoking command in '/home/psb/rokey_c_2_ws/src/database': PYTHONPATH=/home/psb/rokey_c_2_ws/build/database/prefix_override:/usr/lib/python3/dist-packages/colcon_core/task/python/colcon_distutils_commands:/home/psb/rokey_c_2_ws/install/database/lib/python3.10/site-packages:${PYTHONPATH} /usr/bin/python3 -W ignore:setup.py install is deprecated setup.py egg_info --egg-base ../../build/database build --build-base /home/psb/rokey_c_2_ws/build/database/build install --record /home/psb/rokey_c_2_ws/build/database/install.log --single-version-externally-managed install_data
[4.159s] running egg_info
[4.161s] writing ../../build/database/database.egg-info/PKG-INFO
[4.161s] writing dependency_links to ../../build/database/database.egg-info/dependency_links.txt
[4.162s] writing entry points to ../../build/database/database.egg-info/entry_points.txt
[4.162s] writing requirements to ../../build/database/database.egg-info/requires.txt
[4.162s] writing top-level names to ../../build/database/database.egg-info/top_level.txt
[4.166s] reading manifest file '../../build/database/database.egg-info/SOURCES.txt'
[4.167s] writing manifest file '../../build/database/database.egg-info/SOURCES.txt'
[4.167s] running build
[4.167s] running build_py
[4.168s] running install
[4.169s] running install_lib
[4.171s] running install_data
[4.172s] running install_egg_info
[4.176s] removing '/home/psb/rokey_c_2_ws/install/database/lib/python3.10/site-packages/database-0.0.0-py3.10.egg-info' (and everything under it)
[4.176s] Copying ../../build/database/database.egg-info to /home/psb/rokey_c_2_ws/install/database/lib/python3.10/site-packages/database-0.0.0-py3.10.egg-info
[4.178s] running install_scripts
[4.223s] Installing database_server script to /home/psb/rokey_c_2_ws/install/database/lib/database
[4.223s] Installing test_database_server script to /home/psb/rokey_c_2_ws/install/database/lib/database
[4.224s] writing list of installed files to '/home/psb/rokey_c_2_ws/build/database/install.log'
[4.278s] Invoked command in '/home/psb/rokey_c_2_ws/src/database' returned '0': PYTHONPATH=/home/psb/rokey_c_2_ws/build/database/prefix_override:/usr/lib/python3/dist-packages/colcon_core/task/python/colcon_distutils_commands:/home/psb/rokey_c_2_ws/install/database/lib/python3.10/site-packages:${PYTHONPATH} /usr/bin/python3 -W ignore:setup.py install is deprecated setup.py egg_info --egg-base ../../build/database build --build-base /home/psb/rokey_c_2_ws/build/database/build install --record /home/psb/rokey_c_2_ws/build/database/install.log --single-version-externally-managed install_data
