[2.115s] Invoking command in '/home/psb/rokey_c_2_ws/src/database': PYTHONPATH=/home/psb/rokey_c_2_ws/build/database/prefix_override:/usr/lib/python3/dist-packages/colcon_core/task/python/colcon_distutils_commands:/home/psb/rokey_c_2_ws/install/database/lib/python3.10/site-packages:${PYTHONPATH} /usr/bin/python3 -W ignore:setup.py install is deprecated setup.py egg_info --egg-base ../../build/database build --build-base /home/psb/rokey_c_2_ws/build/database/build install --record /home/psb/rokey_c_2_ws/build/database/install.log --single-version-externally-managed install_data
[2.544s] running egg_info
[2.545s] writing ../../build/database/database.egg-info/PKG-INFO
[2.545s] writing dependency_links to ../../build/database/database.egg-info/dependency_links.txt
[2.546s] writing entry points to ../../build/database/database.egg-info/entry_points.txt
[2.546s] writing requirements to ../../build/database/database.egg-info/requires.txt
[2.546s] writing top-level names to ../../build/database/database.egg-info/top_level.txt
[2.549s] reading manifest file '../../build/database/database.egg-info/SOURCES.txt'
[2.550s] writing manifest file '../../build/database/database.egg-info/SOURCES.txt'
[2.551s] running build
[2.551s] running build_py
[2.552s] running install
[2.552s] running install_lib
[2.554s] running install_data
[2.554s] running install_egg_info
[2.557s] removing '/home/psb/rokey_c_2_ws/install/database/lib/python3.10/site-packages/database-0.0.0-py3.10.egg-info' (and everything under it)
[2.558s] Copying ../../build/database/database.egg-info to /home/psb/rokey_c_2_ws/install/database/lib/python3.10/site-packages/database-0.0.0-py3.10.egg-info
[2.559s] running install_scripts
[2.593s] Installing database_server script to /home/psb/rokey_c_2_ws/install/database/lib/database
[2.593s] Installing test_database_server script to /home/psb/rokey_c_2_ws/install/database/lib/database
[2.594s] writing list of installed files to '/home/psb/rokey_c_2_ws/build/database/install.log'
[2.632s] Invoked command in '/home/psb/rokey_c_2_ws/src/database' returned '0': PYTHONPATH=/home/psb/rokey_c_2_ws/build/database/prefix_override:/usr/lib/python3/dist-packages/colcon_core/task/python/colcon_distutils_commands:/home/psb/rokey_c_2_ws/install/database/lib/python3.10/site-packages:${PYTHONPATH} /usr/bin/python3 -W ignore:setup.py install is deprecated setup.py egg_info --egg-base ../../build/database build --build-base /home/psb/rokey_c_2_ws/build/database/build install --record /home/psb/rokey_c_2_ws/build/database/install.log --single-version-externally-managed install_data
