[1.125s] Invoking command in '/home/g1/rokey_c2_ws/build/c2_turtle_order_package': PYTHONPATH=/home/g1/rokey_c2_ws/build/c2_turtle_order_package/prefix_override:/usr/lib/python3/dist-packages/colcon_core/task/python/colcon_distutils_commands:/home/g1/rokey_c2_ws/install/c2_turtle_order_package/lib/python3.10/site-packages:${PYTHONPATH} /usr/bin/python3 -W ignore:setup.py install is deprecated setup.py develop --editable --build-directory /home/g1/rokey_c2_ws/build/c2_turtle_order_package/build --no-deps symlink_data
[1.464s] running develop
[1.724s] running egg_info
[1.724s] creating c2_turtle_order_package.egg-info
[1.726s] writing c2_turtle_order_package.egg-info/PKG-INFO
[1.726s] writing dependency_links to c2_turtle_order_package.egg-info/dependency_links.txt
[1.727s] writing entry points to c2_turtle_order_package.egg-info/entry_points.txt
[1.727s] writing requirements to c2_turtle_order_package.egg-info/requires.txt
[1.734s] writing top-level names to c2_turtle_order_package.egg-info/top_level.txt
[1.734s] writing manifest file 'c2_turtle_order_package.egg-info/SOURCES.txt'
[1.736s] reading manifest file 'c2_turtle_order_package.egg-info/SOURCES.txt'
[1.738s] writing manifest file 'c2_turtle_order_package.egg-info/SOURCES.txt'
[1.742s] running build_ext
[1.742s] Creating /home/g1/rokey_c2_ws/install/c2_turtle_order_package/lib/python3.10/site-packages/c2-turtle-order-package.egg-link (link to .)
[1.748s] Installing order_client = c2_turtle_order_package.order_client:maintotal_sales_client script to /home/g1/rokey_c2_ws/install/c2_turtle_order_package/lib/c2_turtle_order_package
[1.748s] Installing order_saver script to /home/g1/rokey_c2_ws/install/c2_turtle_order_package/lib/c2_turtle_order_package
[1.748s] 
[1.748s] Installed /home/g1/rokey_c2_ws/build/c2_turtle_order_package
[1.749s] running symlink_data
[1.749s] creating /home/g1/rokey_c2_ws/install/c2_turtle_order_package/share/ament_index
[1.749s] creating /home/g1/rokey_c2_ws/install/c2_turtle_order_package/share/ament_index/resource_index
[1.749s] creating /home/g1/rokey_c2_ws/install/c2_turtle_order_package/share/ament_index/resource_index/packages
[1.749s] symbolically linking /home/g1/rokey_c2_ws/build/c2_turtle_order_package/resource/c2_turtle_order_package -> /home/g1/rokey_c2_ws/install/c2_turtle_order_package/share/ament_index/resource_index/packages
[1.749s] symbolically linking /home/g1/rokey_c2_ws/build/c2_turtle_order_package/package.xml -> /home/g1/rokey_c2_ws/install/c2_turtle_order_package/share/c2_turtle_order_package
[1.806s] Invoked command in '/home/g1/rokey_c2_ws/build/c2_turtle_order_package' returned '0': PYTHONPATH=/home/g1/rokey_c2_ws/build/c2_turtle_order_package/prefix_override:/usr/lib/python3/dist-packages/colcon_core/task/python/colcon_distutils_commands:/home/g1/rokey_c2_ws/install/c2_turtle_order_package/lib/python3.10/site-packages:${PYTHONPATH} /usr/bin/python3 -W ignore:setup.py install is deprecated setup.py develop --editable --build-directory /home/g1/rokey_c2_ws/build/c2_turtle_order_package/build --no-deps symlink_data
