[0.794s] Invoking command in '/home/aaa/rokey_c_2_ws/src/table_order': AMENT_PREFIX_PATH=/home/aaa/rokey_c_2_ws/install/table_order_interface:${AMENT_PREFIX_PATH} CMAKE_PREFIX_PATH=/home/aaa/rokey_c_2_ws/install/table_order_interface:${CMAKE_PREFIX_PATH} LD_LIBRARY_PATH=/home/aaa/rokey_c_2_ws/install/table_order_interface/lib:/home/aaa/serving_robot_ws/install/turtlebot3_msgs/lib:/home/aaa/serving_robot_ws/install/serving_robot_msgs/lib:/home/aaa/serving_robot_ws/install/nav_interfaces/lib:/home/aaa/serving_robot_ws/install/calculator_interfaces/lib:/usr/lib/x86_64-linux-gnu/gazebo-11/plugins:/opt/ros/humble/opt/rviz_ogre_vendor/lib:/opt/ros/humble/lib/x86_64-linux-gnu:/opt/ros/humble/lib:/usr/share/gazebo/../../lib/x86_64-linux-gnu/gazebo-11/plugins:/usr/share/gazebo/../../lib/x86_64-linux-gnu/gazebo-11/plugins:/usr/share/gazebo/../../lib/x86_64-linux-gnu/gazebo-11/plugins PYTHONPATH=/home/aaa/rokey_c_2_ws/build/table_order/prefix_override:/usr/lib/python3/dist-packages/colcon_core/task/python/colcon_distutils_commands:/home/aaa/rokey_c_2_ws/install/table_order/lib/python3.10/site-packages:/home/aaa/rokey_c_2_ws/install/table_order_interface/local/lib/python3.10/dist-packages:${PYTHONPATH} /usr/bin/python3 -W ignore:setup.py install is deprecated setup.py egg_info --egg-base ../../build/table_order build --build-base /home/aaa/rokey_c_2_ws/build/table_order/build install --record /home/aaa/rokey_c_2_ws/build/table_order/install.log --single-version-externally-managed install_data
[1.177s] running egg_info
[1.178s] creating ../../build/table_order/table_order.egg-info
[1.178s] writing ../../build/table_order/table_order.egg-info/PKG-INFO
[1.178s] writing dependency_links to ../../build/table_order/table_order.egg-info/dependency_links.txt
[1.179s] writing entry points to ../../build/table_order/table_order.egg-info/entry_points.txt
[1.180s] writing requirements to ../../build/table_order/table_order.egg-info/requires.txt
[1.180s] writing top-level names to ../../build/table_order/table_order.egg-info/top_level.txt
[1.180s] writing manifest file '../../build/table_order/table_order.egg-info/SOURCES.txt'
[1.181s] reading manifest file '../../build/table_order/table_order.egg-info/SOURCES.txt'
[1.182s] writing manifest file '../../build/table_order/table_order.egg-info/SOURCES.txt'
[1.183s] running build
[1.183s] running build_py
[1.183s] creating /home/aaa/rokey_c_2_ws/build/table_order/build
[1.183s] creating /home/aaa/rokey_c_2_ws/build/table_order/build/lib
[1.184s] creating /home/aaa/rokey_c_2_ws/build/table_order/build/lib/table_order
[1.184s] copying table_order/OrderTableCopy.py -> /home/aaa/rokey_c_2_ws/build/table_order/build/lib/table_order
[1.185s] copying table_order/ImageInsert.py -> /home/aaa/rokey_c_2_ws/build/table_order/build/lib/table_order
[1.185s] copying table_order/__init__.py -> /home/aaa/rokey_c_2_ws/build/table_order/build/lib/table_order
[1.185s] copying table_order/test_table_server.py -> /home/aaa/rokey_c_2_ws/build/table_order/build/lib/table_order
[1.185s] copying table_order/response_test.py -> /home/aaa/rokey_c_2_ws/build/table_order/build/lib/table_order
[1.186s] copying table_order/OrderTable.py -> /home/aaa/rokey_c_2_ws/build/table_order/build/lib/table_order
[1.186s] running install
[1.186s] running install_lib
[1.187s] creating /home/aaa/rokey_c_2_ws/install/table_order/lib/python3.10/site-packages/table_order
[1.188s] copying /home/aaa/rokey_c_2_ws/build/table_order/build/lib/table_order/OrderTableCopy.py -> /home/aaa/rokey_c_2_ws/install/table_order/lib/python3.10/site-packages/table_order
[1.188s] copying /home/aaa/rokey_c_2_ws/build/table_order/build/lib/table_order/ImageInsert.py -> /home/aaa/rokey_c_2_ws/install/table_order/lib/python3.10/site-packages/table_order
[1.190s] copying /home/aaa/rokey_c_2_ws/build/table_order/build/lib/table_order/__init__.py -> /home/aaa/rokey_c_2_ws/install/table_order/lib/python3.10/site-packages/table_order
[1.190s] copying /home/aaa/rokey_c_2_ws/build/table_order/build/lib/table_order/test_table_server.py -> /home/aaa/rokey_c_2_ws/install/table_order/lib/python3.10/site-packages/table_order
[1.190s] copying /home/aaa/rokey_c_2_ws/build/table_order/build/lib/table_order/response_test.py -> /home/aaa/rokey_c_2_ws/install/table_order/lib/python3.10/site-packages/table_order
[1.191s] copying /home/aaa/rokey_c_2_ws/build/table_order/build/lib/table_order/OrderTable.py -> /home/aaa/rokey_c_2_ws/install/table_order/lib/python3.10/site-packages/table_order
[1.192s] byte-compiling /home/aaa/rokey_c_2_ws/install/table_order/lib/python3.10/site-packages/table_order/OrderTableCopy.py to OrderTableCopy.cpython-310.pyc
[1.194s] byte-compiling /home/aaa/rokey_c_2_ws/install/table_order/lib/python3.10/site-packages/table_order/ImageInsert.py to ImageInsert.cpython-310.pyc
[1.194s] byte-compiling /home/aaa/rokey_c_2_ws/install/table_order/lib/python3.10/site-packages/table_order/__init__.py to __init__.cpython-310.pyc
[1.194s] byte-compiling /home/aaa/rokey_c_2_ws/install/table_order/lib/python3.10/site-packages/table_order/test_table_server.py to test_table_server.cpython-310.pyc
[1.194s] byte-compiling /home/aaa/rokey_c_2_ws/install/table_order/lib/python3.10/site-packages/table_order/response_test.py to response_test.cpython-310.pyc
[1.195s] byte-compiling /home/aaa/rokey_c_2_ws/install/table_order/lib/python3.10/site-packages/table_order/OrderTable.py to OrderTable.cpython-310.pyc
[1.196s] running install_data
[1.196s] creating /home/aaa/rokey_c_2_ws/install/table_order/share/ament_index
[1.197s] creating /home/aaa/rokey_c_2_ws/install/table_order/share/ament_index/resource_index
[1.197s] creating /home/aaa/rokey_c_2_ws/install/table_order/share/ament_index/resource_index/packages
[1.197s] copying resource/table_order -> /home/aaa/rokey_c_2_ws/install/table_order/share/ament_index/resource_index/packages
[1.197s] copying package.xml -> /home/aaa/rokey_c_2_ws/install/table_order/share/table_order
[1.197s] running install_egg_info
[1.199s] Copying ../../build/table_order/table_order.egg-info to /home/aaa/rokey_c_2_ws/install/table_order/lib/python3.10/site-packages/table_order-0.0.0-py3.10.egg-info
[1.200s] running install_scripts
[1.222s] Installing response_test script to /home/aaa/rokey_c_2_ws/install/table_order/lib/table_order
[1.223s] Installing table_order script to /home/aaa/rokey_c_2_ws/install/table_order/lib/table_order
[1.223s] Installing table_order_copy script to /home/aaa/rokey_c_2_ws/install/table_order/lib/table_order
[1.223s] writing list of installed files to '/home/aaa/rokey_c_2_ws/build/table_order/install.log'
[1.252s] Invoked command in '/home/aaa/rokey_c_2_ws/src/table_order' returned '0': AMENT_PREFIX_PATH=/home/aaa/rokey_c_2_ws/install/table_order_interface:${AMENT_PREFIX_PATH} CMAKE_PREFIX_PATH=/home/aaa/rokey_c_2_ws/install/table_order_interface:${CMAKE_PREFIX_PATH} LD_LIBRARY_PATH=/home/aaa/rokey_c_2_ws/install/table_order_interface/lib:/home/aaa/serving_robot_ws/install/turtlebot3_msgs/lib:/home/aaa/serving_robot_ws/install/serving_robot_msgs/lib:/home/aaa/serving_robot_ws/install/nav_interfaces/lib:/home/aaa/serving_robot_ws/install/calculator_interfaces/lib:/usr/lib/x86_64-linux-gnu/gazebo-11/plugins:/opt/ros/humble/opt/rviz_ogre_vendor/lib:/opt/ros/humble/lib/x86_64-linux-gnu:/opt/ros/humble/lib:/usr/share/gazebo/../../lib/x86_64-linux-gnu/gazebo-11/plugins:/usr/share/gazebo/../../lib/x86_64-linux-gnu/gazebo-11/plugins:/usr/share/gazebo/../../lib/x86_64-linux-gnu/gazebo-11/plugins PYTHONPATH=/home/aaa/rokey_c_2_ws/build/table_order/prefix_override:/usr/lib/python3/dist-packages/colcon_core/task/python/colcon_distutils_commands:/home/aaa/rokey_c_2_ws/install/table_order/lib/python3.10/site-packages:/home/aaa/rokey_c_2_ws/install/table_order_interface/local/lib/python3.10/dist-packages:${PYTHONPATH} /usr/bin/python3 -W ignore:setup.py install is deprecated setup.py egg_info --egg-base ../../build/table_order build --build-base /home/aaa/rokey_c_2_ws/build/table_order/build install --record /home/aaa/rokey_c_2_ws/build/table_order/install.log --single-version-externally-managed install_data
