running develop
running egg_info
creating serving_robot.egg-info
writing serving_robot.egg-info/PKG-INFO
writing dependency_links to serving_robot.egg-info/dependency_links.txt
writing entry points to serving_robot.egg-info/entry_points.txt
writing requirements to serving_robot.egg-info/requires.txt
writing top-level names to serving_robot.egg-info/top_level.txt
writing manifest file 'serving_robot.egg-info/SOURCES.txt'
reading manifest file 'serving_robot.egg-info/SOURCES.txt'
writing manifest file 'serving_robot.egg-info/SOURCES.txt'
running build_ext
Creating /home/g1/rokey_c_2_ws/install/serving_robot/lib/python3.10/site-packages/serving-robot.egg-link (link to .)
Installing action_test script to /home/g1/rokey_c_2_ws/install/serving_robot/lib/serving_robot
Installing control_center script to /home/g1/rokey_c_2_ws/install/serving_robot/lib/serving_robot
Installing robot script to /home/g1/rokey_c_2_ws/install/serving_robot/lib/serving_robot

Installed /home/g1/rokey_c_2_ws/build/serving_robot
running symlink_data
creating /home/g1/rokey_c_2_ws/install/serving_robot/share/ament_index
creating /home/g1/rokey_c_2_ws/install/serving_robot/share/ament_index/resource_index
creating /home/g1/rokey_c_2_ws/install/serving_robot/share/ament_index/resource_index/packages
symbolically linking /home/g1/rokey_c_2_ws/build/serving_robot/resource/serving_robot -> /home/g1/rokey_c_2_ws/install/serving_robot/share/ament_index/resource_index/packages
symbolically linking /home/g1/rokey_c_2_ws/build/serving_robot/package.xml -> /home/g1/rokey_c_2_ws/install/serving_robot/share/serving_robot
