[1.100s] Invoking command in '/home/g1/rokey_c_2_ws/build/serving_robot': AMENT_PREFIX_PATH=/home/g1/rokey_c_2_ws/install/serving_robot_msgs:${AMENT_PREFIX_PATH} CMAKE_PREFIX_PATH=/home/g1/rokey_c_2_ws/install/serving_robot_msgs:${CMAKE_PREFIX_PATH} LD_LIBRARY_PATH=/home/g1/rokey_c_2_ws/install/serving_robot_msgs/lib:/home/g1/work/turtlebot3_ws/install/turtlebot3_msgs/lib:/usr/lib/x86_64-linux-gnu/gazebo-11/plugins:/opt/ros/humble/opt/rviz_ogre_vendor/lib:/opt/ros/humble/lib/x86_64-linux-gnu:/opt/ros/humble/lib:/usr/lib/x86_64-linux-gnu/gazebo-11/plugins PYTHONPATH=/home/g1/rokey_c_2_ws/build/serving_robot/prefix_override:/usr/lib/python3/dist-packages/colcon_core/task/python/colcon_distutils_commands:/home/g1/rokey_c_2_ws/install/serving_robot/lib/python3.10/site-packages:/home/g1/rokey_c_2_ws/install/serving_robot_msgs/local/lib/python3.10/dist-packages:${PYTHONPATH} /usr/bin/python3 -W ignore:setup.py install is deprecated setup.py develop --editable --build-directory /home/g1/rokey_c_2_ws/build/serving_robot/build --no-deps symlink_data
[1.565s] running develop
[1.897s] running egg_info
[1.897s] creating serving_robot.egg-info
[1.897s] writing serving_robot.egg-info/PKG-INFO
[1.898s] writing dependency_links to serving_robot.egg-info/dependency_links.txt
[1.898s] writing entry points to serving_robot.egg-info/entry_points.txt
[1.898s] writing requirements to serving_robot.egg-info/requires.txt
[1.898s] writing top-level names to serving_robot.egg-info/top_level.txt
[1.898s] writing manifest file 'serving_robot.egg-info/SOURCES.txt'
[1.900s] reading manifest file 'serving_robot.egg-info/SOURCES.txt'
[1.901s] writing manifest file 'serving_robot.egg-info/SOURCES.txt'
[1.903s] running build_ext
[1.903s] Creating /home/g1/rokey_c_2_ws/install/serving_robot/lib/python3.10/site-packages/serving-robot.egg-link (link to .)
[1.904s] Installing action_test script to /home/g1/rokey_c_2_ws/install/serving_robot/lib/serving_robot
[1.904s] Installing control_center script to /home/g1/rokey_c_2_ws/install/serving_robot/lib/serving_robot
[1.905s] Installing robot script to /home/g1/rokey_c_2_ws/install/serving_robot/lib/serving_robot
[1.905s] 
[1.905s] Installed /home/g1/rokey_c_2_ws/build/serving_robot
[1.905s] running symlink_data
[1.905s] creating /home/g1/rokey_c_2_ws/install/serving_robot/share/ament_index
[1.905s] creating /home/g1/rokey_c_2_ws/install/serving_robot/share/ament_index/resource_index
[1.905s] creating /home/g1/rokey_c_2_ws/install/serving_robot/share/ament_index/resource_index/packages
[1.905s] symbolically linking /home/g1/rokey_c_2_ws/build/serving_robot/resource/serving_robot -> /home/g1/rokey_c_2_ws/install/serving_robot/share/ament_index/resource_index/packages
[1.905s] symbolically linking /home/g1/rokey_c_2_ws/build/serving_robot/package.xml -> /home/g1/rokey_c_2_ws/install/serving_robot/share/serving_robot
[1.973s] Invoked command in '/home/g1/rokey_c_2_ws/build/serving_robot' returned '0': AMENT_PREFIX_PATH=/home/g1/rokey_c_2_ws/install/serving_robot_msgs:${AMENT_PREFIX_PATH} CMAKE_PREFIX_PATH=/home/g1/rokey_c_2_ws/install/serving_robot_msgs:${CMAKE_PREFIX_PATH} LD_LIBRARY_PATH=/home/g1/rokey_c_2_ws/install/serving_robot_msgs/lib:/home/g1/work/turtlebot3_ws/install/turtlebot3_msgs/lib:/usr/lib/x86_64-linux-gnu/gazebo-11/plugins:/opt/ros/humble/opt/rviz_ogre_vendor/lib:/opt/ros/humble/lib/x86_64-linux-gnu:/opt/ros/humble/lib:/usr/lib/x86_64-linux-gnu/gazebo-11/plugins PYTHONPATH=/home/g1/rokey_c_2_ws/build/serving_robot/prefix_override:/usr/lib/python3/dist-packages/colcon_core/task/python/colcon_distutils_commands:/home/g1/rokey_c_2_ws/install/serving_robot/lib/python3.10/site-packages:/home/g1/rokey_c_2_ws/install/serving_robot_msgs/local/lib/python3.10/dist-packages:${PYTHONPATH} /usr/bin/python3 -W ignore:setup.py install is deprecated setup.py develop --editable --build-directory /home/g1/rokey_c_2_ws/build/serving_robot/build --no-deps symlink_data
