[0.756s] Invoking command in '/home/psb/rokey_c_2_ws/src/table_order': LD_LIBRARY_PATH=/home/psb/rokey_c_2_ws/install/table_order_interface/lib:/home/psb/rokey_c_2_ws/install/serving_robot_msgs/lib:/home/psb/rokey_c_2_ws/install/nav_interfaces/lib:/home/psb/rokey_c_2_ws/install/c2_turtle_interface/lib:/home/psb/turtlebot3_ws/install/turtlebot3_msgs/lib:/usr/lib/x86_64-linux-gnu/gazebo-11/plugins:/opt/ros/humble/opt/rviz_ogre_vendor/lib:/opt/ros/humble/lib/x86_64-linux-gnu:/opt/ros/humble/lib:/usr/lib/x86_64-linux-gnu/gazebo-11/plugins PYTHONPATH=/home/psb/rokey_c_2_ws/build/table_order/prefix_override:/usr/lib/python3/dist-packages/colcon_core/task/python/colcon_distutils_commands:/home/psb/rokey_c_2_ws/install/table_order/lib/python3.10/site-packages:${PYTHONPATH} /usr/bin/python3 -W ignore:setup.py install is deprecated setup.py egg_info --egg-base ../../build/table_order build --build-base /home/psb/rokey_c_2_ws/build/table_order/build install --record /home/psb/rokey_c_2_ws/build/table_order/install.log --single-version-externally-managed install_data
[1.025s] running egg_info
[1.026s] writing ../../build/table_order/table_order.egg-info/PKG-INFO
[1.026s] writing dependency_links to ../../build/table_order/table_order.egg-info/dependency_links.txt
[1.026s] writing entry points to ../../build/table_order/table_order.egg-info/entry_points.txt
[1.027s] writing requirements to ../../build/table_order/table_order.egg-info/requires.txt
[1.027s] writing top-level names to ../../build/table_order/table_order.egg-info/top_level.txt
[1.029s] reading manifest file '../../build/table_order/table_order.egg-info/SOURCES.txt'
[1.029s] writing manifest file '../../build/table_order/table_order.egg-info/SOURCES.txt'
[1.029s] running build
[1.029s] running build_py
[1.030s] running install
[1.030s] running install_lib
[1.032s] running install_data
[1.032s] running install_egg_info
[1.034s] removing '/home/psb/rokey_c_2_ws/install/table_order/lib/python3.10/site-packages/table_order-0.0.0-py3.10.egg-info' (and everything under it)
[1.035s] Copying ../../build/table_order/table_order.egg-info to /home/psb/rokey_c_2_ws/install/table_order/lib/python3.10/site-packages/table_order-0.0.0-py3.10.egg-info
[1.036s] running install_scripts
[1.059s] Installing response_test script to /home/psb/rokey_c_2_ws/install/table_order/lib/table_order
[1.059s] Installing table_order script to /home/psb/rokey_c_2_ws/install/table_order/lib/table_order
[1.059s] Installing table_order_copy script to /home/psb/rokey_c_2_ws/install/table_order/lib/table_order
[1.060s] writing list of installed files to '/home/psb/rokey_c_2_ws/build/table_order/install.log'
[1.085s] Invoked command in '/home/psb/rokey_c_2_ws/src/table_order' returned '0': LD_LIBRARY_PATH=/home/psb/rokey_c_2_ws/install/table_order_interface/lib:/home/psb/rokey_c_2_ws/install/serving_robot_msgs/lib:/home/psb/rokey_c_2_ws/install/nav_interfaces/lib:/home/psb/rokey_c_2_ws/install/c2_turtle_interface/lib:/home/psb/turtlebot3_ws/install/turtlebot3_msgs/lib:/usr/lib/x86_64-linux-gnu/gazebo-11/plugins:/opt/ros/humble/opt/rviz_ogre_vendor/lib:/opt/ros/humble/lib/x86_64-linux-gnu:/opt/ros/humble/lib:/usr/lib/x86_64-linux-gnu/gazebo-11/plugins PYTHONPATH=/home/psb/rokey_c_2_ws/build/table_order/prefix_override:/usr/lib/python3/dist-packages/colcon_core/task/python/colcon_distutils_commands:/home/psb/rokey_c_2_ws/install/table_order/lib/python3.10/site-packages:${PYTHONPATH} /usr/bin/python3 -W ignore:setup.py install is deprecated setup.py egg_info --egg-base ../../build/table_order build --build-base /home/psb/rokey_c_2_ws/build/table_order/build install --record /home/psb/rokey_c_2_ws/build/table_order/install.log --single-version-externally-managed install_data
