[0.410s] Invoking command in '/home/g1/rokey_c2_ws/build/calculator_interfaces': CMAKE_PREFIX_PATH=${CMAKE_PREFIX_PATH}:/home/g1/rokey_c2_ws/install/turtlebot3_gui:/home/g1/rokey_c2_ws/install/jiwon:/home/g1/rokey_c2_ws/install/c2_turtle_order_package:/home/g1/work/turtlebot3_ws/install/turtlebot3_teleop:/home/g1/work/turtlebot3_ws/install/turtlebot3_example:/opt/ros/humble /usr/bin/cmake --build /home/g1/rokey_c2_ws/build/calculator_interfaces -- -j8 -l8
[0.770s] [35m[1mConsolidate compiler generated dependencies of target calculator_interfaces__rosidl_generator_c[0m
[0.770s] [  3%] Built target calculator_interfaces__cpp
[0.770s] [ 12%] Built target calculator_interfaces__rosidl_generator_c
[0.770s] [ 12%] Built target ament_cmake_python_symlink_calculator_interfaces
[0.770s] [35m[1mConsolidate compiler generated dependencies of target calculator_interfaces__rosidl_typesupport_cpp[0m
[0.770s] [35m[1mConsolidate compiler generated dependencies of target calculator_interfaces__rosidl_typesupport_fastrtps_cpp[0m
[0.770s] [35m[1mConsolidate compiler generated dependencies of target calculator_interfaces__rosidl_typesupport_introspection_cpp[0m
[0.770s] [35m[1mConsolidate compiler generated dependencies of target calculator_interfaces__rosidl_typesupport_fastrtps_c[0m
[0.770s] [35m[1mConsolidate compiler generated dependencies of target calculator_interfaces__rosidl_typesupport_c[0m
[0.771s] [35m[1mConsolidate compiler generated dependencies of target calculator_interfaces__rosidl_typesupport_introspection_c[0m
[0.771s] [ 22%] Built target calculator_interfaces__rosidl_typesupport_cpp
[0.771s] [ 32%] Built target calculator_interfaces__rosidl_typesupport_fastrtps_cpp
[0.771s] [ 41%] Built target calculator_interfaces__rosidl_typesupport_introspection_cpp
[0.771s] [ 51%] Built target calculator_interfaces__rosidl_typesupport_c
[0.771s] [ 61%] Built target calculator_interfaces__rosidl_typesupport_fastrtps_c
[0.771s] [ 70%] Built target calculator_interfaces__rosidl_typesupport_introspection_c
[0.771s] [ 70%] Built target calculator_interfaces
[0.772s] [ 74%] Built target calculator_interfaces__py
[0.772s] [35m[1mConsolidate compiler generated dependencies of target calculator_interfaces__rosidl_generator_py[0m
[0.772s] [ 80%] Built target calculator_interfaces__rosidl_generator_py
[0.772s] [35m[1mConsolidate compiler generated dependencies of target calculator_interfaces__rosidl_typesupport_introspection_c__pyext[0m
[0.772s] [35m[1mConsolidate compiler generated dependencies of target calculator_interfaces__rosidl_typesupport_fastrtps_c__pyext[0m
[0.772s] [35m[1mConsolidate compiler generated dependencies of target calculator_interfaces__rosidl_typesupport_c__pyext[0m
[0.772s] [ 87%] Built target calculator_interfaces__rosidl_typesupport_introspection_c__pyext
[0.772s] [ 96%] Built target calculator_interfaces__rosidl_typesupport_fastrtps_c__pyext
[0.772s] [100%] Built target calculator_interfaces__rosidl_typesupport_c__pyext
[0.796s] running egg_info
[0.797s] writing calculator_interfaces.egg-info/PKG-INFO
[0.797s] writing dependency_links to calculator_interfaces.egg-info/dependency_links.txt
[0.797s] writing top-level names to calculator_interfaces.egg-info/top_level.txt
[0.799s] reading manifest file 'calculator_interfaces.egg-info/SOURCES.txt'
[0.800s] writing manifest file 'calculator_interfaces.egg-info/SOURCES.txt'
[0.823s] [100%] Built target ament_cmake_python_build_calculator_interfaces_egg
[1.087s] Invoked command in '/home/g1/rokey_c2_ws/build/calculator_interfaces' returned '0': CMAKE_PREFIX_PATH=${CMAKE_PREFIX_PATH}:/home/g1/rokey_c2_ws/install/turtlebot3_gui:/home/g1/rokey_c2_ws/install/jiwon:/home/g1/rokey_c2_ws/install/c2_turtle_order_package:/home/g1/work/turtlebot3_ws/install/turtlebot3_teleop:/home/g1/work/turtlebot3_ws/install/turtlebot3_example:/opt/ros/humble /usr/bin/cmake --build /home/g1/rokey_c2_ws/build/calculator_interfaces -- -j8 -l8
[1.157s] Invoking command in '/home/g1/rokey_c2_ws/build/calculator_interfaces': CMAKE_PREFIX_PATH=${CMAKE_PREFIX_PATH}:/home/g1/rokey_c2_ws/install/turtlebot3_gui:/home/g1/rokey_c2_ws/install/jiwon:/home/g1/rokey_c2_ws/install/c2_turtle_order_package:/home/g1/work/turtlebot3_ws/install/turtlebot3_teleop:/home/g1/work/turtlebot3_ws/install/turtlebot3_example:/opt/ros/humble /usr/bin/cmake --install /home/g1/rokey_c2_ws/build/calculator_interfaces
[1.166s] -- Install configuration: ""
[1.167s] -- Execute custom install script
[1.167s] -- Up-to-date symlink: /home/g1/rokey_c2_ws/install/calculator_interfaces/share/ament_index/resource_index/rosidl_interfaces/calculator_interfaces
[1.167s] -- Up-to-date symlink: /home/g1/rokey_c2_ws/install/calculator_interfaces/include/calculator_interfaces/calculator_interfaces/msg/rosidl_generator_c__visibility_control.h
[1.168s] -- Up-to-date symlink: /home/g1/rokey_c2_ws/install/calculator_interfaces/include/calculator_interfaces/calculator_interfaces/srv/calculate.h
[1.168s] -- Up-to-date symlink: /home/g1/rokey_c2_ws/install/calculator_interfaces/include/calculator_interfaces/calculator_interfaces/srv/detail/calculate__functions.h
[1.168s] -- Up-to-date symlink: /home/g1/rokey_c2_ws/install/calculator_interfaces/include/calculator_interfaces/calculator_interfaces/srv/detail/calculate__struct.h
[1.168s] -- Up-to-date symlink: /home/g1/rokey_c2_ws/install/calculator_interfaces/include/calculator_interfaces/calculator_interfaces/srv/detail/calculate__type_support.h
[1.168s] -- Up-to-date symlink: /home/g1/rokey_c2_ws/install/calculator_interfaces/share/calculator_interfaces/environment/library_path.sh
[1.168s] -- Up-to-date symlink: /home/g1/rokey_c2_ws/install/calculator_interfaces/share/calculator_interfaces/environment/library_path.dsv
[1.169s] -- Up-to-date symlink: /home/g1/rokey_c2_ws/install/calculator_interfaces/include/calculator_interfaces/calculator_interfaces/msg/rosidl_typesupport_fastrtps_c__visibility_control.h
[1.169s] -- Up-to-date symlink: /home/g1/rokey_c2_ws/install/calculator_interfaces/include/calculator_interfaces/calculator_interfaces/srv/detail/calculate__rosidl_typesupport_fastrtps_c.h
[1.169s] -- Up-to-date symlink: /home/g1/rokey_c2_ws/install/calculator_interfaces/include/calculator_interfaces/calculator_interfaces/msg/rosidl_typesupport_introspection_c__visibility_control.h
[1.169s] -- Up-to-date symlink: /home/g1/rokey_c2_ws/install/calculator_interfaces/include/calculator_interfaces/calculator_interfaces/srv/detail/calculate__rosidl_typesupport_introspection_c.h
[1.170s] -- Up-to-date symlink: /home/g1/rokey_c2_ws/install/calculator_interfaces/include/calculator_interfaces/calculator_interfaces/srv/calculate.hpp
[1.170s] -- Up-to-date symlink: /home/g1/rokey_c2_ws/install/calculator_interfaces/include/calculator_interfaces/calculator_interfaces/srv/detail/calculate__builder.hpp
[1.170s] -- Up-to-date symlink: /home/g1/rokey_c2_ws/install/calculator_interfaces/include/calculator_interfaces/calculator_interfaces/srv/detail/calculate__struct.hpp
[1.170s] -- Up-to-date symlink: /home/g1/rokey_c2_ws/install/calculator_interfaces/include/calculator_interfaces/calculator_interfaces/srv/detail/calculate__traits.hpp
[1.171s] -- Up-to-date symlink: /home/g1/rokey_c2_ws/install/calculator_interfaces/include/calculator_interfaces/calculator_interfaces/msg/rosidl_typesupport_fastrtps_cpp__visibility_control.h
[1.171s] -- Up-to-date symlink: /home/g1/rokey_c2_ws/install/calculator_interfaces/include/calculator_interfaces/calculator_interfaces/srv/detail/calculate__rosidl_typesupport_fastrtps_cpp.hpp
[1.171s] -- Up-to-date symlink: /home/g1/rokey_c2_ws/install/calculator_interfaces/include/calculator_interfaces/calculator_interfaces/srv/detail/calculate__rosidl_typesupport_introspection_cpp.hpp
[1.171s] -- Up-to-date symlink: /home/g1/rokey_c2_ws/install/calculator_interfaces/share/calculator_interfaces/environment/pythonpath.sh
[1.172s] -- Up-to-date symlink: /home/g1/rokey_c2_ws/install/calculator_interfaces/share/calculator_interfaces/environment/pythonpath.dsv
[1.172s] -- Up-to-date symlink: /home/g1/rokey_c2_ws/install/calculator_interfaces/local/lib/python3.10/dist-packages/calculator_interfaces-0.0.0-py3.10.egg-info/PKG-INFO
[1.172s] -- Up-to-date symlink: /home/g1/rokey_c2_ws/install/calculator_interfaces/local/lib/python3.10/dist-packages/calculator_interfaces-0.0.0-py3.10.egg-info/SOURCES.txt
[1.173s] -- Up-to-date symlink: /home/g1/rokey_c2_ws/install/calculator_interfaces/local/lib/python3.10/dist-packages/calculator_interfaces-0.0.0-py3.10.egg-info/dependency_links.txt
[1.173s] -- Up-to-date symlink: /home/g1/rokey_c2_ws/install/calculator_interfaces/local/lib/python3.10/dist-packages/calculator_interfaces-0.0.0-py3.10.egg-info/top_level.txt
[1.173s] -- Up-to-date symlink: /home/g1/rokey_c2_ws/install/calculator_interfaces/local/lib/python3.10/dist-packages/calculator_interfaces/__init__.py
[1.174s] -- Up-to-date symlink: /home/g1/rokey_c2_ws/install/calculator_interfaces/local/lib/python3.10/dist-packages/calculator_interfaces/_calculator_interfaces_s.ep.rosidl_typesupport_c.c
[1.174s] -- Up-to-date symlink: /home/g1/rokey_c2_ws/install/calculator_interfaces/local/lib/python3.10/dist-packages/calculator_interfaces/_calculator_interfaces_s.ep.rosidl_typesupport_fastrtps_c.c
[1.176s] -- Up-to-date symlink: /home/g1/rokey_c2_ws/install/calculator_interfaces/local/lib/python3.10/dist-packages/calculator_interfaces/_calculator_interfaces_s.ep.rosidl_typesupport_introspection_c.c
[1.176s] -- Up-to-date symlink: /home/g1/rokey_c2_ws/install/calculator_interfaces/local/lib/python3.10/dist-packages/calculator_interfaces/calculator_interfaces_s__rosidl_typesupport_c.cpython-310-x86_64-linux-gnu.so
[1.176s] -- Up-to-date symlink: /home/g1/rokey_c2_ws/install/calculator_interfaces/local/lib/python3.10/dist-packages/calculator_interfaces/calculator_interfaces_s__rosidl_typesupport_fastrtps_c.cpython-310-x86_64-linux-gnu.so
[1.176s] -- Up-to-date symlink: /home/g1/rokey_c2_ws/install/calculator_interfaces/local/lib/python3.10/dist-packages/calculator_interfaces/calculator_interfaces_s__rosidl_typesupport_introspection_c.cpython-310-x86_64-linux-gnu.so
[1.177s] -- Up-to-date symlink: /home/g1/rokey_c2_ws/install/calculator_interfaces/local/lib/python3.10/dist-packages/calculator_interfaces/libcalculator_interfaces__rosidl_generator_py.so
[1.177s] -- Up-to-date symlink: /home/g1/rokey_c2_ws/install/calculator_interfaces/local/lib/python3.10/dist-packages/calculator_interfaces/srv/__init__.py
[1.177s] -- Up-to-date symlink: /home/g1/rokey_c2_ws/install/calculator_interfaces/local/lib/python3.10/dist-packages/calculator_interfaces/srv/_calculate.py
[1.177s] -- Up-to-date symlink: /home/g1/rokey_c2_ws/install/calculator_interfaces/local/lib/python3.10/dist-packages/calculator_interfaces/srv/_calculate_s.c
[1.177s] -- Up-to-date symlink: /home/g1/rokey_c2_ws/install/calculator_interfaces/local/lib/python3.10/dist-packages/calculator_interfaces/calculator_interfaces_s__rosidl_typesupport_fastrtps_c.cpython-310-x86_64-linux-gnu.so
[1.177s] -- Up-to-date symlink: /home/g1/rokey_c2_ws/install/calculator_interfaces/local/lib/python3.10/dist-packages/calculator_interfaces/calculator_interfaces_s__rosidl_typesupport_introspection_c.cpython-310-x86_64-linux-gnu.so
[1.177s] -- Up-to-date symlink: /home/g1/rokey_c2_ws/install/calculator_interfaces/local/lib/python3.10/dist-packages/calculator_interfaces/calculator_interfaces_s__rosidl_typesupport_c.cpython-310-x86_64-linux-gnu.so
[1.177s] -- Up-to-date symlink: /home/g1/rokey_c2_ws/install/calculator_interfaces/share/calculator_interfaces/srv/Calculate.idl
[1.178s] -- Up-to-date symlink: /home/g1/rokey_c2_ws/install/calculator_interfaces/share/calculator_interfaces/srv/Calculate.srv
[1.178s] -- Up-to-date symlink: /home/g1/rokey_c2_ws/install/calculator_interfaces/share/calculator_interfaces/srv/Calculate_Request.msg
[1.178s] -- Up-to-date symlink: /home/g1/rokey_c2_ws/install/calculator_interfaces/share/calculator_interfaces/srv/Calculate_Response.msg
[1.178s] -- Up-to-date symlink: /home/g1/rokey_c2_ws/install/calculator_interfaces/share/ament_index/resource_index/package_run_dependencies/calculator_interfaces
[1.178s] -- Up-to-date symlink: /home/g1/rokey_c2_ws/install/calculator_interfaces/share/ament_index/resource_index/parent_prefix_path/calculator_interfaces
[1.178s] -- Up-to-date symlink: /home/g1/rokey_c2_ws/install/calculator_interfaces/share/calculator_interfaces/environment/ament_prefix_path.sh
[1.178s] -- Up-to-date symlink: /home/g1/rokey_c2_ws/install/calculator_interfaces/share/calculator_interfaces/environment/ament_prefix_path.dsv
[1.178s] -- Up-to-date symlink: /home/g1/rokey_c2_ws/install/calculator_interfaces/share/calculator_interfaces/environment/path.sh
[1.178s] -- Up-to-date symlink: /home/g1/rokey_c2_ws/install/calculator_interfaces/share/calculator_interfaces/environment/path.dsv
[1.178s] -- Up-to-date symlink: /home/g1/rokey_c2_ws/install/calculator_interfaces/share/calculator_interfaces/local_setup.bash
[1.179s] -- Up-to-date symlink: /home/g1/rokey_c2_ws/install/calculator_interfaces/share/calculator_interfaces/local_setup.sh
[1.179s] -- Up-to-date symlink: /home/g1/rokey_c2_ws/install/calculator_interfaces/share/calculator_interfaces/local_setup.zsh
[1.179s] -- Up-to-date symlink: /home/g1/rokey_c2_ws/install/calculator_interfaces/share/calculator_interfaces/local_setup.dsv
[1.179s] -- Symlinking: /home/g1/rokey_c2_ws/install/calculator_interfaces/share/calculator_interfaces/package.dsv
[1.185s] -- Up-to-date symlink: /home/g1/rokey_c2_ws/install/calculator_interfaces/share/ament_index/resource_index/packages/calculator_interfaces
[1.186s] -- Up-to-date symlink: /home/g1/rokey_c2_ws/install/calculator_interfaces/share/calculator_interfaces/cmake/rosidl_cmake-extras.cmake
[1.186s] -- Up-to-date symlink: /home/g1/rokey_c2_ws/install/calculator_interfaces/share/calculator_interfaces/cmake/ament_cmake_export_include_directories-extras.cmake
[1.186s] -- Up-to-date symlink: /home/g1/rokey_c2_ws/install/calculator_interfaces/share/calculator_interfaces/cmake/ament_cmake_export_libraries-extras.cmake
[1.186s] -- Up-to-date symlink: /home/g1/rokey_c2_ws/install/calculator_interfaces/share/calculator_interfaces/cmake/ament_cmake_export_targets-extras.cmake
[1.187s] -- Up-to-date symlink: /home/g1/rokey_c2_ws/install/calculator_interfaces/share/calculator_interfaces/cmake/rosidl_cmake_export_typesupport_targets-extras.cmake
[1.187s] -- Up-to-date symlink: /home/g1/rokey_c2_ws/install/calculator_interfaces/share/calculator_interfaces/cmake/ament_cmake_export_dependencies-extras.cmake
[1.187s] -- Up-to-date symlink: /home/g1/rokey_c2_ws/install/calculator_interfaces/share/calculator_interfaces/cmake/rosidl_cmake_export_typesupport_libraries-extras.cmake
[1.187s] -- Up-to-date symlink: /home/g1/rokey_c2_ws/install/calculator_interfaces/share/calculator_interfaces/cmake/calculator_interfacesConfig.cmake
[1.187s] -- Up-to-date symlink: /home/g1/rokey_c2_ws/install/calculator_interfaces/share/calculator_interfaces/cmake/calculator_interfacesConfig-version.cmake
[1.187s] -- Up-to-date symlink: /home/g1/rokey_c2_ws/install/calculator_interfaces/share/calculator_interfaces/package.xml
[1.188s] -- Up-to-date: /home/g1/rokey_c2_ws/install/calculator_interfaces/lib/libcalculator_interfaces__rosidl_generator_c.so
[1.188s] -- Up-to-date: /home/g1/rokey_c2_ws/install/calculator_interfaces/lib/libcalculator_interfaces__rosidl_typesupport_fastrtps_c.so
[1.188s] -- Up-to-date: /home/g1/rokey_c2_ws/install/calculator_interfaces/lib/libcalculator_interfaces__rosidl_typesupport_introspection_c.so
[1.188s] -- Up-to-date: /home/g1/rokey_c2_ws/install/calculator_interfaces/lib/libcalculator_interfaces__rosidl_typesupport_c.so
[1.189s] -- Up-to-date: /home/g1/rokey_c2_ws/install/calculator_interfaces/lib/libcalculator_interfaces__rosidl_typesupport_fastrtps_cpp.so
[1.189s] -- Up-to-date: /home/g1/rokey_c2_ws/install/calculator_interfaces/lib/libcalculator_interfaces__rosidl_typesupport_introspection_cpp.so
[1.190s] -- Up-to-date: /home/g1/rokey_c2_ws/install/calculator_interfaces/lib/libcalculator_interfaces__rosidl_typesupport_cpp.so
[1.229s] Listing '/home/g1/rokey_c2_ws/install/calculator_interfaces/local/lib/python3.10/dist-packages/calculator_interfaces'...
[1.229s] Listing '/home/g1/rokey_c2_ws/install/calculator_interfaces/local/lib/python3.10/dist-packages/calculator_interfaces/srv'...
[1.235s] -- Up-to-date: /home/g1/rokey_c2_ws/install/calculator_interfaces/lib/libcalculator_interfaces__rosidl_generator_py.so
[1.235s] -- Up-to-date: /home/g1/rokey_c2_ws/install/calculator_interfaces/share/calculator_interfaces/cmake/export_calculator_interfaces__rosidl_generator_cExport.cmake
[1.237s] -- Up-to-date: /home/g1/rokey_c2_ws/install/calculator_interfaces/share/calculator_interfaces/cmake/export_calculator_interfaces__rosidl_generator_cExport-noconfig.cmake
[1.237s] -- Up-to-date: /home/g1/rokey_c2_ws/install/calculator_interfaces/share/calculator_interfaces/cmake/export_calculator_interfaces__rosidl_typesupport_fastrtps_cExport.cmake
[1.237s] -- Up-to-date: /home/g1/rokey_c2_ws/install/calculator_interfaces/share/calculator_interfaces/cmake/export_calculator_interfaces__rosidl_typesupport_fastrtps_cExport-noconfig.cmake
[1.237s] -- Up-to-date: /home/g1/rokey_c2_ws/install/calculator_interfaces/share/calculator_interfaces/cmake/calculator_interfaces__rosidl_typesupport_introspection_cExport.cmake
[1.237s] -- Up-to-date: /home/g1/rokey_c2_ws/install/calculator_interfaces/share/calculator_interfaces/cmake/calculator_interfaces__rosidl_typesupport_introspection_cExport-noconfig.cmake
[1.237s] -- Up-to-date: /home/g1/rokey_c2_ws/install/calculator_interfaces/share/calculator_interfaces/cmake/calculator_interfaces__rosidl_typesupport_cExport.cmake
[1.238s] -- Up-to-date: /home/g1/rokey_c2_ws/install/calculator_interfaces/share/calculator_interfaces/cmake/calculator_interfaces__rosidl_typesupport_cExport-noconfig.cmake
[1.238s] -- Up-to-date: /home/g1/rokey_c2_ws/install/calculator_interfaces/share/calculator_interfaces/cmake/export_calculator_interfaces__rosidl_generator_cppExport.cmake
[1.238s] -- Up-to-date: /home/g1/rokey_c2_ws/install/calculator_interfaces/share/calculator_interfaces/cmake/export_calculator_interfaces__rosidl_typesupport_fastrtps_cppExport.cmake
[1.238s] -- Up-to-date: /home/g1/rokey_c2_ws/install/calculator_interfaces/share/calculator_interfaces/cmake/export_calculator_interfaces__rosidl_typesupport_fastrtps_cppExport-noconfig.cmake
[1.238s] -- Up-to-date: /home/g1/rokey_c2_ws/install/calculator_interfaces/share/calculator_interfaces/cmake/calculator_interfaces__rosidl_typesupport_introspection_cppExport.cmake
[1.239s] -- Up-to-date: /home/g1/rokey_c2_ws/install/calculator_interfaces/share/calculator_interfaces/cmake/calculator_interfaces__rosidl_typesupport_introspection_cppExport-noconfig.cmake
[1.240s] -- Up-to-date: /home/g1/rokey_c2_ws/install/calculator_interfaces/share/calculator_interfaces/cmake/calculator_interfaces__rosidl_typesupport_cppExport.cmake
[1.240s] -- Up-to-date: /home/g1/rokey_c2_ws/install/calculator_interfaces/share/calculator_interfaces/cmake/calculator_interfaces__rosidl_typesupport_cppExport-noconfig.cmake
[1.240s] -- Up-to-date: /home/g1/rokey_c2_ws/install/calculator_interfaces/share/calculator_interfaces/cmake/export_calculator_interfaces__rosidl_generator_pyExport.cmake
[1.240s] -- Up-to-date: /home/g1/rokey_c2_ws/install/calculator_interfaces/share/calculator_interfaces/cmake/export_calculator_interfaces__rosidl_generator_pyExport-noconfig.cmake
[1.240s] Invoked command in '/home/g1/rokey_c2_ws/build/calculator_interfaces' returned '0': CMAKE_PREFIX_PATH=${CMAKE_PREFIX_PATH}:/home/g1/rokey_c2_ws/install/turtlebot3_gui:/home/g1/rokey_c2_ws/install/jiwon:/home/g1/rokey_c2_ws/install/c2_turtle_order_package:/home/g1/work/turtlebot3_ws/install/turtlebot3_teleop:/home/g1/work/turtlebot3_ws/install/turtlebot3_example:/opt/ros/humble /usr/bin/cmake --install /home/g1/rokey_c2_ws/build/calculator_interfaces
