running develop
running egg_info
creating c2_turtle_order_package.egg-info
writing c2_turtle_order_package.egg-info/PKG-INFO
writing dependency_links to c2_turtle_order_package.egg-info/dependency_links.txt
writing entry points to c2_turtle_order_package.egg-info/entry_points.txt
writing requirements to c2_turtle_order_package.egg-info/requires.txt
writing top-level names to c2_turtle_order_package.egg-info/top_level.txt
writing manifest file 'c2_turtle_order_package.egg-info/SOURCES.txt'
reading manifest file 'c2_turtle_order_package.egg-info/SOURCES.txt'
writing manifest file 'c2_turtle_order_package.egg-info/SOURCES.txt'
running build_ext
Creating /home/g1/rokey_c2_ws/install/c2_turtle_order_package/lib/python3.10/site-packages/c2-turtle-order-package.egg-link (link to .)
Installing order_client script to /home/g1/rokey_c2_ws/install/c2_turtle_order_package/lib/c2_turtle_order_package
Installing order_saver script to /home/g1/rokey_c2_ws/install/c2_turtle_order_package/lib/c2_turtle_order_package
Installing total_sales_client script to /home/g1/rokey_c2_ws/install/c2_turtle_order_package/lib/c2_turtle_order_package

Installed /home/g1/rokey_c2_ws/build/c2_turtle_order_package
running symlink_data
creating /home/g1/rokey_c2_ws/install/c2_turtle_order_package/share/ament_index
creating /home/g1/rokey_c2_ws/install/c2_turtle_order_package/share/ament_index/resource_index
creating /home/g1/rokey_c2_ws/install/c2_turtle_order_package/share/ament_index/resource_index/packages
symbolically linking /home/g1/rokey_c2_ws/build/c2_turtle_order_package/resource/c2_turtle_order_package -> /home/g1/rokey_c2_ws/install/c2_turtle_order_package/share/ament_index/resource_index/packages
symbolically linking /home/g1/rokey_c2_ws/build/c2_turtle_order_package/package.xml -> /home/g1/rokey_c2_ws/install/c2_turtle_order_package/share/c2_turtle_order_package
