[1.708s] Invoking command in '/home/g1/rokey_c2_ws/build/c2_turtle_order_package': PYTHONPATH=/home/g1/rokey_c2_ws/build/c2_turtle_order_package/prefix_override:/usr/lib/python3/dist-packages/colcon_core/task/python/colcon_distutils_commands:/home/g1/rokey_c2_ws/install/c2_turtle_order_package/lib/python3.10/site-packages:${PYTHONPATH} /usr/bin/python3 -W ignore:setup.py install is deprecated setup.py develop --editable --build-directory /home/g1/rokey_c2_ws/build/c2_turtle_order_package/build --no-deps symlink_data
[2.083s] running develop
[2.507s] running egg_info
[2.507s] creating c2_turtle_order_package.egg-info
[2.508s] writing c2_turtle_order_package.egg-info/PKG-INFO
[2.508s] writing dependency_links to c2_turtle_order_package.egg-info/dependency_links.txt
[2.508s] writing entry points to c2_turtle_order_package.egg-info/entry_points.txt
[2.508s] writing requirements to c2_turtle_order_package.egg-info/requires.txt
[2.508s] writing top-level names to c2_turtle_order_package.egg-info/top_level.txt
[2.509s] writing manifest file 'c2_turtle_order_package.egg-info/SOURCES.txt'
[2.512s] reading manifest file 'c2_turtle_order_package.egg-info/SOURCES.txt'
[2.514s] writing manifest file 'c2_turtle_order_package.egg-info/SOURCES.txt'
[2.517s] running build_ext
[2.518s] Creating /home/g1/rokey_c2_ws/install/c2_turtle_order_package/lib/python3.10/site-packages/c2-turtle-order-package.egg-link (link to .)
[2.520s] Installing order_client script to /home/g1/rokey_c2_ws/install/c2_turtle_order_package/lib/c2_turtle_order_package
[2.520s] Installing order_saver script to /home/g1/rokey_c2_ws/install/c2_turtle_order_package/lib/c2_turtle_order_package
[2.520s] Installing total_sales_client script to /home/g1/rokey_c2_ws/install/c2_turtle_order_package/lib/c2_turtle_order_package
[2.520s] 
[2.520s] Installed /home/g1/rokey_c2_ws/build/c2_turtle_order_package
[2.520s] running symlink_data
[2.520s] creating /home/g1/rokey_c2_ws/install/c2_turtle_order_package/share/ament_index
[2.520s] creating /home/g1/rokey_c2_ws/install/c2_turtle_order_package/share/ament_index/resource_index
[2.520s] creating /home/g1/rokey_c2_ws/install/c2_turtle_order_package/share/ament_index/resource_index/packages
[2.520s] symbolically linking /home/g1/rokey_c2_ws/build/c2_turtle_order_package/resource/c2_turtle_order_package -> /home/g1/rokey_c2_ws/install/c2_turtle_order_package/share/ament_index/resource_index/packages
[2.521s] symbolically linking /home/g1/rokey_c2_ws/build/c2_turtle_order_package/package.xml -> /home/g1/rokey_c2_ws/install/c2_turtle_order_package/share/c2_turtle_order_package
[2.623s] Invoked command in '/home/g1/rokey_c2_ws/build/c2_turtle_order_package' returned '0': PYTHONPATH=/home/g1/rokey_c2_ws/build/c2_turtle_order_package/prefix_override:/usr/lib/python3/dist-packages/colcon_core/task/python/colcon_distutils_commands:/home/g1/rokey_c2_ws/install/c2_turtle_order_package/lib/python3.10/site-packages:${PYTHONPATH} /usr/bin/python3 -W ignore:setup.py install is deprecated setup.py develop --editable --build-directory /home/g1/rokey_c2_ws/build/c2_turtle_order_package/build --no-deps symlink_data
