[2.084s] Invoking command in '/home/g1/rokey_c_2_ws/build/turtlebot3_gui': PYTHONPATH=/home/g1/rokey_c_2_ws/build/turtlebot3_gui/prefix_override:/usr/lib/python3/dist-packages/colcon_core/task/python/colcon_distutils_commands:/home/g1/rokey_c_2_ws/install/turtlebot3_gui/lib/python3.10/site-packages:${PYTHONPATH} /usr/bin/python3 -W ignore:setup.py install is deprecated setup.py develop --editable --build-directory /home/g1/rokey_c_2_ws/build/turtlebot3_gui/build --no-deps symlink_data
[2.656s] running develop
[3.105s] running egg_info
[3.105s] writing turtlebot3_gui.egg-info/PKG-INFO
[3.106s] writing dependency_links to turtlebot3_gui.egg-info/dependency_links.txt
[3.106s] writing entry points to turtlebot3_gui.egg-info/entry_points.txt
[3.106s] writing requirements to turtlebot3_gui.egg-info/requires.txt
[3.107s] writing top-level names to turtlebot3_gui.egg-info/top_level.txt
[3.109s] reading manifest file 'turtlebot3_gui.egg-info/SOURCES.txt'
[3.112s] writing manifest file 'turtlebot3_gui.egg-info/SOURCES.txt'
[3.113s] running build_ext
[3.113s] Creating /home/g1/rokey_c_2_ws/install/turtlebot3_gui/lib/python3.10/site-packages/turtlebot3-gui.egg-link (link to .)
[3.115s] Installing nav_client script to /home/g1/rokey_c_2_ws/install/turtlebot3_gui/lib/turtlebot3_gui
[3.115s] Installing nav_server script to /home/g1/rokey_c_2_ws/install/turtlebot3_gui/lib/turtlebot3_gui
[3.115s] Installing pub_topic script to /home/g1/rokey_c_2_ws/install/turtlebot3_gui/lib/turtlebot3_gui
[3.115s] Installing send_goal script to /home/g1/rokey_c_2_ws/install/turtlebot3_gui/lib/turtlebot3_gui
[3.115s] Installing service_client script to /home/g1/rokey_c_2_ws/install/turtlebot3_gui/lib/turtlebot3_gui
[3.115s] Installing service_server script to /home/g1/rokey_c_2_ws/install/turtlebot3_gui/lib/turtlebot3_gui
[3.116s] Installing sub_topic script to /home/g1/rokey_c_2_ws/install/turtlebot3_gui/lib/turtlebot3_gui
[3.116s] Installing turtlebot3_gui script to /home/g1/rokey_c_2_ws/install/turtlebot3_gui/lib/turtlebot3_gui
[3.116s] Installing turtlebot3_move script to /home/g1/rokey_c_2_ws/install/turtlebot3_gui/lib/turtlebot3_gui
[3.116s] Installing turtlebot3_point script to /home/g1/rokey_c_2_ws/install/turtlebot3_gui/lib/turtlebot3_gui
[3.116s] 
[3.116s] Installed /home/g1/rokey_c_2_ws/build/turtlebot3_gui
[3.116s] running symlink_data
[3.197s] Invoked command in '/home/g1/rokey_c_2_ws/build/turtlebot3_gui' returned '0': PYTHONPATH=/home/g1/rokey_c_2_ws/build/turtlebot3_gui/prefix_override:/usr/lib/python3/dist-packages/colcon_core/task/python/colcon_distutils_commands:/home/g1/rokey_c_2_ws/install/turtlebot3_gui/lib/python3.10/site-packages:${PYTHONPATH} /usr/bin/python3 -W ignore:setup.py install is deprecated setup.py develop --editable --build-directory /home/g1/rokey_c_2_ws/build/turtlebot3_gui/build --no-deps symlink_data
