[0.123s] DEBUG:colcon:Command line arguments: ['/usr/bin/colcon', 'build']
[0.123s] DEBUG:colcon:Parsed command line arguments: Namespace(log_base=None, log_level=None, verb_name='build', build_base='build', install_base='install', merge_install=False, symlink_install=False, test_result_base=None, continue_on_error=False, executor='parallel', parallel_workers=8, event_handlers=None, ignore_user_meta=False, metas=['./colcon.meta'], base_paths=['.'], packages_ignore=None, packages_ignore_regex=None, paths=None, packages_up_to=None, packages_up_to_regex=None, packages_above=None, packages_above_and_dependencies=None, packages_above_depth=None, packages_select_by_dep=None, packages_skip_by_dep=None, packages_skip_up_to=None, packages_select_build_failed=False, packages_skip_build_finished=False, packages_select_test_failures=False, packages_skip_test_passed=False, packages_select=None, packages_skip=None, packages_select_regex=None, packages_skip_regex=None, packages_start=None, packages_end=None, allow_overriding=[], cmake_args=None, cmake_target=None, cmake_target_skip_unavailable=False, cmake_clean_cache=False, cmake_clean_first=False, cmake_force_configure=False, ament_cmake_args=None, catkin_cmake_args=None, catkin_skip_building_tests=False, verb_parser=<colcon_defaults.argument_parser.defaults.DefaultArgumentsDecorator object at 0x7c28c68bf0a0>, verb_extension=<colcon_core.verb.build.BuildVerb object at 0x7c28c69911e0>, main=<bound method BuildVerb.main of <colcon_core.verb.build.BuildVerb object at 0x7c28c69911e0>>)
[0.297s] Level 1:colcon.colcon_core.package_discovery:discover_packages(colcon_meta) check parameters
[0.297s] Level 1:colcon.colcon_core.package_discovery:discover_packages(recursive) check parameters
[0.297s] Level 1:colcon.colcon_core.package_discovery:discover_packages(ignore) check parameters
[0.297s] Level 1:colcon.colcon_core.package_discovery:discover_packages(path) check parameters
[0.297s] Level 1:colcon.colcon_core.package_discovery:discover_packages(colcon_meta) discover
[0.298s] Level 1:colcon.colcon_core.package_discovery:discover_packages(recursive) discover
[0.298s] INFO:colcon.colcon_core.package_discovery:Crawling recursively for packages in '/home/psb/rokey_c_2_ws'
[0.298s] Level 1:colcon.colcon_core.package_identification:_identify(.) by extensions ['ignore', 'ignore_ament_install']
[0.298s] Level 1:colcon.colcon_core.package_identification:_identify(.) by extension 'ignore'
[0.298s] Level 1:colcon.colcon_core.package_identification:_identify(.) by extension 'ignore_ament_install'
[0.298s] Level 1:colcon.colcon_core.package_identification:_identify(.) by extensions ['colcon_pkg']
[0.298s] Level 1:colcon.colcon_core.package_identification:_identify(.) by extension 'colcon_pkg'
[0.298s] Level 1:colcon.colcon_core.package_identification:_identify(.) by extensions ['colcon_meta']
[0.298s] Level 1:colcon.colcon_core.package_identification:_identify(.) by extension 'colcon_meta'
[0.298s] Level 1:colcon.colcon_core.package_identification:_identify(.) by extensions ['ros']
[0.298s] Level 1:colcon.colcon_core.package_identification:_identify(.) by extension 'ros'
[0.310s] Level 1:colcon.colcon_core.package_identification:_identify(.) by extensions ['cmake', 'python']
[0.310s] Level 1:colcon.colcon_core.package_identification:_identify(.) by extension 'cmake'
[0.310s] Level 1:colcon.colcon_core.package_identification:_identify(.) by extension 'python'
[0.310s] Level 1:colcon.colcon_core.package_identification:_identify(.) by extensions ['python_setup_py']
[0.310s] Level 1:colcon.colcon_core.package_identification:_identify(.) by extension 'python_setup_py'
[0.310s] Level 1:colcon.colcon_core.package_identification:_identify(build) by extensions ['ignore', 'ignore_ament_install']
[0.310s] Level 1:colcon.colcon_core.package_identification:_identify(build) by extension 'ignore'
[0.310s] Level 1:colcon.colcon_core.package_identification:_identify(build) ignored
[0.310s] Level 1:colcon.colcon_core.package_identification:_identify(install) by extensions ['ignore', 'ignore_ament_install']
[0.310s] Level 1:colcon.colcon_core.package_identification:_identify(install) by extension 'ignore'
[0.310s] Level 1:colcon.colcon_core.package_identification:_identify(install) ignored
[0.310s] Level 1:colcon.colcon_core.package_identification:_identify(log) by extensions ['ignore', 'ignore_ament_install']
[0.310s] Level 1:colcon.colcon_core.package_identification:_identify(log) by extension 'ignore'
[0.310s] Level 1:colcon.colcon_core.package_identification:_identify(log) ignored
[0.311s] Level 1:colcon.colcon_core.package_identification:_identify(src) by extensions ['ignore', 'ignore_ament_install']
[0.311s] Level 1:colcon.colcon_core.package_identification:_identify(src) by extension 'ignore'
[0.311s] Level 1:colcon.colcon_core.package_identification:_identify(src) by extension 'ignore_ament_install'
[0.311s] Level 1:colcon.colcon_core.package_identification:_identify(src) by extensions ['colcon_pkg']
[0.311s] Level 1:colcon.colcon_core.package_identification:_identify(src) by extension 'colcon_pkg'
[0.311s] Level 1:colcon.colcon_core.package_identification:_identify(src) by extensions ['colcon_meta']
[0.311s] Level 1:colcon.colcon_core.package_identification:_identify(src) by extension 'colcon_meta'
[0.311s] Level 1:colcon.colcon_core.package_identification:_identify(src) by extensions ['ros']
[0.311s] Level 1:colcon.colcon_core.package_identification:_identify(src) by extension 'ros'
[0.311s] Level 1:colcon.colcon_core.package_identification:_identify(src) by extensions ['cmake', 'python']
[0.311s] Level 1:colcon.colcon_core.package_identification:_identify(src) by extension 'cmake'
[0.311s] Level 1:colcon.colcon_core.package_identification:_identify(src) by extension 'python'
[0.311s] Level 1:colcon.colcon_core.package_identification:_identify(src) by extensions ['python_setup_py']
[0.311s] Level 1:colcon.colcon_core.package_identification:_identify(src) by extension 'python_setup_py'
[0.311s] Level 1:colcon.colcon_core.package_identification:_identify(src/c2_turtle_interface) by extensions ['ignore', 'ignore_ament_install']
[0.311s] Level 1:colcon.colcon_core.package_identification:_identify(src/c2_turtle_interface) by extension 'ignore'
[0.311s] Level 1:colcon.colcon_core.package_identification:_identify(src/c2_turtle_interface) by extension 'ignore_ament_install'
[0.311s] Level 1:colcon.colcon_core.package_identification:_identify(src/c2_turtle_interface) by extensions ['colcon_pkg']
[0.311s] Level 1:colcon.colcon_core.package_identification:_identify(src/c2_turtle_interface) by extension 'colcon_pkg'
[0.312s] Level 1:colcon.colcon_core.package_identification:_identify(src/c2_turtle_interface) by extensions ['colcon_meta']
[0.312s] Level 1:colcon.colcon_core.package_identification:_identify(src/c2_turtle_interface) by extension 'colcon_meta'
[0.312s] Level 1:colcon.colcon_core.package_identification:_identify(src/c2_turtle_interface) by extensions ['ros']
[0.312s] Level 1:colcon.colcon_core.package_identification:_identify(src/c2_turtle_interface) by extension 'ros'
[0.312s] Level 1:colcon.colcon_core.package_identification:_identify(src/c2_turtle_interface) by extensions ['cmake', 'python']
[0.312s] Level 1:colcon.colcon_core.package_identification:_identify(src/c2_turtle_interface) by extension 'cmake'
[0.312s] Level 1:colcon.colcon_core.package_identification:_identify(src/c2_turtle_interface) by extension 'python'
[0.312s] Level 1:colcon.colcon_core.package_identification:_identify(src/c2_turtle_interface) by extensions ['python_setup_py']
[0.312s] Level 1:colcon.colcon_core.package_identification:_identify(src/c2_turtle_interface) by extension 'python_setup_py'
[0.312s] Level 1:colcon.colcon_core.package_identification:_identify(src/c2_turtle_interface/srv) by extensions ['ignore', 'ignore_ament_install']
[0.312s] Level 1:colcon.colcon_core.package_identification:_identify(src/c2_turtle_interface/srv) by extension 'ignore'
[0.312s] Level 1:colcon.colcon_core.package_identification:_identify(src/c2_turtle_interface/srv) by extension 'ignore_ament_install'
[0.312s] Level 1:colcon.colcon_core.package_identification:_identify(src/c2_turtle_interface/srv) by extensions ['colcon_pkg']
[0.312s] Level 1:colcon.colcon_core.package_identification:_identify(src/c2_turtle_interface/srv) by extension 'colcon_pkg'
[0.312s] Level 1:colcon.colcon_core.package_identification:_identify(src/c2_turtle_interface/srv) by extensions ['colcon_meta']
[0.312s] Level 1:colcon.colcon_core.package_identification:_identify(src/c2_turtle_interface/srv) by extension 'colcon_meta'
[0.312s] Level 1:colcon.colcon_core.package_identification:_identify(src/c2_turtle_interface/srv) by extensions ['ros']
[0.312s] Level 1:colcon.colcon_core.package_identification:_identify(src/c2_turtle_interface/srv) by extension 'ros'
[0.312s] Level 1:colcon.colcon_core.package_identification:_identify(src/c2_turtle_interface/srv) by extensions ['cmake', 'python']
[0.312s] Level 1:colcon.colcon_core.package_identification:_identify(src/c2_turtle_interface/srv) by extension 'cmake'
[0.312s] Level 1:colcon.colcon_core.package_identification:_identify(src/c2_turtle_interface/srv) by extension 'python'
[0.313s] Level 1:colcon.colcon_core.package_identification:_identify(src/c2_turtle_interface/srv) by extensions ['python_setup_py']
[0.313s] Level 1:colcon.colcon_core.package_identification:_identify(src/c2_turtle_interface/srv) by extension 'python_setup_py'
[0.313s] Level 1:colcon.colcon_core.package_identification:_identify(src/database) by extensions ['ignore', 'ignore_ament_install']
[0.313s] Level 1:colcon.colcon_core.package_identification:_identify(src/database) by extension 'ignore'
[0.313s] Level 1:colcon.colcon_core.package_identification:_identify(src/database) by extension 'ignore_ament_install'
[0.313s] Level 1:colcon.colcon_core.package_identification:_identify(src/database) by extensions ['colcon_pkg']
[0.313s] Level 1:colcon.colcon_core.package_identification:_identify(src/database) by extension 'colcon_pkg'
[0.313s] Level 1:colcon.colcon_core.package_identification:_identify(src/database) by extensions ['colcon_meta']
[0.313s] Level 1:colcon.colcon_core.package_identification:_identify(src/database) by extension 'colcon_meta'
[0.313s] Level 1:colcon.colcon_core.package_identification:_identify(src/database) by extensions ['ros']
[0.313s] Level 1:colcon.colcon_core.package_identification:_identify(src/database) by extension 'ros'
[0.316s] DEBUG:colcon.colcon_core.package_identification:Package 'src/database' with type 'ros.ament_python' and name 'database'
[0.316s] Level 1:colcon.colcon_core.package_identification:_identify(src/nav_interfaces) by extensions ['ignore', 'ignore_ament_install']
[0.316s] Level 1:colcon.colcon_core.package_identification:_identify(src/nav_interfaces) by extension 'ignore'
[0.316s] Level 1:colcon.colcon_core.package_identification:_identify(src/nav_interfaces) by extension 'ignore_ament_install'
[0.316s] Level 1:colcon.colcon_core.package_identification:_identify(src/nav_interfaces) by extensions ['colcon_pkg']
[0.316s] Level 1:colcon.colcon_core.package_identification:_identify(src/nav_interfaces) by extension 'colcon_pkg'
[0.316s] Level 1:colcon.colcon_core.package_identification:_identify(src/nav_interfaces) by extensions ['colcon_meta']
[0.316s] Level 1:colcon.colcon_core.package_identification:_identify(src/nav_interfaces) by extension 'colcon_meta'
[0.316s] Level 1:colcon.colcon_core.package_identification:_identify(src/nav_interfaces) by extensions ['ros']
[0.316s] Level 1:colcon.colcon_core.package_identification:_identify(src/nav_interfaces) by extension 'ros'
[0.317s] DEBUG:colcon.colcon_core.package_identification:Package 'src/nav_interfaces' with type 'ros.ament_cmake' and name 'nav_interfaces'
[0.317s] Level 1:colcon.colcon_core.package_identification:_identify(src/serving_robot) by extensions ['ignore', 'ignore_ament_install']
[0.317s] Level 1:colcon.colcon_core.package_identification:_identify(src/serving_robot) by extension 'ignore'
[0.317s] Level 1:colcon.colcon_core.package_identification:_identify(src/serving_robot) by extension 'ignore_ament_install'
[0.317s] Level 1:colcon.colcon_core.package_identification:_identify(src/serving_robot) by extensions ['colcon_pkg']
[0.317s] Level 1:colcon.colcon_core.package_identification:_identify(src/serving_robot) by extension 'colcon_pkg'
[0.317s] Level 1:colcon.colcon_core.package_identification:_identify(src/serving_robot) by extensions ['colcon_meta']
[0.317s] Level 1:colcon.colcon_core.package_identification:_identify(src/serving_robot) by extension 'colcon_meta'
[0.317s] Level 1:colcon.colcon_core.package_identification:_identify(src/serving_robot) by extensions ['ros']
[0.317s] Level 1:colcon.colcon_core.package_identification:_identify(src/serving_robot) by extension 'ros'
[0.318s] DEBUG:colcon.colcon_core.package_identification:Package 'src/serving_robot' with type 'ros.ament_python' and name 'serving_robot'
[0.318s] Level 1:colcon.colcon_core.package_identification:_identify(src/serving_robot_msgs) by extensions ['ignore', 'ignore_ament_install']
[0.318s] Level 1:colcon.colcon_core.package_identification:_identify(src/serving_robot_msgs) by extension 'ignore'
[0.318s] Level 1:colcon.colcon_core.package_identification:_identify(src/serving_robot_msgs) by extension 'ignore_ament_install'
[0.318s] Level 1:colcon.colcon_core.package_identification:_identify(src/serving_robot_msgs) by extensions ['colcon_pkg']
[0.318s] Level 1:colcon.colcon_core.package_identification:_identify(src/serving_robot_msgs) by extension 'colcon_pkg'
[0.318s] Level 1:colcon.colcon_core.package_identification:_identify(src/serving_robot_msgs) by extensions ['colcon_meta']
[0.318s] Level 1:colcon.colcon_core.package_identification:_identify(src/serving_robot_msgs) by extension 'colcon_meta'
[0.318s] Level 1:colcon.colcon_core.package_identification:_identify(src/serving_robot_msgs) by extensions ['ros']
[0.318s] Level 1:colcon.colcon_core.package_identification:_identify(src/serving_robot_msgs) by extension 'ros'
[0.319s] DEBUG:colcon.colcon_core.package_identification:Package 'src/serving_robot_msgs' with type 'ros.ament_cmake' and name 'serving_robot_msgs'
[0.319s] Level 1:colcon.colcon_core.package_identification:_identify(src/table_order) by extensions ['ignore', 'ignore_ament_install']
[0.319s] Level 1:colcon.colcon_core.package_identification:_identify(src/table_order) by extension 'ignore'
[0.319s] Level 1:colcon.colcon_core.package_identification:_identify(src/table_order) by extension 'ignore_ament_install'
[0.319s] Level 1:colcon.colcon_core.package_identification:_identify(src/table_order) by extensions ['colcon_pkg']
[0.319s] Level 1:colcon.colcon_core.package_identification:_identify(src/table_order) by extension 'colcon_pkg'
[0.319s] Level 1:colcon.colcon_core.package_identification:_identify(src/table_order) by extensions ['colcon_meta']
[0.319s] Level 1:colcon.colcon_core.package_identification:_identify(src/table_order) by extension 'colcon_meta'
[0.319s] Level 1:colcon.colcon_core.package_identification:_identify(src/table_order) by extensions ['ros']
[0.319s] Level 1:colcon.colcon_core.package_identification:_identify(src/table_order) by extension 'ros'
[0.320s] DEBUG:colcon.colcon_core.package_identification:Package 'src/table_order' with type 'ros.ament_python' and name 'table_order'
[0.320s] Level 1:colcon.colcon_core.package_identification:_identify(src/table_order_interface) by extensions ['ignore', 'ignore_ament_install']
[0.320s] Level 1:colcon.colcon_core.package_identification:_identify(src/table_order_interface) by extension 'ignore'
[0.320s] Level 1:colcon.colcon_core.package_identification:_identify(src/table_order_interface) by extension 'ignore_ament_install'
[0.320s] Level 1:colcon.colcon_core.package_identification:_identify(src/table_order_interface) by extensions ['colcon_pkg']
[0.320s] Level 1:colcon.colcon_core.package_identification:_identify(src/table_order_interface) by extension 'colcon_pkg'
[0.320s] Level 1:colcon.colcon_core.package_identification:_identify(src/table_order_interface) by extensions ['colcon_meta']
[0.320s] Level 1:colcon.colcon_core.package_identification:_identify(src/table_order_interface) by extension 'colcon_meta'
[0.320s] Level 1:colcon.colcon_core.package_identification:_identify(src/table_order_interface) by extensions ['ros']
[0.320s] Level 1:colcon.colcon_core.package_identification:_identify(src/table_order_interface) by extension 'ros'
[0.321s] DEBUG:colcon.colcon_core.package_identification:Package 'src/table_order_interface' with type 'ros.ament_cmake' and name 'table_order_interface'
[0.321s] Level 1:colcon.colcon_core.package_identification:_identify(src/turtlebot3_gui) by extensions ['ignore', 'ignore_ament_install']
[0.321s] Level 1:colcon.colcon_core.package_identification:_identify(src/turtlebot3_gui) by extension 'ignore'
[0.321s] Level 1:colcon.colcon_core.package_identification:_identify(src/turtlebot3_gui) by extension 'ignore_ament_install'
[0.321s] Level 1:colcon.colcon_core.package_identification:_identify(src/turtlebot3_gui) by extensions ['colcon_pkg']
[0.321s] Level 1:colcon.colcon_core.package_identification:_identify(src/turtlebot3_gui) by extension 'colcon_pkg'
[0.321s] Level 1:colcon.colcon_core.package_identification:_identify(src/turtlebot3_gui) by extensions ['colcon_meta']
[0.321s] Level 1:colcon.colcon_core.package_identification:_identify(src/turtlebot3_gui) by extension 'colcon_meta'
[0.321s] Level 1:colcon.colcon_core.package_identification:_identify(src/turtlebot3_gui) by extensions ['ros']
[0.321s] Level 1:colcon.colcon_core.package_identification:_identify(src/turtlebot3_gui) by extension 'ros'
[0.322s] DEBUG:colcon.colcon_core.package_identification:Package 'src/turtlebot3_gui' with type 'ros.ament_python' and name 'turtlebot3_gui'
[0.322s] Level 1:colcon.colcon_core.package_discovery:discover_packages(recursive) using defaults
[0.322s] Level 1:colcon.colcon_core.package_discovery:discover_packages(ignore) discover
[0.322s] Level 1:colcon.colcon_core.package_discovery:discover_packages(ignore) using defaults
[0.322s] Level 1:colcon.colcon_core.package_discovery:discover_packages(path) discover
[0.322s] Level 1:colcon.colcon_core.package_discovery:discover_packages(path) using defaults
[0.341s] Level 1:colcon.colcon_core.package_discovery:discover_packages(prefix_path) check parameters
[0.341s] Level 1:colcon.colcon_core.package_discovery:discover_packages(prefix_path) discover
[0.343s] DEBUG:colcon.colcon_installed_package_information.package_discovery:Found 9 installed packages in /home/psb/rokey_c_2_ws/install
[0.344s] DEBUG:colcon.colcon_installed_package_information.package_discovery:Found 12 installed packages in /home/psb/turtlebot3_ws/install
[0.345s] DEBUG:colcon.colcon_installed_package_information.package_discovery:Found 373 installed packages in /opt/ros/humble
[0.348s] Level 1:colcon.colcon_core.package_discovery:discover_packages(prefix_path) using defaults
[0.386s] Level 5:colcon.colcon_core.verb:set package 'database' build argument 'cmake_args' from command line to 'None'
[0.386s] Level 5:colcon.colcon_core.verb:set package 'database' build argument 'cmake_target' from command line to 'None'
[0.386s] Level 5:colcon.colcon_core.verb:set package 'database' build argument 'cmake_target_skip_unavailable' from command line to 'False'
[0.386s] Level 5:colcon.colcon_core.verb:set package 'database' build argument 'cmake_clean_cache' from command line to 'False'
[0.386s] Level 5:colcon.colcon_core.verb:set package 'database' build argument 'cmake_clean_first' from command line to 'False'
[0.386s] Level 5:colcon.colcon_core.verb:set package 'database' build argument 'cmake_force_configure' from command line to 'False'
[0.386s] Level 5:colcon.colcon_core.verb:set package 'database' build argument 'ament_cmake_args' from command line to 'None'
[0.386s] Level 5:colcon.colcon_core.verb:set package 'database' build argument 'catkin_cmake_args' from command line to 'None'
[0.386s] Level 5:colcon.colcon_core.verb:set package 'database' build argument 'catkin_skip_building_tests' from command line to 'False'
[0.386s] DEBUG:colcon.colcon_core.verb:Building package 'database' with the following arguments: {'ament_cmake_args': None, 'build_base': '/home/psb/rokey_c_2_ws/build/database', 'catkin_cmake_args': None, 'catkin_skip_building_tests': False, 'cmake_args': None, 'cmake_clean_cache': False, 'cmake_clean_first': False, 'cmake_force_configure': False, 'cmake_target': None, 'cmake_target_skip_unavailable': False, 'install_base': '/home/psb/rokey_c_2_ws/install/database', 'merge_install': False, 'path': '/home/psb/rokey_c_2_ws/src/database', 'symlink_install': False, 'test_result_base': None}
[0.386s] Level 5:colcon.colcon_core.verb:set package 'nav_interfaces' build argument 'cmake_args' from command line to 'None'
[0.386s] Level 5:colcon.colcon_core.verb:set package 'nav_interfaces' build argument 'cmake_target' from command line to 'None'
[0.386s] Level 5:colcon.colcon_core.verb:set package 'nav_interfaces' build argument 'cmake_target_skip_unavailable' from command line to 'False'
[0.386s] Level 5:colcon.colcon_core.verb:set package 'nav_interfaces' build argument 'cmake_clean_cache' from command line to 'False'
[0.386s] Level 5:colcon.colcon_core.verb:set package 'nav_interfaces' build argument 'cmake_clean_first' from command line to 'False'
[0.386s] Level 5:colcon.colcon_core.verb:set package 'nav_interfaces' build argument 'cmake_force_configure' from command line to 'False'
[0.386s] Level 5:colcon.colcon_core.verb:set package 'nav_interfaces' build argument 'ament_cmake_args' from command line to 'None'
[0.386s] Level 5:colcon.colcon_core.verb:set package 'nav_interfaces' build argument 'catkin_cmake_args' from command line to 'None'
[0.386s] Level 5:colcon.colcon_core.verb:set package 'nav_interfaces' build argument 'catkin_skip_building_tests' from command line to 'False'
[0.386s] DEBUG:colcon.colcon_core.verb:Building package 'nav_interfaces' with the following arguments: {'ament_cmake_args': None, 'build_base': '/home/psb/rokey_c_2_ws/build/nav_interfaces', 'catkin_cmake_args': None, 'catkin_skip_building_tests': False, 'cmake_args': None, 'cmake_clean_cache': False, 'cmake_clean_first': False, 'cmake_force_configure': False, 'cmake_target': None, 'cmake_target_skip_unavailable': False, 'install_base': '/home/psb/rokey_c_2_ws/install/nav_interfaces', 'merge_install': False, 'path': '/home/psb/rokey_c_2_ws/src/nav_interfaces', 'symlink_install': False, 'test_result_base': None}
[0.387s] Level 5:colcon.colcon_core.verb:set package 'serving_robot_msgs' build argument 'cmake_args' from command line to 'None'
[0.387s] Level 5:colcon.colcon_core.verb:set package 'serving_robot_msgs' build argument 'cmake_target' from command line to 'None'
[0.387s] Level 5:colcon.colcon_core.verb:set package 'serving_robot_msgs' build argument 'cmake_target_skip_unavailable' from command line to 'False'
[0.387s] Level 5:colcon.colcon_core.verb:set package 'serving_robot_msgs' build argument 'cmake_clean_cache' from command line to 'False'
[0.387s] Level 5:colcon.colcon_core.verb:set package 'serving_robot_msgs' build argument 'cmake_clean_first' from command line to 'False'
[0.387s] Level 5:colcon.colcon_core.verb:set package 'serving_robot_msgs' build argument 'cmake_force_configure' from command line to 'False'
[0.387s] Level 5:colcon.colcon_core.verb:set package 'serving_robot_msgs' build argument 'ament_cmake_args' from command line to 'None'
[0.387s] Level 5:colcon.colcon_core.verb:set package 'serving_robot_msgs' build argument 'catkin_cmake_args' from command line to 'None'
[0.387s] Level 5:colcon.colcon_core.verb:set package 'serving_robot_msgs' build argument 'catkin_skip_building_tests' from command line to 'False'
[0.387s] DEBUG:colcon.colcon_core.verb:Building package 'serving_robot_msgs' with the following arguments: {'ament_cmake_args': None, 'build_base': '/home/psb/rokey_c_2_ws/build/serving_robot_msgs', 'catkin_cmake_args': None, 'catkin_skip_building_tests': False, 'cmake_args': None, 'cmake_clean_cache': False, 'cmake_clean_first': False, 'cmake_force_configure': False, 'cmake_target': None, 'cmake_target_skip_unavailable': False, 'install_base': '/home/psb/rokey_c_2_ws/install/serving_robot_msgs', 'merge_install': False, 'path': '/home/psb/rokey_c_2_ws/src/serving_robot_msgs', 'symlink_install': False, 'test_result_base': None}
[0.387s] Level 5:colcon.colcon_core.verb:set package 'table_order_interface' build argument 'cmake_args' from command line to 'None'
[0.387s] Level 5:colcon.colcon_core.verb:set package 'table_order_interface' build argument 'cmake_target' from command line to 'None'
[0.387s] Level 5:colcon.colcon_core.verb:set package 'table_order_interface' build argument 'cmake_target_skip_unavailable' from command line to 'False'
[0.387s] Level 5:colcon.colcon_core.verb:set package 'table_order_interface' build argument 'cmake_clean_cache' from command line to 'False'
[0.387s] Level 5:colcon.colcon_core.verb:set package 'table_order_interface' build argument 'cmake_clean_first' from command line to 'False'
[0.387s] Level 5:colcon.colcon_core.verb:set package 'table_order_interface' build argument 'cmake_force_configure' from command line to 'False'
[0.387s] Level 5:colcon.colcon_core.verb:set package 'table_order_interface' build argument 'ament_cmake_args' from command line to 'None'
[0.387s] Level 5:colcon.colcon_core.verb:set package 'table_order_interface' build argument 'catkin_cmake_args' from command line to 'None'
[0.387s] Level 5:colcon.colcon_core.verb:set package 'table_order_interface' build argument 'catkin_skip_building_tests' from command line to 'False'
[0.387s] DEBUG:colcon.colcon_core.verb:Building package 'table_order_interface' with the following arguments: {'ament_cmake_args': None, 'build_base': '/home/psb/rokey_c_2_ws/build/table_order_interface', 'catkin_cmake_args': None, 'catkin_skip_building_tests': False, 'cmake_args': None, 'cmake_clean_cache': False, 'cmake_clean_first': False, 'cmake_force_configure': False, 'cmake_target': None, 'cmake_target_skip_unavailable': False, 'install_base': '/home/psb/rokey_c_2_ws/install/table_order_interface', 'merge_install': False, 'path': '/home/psb/rokey_c_2_ws/src/table_order_interface', 'symlink_install': False, 'test_result_base': None}
[0.388s] Level 5:colcon.colcon_core.verb:set package 'turtlebot3_gui' build argument 'cmake_args' from command line to 'None'
[0.388s] Level 5:colcon.colcon_core.verb:set package 'turtlebot3_gui' build argument 'cmake_target' from command line to 'None'
[0.388s] Level 5:colcon.colcon_core.verb:set package 'turtlebot3_gui' build argument 'cmake_target_skip_unavailable' from command line to 'False'
[0.388s] Level 5:colcon.colcon_core.verb:set package 'turtlebot3_gui' build argument 'cmake_clean_cache' from command line to 'False'
[0.388s] Level 5:colcon.colcon_core.verb:set package 'turtlebot3_gui' build argument 'cmake_clean_first' from command line to 'False'
[0.388s] Level 5:colcon.colcon_core.verb:set package 'turtlebot3_gui' build argument 'cmake_force_configure' from command line to 'False'
[0.388s] Level 5:colcon.colcon_core.verb:set package 'turtlebot3_gui' build argument 'ament_cmake_args' from command line to 'None'
[0.388s] Level 5:colcon.colcon_core.verb:set package 'turtlebot3_gui' build argument 'catkin_cmake_args' from command line to 'None'
[0.388s] Level 5:colcon.colcon_core.verb:set package 'turtlebot3_gui' build argument 'catkin_skip_building_tests' from command line to 'False'
[0.388s] DEBUG:colcon.colcon_core.verb:Building package 'turtlebot3_gui' with the following arguments: {'ament_cmake_args': None, 'build_base': '/home/psb/rokey_c_2_ws/build/turtlebot3_gui', 'catkin_cmake_args': None, 'catkin_skip_building_tests': False, 'cmake_args': None, 'cmake_clean_cache': False, 'cmake_clean_first': False, 'cmake_force_configure': False, 'cmake_target': None, 'cmake_target_skip_unavailable': False, 'install_base': '/home/psb/rokey_c_2_ws/install/turtlebot3_gui', 'merge_install': False, 'path': '/home/psb/rokey_c_2_ws/src/turtlebot3_gui', 'symlink_install': False, 'test_result_base': None}
[0.388s] Level 5:colcon.colcon_core.verb:set package 'serving_robot' build argument 'cmake_args' from command line to 'None'
[0.388s] Level 5:colcon.colcon_core.verb:set package 'serving_robot' build argument 'cmake_target' from command line to 'None'
[0.388s] Level 5:colcon.colcon_core.verb:set package 'serving_robot' build argument 'cmake_target_skip_unavailable' from command line to 'False'
[0.388s] Level 5:colcon.colcon_core.verb:set package 'serving_robot' build argument 'cmake_clean_cache' from command line to 'False'
[0.388s] Level 5:colcon.colcon_core.verb:set package 'serving_robot' build argument 'cmake_clean_first' from command line to 'False'
[0.388s] Level 5:colcon.colcon_core.verb:set package 'serving_robot' build argument 'cmake_force_configure' from command line to 'False'
[0.388s] Level 5:colcon.colcon_core.verb:set package 'serving_robot' build argument 'ament_cmake_args' from command line to 'None'
[0.388s] Level 5:colcon.colcon_core.verb:set package 'serving_robot' build argument 'catkin_cmake_args' from command line to 'None'
[0.388s] Level 5:colcon.colcon_core.verb:set package 'serving_robot' build argument 'catkin_skip_building_tests' from command line to 'False'
[0.388s] DEBUG:colcon.colcon_core.verb:Building package 'serving_robot' with the following arguments: {'ament_cmake_args': None, 'build_base': '/home/psb/rokey_c_2_ws/build/serving_robot', 'catkin_cmake_args': None, 'catkin_skip_building_tests': False, 'cmake_args': None, 'cmake_clean_cache': False, 'cmake_clean_first': False, 'cmake_force_configure': False, 'cmake_target': None, 'cmake_target_skip_unavailable': False, 'install_base': '/home/psb/rokey_c_2_ws/install/serving_robot', 'merge_install': False, 'path': '/home/psb/rokey_c_2_ws/src/serving_robot', 'symlink_install': False, 'test_result_base': None}
[0.389s] Level 5:colcon.colcon_core.verb:set package 'table_order' build argument 'cmake_args' from command line to 'None'
[0.389s] Level 5:colcon.colcon_core.verb:set package 'table_order' build argument 'cmake_target' from command line to 'None'
[0.389s] Level 5:colcon.colcon_core.verb:set package 'table_order' build argument 'cmake_target_skip_unavailable' from command line to 'False'
[0.389s] Level 5:colcon.colcon_core.verb:set package 'table_order' build argument 'cmake_clean_cache' from command line to 'False'
[0.389s] Level 5:colcon.colcon_core.verb:set package 'table_order' build argument 'cmake_clean_first' from command line to 'False'
[0.389s] Level 5:colcon.colcon_core.verb:set package 'table_order' build argument 'cmake_force_configure' from command line to 'False'
[0.389s] Level 5:colcon.colcon_core.verb:set package 'table_order' build argument 'ament_cmake_args' from command line to 'None'
[0.389s] Level 5:colcon.colcon_core.verb:set package 'table_order' build argument 'catkin_cmake_args' from command line to 'None'
[0.389s] Level 5:colcon.colcon_core.verb:set package 'table_order' build argument 'catkin_skip_building_tests' from command line to 'False'
[0.389s] DEBUG:colcon.colcon_core.verb:Building package 'table_order' with the following arguments: {'ament_cmake_args': None, 'build_base': '/home/psb/rokey_c_2_ws/build/table_order', 'catkin_cmake_args': None, 'catkin_skip_building_tests': False, 'cmake_args': None, 'cmake_clean_cache': False, 'cmake_clean_first': False, 'cmake_force_configure': False, 'cmake_target': None, 'cmake_target_skip_unavailable': False, 'install_base': '/home/psb/rokey_c_2_ws/install/table_order', 'merge_install': False, 'path': '/home/psb/rokey_c_2_ws/src/table_order', 'symlink_install': False, 'test_result_base': None}
[0.389s] INFO:colcon.colcon_core.executor:Executing jobs using 'parallel' executor
[0.390s] DEBUG:colcon.colcon_parallel_executor.executor.parallel:run_until_complete
[0.390s] INFO:colcon.colcon_ros.task.ament_cmake.build:Building ROS package in '/home/psb/rokey_c_2_ws/src/serving_robot_msgs' with build type 'ament_cmake'
[0.390s] INFO:colcon.colcon_cmake.task.cmake.build:Building CMake package in '/home/psb/rokey_c_2_ws/src/serving_robot_msgs'
[0.392s] INFO:colcon.colcon_core.plugin_system:Skipping extension 'colcon_core.shell.bat': Not used on non-Windows systems
[0.392s] INFO:colcon.colcon_core.shell:Skip shell extension 'powershell' for command environment: Not usable outside of PowerShell
[0.392s] DEBUG:colcon.colcon_core.shell:Skip shell extension 'dsv' for command environment
[0.396s] INFO:colcon.colcon_ros.task.ament_cmake.build:Building ROS package in '/home/psb/rokey_c_2_ws/src/table_order_interface' with build type 'ament_cmake'
[0.396s] INFO:colcon.colcon_cmake.task.cmake.build:Building CMake package in '/home/psb/rokey_c_2_ws/src/table_order_interface'
[0.396s] INFO:colcon.colcon_core.shell:Skip shell extension 'powershell' for command environment: Not usable outside of PowerShell
[0.396s] DEBUG:colcon.colcon_core.shell:Skip shell extension 'dsv' for command environment
[0.399s] INFO:colcon.colcon_ros.task.ament_python.build:Building ROS package in '/home/psb/rokey_c_2_ws/src/database' with build type 'ament_python'
[0.399s] Level 1:colcon.colcon_core.shell:create_environment_hook('database', 'ament_prefix_path')
[0.400s] INFO:colcon.colcon_core.shell:Creating environment hook '/home/psb/rokey_c_2_ws/install/database/share/database/hook/ament_prefix_path.ps1'
[0.400s] INFO:colcon.colcon_core.shell:Creating environment descriptor '/home/psb/rokey_c_2_ws/install/database/share/database/hook/ament_prefix_path.dsv'
[0.400s] INFO:colcon.colcon_core.shell:Creating environment hook '/home/psb/rokey_c_2_ws/install/database/share/database/hook/ament_prefix_path.sh'
[0.401s] INFO:colcon.colcon_core.shell:Skip shell extension 'powershell' for command environment: Not usable outside of PowerShell
[0.401s] DEBUG:colcon.colcon_core.shell:Skip shell extension 'dsv' for command environment
[0.404s] INFO:colcon.colcon_ros.task.ament_cmake.build:Building ROS package in '/home/psb/rokey_c_2_ws/src/nav_interfaces' with build type 'ament_cmake'
[0.405s] INFO:colcon.colcon_cmake.task.cmake.build:Building CMake package in '/home/psb/rokey_c_2_ws/src/nav_interfaces'
[0.405s] INFO:colcon.colcon_core.shell:Skip shell extension 'powershell' for command environment: Not usable outside of PowerShell
[0.405s] DEBUG:colcon.colcon_core.shell:Skip shell extension 'dsv' for command environment
[0.408s] INFO:colcon.colcon_ros.task.ament_python.build:Building ROS package in '/home/psb/rokey_c_2_ws/src/turtlebot3_gui' with build type 'ament_python'
[0.409s] Level 1:colcon.colcon_core.shell:create_environment_hook('turtlebot3_gui', 'ament_prefix_path')
[0.409s] INFO:colcon.colcon_core.shell:Creating environment hook '/home/psb/rokey_c_2_ws/install/turtlebot3_gui/share/turtlebot3_gui/hook/ament_prefix_path.ps1'
[0.409s] INFO:colcon.colcon_core.shell:Creating environment descriptor '/home/psb/rokey_c_2_ws/install/turtlebot3_gui/share/turtlebot3_gui/hook/ament_prefix_path.dsv'
[0.409s] INFO:colcon.colcon_core.shell:Creating environment hook '/home/psb/rokey_c_2_ws/install/turtlebot3_gui/share/turtlebot3_gui/hook/ament_prefix_path.sh'
[0.410s] INFO:colcon.colcon_core.shell:Skip shell extension 'powershell' for command environment: Not usable outside of PowerShell
[0.410s] DEBUG:colcon.colcon_core.shell:Skip shell extension 'dsv' for command environment
[0.418s] DEBUG:colcon.colcon_core.event_handler.log_command:Invoking command in '/home/psb/rokey_c_2_ws/build/serving_robot_msgs': CMAKE_PREFIX_PATH=${CMAKE_PREFIX_PATH}:/home/psb/rokey_c_2_ws/install/turtlebot3_gui:/home/psb/rokey_c_2_ws/install/table_order:/home/psb/rokey_c_2_ws/install/serving_robot:/home/psb/rokey_c_2_ws/install/database:/home/psb/rokey_c_2_ws/install/c2_turtle_order_package:/home/psb/turtlebot3_ws/install/turtlebot3_teleop:/home/psb/turtlebot3_ws/install/turtlebot3_example:/opt/ros/humble /usr/bin/cmake --build /home/psb/rokey_c_2_ws/build/serving_robot_msgs -- -j8 -l8
[0.422s] DEBUG:colcon.colcon_core.event_handler.log_command:Invoking command in '/home/psb/rokey_c_2_ws/build/table_order_interface': CMAKE_PREFIX_PATH=${CMAKE_PREFIX_PATH}:/home/psb/rokey_c_2_ws/install/turtlebot3_gui:/home/psb/rokey_c_2_ws/install/table_order:/home/psb/rokey_c_2_ws/install/serving_robot:/home/psb/rokey_c_2_ws/install/database:/home/psb/rokey_c_2_ws/install/c2_turtle_order_package:/home/psb/turtlebot3_ws/install/turtlebot3_teleop:/home/psb/turtlebot3_ws/install/turtlebot3_example:/opt/ros/humble /usr/bin/cmake --build /home/psb/rokey_c_2_ws/build/table_order_interface -- -j8 -l8
[0.843s] INFO:colcon.colcon_core.task.python.build:Building Python package in '/home/psb/rokey_c_2_ws/src/database'
[0.844s] INFO:colcon.colcon_core.shell:Skip shell extension 'powershell' for command environment: Not usable outside of PowerShell
[0.844s] DEBUG:colcon.colcon_core.shell:Skip shell extension 'dsv' for command environment
[0.854s] DEBUG:colcon.colcon_core.event_handler.log_command:Invoking command in '/home/psb/rokey_c_2_ws/build/nav_interfaces': CMAKE_PREFIX_PATH=${CMAKE_PREFIX_PATH}:/home/psb/rokey_c_2_ws/install/turtlebot3_gui:/home/psb/rokey_c_2_ws/install/table_order:/home/psb/rokey_c_2_ws/install/serving_robot:/home/psb/rokey_c_2_ws/install/database:/home/psb/rokey_c_2_ws/install/c2_turtle_order_package:/home/psb/turtlebot3_ws/install/turtlebot3_teleop:/home/psb/turtlebot3_ws/install/turtlebot3_example:/opt/ros/humble /usr/bin/cmake --build /home/psb/rokey_c_2_ws/build/nav_interfaces -- -j8 -l8
[1.246s] INFO:colcon.colcon_core.task.python.build:Building Python package in '/home/psb/rokey_c_2_ws/src/turtlebot3_gui'
[1.246s] INFO:colcon.colcon_core.shell:Skip shell extension 'powershell' for command environment: Not usable outside of PowerShell
[1.246s] DEBUG:colcon.colcon_core.shell:Skip shell extension 'dsv' for command environment
[1.259s] DEBUG:colcon.colcon_core.event_handler.log_command:Invoked command in '/home/psb/rokey_c_2_ws/build/table_order_interface' returned '0': CMAKE_PREFIX_PATH=${CMAKE_PREFIX_PATH}:/home/psb/rokey_c_2_ws/install/turtlebot3_gui:/home/psb/rokey_c_2_ws/install/table_order:/home/psb/rokey_c_2_ws/install/serving_robot:/home/psb/rokey_c_2_ws/install/database:/home/psb/rokey_c_2_ws/install/c2_turtle_order_package:/home/psb/turtlebot3_ws/install/turtlebot3_teleop:/home/psb/turtlebot3_ws/install/turtlebot3_example:/opt/ros/humble /usr/bin/cmake --build /home/psb/rokey_c_2_ws/build/table_order_interface -- -j8 -l8
[1.261s] DEBUG:colcon.colcon_core.event_handler.log_command:Invoked command in '/home/psb/rokey_c_2_ws/build/serving_robot_msgs' returned '0': CMAKE_PREFIX_PATH=${CMAKE_PREFIX_PATH}:/home/psb/rokey_c_2_ws/install/turtlebot3_gui:/home/psb/rokey_c_2_ws/install/table_order:/home/psb/rokey_c_2_ws/install/serving_robot:/home/psb/rokey_c_2_ws/install/database:/home/psb/rokey_c_2_ws/install/c2_turtle_order_package:/home/psb/turtlebot3_ws/install/turtlebot3_teleop:/home/psb/turtlebot3_ws/install/turtlebot3_example:/opt/ros/humble /usr/bin/cmake --build /home/psb/rokey_c_2_ws/build/serving_robot_msgs -- -j8 -l8
[1.330s] DEBUG:colcon.colcon_core.event_handler.log_command:Invoking command in '/home/psb/rokey_c_2_ws/build/table_order_interface': CMAKE_PREFIX_PATH=${CMAKE_PREFIX_PATH}:/home/psb/rokey_c_2_ws/install/turtlebot3_gui:/home/psb/rokey_c_2_ws/install/table_order:/home/psb/rokey_c_2_ws/install/serving_robot:/home/psb/rokey_c_2_ws/install/database:/home/psb/rokey_c_2_ws/install/c2_turtle_order_package:/home/psb/turtlebot3_ws/install/turtlebot3_teleop:/home/psb/turtlebot3_ws/install/turtlebot3_example:/opt/ros/humble /usr/bin/cmake --install /home/psb/rokey_c_2_ws/build/table_order_interface
[1.355s] DEBUG:colcon.colcon_core.event_handler.log_command:Invoked command in '/home/psb/rokey_c_2_ws/build/nav_interfaces' returned '0': CMAKE_PREFIX_PATH=${CMAKE_PREFIX_PATH}:/home/psb/rokey_c_2_ws/install/turtlebot3_gui:/home/psb/rokey_c_2_ws/install/table_order:/home/psb/rokey_c_2_ws/install/serving_robot:/home/psb/rokey_c_2_ws/install/database:/home/psb/rokey_c_2_ws/install/c2_turtle_order_package:/home/psb/turtlebot3_ws/install/turtlebot3_teleop:/home/psb/turtlebot3_ws/install/turtlebot3_example:/opt/ros/humble /usr/bin/cmake --build /home/psb/rokey_c_2_ws/build/nav_interfaces -- -j8 -l8
[1.379s] DEBUG:colcon.colcon_core.event_handler.log_command:Invoking command in '/home/psb/rokey_c_2_ws/build/serving_robot_msgs': CMAKE_PREFIX_PATH=${CMAKE_PREFIX_PATH}:/home/psb/rokey_c_2_ws/install/turtlebot3_gui:/home/psb/rokey_c_2_ws/install/table_order:/home/psb/rokey_c_2_ws/install/serving_robot:/home/psb/rokey_c_2_ws/install/database:/home/psb/rokey_c_2_ws/install/c2_turtle_order_package:/home/psb/turtlebot3_ws/install/turtlebot3_teleop:/home/psb/turtlebot3_ws/install/turtlebot3_example:/opt/ros/humble /usr/bin/cmake --install /home/psb/rokey_c_2_ws/build/serving_robot_msgs
[1.408s] Level 1:colcon.colcon_core.environment:create_environment_scripts_only(table_order_interface)
[1.409s] DEBUG:colcon.colcon_core.event_handler.log_command:Invoked command in '/home/psb/rokey_c_2_ws/build/table_order_interface' returned '0': CMAKE_PREFIX_PATH=${CMAKE_PREFIX_PATH}:/home/psb/rokey_c_2_ws/install/turtlebot3_gui:/home/psb/rokey_c_2_ws/install/table_order:/home/psb/rokey_c_2_ws/install/serving_robot:/home/psb/rokey_c_2_ws/install/database:/home/psb/rokey_c_2_ws/install/c2_turtle_order_package:/home/psb/turtlebot3_ws/install/turtlebot3_teleop:/home/psb/turtlebot3_ws/install/turtlebot3_example:/opt/ros/humble /usr/bin/cmake --install /home/psb/rokey_c_2_ws/build/table_order_interface
[1.412s] Level 1:colcon.colcon_core.environment:checking '/home/psb/rokey_c_2_ws/install/table_order_interface' for CMake module files
[1.413s] Level 1:colcon.colcon_core.environment:checking '/home/psb/rokey_c_2_ws/install/table_order_interface' for CMake config files
[1.413s] Level 1:colcon.colcon_core.shell:create_environment_hook('table_order_interface', 'cmake_prefix_path')
[1.413s] INFO:colcon.colcon_core.shell:Creating environment hook '/home/psb/rokey_c_2_ws/install/table_order_interface/share/table_order_interface/hook/cmake_prefix_path.ps1'
[1.414s] INFO:colcon.colcon_core.shell:Creating environment descriptor '/home/psb/rokey_c_2_ws/install/table_order_interface/share/table_order_interface/hook/cmake_prefix_path.dsv'
[1.414s] INFO:colcon.colcon_core.shell:Creating environment hook '/home/psb/rokey_c_2_ws/install/table_order_interface/share/table_order_interface/hook/cmake_prefix_path.sh'
[1.415s] Level 1:colcon.colcon_core.environment:checking '/home/psb/rokey_c_2_ws/install/table_order_interface/lib'
[1.415s] Level 1:colcon.colcon_core.shell:create_environment_hook('table_order_interface', 'ld_library_path_lib')
[1.415s] INFO:colcon.colcon_core.shell:Creating environment hook '/home/psb/rokey_c_2_ws/install/table_order_interface/share/table_order_interface/hook/ld_library_path_lib.ps1'
[1.416s] INFO:colcon.colcon_core.shell:Creating environment descriptor '/home/psb/rokey_c_2_ws/install/table_order_interface/share/table_order_interface/hook/ld_library_path_lib.dsv'
[1.416s] INFO:colcon.colcon_core.shell:Creating environment hook '/home/psb/rokey_c_2_ws/install/table_order_interface/share/table_order_interface/hook/ld_library_path_lib.sh'
[1.416s] Level 1:colcon.colcon_core.environment:checking '/home/psb/rokey_c_2_ws/install/table_order_interface/bin'
[1.416s] Level 1:colcon.colcon_core.environment:checking '/home/psb/rokey_c_2_ws/install/table_order_interface/lib/pkgconfig/table_order_interface.pc'
[1.417s] Level 1:colcon.colcon_core.environment:checking '/home/psb/rokey_c_2_ws/install/table_order_interface/lib/python3.10/site-packages'
[1.417s] Level 1:colcon.colcon_core.environment:checking '/home/psb/rokey_c_2_ws/install/table_order_interface/bin'
[1.417s] INFO:colcon.colcon_core.shell:Creating package script '/home/psb/rokey_c_2_ws/install/table_order_interface/share/table_order_interface/package.ps1'
[1.418s] INFO:colcon.colcon_core.shell:Creating package descriptor '/home/psb/rokey_c_2_ws/install/table_order_interface/share/table_order_interface/package.dsv'
[1.418s] INFO:colcon.colcon_core.shell:Creating package script '/home/psb/rokey_c_2_ws/install/table_order_interface/share/table_order_interface/package.sh'
[1.419s] INFO:colcon.colcon_core.shell:Creating package script '/home/psb/rokey_c_2_ws/install/table_order_interface/share/table_order_interface/package.bash'
[1.420s] INFO:colcon.colcon_core.shell:Creating package script '/home/psb/rokey_c_2_ws/install/table_order_interface/share/table_order_interface/package.zsh'
[1.421s] Level 1:colcon.colcon_core.environment:create_file_with_runtime_dependencies(/home/psb/rokey_c_2_ws/install/table_order_interface/share/colcon-core/packages/table_order_interface)
[1.425s] DEBUG:colcon.colcon_core.event_handler.log_command:Invoking command in '/home/psb/rokey_c_2_ws/build/nav_interfaces': CMAKE_PREFIX_PATH=${CMAKE_PREFIX_PATH}:/home/psb/rokey_c_2_ws/install/turtlebot3_gui:/home/psb/rokey_c_2_ws/install/table_order:/home/psb/rokey_c_2_ws/install/serving_robot:/home/psb/rokey_c_2_ws/install/database:/home/psb/rokey_c_2_ws/install/c2_turtle_order_package:/home/psb/turtlebot3_ws/install/turtlebot3_teleop:/home/psb/turtlebot3_ws/install/turtlebot3_example:/opt/ros/humble /usr/bin/cmake --install /home/psb/rokey_c_2_ws/build/nav_interfaces
[1.457s] Level 1:colcon.colcon_core.environment:create_environment_scripts_only(serving_robot_msgs)
[1.457s] DEBUG:colcon.colcon_core.event_handler.log_command:Invoked command in '/home/psb/rokey_c_2_ws/build/serving_robot_msgs' returned '0': CMAKE_PREFIX_PATH=${CMAKE_PREFIX_PATH}:/home/psb/rokey_c_2_ws/install/turtlebot3_gui:/home/psb/rokey_c_2_ws/install/table_order:/home/psb/rokey_c_2_ws/install/serving_robot:/home/psb/rokey_c_2_ws/install/database:/home/psb/rokey_c_2_ws/install/c2_turtle_order_package:/home/psb/turtlebot3_ws/install/turtlebot3_teleop:/home/psb/turtlebot3_ws/install/turtlebot3_example:/opt/ros/humble /usr/bin/cmake --install /home/psb/rokey_c_2_ws/build/serving_robot_msgs
[1.458s] Level 1:colcon.colcon_core.environment:checking '/home/psb/rokey_c_2_ws/install/serving_robot_msgs' for CMake module files
[1.459s] Level 1:colcon.colcon_core.environment:checking '/home/psb/rokey_c_2_ws/install/serving_robot_msgs' for CMake config files
[1.460s] Level 1:colcon.colcon_core.shell:create_environment_hook('serving_robot_msgs', 'cmake_prefix_path')
[1.460s] INFO:colcon.colcon_core.shell:Creating environment hook '/home/psb/rokey_c_2_ws/install/serving_robot_msgs/share/serving_robot_msgs/hook/cmake_prefix_path.ps1'
[1.461s] INFO:colcon.colcon_core.shell:Creating environment descriptor '/home/psb/rokey_c_2_ws/install/serving_robot_msgs/share/serving_robot_msgs/hook/cmake_prefix_path.dsv'
[1.462s] INFO:colcon.colcon_core.shell:Creating environment hook '/home/psb/rokey_c_2_ws/install/serving_robot_msgs/share/serving_robot_msgs/hook/cmake_prefix_path.sh'
[1.462s] Level 1:colcon.colcon_core.environment:checking '/home/psb/rokey_c_2_ws/install/serving_robot_msgs/lib'
[1.462s] Level 1:colcon.colcon_core.shell:create_environment_hook('serving_robot_msgs', 'ld_library_path_lib')
[1.463s] INFO:colcon.colcon_core.shell:Creating environment hook '/home/psb/rokey_c_2_ws/install/serving_robot_msgs/share/serving_robot_msgs/hook/ld_library_path_lib.ps1'
[1.463s] INFO:colcon.colcon_core.shell:Creating environment descriptor '/home/psb/rokey_c_2_ws/install/serving_robot_msgs/share/serving_robot_msgs/hook/ld_library_path_lib.dsv'
[1.464s] INFO:colcon.colcon_core.shell:Creating environment hook '/home/psb/rokey_c_2_ws/install/serving_robot_msgs/share/serving_robot_msgs/hook/ld_library_path_lib.sh'
[1.464s] Level 1:colcon.colcon_core.environment:checking '/home/psb/rokey_c_2_ws/install/serving_robot_msgs/bin'
[1.464s] Level 1:colcon.colcon_core.environment:checking '/home/psb/rokey_c_2_ws/install/serving_robot_msgs/lib/pkgconfig/serving_robot_msgs.pc'
[1.465s] Level 1:colcon.colcon_core.environment:checking '/home/psb/rokey_c_2_ws/install/serving_robot_msgs/lib/python3.10/site-packages'
[1.465s] Level 1:colcon.colcon_core.environment:checking '/home/psb/rokey_c_2_ws/install/serving_robot_msgs/bin'
[1.466s] INFO:colcon.colcon_core.shell:Creating package script '/home/psb/rokey_c_2_ws/install/serving_robot_msgs/share/serving_robot_msgs/package.ps1'
[1.466s] INFO:colcon.colcon_core.shell:Creating package descriptor '/home/psb/rokey_c_2_ws/install/serving_robot_msgs/share/serving_robot_msgs/package.dsv'
[1.467s] INFO:colcon.colcon_core.shell:Creating package script '/home/psb/rokey_c_2_ws/install/serving_robot_msgs/share/serving_robot_msgs/package.sh'
[1.467s] INFO:colcon.colcon_core.shell:Creating package script '/home/psb/rokey_c_2_ws/install/serving_robot_msgs/share/serving_robot_msgs/package.bash'
[1.468s] INFO:colcon.colcon_core.shell:Creating package script '/home/psb/rokey_c_2_ws/install/serving_robot_msgs/share/serving_robot_msgs/package.zsh'
[1.468s] Level 1:colcon.colcon_core.environment:create_file_with_runtime_dependencies(/home/psb/rokey_c_2_ws/install/serving_robot_msgs/share/colcon-core/packages/serving_robot_msgs)
[1.483s] Level 1:colcon.colcon_core.environment:create_environment_scripts_only(table_order_interface)
[1.483s] Level 1:colcon.colcon_core.environment:checking '/home/psb/rokey_c_2_ws/install/table_order_interface' for CMake module files
[1.484s] Level 1:colcon.colcon_core.environment:checking '/home/psb/rokey_c_2_ws/install/table_order_interface' for CMake config files
[1.485s] Level 1:colcon.colcon_core.shell:create_environment_hook('table_order_interface', 'cmake_prefix_path')
[1.485s] INFO:colcon.colcon_core.shell:Creating environment hook '/home/psb/rokey_c_2_ws/install/table_order_interface/share/table_order_interface/hook/cmake_prefix_path.ps1'
[1.486s] INFO:colcon.colcon_core.shell:Creating environment descriptor '/home/psb/rokey_c_2_ws/install/table_order_interface/share/table_order_interface/hook/cmake_prefix_path.dsv'
[1.486s] INFO:colcon.colcon_core.shell:Creating environment hook '/home/psb/rokey_c_2_ws/install/table_order_interface/share/table_order_interface/hook/cmake_prefix_path.sh'
[1.487s] Level 1:colcon.colcon_core.environment:checking '/home/psb/rokey_c_2_ws/install/table_order_interface/lib'
[1.487s] Level 1:colcon.colcon_core.shell:create_environment_hook('table_order_interface', 'ld_library_path_lib')
[1.487s] INFO:colcon.colcon_core.shell:Creating environment hook '/home/psb/rokey_c_2_ws/install/table_order_interface/share/table_order_interface/hook/ld_library_path_lib.ps1'
[1.488s] INFO:colcon.colcon_core.shell:Creating environment descriptor '/home/psb/rokey_c_2_ws/install/table_order_interface/share/table_order_interface/hook/ld_library_path_lib.dsv'
[1.489s] INFO:colcon.colcon_core.shell:Creating environment hook '/home/psb/rokey_c_2_ws/install/table_order_interface/share/table_order_interface/hook/ld_library_path_lib.sh'
[1.489s] Level 1:colcon.colcon_core.environment:checking '/home/psb/rokey_c_2_ws/install/table_order_interface/bin'
[1.490s] Level 1:colcon.colcon_core.environment:checking '/home/psb/rokey_c_2_ws/install/table_order_interface/lib/pkgconfig/table_order_interface.pc'
[1.490s] Level 1:colcon.colcon_core.environment:checking '/home/psb/rokey_c_2_ws/install/table_order_interface/lib/python3.10/site-packages'
[1.491s] Level 1:colcon.colcon_core.environment:checking '/home/psb/rokey_c_2_ws/install/table_order_interface/bin'
[1.491s] INFO:colcon.colcon_core.shell:Creating package script '/home/psb/rokey_c_2_ws/install/table_order_interface/share/table_order_interface/package.ps1'
[1.492s] INFO:colcon.colcon_core.shell:Creating package descriptor '/home/psb/rokey_c_2_ws/install/table_order_interface/share/table_order_interface/package.dsv'
[1.493s] INFO:colcon.colcon_core.shell:Creating package script '/home/psb/rokey_c_2_ws/install/table_order_interface/share/table_order_interface/package.sh'
[1.494s] INFO:colcon.colcon_core.shell:Creating package script '/home/psb/rokey_c_2_ws/install/table_order_interface/share/table_order_interface/package.bash'
[1.495s] INFO:colcon.colcon_core.shell:Creating package script '/home/psb/rokey_c_2_ws/install/table_order_interface/share/table_order_interface/package.zsh'
[1.495s] Level 1:colcon.colcon_core.environment:create_file_with_runtime_dependencies(/home/psb/rokey_c_2_ws/install/table_order_interface/share/colcon-core/packages/table_order_interface)
[1.496s] INFO:colcon.colcon_ros.task.ament_python.build:Building ROS package in '/home/psb/rokey_c_2_ws/src/table_order' with build type 'ament_python'
[1.496s] Level 1:colcon.colcon_core.shell:create_environment_hook('table_order', 'ament_prefix_path')
[1.496s] INFO:colcon.colcon_core.shell:Creating environment hook '/home/psb/rokey_c_2_ws/install/table_order/share/table_order/hook/ament_prefix_path.ps1'
[1.497s] INFO:colcon.colcon_core.shell:Creating environment descriptor '/home/psb/rokey_c_2_ws/install/table_order/share/table_order/hook/ament_prefix_path.dsv'
[1.498s] INFO:colcon.colcon_core.shell:Creating environment hook '/home/psb/rokey_c_2_ws/install/table_order/share/table_order/hook/ament_prefix_path.sh'
[1.498s] INFO:colcon.colcon_core.shell:Skip shell extension 'powershell' for command environment: Not usable outside of PowerShell
[1.498s] DEBUG:colcon.colcon_core.shell:Skip shell extension 'dsv' for command environment
[1.511s] Level 1:colcon.colcon_core.environment:create_environment_scripts_only(nav_interfaces)
[1.511s] Level 1:colcon.colcon_core.environment:checking '/home/psb/rokey_c_2_ws/install/nav_interfaces' for CMake module files
[1.512s] DEBUG:colcon.colcon_core.event_handler.log_command:Invoked command in '/home/psb/rokey_c_2_ws/build/nav_interfaces' returned '0': CMAKE_PREFIX_PATH=${CMAKE_PREFIX_PATH}:/home/psb/rokey_c_2_ws/install/turtlebot3_gui:/home/psb/rokey_c_2_ws/install/table_order:/home/psb/rokey_c_2_ws/install/serving_robot:/home/psb/rokey_c_2_ws/install/database:/home/psb/rokey_c_2_ws/install/c2_turtle_order_package:/home/psb/turtlebot3_ws/install/turtlebot3_teleop:/home/psb/turtlebot3_ws/install/turtlebot3_example:/opt/ros/humble /usr/bin/cmake --install /home/psb/rokey_c_2_ws/build/nav_interfaces
[1.512s] Level 1:colcon.colcon_core.environment:checking '/home/psb/rokey_c_2_ws/install/nav_interfaces' for CMake config files
[1.513s] Level 1:colcon.colcon_core.shell:create_environment_hook('nav_interfaces', 'cmake_prefix_path')
[1.513s] INFO:colcon.colcon_core.shell:Creating environment hook '/home/psb/rokey_c_2_ws/install/nav_interfaces/share/nav_interfaces/hook/cmake_prefix_path.ps1'
[1.513s] INFO:colcon.colcon_core.shell:Creating environment descriptor '/home/psb/rokey_c_2_ws/install/nav_interfaces/share/nav_interfaces/hook/cmake_prefix_path.dsv'
[1.514s] INFO:colcon.colcon_core.shell:Creating environment hook '/home/psb/rokey_c_2_ws/install/nav_interfaces/share/nav_interfaces/hook/cmake_prefix_path.sh'
[1.514s] Level 1:colcon.colcon_core.environment:checking '/home/psb/rokey_c_2_ws/install/nav_interfaces/lib'
[1.514s] Level 1:colcon.colcon_core.shell:create_environment_hook('nav_interfaces', 'ld_library_path_lib')
[1.515s] INFO:colcon.colcon_core.shell:Creating environment hook '/home/psb/rokey_c_2_ws/install/nav_interfaces/share/nav_interfaces/hook/ld_library_path_lib.ps1'
[1.515s] INFO:colcon.colcon_core.shell:Creating environment descriptor '/home/psb/rokey_c_2_ws/install/nav_interfaces/share/nav_interfaces/hook/ld_library_path_lib.dsv'
[1.515s] INFO:colcon.colcon_core.shell:Creating environment hook '/home/psb/rokey_c_2_ws/install/nav_interfaces/share/nav_interfaces/hook/ld_library_path_lib.sh'
[1.515s] Level 1:colcon.colcon_core.environment:checking '/home/psb/rokey_c_2_ws/install/nav_interfaces/bin'
[1.516s] Level 1:colcon.colcon_core.environment:checking '/home/psb/rokey_c_2_ws/install/nav_interfaces/lib/pkgconfig/nav_interfaces.pc'
[1.516s] Level 1:colcon.colcon_core.environment:checking '/home/psb/rokey_c_2_ws/install/nav_interfaces/lib/python3.10/site-packages'
[1.516s] Level 1:colcon.colcon_core.environment:checking '/home/psb/rokey_c_2_ws/install/nav_interfaces/bin'
[1.516s] INFO:colcon.colcon_core.shell:Creating package script '/home/psb/rokey_c_2_ws/install/nav_interfaces/share/nav_interfaces/package.ps1'
[1.517s] INFO:colcon.colcon_core.shell:Creating package descriptor '/home/psb/rokey_c_2_ws/install/nav_interfaces/share/nav_interfaces/package.dsv'
[1.517s] INFO:colcon.colcon_core.shell:Creating package script '/home/psb/rokey_c_2_ws/install/nav_interfaces/share/nav_interfaces/package.sh'
[1.518s] INFO:colcon.colcon_core.shell:Creating package script '/home/psb/rokey_c_2_ws/install/nav_interfaces/share/nav_interfaces/package.bash'
[1.518s] INFO:colcon.colcon_core.shell:Creating package script '/home/psb/rokey_c_2_ws/install/nav_interfaces/share/nav_interfaces/package.zsh'
[1.518s] Level 1:colcon.colcon_core.environment:create_file_with_runtime_dependencies(/home/psb/rokey_c_2_ws/install/nav_interfaces/share/colcon-core/packages/nav_interfaces)
[1.876s] INFO:colcon.colcon_core.task.python.build:Building Python package in '/home/psb/rokey_c_2_ws/src/table_order'
[1.876s] INFO:colcon.colcon_core.shell:Skip shell extension 'powershell' for command environment: Not usable outside of PowerShell
[1.876s] DEBUG:colcon.colcon_core.shell:Skip shell extension 'dsv' for command environment
[1.882s] Level 1:colcon.colcon_core.environment:create_environment_scripts_only(serving_robot_msgs)
[1.882s] Level 1:colcon.colcon_core.environment:checking '/home/psb/rokey_c_2_ws/install/serving_robot_msgs' for CMake module files
[1.883s] Level 1:colcon.colcon_core.environment:checking '/home/psb/rokey_c_2_ws/install/serving_robot_msgs' for CMake config files
[1.883s] Level 1:colcon.colcon_core.shell:create_environment_hook('serving_robot_msgs', 'cmake_prefix_path')
[1.884s] INFO:colcon.colcon_core.shell:Creating environment hook '/home/psb/rokey_c_2_ws/install/serving_robot_msgs/share/serving_robot_msgs/hook/cmake_prefix_path.ps1'
[1.884s] INFO:colcon.colcon_core.shell:Creating environment descriptor '/home/psb/rokey_c_2_ws/install/serving_robot_msgs/share/serving_robot_msgs/hook/cmake_prefix_path.dsv'
[1.884s] INFO:colcon.colcon_core.shell:Creating environment hook '/home/psb/rokey_c_2_ws/install/serving_robot_msgs/share/serving_robot_msgs/hook/cmake_prefix_path.sh'
[1.885s] Level 1:colcon.colcon_core.environment:checking '/home/psb/rokey_c_2_ws/install/serving_robot_msgs/lib'
[1.885s] Level 1:colcon.colcon_core.shell:create_environment_hook('serving_robot_msgs', 'ld_library_path_lib')
[1.885s] INFO:colcon.colcon_core.shell:Creating environment hook '/home/psb/rokey_c_2_ws/install/serving_robot_msgs/share/serving_robot_msgs/hook/ld_library_path_lib.ps1'
[1.885s] INFO:colcon.colcon_core.shell:Creating environment descriptor '/home/psb/rokey_c_2_ws/install/serving_robot_msgs/share/serving_robot_msgs/hook/ld_library_path_lib.dsv'
[1.886s] INFO:colcon.colcon_core.shell:Creating environment hook '/home/psb/rokey_c_2_ws/install/serving_robot_msgs/share/serving_robot_msgs/hook/ld_library_path_lib.sh'
[1.886s] Level 1:colcon.colcon_core.environment:checking '/home/psb/rokey_c_2_ws/install/serving_robot_msgs/bin'
[1.886s] Level 1:colcon.colcon_core.environment:checking '/home/psb/rokey_c_2_ws/install/serving_robot_msgs/lib/pkgconfig/serving_robot_msgs.pc'
[1.886s] Level 1:colcon.colcon_core.environment:checking '/home/psb/rokey_c_2_ws/install/serving_robot_msgs/lib/python3.10/site-packages'
[1.886s] Level 1:colcon.colcon_core.environment:checking '/home/psb/rokey_c_2_ws/install/serving_robot_msgs/bin'
[1.887s] INFO:colcon.colcon_core.shell:Creating package script '/home/psb/rokey_c_2_ws/install/serving_robot_msgs/share/serving_robot_msgs/package.ps1'
[1.887s] INFO:colcon.colcon_core.shell:Creating package descriptor '/home/psb/rokey_c_2_ws/install/serving_robot_msgs/share/serving_robot_msgs/package.dsv'
[1.888s] INFO:colcon.colcon_core.shell:Creating package script '/home/psb/rokey_c_2_ws/install/serving_robot_msgs/share/serving_robot_msgs/package.sh'
[1.888s] INFO:colcon.colcon_core.shell:Creating package script '/home/psb/rokey_c_2_ws/install/serving_robot_msgs/share/serving_robot_msgs/package.bash'
[1.888s] INFO:colcon.colcon_core.shell:Creating package script '/home/psb/rokey_c_2_ws/install/serving_robot_msgs/share/serving_robot_msgs/package.zsh'
[1.889s] Level 1:colcon.colcon_core.environment:create_file_with_runtime_dependencies(/home/psb/rokey_c_2_ws/install/serving_robot_msgs/share/colcon-core/packages/serving_robot_msgs)
[1.889s] Level 1:colcon.colcon_core.environment:create_environment_scripts_only(nav_interfaces)
[1.889s] Level 1:colcon.colcon_core.environment:checking '/home/psb/rokey_c_2_ws/install/nav_interfaces' for CMake module files
[1.890s] Level 1:colcon.colcon_core.environment:checking '/home/psb/rokey_c_2_ws/install/nav_interfaces' for CMake config files
[1.891s] Level 1:colcon.colcon_core.shell:create_environment_hook('nav_interfaces', 'cmake_prefix_path')
[1.891s] INFO:colcon.colcon_core.shell:Creating environment hook '/home/psb/rokey_c_2_ws/install/nav_interfaces/share/nav_interfaces/hook/cmake_prefix_path.ps1'
[1.891s] INFO:colcon.colcon_core.shell:Creating environment descriptor '/home/psb/rokey_c_2_ws/install/nav_interfaces/share/nav_interfaces/hook/cmake_prefix_path.dsv'
[1.892s] INFO:colcon.colcon_core.shell:Creating environment hook '/home/psb/rokey_c_2_ws/install/nav_interfaces/share/nav_interfaces/hook/cmake_prefix_path.sh'
[1.892s] Level 1:colcon.colcon_core.environment:checking '/home/psb/rokey_c_2_ws/install/nav_interfaces/lib'
[1.892s] Level 1:colcon.colcon_core.shell:create_environment_hook('nav_interfaces', 'ld_library_path_lib')
[1.892s] INFO:colcon.colcon_core.shell:Creating environment hook '/home/psb/rokey_c_2_ws/install/nav_interfaces/share/nav_interfaces/hook/ld_library_path_lib.ps1'
[1.893s] INFO:colcon.colcon_core.shell:Creating environment descriptor '/home/psb/rokey_c_2_ws/install/nav_interfaces/share/nav_interfaces/hook/ld_library_path_lib.dsv'
[1.893s] INFO:colcon.colcon_core.shell:Creating environment hook '/home/psb/rokey_c_2_ws/install/nav_interfaces/share/nav_interfaces/hook/ld_library_path_lib.sh'
[1.893s] Level 1:colcon.colcon_core.environment:checking '/home/psb/rokey_c_2_ws/install/nav_interfaces/bin'
[1.893s] Level 1:colcon.colcon_core.environment:checking '/home/psb/rokey_c_2_ws/install/nav_interfaces/lib/pkgconfig/nav_interfaces.pc'
[1.894s] Level 1:colcon.colcon_core.environment:checking '/home/psb/rokey_c_2_ws/install/nav_interfaces/lib/python3.10/site-packages'
[1.894s] Level 1:colcon.colcon_core.environment:checking '/home/psb/rokey_c_2_ws/install/nav_interfaces/bin'
[1.894s] INFO:colcon.colcon_core.shell:Creating package script '/home/psb/rokey_c_2_ws/install/nav_interfaces/share/nav_interfaces/package.ps1'
[1.895s] INFO:colcon.colcon_core.shell:Creating package descriptor '/home/psb/rokey_c_2_ws/install/nav_interfaces/share/nav_interfaces/package.dsv'
[1.895s] INFO:colcon.colcon_core.shell:Creating package script '/home/psb/rokey_c_2_ws/install/nav_interfaces/share/nav_interfaces/package.sh'
[1.896s] INFO:colcon.colcon_core.shell:Creating package script '/home/psb/rokey_c_2_ws/install/nav_interfaces/share/nav_interfaces/package.bash'
[1.896s] INFO:colcon.colcon_core.shell:Creating package script '/home/psb/rokey_c_2_ws/install/nav_interfaces/share/nav_interfaces/package.zsh'
[1.896s] Level 1:colcon.colcon_core.environment:create_file_with_runtime_dependencies(/home/psb/rokey_c_2_ws/install/nav_interfaces/share/colcon-core/packages/nav_interfaces)
[1.900s] INFO:colcon.colcon_ros.task.ament_python.build:Building ROS package in '/home/psb/rokey_c_2_ws/src/serving_robot' with build type 'ament_python'
[1.900s] Level 1:colcon.colcon_core.shell:create_environment_hook('serving_robot', 'ament_prefix_path')
[1.900s] INFO:colcon.colcon_core.shell:Creating environment hook '/home/psb/rokey_c_2_ws/install/serving_robot/share/serving_robot/hook/ament_prefix_path.ps1'
[1.901s] INFO:colcon.colcon_core.shell:Creating environment descriptor '/home/psb/rokey_c_2_ws/install/serving_robot/share/serving_robot/hook/ament_prefix_path.dsv'
[1.901s] DEBUG:colcon.colcon_core.event_handler.log_command:Invoking command in '/home/psb/rokey_c_2_ws/src/database': PYTHONPATH=/home/psb/rokey_c_2_ws/build/database/prefix_override:/usr/lib/python3/dist-packages/colcon_core/task/python/colcon_distutils_commands:/home/psb/rokey_c_2_ws/install/database/lib/python3.10/site-packages:${PYTHONPATH} /usr/bin/python3 -W ignore:setup.py install is deprecated setup.py egg_info --egg-base ../../build/database build --build-base /home/psb/rokey_c_2_ws/build/database/build install --record /home/psb/rokey_c_2_ws/build/database/install.log --single-version-externally-managed install_data
[1.902s] INFO:colcon.colcon_core.shell:Creating environment hook '/home/psb/rokey_c_2_ws/install/serving_robot/share/serving_robot/hook/ament_prefix_path.sh'
[1.903s] INFO:colcon.colcon_core.shell:Skip shell extension 'powershell' for command environment: Not usable outside of PowerShell
[1.903s] DEBUG:colcon.colcon_core.shell:Skip shell extension 'dsv' for command environment
[1.903s] DEBUG:colcon.colcon_core.event_handler.log_command:Invoking command in '/home/psb/rokey_c_2_ws/src/turtlebot3_gui': PYTHONPATH=/home/psb/rokey_c_2_ws/build/turtlebot3_gui/prefix_override:/usr/lib/python3/dist-packages/colcon_core/task/python/colcon_distutils_commands:/home/psb/rokey_c_2_ws/install/turtlebot3_gui/lib/python3.10/site-packages:${PYTHONPATH} /usr/bin/python3 -W ignore:setup.py install is deprecated setup.py egg_info --egg-base ../../build/turtlebot3_gui build --build-base /home/psb/rokey_c_2_ws/build/turtlebot3_gui/build install --record /home/psb/rokey_c_2_ws/build/turtlebot3_gui/install.log --single-version-externally-managed install_data
[2.234s] INFO:colcon.colcon_core.task.python.build:Building Python package in '/home/psb/rokey_c_2_ws/src/serving_robot'
[2.235s] INFO:colcon.colcon_core.shell:Skip shell extension 'powershell' for command environment: Not usable outside of PowerShell
[2.235s] DEBUG:colcon.colcon_core.shell:Skip shell extension 'dsv' for command environment
[2.258s] Level 1:colcon.colcon_core.environment:checking '/home/psb/rokey_c_2_ws/install/database' for CMake module files
[2.259s] DEBUG:colcon.colcon_core.event_handler.log_command:Invoked command in '/home/psb/rokey_c_2_ws/src/database' returned '0': PYTHONPATH=/home/psb/rokey_c_2_ws/build/database/prefix_override:/usr/lib/python3/dist-packages/colcon_core/task/python/colcon_distutils_commands:/home/psb/rokey_c_2_ws/install/database/lib/python3.10/site-packages:${PYTHONPATH} /usr/bin/python3 -W ignore:setup.py install is deprecated setup.py egg_info --egg-base ../../build/database build --build-base /home/psb/rokey_c_2_ws/build/database/build install --record /home/psb/rokey_c_2_ws/build/database/install.log --single-version-externally-managed install_data
[2.259s] Level 1:colcon.colcon_core.environment:checking '/home/psb/rokey_c_2_ws/install/database' for CMake config files
[2.260s] Level 1:colcon.colcon_core.environment:checking '/home/psb/rokey_c_2_ws/install/database/lib'
[2.260s] Level 1:colcon.colcon_core.environment:checking '/home/psb/rokey_c_2_ws/install/database/bin'
[2.260s] Level 1:colcon.colcon_core.environment:checking '/home/psb/rokey_c_2_ws/install/database/lib/pkgconfig/database.pc'
[2.260s] Level 1:colcon.colcon_core.environment:checking '/home/psb/rokey_c_2_ws/install/database/lib/python3.10/site-packages'
[2.260s] Level 1:colcon.colcon_core.shell:create_environment_hook('database', 'pythonpath')
[2.261s] INFO:colcon.colcon_core.shell:Creating environment hook '/home/psb/rokey_c_2_ws/install/database/share/database/hook/pythonpath.ps1'
[2.261s] INFO:colcon.colcon_core.shell:Creating environment descriptor '/home/psb/rokey_c_2_ws/install/database/share/database/hook/pythonpath.dsv'
[2.261s] INFO:colcon.colcon_core.shell:Creating environment hook '/home/psb/rokey_c_2_ws/install/database/share/database/hook/pythonpath.sh'
[2.262s] Level 1:colcon.colcon_core.environment:checking '/home/psb/rokey_c_2_ws/install/database/bin'
[2.262s] Level 1:colcon.colcon_core.environment:create_environment_scripts_only(database)
[2.262s] INFO:colcon.colcon_core.shell:Creating package script '/home/psb/rokey_c_2_ws/install/database/share/database/package.ps1'
[2.263s] INFO:colcon.colcon_core.shell:Creating package descriptor '/home/psb/rokey_c_2_ws/install/database/share/database/package.dsv'
[2.263s] INFO:colcon.colcon_core.shell:Creating package script '/home/psb/rokey_c_2_ws/install/database/share/database/package.sh'
[2.264s] INFO:colcon.colcon_core.shell:Creating package script '/home/psb/rokey_c_2_ws/install/database/share/database/package.bash'
[2.264s] INFO:colcon.colcon_core.shell:Creating package script '/home/psb/rokey_c_2_ws/install/database/share/database/package.zsh'
[2.264s] Level 1:colcon.colcon_core.environment:create_file_with_runtime_dependencies(/home/psb/rokey_c_2_ws/install/database/share/colcon-core/packages/database)
[2.265s] Level 1:colcon.colcon_core.environment:checking '/home/psb/rokey_c_2_ws/install/turtlebot3_gui' for CMake module files
[2.266s] Level 1:colcon.colcon_core.environment:checking '/home/psb/rokey_c_2_ws/install/turtlebot3_gui' for CMake config files
[2.267s] DEBUG:colcon.colcon_core.event_handler.log_command:Invoked command in '/home/psb/rokey_c_2_ws/src/turtlebot3_gui' returned '0': PYTHONPATH=/home/psb/rokey_c_2_ws/build/turtlebot3_gui/prefix_override:/usr/lib/python3/dist-packages/colcon_core/task/python/colcon_distutils_commands:/home/psb/rokey_c_2_ws/install/turtlebot3_gui/lib/python3.10/site-packages:${PYTHONPATH} /usr/bin/python3 -W ignore:setup.py install is deprecated setup.py egg_info --egg-base ../../build/turtlebot3_gui build --build-base /home/psb/rokey_c_2_ws/build/turtlebot3_gui/build install --record /home/psb/rokey_c_2_ws/build/turtlebot3_gui/install.log --single-version-externally-managed install_data
[2.267s] Level 1:colcon.colcon_core.environment:checking '/home/psb/rokey_c_2_ws/install/turtlebot3_gui/lib'
[2.267s] Level 1:colcon.colcon_core.environment:checking '/home/psb/rokey_c_2_ws/install/turtlebot3_gui/bin'
[2.267s] Level 1:colcon.colcon_core.environment:checking '/home/psb/rokey_c_2_ws/install/turtlebot3_gui/lib/pkgconfig/turtlebot3_gui.pc'
[2.268s] Level 1:colcon.colcon_core.environment:checking '/home/psb/rokey_c_2_ws/install/turtlebot3_gui/lib/python3.10/site-packages'
[2.268s] Level 1:colcon.colcon_core.shell:create_environment_hook('turtlebot3_gui', 'pythonpath')
[2.268s] INFO:colcon.colcon_core.shell:Creating environment hook '/home/psb/rokey_c_2_ws/install/turtlebot3_gui/share/turtlebot3_gui/hook/pythonpath.ps1'
[2.268s] INFO:colcon.colcon_core.shell:Creating environment descriptor '/home/psb/rokey_c_2_ws/install/turtlebot3_gui/share/turtlebot3_gui/hook/pythonpath.dsv'
[2.269s] INFO:colcon.colcon_core.shell:Creating environment hook '/home/psb/rokey_c_2_ws/install/turtlebot3_gui/share/turtlebot3_gui/hook/pythonpath.sh'
[2.269s] Level 1:colcon.colcon_core.environment:checking '/home/psb/rokey_c_2_ws/install/turtlebot3_gui/bin'
[2.269s] Level 1:colcon.colcon_core.environment:create_environment_scripts_only(turtlebot3_gui)
[2.270s] INFO:colcon.colcon_core.shell:Creating package script '/home/psb/rokey_c_2_ws/install/turtlebot3_gui/share/turtlebot3_gui/package.ps1'
[2.270s] INFO:colcon.colcon_core.shell:Creating package descriptor '/home/psb/rokey_c_2_ws/install/turtlebot3_gui/share/turtlebot3_gui/package.dsv'
[2.270s] INFO:colcon.colcon_core.shell:Creating package script '/home/psb/rokey_c_2_ws/install/turtlebot3_gui/share/turtlebot3_gui/package.sh'
[2.271s] INFO:colcon.colcon_core.shell:Creating package script '/home/psb/rokey_c_2_ws/install/turtlebot3_gui/share/turtlebot3_gui/package.bash'
[2.271s] INFO:colcon.colcon_core.shell:Creating package script '/home/psb/rokey_c_2_ws/install/turtlebot3_gui/share/turtlebot3_gui/package.zsh'
[2.271s] Level 1:colcon.colcon_core.environment:create_file_with_runtime_dependencies(/home/psb/rokey_c_2_ws/install/turtlebot3_gui/share/colcon-core/packages/turtlebot3_gui)
[2.334s] DEBUG:colcon.colcon_core.event_handler.log_command:Invoking command in '/home/psb/rokey_c_2_ws/src/table_order': LD_LIBRARY_PATH=/home/psb/rokey_c_2_ws/install/table_order_interface/lib:/home/psb/rokey_c_2_ws/install/serving_robot_msgs/lib:/home/psb/rokey_c_2_ws/install/nav_interfaces/lib:/home/psb/rokey_c_2_ws/install/c2_turtle_interface/lib:/home/psb/turtlebot3_ws/install/turtlebot3_msgs/lib:/usr/lib/x86_64-linux-gnu/gazebo-11/plugins:/opt/ros/humble/opt/rviz_ogre_vendor/lib:/opt/ros/humble/lib/x86_64-linux-gnu:/opt/ros/humble/lib:/usr/lib/x86_64-linux-gnu/gazebo-11/plugins PYTHONPATH=/home/psb/rokey_c_2_ws/build/table_order/prefix_override:/usr/lib/python3/dist-packages/colcon_core/task/python/colcon_distutils_commands:/home/psb/rokey_c_2_ws/install/table_order/lib/python3.10/site-packages:${PYTHONPATH} /usr/bin/python3 -W ignore:setup.py install is deprecated setup.py egg_info --egg-base ../../build/table_order build --build-base /home/psb/rokey_c_2_ws/build/table_order/build install --record /home/psb/rokey_c_2_ws/build/table_order/install.log --single-version-externally-managed install_data
[2.633s] DEBUG:colcon.colcon_core.event_handler.log_command:Invoking command in '/home/psb/rokey_c_2_ws/src/serving_robot': CMAKE_PREFIX_PATH=/home/psb/rokey_c_2_ws/install/serving_robot_msgs:/home/psb/rokey_c_2_ws/install/table_order_interface:/home/psb/rokey_c_2_ws/install/nav_interfaces:/home/psb/rokey_c_2_ws/install/c2_turtle_interface:/home/psb/turtlebot3_ws/install/turtlebot3:/home/psb/turtlebot3_ws/install/turtlebot3_simulations:/home/psb/turtlebot3_ws/install/turtlebot3_bringup:/home/psb/turtlebot3_ws/install/turtlebot3_node:/home/psb/turtlebot3_ws/install/turtlebot3_navigation2:/home/psb/turtlebot3_ws/install/turtlebot3_fake_node:/home/psb/turtlebot3_ws/install/turtlebot3_msgs:/home/psb/turtlebot3_ws/install/turtlebot3_gazebo:/home/psb/turtlebot3_ws/install/turtlebot3_description:/home/psb/turtlebot3_ws/install/turtlebot3_cartographer LD_LIBRARY_PATH=/home/psb/rokey_c_2_ws/install/serving_robot_msgs/lib:/home/psb/rokey_c_2_ws/install/table_order_interface/lib:/home/psb/rokey_c_2_ws/install/nav_interfaces/lib:/home/psb/rokey_c_2_ws/install/c2_turtle_interface/lib:/home/psb/turtlebot3_ws/install/turtlebot3_msgs/lib:/usr/lib/x86_64-linux-gnu/gazebo-11/plugins:/opt/ros/humble/opt/rviz_ogre_vendor/lib:/opt/ros/humble/lib/x86_64-linux-gnu:/opt/ros/humble/lib:/usr/lib/x86_64-linux-gnu/gazebo-11/plugins PYTHONPATH=/home/psb/rokey_c_2_ws/build/serving_robot/prefix_override:/usr/lib/python3/dist-packages/colcon_core/task/python/colcon_distutils_commands:/home/psb/rokey_c_2_ws/install/serving_robot/lib/python3.10/site-packages:${PYTHONPATH} /usr/bin/python3 -W ignore:setup.py install is deprecated setup.py egg_info --egg-base ../../build/serving_robot build --build-base /home/psb/rokey_c_2_ws/build/serving_robot/build install --record /home/psb/rokey_c_2_ws/build/serving_robot/install.log --single-version-externally-managed install_data
[2.648s] Level 1:colcon.colcon_core.environment:checking '/home/psb/rokey_c_2_ws/install/table_order' for CMake module files
[2.649s] DEBUG:colcon.colcon_core.event_handler.log_command:Invoked command in '/home/psb/rokey_c_2_ws/src/table_order' returned '0': LD_LIBRARY_PATH=/home/psb/rokey_c_2_ws/install/table_order_interface/lib:/home/psb/rokey_c_2_ws/install/serving_robot_msgs/lib:/home/psb/rokey_c_2_ws/install/nav_interfaces/lib:/home/psb/rokey_c_2_ws/install/c2_turtle_interface/lib:/home/psb/turtlebot3_ws/install/turtlebot3_msgs/lib:/usr/lib/x86_64-linux-gnu/gazebo-11/plugins:/opt/ros/humble/opt/rviz_ogre_vendor/lib:/opt/ros/humble/lib/x86_64-linux-gnu:/opt/ros/humble/lib:/usr/lib/x86_64-linux-gnu/gazebo-11/plugins PYTHONPATH=/home/psb/rokey_c_2_ws/build/table_order/prefix_override:/usr/lib/python3/dist-packages/colcon_core/task/python/colcon_distutils_commands:/home/psb/rokey_c_2_ws/install/table_order/lib/python3.10/site-packages:${PYTHONPATH} /usr/bin/python3 -W ignore:setup.py install is deprecated setup.py egg_info --egg-base ../../build/table_order build --build-base /home/psb/rokey_c_2_ws/build/table_order/build install --record /home/psb/rokey_c_2_ws/build/table_order/install.log --single-version-externally-managed install_data
[2.649s] Level 1:colcon.colcon_core.environment:checking '/home/psb/rokey_c_2_ws/install/table_order' for CMake config files
[2.649s] Level 1:colcon.colcon_core.environment:checking '/home/psb/rokey_c_2_ws/install/table_order/lib'
[2.650s] Level 1:colcon.colcon_core.environment:checking '/home/psb/rokey_c_2_ws/install/table_order/bin'
[2.650s] Level 1:colcon.colcon_core.environment:checking '/home/psb/rokey_c_2_ws/install/table_order/lib/pkgconfig/table_order.pc'
[2.650s] Level 1:colcon.colcon_core.environment:checking '/home/psb/rokey_c_2_ws/install/table_order/lib/python3.10/site-packages'
[2.650s] Level 1:colcon.colcon_core.shell:create_environment_hook('table_order', 'pythonpath')
[2.650s] INFO:colcon.colcon_core.shell:Creating environment hook '/home/psb/rokey_c_2_ws/install/table_order/share/table_order/hook/pythonpath.ps1'
[2.651s] INFO:colcon.colcon_core.shell:Creating environment descriptor '/home/psb/rokey_c_2_ws/install/table_order/share/table_order/hook/pythonpath.dsv'
[2.651s] INFO:colcon.colcon_core.shell:Creating environment hook '/home/psb/rokey_c_2_ws/install/table_order/share/table_order/hook/pythonpath.sh'
[2.651s] Level 1:colcon.colcon_core.environment:checking '/home/psb/rokey_c_2_ws/install/table_order/bin'
[2.651s] Level 1:colcon.colcon_core.environment:create_environment_scripts_only(table_order)
[2.652s] INFO:colcon.colcon_core.shell:Creating package script '/home/psb/rokey_c_2_ws/install/table_order/share/table_order/package.ps1'
[2.652s] INFO:colcon.colcon_core.shell:Creating package descriptor '/home/psb/rokey_c_2_ws/install/table_order/share/table_order/package.dsv'
[2.652s] INFO:colcon.colcon_core.shell:Creating package script '/home/psb/rokey_c_2_ws/install/table_order/share/table_order/package.sh'
[2.653s] INFO:colcon.colcon_core.shell:Creating package script '/home/psb/rokey_c_2_ws/install/table_order/share/table_order/package.bash'
[2.653s] INFO:colcon.colcon_core.shell:Creating package script '/home/psb/rokey_c_2_ws/install/table_order/share/table_order/package.zsh'
[2.653s] Level 1:colcon.colcon_core.environment:create_file_with_runtime_dependencies(/home/psb/rokey_c_2_ws/install/table_order/share/colcon-core/packages/table_order)
[2.943s] Level 1:colcon.colcon_core.environment:checking '/home/psb/rokey_c_2_ws/install/serving_robot' for CMake module files
[2.944s] DEBUG:colcon.colcon_core.event_handler.log_command:Invoked command in '/home/psb/rokey_c_2_ws/src/serving_robot' returned '0': CMAKE_PREFIX_PATH=/home/psb/rokey_c_2_ws/install/serving_robot_msgs:/home/psb/rokey_c_2_ws/install/table_order_interface:/home/psb/rokey_c_2_ws/install/nav_interfaces:/home/psb/rokey_c_2_ws/install/c2_turtle_interface:/home/psb/turtlebot3_ws/install/turtlebot3:/home/psb/turtlebot3_ws/install/turtlebot3_simulations:/home/psb/turtlebot3_ws/install/turtlebot3_bringup:/home/psb/turtlebot3_ws/install/turtlebot3_node:/home/psb/turtlebot3_ws/install/turtlebot3_navigation2:/home/psb/turtlebot3_ws/install/turtlebot3_fake_node:/home/psb/turtlebot3_ws/install/turtlebot3_msgs:/home/psb/turtlebot3_ws/install/turtlebot3_gazebo:/home/psb/turtlebot3_ws/install/turtlebot3_description:/home/psb/turtlebot3_ws/install/turtlebot3_cartographer LD_LIBRARY_PATH=/home/psb/rokey_c_2_ws/install/serving_robot_msgs/lib:/home/psb/rokey_c_2_ws/install/table_order_interface/lib:/home/psb/rokey_c_2_ws/install/nav_interfaces/lib:/home/psb/rokey_c_2_ws/install/c2_turtle_interface/lib:/home/psb/turtlebot3_ws/install/turtlebot3_msgs/lib:/usr/lib/x86_64-linux-gnu/gazebo-11/plugins:/opt/ros/humble/opt/rviz_ogre_vendor/lib:/opt/ros/humble/lib/x86_64-linux-gnu:/opt/ros/humble/lib:/usr/lib/x86_64-linux-gnu/gazebo-11/plugins PYTHONPATH=/home/psb/rokey_c_2_ws/build/serving_robot/prefix_override:/usr/lib/python3/dist-packages/colcon_core/task/python/colcon_distutils_commands:/home/psb/rokey_c_2_ws/install/serving_robot/lib/python3.10/site-packages:${PYTHONPATH} /usr/bin/python3 -W ignore:setup.py install is deprecated setup.py egg_info --egg-base ../../build/serving_robot build --build-base /home/psb/rokey_c_2_ws/build/serving_robot/build install --record /home/psb/rokey_c_2_ws/build/serving_robot/install.log --single-version-externally-managed install_data
[2.944s] Level 1:colcon.colcon_core.environment:checking '/home/psb/rokey_c_2_ws/install/serving_robot' for CMake config files
[2.945s] Level 1:colcon.colcon_core.environment:checking '/home/psb/rokey_c_2_ws/install/serving_robot/lib'
[2.945s] Level 1:colcon.colcon_core.environment:checking '/home/psb/rokey_c_2_ws/install/serving_robot/bin'
[2.945s] Level 1:colcon.colcon_core.environment:checking '/home/psb/rokey_c_2_ws/install/serving_robot/lib/pkgconfig/serving_robot.pc'
[2.945s] Level 1:colcon.colcon_core.environment:checking '/home/psb/rokey_c_2_ws/install/serving_robot/lib/python3.10/site-packages'
[2.945s] Level 1:colcon.colcon_core.shell:create_environment_hook('serving_robot', 'pythonpath')
[2.945s] INFO:colcon.colcon_core.shell:Creating environment hook '/home/psb/rokey_c_2_ws/install/serving_robot/share/serving_robot/hook/pythonpath.ps1'
[2.946s] INFO:colcon.colcon_core.shell:Creating environment descriptor '/home/psb/rokey_c_2_ws/install/serving_robot/share/serving_robot/hook/pythonpath.dsv'
[2.946s] INFO:colcon.colcon_core.shell:Creating environment hook '/home/psb/rokey_c_2_ws/install/serving_robot/share/serving_robot/hook/pythonpath.sh'
[2.946s] Level 1:colcon.colcon_core.environment:checking '/home/psb/rokey_c_2_ws/install/serving_robot/bin'
[2.947s] Level 1:colcon.colcon_core.environment:create_environment_scripts_only(serving_robot)
[2.947s] INFO:colcon.colcon_core.shell:Creating package script '/home/psb/rokey_c_2_ws/install/serving_robot/share/serving_robot/package.ps1'
[2.947s] INFO:colcon.colcon_core.shell:Creating package descriptor '/home/psb/rokey_c_2_ws/install/serving_robot/share/serving_robot/package.dsv'
[2.948s] INFO:colcon.colcon_core.shell:Creating package script '/home/psb/rokey_c_2_ws/install/serving_robot/share/serving_robot/package.sh'
[2.948s] INFO:colcon.colcon_core.shell:Creating package script '/home/psb/rokey_c_2_ws/install/serving_robot/share/serving_robot/package.bash'
[2.948s] INFO:colcon.colcon_core.shell:Creating package script '/home/psb/rokey_c_2_ws/install/serving_robot/share/serving_robot/package.zsh'
[2.949s] Level 1:colcon.colcon_core.environment:create_file_with_runtime_dependencies(/home/psb/rokey_c_2_ws/install/serving_robot/share/colcon-core/packages/serving_robot)
[2.949s] DEBUG:colcon.colcon_parallel_executor.executor.parallel:closing loop
[2.949s] DEBUG:colcon.colcon_parallel_executor.executor.parallel:loop closed
[2.949s] DEBUG:colcon.colcon_parallel_executor.executor.parallel:run_until_complete finished with '0'
[2.949s] DEBUG:colcon.colcon_core.event_reactor:joining thread
[2.955s] INFO:colcon.colcon_core.plugin_system:Skipping extension 'colcon_notification.desktop_notification.terminal_notifier': Not used on non-Darwin systems
[2.955s] INFO:colcon.colcon_core.plugin_system:Skipping extension 'colcon_notification.desktop_notification.win32': Not used on non-Windows systems
[2.955s] INFO:colcon.colcon_notification.desktop_notification:Sending desktop notification using 'notify2'
[2.965s] DEBUG:colcon.colcon_core.event_reactor:joined thread
[2.965s] INFO:colcon.colcon_core.shell:Creating prefix script '/home/psb/rokey_c_2_ws/install/local_setup.ps1'
[2.966s] INFO:colcon.colcon_core.shell:Creating prefix util module '/home/psb/rokey_c_2_ws/install/_local_setup_util_ps1.py'
[2.967s] INFO:colcon.colcon_core.shell:Creating prefix chain script '/home/psb/rokey_c_2_ws/install/setup.ps1'
[2.969s] INFO:colcon.colcon_core.shell:Creating prefix script '/home/psb/rokey_c_2_ws/install/local_setup.sh'
[2.970s] INFO:colcon.colcon_core.shell:Creating prefix util module '/home/psb/rokey_c_2_ws/install/_local_setup_util_sh.py'
[2.970s] INFO:colcon.colcon_core.shell:Creating prefix chain script '/home/psb/rokey_c_2_ws/install/setup.sh'
[2.972s] INFO:colcon.colcon_core.shell:Creating prefix script '/home/psb/rokey_c_2_ws/install/local_setup.bash'
[2.972s] INFO:colcon.colcon_core.shell:Creating prefix chain script '/home/psb/rokey_c_2_ws/install/setup.bash'
[2.974s] INFO:colcon.colcon_core.shell:Creating prefix script '/home/psb/rokey_c_2_ws/install/local_setup.zsh'
[2.974s] INFO:colcon.colcon_core.shell:Creating prefix chain script '/home/psb/rokey_c_2_ws/install/setup.zsh'
