/home/psb/rokey_c_2_ws/install/turtlebot3_gui/lib/python3.10/site-packages/turtlebot3_gui/turtlebot3_gui.py
/home/psb/rokey_c_2_ws/install/turtlebot3_gui/lib/python3.10/site-packages/turtlebot3_gui/service_server.py
/home/psb/rokey_c_2_ws/install/turtlebot3_gui/lib/python3.10/site-packages/turtlebot3_gui/__init__.py
/home/psb/rokey_c_2_ws/install/turtlebot3_gui/lib/python3.10/site-packages/turtlebot3_gui/ex1.py
/home/psb/rokey_c_2_ws/install/turtlebot3_gui/lib/python3.10/site-packages/turtlebot3_gui/nav_server.py
/home/psb/rokey_c_2_ws/install/turtlebot3_gui/lib/python3.10/site-packages/turtlebot3_gui/turtlebot3_point.py
/home/psb/rokey_c_2_ws/install/turtlebot3_gui/lib/python3.10/site-packages/turtlebot3_gui/pub_topic.py
/home/psb/rokey_c_2_ws/install/turtlebot3_gui/lib/python3.10/site-packages/turtlebot3_gui/turtlebot3_move.py
/home/psb/rokey_c_2_ws/install/turtlebot3_gui/lib/python3.10/site-packages/turtlebot3_gui/service_client.py
/home/psb/rokey_c_2_ws/install/turtlebot3_gui/lib/python3.10/site-packages/turtlebot3_gui/sub_topic.py
/home/psb/rokey_c_2_ws/install/turtlebot3_gui/lib/python3.10/site-packages/turtlebot3_gui/send_goal.py
/home/psb/rokey_c_2_ws/install/turtlebot3_gui/lib/python3.10/site-packages/turtlebot3_gui/nav_client.py
/home/psb/rokey_c_2_ws/install/turtlebot3_gui/lib/python3.10/site-packages/turtlebot3_gui/ex2.py
/home/psb/rokey_c_2_ws/install/turtlebot3_gui/lib/python3.10/site-packages/turtlebot3_gui/turtlebot3_gui_backup.py
/home/psb/rokey_c_2_ws/install/turtlebot3_gui/lib/python3.10/site-packages/turtlebot3_gui/__pycache__/turtlebot3_gui.cpython-310.pyc
/home/psb/rokey_c_2_ws/install/turtlebot3_gui/lib/python3.10/site-packages/turtlebot3_gui/__pycache__/service_server.cpython-310.pyc
/home/psb/rokey_c_2_ws/install/turtlebot3_gui/lib/python3.10/site-packages/turtlebot3_gui/__pycache__/__init__.cpython-310.pyc
/home/psb/rokey_c_2_ws/install/turtlebot3_gui/lib/python3.10/site-packages/turtlebot3_gui/__pycache__/ex1.cpython-310.pyc
/home/psb/rokey_c_2_ws/install/turtlebot3_gui/lib/python3.10/site-packages/turtlebot3_gui/__pycache__/nav_server.cpython-310.pyc
/home/psb/rokey_c_2_ws/install/turtlebot3_gui/lib/python3.10/site-packages/turtlebot3_gui/__pycache__/turtlebot3_point.cpython-310.pyc
/home/psb/rokey_c_2_ws/install/turtlebot3_gui/lib/python3.10/site-packages/turtlebot3_gui/__pycache__/pub_topic.cpython-310.pyc
/home/psb/rokey_c_2_ws/install/turtlebot3_gui/lib/python3.10/site-packages/turtlebot3_gui/__pycache__/turtlebot3_move.cpython-310.pyc
/home/psb/rokey_c_2_ws/install/turtlebot3_gui/lib/python3.10/site-packages/turtlebot3_gui/__pycache__/service_client.cpython-310.pyc
/home/psb/rokey_c_2_ws/install/turtlebot3_gui/lib/python3.10/site-packages/turtlebot3_gui/__pycache__/sub_topic.cpython-310.pyc
/home/psb/rokey_c_2_ws/install/turtlebot3_gui/lib/python3.10/site-packages/turtlebot3_gui/__pycache__/send_goal.cpython-310.pyc
/home/psb/rokey_c_2_ws/install/turtlebot3_gui/lib/python3.10/site-packages/turtlebot3_gui/__pycache__/nav_client.cpython-310.pyc
/home/psb/rokey_c_2_ws/install/turtlebot3_gui/lib/python3.10/site-packages/turtlebot3_gui/__pycache__/ex2.cpython-310.pyc
/home/psb/rokey_c_2_ws/install/turtlebot3_gui/lib/python3.10/site-packages/turtlebot3_gui/__pycache__/turtlebot3_gui_backup.cpython-310.pyc
/home/psb/rokey_c_2_ws/install/turtlebot3_gui/share/ament_index/resource_index/packages/turtlebot3_gui
/home/psb/rokey_c_2_ws/install/turtlebot3_gui/share/turtlebot3_gui/package.xml
/home/psb/rokey_c_2_ws/install/turtlebot3_gui/lib/python3.10/site-packages/turtlebot3_gui-0.0.0-py3.10.egg-info/SOURCES.txt
/home/psb/rokey_c_2_ws/install/turtlebot3_gui/lib/python3.10/site-packages/turtlebot3_gui-0.0.0-py3.10.egg-info/zip-safe
/home/psb/rokey_c_2_ws/install/turtlebot3_gui/lib/python3.10/site-packages/turtlebot3_gui-0.0.0-py3.10.egg-info/top_level.txt
/home/psb/rokey_c_2_ws/install/turtlebot3_gui/lib/python3.10/site-packages/turtlebot3_gui-0.0.0-py3.10.egg-info/requires.txt
/home/psb/rokey_c_2_ws/install/turtlebot3_gui/lib/python3.10/site-packages/turtlebot3_gui-0.0.0-py3.10.egg-info/entry_points.txt
/home/psb/rokey_c_2_ws/install/turtlebot3_gui/lib/python3.10/site-packages/turtlebot3_gui-0.0.0-py3.10.egg-info/PKG-INFO
/home/psb/rokey_c_2_ws/install/turtlebot3_gui/lib/python3.10/site-packages/turtlebot3_gui-0.0.0-py3.10.egg-info/dependency_links.txt
/home/psb/rokey_c_2_ws/install/turtlebot3_gui/lib/turtlebot3_gui/nav_client
/home/psb/rokey_c_2_ws/install/turtlebot3_gui/lib/turtlebot3_gui/nav_server
/home/psb/rokey_c_2_ws/install/turtlebot3_gui/lib/turtlebot3_gui/pub_topic
/home/psb/rokey_c_2_ws/install/turtlebot3_gui/lib/turtlebot3_gui/send_goal
/home/psb/rokey_c_2_ws/install/turtlebot3_gui/lib/turtlebot3_gui/service_client
/home/psb/rokey_c_2_ws/install/turtlebot3_gui/lib/turtlebot3_gui/service_server
/home/psb/rokey_c_2_ws/install/turtlebot3_gui/lib/turtlebot3_gui/sub_topic
/home/psb/rokey_c_2_ws/install/turtlebot3_gui/lib/turtlebot3_gui/turtlebot3_gui
/home/psb/rokey_c_2_ws/install/turtlebot3_gui/lib/turtlebot3_gui/turtlebot3_move
/home/psb/rokey_c_2_ws/install/turtlebot3_gui/lib/turtlebot3_gui/turtlebot3_point
