[2.134s] Invoking command in '/home/psb/rokey_c_2_ws/src/database': PYTHONPATH=/home/psb/rokey_c_2_ws/build/database/prefix_override:/usr/lib/python3/dist-packages/colcon_core/task/python/colcon_distutils_commands:/home/psb/rokey_c_2_ws/install/database/lib/python3.10/site-packages:${PYTHONPATH} /usr/bin/python3 -W ignore:setup.py install is deprecated setup.py egg_info --egg-base ../../build/database build --build-base /home/psb/rokey_c_2_ws/build/database/build install --record /home/psb/rokey_c_2_ws/build/database/install.log --single-version-externally-managed install_data
[2.796s] running egg_info
[2.797s] writing ../../build/database/database.egg-info/PKG-INFO
[2.798s] writing dependency_links to ../../build/database/database.egg-info/dependency_links.txt
[2.798s] writing entry points to ../../build/database/database.egg-info/entry_points.txt
[2.798s] writing requirements to ../../build/database/database.egg-info/requires.txt
[2.798s] writing top-level names to ../../build/database/database.egg-info/top_level.txt
[2.801s] reading manifest file '../../build/database/database.egg-info/SOURCES.txt'
[2.802s] writing manifest file '../../build/database/database.egg-info/SOURCES.txt'
[2.802s] running build
[2.802s] running build_py
[2.803s] running install
[2.804s] running install_lib
[2.805s] running install_data
[2.806s] running install_egg_info
[2.808s] removing '/home/psb/rokey_c_2_ws/install/database/lib/python3.10/site-packages/database-0.0.0-py3.10.egg-info' (and everything under it)
[2.809s] Copying ../../build/database/database.egg-info to /home/psb/rokey_c_2_ws/install/database/lib/python3.10/site-packages/database-0.0.0-py3.10.egg-info
[2.810s] running install_scripts
[2.841s] Installing database_server script to /home/psb/rokey_c_2_ws/install/database/lib/database
[2.841s] Installing test_database_server script to /home/psb/rokey_c_2_ws/install/database/lib/database
[2.841s] writing list of installed files to '/home/psb/rokey_c_2_ws/build/database/install.log'
[2.877s] Invoked command in '/home/psb/rokey_c_2_ws/src/database' returned '0': PYTHONPATH=/home/psb/rokey_c_2_ws/build/database/prefix_override:/usr/lib/python3/dist-packages/colcon_core/task/python/colcon_distutils_commands:/home/psb/rokey_c_2_ws/install/database/lib/python3.10/site-packages:${PYTHONPATH} /usr/bin/python3 -W ignore:setup.py install is deprecated setup.py egg_info --egg-base ../../build/database build --build-base /home/psb/rokey_c_2_ws/build/database/build install --record /home/psb/rokey_c_2_ws/build/database/install.log --single-version-externally-managed install_data
