[0.020s] Invoking command in '/home/g1/rokey_c2_ws/build/serving_robot_msgs': CMAKE_PREFIX_PATH=${CMAKE_PREFIX_PATH}:/home/g1/rokey_c2_ws/install/serving_robot:/home/g1/rokey_c2_ws/install/table_order:/home/g1/rokey_c2_ws/install/database:/home/g1/work/turtlebot3_ws/install/turtlebot3_teleop:/home/g1/work/turtlebot3_ws/install/turtlebot3_example:/opt/ros/humble /usr/bin/cmake --build /home/g1/rokey_c2_ws/build/serving_robot_msgs -- -j8 -l8
[0.063s] [35m[1mConsolidate compiler generated dependencies of target serving_robot_msgs__rosidl_generator_c[0m
[0.078s] [  2%] Built target serving_robot_msgs__cpp
[0.080s] [ 12%] Built target serving_robot_msgs__rosidl_generator_c
[0.094s] [35m[1mConsolidate compiler generated dependencies of target serving_robot_msgs__rosidl_typesupport_cpp[0m
[0.094s] [ 12%] Built target ament_cmake_python_symlink_serving_robot_msgs
[0.098s] [35m[1mConsolidate compiler generated dependencies of target serving_robot_msgs__rosidl_typesupport_fastrtps_cpp[0m
[0.104s] [35m[1mConsolidate compiler generated dependencies of target serving_robot_msgs__rosidl_typesupport_fastrtps_c[0m
[0.104s] [35m[1mConsolidate compiler generated dependencies of target serving_robot_msgs__rosidl_typesupport_introspection_c[0m
[0.108s] [35m[1mConsolidate compiler generated dependencies of target serving_robot_msgs__rosidl_typesupport_introspection_cpp[0m
[0.115s] [35m[1mConsolidate compiler generated dependencies of target serving_robot_msgs__rosidl_typesupport_c[0m
[0.133s] [ 23%] Built target serving_robot_msgs__rosidl_typesupport_introspection_c
[0.136s] [ 34%] Built target serving_robot_msgs__rosidl_typesupport_cpp
[0.141s] [ 44%] Built target serving_robot_msgs__rosidl_typesupport_fastrtps_cpp
[0.142s] [ 55%] Built target serving_robot_msgs__rosidl_typesupport_fastrtps_c
[0.150s] [ 65%] Built target serving_robot_msgs__rosidl_typesupport_c
[0.151s] [ 76%] Built target serving_robot_msgs__rosidl_typesupport_introspection_cpp
[0.177s] [ 76%] Built target serving_robot_msgs
[0.198s] [ 78%] Built target serving_robot_msgs__py
[0.207s] [35m[1mConsolidate compiler generated dependencies of target serving_robot_msgs__rosidl_generator_py[0m
[0.223s] [ 87%] Built target serving_robot_msgs__rosidl_generator_py
[0.239s] [35m[1mConsolidate compiler generated dependencies of target serving_robot_msgs__rosidl_typesupport_fastrtps_c__pyext[0m
[0.242s] [35m[1mConsolidate compiler generated dependencies of target serving_robot_msgs__rosidl_typesupport_introspection_c__pyext[0m
[0.252s] [35m[1mConsolidate compiler generated dependencies of target serving_robot_msgs__rosidl_typesupport_c__pyext[0m
[0.275s] [ 95%] Built target serving_robot_msgs__rosidl_typesupport_fastrtps_c__pyext
[0.275s] [ 95%] Built target serving_robot_msgs__rosidl_typesupport_introspection_c__pyext
[0.288s] [100%] Built target serving_robot_msgs__rosidl_typesupport_c__pyext
[0.521s] running egg_info
[0.522s] writing serving_robot_msgs.egg-info/PKG-INFO
[0.522s] writing dependency_links to serving_robot_msgs.egg-info/dependency_links.txt
[0.522s] writing top-level names to serving_robot_msgs.egg-info/top_level.txt
[0.525s] reading manifest file 'serving_robot_msgs.egg-info/SOURCES.txt'
[0.526s] writing manifest file 'serving_robot_msgs.egg-info/SOURCES.txt'
[0.556s] [100%] Built target ament_cmake_python_build_serving_robot_msgs_egg
[0.570s] Invoked command in '/home/g1/rokey_c2_ws/build/serving_robot_msgs' returned '0': CMAKE_PREFIX_PATH=${CMAKE_PREFIX_PATH}:/home/g1/rokey_c2_ws/install/serving_robot:/home/g1/rokey_c2_ws/install/table_order:/home/g1/rokey_c2_ws/install/database:/home/g1/work/turtlebot3_ws/install/turtlebot3_teleop:/home/g1/work/turtlebot3_ws/install/turtlebot3_example:/opt/ros/humble /usr/bin/cmake --build /home/g1/rokey_c2_ws/build/serving_robot_msgs -- -j8 -l8
[0.647s] Invoking command in '/home/g1/rokey_c2_ws/build/serving_robot_msgs': CMAKE_PREFIX_PATH=${CMAKE_PREFIX_PATH}:/home/g1/rokey_c2_ws/install/serving_robot:/home/g1/rokey_c2_ws/install/table_order:/home/g1/rokey_c2_ws/install/database:/home/g1/work/turtlebot3_ws/install/turtlebot3_teleop:/home/g1/work/turtlebot3_ws/install/turtlebot3_example:/opt/ros/humble /usr/bin/cmake --install /home/g1/rokey_c2_ws/build/serving_robot_msgs
[0.654s] -- Install configuration: ""
[0.654s] -- Execute custom install script
[0.654s] -- Up-to-date symlink: /home/g1/rokey_c2_ws/install/serving_robot_msgs/share/ament_index/resource_index/rosidl_interfaces/serving_robot_msgs
[0.655s] -- Up-to-date symlink: /home/g1/rokey_c2_ws/install/serving_robot_msgs/include/serving_robot_msgs/serving_robot_msgs/action/c2_r.h
[0.655s] -- Up-to-date symlink: /home/g1/rokey_c2_ws/install/serving_robot_msgs/include/serving_robot_msgs/serving_robot_msgs/action/detail/c2_r__functions.h
[0.655s] -- Up-to-date symlink: /home/g1/rokey_c2_ws/install/serving_robot_msgs/include/serving_robot_msgs/serving_robot_msgs/action/detail/c2_r__struct.h
[0.655s] -- Up-to-date symlink: /home/g1/rokey_c2_ws/install/serving_robot_msgs/include/serving_robot_msgs/serving_robot_msgs/action/detail/c2_r__type_support.h
[0.655s] -- Up-to-date symlink: /home/g1/rokey_c2_ws/install/serving_robot_msgs/include/serving_robot_msgs/serving_robot_msgs/msg/detail/robot_state__functions.h
[0.656s] -- Up-to-date symlink: /home/g1/rokey_c2_ws/install/serving_robot_msgs/include/serving_robot_msgs/serving_robot_msgs/msg/detail/robot_state__struct.h
[0.656s] -- Up-to-date symlink: /home/g1/rokey_c2_ws/install/serving_robot_msgs/include/serving_robot_msgs/serving_robot_msgs/msg/detail/robot_state__type_support.h
[0.656s] -- Up-to-date symlink: /home/g1/rokey_c2_ws/install/serving_robot_msgs/include/serving_robot_msgs/serving_robot_msgs/msg/robot_state.h
[0.656s] -- Up-to-date symlink: /home/g1/rokey_c2_ws/install/serving_robot_msgs/include/serving_robot_msgs/serving_robot_msgs/msg/rosidl_generator_c__visibility_control.h
[0.656s] -- Up-to-date symlink: /home/g1/rokey_c2_ws/install/serving_robot_msgs/include/serving_robot_msgs/serving_robot_msgs/srv/detail/t2_c__functions.h
[0.656s] -- Up-to-date symlink: /home/g1/rokey_c2_ws/install/serving_robot_msgs/include/serving_robot_msgs/serving_robot_msgs/srv/detail/t2_c__struct.h
[0.656s] -- Up-to-date symlink: /home/g1/rokey_c2_ws/install/serving_robot_msgs/include/serving_robot_msgs/serving_robot_msgs/srv/detail/t2_c__type_support.h
[0.656s] -- Up-to-date symlink: /home/g1/rokey_c2_ws/install/serving_robot_msgs/include/serving_robot_msgs/serving_robot_msgs/srv/t2_c.h
[0.657s] -- Up-to-date symlink: /home/g1/rokey_c2_ws/install/serving_robot_msgs/share/serving_robot_msgs/environment/library_path.sh
[0.657s] -- Up-to-date symlink: /home/g1/rokey_c2_ws/install/serving_robot_msgs/share/serving_robot_msgs/environment/library_path.dsv
[0.657s] -- Up-to-date symlink: /home/g1/rokey_c2_ws/install/serving_robot_msgs/include/serving_robot_msgs/serving_robot_msgs/action/detail/c2_r__rosidl_typesupport_fastrtps_c.h
[0.657s] -- Up-to-date symlink: /home/g1/rokey_c2_ws/install/serving_robot_msgs/include/serving_robot_msgs/serving_robot_msgs/msg/detail/robot_state__rosidl_typesupport_fastrtps_c.h
[0.657s] -- Up-to-date symlink: /home/g1/rokey_c2_ws/install/serving_robot_msgs/include/serving_robot_msgs/serving_robot_msgs/msg/rosidl_typesupport_fastrtps_c__visibility_control.h
[0.657s] -- Up-to-date symlink: /home/g1/rokey_c2_ws/install/serving_robot_msgs/include/serving_robot_msgs/serving_robot_msgs/srv/detail/t2_c__rosidl_typesupport_fastrtps_c.h
[0.657s] -- Up-to-date symlink: /home/g1/rokey_c2_ws/install/serving_robot_msgs/include/serving_robot_msgs/serving_robot_msgs/action/c2_r.hpp
[0.658s] -- Up-to-date symlink: /home/g1/rokey_c2_ws/install/serving_robot_msgs/include/serving_robot_msgs/serving_robot_msgs/action/detail/c2_r__builder.hpp
[0.658s] -- Up-to-date symlink: /home/g1/rokey_c2_ws/install/serving_robot_msgs/include/serving_robot_msgs/serving_robot_msgs/action/detail/c2_r__struct.hpp
[0.658s] -- Up-to-date symlink: /home/g1/rokey_c2_ws/install/serving_robot_msgs/include/serving_robot_msgs/serving_robot_msgs/action/detail/c2_r__traits.hpp
[0.658s] -- Up-to-date symlink: /home/g1/rokey_c2_ws/install/serving_robot_msgs/include/serving_robot_msgs/serving_robot_msgs/msg/detail/robot_state__builder.hpp
[0.658s] -- Up-to-date symlink: /home/g1/rokey_c2_ws/install/serving_robot_msgs/include/serving_robot_msgs/serving_robot_msgs/msg/detail/robot_state__struct.hpp
[0.658s] -- Up-to-date symlink: /home/g1/rokey_c2_ws/install/serving_robot_msgs/include/serving_robot_msgs/serving_robot_msgs/msg/detail/robot_state__traits.hpp
[0.658s] -- Up-to-date symlink: /home/g1/rokey_c2_ws/install/serving_robot_msgs/include/serving_robot_msgs/serving_robot_msgs/msg/robot_state.hpp
[0.658s] -- Up-to-date symlink: /home/g1/rokey_c2_ws/install/serving_robot_msgs/include/serving_robot_msgs/serving_robot_msgs/srv/detail/t2_c__builder.hpp
[0.659s] -- Up-to-date symlink: /home/g1/rokey_c2_ws/install/serving_robot_msgs/include/serving_robot_msgs/serving_robot_msgs/srv/detail/t2_c__struct.hpp
[0.659s] -- Up-to-date symlink: /home/g1/rokey_c2_ws/install/serving_robot_msgs/include/serving_robot_msgs/serving_robot_msgs/srv/detail/t2_c__traits.hpp
[0.659s] -- Up-to-date symlink: /home/g1/rokey_c2_ws/install/serving_robot_msgs/include/serving_robot_msgs/serving_robot_msgs/srv/t2_c.hpp
[0.659s] -- Up-to-date symlink: /home/g1/rokey_c2_ws/install/serving_robot_msgs/include/serving_robot_msgs/serving_robot_msgs/action/detail/c2_r__rosidl_typesupport_fastrtps_cpp.hpp
[0.659s] -- Up-to-date symlink: /home/g1/rokey_c2_ws/install/serving_robot_msgs/include/serving_robot_msgs/serving_robot_msgs/msg/detail/robot_state__rosidl_typesupport_fastrtps_cpp.hpp
[0.659s] -- Up-to-date symlink: /home/g1/rokey_c2_ws/install/serving_robot_msgs/include/serving_robot_msgs/serving_robot_msgs/msg/rosidl_typesupport_fastrtps_cpp__visibility_control.h
[0.659s] -- Up-to-date symlink: /home/g1/rokey_c2_ws/install/serving_robot_msgs/include/serving_robot_msgs/serving_robot_msgs/srv/detail/t2_c__rosidl_typesupport_fastrtps_cpp.hpp
[0.660s] -- Up-to-date symlink: /home/g1/rokey_c2_ws/install/serving_robot_msgs/include/serving_robot_msgs/serving_robot_msgs/action/detail/c2_r__rosidl_typesupport_introspection_c.h
[0.660s] -- Up-to-date symlink: /home/g1/rokey_c2_ws/install/serving_robot_msgs/include/serving_robot_msgs/serving_robot_msgs/msg/detail/robot_state__rosidl_typesupport_introspection_c.h
[0.660s] -- Up-to-date symlink: /home/g1/rokey_c2_ws/install/serving_robot_msgs/include/serving_robot_msgs/serving_robot_msgs/msg/rosidl_typesupport_introspection_c__visibility_control.h
[0.660s] -- Up-to-date symlink: /home/g1/rokey_c2_ws/install/serving_robot_msgs/include/serving_robot_msgs/serving_robot_msgs/srv/detail/t2_c__rosidl_typesupport_introspection_c.h
[0.660s] -- Up-to-date symlink: /home/g1/rokey_c2_ws/install/serving_robot_msgs/include/serving_robot_msgs/serving_robot_msgs/action/detail/c2_r__rosidl_typesupport_introspection_cpp.hpp
[0.660s] -- Up-to-date symlink: /home/g1/rokey_c2_ws/install/serving_robot_msgs/include/serving_robot_msgs/serving_robot_msgs/msg/detail/robot_state__rosidl_typesupport_introspection_cpp.hpp
[0.660s] -- Up-to-date symlink: /home/g1/rokey_c2_ws/install/serving_robot_msgs/include/serving_robot_msgs/serving_robot_msgs/srv/detail/t2_c__rosidl_typesupport_introspection_cpp.hpp
[0.661s] -- Up-to-date symlink: /home/g1/rokey_c2_ws/install/serving_robot_msgs/share/serving_robot_msgs/environment/pythonpath.sh
[0.661s] -- Up-to-date symlink: /home/g1/rokey_c2_ws/install/serving_robot_msgs/share/serving_robot_msgs/environment/pythonpath.dsv
[0.661s] -- Up-to-date symlink: /home/g1/rokey_c2_ws/install/serving_robot_msgs/local/lib/python3.10/dist-packages/serving_robot_msgs-0.0.0-py3.10.egg-info/PKG-INFO
[0.661s] -- Up-to-date symlink: /home/g1/rokey_c2_ws/install/serving_robot_msgs/local/lib/python3.10/dist-packages/serving_robot_msgs-0.0.0-py3.10.egg-info/SOURCES.txt
[0.661s] -- Up-to-date symlink: /home/g1/rokey_c2_ws/install/serving_robot_msgs/local/lib/python3.10/dist-packages/serving_robot_msgs-0.0.0-py3.10.egg-info/dependency_links.txt
[0.661s] -- Up-to-date symlink: /home/g1/rokey_c2_ws/install/serving_robot_msgs/local/lib/python3.10/dist-packages/serving_robot_msgs-0.0.0-py3.10.egg-info/top_level.txt
[0.662s] -- Up-to-date symlink: /home/g1/rokey_c2_ws/install/serving_robot_msgs/local/lib/python3.10/dist-packages/serving_robot_msgs/__init__.py
[0.662s] -- Up-to-date symlink: /home/g1/rokey_c2_ws/install/serving_robot_msgs/local/lib/python3.10/dist-packages/serving_robot_msgs/_serving_robot_msgs_s.ep.rosidl_typesupport_c.c
[0.662s] -- Up-to-date symlink: /home/g1/rokey_c2_ws/install/serving_robot_msgs/local/lib/python3.10/dist-packages/serving_robot_msgs/_serving_robot_msgs_s.ep.rosidl_typesupport_fastrtps_c.c
[0.662s] -- Up-to-date symlink: /home/g1/rokey_c2_ws/install/serving_robot_msgs/local/lib/python3.10/dist-packages/serving_robot_msgs/_serving_robot_msgs_s.ep.rosidl_typesupport_introspection_c.c
[0.663s] -- Up-to-date symlink: /home/g1/rokey_c2_ws/install/serving_robot_msgs/local/lib/python3.10/dist-packages/serving_robot_msgs/action/__init__.py
[0.663s] -- Up-to-date symlink: /home/g1/rokey_c2_ws/install/serving_robot_msgs/local/lib/python3.10/dist-packages/serving_robot_msgs/action/_c2_r.py
[0.663s] -- Up-to-date symlink: /home/g1/rokey_c2_ws/install/serving_robot_msgs/local/lib/python3.10/dist-packages/serving_robot_msgs/action/_c2_r_s.c
[0.663s] -- Up-to-date symlink: /home/g1/rokey_c2_ws/install/serving_robot_msgs/local/lib/python3.10/dist-packages/serving_robot_msgs/libserving_robot_msgs__rosidl_generator_py.so
[0.663s] -- Up-to-date symlink: /home/g1/rokey_c2_ws/install/serving_robot_msgs/local/lib/python3.10/dist-packages/serving_robot_msgs/msg/__init__.py
[0.663s] -- Up-to-date symlink: /home/g1/rokey_c2_ws/install/serving_robot_msgs/local/lib/python3.10/dist-packages/serving_robot_msgs/msg/_robot_state.py
[0.663s] -- Up-to-date symlink: /home/g1/rokey_c2_ws/install/serving_robot_msgs/local/lib/python3.10/dist-packages/serving_robot_msgs/msg/_robot_state_s.c
[0.663s] -- Up-to-date symlink: /home/g1/rokey_c2_ws/install/serving_robot_msgs/local/lib/python3.10/dist-packages/serving_robot_msgs/serving_robot_msgs_s__rosidl_typesupport_c.cpython-310-x86_64-linux-gnu.so
[0.664s] -- Up-to-date symlink: /home/g1/rokey_c2_ws/install/serving_robot_msgs/local/lib/python3.10/dist-packages/serving_robot_msgs/serving_robot_msgs_s__rosidl_typesupport_fastrtps_c.cpython-310-x86_64-linux-gnu.so
[0.664s] -- Up-to-date symlink: /home/g1/rokey_c2_ws/install/serving_robot_msgs/local/lib/python3.10/dist-packages/serving_robot_msgs/serving_robot_msgs_s__rosidl_typesupport_introspection_c.cpython-310-x86_64-linux-gnu.so
[0.664s] -- Up-to-date symlink: /home/g1/rokey_c2_ws/install/serving_robot_msgs/local/lib/python3.10/dist-packages/serving_robot_msgs/srv/__init__.py
[0.664s] -- Up-to-date symlink: /home/g1/rokey_c2_ws/install/serving_robot_msgs/local/lib/python3.10/dist-packages/serving_robot_msgs/srv/_t2_c.py
[0.664s] -- Up-to-date symlink: /home/g1/rokey_c2_ws/install/serving_robot_msgs/local/lib/python3.10/dist-packages/serving_robot_msgs/srv/_t2_c_s.c
[0.664s] -- Up-to-date symlink: /home/g1/rokey_c2_ws/install/serving_robot_msgs/local/lib/python3.10/dist-packages/serving_robot_msgs/serving_robot_msgs_s__rosidl_typesupport_fastrtps_c.cpython-310-x86_64-linux-gnu.so
[0.664s] -- Up-to-date symlink: /home/g1/rokey_c2_ws/install/serving_robot_msgs/local/lib/python3.10/dist-packages/serving_robot_msgs/serving_robot_msgs_s__rosidl_typesupport_introspection_c.cpython-310-x86_64-linux-gnu.so
[0.664s] -- Up-to-date symlink: /home/g1/rokey_c2_ws/install/serving_robot_msgs/local/lib/python3.10/dist-packages/serving_robot_msgs/serving_robot_msgs_s__rosidl_typesupport_c.cpython-310-x86_64-linux-gnu.so
[0.665s] -- Up-to-date symlink: /home/g1/rokey_c2_ws/install/serving_robot_msgs/share/serving_robot_msgs/msg/RobotState.idl
[0.665s] -- Up-to-date symlink: /home/g1/rokey_c2_ws/install/serving_robot_msgs/share/serving_robot_msgs/srv/T2C.idl
[0.665s] -- Up-to-date symlink: /home/g1/rokey_c2_ws/install/serving_robot_msgs/share/serving_robot_msgs/action/C2R.idl
[0.665s] -- Up-to-date symlink: /home/g1/rokey_c2_ws/install/serving_robot_msgs/share/serving_robot_msgs/msg/RobotState.msg
[0.665s] -- Up-to-date symlink: /home/g1/rokey_c2_ws/install/serving_robot_msgs/share/serving_robot_msgs/srv/T2C.srv
[0.665s] -- Up-to-date symlink: /home/g1/rokey_c2_ws/install/serving_robot_msgs/share/serving_robot_msgs/srv/T2C_Request.msg
[0.665s] -- Up-to-date symlink: /home/g1/rokey_c2_ws/install/serving_robot_msgs/share/serving_robot_msgs/srv/T2C_Response.msg
[0.665s] -- Up-to-date symlink: /home/g1/rokey_c2_ws/install/serving_robot_msgs/share/serving_robot_msgs/action/C2R.action
[0.666s] -- Up-to-date symlink: /home/g1/rokey_c2_ws/install/serving_robot_msgs/share/ament_index/resource_index/package_run_dependencies/serving_robot_msgs
[0.666s] -- Up-to-date symlink: /home/g1/rokey_c2_ws/install/serving_robot_msgs/share/ament_index/resource_index/parent_prefix_path/serving_robot_msgs
[0.666s] -- Up-to-date symlink: /home/g1/rokey_c2_ws/install/serving_robot_msgs/share/serving_robot_msgs/environment/ament_prefix_path.sh
[0.666s] -- Up-to-date symlink: /home/g1/rokey_c2_ws/install/serving_robot_msgs/share/serving_robot_msgs/environment/ament_prefix_path.dsv
[0.666s] -- Up-to-date symlink: /home/g1/rokey_c2_ws/install/serving_robot_msgs/share/serving_robot_msgs/environment/path.sh
[0.666s] -- Up-to-date symlink: /home/g1/rokey_c2_ws/install/serving_robot_msgs/share/serving_robot_msgs/environment/path.dsv
[0.666s] -- Up-to-date symlink: /home/g1/rokey_c2_ws/install/serving_robot_msgs/share/serving_robot_msgs/local_setup.bash
[0.666s] -- Up-to-date symlink: /home/g1/rokey_c2_ws/install/serving_robot_msgs/share/serving_robot_msgs/local_setup.sh
[0.667s] -- Up-to-date symlink: /home/g1/rokey_c2_ws/install/serving_robot_msgs/share/serving_robot_msgs/local_setup.zsh
[0.667s] -- Up-to-date symlink: /home/g1/rokey_c2_ws/install/serving_robot_msgs/share/serving_robot_msgs/local_setup.dsv
[0.667s] -- Symlinking: /home/g1/rokey_c2_ws/install/serving_robot_msgs/share/serving_robot_msgs/package.dsv
[0.675s] -- Up-to-date symlink: /home/g1/rokey_c2_ws/install/serving_robot_msgs/share/ament_index/resource_index/packages/serving_robot_msgs
[0.675s] -- Up-to-date symlink: /home/g1/rokey_c2_ws/install/serving_robot_msgs/share/serving_robot_msgs/cmake/rosidl_cmake-extras.cmake
[0.675s] -- Up-to-date symlink: /home/g1/rokey_c2_ws/install/serving_robot_msgs/share/serving_robot_msgs/cmake/ament_cmake_export_dependencies-extras.cmake
[0.675s] -- Up-to-date symlink: /home/g1/rokey_c2_ws/install/serving_robot_msgs/share/serving_robot_msgs/cmake/ament_cmake_export_include_directories-extras.cmake
[0.675s] -- Up-to-date symlink: /home/g1/rokey_c2_ws/install/serving_robot_msgs/share/serving_robot_msgs/cmake/ament_cmake_export_libraries-extras.cmake
[0.675s] -- Up-to-date symlink: /home/g1/rokey_c2_ws/install/serving_robot_msgs/share/serving_robot_msgs/cmake/ament_cmake_export_targets-extras.cmake
[0.675s] -- Up-to-date symlink: /home/g1/rokey_c2_ws/install/serving_robot_msgs/share/serving_robot_msgs/cmake/rosidl_cmake_export_typesupport_targets-extras.cmake
[0.676s] -- Up-to-date symlink: /home/g1/rokey_c2_ws/install/serving_robot_msgs/share/serving_robot_msgs/cmake/rosidl_cmake_export_typesupport_libraries-extras.cmake
[0.676s] -- Up-to-date symlink: /home/g1/rokey_c2_ws/install/serving_robot_msgs/share/serving_robot_msgs/cmake/serving_robot_msgsConfig.cmake
[0.676s] -- Up-to-date symlink: /home/g1/rokey_c2_ws/install/serving_robot_msgs/share/serving_robot_msgs/cmake/serving_robot_msgsConfig-version.cmake
[0.676s] -- Up-to-date symlink: /home/g1/rokey_c2_ws/install/serving_robot_msgs/share/serving_robot_msgs/package.xml
[0.676s] -- Up-to-date: /home/g1/rokey_c2_ws/install/serving_robot_msgs/lib/libserving_robot_msgs__rosidl_generator_c.so
[0.676s] -- Up-to-date: /home/g1/rokey_c2_ws/install/serving_robot_msgs/lib/libserving_robot_msgs__rosidl_typesupport_fastrtps_c.so
[0.677s] -- Up-to-date: /home/g1/rokey_c2_ws/install/serving_robot_msgs/lib/libserving_robot_msgs__rosidl_typesupport_fastrtps_cpp.so
[0.677s] -- Up-to-date: /home/g1/rokey_c2_ws/install/serving_robot_msgs/lib/libserving_robot_msgs__rosidl_typesupport_introspection_c.so
[0.677s] -- Up-to-date: /home/g1/rokey_c2_ws/install/serving_robot_msgs/lib/libserving_robot_msgs__rosidl_typesupport_c.so
[0.677s] -- Up-to-date: /home/g1/rokey_c2_ws/install/serving_robot_msgs/lib/libserving_robot_msgs__rosidl_typesupport_introspection_cpp.so
[0.678s] -- Up-to-date: /home/g1/rokey_c2_ws/install/serving_robot_msgs/lib/libserving_robot_msgs__rosidl_typesupport_cpp.so
[0.715s] Listing '/home/g1/rokey_c2_ws/install/serving_robot_msgs/local/lib/python3.10/dist-packages/serving_robot_msgs'...
[0.715s] Listing '/home/g1/rokey_c2_ws/install/serving_robot_msgs/local/lib/python3.10/dist-packages/serving_robot_msgs/action'...
[0.715s] Listing '/home/g1/rokey_c2_ws/install/serving_robot_msgs/local/lib/python3.10/dist-packages/serving_robot_msgs/msg'...
[0.715s] Listing '/home/g1/rokey_c2_ws/install/serving_robot_msgs/local/lib/python3.10/dist-packages/serving_robot_msgs/srv'...
[0.719s] -- Up-to-date: /home/g1/rokey_c2_ws/install/serving_robot_msgs/lib/libserving_robot_msgs__rosidl_generator_py.so
[0.719s] -- Up-to-date: /home/g1/rokey_c2_ws/install/serving_robot_msgs/share/serving_robot_msgs/cmake/export_serving_robot_msgs__rosidl_generator_cExport.cmake
[0.719s] -- Up-to-date: /home/g1/rokey_c2_ws/install/serving_robot_msgs/share/serving_robot_msgs/cmake/export_serving_robot_msgs__rosidl_generator_cExport-noconfig.cmake
[0.719s] -- Up-to-date: /home/g1/rokey_c2_ws/install/serving_robot_msgs/share/serving_robot_msgs/cmake/export_serving_robot_msgs__rosidl_typesupport_fastrtps_cExport.cmake
[0.719s] -- Up-to-date: /home/g1/rokey_c2_ws/install/serving_robot_msgs/share/serving_robot_msgs/cmake/export_serving_robot_msgs__rosidl_typesupport_fastrtps_cExport-noconfig.cmake
[0.719s] -- Up-to-date: /home/g1/rokey_c2_ws/install/serving_robot_msgs/share/serving_robot_msgs/cmake/export_serving_robot_msgs__rosidl_generator_cppExport.cmake
[0.720s] -- Up-to-date: /home/g1/rokey_c2_ws/install/serving_robot_msgs/share/serving_robot_msgs/cmake/export_serving_robot_msgs__rosidl_typesupport_fastrtps_cppExport.cmake
[0.720s] -- Up-to-date: /home/g1/rokey_c2_ws/install/serving_robot_msgs/share/serving_robot_msgs/cmake/export_serving_robot_msgs__rosidl_typesupport_fastrtps_cppExport-noconfig.cmake
[0.720s] -- Up-to-date: /home/g1/rokey_c2_ws/install/serving_robot_msgs/share/serving_robot_msgs/cmake/serving_robot_msgs__rosidl_typesupport_introspection_cExport.cmake
[0.720s] -- Up-to-date: /home/g1/rokey_c2_ws/install/serving_robot_msgs/share/serving_robot_msgs/cmake/serving_robot_msgs__rosidl_typesupport_introspection_cExport-noconfig.cmake
[0.720s] -- Up-to-date: /home/g1/rokey_c2_ws/install/serving_robot_msgs/share/serving_robot_msgs/cmake/serving_robot_msgs__rosidl_typesupport_cExport.cmake
[0.720s] -- Up-to-date: /home/g1/rokey_c2_ws/install/serving_robot_msgs/share/serving_robot_msgs/cmake/serving_robot_msgs__rosidl_typesupport_cExport-noconfig.cmake
[0.720s] -- Up-to-date: /home/g1/rokey_c2_ws/install/serving_robot_msgs/share/serving_robot_msgs/cmake/serving_robot_msgs__rosidl_typesupport_introspection_cppExport.cmake
[0.721s] -- Up-to-date: /home/g1/rokey_c2_ws/install/serving_robot_msgs/share/serving_robot_msgs/cmake/serving_robot_msgs__rosidl_typesupport_introspection_cppExport-noconfig.cmake
[0.721s] -- Up-to-date: /home/g1/rokey_c2_ws/install/serving_robot_msgs/share/serving_robot_msgs/cmake/serving_robot_msgs__rosidl_typesupport_cppExport.cmake
[0.721s] -- Up-to-date: /home/g1/rokey_c2_ws/install/serving_robot_msgs/share/serving_robot_msgs/cmake/serving_robot_msgs__rosidl_typesupport_cppExport-noconfig.cmake
[0.721s] -- Up-to-date: /home/g1/rokey_c2_ws/install/serving_robot_msgs/share/serving_robot_msgs/cmake/export_serving_robot_msgs__rosidl_generator_pyExport.cmake
[0.721s] -- Up-to-date: /home/g1/rokey_c2_ws/install/serving_robot_msgs/share/serving_robot_msgs/cmake/export_serving_robot_msgs__rosidl_generator_pyExport-noconfig.cmake
[0.723s] Invoked command in '/home/g1/rokey_c2_ws/build/serving_robot_msgs' returned '0': CMAKE_PREFIX_PATH=${CMAKE_PREFIX_PATH}:/home/g1/rokey_c2_ws/install/serving_robot:/home/g1/rokey_c2_ws/install/table_order:/home/g1/rokey_c2_ws/install/database:/home/g1/work/turtlebot3_ws/install/turtlebot3_teleop:/home/g1/work/turtlebot3_ws/install/turtlebot3_example:/opt/ros/humble /usr/bin/cmake --install /home/g1/rokey_c2_ws/build/serving_robot_msgs
