[0.449s] Invoking command in '/home/g1/rokey_c_2_ws/build/nav_interfaces': CMAKE_PREFIX_PATH=${CMAKE_PREFIX_PATH}:/home/g1/rokey_c_2_ws/install/turtlebot3_gui:/home/g1/rokey_c_2_ws/install/table_order:/home/g1/rokey_c_2_ws/install/serving_robot:/home/g1/rokey_c_2_ws/install/database:/home/g1/work/turtlebot3_ws/install/turtlebot3_teleop:/home/g1/work/turtlebot3_ws/install/turtlebot3_example:/opt/ros/humble /usr/bin/cmake --build /home/g1/rokey_c_2_ws/build/nav_interfaces -- -j8 -l8
[0.494s] [  3%] Built target nav_interfaces__cpp
[0.505s] [ 12%] Built target nav_interfaces__rosidl_generator_c
[0.518s] [ 12%] Built target ament_cmake_python_symlink_nav_interfaces
[0.528s] [ 22%] Built target nav_interfaces__rosidl_typesupport_fastrtps_cpp
[0.532s] [ 32%] Built target nav_interfaces__rosidl_typesupport_cpp
[0.540s] [ 51%] Built target nav_interfaces__rosidl_typesupport_fastrtps_c
[0.540s] [ 51%] Built target nav_interfaces__rosidl_typesupport_introspection_cpp
[0.546s] [ 61%] Built target nav_interfaces__rosidl_typesupport_introspection_c
[0.547s] [ 70%] Built target nav_interfaces__rosidl_typesupport_c
[0.566s] [ 70%] Built target nav_interfaces
[0.585s] [ 74%] Built target nav_interfaces__py
[0.604s] [ 80%] Built target nav_interfaces__rosidl_generator_py
[0.624s] [ 87%] Built target nav_interfaces__rosidl_typesupport_introspection_c__pyext
[0.625s] [ 93%] Built target nav_interfaces__rosidl_typesupport_c__pyext
[0.630s] [100%] Built target nav_interfaces__rosidl_typesupport_fastrtps_c__pyext
[0.893s] running egg_info
[0.895s] writing nav_interfaces.egg-info/PKG-INFO
[0.895s] writing dependency_links to nav_interfaces.egg-info/dependency_links.txt
[0.895s] writing top-level names to nav_interfaces.egg-info/top_level.txt
[0.899s] reading manifest file 'nav_interfaces.egg-info/SOURCES.txt'
[0.900s] writing manifest file 'nav_interfaces.egg-info/SOURCES.txt'
[0.956s] [100%] Built target ament_cmake_python_build_nav_interfaces_egg
[0.976s] Invoked command in '/home/g1/rokey_c_2_ws/build/nav_interfaces' returned '0': CMAKE_PREFIX_PATH=${CMAKE_PREFIX_PATH}:/home/g1/rokey_c_2_ws/install/turtlebot3_gui:/home/g1/rokey_c_2_ws/install/table_order:/home/g1/rokey_c_2_ws/install/serving_robot:/home/g1/rokey_c_2_ws/install/database:/home/g1/work/turtlebot3_ws/install/turtlebot3_teleop:/home/g1/work/turtlebot3_ws/install/turtlebot3_example:/opt/ros/humble /usr/bin/cmake --build /home/g1/rokey_c_2_ws/build/nav_interfaces -- -j8 -l8
[1.072s] Invoking command in '/home/g1/rokey_c_2_ws/build/nav_interfaces': CMAKE_PREFIX_PATH=${CMAKE_PREFIX_PATH}:/home/g1/rokey_c_2_ws/install/turtlebot3_gui:/home/g1/rokey_c_2_ws/install/table_order:/home/g1/rokey_c_2_ws/install/serving_robot:/home/g1/rokey_c_2_ws/install/database:/home/g1/work/turtlebot3_ws/install/turtlebot3_teleop:/home/g1/work/turtlebot3_ws/install/turtlebot3_example:/opt/ros/humble /usr/bin/cmake --install /home/g1/rokey_c_2_ws/build/nav_interfaces
[1.079s] -- Install configuration: ""
[1.080s] -- Execute custom install script
[1.081s] -- Up-to-date symlink: /home/g1/rokey_c_2_ws/install/nav_interfaces/share/ament_index/resource_index/rosidl_interfaces/nav_interfaces
[1.081s] -- Up-to-date symlink: /home/g1/rokey_c_2_ws/install/nav_interfaces/include/nav_interfaces/nav_interfaces/action/detail/navigate__functions.h
[1.081s] -- Up-to-date symlink: /home/g1/rokey_c_2_ws/install/nav_interfaces/include/nav_interfaces/nav_interfaces/action/detail/navigate__struct.h
[1.081s] -- Up-to-date symlink: /home/g1/rokey_c_2_ws/install/nav_interfaces/include/nav_interfaces/nav_interfaces/action/detail/navigate__type_support.h
[1.082s] -- Up-to-date symlink: /home/g1/rokey_c_2_ws/install/nav_interfaces/include/nav_interfaces/nav_interfaces/action/navigate.h
[1.083s] -- Up-to-date symlink: /home/g1/rokey_c_2_ws/install/nav_interfaces/include/nav_interfaces/nav_interfaces/msg/rosidl_generator_c__visibility_control.h
[1.083s] -- Up-to-date symlink: /home/g1/rokey_c_2_ws/install/nav_interfaces/share/nav_interfaces/environment/library_path.sh
[1.083s] -- Up-to-date symlink: /home/g1/rokey_c_2_ws/install/nav_interfaces/share/nav_interfaces/environment/library_path.dsv
[1.083s] -- Up-to-date symlink: /home/g1/rokey_c_2_ws/install/nav_interfaces/include/nav_interfaces/nav_interfaces/action/detail/navigate__rosidl_typesupport_fastrtps_c.h
[1.083s] -- Up-to-date symlink: /home/g1/rokey_c_2_ws/install/nav_interfaces/include/nav_interfaces/nav_interfaces/msg/rosidl_typesupport_fastrtps_c__visibility_control.h
[1.085s] -- Up-to-date symlink: /home/g1/rokey_c_2_ws/install/nav_interfaces/include/nav_interfaces/nav_interfaces/action/detail/navigate__rosidl_typesupport_introspection_c.h
[1.085s] -- Up-to-date symlink: /home/g1/rokey_c_2_ws/install/nav_interfaces/include/nav_interfaces/nav_interfaces/msg/rosidl_typesupport_introspection_c__visibility_control.h
[1.086s] -- Up-to-date symlink: /home/g1/rokey_c_2_ws/install/nav_interfaces/include/nav_interfaces/nav_interfaces/action/detail/navigate__builder.hpp
[1.086s] -- Up-to-date symlink: /home/g1/rokey_c_2_ws/install/nav_interfaces/include/nav_interfaces/nav_interfaces/action/detail/navigate__struct.hpp
[1.086s] -- Up-to-date symlink: /home/g1/rokey_c_2_ws/install/nav_interfaces/include/nav_interfaces/nav_interfaces/action/detail/navigate__traits.hpp
[1.086s] -- Up-to-date symlink: /home/g1/rokey_c_2_ws/install/nav_interfaces/include/nav_interfaces/nav_interfaces/action/navigate.hpp
[1.086s] -- Up-to-date symlink: /home/g1/rokey_c_2_ws/install/nav_interfaces/include/nav_interfaces/nav_interfaces/action/detail/navigate__rosidl_typesupport_fastrtps_cpp.hpp
[1.087s] -- Up-to-date symlink: /home/g1/rokey_c_2_ws/install/nav_interfaces/include/nav_interfaces/nav_interfaces/msg/rosidl_typesupport_fastrtps_cpp__visibility_control.h
[1.087s] -- Up-to-date symlink: /home/g1/rokey_c_2_ws/install/nav_interfaces/include/nav_interfaces/nav_interfaces/action/detail/navigate__rosidl_typesupport_introspection_cpp.hpp
[1.087s] -- Up-to-date symlink: /home/g1/rokey_c_2_ws/install/nav_interfaces/share/nav_interfaces/environment/pythonpath.sh
[1.087s] -- Up-to-date symlink: /home/g1/rokey_c_2_ws/install/nav_interfaces/share/nav_interfaces/environment/pythonpath.dsv
[1.088s] -- Up-to-date symlink: /home/g1/rokey_c_2_ws/install/nav_interfaces/local/lib/python3.10/dist-packages/nav_interfaces-0.0.0-py3.10.egg-info/PKG-INFO
[1.088s] -- Up-to-date symlink: /home/g1/rokey_c_2_ws/install/nav_interfaces/local/lib/python3.10/dist-packages/nav_interfaces-0.0.0-py3.10.egg-info/SOURCES.txt
[1.088s] -- Up-to-date symlink: /home/g1/rokey_c_2_ws/install/nav_interfaces/local/lib/python3.10/dist-packages/nav_interfaces-0.0.0-py3.10.egg-info/dependency_links.txt
[1.088s] -- Up-to-date symlink: /home/g1/rokey_c_2_ws/install/nav_interfaces/local/lib/python3.10/dist-packages/nav_interfaces-0.0.0-py3.10.egg-info/top_level.txt
[1.088s] -- Up-to-date symlink: /home/g1/rokey_c_2_ws/install/nav_interfaces/local/lib/python3.10/dist-packages/nav_interfaces/__init__.py
[1.088s] -- Up-to-date symlink: /home/g1/rokey_c_2_ws/install/nav_interfaces/local/lib/python3.10/dist-packages/nav_interfaces/_nav_interfaces_s.ep.rosidl_typesupport_c.c
[1.088s] -- Up-to-date symlink: /home/g1/rokey_c_2_ws/install/nav_interfaces/local/lib/python3.10/dist-packages/nav_interfaces/_nav_interfaces_s.ep.rosidl_typesupport_fastrtps_c.c
[1.095s] -- Up-to-date symlink: /home/g1/rokey_c_2_ws/install/nav_interfaces/local/lib/python3.10/dist-packages/nav_interfaces/_nav_interfaces_s.ep.rosidl_typesupport_introspection_c.c
[1.095s] -- Up-to-date symlink: /home/g1/rokey_c_2_ws/install/nav_interfaces/local/lib/python3.10/dist-packages/nav_interfaces/action/__init__.py
[1.095s] -- Up-to-date symlink: /home/g1/rokey_c_2_ws/install/nav_interfaces/local/lib/python3.10/dist-packages/nav_interfaces/action/_navigate.py
[1.096s] -- Up-to-date symlink: /home/g1/rokey_c_2_ws/install/nav_interfaces/local/lib/python3.10/dist-packages/nav_interfaces/action/_navigate_s.c
[1.096s] -- Up-to-date symlink: /home/g1/rokey_c_2_ws/install/nav_interfaces/local/lib/python3.10/dist-packages/nav_interfaces/libnav_interfaces__rosidl_generator_py.so
[1.096s] -- Up-to-date symlink: /home/g1/rokey_c_2_ws/install/nav_interfaces/local/lib/python3.10/dist-packages/nav_interfaces/nav_interfaces_s__rosidl_typesupport_c.cpython-310-x86_64-linux-gnu.so
[1.096s] -- Up-to-date symlink: /home/g1/rokey_c_2_ws/install/nav_interfaces/local/lib/python3.10/dist-packages/nav_interfaces/nav_interfaces_s__rosidl_typesupport_fastrtps_c.cpython-310-x86_64-linux-gnu.so
[1.097s] -- Up-to-date symlink: /home/g1/rokey_c_2_ws/install/nav_interfaces/local/lib/python3.10/dist-packages/nav_interfaces/nav_interfaces_s__rosidl_typesupport_introspection_c.cpython-310-x86_64-linux-gnu.so
[1.097s] -- Up-to-date symlink: /home/g1/rokey_c_2_ws/install/nav_interfaces/local/lib/python3.10/dist-packages/nav_interfaces/nav_interfaces_s__rosidl_typesupport_fastrtps_c.cpython-310-x86_64-linux-gnu.so
[1.097s] -- Up-to-date symlink: /home/g1/rokey_c_2_ws/install/nav_interfaces/local/lib/python3.10/dist-packages/nav_interfaces/nav_interfaces_s__rosidl_typesupport_introspection_c.cpython-310-x86_64-linux-gnu.so
[1.097s] -- Up-to-date symlink: /home/g1/rokey_c_2_ws/install/nav_interfaces/local/lib/python3.10/dist-packages/nav_interfaces/nav_interfaces_s__rosidl_typesupport_c.cpython-310-x86_64-linux-gnu.so
[1.097s] -- Up-to-date symlink: /home/g1/rokey_c_2_ws/install/nav_interfaces/share/nav_interfaces/action/Navigate.idl
[1.097s] -- Up-to-date symlink: /home/g1/rokey_c_2_ws/install/nav_interfaces/share/nav_interfaces/action/Navigate.action
[1.097s] -- Up-to-date symlink: /home/g1/rokey_c_2_ws/install/nav_interfaces/share/ament_index/resource_index/package_run_dependencies/nav_interfaces
[1.097s] -- Up-to-date symlink: /home/g1/rokey_c_2_ws/install/nav_interfaces/share/ament_index/resource_index/parent_prefix_path/nav_interfaces
[1.097s] -- Up-to-date symlink: /home/g1/rokey_c_2_ws/install/nav_interfaces/share/nav_interfaces/environment/ament_prefix_path.sh
[1.098s] -- Up-to-date symlink: /home/g1/rokey_c_2_ws/install/nav_interfaces/share/nav_interfaces/environment/ament_prefix_path.dsv
[1.098s] -- Up-to-date symlink: /home/g1/rokey_c_2_ws/install/nav_interfaces/share/nav_interfaces/environment/path.sh
[1.098s] -- Up-to-date symlink: /home/g1/rokey_c_2_ws/install/nav_interfaces/share/nav_interfaces/environment/path.dsv
[1.098s] -- Up-to-date symlink: /home/g1/rokey_c_2_ws/install/nav_interfaces/share/nav_interfaces/local_setup.bash
[1.098s] -- Up-to-date symlink: /home/g1/rokey_c_2_ws/install/nav_interfaces/share/nav_interfaces/local_setup.sh
[1.098s] -- Up-to-date symlink: /home/g1/rokey_c_2_ws/install/nav_interfaces/share/nav_interfaces/local_setup.zsh
[1.099s] -- Up-to-date symlink: /home/g1/rokey_c_2_ws/install/nav_interfaces/share/nav_interfaces/local_setup.dsv
[1.099s] -- Symlinking: /home/g1/rokey_c_2_ws/install/nav_interfaces/share/nav_interfaces/package.dsv
[1.105s] -- Up-to-date symlink: /home/g1/rokey_c_2_ws/install/nav_interfaces/share/ament_index/resource_index/packages/nav_interfaces
[1.106s] -- Up-to-date symlink: /home/g1/rokey_c_2_ws/install/nav_interfaces/share/nav_interfaces/cmake/rosidl_cmake-extras.cmake
[1.106s] -- Up-to-date symlink: /home/g1/rokey_c_2_ws/install/nav_interfaces/share/nav_interfaces/cmake/ament_cmake_export_dependencies-extras.cmake
[1.106s] -- Up-to-date symlink: /home/g1/rokey_c_2_ws/install/nav_interfaces/share/nav_interfaces/cmake/ament_cmake_export_include_directories-extras.cmake
[1.107s] -- Up-to-date symlink: /home/g1/rokey_c_2_ws/install/nav_interfaces/share/nav_interfaces/cmake/ament_cmake_export_libraries-extras.cmake
[1.108s] -- Up-to-date symlink: /home/g1/rokey_c_2_ws/install/nav_interfaces/share/nav_interfaces/cmake/ament_cmake_export_targets-extras.cmake
[1.108s] -- Up-to-date symlink: /home/g1/rokey_c_2_ws/install/nav_interfaces/share/nav_interfaces/cmake/rosidl_cmake_export_typesupport_targets-extras.cmake
[1.108s] -- Up-to-date symlink: /home/g1/rokey_c_2_ws/install/nav_interfaces/share/nav_interfaces/cmake/rosidl_cmake_export_typesupport_libraries-extras.cmake
[1.108s] -- Up-to-date symlink: /home/g1/rokey_c_2_ws/install/nav_interfaces/share/nav_interfaces/cmake/nav_interfacesConfig.cmake
[1.108s] -- Up-to-date symlink: /home/g1/rokey_c_2_ws/install/nav_interfaces/share/nav_interfaces/cmake/nav_interfacesConfig-version.cmake
[1.112s] -- Up-to-date symlink: /home/g1/rokey_c_2_ws/install/nav_interfaces/share/nav_interfaces/package.xml
[1.112s] -- Up-to-date: /home/g1/rokey_c_2_ws/install/nav_interfaces/lib/libnav_interfaces__rosidl_generator_c.so
[1.112s] -- Up-to-date: /home/g1/rokey_c_2_ws/install/nav_interfaces/lib/libnav_interfaces__rosidl_typesupport_fastrtps_c.so
[1.112s] -- Up-to-date: /home/g1/rokey_c_2_ws/install/nav_interfaces/lib/libnav_interfaces__rosidl_typesupport_introspection_c.so
[1.112s] -- Up-to-date: /home/g1/rokey_c_2_ws/install/nav_interfaces/lib/libnav_interfaces__rosidl_typesupport_c.so
[1.114s] -- Up-to-date: /home/g1/rokey_c_2_ws/install/nav_interfaces/lib/libnav_interfaces__rosidl_typesupport_fastrtps_cpp.so
[1.114s] -- Up-to-date: /home/g1/rokey_c_2_ws/install/nav_interfaces/lib/libnav_interfaces__rosidl_typesupport_introspection_cpp.so
[1.114s] -- Up-to-date: /home/g1/rokey_c_2_ws/install/nav_interfaces/lib/libnav_interfaces__rosidl_typesupport_cpp.so
[1.161s] Listing '/home/g1/rokey_c_2_ws/install/nav_interfaces/local/lib/python3.10/dist-packages/nav_interfaces'...
[1.161s] Listing '/home/g1/rokey_c_2_ws/install/nav_interfaces/local/lib/python3.10/dist-packages/nav_interfaces/action'...
[1.170s] -- Up-to-date: /home/g1/rokey_c_2_ws/install/nav_interfaces/lib/libnav_interfaces__rosidl_generator_py.so
[1.171s] -- Up-to-date: /home/g1/rokey_c_2_ws/install/nav_interfaces/share/nav_interfaces/cmake/export_nav_interfaces__rosidl_generator_cExport.cmake
[1.171s] -- Up-to-date: /home/g1/rokey_c_2_ws/install/nav_interfaces/share/nav_interfaces/cmake/export_nav_interfaces__rosidl_generator_cExport-noconfig.cmake
[1.171s] -- Up-to-date: /home/g1/rokey_c_2_ws/install/nav_interfaces/share/nav_interfaces/cmake/export_nav_interfaces__rosidl_typesupport_fastrtps_cExport.cmake
[1.171s] -- Up-to-date: /home/g1/rokey_c_2_ws/install/nav_interfaces/share/nav_interfaces/cmake/export_nav_interfaces__rosidl_typesupport_fastrtps_cExport-noconfig.cmake
[1.171s] -- Up-to-date: /home/g1/rokey_c_2_ws/install/nav_interfaces/share/nav_interfaces/cmake/nav_interfaces__rosidl_typesupport_introspection_cExport.cmake
[1.172s] -- Up-to-date: /home/g1/rokey_c_2_ws/install/nav_interfaces/share/nav_interfaces/cmake/nav_interfaces__rosidl_typesupport_introspection_cExport-noconfig.cmake
[1.172s] -- Up-to-date: /home/g1/rokey_c_2_ws/install/nav_interfaces/share/nav_interfaces/cmake/nav_interfaces__rosidl_typesupport_cExport.cmake
[1.172s] -- Up-to-date: /home/g1/rokey_c_2_ws/install/nav_interfaces/share/nav_interfaces/cmake/nav_interfaces__rosidl_typesupport_cExport-noconfig.cmake
[1.172s] -- Up-to-date: /home/g1/rokey_c_2_ws/install/nav_interfaces/share/nav_interfaces/cmake/export_nav_interfaces__rosidl_generator_cppExport.cmake
[1.172s] -- Up-to-date: /home/g1/rokey_c_2_ws/install/nav_interfaces/share/nav_interfaces/cmake/export_nav_interfaces__rosidl_typesupport_fastrtps_cppExport.cmake
[1.172s] -- Up-to-date: /home/g1/rokey_c_2_ws/install/nav_interfaces/share/nav_interfaces/cmake/export_nav_interfaces__rosidl_typesupport_fastrtps_cppExport-noconfig.cmake
[1.173s] -- Up-to-date: /home/g1/rokey_c_2_ws/install/nav_interfaces/share/nav_interfaces/cmake/nav_interfaces__rosidl_typesupport_introspection_cppExport.cmake
[1.173s] -- Up-to-date: /home/g1/rokey_c_2_ws/install/nav_interfaces/share/nav_interfaces/cmake/nav_interfaces__rosidl_typesupport_introspection_cppExport-noconfig.cmake
[1.173s] -- Up-to-date: /home/g1/rokey_c_2_ws/install/nav_interfaces/share/nav_interfaces/cmake/nav_interfaces__rosidl_typesupport_cppExport.cmake
[1.173s] -- Up-to-date: /home/g1/rokey_c_2_ws/install/nav_interfaces/share/nav_interfaces/cmake/nav_interfaces__rosidl_typesupport_cppExport-noconfig.cmake
[1.173s] -- Up-to-date: /home/g1/rokey_c_2_ws/install/nav_interfaces/share/nav_interfaces/cmake/export_nav_interfaces__rosidl_generator_pyExport.cmake
[1.173s] -- Up-to-date: /home/g1/rokey_c_2_ws/install/nav_interfaces/share/nav_interfaces/cmake/export_nav_interfaces__rosidl_generator_pyExport-noconfig.cmake
[1.177s] Invoked command in '/home/g1/rokey_c_2_ws/build/nav_interfaces' returned '0': CMAKE_PREFIX_PATH=${CMAKE_PREFIX_PATH}:/home/g1/rokey_c_2_ws/install/turtlebot3_gui:/home/g1/rokey_c_2_ws/install/table_order:/home/g1/rokey_c_2_ws/install/serving_robot:/home/g1/rokey_c_2_ws/install/database:/home/g1/work/turtlebot3_ws/install/turtlebot3_teleop:/home/g1/work/turtlebot3_ws/install/turtlebot3_example:/opt/ros/humble /usr/bin/cmake --install /home/g1/rokey_c_2_ws/build/nav_interfaces
