[0.015s] Invoking command in '/home/g1/rokey_c_2_ws/build/table_order_interface': CMAKE_PREFIX_PATH=${CMAKE_PREFIX_PATH}:/home/g1/rokey_c_2_ws/install/table_order:/home/g1/rokey_c_2_ws/install/serving_robot:/home/g1/rokey_c_2_ws/install/database:/home/g1/.local/share/Trash/files/rokey_c2_ws/install/table_order:/home/g1/.local/share/Trash/files/rokey_c2_ws/install/serving_robot:/home/g1/.local/share/Trash/files/rokey_c2_ws/install/database:/home/g1/rokey_c2_ws/install/table_order:/home/g1/rokey_c2_ws/install/serving_robot:/home/g1/rokey_c2_ws/install/database:/home/g1/work/turtlebot3_ws/install/turtlebot3_teleop:/home/g1/work/turtlebot3_ws/install/turtlebot3_example:/opt/ros/humble /usr/bin/cmake /home/g1/rokey_c_2_ws/src/table_order_interface -DAMENT_CMAKE_SYMLINK_INSTALL=1 -DCMAKE_INSTALL_PREFIX=/home/g1/rokey_c_2_ws/install/table_order_interface
[0.066s] -- The C compiler identification is GNU 11.4.0
[0.118s] -- The CXX compiler identification is GNU 11.4.0
[0.125s] -- Detecting C compiler ABI info
[0.186s] -- Detecting C compiler ABI info - done
[0.193s] -- Check for working C compiler: /usr/bin/cc - skipped
[0.193s] -- Detecting C compile features
[0.194s] -- Detecting C compile features - done
[0.198s] -- Detecting CXX compiler ABI info
[0.273s] -- Detecting CXX compiler ABI info - done
[0.284s] -- Check for working CXX compiler: /usr/bin/c++ - skipped
[0.285s] -- Detecting CXX compile features
[0.285s] -- Detecting CXX compile features - done
[0.291s] -- Found ament_cmake: 1.3.10 (/opt/ros/humble/share/ament_cmake/cmake)
[0.524s] -- Found Python3: /usr/bin/python3 (found version "3.10.12") found components: Interpreter 
[0.590s] -- Override CMake install command with custom implementation using symlinks instead of copying resources
[0.640s] -- Found builtin_interfaces: 1.2.1 (/opt/ros/humble/share/builtin_interfaces/cmake)
[0.686s] -- Found rosidl_generator_c: 3.1.5 (/opt/ros/humble/share/rosidl_generator_c/cmake)
[0.693s] -- Found rosidl_adapter: 3.1.5 (/opt/ros/humble/share/rosidl_adapter/cmake)
[0.704s] -- Found rosidl_generator_cpp: 3.1.5 (/opt/ros/humble/share/rosidl_generator_cpp/cmake)
[0.719s] -- Using all available rosidl_typesupport_c: rosidl_typesupport_fastrtps_c;rosidl_typesupport_introspection_c
[0.740s] -- Using all available rosidl_typesupport_cpp: rosidl_typesupport_fastrtps_cpp;rosidl_typesupport_introspection_cpp
[0.760s] -- Found rosidl_default_generators: 1.2.0 (/opt/ros/humble/share/rosidl_default_generators/cmake)
[1.056s] -- Found ament_cmake_ros: 0.10.0 (/opt/ros/humble/share/ament_cmake_ros/cmake)
[1.420s] -- Using all available rosidl_typesupport_c: rosidl_typesupport_fastrtps_c;rosidl_typesupport_introspection_c
[1.561s] -- Using all available rosidl_typesupport_cpp: rosidl_typesupport_fastrtps_cpp;rosidl_typesupport_introspection_cpp
[1.586s] -- Found PythonInterp: /usr/bin/python3 (found suitable version "3.10.12", minimum required is "3.6") 
[1.589s] -- Found python_cmake_module: 0.10.0 (/opt/ros/humble/share/python_cmake_module/cmake)
[1.621s] -- Found PythonLibs: /usr/lib/x86_64-linux-gnu/libpython3.10.so (found suitable version "3.10.12", minimum required is "3.5") 
[1.621s] -- Using PYTHON_EXECUTABLE: /usr/bin/python3
[1.621s] -- Using PYTHON_INCLUDE_DIRS: /usr/include/python3.10
[1.621s] -- Using PYTHON_LIBRARIES: /usr/lib/x86_64-linux-gnu/libpython3.10.so
[1.644s] -- Found PythonExtra: .so  
[1.693s] -- Found ament_lint_auto: 0.12.11 (/opt/ros/humble/share/ament_lint_auto/cmake)
[1.718s] -- Added test 'lint_cmake' to check CMake code style
[1.719s] -- Added test 'xmllint' to check XML markup files
[1.723s] -- Configuring done
[1.751s] -- Generating done
[1.753s] -- Build files have been written to: /home/g1/rokey_c_2_ws/build/table_order_interface
[1.760s] Invoked command in '/home/g1/rokey_c_2_ws/build/table_order_interface' returned '0': CMAKE_PREFIX_PATH=${CMAKE_PREFIX_PATH}:/home/g1/rokey_c_2_ws/install/table_order:/home/g1/rokey_c_2_ws/install/serving_robot:/home/g1/rokey_c_2_ws/install/database:/home/g1/.local/share/Trash/files/rokey_c2_ws/install/table_order:/home/g1/.local/share/Trash/files/rokey_c2_ws/install/serving_robot:/home/g1/.local/share/Trash/files/rokey_c2_ws/install/database:/home/g1/rokey_c2_ws/install/table_order:/home/g1/rokey_c2_ws/install/serving_robot:/home/g1/rokey_c2_ws/install/database:/home/g1/work/turtlebot3_ws/install/turtlebot3_teleop:/home/g1/work/turtlebot3_ws/install/turtlebot3_example:/opt/ros/humble /usr/bin/cmake /home/g1/rokey_c_2_ws/src/table_order_interface -DAMENT_CMAKE_SYMLINK_INSTALL=1 -DCMAKE_INSTALL_PREFIX=/home/g1/rokey_c_2_ws/install/table_order_interface
[1.762s] Invoking command in '/home/g1/rokey_c_2_ws/build/table_order_interface': CMAKE_PREFIX_PATH=${CMAKE_PREFIX_PATH}:/home/g1/rokey_c_2_ws/install/table_order:/home/g1/rokey_c_2_ws/install/serving_robot:/home/g1/rokey_c_2_ws/install/database:/home/g1/.local/share/Trash/files/rokey_c2_ws/install/table_order:/home/g1/.local/share/Trash/files/rokey_c2_ws/install/serving_robot:/home/g1/.local/share/Trash/files/rokey_c2_ws/install/database:/home/g1/rokey_c2_ws/install/table_order:/home/g1/rokey_c2_ws/install/serving_robot:/home/g1/rokey_c2_ws/install/database:/home/g1/work/turtlebot3_ws/install/turtlebot3_teleop:/home/g1/work/turtlebot3_ws/install/turtlebot3_example:/opt/ros/humble /usr/bin/cmake --build /home/g1/rokey_c_2_ws/build/table_order_interface -- -j8 -l8
[1.804s] [  3%] [34m[1mGenerating C code for ROS interfaces[0m
[1.814s] [  6%] [34m[1mGenerating C++ code for ROS interfaces[0m
[1.824s] [  6%] Built target ament_cmake_python_symlink_table_order_interface
[2.524s] running egg_info
[2.526s] creating table_order_interface.egg-info
[2.527s] writing table_order_interface.egg-info/PKG-INFO
[2.527s] writing dependency_links to table_order_interface.egg-info/dependency_links.txt
[2.528s] writing top-level names to table_order_interface.egg-info/top_level.txt
[2.530s] writing manifest file 'table_order_interface.egg-info/SOURCES.txt'
[2.536s] reading manifest file 'table_order_interface.egg-info/SOURCES.txt'
[2.538s] writing manifest file 'table_order_interface.egg-info/SOURCES.txt'
[2.611s] [  6%] Built target table_order_interface__cpp
[2.619s] [  9%] [32mBuilding C object CMakeFiles/table_order_interface__rosidl_generator_c.dir/rosidl_generator_c/table_order_interface/srv/detail/set_order__functions.c.o[0m
[2.620s] [  9%] Built target ament_cmake_python_build_table_order_interface_egg
[2.635s] [ 12%] [34m[1mGenerating C++ type support dispatch for ROS interfaces[0m
[2.636s] [ 16%] [34m[1mGenerating C++ introspection for ROS interfaces[0m
[2.642s] [ 19%] [34m[1mGenerating C++ type support for eProsima Fast-RTPS[0m
[2.742s] [ 22%] [32m[1mLinking C shared library libtable_order_interface__rosidl_generator_c.so[0m
[2.839s] [ 22%] Built target table_order_interface__rosidl_generator_c
[2.870s] [ 25%] [34m[1mGenerating C type support dispatch for ROS interfaces[0m
[2.878s] [ 29%] [34m[1mGenerating C type support for eProsima Fast-RTPS[0m
[2.878s] [ 32%] [34m[1mGenerating C introspection for ROS interfaces[0m
[3.550s] [ 35%] [32mBuilding CXX object CMakeFiles/table_order_interface__rosidl_typesupport_cpp.dir/rosidl_typesupport_cpp/table_order_interface/srv/set_order__type_support.cpp.o[0m
[3.795s] [ 38%] [32mBuilding CXX object CMakeFiles/table_order_interface__rosidl_typesupport_fastrtps_c.dir/rosidl_typesupport_fastrtps_c/table_order_interface/srv/detail/set_order__type_support_c.cpp.o[0m
[3.859s] [ 41%] [32mBuilding CXX object CMakeFiles/table_order_interface__rosidl_typesupport_introspection_cpp.dir/rosidl_typesupport_introspection_cpp/table_order_interface/srv/detail/set_order__type_support.cpp.o[0m
[3.870s] [ 45%] [32mBuilding CXX object CMakeFiles/table_order_interface__rosidl_typesupport_fastrtps_cpp.dir/rosidl_typesupport_fastrtps_cpp/table_order_interface/srv/detail/dds_fastrtps/set_order__type_support.cpp.o[0m
[4.095s] [ 48%] [32mBuilding C object CMakeFiles/table_order_interface__rosidl_typesupport_introspection_c.dir/rosidl_typesupport_introspection_c/table_order_interface/srv/detail/set_order__type_support.c.o[0m
[4.166s] [ 51%] [32mBuilding CXX object CMakeFiles/table_order_interface__rosidl_typesupport_c.dir/rosidl_typesupport_c/table_order_interface/srv/set_order__type_support.cpp.o[0m
[4.230s] [ 54%] [32m[1mLinking C shared library libtable_order_interface__rosidl_typesupport_introspection_c.so[0m
[4.295s] [ 58%] [32m[1mLinking CXX shared library libtable_order_interface__rosidl_typesupport_c.so[0m
[4.356s] [ 58%] Built target table_order_interface__rosidl_typesupport_introspection_c
[4.534s] [ 58%] Built target table_order_interface__rosidl_typesupport_c
[4.552s] [ 61%] [32m[1mLinking CXX shared library libtable_order_interface__rosidl_typesupport_cpp.so[0m
[4.682s] [ 64%] [32m[1mLinking CXX shared library libtable_order_interface__rosidl_typesupport_fastrtps_c.so[0m
[4.752s] [ 64%] Built target table_order_interface__rosidl_typesupport_cpp
[4.992s] [ 64%] Built target table_order_interface__rosidl_typesupport_fastrtps_c
[5.285s] [ 67%] [32m[1mLinking CXX shared library libtable_order_interface__rosidl_typesupport_introspection_cpp.so[0m
[5.484s] [ 67%] Built target table_order_interface__rosidl_typesupport_introspection_cpp
[5.960s] [ 70%] [32m[1mLinking CXX shared library libtable_order_interface__rosidl_typesupport_fastrtps_cpp.so[0m
[6.233s] [ 70%] Built target table_order_interface__rosidl_typesupport_fastrtps_cpp
[6.313s] [ 70%] Built target table_order_interface
[6.374s] [ 74%] [34m[1mGenerating Python code for ROS interfaces[0m
[8.224s] [ 74%] Built target table_order_interface__py
[8.279s] [ 77%] [32mBuilding C object CMakeFiles/table_order_interface__rosidl_generator_py.dir/rosidl_generator_py/table_order_interface/srv/_set_order_s.c.o[0m
[8.611s] [ 80%] [32m[1mLinking C shared library rosidl_generator_py/table_order_interface/libtable_order_interface__rosidl_generator_py.so[0m
[8.705s] [ 80%] Built target table_order_interface__rosidl_generator_py
[8.758s] [ 83%] [32mBuilding C object CMakeFiles/table_order_interface__rosidl_typesupport_fastrtps_c__pyext.dir/rosidl_generator_py/table_order_interface/_table_order_interface_s.ep.rosidl_typesupport_fastrtps_c.c.o[0m
[8.767s] [ 87%] [32mBuilding C object CMakeFiles/table_order_interface__rosidl_typesupport_introspection_c__pyext.dir/rosidl_generator_py/table_order_interface/_table_order_interface_s.ep.rosidl_typesupport_introspection_c.c.o[0m
[8.776s] [ 90%] [32mBuilding C object CMakeFiles/table_order_interface__rosidl_typesupport_c__pyext.dir/rosidl_generator_py/table_order_interface/_table_order_interface_s.ep.rosidl_typesupport_c.c.o[0m
[8.914s] [ 93%] [32m[1mLinking C shared library rosidl_generator_py/table_order_interface/table_order_interface_s__rosidl_typesupport_introspection_c.cpython-310-x86_64-linux-gnu.so[0m
[8.920s] [ 96%] [32m[1mLinking C shared library rosidl_generator_py/table_order_interface/table_order_interface_s__rosidl_typesupport_fastrtps_c.cpython-310-x86_64-linux-gnu.so[0m
[8.946s] [100%] [32m[1mLinking C shared library rosidl_generator_py/table_order_interface/table_order_interface_s__rosidl_typesupport_c.cpython-310-x86_64-linux-gnu.so[0m
[8.958s] [100%] Built target table_order_interface__rosidl_typesupport_introspection_c__pyext
[8.975s] [100%] Built target table_order_interface__rosidl_typesupport_fastrtps_c__pyext
[8.985s] [100%] Built target table_order_interface__rosidl_typesupport_c__pyext
[8.998s] Invoked command in '/home/g1/rokey_c_2_ws/build/table_order_interface' returned '0': CMAKE_PREFIX_PATH=${CMAKE_PREFIX_PATH}:/home/g1/rokey_c_2_ws/install/table_order:/home/g1/rokey_c_2_ws/install/serving_robot:/home/g1/rokey_c_2_ws/install/database:/home/g1/.local/share/Trash/files/rokey_c2_ws/install/table_order:/home/g1/.local/share/Trash/files/rokey_c2_ws/install/serving_robot:/home/g1/.local/share/Trash/files/rokey_c2_ws/install/database:/home/g1/rokey_c2_ws/install/table_order:/home/g1/rokey_c2_ws/install/serving_robot:/home/g1/rokey_c2_ws/install/database:/home/g1/work/turtlebot3_ws/install/turtlebot3_teleop:/home/g1/work/turtlebot3_ws/install/turtlebot3_example:/opt/ros/humble /usr/bin/cmake --build /home/g1/rokey_c_2_ws/build/table_order_interface -- -j8 -l8
[9.075s] Invoking command in '/home/g1/rokey_c_2_ws/build/table_order_interface': CMAKE_PREFIX_PATH=${CMAKE_PREFIX_PATH}:/home/g1/rokey_c_2_ws/install/table_order:/home/g1/rokey_c_2_ws/install/serving_robot:/home/g1/rokey_c_2_ws/install/database:/home/g1/.local/share/Trash/files/rokey_c2_ws/install/table_order:/home/g1/.local/share/Trash/files/rokey_c2_ws/install/serving_robot:/home/g1/.local/share/Trash/files/rokey_c2_ws/install/database:/home/g1/rokey_c2_ws/install/table_order:/home/g1/rokey_c2_ws/install/serving_robot:/home/g1/rokey_c2_ws/install/database:/home/g1/work/turtlebot3_ws/install/turtlebot3_teleop:/home/g1/work/turtlebot3_ws/install/turtlebot3_example:/opt/ros/humble /usr/bin/cmake --install /home/g1/rokey_c_2_ws/build/table_order_interface
[9.083s] -- Install configuration: ""
[9.084s] -- Execute custom install script
[9.084s] -- Symlinking: /home/g1/rokey_c_2_ws/install/table_order_interface/share/ament_index/resource_index/rosidl_interfaces/table_order_interface
[9.121s] -- Symlinking: /home/g1/rokey_c_2_ws/install/table_order_interface/include/table_order_interface/table_order_interface/msg/rosidl_generator_c__visibility_control.h
[9.130s] -- Symlinking: /home/g1/rokey_c_2_ws/install/table_order_interface/include/table_order_interface/table_order_interface/srv/detail/set_order__functions.h
[9.141s] -- Symlinking: /home/g1/rokey_c_2_ws/install/table_order_interface/include/table_order_interface/table_order_interface/srv/detail/set_order__struct.h
[9.150s] -- Symlinking: /home/g1/rokey_c_2_ws/install/table_order_interface/include/table_order_interface/table_order_interface/srv/detail/set_order__type_support.h
[9.158s] -- Symlinking: /home/g1/rokey_c_2_ws/install/table_order_interface/include/table_order_interface/table_order_interface/srv/set_order.h
[9.167s] -- Symlinking: /home/g1/rokey_c_2_ws/install/table_order_interface/share/table_order_interface/environment/library_path.sh
[9.175s] -- Symlinking: /home/g1/rokey_c_2_ws/install/table_order_interface/share/table_order_interface/environment/library_path.dsv
[9.183s] -- Symlinking: /home/g1/rokey_c_2_ws/install/table_order_interface/include/table_order_interface/table_order_interface/msg/rosidl_typesupport_fastrtps_c__visibility_control.h
[9.192s] -- Symlinking: /home/g1/rokey_c_2_ws/install/table_order_interface/include/table_order_interface/table_order_interface/srv/detail/set_order__rosidl_typesupport_fastrtps_c.h
[9.204s] -- Symlinking: /home/g1/rokey_c_2_ws/install/table_order_interface/include/table_order_interface/table_order_interface/srv/detail/set_order__builder.hpp
[9.213s] -- Symlinking: /home/g1/rokey_c_2_ws/install/table_order_interface/include/table_order_interface/table_order_interface/srv/detail/set_order__struct.hpp
[9.222s] -- Symlinking: /home/g1/rokey_c_2_ws/install/table_order_interface/include/table_order_interface/table_order_interface/srv/detail/set_order__traits.hpp
[9.231s] -- Symlinking: /home/g1/rokey_c_2_ws/install/table_order_interface/include/table_order_interface/table_order_interface/srv/set_order.hpp
[9.240s] -- Symlinking: /home/g1/rokey_c_2_ws/install/table_order_interface/include/table_order_interface/table_order_interface/msg/rosidl_typesupport_fastrtps_cpp__visibility_control.h
[9.248s] -- Symlinking: /home/g1/rokey_c_2_ws/install/table_order_interface/include/table_order_interface/table_order_interface/srv/detail/set_order__rosidl_typesupport_fastrtps_cpp.hpp
[9.256s] -- Symlinking: /home/g1/rokey_c_2_ws/install/table_order_interface/include/table_order_interface/table_order_interface/msg/rosidl_typesupport_introspection_c__visibility_control.h
[9.264s] -- Symlinking: /home/g1/rokey_c_2_ws/install/table_order_interface/include/table_order_interface/table_order_interface/srv/detail/set_order__rosidl_typesupport_introspection_c.h
[9.273s] -- Symlinking: /home/g1/rokey_c_2_ws/install/table_order_interface/include/table_order_interface/table_order_interface/srv/detail/set_order__rosidl_typesupport_introspection_cpp.hpp
[9.281s] -- Symlinking: /home/g1/rokey_c_2_ws/install/table_order_interface/share/table_order_interface/environment/pythonpath.sh
[9.289s] -- Symlinking: /home/g1/rokey_c_2_ws/install/table_order_interface/share/table_order_interface/environment/pythonpath.dsv
[9.299s] -- Symlinking: /home/g1/rokey_c_2_ws/install/table_order_interface/local/lib/python3.10/dist-packages/table_order_interface-0.0.0-py3.10.egg-info/PKG-INFO
[9.307s] -- Symlinking: /home/g1/rokey_c_2_ws/install/table_order_interface/local/lib/python3.10/dist-packages/table_order_interface-0.0.0-py3.10.egg-info/SOURCES.txt
[9.316s] -- Symlinking: /home/g1/rokey_c_2_ws/install/table_order_interface/local/lib/python3.10/dist-packages/table_order_interface-0.0.0-py3.10.egg-info/dependency_links.txt
[9.324s] -- Symlinking: /home/g1/rokey_c_2_ws/install/table_order_interface/local/lib/python3.10/dist-packages/table_order_interface-0.0.0-py3.10.egg-info/top_level.txt
[9.333s] -- Symlinking: /home/g1/rokey_c_2_ws/install/table_order_interface/local/lib/python3.10/dist-packages/table_order_interface/__init__.py
[9.341s] -- Symlinking: /home/g1/rokey_c_2_ws/install/table_order_interface/local/lib/python3.10/dist-packages/table_order_interface/_table_order_interface_s.ep.rosidl_typesupport_c.c
[9.349s] -- Symlinking: /home/g1/rokey_c_2_ws/install/table_order_interface/local/lib/python3.10/dist-packages/table_order_interface/_table_order_interface_s.ep.rosidl_typesupport_fastrtps_c.c
[9.357s] -- Symlinking: /home/g1/rokey_c_2_ws/install/table_order_interface/local/lib/python3.10/dist-packages/table_order_interface/_table_order_interface_s.ep.rosidl_typesupport_introspection_c.c
[9.365s] -- Symlinking: /home/g1/rokey_c_2_ws/install/table_order_interface/local/lib/python3.10/dist-packages/table_order_interface/libtable_order_interface__rosidl_generator_py.so
[9.374s] -- Symlinking: /home/g1/rokey_c_2_ws/install/table_order_interface/local/lib/python3.10/dist-packages/table_order_interface/srv/__init__.py
[9.382s] -- Symlinking: /home/g1/rokey_c_2_ws/install/table_order_interface/local/lib/python3.10/dist-packages/table_order_interface/srv/_set_order.py
[9.390s] -- Symlinking: /home/g1/rokey_c_2_ws/install/table_order_interface/local/lib/python3.10/dist-packages/table_order_interface/srv/_set_order_s.c
[9.400s] -- Symlinking: /home/g1/rokey_c_2_ws/install/table_order_interface/local/lib/python3.10/dist-packages/table_order_interface/table_order_interface_s__rosidl_typesupport_c.cpython-310-x86_64-linux-gnu.so
[9.408s] -- Symlinking: /home/g1/rokey_c_2_ws/install/table_order_interface/local/lib/python3.10/dist-packages/table_order_interface/table_order_interface_s__rosidl_typesupport_fastrtps_c.cpython-310-x86_64-linux-gnu.so
[9.417s] -- Symlinking: /home/g1/rokey_c_2_ws/install/table_order_interface/local/lib/python3.10/dist-packages/table_order_interface/table_order_interface_s__rosidl_typesupport_introspection_c.cpython-310-x86_64-linux-gnu.so
[9.425s] -- Up-to-date symlink: /home/g1/rokey_c_2_ws/install/table_order_interface/local/lib/python3.10/dist-packages/table_order_interface/table_order_interface_s__rosidl_typesupport_fastrtps_c.cpython-310-x86_64-linux-gnu.so
[9.426s] -- Up-to-date symlink: /home/g1/rokey_c_2_ws/install/table_order_interface/local/lib/python3.10/dist-packages/table_order_interface/table_order_interface_s__rosidl_typesupport_introspection_c.cpython-310-x86_64-linux-gnu.so
[9.426s] -- Up-to-date symlink: /home/g1/rokey_c_2_ws/install/table_order_interface/local/lib/python3.10/dist-packages/table_order_interface/table_order_interface_s__rosidl_typesupport_c.cpython-310-x86_64-linux-gnu.so
[9.426s] -- Symlinking: /home/g1/rokey_c_2_ws/install/table_order_interface/share/table_order_interface/srv/SetOrder.idl
[9.435s] -- Symlinking: /home/g1/rokey_c_2_ws/install/table_order_interface/share/table_order_interface/srv/SetOrder.srv
[9.443s] -- Symlinking: /home/g1/rokey_c_2_ws/install/table_order_interface/share/table_order_interface/srv/SetOrder_Request.msg
[9.451s] -- Symlinking: /home/g1/rokey_c_2_ws/install/table_order_interface/share/table_order_interface/srv/SetOrder_Response.msg
[9.459s] -- Symlinking: /home/g1/rokey_c_2_ws/install/table_order_interface/share/ament_index/resource_index/package_run_dependencies/table_order_interface
[9.467s] -- Symlinking: /home/g1/rokey_c_2_ws/install/table_order_interface/share/ament_index/resource_index/parent_prefix_path/table_order_interface
[9.476s] -- Symlinking: /home/g1/rokey_c_2_ws/install/table_order_interface/share/table_order_interface/environment/ament_prefix_path.sh
[9.484s] -- Symlinking: /home/g1/rokey_c_2_ws/install/table_order_interface/share/table_order_interface/environment/ament_prefix_path.dsv
[9.493s] -- Symlinking: /home/g1/rokey_c_2_ws/install/table_order_interface/share/table_order_interface/environment/path.sh
[9.502s] -- Symlinking: /home/g1/rokey_c_2_ws/install/table_order_interface/share/table_order_interface/environment/path.dsv
[9.511s] -- Symlinking: /home/g1/rokey_c_2_ws/install/table_order_interface/share/table_order_interface/local_setup.bash
[9.520s] -- Symlinking: /home/g1/rokey_c_2_ws/install/table_order_interface/share/table_order_interface/local_setup.sh
[9.528s] -- Symlinking: /home/g1/rokey_c_2_ws/install/table_order_interface/share/table_order_interface/local_setup.zsh
[9.537s] -- Symlinking: /home/g1/rokey_c_2_ws/install/table_order_interface/share/table_order_interface/local_setup.dsv
[9.545s] -- Symlinking: /home/g1/rokey_c_2_ws/install/table_order_interface/share/table_order_interface/package.dsv
[9.553s] -- Symlinking: /home/g1/rokey_c_2_ws/install/table_order_interface/share/ament_index/resource_index/packages/table_order_interface
[9.562s] -- Symlinking: /home/g1/rokey_c_2_ws/install/table_order_interface/share/table_order_interface/cmake/rosidl_cmake-extras.cmake
[9.570s] -- Symlinking: /home/g1/rokey_c_2_ws/install/table_order_interface/share/table_order_interface/cmake/ament_cmake_export_dependencies-extras.cmake
[9.578s] -- Symlinking: /home/g1/rokey_c_2_ws/install/table_order_interface/share/table_order_interface/cmake/ament_cmake_export_include_directories-extras.cmake
[9.586s] -- Symlinking: /home/g1/rokey_c_2_ws/install/table_order_interface/share/table_order_interface/cmake/ament_cmake_export_libraries-extras.cmake
[9.595s] -- Symlinking: /home/g1/rokey_c_2_ws/install/table_order_interface/share/table_order_interface/cmake/ament_cmake_export_targets-extras.cmake
[9.603s] -- Symlinking: /home/g1/rokey_c_2_ws/install/table_order_interface/share/table_order_interface/cmake/rosidl_cmake_export_typesupport_targets-extras.cmake
[9.612s] -- Symlinking: /home/g1/rokey_c_2_ws/install/table_order_interface/share/table_order_interface/cmake/rosidl_cmake_export_typesupport_libraries-extras.cmake
[9.621s] -- Symlinking: /home/g1/rokey_c_2_ws/install/table_order_interface/share/table_order_interface/cmake/table_order_interfaceConfig.cmake
[9.629s] -- Symlinking: /home/g1/rokey_c_2_ws/install/table_order_interface/share/table_order_interface/cmake/table_order_interfaceConfig-version.cmake
[9.637s] -- Symlinking: /home/g1/rokey_c_2_ws/install/table_order_interface/share/table_order_interface/package.xml
[9.646s] -- Installing: /home/g1/rokey_c_2_ws/install/table_order_interface/lib/libtable_order_interface__rosidl_generator_c.so
[9.646s] -- Set runtime path of "/home/g1/rokey_c_2_ws/install/table_order_interface/lib/libtable_order_interface__rosidl_generator_c.so" to ""
[9.647s] -- Installing: /home/g1/rokey_c_2_ws/install/table_order_interface/lib/libtable_order_interface__rosidl_typesupport_fastrtps_c.so
[9.647s] -- Set runtime path of "/home/g1/rokey_c_2_ws/install/table_order_interface/lib/libtable_order_interface__rosidl_typesupport_fastrtps_c.so" to ""
[9.647s] -- Installing: /home/g1/rokey_c_2_ws/install/table_order_interface/lib/libtable_order_interface__rosidl_typesupport_fastrtps_cpp.so
[9.647s] -- Set runtime path of "/home/g1/rokey_c_2_ws/install/table_order_interface/lib/libtable_order_interface__rosidl_typesupport_fastrtps_cpp.so" to ""
[9.648s] -- Installing: /home/g1/rokey_c_2_ws/install/table_order_interface/lib/libtable_order_interface__rosidl_typesupport_introspection_c.so
[9.648s] -- Set runtime path of "/home/g1/rokey_c_2_ws/install/table_order_interface/lib/libtable_order_interface__rosidl_typesupport_introspection_c.so" to ""
[9.648s] -- Installing: /home/g1/rokey_c_2_ws/install/table_order_interface/lib/libtable_order_interface__rosidl_typesupport_c.so
[9.648s] -- Set runtime path of "/home/g1/rokey_c_2_ws/install/table_order_interface/lib/libtable_order_interface__rosidl_typesupport_c.so" to ""
[9.649s] -- Installing: /home/g1/rokey_c_2_ws/install/table_order_interface/lib/libtable_order_interface__rosidl_typesupport_introspection_cpp.so
[9.649s] -- Set runtime path of "/home/g1/rokey_c_2_ws/install/table_order_interface/lib/libtable_order_interface__rosidl_typesupport_introspection_cpp.so" to ""
[9.649s] -- Installing: /home/g1/rokey_c_2_ws/install/table_order_interface/lib/libtable_order_interface__rosidl_typesupport_cpp.so
[9.650s] -- Set runtime path of "/home/g1/rokey_c_2_ws/install/table_order_interface/lib/libtable_order_interface__rosidl_typesupport_cpp.so" to ""
[9.690s] Listing '/home/g1/rokey_c_2_ws/install/table_order_interface/local/lib/python3.10/dist-packages/table_order_interface'...
[9.690s] Compiling '/home/g1/rokey_c_2_ws/install/table_order_interface/local/lib/python3.10/dist-packages/table_order_interface/__init__.py'...
[9.690s] Listing '/home/g1/rokey_c_2_ws/install/table_order_interface/local/lib/python3.10/dist-packages/table_order_interface/srv'...
[9.690s] Compiling '/home/g1/rokey_c_2_ws/install/table_order_interface/local/lib/python3.10/dist-packages/table_order_interface/srv/__init__.py'...
[9.690s] Compiling '/home/g1/rokey_c_2_ws/install/table_order_interface/local/lib/python3.10/dist-packages/table_order_interface/srv/_set_order.py'...
[9.695s] -- Installing: /home/g1/rokey_c_2_ws/install/table_order_interface/lib/libtable_order_interface__rosidl_generator_py.so
[9.695s] -- Set runtime path of "/home/g1/rokey_c_2_ws/install/table_order_interface/lib/libtable_order_interface__rosidl_generator_py.so" to ""
[9.695s] -- Installing: /home/g1/rokey_c_2_ws/install/table_order_interface/share/table_order_interface/cmake/export_table_order_interface__rosidl_generator_cExport.cmake
[9.696s] -- Installing: /home/g1/rokey_c_2_ws/install/table_order_interface/share/table_order_interface/cmake/export_table_order_interface__rosidl_generator_cExport-noconfig.cmake
[9.696s] -- Installing: /home/g1/rokey_c_2_ws/install/table_order_interface/share/table_order_interface/cmake/export_table_order_interface__rosidl_typesupport_fastrtps_cExport.cmake
[9.696s] -- Installing: /home/g1/rokey_c_2_ws/install/table_order_interface/share/table_order_interface/cmake/export_table_order_interface__rosidl_typesupport_fastrtps_cExport-noconfig.cmake
[9.696s] -- Installing: /home/g1/rokey_c_2_ws/install/table_order_interface/share/table_order_interface/cmake/export_table_order_interface__rosidl_generator_cppExport.cmake
[9.696s] -- Installing: /home/g1/rokey_c_2_ws/install/table_order_interface/share/table_order_interface/cmake/export_table_order_interface__rosidl_typesupport_fastrtps_cppExport.cmake
[9.696s] -- Installing: /home/g1/rokey_c_2_ws/install/table_order_interface/share/table_order_interface/cmake/export_table_order_interface__rosidl_typesupport_fastrtps_cppExport-noconfig.cmake
[9.697s] -- Installing: /home/g1/rokey_c_2_ws/install/table_order_interface/share/table_order_interface/cmake/table_order_interface__rosidl_typesupport_introspection_cExport.cmake
[9.697s] -- Installing: /home/g1/rokey_c_2_ws/install/table_order_interface/share/table_order_interface/cmake/table_order_interface__rosidl_typesupport_introspection_cExport-noconfig.cmake
[9.697s] -- Installing: /home/g1/rokey_c_2_ws/install/table_order_interface/share/table_order_interface/cmake/table_order_interface__rosidl_typesupport_cExport.cmake
[9.697s] -- Installing: /home/g1/rokey_c_2_ws/install/table_order_interface/share/table_order_interface/cmake/table_order_interface__rosidl_typesupport_cExport-noconfig.cmake
[9.697s] -- Installing: /home/g1/rokey_c_2_ws/install/table_order_interface/share/table_order_interface/cmake/table_order_interface__rosidl_typesupport_introspection_cppExport.cmake
[9.698s] -- Installing: /home/g1/rokey_c_2_ws/install/table_order_interface/share/table_order_interface/cmake/table_order_interface__rosidl_typesupport_introspection_cppExport-noconfig.cmake
[9.698s] -- Installing: /home/g1/rokey_c_2_ws/install/table_order_interface/share/table_order_interface/cmake/table_order_interface__rosidl_typesupport_cppExport.cmake
[9.698s] -- Installing: /home/g1/rokey_c_2_ws/install/table_order_interface/share/table_order_interface/cmake/table_order_interface__rosidl_typesupport_cppExport-noconfig.cmake
[9.698s] -- Installing: /home/g1/rokey_c_2_ws/install/table_order_interface/share/table_order_interface/cmake/export_table_order_interface__rosidl_generator_pyExport.cmake
[9.698s] -- Installing: /home/g1/rokey_c_2_ws/install/table_order_interface/share/table_order_interface/cmake/export_table_order_interface__rosidl_generator_pyExport-noconfig.cmake
[9.701s] Invoked command in '/home/g1/rokey_c_2_ws/build/table_order_interface' returned '0': CMAKE_PREFIX_PATH=${CMAKE_PREFIX_PATH}:/home/g1/rokey_c_2_ws/install/table_order:/home/g1/rokey_c_2_ws/install/serving_robot:/home/g1/rokey_c_2_ws/install/database:/home/g1/.local/share/Trash/files/rokey_c2_ws/install/table_order:/home/g1/.local/share/Trash/files/rokey_c2_ws/install/serving_robot:/home/g1/.local/share/Trash/files/rokey_c2_ws/install/database:/home/g1/rokey_c2_ws/install/table_order:/home/g1/rokey_c2_ws/install/serving_robot:/home/g1/rokey_c2_ws/install/database:/home/g1/work/turtlebot3_ws/install/turtlebot3_teleop:/home/g1/work/turtlebot3_ws/install/turtlebot3_example:/opt/ros/humble /usr/bin/cmake --install /home/g1/rokey_c_2_ws/build/table_order_interface
