[0.554s] DEBUG:colcon:Command line arguments: ['/usr/bin/colcon', 'build']
[0.555s] DEBUG:colcon:Parsed command line arguments: Namespace(log_base=None, log_level=None, verb_name='build', build_base='build', install_base='install', merge_install=False, symlink_install=False, test_result_base=None, continue_on_error=False, executor='parallel', parallel_workers=8, event_handlers=None, ignore_user_meta=False, metas=['./colcon.meta'], base_paths=['.'], packages_ignore=None, packages_ignore_regex=None, paths=None, packages_up_to=None, packages_up_to_regex=None, packages_above=None, packages_above_and_dependencies=None, packages_above_depth=None, packages_select_by_dep=None, packages_skip_by_dep=None, packages_skip_up_to=None, packages_select_build_failed=False, packages_skip_build_finished=False, packages_select_test_failures=False, packages_skip_test_passed=False, packages_select=None, packages_skip=None, packages_select_regex=None, packages_skip_regex=None, packages_start=None, packages_end=None, allow_overriding=[], cmake_args=None, cmake_target=None, cmake_target_skip_unavailable=False, cmake_clean_cache=False, cmake_clean_first=False, cmake_force_configure=False, ament_cmake_args=None, catkin_cmake_args=None, catkin_skip_building_tests=False, mixin_files=None, mixin=None, verb_parser=<colcon_mixin.mixin.mixin_argument.MixinArgumentDecorator object at 0x7f9a924b6a70>, verb_extension=<colcon_core.verb.build.BuildVerb object at 0x7f9a924b6470>, main=<bound method BuildVerb.main of <colcon_core.verb.build.BuildVerb object at 0x7f9a924b6470>>, mixin_verb=('build',))
[1.436s] Level 1:colcon.colcon_core.package_discovery:discover_packages(colcon_meta) check parameters
[1.440s] Level 1:colcon.colcon_core.package_discovery:discover_packages(recursive) check parameters
[1.441s] Level 1:colcon.colcon_core.package_discovery:discover_packages(ignore) check parameters
[1.441s] Level 1:colcon.colcon_core.package_discovery:discover_packages(path) check parameters
[1.441s] Level 1:colcon.colcon_core.package_discovery:discover_packages(colcon_meta) discover
[1.442s] Level 1:colcon.colcon_core.package_discovery:discover_packages(recursive) discover
[1.442s] INFO:colcon.colcon_core.package_discovery:Crawling recursively for packages in '/home/love/turtlebot3_gui'
[1.442s] Level 1:colcon.colcon_core.package_identification:_identify(.) by extensions ['ignore', 'ignore_ament_install']
[1.444s] Level 1:colcon.colcon_core.package_identification:_identify(.) by extension 'ignore'
[1.444s] Level 1:colcon.colcon_core.package_identification:_identify(.) by extension 'ignore_ament_install'
[1.444s] Level 1:colcon.colcon_core.package_identification:_identify(.) by extensions ['colcon_pkg']
[1.445s] Level 1:colcon.colcon_core.package_identification:_identify(.) by extension 'colcon_pkg'
[1.445s] Level 1:colcon.colcon_core.package_identification:_identify(.) by extensions ['colcon_meta']
[1.445s] Level 1:colcon.colcon_core.package_identification:_identify(.) by extension 'colcon_meta'
[1.445s] Level 1:colcon.colcon_core.package_identification:_identify(.) by extensions ['ros']
[1.445s] Level 1:colcon.colcon_core.package_identification:_identify(.) by extension 'ros'
[1.519s] Level 1:colcon.colcon_core.package_identification:_identify(.) by extensions ['cmake', 'python']
[1.520s] Level 1:colcon.colcon_core.package_identification:_identify(.) by extension 'cmake'
[1.521s] Level 1:colcon.colcon_core.package_identification:_identify(.) by extension 'python'
[1.522s] Level 1:colcon.colcon_core.package_identification:_identify(.) by extensions ['python_setup_py']
[1.522s] Level 1:colcon.colcon_core.package_identification:_identify(.) by extension 'python_setup_py'
[1.523s] Level 1:colcon.colcon_core.package_identification:_identify(build) by extensions ['ignore', 'ignore_ament_install']
[1.524s] Level 1:colcon.colcon_core.package_identification:_identify(build) by extension 'ignore'
[1.524s] Level 1:colcon.colcon_core.package_identification:_identify(build) ignored
[1.525s] Level 1:colcon.colcon_core.package_identification:_identify(install) by extensions ['ignore', 'ignore_ament_install']
[1.526s] Level 1:colcon.colcon_core.package_identification:_identify(install) by extension 'ignore'
[1.526s] Level 1:colcon.colcon_core.package_identification:_identify(install) ignored
[1.527s] Level 1:colcon.colcon_core.package_identification:_identify(log) by extensions ['ignore', 'ignore_ament_install']
[1.528s] Level 1:colcon.colcon_core.package_identification:_identify(log) by extension 'ignore'
[1.529s] Level 1:colcon.colcon_core.package_identification:_identify(log) ignored
[1.530s] Level 1:colcon.colcon_core.package_identification:_identify(src) by extensions ['ignore', 'ignore_ament_install']
[1.532s] Level 1:colcon.colcon_core.package_identification:_identify(src) by extension 'ignore'
[1.532s] Level 1:colcon.colcon_core.package_identification:_identify(src) by extension 'ignore_ament_install'
[1.532s] Level 1:colcon.colcon_core.package_identification:_identify(src) by extensions ['colcon_pkg']
[1.533s] Level 1:colcon.colcon_core.package_identification:_identify(src) by extension 'colcon_pkg'
[1.533s] Level 1:colcon.colcon_core.package_identification:_identify(src) by extensions ['colcon_meta']
[1.533s] Level 1:colcon.colcon_core.package_identification:_identify(src) by extension 'colcon_meta'
[1.534s] Level 1:colcon.colcon_core.package_identification:_identify(src) by extensions ['ros']
[1.535s] Level 1:colcon.colcon_core.package_identification:_identify(src) by extension 'ros'
[1.535s] Level 1:colcon.colcon_core.package_identification:_identify(src) by extensions ['cmake', 'python']
[1.536s] Level 1:colcon.colcon_core.package_identification:_identify(src) by extension 'cmake'
[1.536s] Level 1:colcon.colcon_core.package_identification:_identify(src) by extension 'python'
[1.537s] Level 1:colcon.colcon_core.package_identification:_identify(src) by extensions ['python_setup_py']
[1.537s] Level 1:colcon.colcon_core.package_identification:_identify(src) by extension 'python_setup_py'
[1.538s] Level 1:colcon.colcon_core.package_identification:_identify(src/turtlebot3_gui) by extensions ['ignore', 'ignore_ament_install']
[1.539s] Level 1:colcon.colcon_core.package_identification:_identify(src/turtlebot3_gui) by extension 'ignore'
[1.540s] Level 1:colcon.colcon_core.package_identification:_identify(src/turtlebot3_gui) by extension 'ignore_ament_install'
[1.550s] Level 1:colcon.colcon_core.package_identification:_identify(src/turtlebot3_gui) by extensions ['colcon_pkg']
[1.551s] Level 1:colcon.colcon_core.package_identification:_identify(src/turtlebot3_gui) by extension 'colcon_pkg'
[1.558s] Level 1:colcon.colcon_core.package_identification:_identify(src/turtlebot3_gui) by extensions ['colcon_meta']
[1.558s] Level 1:colcon.colcon_core.package_identification:_identify(src/turtlebot3_gui) by extension 'colcon_meta'
[1.558s] Level 1:colcon.colcon_core.package_identification:_identify(src/turtlebot3_gui) by extensions ['ros']
[1.561s] Level 1:colcon.colcon_core.package_identification:_identify(src/turtlebot3_gui) by extension 'ros'
[1.571s] DEBUG:colcon.colcon_core.package_identification:Package 'src/turtlebot3_gui' with type 'ros.ament_python' and name 'turtlebot3_gui'
[1.573s] Level 1:colcon.colcon_core.package_discovery:discover_packages(recursive) using defaults
[1.573s] Level 1:colcon.colcon_core.package_discovery:discover_packages(ignore) discover
[1.573s] Level 1:colcon.colcon_core.package_discovery:discover_packages(ignore) using defaults
[1.573s] Level 1:colcon.colcon_core.package_discovery:discover_packages(path) discover
[1.573s] Level 1:colcon.colcon_core.package_discovery:discover_packages(path) using defaults
[1.731s] Level 1:colcon.colcon_core.package_discovery:discover_packages(prefix_path) check parameters
[1.732s] Level 1:colcon.colcon_core.package_discovery:discover_packages(prefix_path) discover
[1.737s] DEBUG:colcon.colcon_installed_package_information.package_discovery:Found 1 installed packages in /home/love/turtlebot3_gui/install
[1.742s] DEBUG:colcon.colcon_installed_package_information.package_discovery:Found 395 installed packages in /opt/ros/humble
[1.752s] Level 1:colcon.colcon_core.package_discovery:discover_packages(prefix_path) using defaults
[2.037s] Level 5:colcon.colcon_core.verb:set package 'turtlebot3_gui' build argument 'cmake_args' from command line to 'None'
[2.046s] Level 5:colcon.colcon_core.verb:set package 'turtlebot3_gui' build argument 'cmake_target' from command line to 'None'
[2.046s] Level 5:colcon.colcon_core.verb:set package 'turtlebot3_gui' build argument 'cmake_target_skip_unavailable' from command line to 'False'
[2.046s] Level 5:colcon.colcon_core.verb:set package 'turtlebot3_gui' build argument 'cmake_clean_cache' from command line to 'False'
[2.047s] Level 5:colcon.colcon_core.verb:set package 'turtlebot3_gui' build argument 'cmake_clean_first' from command line to 'False'
[2.047s] Level 5:colcon.colcon_core.verb:set package 'turtlebot3_gui' build argument 'cmake_force_configure' from command line to 'False'
[2.047s] Level 5:colcon.colcon_core.verb:set package 'turtlebot3_gui' build argument 'ament_cmake_args' from command line to 'None'
[2.047s] Level 5:colcon.colcon_core.verb:set package 'turtlebot3_gui' build argument 'catkin_cmake_args' from command line to 'None'
[2.047s] Level 5:colcon.colcon_core.verb:set package 'turtlebot3_gui' build argument 'catkin_skip_building_tests' from command line to 'False'
[2.048s] DEBUG:colcon.colcon_core.verb:Building package 'turtlebot3_gui' with the following arguments: {'ament_cmake_args': None, 'build_base': '/home/love/turtlebot3_gui/build/turtlebot3_gui', 'catkin_cmake_args': None, 'catkin_skip_building_tests': False, 'cmake_args': None, 'cmake_clean_cache': False, 'cmake_clean_first': False, 'cmake_force_configure': False, 'cmake_target': None, 'cmake_target_skip_unavailable': False, 'install_base': '/home/love/turtlebot3_gui/install/turtlebot3_gui', 'merge_install': False, 'path': '/home/love/turtlebot3_gui/src/turtlebot3_gui', 'symlink_install': False, 'test_result_base': None}
[2.049s] INFO:colcon.colcon_core.executor:Executing jobs using 'parallel' executor
[2.053s] DEBUG:colcon.colcon_parallel_executor.executor.parallel:run_until_complete
[2.059s] INFO:colcon.colcon_ros.task.ament_python.build:Building ROS package in '/home/love/turtlebot3_gui/src/turtlebot3_gui' with build type 'ament_python'
[2.060s] Level 1:colcon.colcon_core.shell:create_environment_hook('turtlebot3_gui', 'ament_prefix_path')
[2.071s] INFO:colcon.colcon_core.plugin_system:Skipping extension 'colcon_core.shell.bat': Not used on non-Windows systems
[2.072s] INFO:colcon.colcon_core.shell:Creating environment hook '/home/love/turtlebot3_gui/install/turtlebot3_gui/share/turtlebot3_gui/hook/ament_prefix_path.ps1'
[2.075s] INFO:colcon.colcon_core.shell:Creating environment descriptor '/home/love/turtlebot3_gui/install/turtlebot3_gui/share/turtlebot3_gui/hook/ament_prefix_path.dsv'
[2.084s] INFO:colcon.colcon_core.shell:Creating environment hook '/home/love/turtlebot3_gui/install/turtlebot3_gui/share/turtlebot3_gui/hook/ament_prefix_path.sh'
[2.095s] INFO:colcon.colcon_core.shell:Skip shell extension 'powershell' for command environment: Not usable outside of PowerShell
[2.096s] DEBUG:colcon.colcon_core.shell:Skip shell extension 'dsv' for command environment
[3.599s] INFO:colcon.colcon_core.task.python.build:Building Python package in '/home/love/turtlebot3_gui/src/turtlebot3_gui'
[3.610s] INFO:colcon.colcon_core.shell:Skip shell extension 'powershell' for command environment: Not usable outside of PowerShell
[3.611s] DEBUG:colcon.colcon_core.shell:Skip shell extension 'dsv' for command environment
[5.951s] DEBUG:colcon.colcon_core.event_handler.log_command:Invoking command in '/home/love/turtlebot3_gui/src/turtlebot3_gui': PYTHONPATH=/home/love/turtlebot3_gui/build/turtlebot3_gui/prefix_override:/usr/lib/python3/dist-packages/colcon_core/task/python/colcon_distutils_commands:/home/love/turtlebot3_gui/install/turtlebot3_gui/lib/python3.10/site-packages:${PYTHONPATH} WSLENV=ELECTRON_RUN_AS_NODE/w: /usr/bin/python3 -W ignore:setup.py install is deprecated setup.py egg_info --egg-base ../../build/turtlebot3_gui build --build-base /home/love/turtlebot3_gui/build/turtlebot3_gui/build install --record /home/love/turtlebot3_gui/build/turtlebot3_gui/install.log --single-version-externally-managed install_data
[7.620s] DEBUG:colcon.colcon_core.event_handler.log_command:Invoked command in '/home/love/turtlebot3_gui/src/turtlebot3_gui' returned '0': PYTHONPATH=/home/love/turtlebot3_gui/build/turtlebot3_gui/prefix_override:/usr/lib/python3/dist-packages/colcon_core/task/python/colcon_distutils_commands:/home/love/turtlebot3_gui/install/turtlebot3_gui/lib/python3.10/site-packages:${PYTHONPATH} WSLENV=ELECTRON_RUN_AS_NODE/w: /usr/bin/python3 -W ignore:setup.py install is deprecated setup.py egg_info --egg-base ../../build/turtlebot3_gui build --build-base /home/love/turtlebot3_gui/build/turtlebot3_gui/build install --record /home/love/turtlebot3_gui/build/turtlebot3_gui/install.log --single-version-externally-managed install_data
[7.635s] Level 1:colcon.colcon_core.environment:checking '/home/love/turtlebot3_gui/install/turtlebot3_gui' for CMake module files
[7.638s] Level 1:colcon.colcon_core.environment:checking '/home/love/turtlebot3_gui/install/turtlebot3_gui' for CMake config files
[7.642s] Level 1:colcon.colcon_core.environment:checking '/home/love/turtlebot3_gui/install/turtlebot3_gui/lib'
[7.649s] Level 1:colcon.colcon_core.environment:checking '/home/love/turtlebot3_gui/install/turtlebot3_gui/bin'
[7.650s] Level 1:colcon.colcon_core.environment:checking '/home/love/turtlebot3_gui/install/turtlebot3_gui/lib/pkgconfig/turtlebot3_gui.pc'
[7.652s] Level 1:colcon.colcon_core.environment:checking '/home/love/turtlebot3_gui/install/turtlebot3_gui/lib/python3.10/site-packages'
[7.652s] Level 1:colcon.colcon_core.shell:create_environment_hook('turtlebot3_gui', 'pythonpath')
[7.653s] INFO:colcon.colcon_core.shell:Creating environment hook '/home/love/turtlebot3_gui/install/turtlebot3_gui/share/turtlebot3_gui/hook/pythonpath.ps1'
[7.655s] INFO:colcon.colcon_core.shell:Creating environment descriptor '/home/love/turtlebot3_gui/install/turtlebot3_gui/share/turtlebot3_gui/hook/pythonpath.dsv'
[7.656s] INFO:colcon.colcon_core.shell:Creating environment hook '/home/love/turtlebot3_gui/install/turtlebot3_gui/share/turtlebot3_gui/hook/pythonpath.sh'
[7.659s] Level 1:colcon.colcon_core.environment:checking '/home/love/turtlebot3_gui/install/turtlebot3_gui/bin'
[7.659s] Level 1:colcon.colcon_core.environment:create_environment_scripts_only(turtlebot3_gui)
[7.661s] INFO:colcon.colcon_core.shell:Creating package script '/home/love/turtlebot3_gui/install/turtlebot3_gui/share/turtlebot3_gui/package.ps1'
[7.665s] INFO:colcon.colcon_core.shell:Creating package descriptor '/home/love/turtlebot3_gui/install/turtlebot3_gui/share/turtlebot3_gui/package.dsv'
[7.667s] INFO:colcon.colcon_core.shell:Creating package script '/home/love/turtlebot3_gui/install/turtlebot3_gui/share/turtlebot3_gui/package.sh'
[7.671s] INFO:colcon.colcon_core.shell:Creating package script '/home/love/turtlebot3_gui/install/turtlebot3_gui/share/turtlebot3_gui/package.bash'
[7.675s] INFO:colcon.colcon_core.shell:Creating package script '/home/love/turtlebot3_gui/install/turtlebot3_gui/share/turtlebot3_gui/package.zsh'
[7.680s] Level 1:colcon.colcon_core.environment:create_file_with_runtime_dependencies(/home/love/turtlebot3_gui/install/turtlebot3_gui/share/colcon-core/packages/turtlebot3_gui)
[7.684s] DEBUG:colcon.colcon_parallel_executor.executor.parallel:closing loop
[7.686s] DEBUG:colcon.colcon_parallel_executor.executor.parallel:loop closed
[7.686s] DEBUG:colcon.colcon_parallel_executor.executor.parallel:run_until_complete finished with '0'
[7.686s] DEBUG:colcon.colcon_core.event_reactor:joining thread
[7.776s] INFO:colcon.colcon_core.plugin_system:Skipping extension 'colcon_notification.desktop_notification.notify_send': Could not find 'notify-send'
[7.777s] INFO:colcon.colcon_core.plugin_system:Skipping extension 'colcon_notification.desktop_notification.terminal_notifier': Not used on non-Darwin systems
[7.782s] INFO:colcon.colcon_core.plugin_system:Skipping extension 'colcon_notification.desktop_notification.win32': Not used on non-Windows systems
[7.783s] INFO:colcon.colcon_notification.desktop_notification:Sending desktop notification using 'notify2'
[7.784s] DEBUG:colcon.colcon_notification.desktop_notification.notify2:Failed to initialize notify2: org.freedesktop.DBus.Error.FileNotFound: Failed to connect to socket /run/user/1000/bus: No such file or directory
[7.785s] DEBUG:colcon.colcon_core.event_reactor:joined thread
[7.786s] INFO:colcon.colcon_core.shell:Creating prefix script '/home/love/turtlebot3_gui/install/local_setup.ps1'
[7.789s] INFO:colcon.colcon_core.shell:Creating prefix util module '/home/love/turtlebot3_gui/install/_local_setup_util_ps1.py'
[7.803s] INFO:colcon.colcon_core.shell:Creating prefix chain script '/home/love/turtlebot3_gui/install/setup.ps1'
[7.807s] INFO:colcon.colcon_core.shell:Creating prefix script '/home/love/turtlebot3_gui/install/local_setup.sh'
[7.810s] INFO:colcon.colcon_core.shell:Creating prefix util module '/home/love/turtlebot3_gui/install/_local_setup_util_sh.py'
[7.815s] INFO:colcon.colcon_core.shell:Creating prefix chain script '/home/love/turtlebot3_gui/install/setup.sh'
[7.835s] INFO:colcon.colcon_core.shell:Creating prefix script '/home/love/turtlebot3_gui/install/local_setup.bash'
[7.836s] INFO:colcon.colcon_core.shell:Creating prefix chain script '/home/love/turtlebot3_gui/install/setup.bash'
[7.840s] INFO:colcon.colcon_core.shell:Creating prefix script '/home/love/turtlebot3_gui/install/local_setup.zsh'
[7.842s] INFO:colcon.colcon_core.shell:Creating prefix chain script '/home/love/turtlebot3_gui/install/setup.zsh'
