[0.461s] Invoking command in '/home/robot/turtlebot3_gui/build/turtlebot3_gui': PYTHONPATH=/home/robot/turtlebot3_gui/build/turtlebot3_gui/prefix_override:/usr/lib/python3/dist-packages/colcon_core/task/python/colcon_distutils_commands:/home/robot/turtlebot3_gui/install/turtlebot3_gui/lib/python3.10/site-packages:${PYTHONPATH} /usr/bin/python3 -W ignore:setup.py install is deprecated setup.py develop --editable --build-directory /home/robot/turtlebot3_gui/build/turtlebot3_gui/build --no-deps symlink_data
[0.656s] running develop
[0.769s] running egg_info
[0.769s] writing turtlebot3_gui.egg-info/PKG-INFO
[0.769s] writing dependency_links to turtlebot3_gui.egg-info/dependency_links.txt
[0.769s] writing entry points to turtlebot3_gui.egg-info/entry_points.txt
[0.769s] writing requirements to turtlebot3_gui.egg-info/requires.txt
[0.769s] writing top-level names to turtlebot3_gui.egg-info/top_level.txt
[0.771s] reading manifest file 'turtlebot3_gui.egg-info/SOURCES.txt'
[0.771s] writing manifest file 'turtlebot3_gui.egg-info/SOURCES.txt'
[0.772s] running build_ext
[0.772s] Creating /home/robot/turtlebot3_gui/install/turtlebot3_gui/lib/python3.10/site-packages/turtlebot3-gui.egg-link (link to .)
[0.773s] Installing client script to /home/robot/turtlebot3_gui/install/turtlebot3_gui/lib/turtlebot3_gui
[0.773s] Installing pub_topic script to /home/robot/turtlebot3_gui/install/turtlebot3_gui/lib/turtlebot3_gui
[0.773s] Installing send_goal script to /home/robot/turtlebot3_gui/install/turtlebot3_gui/lib/turtlebot3_gui
[0.773s] Installing server script to /home/robot/turtlebot3_gui/install/turtlebot3_gui/lib/turtlebot3_gui
[0.773s] Installing sub_topic script to /home/robot/turtlebot3_gui/install/turtlebot3_gui/lib/turtlebot3_gui
[0.773s] Installing turtlebot3_gui script to /home/robot/turtlebot3_gui/install/turtlebot3_gui/lib/turtlebot3_gui
[0.773s] Installing turtlebot3_gui2 script to /home/robot/turtlebot3_gui/install/turtlebot3_gui/lib/turtlebot3_gui
[0.773s] 
[0.773s] Installed /home/robot/turtlebot3_gui/build/turtlebot3_gui
[0.773s] running symlink_data
[0.795s] Invoked command in '/home/robot/turtlebot3_gui/build/turtlebot3_gui' returned '0': PYTHONPATH=/home/robot/turtlebot3_gui/build/turtlebot3_gui/prefix_override:/usr/lib/python3/dist-packages/colcon_core/task/python/colcon_distutils_commands:/home/robot/turtlebot3_gui/install/turtlebot3_gui/lib/python3.10/site-packages:${PYTHONPATH} /usr/bin/python3 -W ignore:setup.py install is deprecated setup.py develop --editable --build-directory /home/robot/turtlebot3_gui/build/turtlebot3_gui/build --no-deps symlink_data
