running develop
running egg_info
writing turtlebot3_gui.egg-info/PKG-INFO
writing dependency_links to turtlebot3_gui.egg-info/dependency_links.txt
writing entry points to turtlebot3_gui.egg-info/entry_points.txt
writing requirements to turtlebot3_gui.egg-info/requires.txt
writing top-level names to turtlebot3_gui.egg-info/top_level.txt
reading manifest file 'turtlebot3_gui.egg-info/SOURCES.txt'
writing manifest file 'turtlebot3_gui.egg-info/SOURCES.txt'
running build_ext
Creating /home/g1/rokey_c2_ws/install/turtlebot3_gui/lib/python3.10/site-packages/turtlebot3-gui.egg-link (link to .)
Installing client script to /home/g1/rokey_c2_ws/install/turtlebot3_gui/lib/turtlebot3_gui
Installing pub_topic script to /home/g1/rokey_c2_ws/install/turtlebot3_gui/lib/turtlebot3_gui
Installing send_goal script to /home/g1/rokey_c2_ws/install/turtlebot3_gui/lib/turtlebot3_gui
Installing server script to /home/g1/rokey_c2_ws/install/turtlebot3_gui/lib/turtlebot3_gui
Installing sub_topic script to /home/g1/rokey_c2_ws/install/turtlebot3_gui/lib/turtlebot3_gui
Installing turtlebot3_gui script to /home/g1/rokey_c2_ws/install/turtlebot3_gui/lib/turtlebot3_gui
Installing turtlebot3_gui2 script to /home/g1/rokey_c2_ws/install/turtlebot3_gui/lib/turtlebot3_gui

Installed /home/g1/rokey_c2_ws/build/turtlebot3_gui
running symlink_data
