[1.633s] Invoking command in '/home/g1/rokey_c2_ws/build/turtlebot3_gui': PYTHONPATH=/home/g1/rokey_c2_ws/build/turtlebot3_gui/prefix_override:/usr/lib/python3/dist-packages/colcon_core/task/python/colcon_distutils_commands:/home/g1/rokey_c2_ws/install/turtlebot3_gui/lib/python3.10/site-packages:${PYTHONPATH} /usr/bin/python3 -W ignore:setup.py install is deprecated setup.py develop --editable --build-directory /home/g1/rokey_c2_ws/build/turtlebot3_gui/build --no-deps symlink_data
[1.943s] running develop
[2.187s] running egg_info
[2.187s] writing turtlebot3_gui.egg-info/PKG-INFO
[2.187s] writing dependency_links to turtlebot3_gui.egg-info/dependency_links.txt
[2.187s] writing entry points to turtlebot3_gui.egg-info/entry_points.txt
[2.187s] writing requirements to turtlebot3_gui.egg-info/requires.txt
[2.188s] writing top-level names to turtlebot3_gui.egg-info/top_level.txt
[2.189s] reading manifest file 'turtlebot3_gui.egg-info/SOURCES.txt'
[2.190s] writing manifest file 'turtlebot3_gui.egg-info/SOURCES.txt'
[2.192s] running build_ext
[2.192s] Creating /home/g1/rokey_c2_ws/install/turtlebot3_gui/lib/python3.10/site-packages/turtlebot3-gui.egg-link (link to .)
[2.193s] Installing client script to /home/g1/rokey_c2_ws/install/turtlebot3_gui/lib/turtlebot3_gui
[2.193s] Installing pub_topic script to /home/g1/rokey_c2_ws/install/turtlebot3_gui/lib/turtlebot3_gui
[2.194s] Installing send_goal script to /home/g1/rokey_c2_ws/install/turtlebot3_gui/lib/turtlebot3_gui
[2.194s] Installing server script to /home/g1/rokey_c2_ws/install/turtlebot3_gui/lib/turtlebot3_gui
[2.194s] Installing sub_topic script to /home/g1/rokey_c2_ws/install/turtlebot3_gui/lib/turtlebot3_gui
[2.194s] Installing turtlebot3_gui script to /home/g1/rokey_c2_ws/install/turtlebot3_gui/lib/turtlebot3_gui
[2.194s] Installing turtlebot3_gui2 script to /home/g1/rokey_c2_ws/install/turtlebot3_gui/lib/turtlebot3_gui
[2.194s] 
[2.194s] Installed /home/g1/rokey_c2_ws/build/turtlebot3_gui
[2.194s] running symlink_data
[2.226s] Invoked command in '/home/g1/rokey_c2_ws/build/turtlebot3_gui' returned '0': PYTHONPATH=/home/g1/rokey_c2_ws/build/turtlebot3_gui/prefix_override:/usr/lib/python3/dist-packages/colcon_core/task/python/colcon_distutils_commands:/home/g1/rokey_c2_ws/install/turtlebot3_gui/lib/python3.10/site-packages:${PYTHONPATH} /usr/bin/python3 -W ignore:setup.py install is deprecated setup.py develop --editable --build-directory /home/g1/rokey_c2_ws/build/turtlebot3_gui/build --no-deps symlink_data
