[0.378s] Invoking command in '/home/g1/rokey_c2_ws/build/calculator_interfaces': CMAKE_PREFIX_PATH=${CMAKE_PREFIX_PATH}:/home/g1/rokey_c2_ws/install/turtlebot3_gui:/home/g1/rokey_c2_ws/install/jiwon:/home/g1/rokey_c2_ws/install/c2_turtle_order_package:/home/g1/work/turtlebot3_ws/install/turtlebot3_teleop:/home/g1/work/turtlebot3_ws/install/turtlebot3_example:/opt/ros/humble /usr/bin/cmake /home/g1/rokey_c2_ws/src/turtlebot3_gui/src/calculator_interfaces -DAMENT_CMAKE_SYMLINK_INSTALL=1 -DCMAKE_INSTALL_PREFIX=/home/g1/rokey_c2_ws/install/calculator_interfaces
[0.720s] -- The C compiler identification is GNU 11.4.0
[0.721s] -- The CXX compiler identification is GNU 11.4.0
[0.721s] -- Detecting C compiler ABI info
[0.721s] -- Detecting C compiler ABI info - done
[0.721s] -- Check for working C compiler: /usr/bin/cc - skipped
[0.721s] -- Detecting C compile features
[0.721s] -- Detecting C compile features - done
[0.721s] -- Detecting CXX compiler ABI info
[0.721s] -- Detecting CXX compiler ABI info - done
[0.721s] -- Check for working CXX compiler: /usr/bin/c++ - skipped
[0.721s] -- Detecting CXX compile features
[0.721s] -- Detecting CXX compile features - done
[0.722s] -- Found ament_cmake: 1.3.10 (/opt/ros/humble/share/ament_cmake/cmake)
[0.803s] -- Found Python3: /usr/bin/python3 (found version "3.10.12") found components: Interpreter 
[0.903s] -- Override CMake install command with custom implementation using symlinks instead of copying resources
[0.967s] -- Found rosidl_default_generators: 1.2.0 (/opt/ros/humble/share/rosidl_default_generators/cmake)
[0.974s] -- Using all available rosidl_typesupport_c: rosidl_typesupport_fastrtps_c;rosidl_typesupport_introspection_c
[0.984s] -- Found rosidl_adapter: 3.1.5 (/opt/ros/humble/share/rosidl_adapter/cmake)
[1.038s] -- Using all available rosidl_typesupport_cpp: rosidl_typesupport_fastrtps_cpp;rosidl_typesupport_introspection_cpp
[1.458s] -- Found ament_cmake_ros: 0.10.0 (/opt/ros/humble/share/ament_cmake_ros/cmake)
[1.777s] -- Using all available rosidl_typesupport_c: rosidl_typesupport_fastrtps_c;rosidl_typesupport_introspection_c
[2.139s] -- Using all available rosidl_typesupport_cpp: rosidl_typesupport_fastrtps_cpp;rosidl_typesupport_introspection_cpp
[2.173s] -- Found PythonInterp: /usr/bin/python3 (found suitable version "3.10.12", minimum required is "3.6") 
[2.177s] -- Found python_cmake_module: 0.10.0 (/opt/ros/humble/share/python_cmake_module/cmake)
[2.225s] -- Found PythonLibs: /usr/lib/x86_64-linux-gnu/libpython3.10.so (found suitable version "3.10.12", minimum required is "3.5") 
[2.228s] -- Using PYTHON_EXECUTABLE: /usr/bin/python3
[2.229s] -- Using PYTHON_INCLUDE_DIRS: /usr/include/python3.10
[2.229s] -- Using PYTHON_LIBRARIES: /usr/lib/x86_64-linux-gnu/libpython3.10.so
[2.285s] -- Found PythonExtra: .so  
[2.377s] -- Found ament_lint_auto: 0.12.11 (/opt/ros/humble/share/ament_lint_auto/cmake)
[2.433s] -- Added test 'lint_cmake' to check CMake code style
[2.438s] -- Added test 'xmllint' to check XML markup files
[2.450s] -- Configuring done
[2.501s] -- Generating done
[2.501s] -- Build files have been written to: /home/g1/rokey_c2_ws/build/calculator_interfaces
[2.515s] Invoked command in '/home/g1/rokey_c2_ws/build/calculator_interfaces' returned '0': CMAKE_PREFIX_PATH=${CMAKE_PREFIX_PATH}:/home/g1/rokey_c2_ws/install/turtlebot3_gui:/home/g1/rokey_c2_ws/install/jiwon:/home/g1/rokey_c2_ws/install/c2_turtle_order_package:/home/g1/work/turtlebot3_ws/install/turtlebot3_teleop:/home/g1/work/turtlebot3_ws/install/turtlebot3_example:/opt/ros/humble /usr/bin/cmake /home/g1/rokey_c2_ws/src/turtlebot3_gui/src/calculator_interfaces -DAMENT_CMAKE_SYMLINK_INSTALL=1 -DCMAKE_INSTALL_PREFIX=/home/g1/rokey_c2_ws/install/calculator_interfaces
[2.518s] Invoking command in '/home/g1/rokey_c2_ws/build/calculator_interfaces': CMAKE_PREFIX_PATH=${CMAKE_PREFIX_PATH}:/home/g1/rokey_c2_ws/install/turtlebot3_gui:/home/g1/rokey_c2_ws/install/jiwon:/home/g1/rokey_c2_ws/install/c2_turtle_order_package:/home/g1/work/turtlebot3_ws/install/turtlebot3_teleop:/home/g1/work/turtlebot3_ws/install/turtlebot3_example:/opt/ros/humble /usr/bin/cmake --build /home/g1/rokey_c2_ws/build/calculator_interfaces -- -j8 -l8
[2.612s] [  3%] [34m[1mGenerating C code for ROS interfaces[0m
[2.627s] [  6%] [34m[1mGenerating C++ code for ROS interfaces[0m
[2.661s] [  6%] Built target ament_cmake_python_symlink_calculator_interfaces
[3.272s] running egg_info
[3.272s] creating calculator_interfaces.egg-info
[3.272s] writing calculator_interfaces.egg-info/PKG-INFO
[3.272s] writing dependency_links to calculator_interfaces.egg-info/dependency_links.txt
[3.272s] writing top-level names to calculator_interfaces.egg-info/top_level.txt
[3.273s] writing manifest file 'calculator_interfaces.egg-info/SOURCES.txt'
[3.274s] reading manifest file 'calculator_interfaces.egg-info/SOURCES.txt'
[3.275s] writing manifest file 'calculator_interfaces.egg-info/SOURCES.txt'
[3.344s] [  6%] Built target ament_cmake_python_build_calculator_interfaces_egg
[3.363s] [  9%] [32mBuilding C object CMakeFiles/calculator_interfaces__rosidl_generator_c.dir/rosidl_generator_c/calculator_interfaces/srv/detail/calculate__functions.c.o[0m
[3.389s] [  9%] Built target calculator_interfaces__cpp
[3.427s] [ 12%] [34m[1mGenerating C++ type support dispatch for ROS interfaces[0m
[3.427s] [ 16%] [34m[1mGenerating C++ type support for eProsima Fast-RTPS[0m
[3.431s] [ 19%] [34m[1mGenerating C++ introspection for ROS interfaces[0m
[3.477s] [ 22%] [32m[1mLinking C shared library libcalculator_interfaces__rosidl_generator_c.so[0m
[3.579s] [ 22%] Built target calculator_interfaces__rosidl_generator_c
[3.613s] [ 25%] [34m[1mGenerating C introspection for ROS interfaces[0m
[3.613s] [ 29%] [34m[1mGenerating C type support for eProsima Fast-RTPS[0m
[3.615s] [ 32%] [34m[1mGenerating C type support dispatch for ROS interfaces[0m
[4.271s] [ 35%] [32mBuilding CXX object CMakeFiles/calculator_interfaces__rosidl_typesupport_fastrtps_c.dir/rosidl_typesupport_fastrtps_c/calculator_interfaces/srv/detail/calculate__type_support_c.cpp.o[0m
[4.727s] [ 38%] [32mBuilding CXX object CMakeFiles/calculator_interfaces__rosidl_typesupport_introspection_cpp.dir/rosidl_typesupport_introspection_cpp/calculator_interfaces/srv/detail/calculate__type_support.cpp.o[0m
[4.778s] [ 41%] [32mBuilding CXX object CMakeFiles/calculator_interfaces__rosidl_typesupport_fastrtps_cpp.dir/rosidl_typesupport_fastrtps_cpp/calculator_interfaces/srv/detail/dds_fastrtps/calculate__type_support.cpp.o[0m
[4.957s] [ 45%] [32mBuilding CXX object CMakeFiles/calculator_interfaces__rosidl_typesupport_cpp.dir/rosidl_typesupport_cpp/calculator_interfaces/srv/calculate__type_support.cpp.o[0m
[4.992s] [ 48%] [32mBuilding CXX object CMakeFiles/calculator_interfaces__rosidl_typesupport_c.dir/rosidl_typesupport_c/calculator_interfaces/srv/calculate__type_support.cpp.o[0m
[5.045s] [ 51%] [32m[1mLinking CXX shared library libcalculator_interfaces__rosidl_typesupport_c.so[0m
[5.212s] [ 51%] Built target calculator_interfaces__rosidl_typesupport_c
[5.238s] [ 54%] [32mBuilding C object CMakeFiles/calculator_interfaces__rosidl_typesupport_introspection_c.dir/rosidl_typesupport_introspection_c/calculator_interfaces/srv/detail/calculate__type_support.c.o[0m
[5.321s] [ 58%] [32m[1mLinking C shared library libcalculator_interfaces__rosidl_typesupport_introspection_c.so[0m
[5.420s] [ 58%] Built target calculator_interfaces__rosidl_typesupport_introspection_c
[5.523s] [ 61%] [32m[1mLinking CXX shared library libcalculator_interfaces__rosidl_typesupport_fastrtps_c.so[0m
[5.801s] [ 61%] Built target calculator_interfaces__rosidl_typesupport_fastrtps_c
[5.870s] [ 64%] [32m[1mLinking CXX shared library libcalculator_interfaces__rosidl_typesupport_fastrtps_cpp.so[0m
[5.894s] [ 67%] [32m[1mLinking CXX shared library libcalculator_interfaces__rosidl_typesupport_introspection_cpp.so[0m
[5.920s] [ 70%] [32m[1mLinking CXX shared library libcalculator_interfaces__rosidl_typesupport_cpp.so[0m
[6.003s] [ 70%] Built target calculator_interfaces__rosidl_typesupport_cpp
[6.018s] [ 70%] Built target calculator_interfaces__rosidl_typesupport_fastrtps_cpp
[6.019s] [ 70%] Built target calculator_interfaces__rosidl_typesupport_introspection_cpp
[6.038s] [ 70%] Built target calculator_interfaces
[6.056s] [ 74%] [34m[1mGenerating Python code for ROS interfaces[0m
[6.469s] [ 74%] Built target calculator_interfaces__py
[6.485s] [ 77%] [32mBuilding C object CMakeFiles/calculator_interfaces__rosidl_generator_py.dir/rosidl_generator_py/calculator_interfaces/srv/_calculate_s.c.o[0m
[6.580s] [ 80%] [32m[1mLinking C shared library rosidl_generator_py/calculator_interfaces/libcalculator_interfaces__rosidl_generator_py.so[0m
[6.612s] [ 80%] Built target calculator_interfaces__rosidl_generator_py
[6.631s] [ 87%] [32mBuilding C object CMakeFiles/calculator_interfaces__rosidl_typesupport_introspection_c__pyext.dir/rosidl_generator_py/calculator_interfaces/_calculator_interfaces_s.ep.rosidl_typesupport_introspection_c.c.o[0m
[6.631s] [ 87%] [32mBuilding C object CMakeFiles/calculator_interfaces__rosidl_typesupport_c__pyext.dir/rosidl_generator_py/calculator_interfaces/_calculator_interfaces_s.ep.rosidl_typesupport_c.c.o[0m
[6.636s] [ 90%] [32mBuilding C object CMakeFiles/calculator_interfaces__rosidl_typesupport_fastrtps_c__pyext.dir/rosidl_generator_py/calculator_interfaces/_calculator_interfaces_s.ep.rosidl_typesupport_fastrtps_c.c.o[0m
[6.714s] [ 93%] [32m[1mLinking C shared library rosidl_generator_py/calculator_interfaces/calculator_interfaces_s__rosidl_typesupport_c.cpython-310-x86_64-linux-gnu.so[0m
[6.715s] [ 96%] [32m[1mLinking C shared library rosidl_generator_py/calculator_interfaces/calculator_interfaces_s__rosidl_typesupport_introspection_c.cpython-310-x86_64-linux-gnu.so[0m
[6.745s] [ 96%] Built target calculator_interfaces__rosidl_typesupport_introspection_c__pyext
[6.746s] [ 96%] Built target calculator_interfaces__rosidl_typesupport_c__pyext
[6.774s] [100%] [32m[1mLinking C shared library rosidl_generator_py/calculator_interfaces/calculator_interfaces_s__rosidl_typesupport_fastrtps_c.cpython-310-x86_64-linux-gnu.so[0m
[6.802s] [100%] Built target calculator_interfaces__rosidl_typesupport_fastrtps_c__pyext
[6.812s] Invoked command in '/home/g1/rokey_c2_ws/build/calculator_interfaces' returned '0': CMAKE_PREFIX_PATH=${CMAKE_PREFIX_PATH}:/home/g1/rokey_c2_ws/install/turtlebot3_gui:/home/g1/rokey_c2_ws/install/jiwon:/home/g1/rokey_c2_ws/install/c2_turtle_order_package:/home/g1/work/turtlebot3_ws/install/turtlebot3_teleop:/home/g1/work/turtlebot3_ws/install/turtlebot3_example:/opt/ros/humble /usr/bin/cmake --build /home/g1/rokey_c2_ws/build/calculator_interfaces -- -j8 -l8
[6.865s] Invoking command in '/home/g1/rokey_c2_ws/build/calculator_interfaces': CMAKE_PREFIX_PATH=${CMAKE_PREFIX_PATH}:/home/g1/rokey_c2_ws/install/turtlebot3_gui:/home/g1/rokey_c2_ws/install/jiwon:/home/g1/rokey_c2_ws/install/c2_turtle_order_package:/home/g1/work/turtlebot3_ws/install/turtlebot3_teleop:/home/g1/work/turtlebot3_ws/install/turtlebot3_example:/opt/ros/humble /usr/bin/cmake --install /home/g1/rokey_c2_ws/build/calculator_interfaces
[6.873s] -- Install configuration: ""
[6.873s] -- Execute custom install script
[6.873s] -- Symlinking: /home/g1/rokey_c2_ws/install/calculator_interfaces/share/ament_index/resource_index/rosidl_interfaces/calculator_interfaces
[6.881s] -- Symlinking: /home/g1/rokey_c2_ws/install/calculator_interfaces/include/calculator_interfaces/calculator_interfaces/msg/rosidl_generator_c__visibility_control.h
[6.889s] -- Symlinking: /home/g1/rokey_c2_ws/install/calculator_interfaces/include/calculator_interfaces/calculator_interfaces/srv/calculate.h
[6.896s] -- Symlinking: /home/g1/rokey_c2_ws/install/calculator_interfaces/include/calculator_interfaces/calculator_interfaces/srv/detail/calculate__functions.h
[6.903s] -- Symlinking: /home/g1/rokey_c2_ws/install/calculator_interfaces/include/calculator_interfaces/calculator_interfaces/srv/detail/calculate__struct.h
[6.911s] -- Symlinking: /home/g1/rokey_c2_ws/install/calculator_interfaces/include/calculator_interfaces/calculator_interfaces/srv/detail/calculate__type_support.h
[6.918s] -- Symlinking: /home/g1/rokey_c2_ws/install/calculator_interfaces/share/calculator_interfaces/environment/library_path.sh
[6.926s] -- Symlinking: /home/g1/rokey_c2_ws/install/calculator_interfaces/share/calculator_interfaces/environment/library_path.dsv
[6.934s] -- Symlinking: /home/g1/rokey_c2_ws/install/calculator_interfaces/include/calculator_interfaces/calculator_interfaces/msg/rosidl_typesupport_fastrtps_c__visibility_control.h
[6.946s] -- Symlinking: /home/g1/rokey_c2_ws/install/calculator_interfaces/include/calculator_interfaces/calculator_interfaces/srv/detail/calculate__rosidl_typesupport_fastrtps_c.h
[6.958s] -- Symlinking: /home/g1/rokey_c2_ws/install/calculator_interfaces/include/calculator_interfaces/calculator_interfaces/msg/rosidl_typesupport_introspection_c__visibility_control.h
[6.966s] -- Symlinking: /home/g1/rokey_c2_ws/install/calculator_interfaces/include/calculator_interfaces/calculator_interfaces/srv/detail/calculate__rosidl_typesupport_introspection_c.h
[6.974s] -- Symlinking: /home/g1/rokey_c2_ws/install/calculator_interfaces/include/calculator_interfaces/calculator_interfaces/srv/calculate.hpp
[6.984s] -- Symlinking: /home/g1/rokey_c2_ws/install/calculator_interfaces/include/calculator_interfaces/calculator_interfaces/srv/detail/calculate__builder.hpp
[6.992s] -- Symlinking: /home/g1/rokey_c2_ws/install/calculator_interfaces/include/calculator_interfaces/calculator_interfaces/srv/detail/calculate__struct.hpp
[7.000s] -- Symlinking: /home/g1/rokey_c2_ws/install/calculator_interfaces/include/calculator_interfaces/calculator_interfaces/srv/detail/calculate__traits.hpp
[7.009s] -- Symlinking: /home/g1/rokey_c2_ws/install/calculator_interfaces/include/calculator_interfaces/calculator_interfaces/msg/rosidl_typesupport_fastrtps_cpp__visibility_control.h
[7.017s] -- Symlinking: /home/g1/rokey_c2_ws/install/calculator_interfaces/include/calculator_interfaces/calculator_interfaces/srv/detail/calculate__rosidl_typesupport_fastrtps_cpp.hpp
[7.025s] -- Symlinking: /home/g1/rokey_c2_ws/install/calculator_interfaces/include/calculator_interfaces/calculator_interfaces/srv/detail/calculate__rosidl_typesupport_introspection_cpp.hpp
[7.034s] -- Symlinking: /home/g1/rokey_c2_ws/install/calculator_interfaces/share/calculator_interfaces/environment/pythonpath.sh
[7.042s] -- Symlinking: /home/g1/rokey_c2_ws/install/calculator_interfaces/share/calculator_interfaces/environment/pythonpath.dsv
[7.051s] -- Symlinking: /home/g1/rokey_c2_ws/install/calculator_interfaces/local/lib/python3.10/dist-packages/calculator_interfaces-0.0.0-py3.10.egg-info/PKG-INFO
[7.059s] -- Symlinking: /home/g1/rokey_c2_ws/install/calculator_interfaces/local/lib/python3.10/dist-packages/calculator_interfaces-0.0.0-py3.10.egg-info/SOURCES.txt
[7.068s] -- Symlinking: /home/g1/rokey_c2_ws/install/calculator_interfaces/local/lib/python3.10/dist-packages/calculator_interfaces-0.0.0-py3.10.egg-info/dependency_links.txt
[7.076s] -- Symlinking: /home/g1/rokey_c2_ws/install/calculator_interfaces/local/lib/python3.10/dist-packages/calculator_interfaces-0.0.0-py3.10.egg-info/top_level.txt
[7.084s] -- Symlinking: /home/g1/rokey_c2_ws/install/calculator_interfaces/local/lib/python3.10/dist-packages/calculator_interfaces/__init__.py
[7.092s] -- Symlinking: /home/g1/rokey_c2_ws/install/calculator_interfaces/local/lib/python3.10/dist-packages/calculator_interfaces/_calculator_interfaces_s.ep.rosidl_typesupport_c.c
[7.100s] -- Symlinking: /home/g1/rokey_c2_ws/install/calculator_interfaces/local/lib/python3.10/dist-packages/calculator_interfaces/_calculator_interfaces_s.ep.rosidl_typesupport_fastrtps_c.c
[7.108s] -- Symlinking: /home/g1/rokey_c2_ws/install/calculator_interfaces/local/lib/python3.10/dist-packages/calculator_interfaces/_calculator_interfaces_s.ep.rosidl_typesupport_introspection_c.c
[7.116s] -- Symlinking: /home/g1/rokey_c2_ws/install/calculator_interfaces/local/lib/python3.10/dist-packages/calculator_interfaces/calculator_interfaces_s__rosidl_typesupport_c.cpython-310-x86_64-linux-gnu.so
[7.124s] -- Symlinking: /home/g1/rokey_c2_ws/install/calculator_interfaces/local/lib/python3.10/dist-packages/calculator_interfaces/calculator_interfaces_s__rosidl_typesupport_fastrtps_c.cpython-310-x86_64-linux-gnu.so
[7.131s] -- Symlinking: /home/g1/rokey_c2_ws/install/calculator_interfaces/local/lib/python3.10/dist-packages/calculator_interfaces/calculator_interfaces_s__rosidl_typesupport_introspection_c.cpython-310-x86_64-linux-gnu.so
[7.139s] -- Symlinking: /home/g1/rokey_c2_ws/install/calculator_interfaces/local/lib/python3.10/dist-packages/calculator_interfaces/libcalculator_interfaces__rosidl_generator_py.so
[7.147s] -- Symlinking: /home/g1/rokey_c2_ws/install/calculator_interfaces/local/lib/python3.10/dist-packages/calculator_interfaces/srv/__init__.py
[7.155s] -- Symlinking: /home/g1/rokey_c2_ws/install/calculator_interfaces/local/lib/python3.10/dist-packages/calculator_interfaces/srv/_calculate.py
[7.163s] -- Symlinking: /home/g1/rokey_c2_ws/install/calculator_interfaces/local/lib/python3.10/dist-packages/calculator_interfaces/srv/_calculate_s.c
[7.171s] -- Up-to-date symlink: /home/g1/rokey_c2_ws/install/calculator_interfaces/local/lib/python3.10/dist-packages/calculator_interfaces/calculator_interfaces_s__rosidl_typesupport_fastrtps_c.cpython-310-x86_64-linux-gnu.so
[7.171s] -- Up-to-date symlink: /home/g1/rokey_c2_ws/install/calculator_interfaces/local/lib/python3.10/dist-packages/calculator_interfaces/calculator_interfaces_s__rosidl_typesupport_introspection_c.cpython-310-x86_64-linux-gnu.so
[7.171s] -- Up-to-date symlink: /home/g1/rokey_c2_ws/install/calculator_interfaces/local/lib/python3.10/dist-packages/calculator_interfaces/calculator_interfaces_s__rosidl_typesupport_c.cpython-310-x86_64-linux-gnu.so
[7.172s] -- Symlinking: /home/g1/rokey_c2_ws/install/calculator_interfaces/share/calculator_interfaces/srv/Calculate.idl
[7.182s] -- Symlinking: /home/g1/rokey_c2_ws/install/calculator_interfaces/share/calculator_interfaces/srv/Calculate.srv
[7.193s] -- Symlinking: /home/g1/rokey_c2_ws/install/calculator_interfaces/share/calculator_interfaces/srv/Calculate_Request.msg
[7.205s] -- Symlinking: /home/g1/rokey_c2_ws/install/calculator_interfaces/share/calculator_interfaces/srv/Calculate_Response.msg
[7.216s] -- Symlinking: /home/g1/rokey_c2_ws/install/calculator_interfaces/share/ament_index/resource_index/package_run_dependencies/calculator_interfaces
[7.228s] -- Symlinking: /home/g1/rokey_c2_ws/install/calculator_interfaces/share/ament_index/resource_index/parent_prefix_path/calculator_interfaces
[7.240s] -- Symlinking: /home/g1/rokey_c2_ws/install/calculator_interfaces/share/calculator_interfaces/environment/ament_prefix_path.sh
[7.251s] -- Symlinking: /home/g1/rokey_c2_ws/install/calculator_interfaces/share/calculator_interfaces/environment/ament_prefix_path.dsv
[7.264s] -- Symlinking: /home/g1/rokey_c2_ws/install/calculator_interfaces/share/calculator_interfaces/environment/path.sh
[7.276s] -- Symlinking: /home/g1/rokey_c2_ws/install/calculator_interfaces/share/calculator_interfaces/environment/path.dsv
[7.288s] -- Symlinking: /home/g1/rokey_c2_ws/install/calculator_interfaces/share/calculator_interfaces/local_setup.bash
[7.300s] -- Symlinking: /home/g1/rokey_c2_ws/install/calculator_interfaces/share/calculator_interfaces/local_setup.sh
[7.310s] -- Symlinking: /home/g1/rokey_c2_ws/install/calculator_interfaces/share/calculator_interfaces/local_setup.zsh
[7.322s] -- Symlinking: /home/g1/rokey_c2_ws/install/calculator_interfaces/share/calculator_interfaces/local_setup.dsv
[7.333s] -- Symlinking: /home/g1/rokey_c2_ws/install/calculator_interfaces/share/calculator_interfaces/package.dsv
[7.343s] -- Symlinking: /home/g1/rokey_c2_ws/install/calculator_interfaces/share/ament_index/resource_index/packages/calculator_interfaces
[7.354s] -- Symlinking: /home/g1/rokey_c2_ws/install/calculator_interfaces/share/calculator_interfaces/cmake/rosidl_cmake-extras.cmake
[7.367s] -- Symlinking: /home/g1/rokey_c2_ws/install/calculator_interfaces/share/calculator_interfaces/cmake/ament_cmake_export_include_directories-extras.cmake
[7.377s] -- Symlinking: /home/g1/rokey_c2_ws/install/calculator_interfaces/share/calculator_interfaces/cmake/ament_cmake_export_libraries-extras.cmake
[7.390s] -- Symlinking: /home/g1/rokey_c2_ws/install/calculator_interfaces/share/calculator_interfaces/cmake/ament_cmake_export_targets-extras.cmake
[7.400s] -- Symlinking: /home/g1/rokey_c2_ws/install/calculator_interfaces/share/calculator_interfaces/cmake/rosidl_cmake_export_typesupport_targets-extras.cmake
[7.411s] -- Symlinking: /home/g1/rokey_c2_ws/install/calculator_interfaces/share/calculator_interfaces/cmake/ament_cmake_export_dependencies-extras.cmake
[7.423s] -- Symlinking: /home/g1/rokey_c2_ws/install/calculator_interfaces/share/calculator_interfaces/cmake/rosidl_cmake_export_typesupport_libraries-extras.cmake
[7.433s] -- Symlinking: /home/g1/rokey_c2_ws/install/calculator_interfaces/share/calculator_interfaces/cmake/calculator_interfacesConfig.cmake
[7.445s] -- Symlinking: /home/g1/rokey_c2_ws/install/calculator_interfaces/share/calculator_interfaces/cmake/calculator_interfacesConfig-version.cmake
[7.460s] -- Symlinking: /home/g1/rokey_c2_ws/install/calculator_interfaces/share/calculator_interfaces/package.xml
[7.471s] -- Installing: /home/g1/rokey_c2_ws/install/calculator_interfaces/lib/libcalculator_interfaces__rosidl_generator_c.so
[7.472s] -- Set runtime path of "/home/g1/rokey_c2_ws/install/calculator_interfaces/lib/libcalculator_interfaces__rosidl_generator_c.so" to ""
[7.472s] -- Installing: /home/g1/rokey_c2_ws/install/calculator_interfaces/lib/libcalculator_interfaces__rosidl_typesupport_fastrtps_c.so
[7.472s] -- Set runtime path of "/home/g1/rokey_c2_ws/install/calculator_interfaces/lib/libcalculator_interfaces__rosidl_typesupport_fastrtps_c.so" to ""
[7.472s] -- Installing: /home/g1/rokey_c2_ws/install/calculator_interfaces/lib/libcalculator_interfaces__rosidl_typesupport_introspection_c.so
[7.472s] -- Set runtime path of "/home/g1/rokey_c2_ws/install/calculator_interfaces/lib/libcalculator_interfaces__rosidl_typesupport_introspection_c.so" to ""
[7.473s] -- Installing: /home/g1/rokey_c2_ws/install/calculator_interfaces/lib/libcalculator_interfaces__rosidl_typesupport_c.so
[7.473s] -- Set runtime path of "/home/g1/rokey_c2_ws/install/calculator_interfaces/lib/libcalculator_interfaces__rosidl_typesupport_c.so" to ""
[7.473s] -- Installing: /home/g1/rokey_c2_ws/install/calculator_interfaces/lib/libcalculator_interfaces__rosidl_typesupport_fastrtps_cpp.so
[7.473s] -- Set runtime path of "/home/g1/rokey_c2_ws/install/calculator_interfaces/lib/libcalculator_interfaces__rosidl_typesupport_fastrtps_cpp.so" to ""
[7.473s] -- Installing: /home/g1/rokey_c2_ws/install/calculator_interfaces/lib/libcalculator_interfaces__rosidl_typesupport_introspection_cpp.so
[7.473s] -- Set runtime path of "/home/g1/rokey_c2_ws/install/calculator_interfaces/lib/libcalculator_interfaces__rosidl_typesupport_introspection_cpp.so" to ""
[7.474s] -- Installing: /home/g1/rokey_c2_ws/install/calculator_interfaces/lib/libcalculator_interfaces__rosidl_typesupport_cpp.so
[7.474s] -- Set runtime path of "/home/g1/rokey_c2_ws/install/calculator_interfaces/lib/libcalculator_interfaces__rosidl_typesupport_cpp.so" to ""
[7.517s] Listing '/home/g1/rokey_c2_ws/install/calculator_interfaces/local/lib/python3.10/dist-packages/calculator_interfaces'...
[7.517s] Compiling '/home/g1/rokey_c2_ws/install/calculator_interfaces/local/lib/python3.10/dist-packages/calculator_interfaces/__init__.py'...
[7.517s] Listing '/home/g1/rokey_c2_ws/install/calculator_interfaces/local/lib/python3.10/dist-packages/calculator_interfaces/srv'...
[7.517s] Compiling '/home/g1/rokey_c2_ws/install/calculator_interfaces/local/lib/python3.10/dist-packages/calculator_interfaces/srv/__init__.py'...
[7.518s] Compiling '/home/g1/rokey_c2_ws/install/calculator_interfaces/local/lib/python3.10/dist-packages/calculator_interfaces/srv/_calculate.py'...
[7.522s] -- Installing: /home/g1/rokey_c2_ws/install/calculator_interfaces/lib/libcalculator_interfaces__rosidl_generator_py.so
[7.523s] -- Set runtime path of "/home/g1/rokey_c2_ws/install/calculator_interfaces/lib/libcalculator_interfaces__rosidl_generator_py.so" to ""
[7.523s] -- Installing: /home/g1/rokey_c2_ws/install/calculator_interfaces/share/calculator_interfaces/cmake/export_calculator_interfaces__rosidl_generator_cExport.cmake
[7.523s] -- Installing: /home/g1/rokey_c2_ws/install/calculator_interfaces/share/calculator_interfaces/cmake/export_calculator_interfaces__rosidl_generator_cExport-noconfig.cmake
[7.523s] -- Installing: /home/g1/rokey_c2_ws/install/calculator_interfaces/share/calculator_interfaces/cmake/export_calculator_interfaces__rosidl_typesupport_fastrtps_cExport.cmake
[7.524s] -- Installing: /home/g1/rokey_c2_ws/install/calculator_interfaces/share/calculator_interfaces/cmake/export_calculator_interfaces__rosidl_typesupport_fastrtps_cExport-noconfig.cmake
[7.524s] -- Installing: /home/g1/rokey_c2_ws/install/calculator_interfaces/share/calculator_interfaces/cmake/calculator_interfaces__rosidl_typesupport_introspection_cExport.cmake
[7.524s] -- Installing: /home/g1/rokey_c2_ws/install/calculator_interfaces/share/calculator_interfaces/cmake/calculator_interfaces__rosidl_typesupport_introspection_cExport-noconfig.cmake
[7.524s] -- Installing: /home/g1/rokey_c2_ws/install/calculator_interfaces/share/calculator_interfaces/cmake/calculator_interfaces__rosidl_typesupport_cExport.cmake
[7.524s] -- Installing: /home/g1/rokey_c2_ws/install/calculator_interfaces/share/calculator_interfaces/cmake/calculator_interfaces__rosidl_typesupport_cExport-noconfig.cmake
[7.524s] -- Installing: /home/g1/rokey_c2_ws/install/calculator_interfaces/share/calculator_interfaces/cmake/export_calculator_interfaces__rosidl_generator_cppExport.cmake
[7.525s] -- Installing: /home/g1/rokey_c2_ws/install/calculator_interfaces/share/calculator_interfaces/cmake/export_calculator_interfaces__rosidl_typesupport_fastrtps_cppExport.cmake
[7.525s] -- Installing: /home/g1/rokey_c2_ws/install/calculator_interfaces/share/calculator_interfaces/cmake/export_calculator_interfaces__rosidl_typesupport_fastrtps_cppExport-noconfig.cmake
[7.525s] -- Installing: /home/g1/rokey_c2_ws/install/calculator_interfaces/share/calculator_interfaces/cmake/calculator_interfaces__rosidl_typesupport_introspection_cppExport.cmake
[7.525s] -- Installing: /home/g1/rokey_c2_ws/install/calculator_interfaces/share/calculator_interfaces/cmake/calculator_interfaces__rosidl_typesupport_introspection_cppExport-noconfig.cmake
[7.525s] -- Installing: /home/g1/rokey_c2_ws/install/calculator_interfaces/share/calculator_interfaces/cmake/calculator_interfaces__rosidl_typesupport_cppExport.cmake
[7.525s] -- Installing: /home/g1/rokey_c2_ws/install/calculator_interfaces/share/calculator_interfaces/cmake/calculator_interfaces__rosidl_typesupport_cppExport-noconfig.cmake
[7.525s] -- Installing: /home/g1/rokey_c2_ws/install/calculator_interfaces/share/calculator_interfaces/cmake/export_calculator_interfaces__rosidl_generator_pyExport.cmake
[7.526s] -- Installing: /home/g1/rokey_c2_ws/install/calculator_interfaces/share/calculator_interfaces/cmake/export_calculator_interfaces__rosidl_generator_pyExport-noconfig.cmake
[7.528s] Invoked command in '/home/g1/rokey_c2_ws/build/calculator_interfaces' returned '0': CMAKE_PREFIX_PATH=${CMAKE_PREFIX_PATH}:/home/g1/rokey_c2_ws/install/turtlebot3_gui:/home/g1/rokey_c2_ws/install/jiwon:/home/g1/rokey_c2_ws/install/c2_turtle_order_package:/home/g1/work/turtlebot3_ws/install/turtlebot3_teleop:/home/g1/work/turtlebot3_ws/install/turtlebot3_example:/opt/ros/humble /usr/bin/cmake --install /home/g1/rokey_c2_ws/build/calculator_interfaces
