[0.015s] Invoking command in '/home/g1/rokey_c2_ws/build/table_order_interface': CMAKE_PREFIX_PATH=${CMAKE_PREFIX_PATH}:/home/g1/rokey_c2_ws/install/table_order:/home/g1/rokey_c2_ws/install/database:/home/g1/work/turtlebot3_ws/install/turtlebot3_teleop:/home/g1/work/turtlebot3_ws/install/turtlebot3_example:/opt/ros/humble /usr/bin/cmake --build /home/g1/rokey_c2_ws/build/table_order_interface -- -j8 -l8
[0.051s] [35m[1mConsolidate compiler generated dependencies of target table_order_interface__rosidl_generator_c[0m
[0.060s] [  6%] Built target table_order_interface__cpp
[0.060s] [ 12%] Built target table_order_interface__rosidl_generator_c
[0.070s] [ 12%] Built target ament_cmake_python_symlink_table_order_interface
[0.073s] [35m[1mConsolidate compiler generated dependencies of target table_order_interface__rosidl_typesupport_introspection_c[0m
[0.073s] [35m[1mConsolidate compiler generated dependencies of target table_order_interface__rosidl_typesupport_introspection_cpp[0m
[0.073s] [35m[1mConsolidate compiler generated dependencies of target table_order_interface__rosidl_typesupport_fastrtps_cpp[0m
[0.074s] [35m[1mConsolidate compiler generated dependencies of target table_order_interface__rosidl_typesupport_c[0m
[0.077s] [35m[1mConsolidate compiler generated dependencies of target table_order_interface__rosidl_typesupport_fastrtps_c[0m
[0.087s] [35m[1mConsolidate compiler generated dependencies of target table_order_interface__rosidl_typesupport_cpp[0m
[0.091s] [ 32%] Built target table_order_interface__rosidl_typesupport_fastrtps_cpp
[0.091s] [ 32%] Built target table_order_interface__rosidl_typesupport_fastrtps_c
[0.091s] [ 41%] Built target table_order_interface__rosidl_typesupport_introspection_c
[0.093s] [ 51%] Built target table_order_interface__rosidl_typesupport_c
[0.093s] [ 61%] Built target table_order_interface__rosidl_typesupport_introspection_cpp
[0.100s] [ 70%] Built target table_order_interface__rosidl_typesupport_cpp
[0.118s] [ 70%] Built target table_order_interface
[0.136s] [ 74%] Built target table_order_interface__py
[0.144s] [35m[1mConsolidate compiler generated dependencies of target table_order_interface__rosidl_generator_py[0m
[0.155s] [ 80%] Built target table_order_interface__rosidl_generator_py
[0.164s] [35m[1mConsolidate compiler generated dependencies of target table_order_interface__rosidl_typesupport_c__pyext[0m
[0.166s] [35m[1mConsolidate compiler generated dependencies of target table_order_interface__rosidl_typesupport_introspection_c__pyext[0m
[0.166s] [35m[1mConsolidate compiler generated dependencies of target table_order_interface__rosidl_typesupport_fastrtps_c__pyext[0m
[0.178s] [ 87%] Built target table_order_interface__rosidl_typesupport_c__pyext
[0.178s] [ 93%] Built target table_order_interface__rosidl_typesupport_introspection_c__pyext
[0.180s] [100%] Built target table_order_interface__rosidl_typesupport_fastrtps_c__pyext
[0.445s] running egg_info
[0.446s] writing table_order_interface.egg-info/PKG-INFO
[0.446s] writing dependency_links to table_order_interface.egg-info/dependency_links.txt
[0.446s] writing top-level names to table_order_interface.egg-info/top_level.txt
[0.448s] reading manifest file 'table_order_interface.egg-info/SOURCES.txt'
[0.449s] writing manifest file 'table_order_interface.egg-info/SOURCES.txt'
[0.473s] [100%] Built target ament_cmake_python_build_table_order_interface_egg
[0.482s] Invoked command in '/home/g1/rokey_c2_ws/build/table_order_interface' returned '0': CMAKE_PREFIX_PATH=${CMAKE_PREFIX_PATH}:/home/g1/rokey_c2_ws/install/table_order:/home/g1/rokey_c2_ws/install/database:/home/g1/work/turtlebot3_ws/install/turtlebot3_teleop:/home/g1/work/turtlebot3_ws/install/turtlebot3_example:/opt/ros/humble /usr/bin/cmake --build /home/g1/rokey_c2_ws/build/table_order_interface -- -j8 -l8
[0.535s] Invoking command in '/home/g1/rokey_c2_ws/build/table_order_interface': CMAKE_PREFIX_PATH=${CMAKE_PREFIX_PATH}:/home/g1/rokey_c2_ws/install/table_order:/home/g1/rokey_c2_ws/install/database:/home/g1/work/turtlebot3_ws/install/turtlebot3_teleop:/home/g1/work/turtlebot3_ws/install/turtlebot3_example:/opt/ros/humble /usr/bin/cmake --install /home/g1/rokey_c2_ws/build/table_order_interface
[0.542s] -- Install configuration: ""
[0.542s] -- Execute custom install script
[0.542s] -- Up-to-date symlink: /home/g1/rokey_c2_ws/install/table_order_interface/share/ament_index/resource_index/rosidl_interfaces/table_order_interface
[0.543s] -- Up-to-date symlink: /home/g1/rokey_c2_ws/install/table_order_interface/include/table_order_interface/table_order_interface/msg/rosidl_generator_c__visibility_control.h
[0.543s] -- Up-to-date symlink: /home/g1/rokey_c2_ws/install/table_order_interface/include/table_order_interface/table_order_interface/srv/detail/set_order__functions.h
[0.543s] -- Up-to-date symlink: /home/g1/rokey_c2_ws/install/table_order_interface/include/table_order_interface/table_order_interface/srv/detail/set_order__struct.h
[0.543s] -- Up-to-date symlink: /home/g1/rokey_c2_ws/install/table_order_interface/include/table_order_interface/table_order_interface/srv/detail/set_order__type_support.h
[0.543s] -- Up-to-date symlink: /home/g1/rokey_c2_ws/install/table_order_interface/include/table_order_interface/table_order_interface/srv/set_order.h
[0.543s] -- Up-to-date symlink: /home/g1/rokey_c2_ws/install/table_order_interface/share/table_order_interface/environment/library_path.sh
[0.544s] -- Up-to-date symlink: /home/g1/rokey_c2_ws/install/table_order_interface/share/table_order_interface/environment/library_path.dsv
[0.544s] -- Up-to-date symlink: /home/g1/rokey_c2_ws/install/table_order_interface/include/table_order_interface/table_order_interface/msg/rosidl_typesupport_fastrtps_c__visibility_control.h
[0.544s] -- Up-to-date symlink: /home/g1/rokey_c2_ws/install/table_order_interface/include/table_order_interface/table_order_interface/srv/detail/set_order__rosidl_typesupport_fastrtps_c.h
[0.544s] -- Up-to-date symlink: /home/g1/rokey_c2_ws/install/table_order_interface/include/table_order_interface/table_order_interface/srv/detail/set_order__builder.hpp
[0.544s] -- Up-to-date symlink: /home/g1/rokey_c2_ws/install/table_order_interface/include/table_order_interface/table_order_interface/srv/detail/set_order__struct.hpp
[0.544s] -- Up-to-date symlink: /home/g1/rokey_c2_ws/install/table_order_interface/include/table_order_interface/table_order_interface/srv/detail/set_order__traits.hpp
[0.544s] -- Up-to-date symlink: /home/g1/rokey_c2_ws/install/table_order_interface/include/table_order_interface/table_order_interface/srv/set_order.hpp
[0.545s] -- Up-to-date symlink: /home/g1/rokey_c2_ws/install/table_order_interface/include/table_order_interface/table_order_interface/msg/rosidl_typesupport_fastrtps_cpp__visibility_control.h
[0.545s] -- Up-to-date symlink: /home/g1/rokey_c2_ws/install/table_order_interface/include/table_order_interface/table_order_interface/srv/detail/set_order__rosidl_typesupport_fastrtps_cpp.hpp
[0.545s] -- Up-to-date symlink: /home/g1/rokey_c2_ws/install/table_order_interface/include/table_order_interface/table_order_interface/msg/rosidl_typesupport_introspection_c__visibility_control.h
[0.545s] -- Up-to-date symlink: /home/g1/rokey_c2_ws/install/table_order_interface/include/table_order_interface/table_order_interface/srv/detail/set_order__rosidl_typesupport_introspection_c.h
[0.546s] -- Up-to-date symlink: /home/g1/rokey_c2_ws/install/table_order_interface/include/table_order_interface/table_order_interface/srv/detail/set_order__rosidl_typesupport_introspection_cpp.hpp
[0.546s] -- Up-to-date symlink: /home/g1/rokey_c2_ws/install/table_order_interface/share/table_order_interface/environment/pythonpath.sh
[0.546s] -- Up-to-date symlink: /home/g1/rokey_c2_ws/install/table_order_interface/share/table_order_interface/environment/pythonpath.dsv
[0.546s] -- Up-to-date symlink: /home/g1/rokey_c2_ws/install/table_order_interface/local/lib/python3.10/dist-packages/table_order_interface-0.0.0-py3.10.egg-info/PKG-INFO
[0.546s] -- Up-to-date symlink: /home/g1/rokey_c2_ws/install/table_order_interface/local/lib/python3.10/dist-packages/table_order_interface-0.0.0-py3.10.egg-info/SOURCES.txt
[0.546s] -- Up-to-date symlink: /home/g1/rokey_c2_ws/install/table_order_interface/local/lib/python3.10/dist-packages/table_order_interface-0.0.0-py3.10.egg-info/dependency_links.txt
[0.547s] -- Up-to-date symlink: /home/g1/rokey_c2_ws/install/table_order_interface/local/lib/python3.10/dist-packages/table_order_interface-0.0.0-py3.10.egg-info/top_level.txt
[0.547s] -- Up-to-date symlink: /home/g1/rokey_c2_ws/install/table_order_interface/local/lib/python3.10/dist-packages/table_order_interface/__init__.py
[0.547s] -- Up-to-date symlink: /home/g1/rokey_c2_ws/install/table_order_interface/local/lib/python3.10/dist-packages/table_order_interface/_table_order_interface_s.ep.rosidl_typesupport_c.c
[0.547s] -- Up-to-date symlink: /home/g1/rokey_c2_ws/install/table_order_interface/local/lib/python3.10/dist-packages/table_order_interface/_table_order_interface_s.ep.rosidl_typesupport_fastrtps_c.c
[0.547s] -- Up-to-date symlink: /home/g1/rokey_c2_ws/install/table_order_interface/local/lib/python3.10/dist-packages/table_order_interface/_table_order_interface_s.ep.rosidl_typesupport_introspection_c.c
[0.547s] -- Up-to-date symlink: /home/g1/rokey_c2_ws/install/table_order_interface/local/lib/python3.10/dist-packages/table_order_interface/libtable_order_interface__rosidl_generator_py.so
[0.547s] -- Up-to-date symlink: /home/g1/rokey_c2_ws/install/table_order_interface/local/lib/python3.10/dist-packages/table_order_interface/srv/__init__.py
[0.548s] -- Up-to-date symlink: /home/g1/rokey_c2_ws/install/table_order_interface/local/lib/python3.10/dist-packages/table_order_interface/srv/_set_order.py
[0.548s] -- Up-to-date symlink: /home/g1/rokey_c2_ws/install/table_order_interface/local/lib/python3.10/dist-packages/table_order_interface/srv/_set_order_s.c
[0.548s] -- Up-to-date symlink: /home/g1/rokey_c2_ws/install/table_order_interface/local/lib/python3.10/dist-packages/table_order_interface/table_order_interface_s__rosidl_typesupport_c.cpython-310-x86_64-linux-gnu.so
[0.548s] -- Up-to-date symlink: /home/g1/rokey_c2_ws/install/table_order_interface/local/lib/python3.10/dist-packages/table_order_interface/table_order_interface_s__rosidl_typesupport_fastrtps_c.cpython-310-x86_64-linux-gnu.so
[0.548s] -- Up-to-date symlink: /home/g1/rokey_c2_ws/install/table_order_interface/local/lib/python3.10/dist-packages/table_order_interface/table_order_interface_s__rosidl_typesupport_introspection_c.cpython-310-x86_64-linux-gnu.so
[0.548s] -- Up-to-date symlink: /home/g1/rokey_c2_ws/install/table_order_interface/local/lib/python3.10/dist-packages/table_order_interface/table_order_interface_s__rosidl_typesupport_fastrtps_c.cpython-310-x86_64-linux-gnu.so
[0.548s] -- Up-to-date symlink: /home/g1/rokey_c2_ws/install/table_order_interface/local/lib/python3.10/dist-packages/table_order_interface/table_order_interface_s__rosidl_typesupport_introspection_c.cpython-310-x86_64-linux-gnu.so
[0.549s] -- Up-to-date symlink: /home/g1/rokey_c2_ws/install/table_order_interface/local/lib/python3.10/dist-packages/table_order_interface/table_order_interface_s__rosidl_typesupport_c.cpython-310-x86_64-linux-gnu.so
[0.549s] -- Up-to-date symlink: /home/g1/rokey_c2_ws/install/table_order_interface/share/table_order_interface/srv/SetOrder.idl
[0.549s] -- Up-to-date symlink: /home/g1/rokey_c2_ws/install/table_order_interface/share/table_order_interface/srv/SetOrder.srv
[0.549s] -- Up-to-date symlink: /home/g1/rokey_c2_ws/install/table_order_interface/share/table_order_interface/srv/SetOrder_Request.msg
[0.549s] -- Up-to-date symlink: /home/g1/rokey_c2_ws/install/table_order_interface/share/table_order_interface/srv/SetOrder_Response.msg
[0.549s] -- Up-to-date symlink: /home/g1/rokey_c2_ws/install/table_order_interface/share/ament_index/resource_index/package_run_dependencies/table_order_interface
[0.550s] -- Up-to-date symlink: /home/g1/rokey_c2_ws/install/table_order_interface/share/ament_index/resource_index/parent_prefix_path/table_order_interface
[0.550s] -- Up-to-date symlink: /home/g1/rokey_c2_ws/install/table_order_interface/share/table_order_interface/environment/ament_prefix_path.sh
[0.550s] -- Up-to-date symlink: /home/g1/rokey_c2_ws/install/table_order_interface/share/table_order_interface/environment/ament_prefix_path.dsv
[0.550s] -- Up-to-date symlink: /home/g1/rokey_c2_ws/install/table_order_interface/share/table_order_interface/environment/path.sh
[0.550s] -- Up-to-date symlink: /home/g1/rokey_c2_ws/install/table_order_interface/share/table_order_interface/environment/path.dsv
[0.550s] -- Up-to-date symlink: /home/g1/rokey_c2_ws/install/table_order_interface/share/table_order_interface/local_setup.bash
[0.550s] -- Up-to-date symlink: /home/g1/rokey_c2_ws/install/table_order_interface/share/table_order_interface/local_setup.sh
[0.550s] -- Up-to-date symlink: /home/g1/rokey_c2_ws/install/table_order_interface/share/table_order_interface/local_setup.zsh
[0.550s] -- Up-to-date symlink: /home/g1/rokey_c2_ws/install/table_order_interface/share/table_order_interface/local_setup.dsv
[0.551s] -- Symlinking: /home/g1/rokey_c2_ws/install/table_order_interface/share/table_order_interface/package.dsv
[0.558s] -- Up-to-date symlink: /home/g1/rokey_c2_ws/install/table_order_interface/share/ament_index/resource_index/packages/table_order_interface
[0.558s] -- Up-to-date symlink: /home/g1/rokey_c2_ws/install/table_order_interface/share/table_order_interface/cmake/rosidl_cmake-extras.cmake
[0.558s] -- Up-to-date symlink: /home/g1/rokey_c2_ws/install/table_order_interface/share/table_order_interface/cmake/ament_cmake_export_dependencies-extras.cmake
[0.558s] -- Up-to-date symlink: /home/g1/rokey_c2_ws/install/table_order_interface/share/table_order_interface/cmake/ament_cmake_export_include_directories-extras.cmake
[0.559s] -- Up-to-date symlink: /home/g1/rokey_c2_ws/install/table_order_interface/share/table_order_interface/cmake/ament_cmake_export_libraries-extras.cmake
[0.559s] -- Up-to-date symlink: /home/g1/rokey_c2_ws/install/table_order_interface/share/table_order_interface/cmake/ament_cmake_export_targets-extras.cmake
[0.559s] -- Up-to-date symlink: /home/g1/rokey_c2_ws/install/table_order_interface/share/table_order_interface/cmake/rosidl_cmake_export_typesupport_targets-extras.cmake
[0.559s] -- Up-to-date symlink: /home/g1/rokey_c2_ws/install/table_order_interface/share/table_order_interface/cmake/rosidl_cmake_export_typesupport_libraries-extras.cmake
[0.559s] -- Up-to-date symlink: /home/g1/rokey_c2_ws/install/table_order_interface/share/table_order_interface/cmake/table_order_interfaceConfig.cmake
[0.559s] -- Up-to-date symlink: /home/g1/rokey_c2_ws/install/table_order_interface/share/table_order_interface/cmake/table_order_interfaceConfig-version.cmake
[0.559s] -- Up-to-date symlink: /home/g1/rokey_c2_ws/install/table_order_interface/share/table_order_interface/package.xml
[0.559s] -- Up-to-date: /home/g1/rokey_c2_ws/install/table_order_interface/lib/libtable_order_interface__rosidl_generator_c.so
[0.560s] -- Up-to-date: /home/g1/rokey_c2_ws/install/table_order_interface/lib/libtable_order_interface__rosidl_typesupport_fastrtps_c.so
[0.560s] -- Up-to-date: /home/g1/rokey_c2_ws/install/table_order_interface/lib/libtable_order_interface__rosidl_typesupport_fastrtps_cpp.so
[0.560s] -- Up-to-date: /home/g1/rokey_c2_ws/install/table_order_interface/lib/libtable_order_interface__rosidl_typesupport_introspection_c.so
[0.560s] -- Up-to-date: /home/g1/rokey_c2_ws/install/table_order_interface/lib/libtable_order_interface__rosidl_typesupport_c.so
[0.561s] -- Up-to-date: /home/g1/rokey_c2_ws/install/table_order_interface/lib/libtable_order_interface__rosidl_typesupport_introspection_cpp.so
[0.561s] -- Up-to-date: /home/g1/rokey_c2_ws/install/table_order_interface/lib/libtable_order_interface__rosidl_typesupport_cpp.so
[0.592s] Listing '/home/g1/rokey_c2_ws/install/table_order_interface/local/lib/python3.10/dist-packages/table_order_interface'...
[0.592s] Listing '/home/g1/rokey_c2_ws/install/table_order_interface/local/lib/python3.10/dist-packages/table_order_interface/srv'...
[0.595s] -- Up-to-date: /home/g1/rokey_c2_ws/install/table_order_interface/lib/libtable_order_interface__rosidl_generator_py.so
[0.596s] -- Up-to-date: /home/g1/rokey_c2_ws/install/table_order_interface/share/table_order_interface/cmake/export_table_order_interface__rosidl_generator_cExport.cmake
[0.596s] -- Up-to-date: /home/g1/rokey_c2_ws/install/table_order_interface/share/table_order_interface/cmake/export_table_order_interface__rosidl_generator_cExport-noconfig.cmake
[0.596s] -- Up-to-date: /home/g1/rokey_c2_ws/install/table_order_interface/share/table_order_interface/cmake/export_table_order_interface__rosidl_typesupport_fastrtps_cExport.cmake
[0.596s] -- Up-to-date: /home/g1/rokey_c2_ws/install/table_order_interface/share/table_order_interface/cmake/export_table_order_interface__rosidl_typesupport_fastrtps_cExport-noconfig.cmake
[0.596s] -- Up-to-date: /home/g1/rokey_c2_ws/install/table_order_interface/share/table_order_interface/cmake/export_table_order_interface__rosidl_generator_cppExport.cmake
[0.596s] -- Up-to-date: /home/g1/rokey_c2_ws/install/table_order_interface/share/table_order_interface/cmake/export_table_order_interface__rosidl_typesupport_fastrtps_cppExport.cmake
[0.596s] -- Up-to-date: /home/g1/rokey_c2_ws/install/table_order_interface/share/table_order_interface/cmake/export_table_order_interface__rosidl_typesupport_fastrtps_cppExport-noconfig.cmake
[0.596s] -- Up-to-date: /home/g1/rokey_c2_ws/install/table_order_interface/share/table_order_interface/cmake/table_order_interface__rosidl_typesupport_introspection_cExport.cmake
[0.597s] -- Up-to-date: /home/g1/rokey_c2_ws/install/table_order_interface/share/table_order_interface/cmake/table_order_interface__rosidl_typesupport_introspection_cExport-noconfig.cmake
[0.597s] -- Up-to-date: /home/g1/rokey_c2_ws/install/table_order_interface/share/table_order_interface/cmake/table_order_interface__rosidl_typesupport_cExport.cmake
[0.597s] -- Up-to-date: /home/g1/rokey_c2_ws/install/table_order_interface/share/table_order_interface/cmake/table_order_interface__rosidl_typesupport_cExport-noconfig.cmake
[0.597s] -- Up-to-date: /home/g1/rokey_c2_ws/install/table_order_interface/share/table_order_interface/cmake/table_order_interface__rosidl_typesupport_introspection_cppExport.cmake
[0.597s] -- Up-to-date: /home/g1/rokey_c2_ws/install/table_order_interface/share/table_order_interface/cmake/table_order_interface__rosidl_typesupport_introspection_cppExport-noconfig.cmake
[0.597s] -- Up-to-date: /home/g1/rokey_c2_ws/install/table_order_interface/share/table_order_interface/cmake/table_order_interface__rosidl_typesupport_cppExport.cmake
[0.597s] -- Up-to-date: /home/g1/rokey_c2_ws/install/table_order_interface/share/table_order_interface/cmake/table_order_interface__rosidl_typesupport_cppExport-noconfig.cmake
[0.597s] -- Up-to-date: /home/g1/rokey_c2_ws/install/table_order_interface/share/table_order_interface/cmake/export_table_order_interface__rosidl_generator_pyExport.cmake
[0.597s] -- Up-to-date: /home/g1/rokey_c2_ws/install/table_order_interface/share/table_order_interface/cmake/export_table_order_interface__rosidl_generator_pyExport-noconfig.cmake
[0.599s] Invoked command in '/home/g1/rokey_c2_ws/build/table_order_interface' returned '0': CMAKE_PREFIX_PATH=${CMAKE_PREFIX_PATH}:/home/g1/rokey_c2_ws/install/table_order:/home/g1/rokey_c2_ws/install/database:/home/g1/work/turtlebot3_ws/install/turtlebot3_teleop:/home/g1/work/turtlebot3_ws/install/turtlebot3_example:/opt/ros/humble /usr/bin/cmake --install /home/g1/rokey_c2_ws/build/table_order_interface
