[0.025s] Invoking command in '/home/psb/rokey_c_2_ws/build/table_order_interface': CMAKE_PREFIX_PATH=${CMAKE_PREFIX_PATH}:/home/psb/rokey_c_2_ws/install/turtlebot3_gui:/home/psb/rokey_c_2_ws/install/table_order:/home/psb/rokey_c_2_ws/install/serving_robot:/home/psb/rokey_c_2_ws/install/database:/home/psb/rokey_c_2_ws/install/c2_turtle_order_package:/home/psb/turtlebot3_ws/install/turtlebot3_teleop:/home/psb/turtlebot3_ws/install/turtlebot3_example:/opt/ros/humble /usr/bin/cmake --build /home/psb/rokey_c_2_ws/build/table_order_interface -- -j8 -l8
[0.387s] [  3%] Built target table_order_interface__cpp
[0.387s] [ 12%] Built target table_order_interface__rosidl_generator_c
[0.387s] [ 12%] Built target ament_cmake_python_copy_table_order_interface
[0.387s] [ 22%] Built target table_order_interface__rosidl_typesupport_cpp
[0.387s] [ 32%] Built target table_order_interface__rosidl_typesupport_fastrtps_cpp
[0.387s] [ 41%] Built target table_order_interface__rosidl_typesupport_introspection_cpp
[0.388s] [ 51%] Built target table_order_interface__rosidl_typesupport_introspection_c
[0.388s] [ 61%] Built target table_order_interface__rosidl_typesupport_fastrtps_c
[0.388s] [ 70%] Built target table_order_interface__rosidl_typesupport_c
[0.388s] [ 70%] Built target table_order_interface
[0.388s] [ 74%] Built target table_order_interface__py
[0.388s] [ 80%] Built target table_order_interface__rosidl_generator_py
[0.388s] [ 87%] Built target table_order_interface__rosidl_typesupport_fastrtps_c__pyext
[0.388s] [ 93%] Built target table_order_interface__rosidl_typesupport_c__pyext
[0.388s] [100%] Built target table_order_interface__rosidl_typesupport_introspection_c__pyext
[0.433s] running egg_info
[0.434s] writing table_order_interface.egg-info/PKG-INFO
[0.437s] writing dependency_links to table_order_interface.egg-info/dependency_links.txt
[0.437s] writing top-level names to table_order_interface.egg-info/top_level.txt
[0.440s] reading manifest file 'table_order_interface.egg-info/SOURCES.txt'
[0.440s] writing manifest file 'table_order_interface.egg-info/SOURCES.txt'
[0.482s] [100%] Built target ament_cmake_python_build_table_order_interface_egg
[0.734s] Invoked command in '/home/psb/rokey_c_2_ws/build/table_order_interface' returned '0': CMAKE_PREFIX_PATH=${CMAKE_PREFIX_PATH}:/home/psb/rokey_c_2_ws/install/turtlebot3_gui:/home/psb/rokey_c_2_ws/install/table_order:/home/psb/rokey_c_2_ws/install/serving_robot:/home/psb/rokey_c_2_ws/install/database:/home/psb/rokey_c_2_ws/install/c2_turtle_order_package:/home/psb/turtlebot3_ws/install/turtlebot3_teleop:/home/psb/turtlebot3_ws/install/turtlebot3_example:/opt/ros/humble /usr/bin/cmake --build /home/psb/rokey_c_2_ws/build/table_order_interface -- -j8 -l8
[0.815s] Invoking command in '/home/psb/rokey_c_2_ws/build/table_order_interface': CMAKE_PREFIX_PATH=${CMAKE_PREFIX_PATH}:/home/psb/rokey_c_2_ws/install/turtlebot3_gui:/home/psb/rokey_c_2_ws/install/table_order:/home/psb/rokey_c_2_ws/install/serving_robot:/home/psb/rokey_c_2_ws/install/database:/home/psb/rokey_c_2_ws/install/c2_turtle_order_package:/home/psb/turtlebot3_ws/install/turtlebot3_teleop:/home/psb/turtlebot3_ws/install/turtlebot3_example:/opt/ros/humble /usr/bin/cmake --install /home/psb/rokey_c_2_ws/build/table_order_interface
[0.824s] -- Install configuration: ""
[0.824s] -- Up-to-date: /home/psb/rokey_c_2_ws/install/table_order_interface/share/ament_index/resource_index/rosidl_interfaces/table_order_interface
[0.824s] -- Up-to-date: /home/psb/rokey_c_2_ws/install/table_order_interface/include/table_order_interface/table_order_interface
[0.824s] -- Up-to-date: /home/psb/rokey_c_2_ws/install/table_order_interface/include/table_order_interface/table_order_interface/msg
[0.824s] -- Up-to-date: /home/psb/rokey_c_2_ws/install/table_order_interface/include/table_order_interface/table_order_interface/msg/rosidl_generator_c__visibility_control.h
[0.825s] -- Up-to-date: /home/psb/rokey_c_2_ws/install/table_order_interface/include/table_order_interface/table_order_interface/srv
[0.825s] -- Up-to-date: /home/psb/rokey_c_2_ws/install/table_order_interface/include/table_order_interface/table_order_interface/srv/set_order.h
[0.825s] -- Up-to-date: /home/psb/rokey_c_2_ws/install/table_order_interface/include/table_order_interface/table_order_interface/srv/detail
[0.825s] -- Up-to-date: /home/psb/rokey_c_2_ws/install/table_order_interface/include/table_order_interface/table_order_interface/srv/detail/set_order__type_support.h
[0.825s] -- Up-to-date: /home/psb/rokey_c_2_ws/install/table_order_interface/include/table_order_interface/table_order_interface/srv/detail/set_order__functions.c
[0.826s] -- Up-to-date: /home/psb/rokey_c_2_ws/install/table_order_interface/include/table_order_interface/table_order_interface/srv/detail/set_order__struct.h
[0.826s] -- Up-to-date: /home/psb/rokey_c_2_ws/install/table_order_interface/include/table_order_interface/table_order_interface/srv/detail/set_order__functions.h
[0.826s] -- Up-to-date: /home/psb/rokey_c_2_ws/install/table_order_interface/share/table_order_interface/environment/library_path.sh
[0.826s] -- Up-to-date: /home/psb/rokey_c_2_ws/install/table_order_interface/share/table_order_interface/environment/library_path.dsv
[0.826s] -- Up-to-date: /home/psb/rokey_c_2_ws/install/table_order_interface/lib/libtable_order_interface__rosidl_generator_c.so
[0.826s] -- Up-to-date: /home/psb/rokey_c_2_ws/install/table_order_interface/include/table_order_interface/table_order_interface
[0.826s] -- Up-to-date: /home/psb/rokey_c_2_ws/install/table_order_interface/include/table_order_interface/table_order_interface/msg
[0.827s] -- Up-to-date: /home/psb/rokey_c_2_ws/install/table_order_interface/include/table_order_interface/table_order_interface/msg/rosidl_typesupport_fastrtps_c__visibility_control.h
[0.827s] -- Up-to-date: /home/psb/rokey_c_2_ws/install/table_order_interface/include/table_order_interface/table_order_interface/srv
[0.827s] -- Up-to-date: /home/psb/rokey_c_2_ws/install/table_order_interface/include/table_order_interface/table_order_interface/srv/detail
[0.827s] -- Up-to-date: /home/psb/rokey_c_2_ws/install/table_order_interface/include/table_order_interface/table_order_interface/srv/detail/set_order__rosidl_typesupport_fastrtps_c.h
[0.827s] -- Up-to-date: /home/psb/rokey_c_2_ws/install/table_order_interface/lib/libtable_order_interface__rosidl_typesupport_fastrtps_c.so
[0.827s] -- Up-to-date: /home/psb/rokey_c_2_ws/install/table_order_interface/include/table_order_interface/table_order_interface
[0.827s] -- Up-to-date: /home/psb/rokey_c_2_ws/install/table_order_interface/include/table_order_interface/table_order_interface/srv
[0.828s] -- Up-to-date: /home/psb/rokey_c_2_ws/install/table_order_interface/include/table_order_interface/table_order_interface/srv/set_order.hpp
[0.828s] -- Up-to-date: /home/psb/rokey_c_2_ws/install/table_order_interface/include/table_order_interface/table_order_interface/srv/detail
[0.828s] -- Up-to-date: /home/psb/rokey_c_2_ws/install/table_order_interface/include/table_order_interface/table_order_interface/srv/detail/set_order__struct.hpp
[0.828s] -- Up-to-date: /home/psb/rokey_c_2_ws/install/table_order_interface/include/table_order_interface/table_order_interface/srv/detail/set_order__builder.hpp
[0.828s] -- Up-to-date: /home/psb/rokey_c_2_ws/install/table_order_interface/include/table_order_interface/table_order_interface/srv/detail/set_order__traits.hpp
[0.828s] -- Up-to-date: /home/psb/rokey_c_2_ws/install/table_order_interface/include/table_order_interface/table_order_interface
[0.828s] -- Up-to-date: /home/psb/rokey_c_2_ws/install/table_order_interface/include/table_order_interface/table_order_interface/msg
[0.829s] -- Up-to-date: /home/psb/rokey_c_2_ws/install/table_order_interface/include/table_order_interface/table_order_interface/msg/rosidl_typesupport_fastrtps_cpp__visibility_control.h
[0.829s] -- Up-to-date: /home/psb/rokey_c_2_ws/install/table_order_interface/include/table_order_interface/table_order_interface/srv
[0.829s] -- Up-to-date: /home/psb/rokey_c_2_ws/install/table_order_interface/include/table_order_interface/table_order_interface/srv/detail
[0.829s] -- Up-to-date: /home/psb/rokey_c_2_ws/install/table_order_interface/include/table_order_interface/table_order_interface/srv/detail/dds_fastrtps
[0.829s] -- Up-to-date: /home/psb/rokey_c_2_ws/install/table_order_interface/include/table_order_interface/table_order_interface/srv/detail/set_order__rosidl_typesupport_fastrtps_cpp.hpp
[0.829s] -- Up-to-date: /home/psb/rokey_c_2_ws/install/table_order_interface/lib/libtable_order_interface__rosidl_typesupport_fastrtps_cpp.so
[0.829s] -- Up-to-date: /home/psb/rokey_c_2_ws/install/table_order_interface/include/table_order_interface/table_order_interface
[0.830s] -- Up-to-date: /home/psb/rokey_c_2_ws/install/table_order_interface/include/table_order_interface/table_order_interface/msg
[0.830s] -- Up-to-date: /home/psb/rokey_c_2_ws/install/table_order_interface/include/table_order_interface/table_order_interface/msg/rosidl_typesupport_introspection_c__visibility_control.h
[0.830s] -- Up-to-date: /home/psb/rokey_c_2_ws/install/table_order_interface/include/table_order_interface/table_order_interface/srv
[0.830s] -- Up-to-date: /home/psb/rokey_c_2_ws/install/table_order_interface/include/table_order_interface/table_order_interface/srv/detail
[0.830s] -- Up-to-date: /home/psb/rokey_c_2_ws/install/table_order_interface/include/table_order_interface/table_order_interface/srv/detail/set_order__type_support.c
[0.830s] -- Up-to-date: /home/psb/rokey_c_2_ws/install/table_order_interface/include/table_order_interface/table_order_interface/srv/detail/set_order__rosidl_typesupport_introspection_c.h
[0.830s] -- Up-to-date: /home/psb/rokey_c_2_ws/install/table_order_interface/lib/libtable_order_interface__rosidl_typesupport_introspection_c.so
[0.831s] -- Up-to-date: /home/psb/rokey_c_2_ws/install/table_order_interface/lib/libtable_order_interface__rosidl_typesupport_c.so
[0.831s] -- Up-to-date: /home/psb/rokey_c_2_ws/install/table_order_interface/include/table_order_interface/table_order_interface
[0.831s] -- Up-to-date: /home/psb/rokey_c_2_ws/install/table_order_interface/include/table_order_interface/table_order_interface/srv
[0.831s] -- Up-to-date: /home/psb/rokey_c_2_ws/install/table_order_interface/include/table_order_interface/table_order_interface/srv/detail
[0.831s] -- Up-to-date: /home/psb/rokey_c_2_ws/install/table_order_interface/include/table_order_interface/table_order_interface/srv/detail/set_order__type_support.cpp
[0.831s] -- Up-to-date: /home/psb/rokey_c_2_ws/install/table_order_interface/include/table_order_interface/table_order_interface/srv/detail/set_order__rosidl_typesupport_introspection_cpp.hpp
[0.831s] -- Up-to-date: /home/psb/rokey_c_2_ws/install/table_order_interface/lib/libtable_order_interface__rosidl_typesupport_introspection_cpp.so
[0.831s] -- Up-to-date: /home/psb/rokey_c_2_ws/install/table_order_interface/lib/libtable_order_interface__rosidl_typesupport_cpp.so
[0.832s] -- Up-to-date: /home/psb/rokey_c_2_ws/install/table_order_interface/share/table_order_interface/environment/pythonpath.sh
[0.832s] -- Up-to-date: /home/psb/rokey_c_2_ws/install/table_order_interface/share/table_order_interface/environment/pythonpath.dsv
[0.832s] -- Up-to-date: /home/psb/rokey_c_2_ws/install/table_order_interface/local/lib/python3.10/dist-packages/table_order_interface-0.0.0-py3.10.egg-info
[0.832s] -- Installing: /home/psb/rokey_c_2_ws/install/table_order_interface/local/lib/python3.10/dist-packages/table_order_interface-0.0.0-py3.10.egg-info/SOURCES.txt
[0.832s] -- Installing: /home/psb/rokey_c_2_ws/install/table_order_interface/local/lib/python3.10/dist-packages/table_order_interface-0.0.0-py3.10.egg-info/top_level.txt
[0.832s] -- Installing: /home/psb/rokey_c_2_ws/install/table_order_interface/local/lib/python3.10/dist-packages/table_order_interface-0.0.0-py3.10.egg-info/PKG-INFO
[0.832s] -- Installing: /home/psb/rokey_c_2_ws/install/table_order_interface/local/lib/python3.10/dist-packages/table_order_interface-0.0.0-py3.10.egg-info/dependency_links.txt
[0.832s] -- Up-to-date: /home/psb/rokey_c_2_ws/install/table_order_interface/local/lib/python3.10/dist-packages/table_order_interface
[0.833s] -- Up-to-date: /home/psb/rokey_c_2_ws/install/table_order_interface/local/lib/python3.10/dist-packages/table_order_interface/__init__.py
[0.833s] -- Up-to-date: /home/psb/rokey_c_2_ws/install/table_order_interface/local/lib/python3.10/dist-packages/table_order_interface/table_order_interface_s__rosidl_typesupport_fastrtps_c.cpython-310-x86_64-linux-gnu.so
[0.833s] -- Up-to-date: /home/psb/rokey_c_2_ws/install/table_order_interface/local/lib/python3.10/dist-packages/table_order_interface/table_order_interface_s__rosidl_typesupport_c.cpython-310-x86_64-linux-gnu.so
[0.833s] -- Up-to-date: /home/psb/rokey_c_2_ws/install/table_order_interface/local/lib/python3.10/dist-packages/table_order_interface/table_order_interface_s__rosidl_typesupport_introspection_c.cpython-310-x86_64-linux-gnu.so
[0.833s] -- Up-to-date: /home/psb/rokey_c_2_ws/install/table_order_interface/local/lib/python3.10/dist-packages/table_order_interface/srv
[0.833s] -- Up-to-date: /home/psb/rokey_c_2_ws/install/table_order_interface/local/lib/python3.10/dist-packages/table_order_interface/srv/__init__.py
[0.833s] -- Up-to-date: /home/psb/rokey_c_2_ws/install/table_order_interface/local/lib/python3.10/dist-packages/table_order_interface/srv/_set_order.py
[0.833s] -- Up-to-date: /home/psb/rokey_c_2_ws/install/table_order_interface/local/lib/python3.10/dist-packages/table_order_interface/srv/_set_order_s.c
[0.834s] -- Up-to-date: /home/psb/rokey_c_2_ws/install/table_order_interface/local/lib/python3.10/dist-packages/table_order_interface/_table_order_interface_s.ep.rosidl_typesupport_c.c
[0.834s] -- Up-to-date: /home/psb/rokey_c_2_ws/install/table_order_interface/local/lib/python3.10/dist-packages/table_order_interface/libtable_order_interface__rosidl_generator_py.so
[0.834s] -- Up-to-date: /home/psb/rokey_c_2_ws/install/table_order_interface/local/lib/python3.10/dist-packages/table_order_interface/_table_order_interface_s.ep.rosidl_typesupport_fastrtps_c.c
[0.834s] -- Up-to-date: /home/psb/rokey_c_2_ws/install/table_order_interface/local/lib/python3.10/dist-packages/table_order_interface/_table_order_interface_s.ep.rosidl_typesupport_introspection_c.c
[0.888s] Listing '/home/psb/rokey_c_2_ws/install/table_order_interface/local/lib/python3.10/dist-packages/table_order_interface'...
[0.888s] Listing '/home/psb/rokey_c_2_ws/install/table_order_interface/local/lib/python3.10/dist-packages/table_order_interface/srv'...
[0.899s] -- Up-to-date: /home/psb/rokey_c_2_ws/install/table_order_interface/local/lib/python3.10/dist-packages/table_order_interface/table_order_interface_s__rosidl_typesupport_fastrtps_c.cpython-310-x86_64-linux-gnu.so
[0.900s] -- Up-to-date: /home/psb/rokey_c_2_ws/install/table_order_interface/local/lib/python3.10/dist-packages/table_order_interface/table_order_interface_s__rosidl_typesupport_introspection_c.cpython-310-x86_64-linux-gnu.so
[0.900s] -- Up-to-date: /home/psb/rokey_c_2_ws/install/table_order_interface/local/lib/python3.10/dist-packages/table_order_interface/table_order_interface_s__rosidl_typesupport_c.cpython-310-x86_64-linux-gnu.so
[0.901s] -- Up-to-date: /home/psb/rokey_c_2_ws/install/table_order_interface/lib/libtable_order_interface__rosidl_generator_py.so
[0.903s] -- Up-to-date: /home/psb/rokey_c_2_ws/install/table_order_interface/share/table_order_interface/srv/SetOrder.idl
[0.903s] -- Up-to-date: /home/psb/rokey_c_2_ws/install/table_order_interface/share/table_order_interface/srv/SetOrder.srv
[0.904s] -- Up-to-date: /home/psb/rokey_c_2_ws/install/table_order_interface/share/table_order_interface/srv/SetOrder_Request.msg
[0.904s] -- Up-to-date: /home/psb/rokey_c_2_ws/install/table_order_interface/share/table_order_interface/srv/SetOrder_Response.msg
[0.904s] -- Up-to-date: /home/psb/rokey_c_2_ws/install/table_order_interface/share/ament_index/resource_index/package_run_dependencies/table_order_interface
[0.904s] -- Up-to-date: /home/psb/rokey_c_2_ws/install/table_order_interface/share/ament_index/resource_index/parent_prefix_path/table_order_interface
[0.904s] -- Up-to-date: /home/psb/rokey_c_2_ws/install/table_order_interface/share/table_order_interface/environment/ament_prefix_path.sh
[0.905s] -- Up-to-date: /home/psb/rokey_c_2_ws/install/table_order_interface/share/table_order_interface/environment/ament_prefix_path.dsv
[0.905s] -- Up-to-date: /home/psb/rokey_c_2_ws/install/table_order_interface/share/table_order_interface/environment/path.sh
[0.905s] -- Up-to-date: /home/psb/rokey_c_2_ws/install/table_order_interface/share/table_order_interface/environment/path.dsv
[0.905s] -- Up-to-date: /home/psb/rokey_c_2_ws/install/table_order_interface/share/table_order_interface/local_setup.bash
[0.905s] -- Up-to-date: /home/psb/rokey_c_2_ws/install/table_order_interface/share/table_order_interface/local_setup.sh
[0.905s] -- Up-to-date: /home/psb/rokey_c_2_ws/install/table_order_interface/share/table_order_interface/local_setup.zsh
[0.906s] -- Up-to-date: /home/psb/rokey_c_2_ws/install/table_order_interface/share/table_order_interface/local_setup.dsv
[0.906s] -- Installing: /home/psb/rokey_c_2_ws/install/table_order_interface/share/table_order_interface/package.dsv
[0.906s] -- Up-to-date: /home/psb/rokey_c_2_ws/install/table_order_interface/share/ament_index/resource_index/packages/table_order_interface
[0.906s] -- Up-to-date: /home/psb/rokey_c_2_ws/install/table_order_interface/share/table_order_interface/cmake/export_table_order_interface__rosidl_generator_cExport.cmake
[0.906s] -- Up-to-date: /home/psb/rokey_c_2_ws/install/table_order_interface/share/table_order_interface/cmake/export_table_order_interface__rosidl_generator_cExport-noconfig.cmake
[0.906s] -- Up-to-date: /home/psb/rokey_c_2_ws/install/table_order_interface/share/table_order_interface/cmake/export_table_order_interface__rosidl_typesupport_fastrtps_cExport.cmake
[0.906s] -- Up-to-date: /home/psb/rokey_c_2_ws/install/table_order_interface/share/table_order_interface/cmake/export_table_order_interface__rosidl_typesupport_fastrtps_cExport-noconfig.cmake
[0.907s] -- Up-to-date: /home/psb/rokey_c_2_ws/install/table_order_interface/share/table_order_interface/cmake/export_table_order_interface__rosidl_generator_cppExport.cmake
[0.907s] -- Up-to-date: /home/psb/rokey_c_2_ws/install/table_order_interface/share/table_order_interface/cmake/export_table_order_interface__rosidl_typesupport_fastrtps_cppExport.cmake
[0.907s] -- Up-to-date: /home/psb/rokey_c_2_ws/install/table_order_interface/share/table_order_interface/cmake/export_table_order_interface__rosidl_typesupport_fastrtps_cppExport-noconfig.cmake
[0.907s] -- Up-to-date: /home/psb/rokey_c_2_ws/install/table_order_interface/share/table_order_interface/cmake/table_order_interface__rosidl_typesupport_introspection_cExport.cmake
[0.907s] -- Up-to-date: /home/psb/rokey_c_2_ws/install/table_order_interface/share/table_order_interface/cmake/table_order_interface__rosidl_typesupport_introspection_cExport-noconfig.cmake
[0.907s] -- Up-to-date: /home/psb/rokey_c_2_ws/install/table_order_interface/share/table_order_interface/cmake/table_order_interface__rosidl_typesupport_cExport.cmake
[0.907s] -- Up-to-date: /home/psb/rokey_c_2_ws/install/table_order_interface/share/table_order_interface/cmake/table_order_interface__rosidl_typesupport_cExport-noconfig.cmake
[0.908s] -- Up-to-date: /home/psb/rokey_c_2_ws/install/table_order_interface/share/table_order_interface/cmake/table_order_interface__rosidl_typesupport_introspection_cppExport.cmake
[0.908s] -- Up-to-date: /home/psb/rokey_c_2_ws/install/table_order_interface/share/table_order_interface/cmake/table_order_interface__rosidl_typesupport_introspection_cppExport-noconfig.cmake
[0.908s] -- Up-to-date: /home/psb/rokey_c_2_ws/install/table_order_interface/share/table_order_interface/cmake/table_order_interface__rosidl_typesupport_cppExport.cmake
[0.908s] -- Up-to-date: /home/psb/rokey_c_2_ws/install/table_order_interface/share/table_order_interface/cmake/table_order_interface__rosidl_typesupport_cppExport-noconfig.cmake
[0.908s] -- Up-to-date: /home/psb/rokey_c_2_ws/install/table_order_interface/share/table_order_interface/cmake/export_table_order_interface__rosidl_generator_pyExport.cmake
[0.908s] -- Up-to-date: /home/psb/rokey_c_2_ws/install/table_order_interface/share/table_order_interface/cmake/export_table_order_interface__rosidl_generator_pyExport-noconfig.cmake
[0.908s] -- Up-to-date: /home/psb/rokey_c_2_ws/install/table_order_interface/share/table_order_interface/cmake/rosidl_cmake-extras.cmake
[0.909s] -- Up-to-date: /home/psb/rokey_c_2_ws/install/table_order_interface/share/table_order_interface/cmake/ament_cmake_export_dependencies-extras.cmake
[0.909s] -- Up-to-date: /home/psb/rokey_c_2_ws/install/table_order_interface/share/table_order_interface/cmake/ament_cmake_export_include_directories-extras.cmake
[0.909s] -- Up-to-date: /home/psb/rokey_c_2_ws/install/table_order_interface/share/table_order_interface/cmake/ament_cmake_export_libraries-extras.cmake
[0.909s] -- Up-to-date: /home/psb/rokey_c_2_ws/install/table_order_interface/share/table_order_interface/cmake/ament_cmake_export_targets-extras.cmake
[0.909s] -- Up-to-date: /home/psb/rokey_c_2_ws/install/table_order_interface/share/table_order_interface/cmake/rosidl_cmake_export_typesupport_targets-extras.cmake
[0.909s] -- Up-to-date: /home/psb/rokey_c_2_ws/install/table_order_interface/share/table_order_interface/cmake/rosidl_cmake_export_typesupport_libraries-extras.cmake
[0.909s] -- Up-to-date: /home/psb/rokey_c_2_ws/install/table_order_interface/share/table_order_interface/cmake/table_order_interfaceConfig.cmake
[0.910s] -- Up-to-date: /home/psb/rokey_c_2_ws/install/table_order_interface/share/table_order_interface/cmake/table_order_interfaceConfig-version.cmake
[0.910s] -- Up-to-date: /home/psb/rokey_c_2_ws/install/table_order_interface/share/table_order_interface/package.xml
[0.910s] Invoked command in '/home/psb/rokey_c_2_ws/build/table_order_interface' returned '0': CMAKE_PREFIX_PATH=${CMAKE_PREFIX_PATH}:/home/psb/rokey_c_2_ws/install/turtlebot3_gui:/home/psb/rokey_c_2_ws/install/table_order:/home/psb/rokey_c_2_ws/install/serving_robot:/home/psb/rokey_c_2_ws/install/database:/home/psb/rokey_c_2_ws/install/c2_turtle_order_package:/home/psb/turtlebot3_ws/install/turtlebot3_teleop:/home/psb/turtlebot3_ws/install/turtlebot3_example:/opt/ros/humble /usr/bin/cmake --install /home/psb/rokey_c_2_ws/build/table_order_interface
