[0.019s] Invoking command in '/home/g1/rokey_c2_ws/build/c2_turtle_interface': CMAKE_PREFIX_PATH=${CMAKE_PREFIX_PATH}:/home/g1/rokey_c2_ws/install/jiwon:/home/g1/rokey_c2_ws/install/c2_turtle_order_package:/opt/ros/humble /usr/bin/cmake /home/g1/rokey_c2_ws/src/c2_turtle_interface -DAMENT_CMAKE_SYMLINK_INSTALL=1 -DCMAKE_INSTALL_PREFIX=/home/g1/rokey_c2_ws/install/c2_turtle_interface
[0.361s] -- Found ament_cmake: 1.3.10 (/opt/ros/humble/share/ament_cmake/cmake)
[0.361s] -- Override CMake install command with custom implementation using symlinks instead of copying resources
[0.361s] -- Found rosidl_default_generators: 1.2.0 (/opt/ros/humble/share/rosidl_default_generators/cmake)
[0.361s] -- Using all available rosidl_typesupport_c: rosidl_typesupport_fastrtps_c;rosidl_typesupport_introspection_c
[0.361s] -- Found rosidl_adapter: 3.1.5 (/opt/ros/humble/share/rosidl_adapter/cmake)
[0.362s] -- Using all available rosidl_typesupport_cpp: rosidl_typesupport_fastrtps_cpp;rosidl_typesupport_introspection_cpp
[0.510s] -- Found ament_cmake_ros: 0.10.0 (/opt/ros/humble/share/ament_cmake_ros/cmake)
[0.682s] -- Using all available rosidl_typesupport_c: rosidl_typesupport_fastrtps_c;rosidl_typesupport_introspection_c
[0.915s] -- Using all available rosidl_typesupport_cpp: rosidl_typesupport_fastrtps_cpp;rosidl_typesupport_introspection_cpp
[0.937s] -- Found PythonInterp: /usr/bin/python3 (found suitable version "3.10.12", minimum required is "3.6") 
[0.939s] -- Found python_cmake_module: 0.10.0 (/opt/ros/humble/share/python_cmake_module/cmake)
[0.963s] -- Found PythonLibs: /usr/lib/x86_64-linux-gnu/libpython3.10.so (found suitable version "3.10.12", minimum required is "3.5") 
[0.963s] -- Using PYTHON_EXECUTABLE: /usr/bin/python3
[0.964s] -- Using PYTHON_INCLUDE_DIRS: /usr/include/python3.10
[0.964s] -- Using PYTHON_LIBRARIES: /usr/lib/x86_64-linux-gnu/libpython3.10.so
[0.983s] -- Found PythonExtra: .so  
[1.015s] -- Found ament_lint_auto: 0.12.11 (/opt/ros/humble/share/ament_lint_auto/cmake)
[1.034s] -- Added test 'lint_cmake' to check CMake code style
[1.034s] -- Added test 'xmllint' to check XML markup files
[1.038s] -- Configuring done
[1.063s] -- Generating done
[1.065s] -- Build files have been written to: /home/g1/rokey_c2_ws/build/c2_turtle_interface
[1.071s] Invoked command in '/home/g1/rokey_c2_ws/build/c2_turtle_interface' returned '0': CMAKE_PREFIX_PATH=${CMAKE_PREFIX_PATH}:/home/g1/rokey_c2_ws/install/jiwon:/home/g1/rokey_c2_ws/install/c2_turtle_order_package:/opt/ros/humble /usr/bin/cmake /home/g1/rokey_c2_ws/src/c2_turtle_interface -DAMENT_CMAKE_SYMLINK_INSTALL=1 -DCMAKE_INSTALL_PREFIX=/home/g1/rokey_c2_ws/install/c2_turtle_interface
[1.074s] Invoking command in '/home/g1/rokey_c2_ws/build/c2_turtle_interface': CMAKE_PREFIX_PATH=${CMAKE_PREFIX_PATH}:/home/g1/rokey_c2_ws/install/jiwon:/home/g1/rokey_c2_ws/install/c2_turtle_order_package:/opt/ros/humble /usr/bin/cmake --build /home/g1/rokey_c2_ws/build/c2_turtle_interface -- -j8 -l8
[1.110s] [  2%] [34m[1mGenerating C code for ROS interfaces[0m
[1.131s] [  5%] [34m[1mGenerating C++ code for ROS interfaces[0m
[1.131s] [  5%] Built target ament_cmake_python_symlink_c2_turtle_interface
[1.537s] running egg_info
[1.537s] creating c2_turtle_interface.egg-info
[1.538s] writing c2_turtle_interface.egg-info/PKG-INFO
[1.538s] writing dependency_links to c2_turtle_interface.egg-info/dependency_links.txt
[1.538s] writing top-level names to c2_turtle_interface.egg-info/top_level.txt
[1.538s] writing manifest file 'c2_turtle_interface.egg-info/SOURCES.txt'
[1.541s] reading manifest file 'c2_turtle_interface.egg-info/SOURCES.txt'
[1.541s] writing manifest file 'c2_turtle_interface.egg-info/SOURCES.txt'
[1.567s] [  5%] Built target ament_cmake_python_build_c2_turtle_interface_egg
[1.708s] [  5%] Built target c2_turtle_interface__cpp
[1.720s] [  7%] [34m[1mGenerating C++ type support for eProsima Fast-RTPS[0m
[1.720s] [ 10%] [34m[1mGenerating C++ introspection for ROS interfaces[0m
[1.723s] [ 12%] [34m[1mGenerating C++ type support dispatch for ROS interfaces[0m
[1.727s] [ 17%] [32mBuilding C object CMakeFiles/c2_turtle_interface__rosidl_generator_c.dir/rosidl_generator_c/c2_turtle_interface/srv/detail/get_total_sales__functions.c.o[0m
[1.727s] [ 17%] [32mBuilding C object CMakeFiles/c2_turtle_interface__rosidl_generator_c.dir/rosidl_generator_c/c2_turtle_interface/srv/detail/order__functions.c.o[0m
[1.803s] [ 20%] [32m[1mLinking C shared library libc2_turtle_interface__rosidl_generator_c.so[0m
[1.846s] [ 20%] Built target c2_turtle_interface__rosidl_generator_c
[1.858s] [ 23%] [34m[1mGenerating C type support for eProsima Fast-RTPS[0m
[1.858s] [ 25%] [34m[1mGenerating C type support dispatch for ROS interfaces[0m
[1.858s] [ 28%] [34m[1mGenerating C introspection for ROS interfaces[0m
[2.209s] [ 33%] [32mBuilding CXX object CMakeFiles/c2_turtle_interface__rosidl_typesupport_cpp.dir/rosidl_typesupport_cpp/c2_turtle_interface/srv/order__type_support.cpp.o[0m
[2.209s] [ 33%] [32mBuilding CXX object CMakeFiles/c2_turtle_interface__rosidl_typesupport_cpp.dir/rosidl_typesupport_cpp/c2_turtle_interface/srv/get_total_sales__type_support.cpp.o[0m
[2.369s] [ 35%] [32mBuilding CXX object CMakeFiles/c2_turtle_interface__rosidl_typesupport_introspection_cpp.dir/rosidl_typesupport_introspection_cpp/c2_turtle_interface/srv/detail/get_total_sales__type_support.cpp.o[0m
[2.374s] [ 38%] [32mBuilding CXX object CMakeFiles/c2_turtle_interface__rosidl_typesupport_introspection_cpp.dir/rosidl_typesupport_introspection_cpp/c2_turtle_interface/srv/detail/order__type_support.cpp.o[0m
[2.434s] [ 41%] [32mBuilding CXX object CMakeFiles/c2_turtle_interface__rosidl_typesupport_fastrtps_cpp.dir/rosidl_typesupport_fastrtps_cpp/c2_turtle_interface/srv/detail/dds_fastrtps/order__type_support.cpp.o[0m
[2.445s] [ 43%] [32mBuilding CXX object CMakeFiles/c2_turtle_interface__rosidl_typesupport_c.dir/rosidl_typesupport_c/c2_turtle_interface/srv/order__type_support.cpp.o[0m
[2.526s] [ 46%] [32mBuilding CXX object CMakeFiles/c2_turtle_interface__rosidl_typesupport_c.dir/rosidl_typesupport_c/c2_turtle_interface/srv/get_total_sales__type_support.cpp.o[0m
[2.554s] [ 48%] [32mBuilding CXX object CMakeFiles/c2_turtle_interface__rosidl_typesupport_fastrtps_c.dir/rosidl_typesupport_fastrtps_c/c2_turtle_interface/srv/detail/order__type_support_c.cpp.o[0m
[2.585s] [ 51%] [32mBuilding C object CMakeFiles/c2_turtle_interface__rosidl_typesupport_introspection_c.dir/rosidl_typesupport_introspection_c/c2_turtle_interface/srv/detail/order__type_support.c.o[0m
[2.596s] [ 53%] [32m[1mLinking CXX shared library libc2_turtle_interface__rosidl_typesupport_c.so[0m
[2.660s] [ 53%] Built target c2_turtle_interface__rosidl_typesupport_c
[2.687s] [ 56%] [32mBuilding C object CMakeFiles/c2_turtle_interface__rosidl_typesupport_introspection_c.dir/rosidl_typesupport_introspection_c/c2_turtle_interface/srv/detail/get_total_sales__type_support.c.o[0m
[2.689s] [ 58%] [32mBuilding CXX object CMakeFiles/c2_turtle_interface__rosidl_typesupport_fastrtps_c.dir/rosidl_typesupport_fastrtps_c/c2_turtle_interface/srv/detail/get_total_sales__type_support_c.cpp.o[0m
[2.736s] [ 61%] [32mBuilding CXX object CMakeFiles/c2_turtle_interface__rosidl_typesupport_fastrtps_cpp.dir/rosidl_typesupport_fastrtps_cpp/c2_turtle_interface/srv/detail/dds_fastrtps/get_total_sales__type_support.cpp.o[0m
[2.769s] [ 64%] [32m[1mLinking C shared library libc2_turtle_interface__rosidl_typesupport_introspection_c.so[0m
[2.853s] [ 66%] [32m[1mLinking CXX shared library libc2_turtle_interface__rosidl_typesupport_cpp.so[0m
[2.865s] [ 66%] Built target c2_turtle_interface__rosidl_typesupport_introspection_c
[2.926s] [ 66%] Built target c2_turtle_interface__rosidl_typesupport_cpp
[3.128s] [ 69%] [32m[1mLinking CXX shared library libc2_turtle_interface__rosidl_typesupport_introspection_cpp.so[0m
[3.198s] [ 69%] Built target c2_turtle_interface__rosidl_typesupport_introspection_cpp
[3.282s] [ 71%] [32m[1mLinking CXX shared library libc2_turtle_interface__rosidl_typesupport_fastrtps_c.so[0m
[3.320s] [ 74%] [32m[1mLinking CXX shared library libc2_turtle_interface__rosidl_typesupport_fastrtps_cpp.so[0m
[3.370s] [ 74%] Built target c2_turtle_interface__rosidl_typesupport_fastrtps_c
[3.399s] [ 74%] Built target c2_turtle_interface__rosidl_typesupport_fastrtps_cpp
[3.415s] [ 74%] Built target c2_turtle_interface
[3.432s] [ 76%] [34m[1mGenerating Python code for ROS interfaces[0m
[3.975s] [ 76%] Built target c2_turtle_interface__py
[3.991s] [ 82%] [32mBuilding C object CMakeFiles/c2_turtle_interface__rosidl_generator_py.dir/rosidl_generator_py/c2_turtle_interface/srv/_get_total_sales_s.c.o[0m
[3.991s] [ 82%] [32mBuilding C object CMakeFiles/c2_turtle_interface__rosidl_generator_py.dir/rosidl_generator_py/c2_turtle_interface/srv/_order_s.c.o[0m
[4.084s] [ 84%] [32m[1mLinking C shared library rosidl_generator_py/c2_turtle_interface/libc2_turtle_interface__rosidl_generator_py.so[0m
[4.115s] [ 84%] Built target c2_turtle_interface__rosidl_generator_py
[4.131s] [ 92%] [32mBuilding C object CMakeFiles/c2_turtle_interface__rosidl_typesupport_introspection_c__pyext.dir/rosidl_generator_py/c2_turtle_interface/_c2_turtle_interface_s.ep.rosidl_typesupport_introspection_c.c.o[0m
[4.131s] [ 92%] [32mBuilding C object CMakeFiles/c2_turtle_interface__rosidl_typesupport_fastrtps_c__pyext.dir/rosidl_generator_py/c2_turtle_interface/_c2_turtle_interface_s.ep.rosidl_typesupport_fastrtps_c.c.o[0m
[4.131s] [ 92%] [32mBuilding C object CMakeFiles/c2_turtle_interface__rosidl_typesupport_c__pyext.dir/rosidl_generator_py/c2_turtle_interface/_c2_turtle_interface_s.ep.rosidl_typesupport_c.c.o[0m
[4.220s] [ 94%] [32m[1mLinking C shared library rosidl_generator_py/c2_turtle_interface/c2_turtle_interface_s__rosidl_typesupport_c.cpython-310-x86_64-linux-gnu.so[0m
[4.224s] [ 97%] [32m[1mLinking C shared library rosidl_generator_py/c2_turtle_interface/c2_turtle_interface_s__rosidl_typesupport_fastrtps_c.cpython-310-x86_64-linux-gnu.so[0m
[4.225s] [100%] [32m[1mLinking C shared library rosidl_generator_py/c2_turtle_interface/c2_turtle_interface_s__rosidl_typesupport_introspection_c.cpython-310-x86_64-linux-gnu.so[0m
[4.248s] [100%] Built target c2_turtle_interface__rosidl_typesupport_c__pyext
[4.252s] [100%] Built target c2_turtle_interface__rosidl_typesupport_fastrtps_c__pyext
[4.254s] [100%] Built target c2_turtle_interface__rosidl_typesupport_introspection_c__pyext
[4.266s] Invoked command in '/home/g1/rokey_c2_ws/build/c2_turtle_interface' returned '0': CMAKE_PREFIX_PATH=${CMAKE_PREFIX_PATH}:/home/g1/rokey_c2_ws/install/jiwon:/home/g1/rokey_c2_ws/install/c2_turtle_order_package:/opt/ros/humble /usr/bin/cmake --build /home/g1/rokey_c2_ws/build/c2_turtle_interface -- -j8 -l8
[4.326s] Invoking command in '/home/g1/rokey_c2_ws/build/c2_turtle_interface': CMAKE_PREFIX_PATH=${CMAKE_PREFIX_PATH}:/home/g1/rokey_c2_ws/install/jiwon:/home/g1/rokey_c2_ws/install/c2_turtle_order_package:/opt/ros/humble /usr/bin/cmake --install /home/g1/rokey_c2_ws/build/c2_turtle_interface
[4.332s] -- Install configuration: ""
[4.333s] -- Execute custom install script
[4.333s] -- Symlinking: /home/g1/rokey_c2_ws/install/c2_turtle_interface/share/ament_index/resource_index/rosidl_interfaces/c2_turtle_interface
[4.340s] -- Symlinking: /home/g1/rokey_c2_ws/install/c2_turtle_interface/include/c2_turtle_interface/c2_turtle_interface/msg/rosidl_generator_c__visibility_control.h
[4.348s] -- Symlinking: /home/g1/rokey_c2_ws/install/c2_turtle_interface/include/c2_turtle_interface/c2_turtle_interface/srv/detail/get_total_sales__functions.h
[4.356s] -- Symlinking: /home/g1/rokey_c2_ws/install/c2_turtle_interface/include/c2_turtle_interface/c2_turtle_interface/srv/detail/get_total_sales__struct.h
[4.364s] -- Symlinking: /home/g1/rokey_c2_ws/install/c2_turtle_interface/include/c2_turtle_interface/c2_turtle_interface/srv/detail/get_total_sales__type_support.h
[4.372s] -- Symlinking: /home/g1/rokey_c2_ws/install/c2_turtle_interface/include/c2_turtle_interface/c2_turtle_interface/srv/detail/order__functions.h
[4.378s] -- Symlinking: /home/g1/rokey_c2_ws/install/c2_turtle_interface/include/c2_turtle_interface/c2_turtle_interface/srv/detail/order__struct.h
[4.385s] -- Symlinking: /home/g1/rokey_c2_ws/install/c2_turtle_interface/include/c2_turtle_interface/c2_turtle_interface/srv/detail/order__type_support.h
[4.392s] -- Symlinking: /home/g1/rokey_c2_ws/install/c2_turtle_interface/include/c2_turtle_interface/c2_turtle_interface/srv/get_total_sales.h
[4.399s] -- Symlinking: /home/g1/rokey_c2_ws/install/c2_turtle_interface/include/c2_turtle_interface/c2_turtle_interface/srv/order.h
[4.407s] -- Symlinking: /home/g1/rokey_c2_ws/install/c2_turtle_interface/share/c2_turtle_interface/environment/library_path.sh
[4.413s] -- Symlinking: /home/g1/rokey_c2_ws/install/c2_turtle_interface/share/c2_turtle_interface/environment/library_path.dsv
[4.421s] -- Symlinking: /home/g1/rokey_c2_ws/install/c2_turtle_interface/include/c2_turtle_interface/c2_turtle_interface/msg/rosidl_typesupport_fastrtps_c__visibility_control.h
[4.427s] -- Symlinking: /home/g1/rokey_c2_ws/install/c2_turtle_interface/include/c2_turtle_interface/c2_turtle_interface/srv/detail/get_total_sales__rosidl_typesupport_fastrtps_c.h
[4.434s] -- Symlinking: /home/g1/rokey_c2_ws/install/c2_turtle_interface/include/c2_turtle_interface/c2_turtle_interface/srv/detail/order__rosidl_typesupport_fastrtps_c.h
[4.442s] -- Symlinking: /home/g1/rokey_c2_ws/install/c2_turtle_interface/include/c2_turtle_interface/c2_turtle_interface/msg/rosidl_typesupport_introspection_c__visibility_control.h
[4.449s] -- Symlinking: /home/g1/rokey_c2_ws/install/c2_turtle_interface/include/c2_turtle_interface/c2_turtle_interface/srv/detail/get_total_sales__rosidl_typesupport_introspection_c.h
[4.457s] -- Symlinking: /home/g1/rokey_c2_ws/install/c2_turtle_interface/include/c2_turtle_interface/c2_turtle_interface/srv/detail/order__rosidl_typesupport_introspection_c.h
[4.465s] -- Symlinking: /home/g1/rokey_c2_ws/install/c2_turtle_interface/include/c2_turtle_interface/c2_turtle_interface/srv/detail/get_total_sales__builder.hpp
[4.472s] -- Symlinking: /home/g1/rokey_c2_ws/install/c2_turtle_interface/include/c2_turtle_interface/c2_turtle_interface/srv/detail/get_total_sales__struct.hpp
[4.479s] -- Symlinking: /home/g1/rokey_c2_ws/install/c2_turtle_interface/include/c2_turtle_interface/c2_turtle_interface/srv/detail/get_total_sales__traits.hpp
[4.486s] -- Symlinking: /home/g1/rokey_c2_ws/install/c2_turtle_interface/include/c2_turtle_interface/c2_turtle_interface/srv/detail/order__builder.hpp
[4.493s] -- Symlinking: /home/g1/rokey_c2_ws/install/c2_turtle_interface/include/c2_turtle_interface/c2_turtle_interface/srv/detail/order__struct.hpp
[4.500s] -- Symlinking: /home/g1/rokey_c2_ws/install/c2_turtle_interface/include/c2_turtle_interface/c2_turtle_interface/srv/detail/order__traits.hpp
[4.507s] -- Symlinking: /home/g1/rokey_c2_ws/install/c2_turtle_interface/include/c2_turtle_interface/c2_turtle_interface/srv/get_total_sales.hpp
[4.514s] -- Symlinking: /home/g1/rokey_c2_ws/install/c2_turtle_interface/include/c2_turtle_interface/c2_turtle_interface/srv/order.hpp
[4.521s] -- Symlinking: /home/g1/rokey_c2_ws/install/c2_turtle_interface/include/c2_turtle_interface/c2_turtle_interface/msg/rosidl_typesupport_fastrtps_cpp__visibility_control.h
[4.528s] -- Symlinking: /home/g1/rokey_c2_ws/install/c2_turtle_interface/include/c2_turtle_interface/c2_turtle_interface/srv/detail/get_total_sales__rosidl_typesupport_fastrtps_cpp.hpp
[4.535s] -- Symlinking: /home/g1/rokey_c2_ws/install/c2_turtle_interface/include/c2_turtle_interface/c2_turtle_interface/srv/detail/order__rosidl_typesupport_fastrtps_cpp.hpp
[4.542s] -- Symlinking: /home/g1/rokey_c2_ws/install/c2_turtle_interface/include/c2_turtle_interface/c2_turtle_interface/srv/detail/get_total_sales__rosidl_typesupport_introspection_cpp.hpp
[4.549s] -- Symlinking: /home/g1/rokey_c2_ws/install/c2_turtle_interface/include/c2_turtle_interface/c2_turtle_interface/srv/detail/order__rosidl_typesupport_introspection_cpp.hpp
[4.557s] -- Symlinking: /home/g1/rokey_c2_ws/install/c2_turtle_interface/share/c2_turtle_interface/environment/pythonpath.sh
[4.565s] -- Symlinking: /home/g1/rokey_c2_ws/install/c2_turtle_interface/share/c2_turtle_interface/environment/pythonpath.dsv
[4.572s] -- Symlinking: /home/g1/rokey_c2_ws/install/c2_turtle_interface/local/lib/python3.10/dist-packages/c2_turtle_interface-0.0.0-py3.10.egg-info/PKG-INFO
[4.580s] -- Symlinking: /home/g1/rokey_c2_ws/install/c2_turtle_interface/local/lib/python3.10/dist-packages/c2_turtle_interface-0.0.0-py3.10.egg-info/SOURCES.txt
[4.587s] -- Symlinking: /home/g1/rokey_c2_ws/install/c2_turtle_interface/local/lib/python3.10/dist-packages/c2_turtle_interface-0.0.0-py3.10.egg-info/dependency_links.txt
[4.594s] -- Symlinking: /home/g1/rokey_c2_ws/install/c2_turtle_interface/local/lib/python3.10/dist-packages/c2_turtle_interface-0.0.0-py3.10.egg-info/top_level.txt
[4.601s] -- Symlinking: /home/g1/rokey_c2_ws/install/c2_turtle_interface/local/lib/python3.10/dist-packages/c2_turtle_interface/__init__.py
[4.608s] -- Symlinking: /home/g1/rokey_c2_ws/install/c2_turtle_interface/local/lib/python3.10/dist-packages/c2_turtle_interface/_c2_turtle_interface_s.ep.rosidl_typesupport_c.c
[4.615s] -- Symlinking: /home/g1/rokey_c2_ws/install/c2_turtle_interface/local/lib/python3.10/dist-packages/c2_turtle_interface/_c2_turtle_interface_s.ep.rosidl_typesupport_fastrtps_c.c
[4.622s] -- Symlinking: /home/g1/rokey_c2_ws/install/c2_turtle_interface/local/lib/python3.10/dist-packages/c2_turtle_interface/_c2_turtle_interface_s.ep.rosidl_typesupport_introspection_c.c
[4.629s] -- Symlinking: /home/g1/rokey_c2_ws/install/c2_turtle_interface/local/lib/python3.10/dist-packages/c2_turtle_interface/c2_turtle_interface_s__rosidl_typesupport_c.cpython-310-x86_64-linux-gnu.so
[4.636s] -- Symlinking: /home/g1/rokey_c2_ws/install/c2_turtle_interface/local/lib/python3.10/dist-packages/c2_turtle_interface/c2_turtle_interface_s__rosidl_typesupport_fastrtps_c.cpython-310-x86_64-linux-gnu.so
[4.643s] -- Symlinking: /home/g1/rokey_c2_ws/install/c2_turtle_interface/local/lib/python3.10/dist-packages/c2_turtle_interface/c2_turtle_interface_s__rosidl_typesupport_introspection_c.cpython-310-x86_64-linux-gnu.so
[4.651s] -- Symlinking: /home/g1/rokey_c2_ws/install/c2_turtle_interface/local/lib/python3.10/dist-packages/c2_turtle_interface/libc2_turtle_interface__rosidl_generator_py.so
[4.659s] -- Symlinking: /home/g1/rokey_c2_ws/install/c2_turtle_interface/local/lib/python3.10/dist-packages/c2_turtle_interface/srv/__init__.py
[4.667s] -- Symlinking: /home/g1/rokey_c2_ws/install/c2_turtle_interface/local/lib/python3.10/dist-packages/c2_turtle_interface/srv/_get_total_sales.py
[4.674s] -- Symlinking: /home/g1/rokey_c2_ws/install/c2_turtle_interface/local/lib/python3.10/dist-packages/c2_turtle_interface/srv/_get_total_sales_s.c
[4.681s] -- Symlinking: /home/g1/rokey_c2_ws/install/c2_turtle_interface/local/lib/python3.10/dist-packages/c2_turtle_interface/srv/_order.py
[4.688s] -- Symlinking: /home/g1/rokey_c2_ws/install/c2_turtle_interface/local/lib/python3.10/dist-packages/c2_turtle_interface/srv/_order_s.c
[4.695s] -- Up-to-date symlink: /home/g1/rokey_c2_ws/install/c2_turtle_interface/local/lib/python3.10/dist-packages/c2_turtle_interface/c2_turtle_interface_s__rosidl_typesupport_fastrtps_c.cpython-310-x86_64-linux-gnu.so
[4.695s] -- Up-to-date symlink: /home/g1/rokey_c2_ws/install/c2_turtle_interface/local/lib/python3.10/dist-packages/c2_turtle_interface/c2_turtle_interface_s__rosidl_typesupport_introspection_c.cpython-310-x86_64-linux-gnu.so
[4.696s] -- Up-to-date symlink: /home/g1/rokey_c2_ws/install/c2_turtle_interface/local/lib/python3.10/dist-packages/c2_turtle_interface/c2_turtle_interface_s__rosidl_typesupport_c.cpython-310-x86_64-linux-gnu.so
[4.696s] -- Symlinking: /home/g1/rokey_c2_ws/install/c2_turtle_interface/share/c2_turtle_interface/srv/Order.idl
[4.703s] -- Symlinking: /home/g1/rokey_c2_ws/install/c2_turtle_interface/share/c2_turtle_interface/srv/GetTotalSales.idl
[4.710s] -- Symlinking: /home/g1/rokey_c2_ws/install/c2_turtle_interface/share/c2_turtle_interface/srv/Order.srv
[4.717s] -- Symlinking: /home/g1/rokey_c2_ws/install/c2_turtle_interface/share/c2_turtle_interface/srv/Order_Request.msg
[4.724s] -- Symlinking: /home/g1/rokey_c2_ws/install/c2_turtle_interface/share/c2_turtle_interface/srv/Order_Response.msg
[4.731s] -- Symlinking: /home/g1/rokey_c2_ws/install/c2_turtle_interface/share/c2_turtle_interface/srv/GetTotalSales.srv
[4.738s] -- Symlinking: /home/g1/rokey_c2_ws/install/c2_turtle_interface/share/c2_turtle_interface/srv/GetTotalSales_Request.msg
[4.745s] -- Symlinking: /home/g1/rokey_c2_ws/install/c2_turtle_interface/share/c2_turtle_interface/srv/GetTotalSales_Response.msg
[4.753s] -- Symlinking: /home/g1/rokey_c2_ws/install/c2_turtle_interface/share/ament_index/resource_index/package_run_dependencies/c2_turtle_interface
[4.761s] -- Symlinking: /home/g1/rokey_c2_ws/install/c2_turtle_interface/share/ament_index/resource_index/parent_prefix_path/c2_turtle_interface
[4.769s] -- Symlinking: /home/g1/rokey_c2_ws/install/c2_turtle_interface/share/c2_turtle_interface/environment/ament_prefix_path.sh
[4.776s] -- Symlinking: /home/g1/rokey_c2_ws/install/c2_turtle_interface/share/c2_turtle_interface/environment/ament_prefix_path.dsv
[4.783s] -- Symlinking: /home/g1/rokey_c2_ws/install/c2_turtle_interface/share/c2_turtle_interface/environment/path.sh
[4.790s] -- Symlinking: /home/g1/rokey_c2_ws/install/c2_turtle_interface/share/c2_turtle_interface/environment/path.dsv
[4.797s] -- Symlinking: /home/g1/rokey_c2_ws/install/c2_turtle_interface/share/c2_turtle_interface/local_setup.bash
[4.804s] -- Symlinking: /home/g1/rokey_c2_ws/install/c2_turtle_interface/share/c2_turtle_interface/local_setup.sh
[4.811s] -- Symlinking: /home/g1/rokey_c2_ws/install/c2_turtle_interface/share/c2_turtle_interface/local_setup.zsh
[4.818s] -- Symlinking: /home/g1/rokey_c2_ws/install/c2_turtle_interface/share/c2_turtle_interface/local_setup.dsv
[4.826s] -- Symlinking: /home/g1/rokey_c2_ws/install/c2_turtle_interface/share/c2_turtle_interface/package.dsv
[4.833s] -- Symlinking: /home/g1/rokey_c2_ws/install/c2_turtle_interface/share/ament_index/resource_index/packages/c2_turtle_interface
[4.840s] -- Symlinking: /home/g1/rokey_c2_ws/install/c2_turtle_interface/share/c2_turtle_interface/cmake/rosidl_cmake-extras.cmake
[4.848s] -- Symlinking: /home/g1/rokey_c2_ws/install/c2_turtle_interface/share/c2_turtle_interface/cmake/ament_cmake_export_include_directories-extras.cmake
[4.855s] -- Symlinking: /home/g1/rokey_c2_ws/install/c2_turtle_interface/share/c2_turtle_interface/cmake/ament_cmake_export_libraries-extras.cmake
[4.864s] -- Symlinking: /home/g1/rokey_c2_ws/install/c2_turtle_interface/share/c2_turtle_interface/cmake/ament_cmake_export_targets-extras.cmake
[4.871s] -- Symlinking: /home/g1/rokey_c2_ws/install/c2_turtle_interface/share/c2_turtle_interface/cmake/rosidl_cmake_export_typesupport_targets-extras.cmake
[4.878s] -- Symlinking: /home/g1/rokey_c2_ws/install/c2_turtle_interface/share/c2_turtle_interface/cmake/ament_cmake_export_dependencies-extras.cmake
[4.885s] -- Symlinking: /home/g1/rokey_c2_ws/install/c2_turtle_interface/share/c2_turtle_interface/cmake/rosidl_cmake_export_typesupport_libraries-extras.cmake
[4.893s] -- Symlinking: /home/g1/rokey_c2_ws/install/c2_turtle_interface/share/c2_turtle_interface/cmake/c2_turtle_interfaceConfig.cmake
[4.900s] -- Symlinking: /home/g1/rokey_c2_ws/install/c2_turtle_interface/share/c2_turtle_interface/cmake/c2_turtle_interfaceConfig-version.cmake
[4.907s] -- Symlinking: /home/g1/rokey_c2_ws/install/c2_turtle_interface/share/c2_turtle_interface/package.xml
[4.914s] -- Installing: /home/g1/rokey_c2_ws/install/c2_turtle_interface/lib/libc2_turtle_interface__rosidl_generator_c.so
[4.914s] -- Set runtime path of "/home/g1/rokey_c2_ws/install/c2_turtle_interface/lib/libc2_turtle_interface__rosidl_generator_c.so" to ""
[4.914s] -- Installing: /home/g1/rokey_c2_ws/install/c2_turtle_interface/lib/libc2_turtle_interface__rosidl_typesupport_fastrtps_c.so
[4.914s] -- Set runtime path of "/home/g1/rokey_c2_ws/install/c2_turtle_interface/lib/libc2_turtle_interface__rosidl_typesupport_fastrtps_c.so" to ""
[4.915s] -- Installing: /home/g1/rokey_c2_ws/install/c2_turtle_interface/lib/libc2_turtle_interface__rosidl_typesupport_introspection_c.so
[4.915s] -- Set runtime path of "/home/g1/rokey_c2_ws/install/c2_turtle_interface/lib/libc2_turtle_interface__rosidl_typesupport_introspection_c.so" to ""
[4.915s] -- Installing: /home/g1/rokey_c2_ws/install/c2_turtle_interface/lib/libc2_turtle_interface__rosidl_typesupport_c.so
[4.915s] -- Set runtime path of "/home/g1/rokey_c2_ws/install/c2_turtle_interface/lib/libc2_turtle_interface__rosidl_typesupport_c.so" to ""
[4.915s] -- Installing: /home/g1/rokey_c2_ws/install/c2_turtle_interface/lib/libc2_turtle_interface__rosidl_typesupport_fastrtps_cpp.so
[4.916s] -- Set runtime path of "/home/g1/rokey_c2_ws/install/c2_turtle_interface/lib/libc2_turtle_interface__rosidl_typesupport_fastrtps_cpp.so" to ""
[4.916s] -- Installing: /home/g1/rokey_c2_ws/install/c2_turtle_interface/lib/libc2_turtle_interface__rosidl_typesupport_introspection_cpp.so
[4.916s] -- Set runtime path of "/home/g1/rokey_c2_ws/install/c2_turtle_interface/lib/libc2_turtle_interface__rosidl_typesupport_introspection_cpp.so" to ""
[4.916s] -- Installing: /home/g1/rokey_c2_ws/install/c2_turtle_interface/lib/libc2_turtle_interface__rosidl_typesupport_cpp.so
[4.917s] -- Set runtime path of "/home/g1/rokey_c2_ws/install/c2_turtle_interface/lib/libc2_turtle_interface__rosidl_typesupport_cpp.so" to ""
[4.952s] Listing '/home/g1/rokey_c2_ws/install/c2_turtle_interface/local/lib/python3.10/dist-packages/c2_turtle_interface'...
[4.952s] Compiling '/home/g1/rokey_c2_ws/install/c2_turtle_interface/local/lib/python3.10/dist-packages/c2_turtle_interface/__init__.py'...
[4.952s] Listing '/home/g1/rokey_c2_ws/install/c2_turtle_interface/local/lib/python3.10/dist-packages/c2_turtle_interface/srv'...
[4.952s] Compiling '/home/g1/rokey_c2_ws/install/c2_turtle_interface/local/lib/python3.10/dist-packages/c2_turtle_interface/srv/__init__.py'...
[4.952s] Compiling '/home/g1/rokey_c2_ws/install/c2_turtle_interface/local/lib/python3.10/dist-packages/c2_turtle_interface/srv/_get_total_sales.py'...
[4.952s] Compiling '/home/g1/rokey_c2_ws/install/c2_turtle_interface/local/lib/python3.10/dist-packages/c2_turtle_interface/srv/_order.py'...
[4.956s] -- Installing: /home/g1/rokey_c2_ws/install/c2_turtle_interface/lib/libc2_turtle_interface__rosidl_generator_py.so
[4.957s] -- Set runtime path of "/home/g1/rokey_c2_ws/install/c2_turtle_interface/lib/libc2_turtle_interface__rosidl_generator_py.so" to ""
[4.957s] -- Installing: /home/g1/rokey_c2_ws/install/c2_turtle_interface/share/c2_turtle_interface/cmake/export_c2_turtle_interface__rosidl_generator_cExport.cmake
[4.957s] -- Installing: /home/g1/rokey_c2_ws/install/c2_turtle_interface/share/c2_turtle_interface/cmake/export_c2_turtle_interface__rosidl_generator_cExport-noconfig.cmake
[4.957s] -- Installing: /home/g1/rokey_c2_ws/install/c2_turtle_interface/share/c2_turtle_interface/cmake/export_c2_turtle_interface__rosidl_typesupport_fastrtps_cExport.cmake
[4.958s] -- Installing: /home/g1/rokey_c2_ws/install/c2_turtle_interface/share/c2_turtle_interface/cmake/export_c2_turtle_interface__rosidl_typesupport_fastrtps_cExport-noconfig.cmake
[4.958s] -- Installing: /home/g1/rokey_c2_ws/install/c2_turtle_interface/share/c2_turtle_interface/cmake/c2_turtle_interface__rosidl_typesupport_introspection_cExport.cmake
[4.958s] -- Installing: /home/g1/rokey_c2_ws/install/c2_turtle_interface/share/c2_turtle_interface/cmake/c2_turtle_interface__rosidl_typesupport_introspection_cExport-noconfig.cmake
[4.958s] -- Installing: /home/g1/rokey_c2_ws/install/c2_turtle_interface/share/c2_turtle_interface/cmake/c2_turtle_interface__rosidl_typesupport_cExport.cmake
[4.958s] -- Installing: /home/g1/rokey_c2_ws/install/c2_turtle_interface/share/c2_turtle_interface/cmake/c2_turtle_interface__rosidl_typesupport_cExport-noconfig.cmake
[4.958s] -- Installing: /home/g1/rokey_c2_ws/install/c2_turtle_interface/share/c2_turtle_interface/cmake/export_c2_turtle_interface__rosidl_generator_cppExport.cmake
[4.959s] -- Installing: /home/g1/rokey_c2_ws/install/c2_turtle_interface/share/c2_turtle_interface/cmake/export_c2_turtle_interface__rosidl_typesupport_fastrtps_cppExport.cmake
[4.959s] -- Installing: /home/g1/rokey_c2_ws/install/c2_turtle_interface/share/c2_turtle_interface/cmake/export_c2_turtle_interface__rosidl_typesupport_fastrtps_cppExport-noconfig.cmake
[4.959s] -- Installing: /home/g1/rokey_c2_ws/install/c2_turtle_interface/share/c2_turtle_interface/cmake/c2_turtle_interface__rosidl_typesupport_introspection_cppExport.cmake
[4.959s] -- Installing: /home/g1/rokey_c2_ws/install/c2_turtle_interface/share/c2_turtle_interface/cmake/c2_turtle_interface__rosidl_typesupport_introspection_cppExport-noconfig.cmake
[4.959s] -- Installing: /home/g1/rokey_c2_ws/install/c2_turtle_interface/share/c2_turtle_interface/cmake/c2_turtle_interface__rosidl_typesupport_cppExport.cmake
[4.959s] -- Installing: /home/g1/rokey_c2_ws/install/c2_turtle_interface/share/c2_turtle_interface/cmake/c2_turtle_interface__rosidl_typesupport_cppExport-noconfig.cmake
[4.960s] -- Installing: /home/g1/rokey_c2_ws/install/c2_turtle_interface/share/c2_turtle_interface/cmake/export_c2_turtle_interface__rosidl_generator_pyExport.cmake
[4.960s] -- Installing: /home/g1/rokey_c2_ws/install/c2_turtle_interface/share/c2_turtle_interface/cmake/export_c2_turtle_interface__rosidl_generator_pyExport-noconfig.cmake
[4.963s] Invoked command in '/home/g1/rokey_c2_ws/build/c2_turtle_interface' returned '0': CMAKE_PREFIX_PATH=${CMAKE_PREFIX_PATH}:/home/g1/rokey_c2_ws/install/jiwon:/home/g1/rokey_c2_ws/install/c2_turtle_order_package:/opt/ros/humble /usr/bin/cmake --install /home/g1/rokey_c2_ws/build/c2_turtle_interface
