[1.613s] Invoking command in '/home/g1/rokey_c_2_ws/build/database': PYTHONPATH=/home/g1/rokey_c_2_ws/build/database/prefix_override:/usr/lib/python3/dist-packages/colcon_core/task/python/colcon_distutils_commands:/home/g1/rokey_c_2_ws/install/database/lib/python3.10/site-packages:${PYTHONPATH} /usr/bin/python3 -W ignore:setup.py install is deprecated setup.py develop --editable --build-directory /home/g1/rokey_c_2_ws/build/database/build --no-deps symlink_data
[1.981s] running develop
[2.398s] running egg_info
[2.401s] creating database.egg-info
[2.401s] writing database.egg-info/PKG-INFO
[2.401s] writing dependency_links to database.egg-info/dependency_links.txt
[2.401s] writing entry points to database.egg-info/entry_points.txt
[2.401s] writing requirements to database.egg-info/requires.txt
[2.401s] writing top-level names to database.egg-info/top_level.txt
[2.401s] writing manifest file 'database.egg-info/SOURCES.txt'
[2.405s] reading manifest file 'database.egg-info/SOURCES.txt'
[2.407s] writing manifest file 'database.egg-info/SOURCES.txt'
[2.413s] running build_ext
[2.413s] Creating /home/g1/rokey_c_2_ws/install/database/lib/python3.10/site-packages/database.egg-link (link to .)
[2.420s] Installing database_server script to /home/g1/rokey_c_2_ws/install/database/lib/database
[2.420s] Installing test_database_server script to /home/g1/rokey_c_2_ws/install/database/lib/database
[2.421s] 
[2.421s] Installed /home/g1/rokey_c_2_ws/build/database
[2.421s] running symlink_data
[2.421s] creating /home/g1/rokey_c_2_ws/install/database/share/ament_index
[2.421s] creating /home/g1/rokey_c_2_ws/install/database/share/ament_index/resource_index
[2.421s] creating /home/g1/rokey_c_2_ws/install/database/share/ament_index/resource_index/packages
[2.421s] symbolically linking /home/g1/rokey_c_2_ws/build/database/resource/database -> /home/g1/rokey_c_2_ws/install/database/share/ament_index/resource_index/packages
[2.421s] symbolically linking /home/g1/rokey_c_2_ws/build/database/package.xml -> /home/g1/rokey_c_2_ws/install/database/share/database
[2.507s] Invoked command in '/home/g1/rokey_c_2_ws/build/database' returned '0': PYTHONPATH=/home/g1/rokey_c_2_ws/build/database/prefix_override:/usr/lib/python3/dist-packages/colcon_core/task/python/colcon_distutils_commands:/home/g1/rokey_c_2_ws/install/database/lib/python3.10/site-packages:${PYTHONPATH} /usr/bin/python3 -W ignore:setup.py install is deprecated setup.py develop --editable --build-directory /home/g1/rokey_c_2_ws/build/database/build --no-deps symlink_data
