/home/psb/rokey_c_2_ws/install/table_order/lib/python3.10/site-packages/table_order/__init__.py
/home/psb/rokey_c_2_ws/install/table_order/lib/python3.10/site-packages/table_order/OrderTableCopy.py
/home/psb/rokey_c_2_ws/install/table_order/lib/python3.10/site-packages/table_order/ImageInsert.py
/home/psb/rokey_c_2_ws/install/table_order/lib/python3.10/site-packages/table_order/response_test.py
/home/psb/rokey_c_2_ws/install/table_order/lib/python3.10/site-packages/table_order/test_table_server.py
/home/psb/rokey_c_2_ws/install/table_order/lib/python3.10/site-packages/table_order/OrderTable.py
/home/psb/rokey_c_2_ws/install/table_order/lib/python3.10/site-packages/table_order/__pycache__/__init__.cpython-310.pyc
/home/psb/rokey_c_2_ws/install/table_order/lib/python3.10/site-packages/table_order/__pycache__/OrderTableCopy.cpython-310.pyc
/home/psb/rokey_c_2_ws/install/table_order/lib/python3.10/site-packages/table_order/__pycache__/ImageInsert.cpython-310.pyc
/home/psb/rokey_c_2_ws/install/table_order/lib/python3.10/site-packages/table_order/__pycache__/response_test.cpython-310.pyc
/home/psb/rokey_c_2_ws/install/table_order/lib/python3.10/site-packages/table_order/__pycache__/test_table_server.cpython-310.pyc
/home/psb/rokey_c_2_ws/install/table_order/lib/python3.10/site-packages/table_order/__pycache__/OrderTable.cpython-310.pyc
/home/psb/rokey_c_2_ws/install/table_order/share/ament_index/resource_index/packages/table_order
/home/psb/rokey_c_2_ws/install/table_order/share/table_order/package.xml
/home/psb/rokey_c_2_ws/install/table_order/lib/python3.10/site-packages/table_order-0.0.0-py3.10.egg-info/SOURCES.txt
/home/psb/rokey_c_2_ws/install/table_order/lib/python3.10/site-packages/table_order-0.0.0-py3.10.egg-info/zip-safe
/home/psb/rokey_c_2_ws/install/table_order/lib/python3.10/site-packages/table_order-0.0.0-py3.10.egg-info/top_level.txt
/home/psb/rokey_c_2_ws/install/table_order/lib/python3.10/site-packages/table_order-0.0.0-py3.10.egg-info/requires.txt
/home/psb/rokey_c_2_ws/install/table_order/lib/python3.10/site-packages/table_order-0.0.0-py3.10.egg-info/entry_points.txt
/home/psb/rokey_c_2_ws/install/table_order/lib/python3.10/site-packages/table_order-0.0.0-py3.10.egg-info/PKG-INFO
/home/psb/rokey_c_2_ws/install/table_order/lib/python3.10/site-packages/table_order-0.0.0-py3.10.egg-info/dependency_links.txt
/home/psb/rokey_c_2_ws/install/table_order/lib/table_order/response_test
/home/psb/rokey_c_2_ws/install/table_order/lib/table_order/table_order
/home/psb/rokey_c_2_ws/install/table_order/lib/table_order/table_order_copy
