running develop
Removing /home/love/turtlebot3_gui/install/turtlebot3_gui/lib/python3.10/site-packages/turtlebot3-gui.egg-link (link to .)
running egg_info
writing ../../build/turtlebot3_gui/turtlebot3_gui.egg-info/PKG-INFO
writing dependency_links to ../../build/turtlebot3_gui/turtlebot3_gui.egg-info/dependency_links.txt
writing entry points to ../../build/turtlebot3_gui/turtlebot3_gui.egg-info/entry_points.txt
writing requirements to ../../build/turtlebot3_gui/turtlebot3_gui.egg-info/requires.txt
writing top-level names to ../../build/turtlebot3_gui/turtlebot3_gui.egg-info/top_level.txt
reading manifest file '../../build/turtlebot3_gui/turtlebot3_gui.egg-info/SOURCES.txt'
writing manifest file '../../build/turtlebot3_gui/turtlebot3_gui.egg-info/SOURCES.txt'
running build
running build_py
creating /home/love/turtlebot3_gui/build/turtlebot3_gui/build
creating /home/love/turtlebot3_gui/build/turtlebot3_gui/build/lib
creating /home/love/turtlebot3_gui/build/turtlebot3_gui/build/lib/turtlebot3_gui
copying turtlebot3_gui/__init__.py -> /home/love/turtlebot3_gui/build/turtlebot3_gui/build/lib/turtlebot3_gui
copying turtlebot3_gui/turtlebot3_gui.py -> /home/love/turtlebot3_gui/build/turtlebot3_gui/build/lib/turtlebot3_gui
running install
running install_lib
creating /home/love/turtlebot3_gui/install/turtlebot3_gui/lib/python3.10/site-packages/turtlebot3_gui
copying /home/love/turtlebot3_gui/build/turtlebot3_gui/build/lib/turtlebot3_gui/__init__.py -> /home/love/turtlebot3_gui/install/turtlebot3_gui/lib/python3.10/site-packages/turtlebot3_gui
copying /home/love/turtlebot3_gui/build/turtlebot3_gui/build/lib/turtlebot3_gui/turtlebot3_gui.py -> /home/love/turtlebot3_gui/install/turtlebot3_gui/lib/python3.10/site-packages/turtlebot3_gui
byte-compiling /home/love/turtlebot3_gui/install/turtlebot3_gui/lib/python3.10/site-packages/turtlebot3_gui/__init__.py to __init__.cpython-310.pyc
byte-compiling /home/love/turtlebot3_gui/install/turtlebot3_gui/lib/python3.10/site-packages/turtlebot3_gui/turtlebot3_gui.py to turtlebot3_gui.cpython-310.pyc
running install_data
copying resource/turtlebot3_gui -> /home/love/turtlebot3_gui/install/turtlebot3_gui/share/ament_index/resource_index/packages
copying package.xml -> /home/love/turtlebot3_gui/install/turtlebot3_gui/share/turtlebot3_gui
running install_egg_info
Copying ../../build/turtlebot3_gui/turtlebot3_gui.egg-info to /home/love/turtlebot3_gui/install/turtlebot3_gui/lib/python3.10/site-packages/turtlebot3_gui-0.0.0-py3.10.egg-info
running install_scripts
Installing turtlebot3_gui script to /home/love/turtlebot3_gui/install/turtlebot3_gui/lib/turtlebot3_gui
writing list of installed files to '/home/love/turtlebot3_gui/build/turtlebot3_gui/install.log'
