[0.025s] Invoking command in '/home/psb/rokey_c_2_ws/build/table_order_interface': CMAKE_PREFIX_PATH=${CMAKE_PREFIX_PATH}:/home/psb/rokey_c_2_ws/install/turtlebot3_gui:/home/psb/rokey_c_2_ws/install/table_order:/home/psb/rokey_c_2_ws/install/serving_robot:/home/psb/rokey_c_2_ws/install/database:/home/psb/rokey_c_2_ws/install/c2_turtle_order_package:/home/psb/turtlebot3_ws/install/turtlebot3_teleop:/home/psb/turtlebot3_ws/install/turtlebot3_example:/opt/ros/humble /usr/bin/cmake --build /home/psb/rokey_c_2_ws/build/table_order_interface -- -j8 -l8
[0.385s] [  3%] Built target table_order_interface__cpp
[0.385s] [ 12%] Built target table_order_interface__rosidl_generator_c
[0.386s] [ 12%] Built target ament_cmake_python_copy_table_order_interface
[0.386s] [ 22%] Built target table_order_interface__rosidl_typesupport_cpp
[0.386s] [ 32%] Built target table_order_interface__rosidl_typesupport_fastrtps_cpp
[0.386s] [ 41%] Built target table_order_interface__rosidl_typesupport_introspection_cpp
[0.386s] [ 51%] Built target table_order_interface__rosidl_typesupport_fastrtps_c
[0.386s] [ 61%] Built target table_order_interface__rosidl_typesupport_c
[0.386s] [ 70%] Built target table_order_interface__rosidl_typesupport_introspection_c
[0.386s] [ 70%] Built target table_order_interface
[0.386s] [ 74%] Built target table_order_interface__py
[0.386s] [ 80%] Built target table_order_interface__rosidl_generator_py
[0.386s] [ 87%] Built target table_order_interface__rosidl_typesupport_fastrtps_c__pyext
[0.387s] [ 93%] Built target table_order_interface__rosidl_typesupport_introspection_c__pyext
[0.387s] [100%] Built target table_order_interface__rosidl_typesupport_c__pyext
[0.410s] running egg_info
[0.410s] writing table_order_interface.egg-info/PKG-INFO
[0.410s] writing dependency_links to table_order_interface.egg-info/dependency_links.txt
[0.410s] writing top-level names to table_order_interface.egg-info/top_level.txt
[0.412s] reading manifest file 'table_order_interface.egg-info/SOURCES.txt'
[0.412s] writing manifest file 'table_order_interface.egg-info/SOURCES.txt'
[0.453s] [100%] Built target ament_cmake_python_build_table_order_interface_egg
[0.715s] Invoked command in '/home/psb/rokey_c_2_ws/build/table_order_interface' returned '0': CMAKE_PREFIX_PATH=${CMAKE_PREFIX_PATH}:/home/psb/rokey_c_2_ws/install/turtlebot3_gui:/home/psb/rokey_c_2_ws/install/table_order:/home/psb/rokey_c_2_ws/install/serving_robot:/home/psb/rokey_c_2_ws/install/database:/home/psb/rokey_c_2_ws/install/c2_turtle_order_package:/home/psb/turtlebot3_ws/install/turtlebot3_teleop:/home/psb/turtlebot3_ws/install/turtlebot3_example:/opt/ros/humble /usr/bin/cmake --build /home/psb/rokey_c_2_ws/build/table_order_interface -- -j8 -l8
[0.795s] Invoking command in '/home/psb/rokey_c_2_ws/build/table_order_interface': CMAKE_PREFIX_PATH=${CMAKE_PREFIX_PATH}:/home/psb/rokey_c_2_ws/install/turtlebot3_gui:/home/psb/rokey_c_2_ws/install/table_order:/home/psb/rokey_c_2_ws/install/serving_robot:/home/psb/rokey_c_2_ws/install/database:/home/psb/rokey_c_2_ws/install/c2_turtle_order_package:/home/psb/turtlebot3_ws/install/turtlebot3_teleop:/home/psb/turtlebot3_ws/install/turtlebot3_example:/opt/ros/humble /usr/bin/cmake --install /home/psb/rokey_c_2_ws/build/table_order_interface
[0.805s] -- Install configuration: ""
[0.805s] -- Up-to-date: /home/psb/rokey_c_2_ws/install/table_order_interface/share/ament_index/resource_index/rosidl_interfaces/table_order_interface
[0.805s] -- Up-to-date: /home/psb/rokey_c_2_ws/install/table_order_interface/include/table_order_interface/table_order_interface
[0.806s] -- Up-to-date: /home/psb/rokey_c_2_ws/install/table_order_interface/include/table_order_interface/table_order_interface/msg
[0.806s] -- Up-to-date: /home/psb/rokey_c_2_ws/install/table_order_interface/include/table_order_interface/table_order_interface/msg/rosidl_generator_c__visibility_control.h
[0.806s] -- Up-to-date: /home/psb/rokey_c_2_ws/install/table_order_interface/include/table_order_interface/table_order_interface/srv
[0.806s] -- Up-to-date: /home/psb/rokey_c_2_ws/install/table_order_interface/include/table_order_interface/table_order_interface/srv/set_order.h
[0.806s] -- Up-to-date: /home/psb/rokey_c_2_ws/install/table_order_interface/include/table_order_interface/table_order_interface/srv/detail
[0.806s] -- Up-to-date: /home/psb/rokey_c_2_ws/install/table_order_interface/include/table_order_interface/table_order_interface/srv/detail/set_order__type_support.h
[0.806s] -- Up-to-date: /home/psb/rokey_c_2_ws/install/table_order_interface/include/table_order_interface/table_order_interface/srv/detail/set_order__functions.c
[0.807s] -- Up-to-date: /home/psb/rokey_c_2_ws/install/table_order_interface/include/table_order_interface/table_order_interface/srv/detail/set_order__struct.h
[0.807s] -- Up-to-date: /home/psb/rokey_c_2_ws/install/table_order_interface/include/table_order_interface/table_order_interface/srv/detail/set_order__functions.h
[0.807s] -- Up-to-date: /home/psb/rokey_c_2_ws/install/table_order_interface/share/table_order_interface/environment/library_path.sh
[0.807s] -- Up-to-date: /home/psb/rokey_c_2_ws/install/table_order_interface/share/table_order_interface/environment/library_path.dsv
[0.807s] -- Up-to-date: /home/psb/rokey_c_2_ws/install/table_order_interface/lib/libtable_order_interface__rosidl_generator_c.so
[0.807s] -- Up-to-date: /home/psb/rokey_c_2_ws/install/table_order_interface/include/table_order_interface/table_order_interface
[0.807s] -- Up-to-date: /home/psb/rokey_c_2_ws/install/table_order_interface/include/table_order_interface/table_order_interface/msg
[0.808s] -- Up-to-date: /home/psb/rokey_c_2_ws/install/table_order_interface/include/table_order_interface/table_order_interface/msg/rosidl_typesupport_fastrtps_c__visibility_control.h
[0.808s] -- Up-to-date: /home/psb/rokey_c_2_ws/install/table_order_interface/include/table_order_interface/table_order_interface/srv
[0.808s] -- Up-to-date: /home/psb/rokey_c_2_ws/install/table_order_interface/include/table_order_interface/table_order_interface/srv/detail
[0.808s] -- Up-to-date: /home/psb/rokey_c_2_ws/install/table_order_interface/include/table_order_interface/table_order_interface/srv/detail/set_order__rosidl_typesupport_fastrtps_c.h
[0.808s] -- Up-to-date: /home/psb/rokey_c_2_ws/install/table_order_interface/lib/libtable_order_interface__rosidl_typesupport_fastrtps_c.so
[0.808s] -- Up-to-date: /home/psb/rokey_c_2_ws/install/table_order_interface/include/table_order_interface/table_order_interface
[0.808s] -- Up-to-date: /home/psb/rokey_c_2_ws/install/table_order_interface/include/table_order_interface/table_order_interface/srv
[0.809s] -- Up-to-date: /home/psb/rokey_c_2_ws/install/table_order_interface/include/table_order_interface/table_order_interface/srv/set_order.hpp
[0.809s] -- Up-to-date: /home/psb/rokey_c_2_ws/install/table_order_interface/include/table_order_interface/table_order_interface/srv/detail
[0.809s] -- Up-to-date: /home/psb/rokey_c_2_ws/install/table_order_interface/include/table_order_interface/table_order_interface/srv/detail/set_order__struct.hpp
[0.809s] -- Up-to-date: /home/psb/rokey_c_2_ws/install/table_order_interface/include/table_order_interface/table_order_interface/srv/detail/set_order__builder.hpp
[0.809s] -- Up-to-date: /home/psb/rokey_c_2_ws/install/table_order_interface/include/table_order_interface/table_order_interface/srv/detail/set_order__traits.hpp
[0.809s] -- Up-to-date: /home/psb/rokey_c_2_ws/install/table_order_interface/include/table_order_interface/table_order_interface
[0.809s] -- Up-to-date: /home/psb/rokey_c_2_ws/install/table_order_interface/include/table_order_interface/table_order_interface/msg
[0.809s] -- Up-to-date: /home/psb/rokey_c_2_ws/install/table_order_interface/include/table_order_interface/table_order_interface/msg/rosidl_typesupport_fastrtps_cpp__visibility_control.h
[0.810s] -- Up-to-date: /home/psb/rokey_c_2_ws/install/table_order_interface/include/table_order_interface/table_order_interface/srv
[0.810s] -- Up-to-date: /home/psb/rokey_c_2_ws/install/table_order_interface/include/table_order_interface/table_order_interface/srv/detail
[0.810s] -- Up-to-date: /home/psb/rokey_c_2_ws/install/table_order_interface/include/table_order_interface/table_order_interface/srv/detail/dds_fastrtps
[0.810s] -- Up-to-date: /home/psb/rokey_c_2_ws/install/table_order_interface/include/table_order_interface/table_order_interface/srv/detail/set_order__rosidl_typesupport_fastrtps_cpp.hpp
[0.810s] -- Up-to-date: /home/psb/rokey_c_2_ws/install/table_order_interface/lib/libtable_order_interface__rosidl_typesupport_fastrtps_cpp.so
[0.810s] -- Up-to-date: /home/psb/rokey_c_2_ws/install/table_order_interface/include/table_order_interface/table_order_interface
[0.810s] -- Up-to-date: /home/psb/rokey_c_2_ws/install/table_order_interface/include/table_order_interface/table_order_interface/msg
[0.811s] -- Up-to-date: /home/psb/rokey_c_2_ws/install/table_order_interface/include/table_order_interface/table_order_interface/msg/rosidl_typesupport_introspection_c__visibility_control.h
[0.811s] -- Up-to-date: /home/psb/rokey_c_2_ws/install/table_order_interface/include/table_order_interface/table_order_interface/srv
[0.811s] -- Up-to-date: /home/psb/rokey_c_2_ws/install/table_order_interface/include/table_order_interface/table_order_interface/srv/detail
[0.811s] -- Up-to-date: /home/psb/rokey_c_2_ws/install/table_order_interface/include/table_order_interface/table_order_interface/srv/detail/set_order__type_support.c
[0.811s] -- Up-to-date: /home/psb/rokey_c_2_ws/install/table_order_interface/include/table_order_interface/table_order_interface/srv/detail/set_order__rosidl_typesupport_introspection_c.h
[0.811s] -- Up-to-date: /home/psb/rokey_c_2_ws/install/table_order_interface/lib/libtable_order_interface__rosidl_typesupport_introspection_c.so
[0.811s] -- Up-to-date: /home/psb/rokey_c_2_ws/install/table_order_interface/lib/libtable_order_interface__rosidl_typesupport_c.so
[0.811s] -- Up-to-date: /home/psb/rokey_c_2_ws/install/table_order_interface/include/table_order_interface/table_order_interface
[0.811s] -- Up-to-date: /home/psb/rokey_c_2_ws/install/table_order_interface/include/table_order_interface/table_order_interface/srv
[0.811s] -- Up-to-date: /home/psb/rokey_c_2_ws/install/table_order_interface/include/table_order_interface/table_order_interface/srv/detail
[0.811s] -- Up-to-date: /home/psb/rokey_c_2_ws/install/table_order_interface/include/table_order_interface/table_order_interface/srv/detail/set_order__type_support.cpp
[0.811s] -- Up-to-date: /home/psb/rokey_c_2_ws/install/table_order_interface/include/table_order_interface/table_order_interface/srv/detail/set_order__rosidl_typesupport_introspection_cpp.hpp
[0.811s] -- Up-to-date: /home/psb/rokey_c_2_ws/install/table_order_interface/lib/libtable_order_interface__rosidl_typesupport_introspection_cpp.so
[0.812s] -- Up-to-date: /home/psb/rokey_c_2_ws/install/table_order_interface/lib/libtable_order_interface__rosidl_typesupport_cpp.so
[0.812s] -- Up-to-date: /home/psb/rokey_c_2_ws/install/table_order_interface/share/table_order_interface/environment/pythonpath.sh
[0.812s] -- Up-to-date: /home/psb/rokey_c_2_ws/install/table_order_interface/share/table_order_interface/environment/pythonpath.dsv
[0.812s] -- Up-to-date: /home/psb/rokey_c_2_ws/install/table_order_interface/local/lib/python3.10/dist-packages/table_order_interface-0.0.0-py3.10.egg-info
[0.812s] -- Installing: /home/psb/rokey_c_2_ws/install/table_order_interface/local/lib/python3.10/dist-packages/table_order_interface-0.0.0-py3.10.egg-info/SOURCES.txt
[0.812s] -- Installing: /home/psb/rokey_c_2_ws/install/table_order_interface/local/lib/python3.10/dist-packages/table_order_interface-0.0.0-py3.10.egg-info/top_level.txt
[0.812s] -- Installing: /home/psb/rokey_c_2_ws/install/table_order_interface/local/lib/python3.10/dist-packages/table_order_interface-0.0.0-py3.10.egg-info/PKG-INFO
[0.812s] -- Installing: /home/psb/rokey_c_2_ws/install/table_order_interface/local/lib/python3.10/dist-packages/table_order_interface-0.0.0-py3.10.egg-info/dependency_links.txt
[0.812s] -- Up-to-date: /home/psb/rokey_c_2_ws/install/table_order_interface/local/lib/python3.10/dist-packages/table_order_interface
[0.812s] -- Up-to-date: /home/psb/rokey_c_2_ws/install/table_order_interface/local/lib/python3.10/dist-packages/table_order_interface/__init__.py
[0.812s] -- Up-to-date: /home/psb/rokey_c_2_ws/install/table_order_interface/local/lib/python3.10/dist-packages/table_order_interface/table_order_interface_s__rosidl_typesupport_fastrtps_c.cpython-310-x86_64-linux-gnu.so
[0.813s] -- Up-to-date: /home/psb/rokey_c_2_ws/install/table_order_interface/local/lib/python3.10/dist-packages/table_order_interface/table_order_interface_s__rosidl_typesupport_c.cpython-310-x86_64-linux-gnu.so
[0.813s] -- Up-to-date: /home/psb/rokey_c_2_ws/install/table_order_interface/local/lib/python3.10/dist-packages/table_order_interface/table_order_interface_s__rosidl_typesupport_introspection_c.cpython-310-x86_64-linux-gnu.so
[0.813s] -- Up-to-date: /home/psb/rokey_c_2_ws/install/table_order_interface/local/lib/python3.10/dist-packages/table_order_interface/srv
[0.813s] -- Up-to-date: /home/psb/rokey_c_2_ws/install/table_order_interface/local/lib/python3.10/dist-packages/table_order_interface/srv/__init__.py
[0.813s] -- Up-to-date: /home/psb/rokey_c_2_ws/install/table_order_interface/local/lib/python3.10/dist-packages/table_order_interface/srv/_set_order.py
[0.813s] -- Up-to-date: /home/psb/rokey_c_2_ws/install/table_order_interface/local/lib/python3.10/dist-packages/table_order_interface/srv/_set_order_s.c
[0.813s] -- Up-to-date: /home/psb/rokey_c_2_ws/install/table_order_interface/local/lib/python3.10/dist-packages/table_order_interface/_table_order_interface_s.ep.rosidl_typesupport_c.c
[0.813s] -- Up-to-date: /home/psb/rokey_c_2_ws/install/table_order_interface/local/lib/python3.10/dist-packages/table_order_interface/libtable_order_interface__rosidl_generator_py.so
[0.814s] -- Up-to-date: /home/psb/rokey_c_2_ws/install/table_order_interface/local/lib/python3.10/dist-packages/table_order_interface/_table_order_interface_s.ep.rosidl_typesupport_fastrtps_c.c
[0.814s] -- Up-to-date: /home/psb/rokey_c_2_ws/install/table_order_interface/local/lib/python3.10/dist-packages/table_order_interface/_table_order_interface_s.ep.rosidl_typesupport_introspection_c.c
[0.869s] Listing '/home/psb/rokey_c_2_ws/install/table_order_interface/local/lib/python3.10/dist-packages/table_order_interface'...
[0.869s] Listing '/home/psb/rokey_c_2_ws/install/table_order_interface/local/lib/python3.10/dist-packages/table_order_interface/srv'...
[0.874s] -- Up-to-date: /home/psb/rokey_c_2_ws/install/table_order_interface/local/lib/python3.10/dist-packages/table_order_interface/table_order_interface_s__rosidl_typesupport_fastrtps_c.cpython-310-x86_64-linux-gnu.so
[0.874s] -- Up-to-date: /home/psb/rokey_c_2_ws/install/table_order_interface/local/lib/python3.10/dist-packages/table_order_interface/table_order_interface_s__rosidl_typesupport_introspection_c.cpython-310-x86_64-linux-gnu.so
[0.875s] -- Up-to-date: /home/psb/rokey_c_2_ws/install/table_order_interface/local/lib/python3.10/dist-packages/table_order_interface/table_order_interface_s__rosidl_typesupport_c.cpython-310-x86_64-linux-gnu.so
[0.875s] -- Up-to-date: /home/psb/rokey_c_2_ws/install/table_order_interface/lib/libtable_order_interface__rosidl_generator_py.so
[0.875s] -- Up-to-date: /home/psb/rokey_c_2_ws/install/table_order_interface/share/table_order_interface/srv/SetOrder.idl
[0.876s] -- Up-to-date: /home/psb/rokey_c_2_ws/install/table_order_interface/share/table_order_interface/srv/SetOrder.srv
[0.876s] -- Up-to-date: /home/psb/rokey_c_2_ws/install/table_order_interface/share/table_order_interface/srv/SetOrder_Request.msg
[0.876s] -- Up-to-date: /home/psb/rokey_c_2_ws/install/table_order_interface/share/table_order_interface/srv/SetOrder_Response.msg
[0.876s] -- Up-to-date: /home/psb/rokey_c_2_ws/install/table_order_interface/share/ament_index/resource_index/package_run_dependencies/table_order_interface
[0.876s] -- Up-to-date: /home/psb/rokey_c_2_ws/install/table_order_interface/share/ament_index/resource_index/parent_prefix_path/table_order_interface
[0.876s] -- Up-to-date: /home/psb/rokey_c_2_ws/install/table_order_interface/share/table_order_interface/environment/ament_prefix_path.sh
[0.876s] -- Up-to-date: /home/psb/rokey_c_2_ws/install/table_order_interface/share/table_order_interface/environment/ament_prefix_path.dsv
[0.876s] -- Up-to-date: /home/psb/rokey_c_2_ws/install/table_order_interface/share/table_order_interface/environment/path.sh
[0.877s] -- Up-to-date: /home/psb/rokey_c_2_ws/install/table_order_interface/share/table_order_interface/environment/path.dsv
[0.877s] -- Up-to-date: /home/psb/rokey_c_2_ws/install/table_order_interface/share/table_order_interface/local_setup.bash
[0.877s] -- Up-to-date: /home/psb/rokey_c_2_ws/install/table_order_interface/share/table_order_interface/local_setup.sh
[0.877s] -- Up-to-date: /home/psb/rokey_c_2_ws/install/table_order_interface/share/table_order_interface/local_setup.zsh
[0.877s] -- Up-to-date: /home/psb/rokey_c_2_ws/install/table_order_interface/share/table_order_interface/local_setup.dsv
[0.877s] -- Installing: /home/psb/rokey_c_2_ws/install/table_order_interface/share/table_order_interface/package.dsv
[0.877s] -- Up-to-date: /home/psb/rokey_c_2_ws/install/table_order_interface/share/ament_index/resource_index/packages/table_order_interface
[0.877s] -- Up-to-date: /home/psb/rokey_c_2_ws/install/table_order_interface/share/table_order_interface/cmake/export_table_order_interface__rosidl_generator_cExport.cmake
[0.878s] -- Up-to-date: /home/psb/rokey_c_2_ws/install/table_order_interface/share/table_order_interface/cmake/export_table_order_interface__rosidl_generator_cExport-noconfig.cmake
[0.878s] -- Up-to-date: /home/psb/rokey_c_2_ws/install/table_order_interface/share/table_order_interface/cmake/export_table_order_interface__rosidl_typesupport_fastrtps_cExport.cmake
[0.878s] -- Up-to-date: /home/psb/rokey_c_2_ws/install/table_order_interface/share/table_order_interface/cmake/export_table_order_interface__rosidl_typesupport_fastrtps_cExport-noconfig.cmake
[0.878s] -- Up-to-date: /home/psb/rokey_c_2_ws/install/table_order_interface/share/table_order_interface/cmake/export_table_order_interface__rosidl_generator_cppExport.cmake
[0.878s] -- Up-to-date: /home/psb/rokey_c_2_ws/install/table_order_interface/share/table_order_interface/cmake/export_table_order_interface__rosidl_typesupport_fastrtps_cppExport.cmake
[0.878s] -- Up-to-date: /home/psb/rokey_c_2_ws/install/table_order_interface/share/table_order_interface/cmake/export_table_order_interface__rosidl_typesupport_fastrtps_cppExport-noconfig.cmake
[0.878s] -- Up-to-date: /home/psb/rokey_c_2_ws/install/table_order_interface/share/table_order_interface/cmake/table_order_interface__rosidl_typesupport_introspection_cExport.cmake
[0.878s] -- Up-to-date: /home/psb/rokey_c_2_ws/install/table_order_interface/share/table_order_interface/cmake/table_order_interface__rosidl_typesupport_introspection_cExport-noconfig.cmake
[0.878s] -- Up-to-date: /home/psb/rokey_c_2_ws/install/table_order_interface/share/table_order_interface/cmake/table_order_interface__rosidl_typesupport_cExport.cmake
[0.879s] -- Up-to-date: /home/psb/rokey_c_2_ws/install/table_order_interface/share/table_order_interface/cmake/table_order_interface__rosidl_typesupport_cExport-noconfig.cmake
[0.879s] -- Up-to-date: /home/psb/rokey_c_2_ws/install/table_order_interface/share/table_order_interface/cmake/table_order_interface__rosidl_typesupport_introspection_cppExport.cmake
[0.879s] -- Up-to-date: /home/psb/rokey_c_2_ws/install/table_order_interface/share/table_order_interface/cmake/table_order_interface__rosidl_typesupport_introspection_cppExport-noconfig.cmake
[0.879s] -- Up-to-date: /home/psb/rokey_c_2_ws/install/table_order_interface/share/table_order_interface/cmake/table_order_interface__rosidl_typesupport_cppExport.cmake
[0.879s] -- Up-to-date: /home/psb/rokey_c_2_ws/install/table_order_interface/share/table_order_interface/cmake/table_order_interface__rosidl_typesupport_cppExport-noconfig.cmake
[0.879s] -- Up-to-date: /home/psb/rokey_c_2_ws/install/table_order_interface/share/table_order_interface/cmake/export_table_order_interface__rosidl_generator_pyExport.cmake
[0.879s] -- Up-to-date: /home/psb/rokey_c_2_ws/install/table_order_interface/share/table_order_interface/cmake/export_table_order_interface__rosidl_generator_pyExport-noconfig.cmake
[0.879s] -- Up-to-date: /home/psb/rokey_c_2_ws/install/table_order_interface/share/table_order_interface/cmake/rosidl_cmake-extras.cmake
[0.880s] -- Up-to-date: /home/psb/rokey_c_2_ws/install/table_order_interface/share/table_order_interface/cmake/ament_cmake_export_dependencies-extras.cmake
[0.880s] -- Up-to-date: /home/psb/rokey_c_2_ws/install/table_order_interface/share/table_order_interface/cmake/ament_cmake_export_include_directories-extras.cmake
[0.880s] -- Up-to-date: /home/psb/rokey_c_2_ws/install/table_order_interface/share/table_order_interface/cmake/ament_cmake_export_libraries-extras.cmake
[0.880s] -- Up-to-date: /home/psb/rokey_c_2_ws/install/table_order_interface/share/table_order_interface/cmake/ament_cmake_export_targets-extras.cmake
[0.880s] -- Up-to-date: /home/psb/rokey_c_2_ws/install/table_order_interface/share/table_order_interface/cmake/rosidl_cmake_export_typesupport_targets-extras.cmake
[0.880s] -- Up-to-date: /home/psb/rokey_c_2_ws/install/table_order_interface/share/table_order_interface/cmake/rosidl_cmake_export_typesupport_libraries-extras.cmake
[0.880s] -- Up-to-date: /home/psb/rokey_c_2_ws/install/table_order_interface/share/table_order_interface/cmake/table_order_interfaceConfig.cmake
[0.880s] -- Up-to-date: /home/psb/rokey_c_2_ws/install/table_order_interface/share/table_order_interface/cmake/table_order_interfaceConfig-version.cmake
[0.880s] -- Up-to-date: /home/psb/rokey_c_2_ws/install/table_order_interface/share/table_order_interface/package.xml
[0.881s] Invoked command in '/home/psb/rokey_c_2_ws/build/table_order_interface' returned '0': CMAKE_PREFIX_PATH=${CMAKE_PREFIX_PATH}:/home/psb/rokey_c_2_ws/install/turtlebot3_gui:/home/psb/rokey_c_2_ws/install/table_order:/home/psb/rokey_c_2_ws/install/serving_robot:/home/psb/rokey_c_2_ws/install/database:/home/psb/rokey_c_2_ws/install/c2_turtle_order_package:/home/psb/turtlebot3_ws/install/turtlebot3_teleop:/home/psb/turtlebot3_ws/install/turtlebot3_example:/opt/ros/humble /usr/bin/cmake --install /home/psb/rokey_c_2_ws/build/table_order_interface
