[0.383s] Invoking command in '/home/psb/rokey_c_2_ws/build/nav_interfaces': CMAKE_PREFIX_PATH=${CMAKE_PREFIX_PATH}:/home/psb/rokey_c_2_ws/install/turtlebot3_gui:/home/psb/rokey_c_2_ws/install/table_order:/home/psb/rokey_c_2_ws/install/serving_robot:/home/psb/rokey_c_2_ws/install/database:/home/psb/rokey_c_2_ws/install/c2_turtle_order_package:/home/psb/turtlebot3_ws/install/turtlebot3_teleop:/home/psb/turtlebot3_ws/install/turtlebot3_example:/opt/ros/humble /usr/bin/cmake --build /home/psb/rokey_c_2_ws/build/nav_interfaces -- -j8 -l8
[0.433s] [  3%] Built target nav_interfaces__cpp
[0.434s] [ 12%] Built target nav_interfaces__rosidl_generator_c
[0.442s] [ 12%] Built target ament_cmake_python_copy_nav_interfaces
[0.469s] [ 22%] Built target nav_interfaces__rosidl_typesupport_fastrtps_cpp
[0.471s] [ 32%] Built target nav_interfaces__rosidl_typesupport_introspection_c
[0.474s] [ 45%] Built target nav_interfaces__rosidl_typesupport_cpp
[0.474s] [ 51%] Built target nav_interfaces__rosidl_typesupport_introspection_cpp
[0.480s] [ 61%] Built target nav_interfaces__rosidl_typesupport_c
[0.482s] [ 70%] Built target nav_interfaces__rosidl_typesupport_fastrtps_c
[0.502s] [ 70%] Built target nav_interfaces
[0.522s] [ 74%] Built target nav_interfaces__py
[0.542s] [ 80%] Built target nav_interfaces__rosidl_generator_py
[0.563s] [ 93%] Built target nav_interfaces__rosidl_typesupport_c__pyext
[0.564s] [ 93%] Built target nav_interfaces__rosidl_typesupport_introspection_c__pyext
[0.570s] [100%] Built target nav_interfaces__rosidl_typesupport_fastrtps_c__pyext
[0.758s] running egg_info
[0.759s] writing nav_interfaces.egg-info/PKG-INFO
[0.759s] writing dependency_links to nav_interfaces.egg-info/dependency_links.txt
[0.759s] writing top-level names to nav_interfaces.egg-info/top_level.txt
[0.762s] reading manifest file 'nav_interfaces.egg-info/SOURCES.txt'
[0.763s] writing manifest file 'nav_interfaces.egg-info/SOURCES.txt'
[0.793s] [100%] Built target ament_cmake_python_build_nav_interfaces_egg
[0.813s] Invoked command in '/home/psb/rokey_c_2_ws/build/nav_interfaces' returned '0': CMAKE_PREFIX_PATH=${CMAKE_PREFIX_PATH}:/home/psb/rokey_c_2_ws/install/turtlebot3_gui:/home/psb/rokey_c_2_ws/install/table_order:/home/psb/rokey_c_2_ws/install/serving_robot:/home/psb/rokey_c_2_ws/install/database:/home/psb/rokey_c_2_ws/install/c2_turtle_order_package:/home/psb/turtlebot3_ws/install/turtlebot3_teleop:/home/psb/turtlebot3_ws/install/turtlebot3_example:/opt/ros/humble /usr/bin/cmake --build /home/psb/rokey_c_2_ws/build/nav_interfaces -- -j8 -l8
[0.901s] Invoking command in '/home/psb/rokey_c_2_ws/build/nav_interfaces': CMAKE_PREFIX_PATH=${CMAKE_PREFIX_PATH}:/home/psb/rokey_c_2_ws/install/turtlebot3_gui:/home/psb/rokey_c_2_ws/install/table_order:/home/psb/rokey_c_2_ws/install/serving_robot:/home/psb/rokey_c_2_ws/install/database:/home/psb/rokey_c_2_ws/install/c2_turtle_order_package:/home/psb/turtlebot3_ws/install/turtlebot3_teleop:/home/psb/turtlebot3_ws/install/turtlebot3_example:/opt/ros/humble /usr/bin/cmake --install /home/psb/rokey_c_2_ws/build/nav_interfaces
[0.910s] -- Install configuration: ""
[0.911s] -- Up-to-date: /home/psb/rokey_c_2_ws/install/nav_interfaces/share/ament_index/resource_index/rosidl_interfaces/nav_interfaces
[0.911s] -- Up-to-date: /home/psb/rokey_c_2_ws/install/nav_interfaces/include/nav_interfaces/nav_interfaces
[0.911s] -- Up-to-date: /home/psb/rokey_c_2_ws/install/nav_interfaces/include/nav_interfaces/nav_interfaces/msg
[0.911s] -- Up-to-date: /home/psb/rokey_c_2_ws/install/nav_interfaces/include/nav_interfaces/nav_interfaces/msg/rosidl_generator_c__visibility_control.h
[0.911s] -- Up-to-date: /home/psb/rokey_c_2_ws/install/nav_interfaces/include/nav_interfaces/nav_interfaces/action
[0.911s] -- Up-to-date: /home/psb/rokey_c_2_ws/install/nav_interfaces/include/nav_interfaces/nav_interfaces/action/navigate.h
[0.911s] -- Up-to-date: /home/psb/rokey_c_2_ws/install/nav_interfaces/include/nav_interfaces/nav_interfaces/action/detail
[0.911s] -- Up-to-date: /home/psb/rokey_c_2_ws/install/nav_interfaces/include/nav_interfaces/nav_interfaces/action/detail/navigate__struct.h
[0.912s] -- Up-to-date: /home/psb/rokey_c_2_ws/install/nav_interfaces/include/nav_interfaces/nav_interfaces/action/detail/navigate__type_support.h
[0.912s] -- Up-to-date: /home/psb/rokey_c_2_ws/install/nav_interfaces/include/nav_interfaces/nav_interfaces/action/detail/navigate__functions.h
[0.912s] -- Up-to-date: /home/psb/rokey_c_2_ws/install/nav_interfaces/include/nav_interfaces/nav_interfaces/action/detail/navigate__functions.c
[0.912s] -- Up-to-date: /home/psb/rokey_c_2_ws/install/nav_interfaces/share/nav_interfaces/environment/library_path.sh
[0.912s] -- Up-to-date: /home/psb/rokey_c_2_ws/install/nav_interfaces/share/nav_interfaces/environment/library_path.dsv
[0.913s] -- Up-to-date: /home/psb/rokey_c_2_ws/install/nav_interfaces/lib/libnav_interfaces__rosidl_generator_c.so
[0.913s] -- Up-to-date: /home/psb/rokey_c_2_ws/install/nav_interfaces/include/nav_interfaces/nav_interfaces
[0.913s] -- Up-to-date: /home/psb/rokey_c_2_ws/install/nav_interfaces/include/nav_interfaces/nav_interfaces/msg
[0.913s] -- Up-to-date: /home/psb/rokey_c_2_ws/install/nav_interfaces/include/nav_interfaces/nav_interfaces/msg/rosidl_typesupport_fastrtps_c__visibility_control.h
[0.913s] -- Up-to-date: /home/psb/rokey_c_2_ws/install/nav_interfaces/include/nav_interfaces/nav_interfaces/action
[0.913s] -- Up-to-date: /home/psb/rokey_c_2_ws/install/nav_interfaces/include/nav_interfaces/nav_interfaces/action/detail
[0.914s] -- Up-to-date: /home/psb/rokey_c_2_ws/install/nav_interfaces/include/nav_interfaces/nav_interfaces/action/detail/navigate__rosidl_typesupport_fastrtps_c.h
[0.914s] -- Up-to-date: /home/psb/rokey_c_2_ws/install/nav_interfaces/lib/libnav_interfaces__rosidl_typesupport_fastrtps_c.so
[0.914s] -- Up-to-date: /home/psb/rokey_c_2_ws/install/nav_interfaces/include/nav_interfaces/nav_interfaces
[0.914s] -- Up-to-date: /home/psb/rokey_c_2_ws/install/nav_interfaces/include/nav_interfaces/nav_interfaces/msg
[0.914s] -- Up-to-date: /home/psb/rokey_c_2_ws/install/nav_interfaces/include/nav_interfaces/nav_interfaces/msg/rosidl_typesupport_introspection_c__visibility_control.h
[0.914s] -- Up-to-date: /home/psb/rokey_c_2_ws/install/nav_interfaces/include/nav_interfaces/nav_interfaces/action
[0.915s] -- Up-to-date: /home/psb/rokey_c_2_ws/install/nav_interfaces/include/nav_interfaces/nav_interfaces/action/detail
[0.915s] -- Up-to-date: /home/psb/rokey_c_2_ws/install/nav_interfaces/include/nav_interfaces/nav_interfaces/action/detail/navigate__type_support.c
[0.915s] -- Up-to-date: /home/psb/rokey_c_2_ws/install/nav_interfaces/include/nav_interfaces/nav_interfaces/action/detail/navigate__rosidl_typesupport_introspection_c.h
[0.915s] -- Up-to-date: /home/psb/rokey_c_2_ws/install/nav_interfaces/lib/libnav_interfaces__rosidl_typesupport_introspection_c.so
[0.915s] -- Up-to-date: /home/psb/rokey_c_2_ws/install/nav_interfaces/lib/libnav_interfaces__rosidl_typesupport_c.so
[0.916s] -- Up-to-date: /home/psb/rokey_c_2_ws/install/nav_interfaces/include/nav_interfaces/nav_interfaces
[0.916s] -- Up-to-date: /home/psb/rokey_c_2_ws/install/nav_interfaces/include/nav_interfaces/nav_interfaces/action
[0.916s] -- Up-to-date: /home/psb/rokey_c_2_ws/install/nav_interfaces/include/nav_interfaces/nav_interfaces/action/detail
[0.916s] -- Up-to-date: /home/psb/rokey_c_2_ws/install/nav_interfaces/include/nav_interfaces/nav_interfaces/action/detail/navigate__struct.hpp
[0.916s] -- Up-to-date: /home/psb/rokey_c_2_ws/install/nav_interfaces/include/nav_interfaces/nav_interfaces/action/detail/navigate__traits.hpp
[0.916s] -- Up-to-date: /home/psb/rokey_c_2_ws/install/nav_interfaces/include/nav_interfaces/nav_interfaces/action/detail/navigate__builder.hpp
[0.916s] -- Up-to-date: /home/psb/rokey_c_2_ws/install/nav_interfaces/include/nav_interfaces/nav_interfaces/action/navigate.hpp
[0.916s] -- Up-to-date: /home/psb/rokey_c_2_ws/install/nav_interfaces/include/nav_interfaces/nav_interfaces
[0.917s] -- Up-to-date: /home/psb/rokey_c_2_ws/install/nav_interfaces/include/nav_interfaces/nav_interfaces/msg
[0.917s] -- Up-to-date: /home/psb/rokey_c_2_ws/install/nav_interfaces/include/nav_interfaces/nav_interfaces/msg/rosidl_typesupport_fastrtps_cpp__visibility_control.h
[0.917s] -- Up-to-date: /home/psb/rokey_c_2_ws/install/nav_interfaces/include/nav_interfaces/nav_interfaces/action
[0.917s] -- Up-to-date: /home/psb/rokey_c_2_ws/install/nav_interfaces/include/nav_interfaces/nav_interfaces/action/detail
[0.917s] -- Up-to-date: /home/psb/rokey_c_2_ws/install/nav_interfaces/include/nav_interfaces/nav_interfaces/action/detail/dds_fastrtps
[0.917s] -- Up-to-date: /home/psb/rokey_c_2_ws/install/nav_interfaces/include/nav_interfaces/nav_interfaces/action/detail/navigate__rosidl_typesupport_fastrtps_cpp.hpp
[0.917s] -- Up-to-date: /home/psb/rokey_c_2_ws/install/nav_interfaces/lib/libnav_interfaces__rosidl_typesupport_fastrtps_cpp.so
[0.917s] -- Up-to-date: /home/psb/rokey_c_2_ws/install/nav_interfaces/include/nav_interfaces/nav_interfaces
[0.918s] -- Up-to-date: /home/psb/rokey_c_2_ws/install/nav_interfaces/include/nav_interfaces/nav_interfaces/action
[0.918s] -- Up-to-date: /home/psb/rokey_c_2_ws/install/nav_interfaces/include/nav_interfaces/nav_interfaces/action/detail
[0.918s] -- Up-to-date: /home/psb/rokey_c_2_ws/install/nav_interfaces/include/nav_interfaces/nav_interfaces/action/detail/navigate__type_support.cpp
[0.918s] -- Up-to-date: /home/psb/rokey_c_2_ws/install/nav_interfaces/include/nav_interfaces/nav_interfaces/action/detail/navigate__rosidl_typesupport_introspection_cpp.hpp
[0.918s] -- Up-to-date: /home/psb/rokey_c_2_ws/install/nav_interfaces/lib/libnav_interfaces__rosidl_typesupport_introspection_cpp.so
[0.918s] -- Up-to-date: /home/psb/rokey_c_2_ws/install/nav_interfaces/lib/libnav_interfaces__rosidl_typesupport_cpp.so
[0.918s] -- Up-to-date: /home/psb/rokey_c_2_ws/install/nav_interfaces/share/nav_interfaces/environment/pythonpath.sh
[0.918s] -- Up-to-date: /home/psb/rokey_c_2_ws/install/nav_interfaces/share/nav_interfaces/environment/pythonpath.dsv
[0.918s] -- Up-to-date: /home/psb/rokey_c_2_ws/install/nav_interfaces/local/lib/python3.10/dist-packages/nav_interfaces-0.0.0-py3.10.egg-info
[0.919s] -- Installing: /home/psb/rokey_c_2_ws/install/nav_interfaces/local/lib/python3.10/dist-packages/nav_interfaces-0.0.0-py3.10.egg-info/SOURCES.txt
[0.919s] -- Installing: /home/psb/rokey_c_2_ws/install/nav_interfaces/local/lib/python3.10/dist-packages/nav_interfaces-0.0.0-py3.10.egg-info/top_level.txt
[0.919s] -- Installing: /home/psb/rokey_c_2_ws/install/nav_interfaces/local/lib/python3.10/dist-packages/nav_interfaces-0.0.0-py3.10.egg-info/PKG-INFO
[0.919s] -- Installing: /home/psb/rokey_c_2_ws/install/nav_interfaces/local/lib/python3.10/dist-packages/nav_interfaces-0.0.0-py3.10.egg-info/dependency_links.txt
[0.920s] -- Up-to-date: /home/psb/rokey_c_2_ws/install/nav_interfaces/local/lib/python3.10/dist-packages/nav_interfaces
[0.920s] -- Up-to-date: /home/psb/rokey_c_2_ws/install/nav_interfaces/local/lib/python3.10/dist-packages/nav_interfaces/__init__.py
[0.920s] -- Up-to-date: /home/psb/rokey_c_2_ws/install/nav_interfaces/local/lib/python3.10/dist-packages/nav_interfaces/_nav_interfaces_s.ep.rosidl_typesupport_introspection_c.c
[0.920s] -- Up-to-date: /home/psb/rokey_c_2_ws/install/nav_interfaces/local/lib/python3.10/dist-packages/nav_interfaces/nav_interfaces_s__rosidl_typesupport_introspection_c.cpython-310-x86_64-linux-gnu.so
[0.920s] -- Up-to-date: /home/psb/rokey_c_2_ws/install/nav_interfaces/local/lib/python3.10/dist-packages/nav_interfaces/nav_interfaces_s__rosidl_typesupport_fastrtps_c.cpython-310-x86_64-linux-gnu.so
[0.920s] -- Up-to-date: /home/psb/rokey_c_2_ws/install/nav_interfaces/local/lib/python3.10/dist-packages/nav_interfaces/libnav_interfaces__rosidl_generator_py.so
[0.920s] -- Up-to-date: /home/psb/rokey_c_2_ws/install/nav_interfaces/local/lib/python3.10/dist-packages/nav_interfaces/nav_interfaces_s__rosidl_typesupport_c.cpython-310-x86_64-linux-gnu.so
[0.920s] -- Up-to-date: /home/psb/rokey_c_2_ws/install/nav_interfaces/local/lib/python3.10/dist-packages/nav_interfaces/_nav_interfaces_s.ep.rosidl_typesupport_fastrtps_c.c
[0.920s] -- Up-to-date: /home/psb/rokey_c_2_ws/install/nav_interfaces/local/lib/python3.10/dist-packages/nav_interfaces/_nav_interfaces_s.ep.rosidl_typesupport_c.c
[0.921s] -- Up-to-date: /home/psb/rokey_c_2_ws/install/nav_interfaces/local/lib/python3.10/dist-packages/nav_interfaces/action
[0.921s] -- Up-to-date: /home/psb/rokey_c_2_ws/install/nav_interfaces/local/lib/python3.10/dist-packages/nav_interfaces/action/__init__.py
[0.921s] -- Up-to-date: /home/psb/rokey_c_2_ws/install/nav_interfaces/local/lib/python3.10/dist-packages/nav_interfaces/action/_navigate_s.c
[0.921s] -- Up-to-date: /home/psb/rokey_c_2_ws/install/nav_interfaces/local/lib/python3.10/dist-packages/nav_interfaces/action/_navigate.py
[0.953s] Listing '/home/psb/rokey_c_2_ws/install/nav_interfaces/local/lib/python3.10/dist-packages/nav_interfaces'...
[0.953s] Listing '/home/psb/rokey_c_2_ws/install/nav_interfaces/local/lib/python3.10/dist-packages/nav_interfaces/action'...
[0.957s] -- Up-to-date: /home/psb/rokey_c_2_ws/install/nav_interfaces/local/lib/python3.10/dist-packages/nav_interfaces/nav_interfaces_s__rosidl_typesupport_fastrtps_c.cpython-310-x86_64-linux-gnu.so
[0.958s] -- Up-to-date: /home/psb/rokey_c_2_ws/install/nav_interfaces/local/lib/python3.10/dist-packages/nav_interfaces/nav_interfaces_s__rosidl_typesupport_introspection_c.cpython-310-x86_64-linux-gnu.so
[0.958s] -- Up-to-date: /home/psb/rokey_c_2_ws/install/nav_interfaces/local/lib/python3.10/dist-packages/nav_interfaces/nav_interfaces_s__rosidl_typesupport_c.cpython-310-x86_64-linux-gnu.so
[0.958s] -- Up-to-date: /home/psb/rokey_c_2_ws/install/nav_interfaces/lib/libnav_interfaces__rosidl_generator_py.so
[0.958s] -- Up-to-date: /home/psb/rokey_c_2_ws/install/nav_interfaces/share/nav_interfaces/action/Navigate.idl
[0.959s] -- Up-to-date: /home/psb/rokey_c_2_ws/install/nav_interfaces/share/nav_interfaces/action/Navigate.action
[0.959s] -- Up-to-date: /home/psb/rokey_c_2_ws/install/nav_interfaces/share/ament_index/resource_index/package_run_dependencies/nav_interfaces
[0.959s] -- Up-to-date: /home/psb/rokey_c_2_ws/install/nav_interfaces/share/ament_index/resource_index/parent_prefix_path/nav_interfaces
[0.959s] -- Up-to-date: /home/psb/rokey_c_2_ws/install/nav_interfaces/share/nav_interfaces/environment/ament_prefix_path.sh
[0.959s] -- Up-to-date: /home/psb/rokey_c_2_ws/install/nav_interfaces/share/nav_interfaces/environment/ament_prefix_path.dsv
[0.959s] -- Up-to-date: /home/psb/rokey_c_2_ws/install/nav_interfaces/share/nav_interfaces/environment/path.sh
[0.960s] -- Up-to-date: /home/psb/rokey_c_2_ws/install/nav_interfaces/share/nav_interfaces/environment/path.dsv
[0.960s] -- Up-to-date: /home/psb/rokey_c_2_ws/install/nav_interfaces/share/nav_interfaces/local_setup.bash
[0.960s] -- Up-to-date: /home/psb/rokey_c_2_ws/install/nav_interfaces/share/nav_interfaces/local_setup.sh
[0.960s] -- Up-to-date: /home/psb/rokey_c_2_ws/install/nav_interfaces/share/nav_interfaces/local_setup.zsh
[0.960s] -- Up-to-date: /home/psb/rokey_c_2_ws/install/nav_interfaces/share/nav_interfaces/local_setup.dsv
[0.960s] -- Installing: /home/psb/rokey_c_2_ws/install/nav_interfaces/share/nav_interfaces/package.dsv
[0.961s] -- Up-to-date: /home/psb/rokey_c_2_ws/install/nav_interfaces/share/ament_index/resource_index/packages/nav_interfaces
[0.961s] -- Up-to-date: /home/psb/rokey_c_2_ws/install/nav_interfaces/share/nav_interfaces/cmake/export_nav_interfaces__rosidl_generator_cExport.cmake
[0.961s] -- Up-to-date: /home/psb/rokey_c_2_ws/install/nav_interfaces/share/nav_interfaces/cmake/export_nav_interfaces__rosidl_generator_cExport-noconfig.cmake
[0.961s] -- Up-to-date: /home/psb/rokey_c_2_ws/install/nav_interfaces/share/nav_interfaces/cmake/export_nav_interfaces__rosidl_typesupport_fastrtps_cExport.cmake
[0.961s] -- Up-to-date: /home/psb/rokey_c_2_ws/install/nav_interfaces/share/nav_interfaces/cmake/export_nav_interfaces__rosidl_typesupport_fastrtps_cExport-noconfig.cmake
[0.961s] -- Up-to-date: /home/psb/rokey_c_2_ws/install/nav_interfaces/share/nav_interfaces/cmake/nav_interfaces__rosidl_typesupport_introspection_cExport.cmake
[0.961s] -- Up-to-date: /home/psb/rokey_c_2_ws/install/nav_interfaces/share/nav_interfaces/cmake/nav_interfaces__rosidl_typesupport_introspection_cExport-noconfig.cmake
[0.962s] -- Up-to-date: /home/psb/rokey_c_2_ws/install/nav_interfaces/share/nav_interfaces/cmake/nav_interfaces__rosidl_typesupport_cExport.cmake
[0.962s] -- Up-to-date: /home/psb/rokey_c_2_ws/install/nav_interfaces/share/nav_interfaces/cmake/nav_interfaces__rosidl_typesupport_cExport-noconfig.cmake
[0.963s] -- Up-to-date: /home/psb/rokey_c_2_ws/install/nav_interfaces/share/nav_interfaces/cmake/export_nav_interfaces__rosidl_generator_cppExport.cmake
[0.964s] -- Up-to-date: /home/psb/rokey_c_2_ws/install/nav_interfaces/share/nav_interfaces/cmake/export_nav_interfaces__rosidl_typesupport_fastrtps_cppExport.cmake
[0.964s] -- Up-to-date: /home/psb/rokey_c_2_ws/install/nav_interfaces/share/nav_interfaces/cmake/export_nav_interfaces__rosidl_typesupport_fastrtps_cppExport-noconfig.cmake
[0.964s] -- Up-to-date: /home/psb/rokey_c_2_ws/install/nav_interfaces/share/nav_interfaces/cmake/nav_interfaces__rosidl_typesupport_introspection_cppExport.cmake
[0.964s] -- Up-to-date: /home/psb/rokey_c_2_ws/install/nav_interfaces/share/nav_interfaces/cmake/nav_interfaces__rosidl_typesupport_introspection_cppExport-noconfig.cmake
[0.964s] -- Up-to-date: /home/psb/rokey_c_2_ws/install/nav_interfaces/share/nav_interfaces/cmake/nav_interfaces__rosidl_typesupport_cppExport.cmake
[0.964s] -- Up-to-date: /home/psb/rokey_c_2_ws/install/nav_interfaces/share/nav_interfaces/cmake/nav_interfaces__rosidl_typesupport_cppExport-noconfig.cmake
[0.965s] -- Up-to-date: /home/psb/rokey_c_2_ws/install/nav_interfaces/share/nav_interfaces/cmake/export_nav_interfaces__rosidl_generator_pyExport.cmake
[0.965s] -- Up-to-date: /home/psb/rokey_c_2_ws/install/nav_interfaces/share/nav_interfaces/cmake/export_nav_interfaces__rosidl_generator_pyExport-noconfig.cmake
[0.965s] -- Up-to-date: /home/psb/rokey_c_2_ws/install/nav_interfaces/share/nav_interfaces/cmake/rosidl_cmake-extras.cmake
[0.965s] -- Up-to-date: /home/psb/rokey_c_2_ws/install/nav_interfaces/share/nav_interfaces/cmake/ament_cmake_export_dependencies-extras.cmake
[0.965s] -- Up-to-date: /home/psb/rokey_c_2_ws/install/nav_interfaces/share/nav_interfaces/cmake/ament_cmake_export_include_directories-extras.cmake
[0.965s] -- Up-to-date: /home/psb/rokey_c_2_ws/install/nav_interfaces/share/nav_interfaces/cmake/ament_cmake_export_libraries-extras.cmake
[0.965s] -- Up-to-date: /home/psb/rokey_c_2_ws/install/nav_interfaces/share/nav_interfaces/cmake/ament_cmake_export_targets-extras.cmake
[0.966s] -- Up-to-date: /home/psb/rokey_c_2_ws/install/nav_interfaces/share/nav_interfaces/cmake/rosidl_cmake_export_typesupport_targets-extras.cmake
[0.966s] -- Up-to-date: /home/psb/rokey_c_2_ws/install/nav_interfaces/share/nav_interfaces/cmake/rosidl_cmake_export_typesupport_libraries-extras.cmake
[0.966s] -- Up-to-date: /home/psb/rokey_c_2_ws/install/nav_interfaces/share/nav_interfaces/cmake/nav_interfacesConfig.cmake
[0.966s] -- Up-to-date: /home/psb/rokey_c_2_ws/install/nav_interfaces/share/nav_interfaces/cmake/nav_interfacesConfig-version.cmake
[0.966s] -- Up-to-date: /home/psb/rokey_c_2_ws/install/nav_interfaces/share/nav_interfaces/package.xml
[0.980s] Invoked command in '/home/psb/rokey_c_2_ws/build/nav_interfaces' returned '0': CMAKE_PREFIX_PATH=${CMAKE_PREFIX_PATH}:/home/psb/rokey_c_2_ws/install/turtlebot3_gui:/home/psb/rokey_c_2_ws/install/table_order:/home/psb/rokey_c_2_ws/install/serving_robot:/home/psb/rokey_c_2_ws/install/database:/home/psb/rokey_c_2_ws/install/c2_turtle_order_package:/home/psb/turtlebot3_ws/install/turtlebot3_teleop:/home/psb/turtlebot3_ws/install/turtlebot3_example:/opt/ros/humble /usr/bin/cmake --install /home/psb/rokey_c_2_ws/build/nav_interfaces
