[0.812s] Invoking command in '/home/g1/rokey_c_2_ws/build/table_order': AMENT_PREFIX_PATH=/home/g1/rokey_c_2_ws/install/table_order_interface:${AMENT_PREFIX_PATH} CMAKE_PREFIX_PATH=/home/g1/rokey_c_2_ws/install/table_order_interface:${CMAKE_PREFIX_PATH} LD_LIBRARY_PATH=/home/g1/rokey_c_2_ws/install/table_order_interface/lib:/home/g1/work/turtlebot3_ws/install/turtlebot3_msgs/lib:/usr/lib/x86_64-linux-gnu/gazebo-11/plugins:/opt/ros/humble/opt/rviz_ogre_vendor/lib:/opt/ros/humble/lib/x86_64-linux-gnu:/opt/ros/humble/lib:/usr/lib/x86_64-linux-gnu/gazebo-11/plugins PYTHONPATH=/home/g1/rokey_c_2_ws/build/table_order/prefix_override:/usr/lib/python3/dist-packages/colcon_core/task/python/colcon_distutils_commands:/home/g1/rokey_c_2_ws/install/table_order/lib/python3.10/site-packages:/home/g1/rokey_c_2_ws/install/table_order_interface/local/lib/python3.10/dist-packages:${PYTHONPATH} /usr/bin/python3 -W ignore:setup.py install is deprecated setup.py develop --editable --build-directory /home/g1/rokey_c_2_ws/build/table_order/build --no-deps symlink_data
[1.140s] running develop
[1.387s] running egg_info
[1.387s] creating table_order.egg-info
[1.387s] writing table_order.egg-info/PKG-INFO
[1.388s] writing dependency_links to table_order.egg-info/dependency_links.txt
[1.388s] writing entry points to table_order.egg-info/entry_points.txt
[1.388s] writing requirements to table_order.egg-info/requires.txt
[1.388s] writing top-level names to table_order.egg-info/top_level.txt
[1.388s] writing manifest file 'table_order.egg-info/SOURCES.txt'
[1.390s] reading manifest file 'table_order.egg-info/SOURCES.txt'
[1.390s] writing manifest file 'table_order.egg-info/SOURCES.txt'
[1.392s] running build_ext
[1.392s] Creating /home/g1/rokey_c_2_ws/install/table_order/lib/python3.10/site-packages/table-order.egg-link (link to .)
[1.392s] Installing response_test script to /home/g1/rokey_c_2_ws/install/table_order/lib/table_order
[1.393s] Installing table_order script to /home/g1/rokey_c_2_ws/install/table_order/lib/table_order
[1.393s] Installing table_order_copy script to /home/g1/rokey_c_2_ws/install/table_order/lib/table_order
[1.393s] 
[1.393s] Installed /home/g1/rokey_c_2_ws/build/table_order
[1.393s] running symlink_data
[1.393s] creating /home/g1/rokey_c_2_ws/install/table_order/share/ament_index
[1.393s] creating /home/g1/rokey_c_2_ws/install/table_order/share/ament_index/resource_index
[1.393s] creating /home/g1/rokey_c_2_ws/install/table_order/share/ament_index/resource_index/packages
[1.393s] symbolically linking /home/g1/rokey_c_2_ws/build/table_order/resource/table_order -> /home/g1/rokey_c_2_ws/install/table_order/share/ament_index/resource_index/packages
[1.393s] symbolically linking /home/g1/rokey_c_2_ws/build/table_order/package.xml -> /home/g1/rokey_c_2_ws/install/table_order/share/table_order
[1.432s] Invoked command in '/home/g1/rokey_c_2_ws/build/table_order' returned '0': AMENT_PREFIX_PATH=/home/g1/rokey_c_2_ws/install/table_order_interface:${AMENT_PREFIX_PATH} CMAKE_PREFIX_PATH=/home/g1/rokey_c_2_ws/install/table_order_interface:${CMAKE_PREFIX_PATH} LD_LIBRARY_PATH=/home/g1/rokey_c_2_ws/install/table_order_interface/lib:/home/g1/work/turtlebot3_ws/install/turtlebot3_msgs/lib:/usr/lib/x86_64-linux-gnu/gazebo-11/plugins:/opt/ros/humble/opt/rviz_ogre_vendor/lib:/opt/ros/humble/lib/x86_64-linux-gnu:/opt/ros/humble/lib:/usr/lib/x86_64-linux-gnu/gazebo-11/plugins PYTHONPATH=/home/g1/rokey_c_2_ws/build/table_order/prefix_override:/usr/lib/python3/dist-packages/colcon_core/task/python/colcon_distutils_commands:/home/g1/rokey_c_2_ws/install/table_order/lib/python3.10/site-packages:/home/g1/rokey_c_2_ws/install/table_order_interface/local/lib/python3.10/dist-packages:${PYTHONPATH} /usr/bin/python3 -W ignore:setup.py install is deprecated setup.py develop --editable --build-directory /home/g1/rokey_c_2_ws/build/table_order/build --no-deps symlink_data
