[0.118s] DEBUG:colcon:Command line arguments: ['/usr/bin/colcon', 'build', '--symlink-install']
[0.118s] DEBUG:colcon:Parsed command line arguments: Namespace(log_base=None, log_level=None, verb_name='build', build_base='build', install_base='install', merge_install=False, symlink_install=True, test_result_base=None, continue_on_error=False, executor='parallel', parallel_workers=8, event_handlers=None, ignore_user_meta=False, metas=['./colcon.meta'], base_paths=['.'], packages_ignore=None, packages_ignore_regex=None, paths=None, packages_up_to=None, packages_up_to_regex=None, packages_above=None, packages_above_and_dependencies=None, packages_above_depth=None, packages_select_by_dep=None, packages_skip_by_dep=None, packages_skip_up_to=None, packages_select_build_failed=False, packages_skip_build_finished=False, packages_select_test_failures=False, packages_skip_test_passed=False, packages_select=None, packages_skip=None, packages_select_regex=None, packages_skip_regex=None, packages_start=None, packages_end=None, allow_overriding=[], cmake_args=None, cmake_target=None, cmake_target_skip_unavailable=False, cmake_clean_cache=False, cmake_clean_first=False, cmake_force_configure=False, ament_cmake_args=None, catkin_cmake_args=None, catkin_skip_building_tests=False, verb_parser=<colcon_defaults.argument_parser.defaults.DefaultArgumentsDecorator object at 0x73be8b870550>, verb_extension=<colcon_core.verb.build.BuildVerb object at 0x73be8b837f40>, main=<bound method BuildVerb.main of <colcon_core.verb.build.BuildVerb object at 0x73be8b837f40>>)
[0.346s] Level 1:colcon.colcon_core.package_discovery:discover_packages(colcon_meta) check parameters
[0.346s] Level 1:colcon.colcon_core.package_discovery:discover_packages(recursive) check parameters
[0.346s] Level 1:colcon.colcon_core.package_discovery:discover_packages(ignore) check parameters
[0.346s] Level 1:colcon.colcon_core.package_discovery:discover_packages(path) check parameters
[0.346s] Level 1:colcon.colcon_core.package_discovery:discover_packages(colcon_meta) discover
[0.346s] Level 1:colcon.colcon_core.package_discovery:discover_packages(recursive) discover
[0.346s] INFO:colcon.colcon_core.package_discovery:Crawling recursively for packages in '/home/g1/rokey_c2_ws'
[0.346s] Level 1:colcon.colcon_core.package_identification:_identify(.) by extensions ['ignore', 'ignore_ament_install']
[0.346s] Level 1:colcon.colcon_core.package_identification:_identify(.) by extension 'ignore'
[0.346s] Level 1:colcon.colcon_core.package_identification:_identify(.) by extension 'ignore_ament_install'
[0.346s] Level 1:colcon.colcon_core.package_identification:_identify(.) by extensions ['colcon_pkg']
[0.346s] Level 1:colcon.colcon_core.package_identification:_identify(.) by extension 'colcon_pkg'
[0.346s] Level 1:colcon.colcon_core.package_identification:_identify(.) by extensions ['colcon_meta']
[0.346s] Level 1:colcon.colcon_core.package_identification:_identify(.) by extension 'colcon_meta'
[0.346s] Level 1:colcon.colcon_core.package_identification:_identify(.) by extensions ['ros']
[0.346s] Level 1:colcon.colcon_core.package_identification:_identify(.) by extension 'ros'
[0.363s] Level 1:colcon.colcon_core.package_identification:_identify(.) by extensions ['cmake', 'python']
[0.363s] Level 1:colcon.colcon_core.package_identification:_identify(.) by extension 'cmake'
[0.363s] Level 1:colcon.colcon_core.package_identification:_identify(.) by extension 'python'
[0.363s] Level 1:colcon.colcon_core.package_identification:_identify(.) by extensions ['python_setup_py']
[0.363s] Level 1:colcon.colcon_core.package_identification:_identify(.) by extension 'python_setup_py'
[0.363s] Level 1:colcon.colcon_core.package_identification:_identify(build) by extensions ['ignore', 'ignore_ament_install']
[0.363s] Level 1:colcon.colcon_core.package_identification:_identify(build) by extension 'ignore'
[0.363s] Level 1:colcon.colcon_core.package_identification:_identify(build) ignored
[0.364s] Level 1:colcon.colcon_core.package_identification:_identify(install) by extensions ['ignore', 'ignore_ament_install']
[0.364s] Level 1:colcon.colcon_core.package_identification:_identify(install) by extension 'ignore'
[0.364s] Level 1:colcon.colcon_core.package_identification:_identify(install) ignored
[0.364s] Level 1:colcon.colcon_core.package_identification:_identify(log) by extensions ['ignore', 'ignore_ament_install']
[0.364s] Level 1:colcon.colcon_core.package_identification:_identify(log) by extension 'ignore'
[0.364s] Level 1:colcon.colcon_core.package_identification:_identify(log) ignored
[0.364s] Level 1:colcon.colcon_core.package_identification:_identify(src) by extensions ['ignore', 'ignore_ament_install']
[0.364s] Level 1:colcon.colcon_core.package_identification:_identify(src) by extension 'ignore'
[0.364s] Level 1:colcon.colcon_core.package_identification:_identify(src) by extension 'ignore_ament_install'
[0.364s] Level 1:colcon.colcon_core.package_identification:_identify(src) by extensions ['colcon_pkg']
[0.364s] Level 1:colcon.colcon_core.package_identification:_identify(src) by extension 'colcon_pkg'
[0.364s] Level 1:colcon.colcon_core.package_identification:_identify(src) by extensions ['colcon_meta']
[0.364s] Level 1:colcon.colcon_core.package_identification:_identify(src) by extension 'colcon_meta'
[0.364s] Level 1:colcon.colcon_core.package_identification:_identify(src) by extensions ['ros']
[0.364s] Level 1:colcon.colcon_core.package_identification:_identify(src) by extension 'ros'
[0.364s] Level 1:colcon.colcon_core.package_identification:_identify(src) by extensions ['cmake', 'python']
[0.364s] Level 1:colcon.colcon_core.package_identification:_identify(src) by extension 'cmake'
[0.365s] Level 1:colcon.colcon_core.package_identification:_identify(src) by extension 'python'
[0.365s] Level 1:colcon.colcon_core.package_identification:_identify(src) by extensions ['python_setup_py']
[0.365s] Level 1:colcon.colcon_core.package_identification:_identify(src) by extension 'python_setup_py'
[0.365s] Level 1:colcon.colcon_core.package_identification:_identify(src/c2_turtle_interface) by extensions ['ignore', 'ignore_ament_install']
[0.365s] Level 1:colcon.colcon_core.package_identification:_identify(src/c2_turtle_interface) by extension 'ignore'
[0.365s] Level 1:colcon.colcon_core.package_identification:_identify(src/c2_turtle_interface) by extension 'ignore_ament_install'
[0.365s] Level 1:colcon.colcon_core.package_identification:_identify(src/c2_turtle_interface) by extensions ['colcon_pkg']
[0.365s] Level 1:colcon.colcon_core.package_identification:_identify(src/c2_turtle_interface) by extension 'colcon_pkg'
[0.365s] Level 1:colcon.colcon_core.package_identification:_identify(src/c2_turtle_interface) by extensions ['colcon_meta']
[0.365s] Level 1:colcon.colcon_core.package_identification:_identify(src/c2_turtle_interface) by extension 'colcon_meta'
[0.365s] Level 1:colcon.colcon_core.package_identification:_identify(src/c2_turtle_interface) by extensions ['ros']
[0.365s] Level 1:colcon.colcon_core.package_identification:_identify(src/c2_turtle_interface) by extension 'ros'
[0.367s] DEBUG:colcon.colcon_core.package_identification:Package 'src/c2_turtle_interface' with type 'ros.ament_cmake' and name 'c2_turtle_interface'
[0.367s] Level 1:colcon.colcon_core.package_identification:_identify(src/c2_turtle_order_package) by extensions ['ignore', 'ignore_ament_install']
[0.367s] Level 1:colcon.colcon_core.package_identification:_identify(src/c2_turtle_order_package) by extension 'ignore'
[0.367s] Level 1:colcon.colcon_core.package_identification:_identify(src/c2_turtle_order_package) by extension 'ignore_ament_install'
[0.367s] Level 1:colcon.colcon_core.package_identification:_identify(src/c2_turtle_order_package) by extensions ['colcon_pkg']
[0.367s] Level 1:colcon.colcon_core.package_identification:_identify(src/c2_turtle_order_package) by extension 'colcon_pkg'
[0.368s] Level 1:colcon.colcon_core.package_identification:_identify(src/c2_turtle_order_package) by extensions ['colcon_meta']
[0.368s] Level 1:colcon.colcon_core.package_identification:_identify(src/c2_turtle_order_package) by extension 'colcon_meta'
[0.368s] Level 1:colcon.colcon_core.package_identification:_identify(src/c2_turtle_order_package) by extensions ['ros']
[0.368s] Level 1:colcon.colcon_core.package_identification:_identify(src/c2_turtle_order_package) by extension 'ros'
[0.368s] DEBUG:colcon.colcon_core.package_identification:Package 'src/c2_turtle_order_package' with type 'ros.ament_python' and name 'c2_turtle_order_package'
[0.368s] Level 1:colcon.colcon_core.package_identification:_identify(src/jiwon) by extensions ['ignore', 'ignore_ament_install']
[0.369s] Level 1:colcon.colcon_core.package_identification:_identify(src/jiwon) by extension 'ignore'
[0.369s] Level 1:colcon.colcon_core.package_identification:_identify(src/jiwon) by extension 'ignore_ament_install'
[0.369s] Level 1:colcon.colcon_core.package_identification:_identify(src/jiwon) by extensions ['colcon_pkg']
[0.369s] Level 1:colcon.colcon_core.package_identification:_identify(src/jiwon) by extension 'colcon_pkg'
[0.369s] Level 1:colcon.colcon_core.package_identification:_identify(src/jiwon) by extensions ['colcon_meta']
[0.369s] Level 1:colcon.colcon_core.package_identification:_identify(src/jiwon) by extension 'colcon_meta'
[0.369s] Level 1:colcon.colcon_core.package_identification:_identify(src/jiwon) by extensions ['ros']
[0.369s] Level 1:colcon.colcon_core.package_identification:_identify(src/jiwon) by extension 'ros'
[0.369s] DEBUG:colcon.colcon_core.package_identification:Package 'src/jiwon' with type 'ros.ament_python' and name 'jiwon'
[0.369s] Level 1:colcon.colcon_core.package_identification:_identify(src/turtlebot3_gui) by extensions ['ignore', 'ignore_ament_install']
[0.370s] Level 1:colcon.colcon_core.package_identification:_identify(src/turtlebot3_gui) by extension 'ignore'
[0.370s] Level 1:colcon.colcon_core.package_identification:_identify(src/turtlebot3_gui) by extension 'ignore_ament_install'
[0.370s] Level 1:colcon.colcon_core.package_identification:_identify(src/turtlebot3_gui) by extensions ['colcon_pkg']
[0.370s] Level 1:colcon.colcon_core.package_identification:_identify(src/turtlebot3_gui) by extension 'colcon_pkg'
[0.370s] Level 1:colcon.colcon_core.package_identification:_identify(src/turtlebot3_gui) by extensions ['colcon_meta']
[0.370s] Level 1:colcon.colcon_core.package_identification:_identify(src/turtlebot3_gui) by extension 'colcon_meta'
[0.370s] Level 1:colcon.colcon_core.package_identification:_identify(src/turtlebot3_gui) by extensions ['ros']
[0.370s] Level 1:colcon.colcon_core.package_identification:_identify(src/turtlebot3_gui) by extension 'ros'
[0.370s] Level 1:colcon.colcon_core.package_identification:_identify(src/turtlebot3_gui) by extensions ['cmake', 'python']
[0.370s] Level 1:colcon.colcon_core.package_identification:_identify(src/turtlebot3_gui) by extension 'cmake'
[0.370s] Level 1:colcon.colcon_core.package_identification:_identify(src/turtlebot3_gui) by extension 'python'
[0.370s] Level 1:colcon.colcon_core.package_identification:_identify(src/turtlebot3_gui) by extensions ['python_setup_py']
[0.370s] Level 1:colcon.colcon_core.package_identification:_identify(src/turtlebot3_gui) by extension 'python_setup_py'
[0.370s] Level 1:colcon.colcon_core.package_identification:_identify(src/turtlebot3_gui/build) by extensions ['ignore', 'ignore_ament_install']
[0.370s] Level 1:colcon.colcon_core.package_identification:_identify(src/turtlebot3_gui/build) by extension 'ignore'
[0.370s] Level 1:colcon.colcon_core.package_identification:_identify(src/turtlebot3_gui/build) ignored
[0.370s] Level 1:colcon.colcon_core.package_identification:_identify(src/turtlebot3_gui/install) by extensions ['ignore', 'ignore_ament_install']
[0.370s] Level 1:colcon.colcon_core.package_identification:_identify(src/turtlebot3_gui/install) by extension 'ignore'
[0.370s] Level 1:colcon.colcon_core.package_identification:_identify(src/turtlebot3_gui/install) ignored
[0.371s] Level 1:colcon.colcon_core.package_identification:_identify(src/turtlebot3_gui/log) by extensions ['ignore', 'ignore_ament_install']
[0.371s] Level 1:colcon.colcon_core.package_identification:_identify(src/turtlebot3_gui/log) by extension 'ignore'
[0.371s] Level 1:colcon.colcon_core.package_identification:_identify(src/turtlebot3_gui/log) ignored
[0.371s] Level 1:colcon.colcon_core.package_identification:_identify(src/turtlebot3_gui/src) by extensions ['ignore', 'ignore_ament_install']
[0.371s] Level 1:colcon.colcon_core.package_identification:_identify(src/turtlebot3_gui/src) by extension 'ignore'
[0.371s] Level 1:colcon.colcon_core.package_identification:_identify(src/turtlebot3_gui/src) by extension 'ignore_ament_install'
[0.371s] Level 1:colcon.colcon_core.package_identification:_identify(src/turtlebot3_gui/src) by extensions ['colcon_pkg']
[0.371s] Level 1:colcon.colcon_core.package_identification:_identify(src/turtlebot3_gui/src) by extension 'colcon_pkg'
[0.371s] Level 1:colcon.colcon_core.package_identification:_identify(src/turtlebot3_gui/src) by extensions ['colcon_meta']
[0.371s] Level 1:colcon.colcon_core.package_identification:_identify(src/turtlebot3_gui/src) by extension 'colcon_meta'
[0.371s] Level 1:colcon.colcon_core.package_identification:_identify(src/turtlebot3_gui/src) by extensions ['ros']
[0.371s] Level 1:colcon.colcon_core.package_identification:_identify(src/turtlebot3_gui/src) by extension 'ros'
[0.371s] Level 1:colcon.colcon_core.package_identification:_identify(src/turtlebot3_gui/src) by extensions ['cmake', 'python']
[0.371s] Level 1:colcon.colcon_core.package_identification:_identify(src/turtlebot3_gui/src) by extension 'cmake'
[0.371s] Level 1:colcon.colcon_core.package_identification:_identify(src/turtlebot3_gui/src) by extension 'python'
[0.371s] Level 1:colcon.colcon_core.package_identification:_identify(src/turtlebot3_gui/src) by extensions ['python_setup_py']
[0.371s] Level 1:colcon.colcon_core.package_identification:_identify(src/turtlebot3_gui/src) by extension 'python_setup_py'
[0.371s] Level 1:colcon.colcon_core.package_identification:_identify(src/turtlebot3_gui/src/calculator_interfaces) by extensions ['ignore', 'ignore_ament_install']
[0.371s] Level 1:colcon.colcon_core.package_identification:_identify(src/turtlebot3_gui/src/calculator_interfaces) by extension 'ignore'
[0.372s] Level 1:colcon.colcon_core.package_identification:_identify(src/turtlebot3_gui/src/calculator_interfaces) by extension 'ignore_ament_install'
[0.372s] Level 1:colcon.colcon_core.package_identification:_identify(src/turtlebot3_gui/src/calculator_interfaces) by extensions ['colcon_pkg']
[0.372s] Level 1:colcon.colcon_core.package_identification:_identify(src/turtlebot3_gui/src/calculator_interfaces) by extension 'colcon_pkg'
[0.372s] Level 1:colcon.colcon_core.package_identification:_identify(src/turtlebot3_gui/src/calculator_interfaces) by extensions ['colcon_meta']
[0.372s] Level 1:colcon.colcon_core.package_identification:_identify(src/turtlebot3_gui/src/calculator_interfaces) by extension 'colcon_meta'
[0.372s] Level 1:colcon.colcon_core.package_identification:_identify(src/turtlebot3_gui/src/calculator_interfaces) by extensions ['ros']
[0.372s] Level 1:colcon.colcon_core.package_identification:_identify(src/turtlebot3_gui/src/calculator_interfaces) by extension 'ros'
[0.372s] DEBUG:colcon.colcon_core.package_identification:Package 'src/turtlebot3_gui/src/calculator_interfaces' with type 'ros.ament_cmake' and name 'calculator_interfaces'
[0.372s] Level 1:colcon.colcon_core.package_identification:_identify(src/turtlebot3_gui/src/turtlebot3_gui) by extensions ['ignore', 'ignore_ament_install']
[0.372s] Level 1:colcon.colcon_core.package_identification:_identify(src/turtlebot3_gui/src/turtlebot3_gui) by extension 'ignore'
[0.373s] Level 1:colcon.colcon_core.package_identification:_identify(src/turtlebot3_gui/src/turtlebot3_gui) by extension 'ignore_ament_install'
[0.373s] Level 1:colcon.colcon_core.package_identification:_identify(src/turtlebot3_gui/src/turtlebot3_gui) by extensions ['colcon_pkg']
[0.373s] Level 1:colcon.colcon_core.package_identification:_identify(src/turtlebot3_gui/src/turtlebot3_gui) by extension 'colcon_pkg'
[0.373s] Level 1:colcon.colcon_core.package_identification:_identify(src/turtlebot3_gui/src/turtlebot3_gui) by extensions ['colcon_meta']
[0.373s] Level 1:colcon.colcon_core.package_identification:_identify(src/turtlebot3_gui/src/turtlebot3_gui) by extension 'colcon_meta'
[0.373s] Level 1:colcon.colcon_core.package_identification:_identify(src/turtlebot3_gui/src/turtlebot3_gui) by extensions ['ros']
[0.373s] Level 1:colcon.colcon_core.package_identification:_identify(src/turtlebot3_gui/src/turtlebot3_gui) by extension 'ros'
[0.373s] DEBUG:colcon.colcon_core.package_identification:Package 'src/turtlebot3_gui/src/turtlebot3_gui' with type 'ros.ament_python' and name 'turtlebot3_gui'
[0.373s] Level 1:colcon.colcon_core.package_discovery:discover_packages(recursive) using defaults
[0.373s] Level 1:colcon.colcon_core.package_discovery:discover_packages(ignore) discover
[0.373s] Level 1:colcon.colcon_core.package_discovery:discover_packages(ignore) using defaults
[0.373s] Level 1:colcon.colcon_core.package_discovery:discover_packages(path) discover
[0.373s] Level 1:colcon.colcon_core.package_discovery:discover_packages(path) using defaults
[0.392s] Level 1:colcon.colcon_core.package_discovery:discover_packages(prefix_path) check parameters
[0.392s] Level 1:colcon.colcon_core.package_discovery:discover_packages(prefix_path) discover
[0.393s] WARNING:colcon.colcon_ros.prefix_path.ament:The path '/home/g1/rokey_c2_ws/install/turtlebot3_gui' in the environment variable AMENT_PREFIX_PATH doesn't exist
[0.393s] WARNING:colcon.colcon_ros.prefix_path.ament:The path '/home/g1/rokey_c2_ws/install/jiwon' in the environment variable AMENT_PREFIX_PATH doesn't exist
[0.393s] WARNING:colcon.colcon_ros.prefix_path.ament:The path '/home/g1/rokey_c2_ws/install/calculator_interfaces' in the environment variable AMENT_PREFIX_PATH doesn't exist
[0.393s] WARNING:colcon.colcon_ros.prefix_path.ament:The path '/home/g1/rokey_c2_ws/install/c2_turtle_order_package' in the environment variable AMENT_PREFIX_PATH doesn't exist
[0.393s] WARNING:colcon.colcon_ros.prefix_path.ament:The path '/home/g1/rokey_c2_ws/install/c2_turtle_interface' in the environment variable AMENT_PREFIX_PATH doesn't exist
[0.394s] WARNING:colcon.colcon_ros.prefix_path.catkin:The path '/home/g1/rokey_c2_ws/install/calculator_interfaces' in the environment variable CMAKE_PREFIX_PATH doesn't exist
[0.394s] WARNING:colcon.colcon_ros.prefix_path.catkin:The path '/home/g1/rokey_c2_ws/install/c2_turtle_interface' in the environment variable CMAKE_PREFIX_PATH doesn't exist
[0.394s] DEBUG:colcon.colcon_installed_package_information.package_discovery:Found 0 installed packages in /home/g1/rokey_c2_ws/install
[0.395s] DEBUG:colcon.colcon_installed_package_information.package_discovery:Found 12 installed packages in /home/g1/work/turtlebot3_ws/install
[0.396s] DEBUG:colcon.colcon_installed_package_information.package_discovery:Found 373 installed packages in /opt/ros/humble
[0.398s] Level 1:colcon.colcon_core.package_discovery:discover_packages(prefix_path) using defaults
[0.444s] Level 5:colcon.colcon_core.verb:set package 'c2_turtle_interface' build argument 'cmake_args' from command line to 'None'
[0.444s] Level 5:colcon.colcon_core.verb:set package 'c2_turtle_interface' build argument 'cmake_target' from command line to 'None'
[0.444s] Level 5:colcon.colcon_core.verb:set package 'c2_turtle_interface' build argument 'cmake_target_skip_unavailable' from command line to 'False'
[0.444s] Level 5:colcon.colcon_core.verb:set package 'c2_turtle_interface' build argument 'cmake_clean_cache' from command line to 'False'
[0.444s] Level 5:colcon.colcon_core.verb:set package 'c2_turtle_interface' build argument 'cmake_clean_first' from command line to 'False'
[0.444s] Level 5:colcon.colcon_core.verb:set package 'c2_turtle_interface' build argument 'cmake_force_configure' from command line to 'False'
[0.444s] Level 5:colcon.colcon_core.verb:set package 'c2_turtle_interface' build argument 'ament_cmake_args' from command line to 'None'
[0.444s] Level 5:colcon.colcon_core.verb:set package 'c2_turtle_interface' build argument 'catkin_cmake_args' from command line to 'None'
[0.444s] Level 5:colcon.colcon_core.verb:set package 'c2_turtle_interface' build argument 'catkin_skip_building_tests' from command line to 'False'
[0.444s] DEBUG:colcon.colcon_core.verb:Building package 'c2_turtle_interface' with the following arguments: {'ament_cmake_args': None, 'build_base': '/home/g1/rokey_c2_ws/build/c2_turtle_interface', 'catkin_cmake_args': None, 'catkin_skip_building_tests': False, 'cmake_args': None, 'cmake_clean_cache': False, 'cmake_clean_first': False, 'cmake_force_configure': False, 'cmake_target': None, 'cmake_target_skip_unavailable': False, 'install_base': '/home/g1/rokey_c2_ws/install/c2_turtle_interface', 'merge_install': False, 'path': '/home/g1/rokey_c2_ws/src/c2_turtle_interface', 'symlink_install': True, 'test_result_base': None}
[0.445s] Level 5:colcon.colcon_core.verb:set package 'c2_turtle_order_package' build argument 'cmake_args' from command line to 'None'
[0.445s] Level 5:colcon.colcon_core.verb:set package 'c2_turtle_order_package' build argument 'cmake_target' from command line to 'None'
[0.445s] Level 5:colcon.colcon_core.verb:set package 'c2_turtle_order_package' build argument 'cmake_target_skip_unavailable' from command line to 'False'
[0.445s] Level 5:colcon.colcon_core.verb:set package 'c2_turtle_order_package' build argument 'cmake_clean_cache' from command line to 'False'
[0.445s] Level 5:colcon.colcon_core.verb:set package 'c2_turtle_order_package' build argument 'cmake_clean_first' from command line to 'False'
[0.445s] Level 5:colcon.colcon_core.verb:set package 'c2_turtle_order_package' build argument 'cmake_force_configure' from command line to 'False'
[0.445s] Level 5:colcon.colcon_core.verb:set package 'c2_turtle_order_package' build argument 'ament_cmake_args' from command line to 'None'
[0.445s] Level 5:colcon.colcon_core.verb:set package 'c2_turtle_order_package' build argument 'catkin_cmake_args' from command line to 'None'
[0.445s] Level 5:colcon.colcon_core.verb:set package 'c2_turtle_order_package' build argument 'catkin_skip_building_tests' from command line to 'False'
[0.445s] DEBUG:colcon.colcon_core.verb:Building package 'c2_turtle_order_package' with the following arguments: {'ament_cmake_args': None, 'build_base': '/home/g1/rokey_c2_ws/build/c2_turtle_order_package', 'catkin_cmake_args': None, 'catkin_skip_building_tests': False, 'cmake_args': None, 'cmake_clean_cache': False, 'cmake_clean_first': False, 'cmake_force_configure': False, 'cmake_target': None, 'cmake_target_skip_unavailable': False, 'install_base': '/home/g1/rokey_c2_ws/install/c2_turtle_order_package', 'merge_install': False, 'path': '/home/g1/rokey_c2_ws/src/c2_turtle_order_package', 'symlink_install': True, 'test_result_base': None}
[0.445s] Level 5:colcon.colcon_core.verb:set package 'calculator_interfaces' build argument 'cmake_args' from command line to 'None'
[0.445s] Level 5:colcon.colcon_core.verb:set package 'calculator_interfaces' build argument 'cmake_target' from command line to 'None'
[0.445s] Level 5:colcon.colcon_core.verb:set package 'calculator_interfaces' build argument 'cmake_target_skip_unavailable' from command line to 'False'
[0.445s] Level 5:colcon.colcon_core.verb:set package 'calculator_interfaces' build argument 'cmake_clean_cache' from command line to 'False'
[0.446s] Level 5:colcon.colcon_core.verb:set package 'calculator_interfaces' build argument 'cmake_clean_first' from command line to 'False'
[0.446s] Level 5:colcon.colcon_core.verb:set package 'calculator_interfaces' build argument 'cmake_force_configure' from command line to 'False'
[0.446s] Level 5:colcon.colcon_core.verb:set package 'calculator_interfaces' build argument 'ament_cmake_args' from command line to 'None'
[0.446s] Level 5:colcon.colcon_core.verb:set package 'calculator_interfaces' build argument 'catkin_cmake_args' from command line to 'None'
[0.446s] Level 5:colcon.colcon_core.verb:set package 'calculator_interfaces' build argument 'catkin_skip_building_tests' from command line to 'False'
[0.446s] DEBUG:colcon.colcon_core.verb:Building package 'calculator_interfaces' with the following arguments: {'ament_cmake_args': None, 'build_base': '/home/g1/rokey_c2_ws/build/calculator_interfaces', 'catkin_cmake_args': None, 'catkin_skip_building_tests': False, 'cmake_args': None, 'cmake_clean_cache': False, 'cmake_clean_first': False, 'cmake_force_configure': False, 'cmake_target': None, 'cmake_target_skip_unavailable': False, 'install_base': '/home/g1/rokey_c2_ws/install/calculator_interfaces', 'merge_install': False, 'path': '/home/g1/rokey_c2_ws/src/turtlebot3_gui/src/calculator_interfaces', 'symlink_install': True, 'test_result_base': None}
[0.446s] Level 5:colcon.colcon_core.verb:set package 'jiwon' build argument 'cmake_args' from command line to 'None'
[0.446s] Level 5:colcon.colcon_core.verb:set package 'jiwon' build argument 'cmake_target' from command line to 'None'
[0.446s] Level 5:colcon.colcon_core.verb:set package 'jiwon' build argument 'cmake_target_skip_unavailable' from command line to 'False'
[0.446s] Level 5:colcon.colcon_core.verb:set package 'jiwon' build argument 'cmake_clean_cache' from command line to 'False'
[0.446s] Level 5:colcon.colcon_core.verb:set package 'jiwon' build argument 'cmake_clean_first' from command line to 'False'
[0.446s] Level 5:colcon.colcon_core.verb:set package 'jiwon' build argument 'cmake_force_configure' from command line to 'False'
[0.446s] Level 5:colcon.colcon_core.verb:set package 'jiwon' build argument 'ament_cmake_args' from command line to 'None'
[0.446s] Level 5:colcon.colcon_core.verb:set package 'jiwon' build argument 'catkin_cmake_args' from command line to 'None'
[0.446s] Level 5:colcon.colcon_core.verb:set package 'jiwon' build argument 'catkin_skip_building_tests' from command line to 'False'
[0.446s] DEBUG:colcon.colcon_core.verb:Building package 'jiwon' with the following arguments: {'ament_cmake_args': None, 'build_base': '/home/g1/rokey_c2_ws/build/jiwon', 'catkin_cmake_args': None, 'catkin_skip_building_tests': False, 'cmake_args': None, 'cmake_clean_cache': False, 'cmake_clean_first': False, 'cmake_force_configure': False, 'cmake_target': None, 'cmake_target_skip_unavailable': False, 'install_base': '/home/g1/rokey_c2_ws/install/jiwon', 'merge_install': False, 'path': '/home/g1/rokey_c2_ws/src/jiwon', 'symlink_install': True, 'test_result_base': None}
[0.447s] Level 5:colcon.colcon_core.verb:set package 'turtlebot3_gui' build argument 'cmake_args' from command line to 'None'
[0.447s] Level 5:colcon.colcon_core.verb:set package 'turtlebot3_gui' build argument 'cmake_target' from command line to 'None'
[0.447s] Level 5:colcon.colcon_core.verb:set package 'turtlebot3_gui' build argument 'cmake_target_skip_unavailable' from command line to 'False'
[0.447s] Level 5:colcon.colcon_core.verb:set package 'turtlebot3_gui' build argument 'cmake_clean_cache' from command line to 'False'
[0.447s] Level 5:colcon.colcon_core.verb:set package 'turtlebot3_gui' build argument 'cmake_clean_first' from command line to 'False'
[0.447s] Level 5:colcon.colcon_core.verb:set package 'turtlebot3_gui' build argument 'cmake_force_configure' from command line to 'False'
[0.447s] Level 5:colcon.colcon_core.verb:set package 'turtlebot3_gui' build argument 'ament_cmake_args' from command line to 'None'
[0.447s] Level 5:colcon.colcon_core.verb:set package 'turtlebot3_gui' build argument 'catkin_cmake_args' from command line to 'None'
[0.447s] Level 5:colcon.colcon_core.verb:set package 'turtlebot3_gui' build argument 'catkin_skip_building_tests' from command line to 'False'
[0.447s] DEBUG:colcon.colcon_core.verb:Building package 'turtlebot3_gui' with the following arguments: {'ament_cmake_args': None, 'build_base': '/home/g1/rokey_c2_ws/build/turtlebot3_gui', 'catkin_cmake_args': None, 'catkin_skip_building_tests': False, 'cmake_args': None, 'cmake_clean_cache': False, 'cmake_clean_first': False, 'cmake_force_configure': False, 'cmake_target': None, 'cmake_target_skip_unavailable': False, 'install_base': '/home/g1/rokey_c2_ws/install/turtlebot3_gui', 'merge_install': False, 'path': '/home/g1/rokey_c2_ws/src/turtlebot3_gui/src/turtlebot3_gui', 'symlink_install': True, 'test_result_base': None}
[0.447s] INFO:colcon.colcon_core.executor:Executing jobs using 'parallel' executor
[0.448s] DEBUG:colcon.colcon_parallel_executor.executor.parallel:run_until_complete
[0.448s] INFO:colcon.colcon_ros.task.ament_cmake.build:Building ROS package in '/home/g1/rokey_c2_ws/src/c2_turtle_interface' with build type 'ament_cmake'
[0.448s] INFO:colcon.colcon_cmake.task.cmake.build:Building CMake package in '/home/g1/rokey_c2_ws/src/c2_turtle_interface'
[0.450s] INFO:colcon.colcon_core.plugin_system:Skipping extension 'colcon_core.shell.bat': Not used on non-Windows systems
[0.450s] INFO:colcon.colcon_core.shell:Skip shell extension 'powershell' for command environment: Not usable outside of PowerShell
[0.450s] DEBUG:colcon.colcon_core.shell:Skip shell extension 'dsv' for command environment
[0.455s] INFO:colcon.colcon_ros.task.ament_python.build:Building ROS package in '/home/g1/rokey_c2_ws/src/c2_turtle_order_package' with build type 'ament_python'
[0.455s] Level 1:colcon.colcon_core.shell:create_environment_hook('c2_turtle_order_package', 'ament_prefix_path')
[0.455s] INFO:colcon.colcon_core.shell:Creating environment hook '/home/g1/rokey_c2_ws/install/c2_turtle_order_package/share/c2_turtle_order_package/hook/ament_prefix_path.ps1'
[0.456s] INFO:colcon.colcon_core.shell:Creating environment descriptor '/home/g1/rokey_c2_ws/install/c2_turtle_order_package/share/c2_turtle_order_package/hook/ament_prefix_path.dsv'
[0.456s] INFO:colcon.colcon_core.shell:Creating environment hook '/home/g1/rokey_c2_ws/install/c2_turtle_order_package/share/c2_turtle_order_package/hook/ament_prefix_path.sh'
[0.457s] INFO:colcon.colcon_core.shell:Skip shell extension 'powershell' for command environment: Not usable outside of PowerShell
[0.457s] DEBUG:colcon.colcon_core.shell:Skip shell extension 'dsv' for command environment
[0.461s] INFO:colcon.colcon_ros.task.ament_cmake.build:Building ROS package in '/home/g1/rokey_c2_ws/src/turtlebot3_gui/src/calculator_interfaces' with build type 'ament_cmake'
[0.461s] INFO:colcon.colcon_cmake.task.cmake.build:Building CMake package in '/home/g1/rokey_c2_ws/src/turtlebot3_gui/src/calculator_interfaces'
[0.461s] INFO:colcon.colcon_core.shell:Skip shell extension 'powershell' for command environment: Not usable outside of PowerShell
[0.461s] DEBUG:colcon.colcon_core.shell:Skip shell extension 'dsv' for command environment
[0.464s] INFO:colcon.colcon_ros.task.ament_python.build:Building ROS package in '/home/g1/rokey_c2_ws/src/jiwon' with build type 'ament_python'
[0.465s] Level 1:colcon.colcon_core.shell:create_environment_hook('jiwon', 'ament_prefix_path')
[0.465s] INFO:colcon.colcon_core.shell:Creating environment hook '/home/g1/rokey_c2_ws/install/jiwon/share/jiwon/hook/ament_prefix_path.ps1'
[0.465s] INFO:colcon.colcon_core.shell:Creating environment descriptor '/home/g1/rokey_c2_ws/install/jiwon/share/jiwon/hook/ament_prefix_path.dsv'
[0.465s] INFO:colcon.colcon_core.shell:Creating environment hook '/home/g1/rokey_c2_ws/install/jiwon/share/jiwon/hook/ament_prefix_path.sh'
[0.466s] INFO:colcon.colcon_core.shell:Skip shell extension 'powershell' for command environment: Not usable outside of PowerShell
[0.466s] DEBUG:colcon.colcon_core.shell:Skip shell extension 'dsv' for command environment
[0.469s] INFO:colcon.colcon_ros.task.ament_python.build:Building ROS package in '/home/g1/rokey_c2_ws/src/turtlebot3_gui/src/turtlebot3_gui' with build type 'ament_python'
[0.469s] Level 1:colcon.colcon_core.shell:create_environment_hook('turtlebot3_gui', 'ament_prefix_path')
[0.470s] INFO:colcon.colcon_core.shell:Creating environment hook '/home/g1/rokey_c2_ws/install/turtlebot3_gui/share/turtlebot3_gui/hook/ament_prefix_path.ps1'
[0.470s] INFO:colcon.colcon_core.shell:Creating environment descriptor '/home/g1/rokey_c2_ws/install/turtlebot3_gui/share/turtlebot3_gui/hook/ament_prefix_path.dsv'
[0.470s] INFO:colcon.colcon_core.shell:Creating environment hook '/home/g1/rokey_c2_ws/install/turtlebot3_gui/share/turtlebot3_gui/hook/ament_prefix_path.sh'
[0.471s] INFO:colcon.colcon_core.shell:Skip shell extension 'powershell' for command environment: Not usable outside of PowerShell
[0.471s] DEBUG:colcon.colcon_core.shell:Skip shell extension 'dsv' for command environment
[0.478s] DEBUG:colcon.colcon_core.event_handler.log_command:Invoking command in '/home/g1/rokey_c2_ws/build/c2_turtle_interface': CMAKE_PREFIX_PATH=${CMAKE_PREFIX_PATH}:/home/g1/rokey_c2_ws/install/turtlebot3_gui:/home/g1/rokey_c2_ws/install/jiwon:/home/g1/rokey_c2_ws/install/c2_turtle_order_package:/home/g1/work/turtlebot3_ws/install/turtlebot3_teleop:/home/g1/work/turtlebot3_ws/install/turtlebot3_example:/opt/ros/humble /usr/bin/cmake /home/g1/rokey_c2_ws/src/c2_turtle_interface -DAMENT_CMAKE_SYMLINK_INSTALL=1 -DCMAKE_INSTALL_PREFIX=/home/g1/rokey_c2_ws/install/c2_turtle_interface
[0.827s] INFO:colcon.colcon_core.task.python.build:Building Python package in '/home/g1/rokey_c2_ws/src/c2_turtle_order_package'
[0.828s] INFO:colcon.colcon_core.shell:Skip shell extension 'powershell' for command environment: Not usable outside of PowerShell
[0.828s] DEBUG:colcon.colcon_core.shell:Skip shell extension 'dsv' for command environment
[0.840s] DEBUG:colcon.colcon_core.event_handler.log_command:Invoking command in '/home/g1/rokey_c2_ws/build/calculator_interfaces': CMAKE_PREFIX_PATH=${CMAKE_PREFIX_PATH}:/home/g1/rokey_c2_ws/install/turtlebot3_gui:/home/g1/rokey_c2_ws/install/jiwon:/home/g1/rokey_c2_ws/install/c2_turtle_order_package:/home/g1/work/turtlebot3_ws/install/turtlebot3_teleop:/home/g1/work/turtlebot3_ws/install/turtlebot3_example:/opt/ros/humble /usr/bin/cmake /home/g1/rokey_c2_ws/src/turtlebot3_gui/src/calculator_interfaces -DAMENT_CMAKE_SYMLINK_INSTALL=1 -DCMAKE_INSTALL_PREFIX=/home/g1/rokey_c2_ws/install/calculator_interfaces
[1.169s] INFO:colcon.colcon_core.task.python.build:Building Python package in '/home/g1/rokey_c2_ws/src/jiwon'
[1.170s] INFO:colcon.colcon_core.shell:Skip shell extension 'powershell' for command environment: Not usable outside of PowerShell
[1.170s] DEBUG:colcon.colcon_core.shell:Skip shell extension 'dsv' for command environment
[1.594s] INFO:colcon.colcon_core.task.python.build:Building Python package in '/home/g1/rokey_c2_ws/src/turtlebot3_gui/src/turtlebot3_gui'
[1.594s] INFO:colcon.colcon_core.shell:Skip shell extension 'powershell' for command environment: Not usable outside of PowerShell
[1.594s] DEBUG:colcon.colcon_core.shell:Skip shell extension 'dsv' for command environment
[2.127s] DEBUG:colcon.colcon_core.event_handler.log_command:Invoking command in '/home/g1/rokey_c2_ws/build/turtlebot3_gui': PYTHONPATH=/home/g1/rokey_c2_ws/build/turtlebot3_gui/prefix_override:/usr/lib/python3/dist-packages/colcon_core/task/python/colcon_distutils_commands:/home/g1/rokey_c2_ws/install/turtlebot3_gui/lib/python3.10/site-packages:${PYTHONPATH} /usr/bin/python3 -W ignore:setup.py install is deprecated setup.py develop --editable --build-directory /home/g1/rokey_c2_ws/build/turtlebot3_gui/build --no-deps symlink_data
[2.163s] DEBUG:colcon.colcon_core.event_handler.log_command:Invoking command in '/home/g1/rokey_c2_ws/build/c2_turtle_order_package': PYTHONPATH=/home/g1/rokey_c2_ws/build/c2_turtle_order_package/prefix_override:/usr/lib/python3/dist-packages/colcon_core/task/python/colcon_distutils_commands:/home/g1/rokey_c2_ws/install/c2_turtle_order_package/lib/python3.10/site-packages:${PYTHONPATH} /usr/bin/python3 -W ignore:setup.py install is deprecated setup.py develop --editable --build-directory /home/g1/rokey_c2_ws/build/c2_turtle_order_package/build --no-deps symlink_data
[2.167s] DEBUG:colcon.colcon_core.event_handler.log_command:Invoking command in '/home/g1/rokey_c2_ws/build/jiwon': PYTHONPATH=/home/g1/rokey_c2_ws/build/jiwon/prefix_override:/usr/lib/python3/dist-packages/colcon_core/task/python/colcon_distutils_commands:/home/g1/rokey_c2_ws/install/jiwon/lib/python3.10/site-packages:${PYTHONPATH} /usr/bin/python3 -W ignore:setup.py install is deprecated setup.py develop --editable --build-directory /home/g1/rokey_c2_ws/build/jiwon/build --no-deps symlink_data
[2.440s] DEBUG:colcon.colcon_core.event_handler.log_command:Invoked command in '/home/g1/rokey_c2_ws/build/c2_turtle_interface' returned '0': CMAKE_PREFIX_PATH=${CMAKE_PREFIX_PATH}:/home/g1/rokey_c2_ws/install/turtlebot3_gui:/home/g1/rokey_c2_ws/install/jiwon:/home/g1/rokey_c2_ws/install/c2_turtle_order_package:/home/g1/work/turtlebot3_ws/install/turtlebot3_teleop:/home/g1/work/turtlebot3_ws/install/turtlebot3_example:/opt/ros/humble /usr/bin/cmake /home/g1/rokey_c2_ws/src/c2_turtle_interface -DAMENT_CMAKE_SYMLINK_INSTALL=1 -DCMAKE_INSTALL_PREFIX=/home/g1/rokey_c2_ws/install/c2_turtle_interface
[2.442s] DEBUG:colcon.colcon_core.event_handler.log_command:Invoking command in '/home/g1/rokey_c2_ws/build/c2_turtle_interface': CMAKE_PREFIX_PATH=${CMAKE_PREFIX_PATH}:/home/g1/rokey_c2_ws/install/turtlebot3_gui:/home/g1/rokey_c2_ws/install/jiwon:/home/g1/rokey_c2_ws/install/c2_turtle_order_package:/home/g1/work/turtlebot3_ws/install/turtlebot3_teleop:/home/g1/work/turtlebot3_ws/install/turtlebot3_example:/opt/ros/humble /usr/bin/cmake --build /home/g1/rokey_c2_ws/build/c2_turtle_interface -- -j8 -l8
[2.976s] DEBUG:colcon.colcon_core.event_handler.log_command:Invoked command in '/home/g1/rokey_c2_ws/build/calculator_interfaces' returned '0': CMAKE_PREFIX_PATH=${CMAKE_PREFIX_PATH}:/home/g1/rokey_c2_ws/install/turtlebot3_gui:/home/g1/rokey_c2_ws/install/jiwon:/home/g1/rokey_c2_ws/install/c2_turtle_order_package:/home/g1/work/turtlebot3_ws/install/turtlebot3_teleop:/home/g1/work/turtlebot3_ws/install/turtlebot3_example:/opt/ros/humble /usr/bin/cmake /home/g1/rokey_c2_ws/src/turtlebot3_gui/src/calculator_interfaces -DAMENT_CMAKE_SYMLINK_INSTALL=1 -DCMAKE_INSTALL_PREFIX=/home/g1/rokey_c2_ws/install/calculator_interfaces
[2.979s] DEBUG:colcon.colcon_core.event_handler.log_command:Invoking command in '/home/g1/rokey_c2_ws/build/calculator_interfaces': CMAKE_PREFIX_PATH=${CMAKE_PREFIX_PATH}:/home/g1/rokey_c2_ws/install/turtlebot3_gui:/home/g1/rokey_c2_ws/install/jiwon:/home/g1/rokey_c2_ws/install/c2_turtle_order_package:/home/g1/work/turtlebot3_ws/install/turtlebot3_teleop:/home/g1/work/turtlebot3_ws/install/turtlebot3_example:/opt/ros/humble /usr/bin/cmake --build /home/g1/rokey_c2_ws/build/calculator_interfaces -- -j8 -l8
[3.029s] Level 1:colcon.colcon_core.shell:create_environment_hook('turtlebot3_gui', 'pythonpath_develop')
[3.030s] INFO:colcon.colcon_core.shell:Creating environment hook '/home/g1/rokey_c2_ws/build/turtlebot3_gui/share/turtlebot3_gui/hook/pythonpath_develop.ps1'
[3.030s] INFO:colcon.colcon_core.shell:Creating environment descriptor '/home/g1/rokey_c2_ws/build/turtlebot3_gui/share/turtlebot3_gui/hook/pythonpath_develop.dsv'
[3.031s] INFO:colcon.colcon_core.shell:Creating environment hook '/home/g1/rokey_c2_ws/build/turtlebot3_gui/share/turtlebot3_gui/hook/pythonpath_develop.sh'
[3.033s] DEBUG:colcon.colcon_core.event_handler.log_command:Invoked command in '/home/g1/rokey_c2_ws/build/turtlebot3_gui' returned '0': PYTHONPATH=/home/g1/rokey_c2_ws/build/turtlebot3_gui/prefix_override:/usr/lib/python3/dist-packages/colcon_core/task/python/colcon_distutils_commands:/home/g1/rokey_c2_ws/install/turtlebot3_gui/lib/python3.10/site-packages:${PYTHONPATH} /usr/bin/python3 -W ignore:setup.py install is deprecated setup.py develop --editable --build-directory /home/g1/rokey_c2_ws/build/turtlebot3_gui/build --no-deps symlink_data
[3.038s] Level 1:colcon.colcon_core.environment:checking '/home/g1/rokey_c2_ws/install/turtlebot3_gui' for CMake module files
[3.039s] Level 1:colcon.colcon_core.environment:checking '/home/g1/rokey_c2_ws/install/turtlebot3_gui' for CMake config files
[3.040s] Level 1:colcon.colcon_core.environment:checking '/home/g1/rokey_c2_ws/install/turtlebot3_gui/lib'
[3.040s] Level 1:colcon.colcon_core.environment:checking '/home/g1/rokey_c2_ws/install/turtlebot3_gui/bin'
[3.041s] Level 1:colcon.colcon_core.environment:checking '/home/g1/rokey_c2_ws/install/turtlebot3_gui/lib/pkgconfig/turtlebot3_gui.pc'
[3.041s] Level 1:colcon.colcon_core.environment:checking '/home/g1/rokey_c2_ws/install/turtlebot3_gui/lib/python3.10/site-packages'
[3.041s] Level 1:colcon.colcon_core.shell:create_environment_hook('turtlebot3_gui', 'pythonpath')
[3.042s] INFO:colcon.colcon_core.shell:Creating environment hook '/home/g1/rokey_c2_ws/install/turtlebot3_gui/share/turtlebot3_gui/hook/pythonpath.ps1'
[3.042s] INFO:colcon.colcon_core.shell:Creating environment descriptor '/home/g1/rokey_c2_ws/install/turtlebot3_gui/share/turtlebot3_gui/hook/pythonpath.dsv'
[3.043s] INFO:colcon.colcon_core.shell:Creating environment hook '/home/g1/rokey_c2_ws/install/turtlebot3_gui/share/turtlebot3_gui/hook/pythonpath.sh'
[3.043s] Level 1:colcon.colcon_core.environment:checking '/home/g1/rokey_c2_ws/install/turtlebot3_gui/bin'
[3.044s] Level 1:colcon.colcon_core.environment:create_environment_scripts_only(turtlebot3_gui)
[3.044s] INFO:colcon.colcon_core.shell:Creating package script '/home/g1/rokey_c2_ws/install/turtlebot3_gui/share/turtlebot3_gui/package.ps1'
[3.046s] INFO:colcon.colcon_core.shell:Creating package descriptor '/home/g1/rokey_c2_ws/install/turtlebot3_gui/share/turtlebot3_gui/package.dsv'
[3.047s] INFO:colcon.colcon_core.shell:Creating package script '/home/g1/rokey_c2_ws/install/turtlebot3_gui/share/turtlebot3_gui/package.sh'
[3.049s] INFO:colcon.colcon_core.shell:Creating package script '/home/g1/rokey_c2_ws/install/turtlebot3_gui/share/turtlebot3_gui/package.bash'
[3.050s] INFO:colcon.colcon_core.shell:Creating package script '/home/g1/rokey_c2_ws/install/turtlebot3_gui/share/turtlebot3_gui/package.zsh'
[3.053s] Level 1:colcon.colcon_core.environment:create_file_with_runtime_dependencies(/home/g1/rokey_c2_ws/install/turtlebot3_gui/share/colcon-core/packages/turtlebot3_gui)
[3.056s] Level 1:colcon.colcon_core.shell:create_environment_hook('jiwon', 'pythonpath_develop')
[3.057s] INFO:colcon.colcon_core.shell:Creating environment hook '/home/g1/rokey_c2_ws/build/jiwon/share/jiwon/hook/pythonpath_develop.ps1'
[3.058s] INFO:colcon.colcon_core.shell:Creating environment descriptor '/home/g1/rokey_c2_ws/build/jiwon/share/jiwon/hook/pythonpath_develop.dsv'
[3.058s] INFO:colcon.colcon_core.shell:Creating environment hook '/home/g1/rokey_c2_ws/build/jiwon/share/jiwon/hook/pythonpath_develop.sh'
[3.059s] Level 1:colcon.colcon_core.environment:checking '/home/g1/rokey_c2_ws/install/jiwon' for CMake module files
[3.060s] DEBUG:colcon.colcon_core.event_handler.log_command:Invoked command in '/home/g1/rokey_c2_ws/build/jiwon' returned '0': PYTHONPATH=/home/g1/rokey_c2_ws/build/jiwon/prefix_override:/usr/lib/python3/dist-packages/colcon_core/task/python/colcon_distutils_commands:/home/g1/rokey_c2_ws/install/jiwon/lib/python3.10/site-packages:${PYTHONPATH} /usr/bin/python3 -W ignore:setup.py install is deprecated setup.py develop --editable --build-directory /home/g1/rokey_c2_ws/build/jiwon/build --no-deps symlink_data
[3.061s] Level 1:colcon.colcon_core.environment:checking '/home/g1/rokey_c2_ws/install/jiwon' for CMake config files
[3.062s] Level 1:colcon.colcon_core.environment:checking '/home/g1/rokey_c2_ws/install/jiwon/lib'
[3.062s] Level 1:colcon.colcon_core.environment:checking '/home/g1/rokey_c2_ws/install/jiwon/bin'
[3.062s] Level 1:colcon.colcon_core.environment:checking '/home/g1/rokey_c2_ws/install/jiwon/lib/pkgconfig/jiwon.pc'
[3.062s] Level 1:colcon.colcon_core.environment:checking '/home/g1/rokey_c2_ws/install/jiwon/lib/python3.10/site-packages'
[3.062s] Level 1:colcon.colcon_core.shell:create_environment_hook('jiwon', 'pythonpath')
[3.063s] INFO:colcon.colcon_core.shell:Creating environment hook '/home/g1/rokey_c2_ws/install/jiwon/share/jiwon/hook/pythonpath.ps1'
[3.063s] INFO:colcon.colcon_core.shell:Creating environment descriptor '/home/g1/rokey_c2_ws/install/jiwon/share/jiwon/hook/pythonpath.dsv'
[3.066s] INFO:colcon.colcon_core.shell:Creating environment hook '/home/g1/rokey_c2_ws/install/jiwon/share/jiwon/hook/pythonpath.sh'
[3.067s] Level 1:colcon.colcon_core.environment:checking '/home/g1/rokey_c2_ws/install/jiwon/bin'
[3.067s] Level 1:colcon.colcon_core.environment:create_environment_scripts_only(jiwon)
[3.068s] INFO:colcon.colcon_core.shell:Creating package script '/home/g1/rokey_c2_ws/install/jiwon/share/jiwon/package.ps1'
[3.069s] INFO:colcon.colcon_core.shell:Creating package descriptor '/home/g1/rokey_c2_ws/install/jiwon/share/jiwon/package.dsv'
[3.070s] INFO:colcon.colcon_core.shell:Creating package script '/home/g1/rokey_c2_ws/install/jiwon/share/jiwon/package.sh'
[3.070s] INFO:colcon.colcon_core.shell:Creating package script '/home/g1/rokey_c2_ws/install/jiwon/share/jiwon/package.bash'
[3.071s] INFO:colcon.colcon_core.shell:Creating package script '/home/g1/rokey_c2_ws/install/jiwon/share/jiwon/package.zsh'
[3.072s] Level 1:colcon.colcon_core.environment:create_file_with_runtime_dependencies(/home/g1/rokey_c2_ws/install/jiwon/share/colcon-core/packages/jiwon)
[3.074s] Level 1:colcon.colcon_core.shell:create_environment_hook('c2_turtle_order_package', 'pythonpath_develop')
[3.075s] INFO:colcon.colcon_core.shell:Creating environment hook '/home/g1/rokey_c2_ws/build/c2_turtle_order_package/share/c2_turtle_order_package/hook/pythonpath_develop.ps1'
[3.076s] INFO:colcon.colcon_core.shell:Creating environment descriptor '/home/g1/rokey_c2_ws/build/c2_turtle_order_package/share/c2_turtle_order_package/hook/pythonpath_develop.dsv'
[3.076s] INFO:colcon.colcon_core.shell:Creating environment hook '/home/g1/rokey_c2_ws/build/c2_turtle_order_package/share/c2_turtle_order_package/hook/pythonpath_develop.sh'
[3.077s] Level 1:colcon.colcon_core.environment:checking '/home/g1/rokey_c2_ws/install/c2_turtle_order_package' for CMake module files
[3.078s] Level 1:colcon.colcon_core.environment:checking '/home/g1/rokey_c2_ws/install/c2_turtle_order_package' for CMake config files
[3.078s] DEBUG:colcon.colcon_core.event_handler.log_command:Invoked command in '/home/g1/rokey_c2_ws/build/c2_turtle_order_package' returned '0': PYTHONPATH=/home/g1/rokey_c2_ws/build/c2_turtle_order_package/prefix_override:/usr/lib/python3/dist-packages/colcon_core/task/python/colcon_distutils_commands:/home/g1/rokey_c2_ws/install/c2_turtle_order_package/lib/python3.10/site-packages:${PYTHONPATH} /usr/bin/python3 -W ignore:setup.py install is deprecated setup.py develop --editable --build-directory /home/g1/rokey_c2_ws/build/c2_turtle_order_package/build --no-deps symlink_data
[3.079s] Level 1:colcon.colcon_core.environment:checking '/home/g1/rokey_c2_ws/install/c2_turtle_order_package/lib'
[3.079s] Level 1:colcon.colcon_core.environment:checking '/home/g1/rokey_c2_ws/install/c2_turtle_order_package/bin'
[3.079s] Level 1:colcon.colcon_core.environment:checking '/home/g1/rokey_c2_ws/install/c2_turtle_order_package/lib/pkgconfig/c2_turtle_order_package.pc'
[3.080s] Level 1:colcon.colcon_core.environment:checking '/home/g1/rokey_c2_ws/install/c2_turtle_order_package/lib/python3.10/site-packages'
[3.080s] Level 1:colcon.colcon_core.shell:create_environment_hook('c2_turtle_order_package', 'pythonpath')
[3.080s] INFO:colcon.colcon_core.shell:Creating environment hook '/home/g1/rokey_c2_ws/install/c2_turtle_order_package/share/c2_turtle_order_package/hook/pythonpath.ps1'
[3.081s] INFO:colcon.colcon_core.shell:Creating environment descriptor '/home/g1/rokey_c2_ws/install/c2_turtle_order_package/share/c2_turtle_order_package/hook/pythonpath.dsv'
[3.082s] INFO:colcon.colcon_core.shell:Creating environment hook '/home/g1/rokey_c2_ws/install/c2_turtle_order_package/share/c2_turtle_order_package/hook/pythonpath.sh'
[3.083s] Level 1:colcon.colcon_core.environment:checking '/home/g1/rokey_c2_ws/install/c2_turtle_order_package/bin'
[3.083s] Level 1:colcon.colcon_core.environment:create_environment_scripts_only(c2_turtle_order_package)
[3.084s] INFO:colcon.colcon_core.shell:Creating package script '/home/g1/rokey_c2_ws/install/c2_turtle_order_package/share/c2_turtle_order_package/package.ps1'
[3.084s] INFO:colcon.colcon_core.shell:Creating package descriptor '/home/g1/rokey_c2_ws/install/c2_turtle_order_package/share/c2_turtle_order_package/package.dsv'
[3.085s] INFO:colcon.colcon_core.shell:Creating package script '/home/g1/rokey_c2_ws/install/c2_turtle_order_package/share/c2_turtle_order_package/package.sh'
[3.086s] INFO:colcon.colcon_core.shell:Creating package script '/home/g1/rokey_c2_ws/install/c2_turtle_order_package/share/c2_turtle_order_package/package.bash'
[3.087s] INFO:colcon.colcon_core.shell:Creating package script '/home/g1/rokey_c2_ws/install/c2_turtle_order_package/share/c2_turtle_order_package/package.zsh'
[3.087s] Level 1:colcon.colcon_core.environment:create_file_with_runtime_dependencies(/home/g1/rokey_c2_ws/install/c2_turtle_order_package/share/colcon-core/packages/c2_turtle_order_package)
[7.274s] DEBUG:colcon.colcon_core.event_handler.log_command:Invoked command in '/home/g1/rokey_c2_ws/build/calculator_interfaces' returned '0': CMAKE_PREFIX_PATH=${CMAKE_PREFIX_PATH}:/home/g1/rokey_c2_ws/install/turtlebot3_gui:/home/g1/rokey_c2_ws/install/jiwon:/home/g1/rokey_c2_ws/install/c2_turtle_order_package:/home/g1/work/turtlebot3_ws/install/turtlebot3_teleop:/home/g1/work/turtlebot3_ws/install/turtlebot3_example:/opt/ros/humble /usr/bin/cmake --build /home/g1/rokey_c2_ws/build/calculator_interfaces -- -j8 -l8
[7.326s] DEBUG:colcon.colcon_core.event_handler.log_command:Invoking command in '/home/g1/rokey_c2_ws/build/calculator_interfaces': CMAKE_PREFIX_PATH=${CMAKE_PREFIX_PATH}:/home/g1/rokey_c2_ws/install/turtlebot3_gui:/home/g1/rokey_c2_ws/install/jiwon:/home/g1/rokey_c2_ws/install/c2_turtle_order_package:/home/g1/work/turtlebot3_ws/install/turtlebot3_teleop:/home/g1/work/turtlebot3_ws/install/turtlebot3_example:/opt/ros/humble /usr/bin/cmake --install /home/g1/rokey_c2_ws/build/calculator_interfaces
[7.869s] DEBUG:colcon.colcon_core.event_handler.log_command:Invoked command in '/home/g1/rokey_c2_ws/build/c2_turtle_interface' returned '0': CMAKE_PREFIX_PATH=${CMAKE_PREFIX_PATH}:/home/g1/rokey_c2_ws/install/turtlebot3_gui:/home/g1/rokey_c2_ws/install/jiwon:/home/g1/rokey_c2_ws/install/c2_turtle_order_package:/home/g1/work/turtlebot3_ws/install/turtlebot3_teleop:/home/g1/work/turtlebot3_ws/install/turtlebot3_example:/opt/ros/humble /usr/bin/cmake --build /home/g1/rokey_c2_ws/build/c2_turtle_interface -- -j8 -l8
[7.973s] DEBUG:colcon.colcon_core.event_handler.log_command:Invoking command in '/home/g1/rokey_c2_ws/build/c2_turtle_interface': CMAKE_PREFIX_PATH=${CMAKE_PREFIX_PATH}:/home/g1/rokey_c2_ws/install/turtlebot3_gui:/home/g1/rokey_c2_ws/install/jiwon:/home/g1/rokey_c2_ws/install/c2_turtle_order_package:/home/g1/work/turtlebot3_ws/install/turtlebot3_teleop:/home/g1/work/turtlebot3_ws/install/turtlebot3_example:/opt/ros/humble /usr/bin/cmake --install /home/g1/rokey_c2_ws/build/c2_turtle_interface
[7.988s] Level 1:colcon.colcon_core.environment:create_environment_scripts_only(calculator_interfaces)
[7.989s] Level 1:colcon.colcon_core.environment:checking '/home/g1/rokey_c2_ws/install/calculator_interfaces' for CMake module files
[7.989s] DEBUG:colcon.colcon_core.event_handler.log_command:Invoked command in '/home/g1/rokey_c2_ws/build/calculator_interfaces' returned '0': CMAKE_PREFIX_PATH=${CMAKE_PREFIX_PATH}:/home/g1/rokey_c2_ws/install/turtlebot3_gui:/home/g1/rokey_c2_ws/install/jiwon:/home/g1/rokey_c2_ws/install/c2_turtle_order_package:/home/g1/work/turtlebot3_ws/install/turtlebot3_teleop:/home/g1/work/turtlebot3_ws/install/turtlebot3_example:/opt/ros/humble /usr/bin/cmake --install /home/g1/rokey_c2_ws/build/calculator_interfaces
[7.990s] Level 1:colcon.colcon_core.environment:checking '/home/g1/rokey_c2_ws/install/calculator_interfaces' for CMake config files
[7.991s] Level 1:colcon.colcon_core.shell:create_environment_hook('calculator_interfaces', 'cmake_prefix_path')
[7.991s] INFO:colcon.colcon_core.shell:Creating environment hook '/home/g1/rokey_c2_ws/install/calculator_interfaces/share/calculator_interfaces/hook/cmake_prefix_path.ps1'
[7.991s] INFO:colcon.colcon_core.shell:Creating environment descriptor '/home/g1/rokey_c2_ws/install/calculator_interfaces/share/calculator_interfaces/hook/cmake_prefix_path.dsv'
[7.992s] INFO:colcon.colcon_core.shell:Creating environment hook '/home/g1/rokey_c2_ws/install/calculator_interfaces/share/calculator_interfaces/hook/cmake_prefix_path.sh'
[7.992s] Level 1:colcon.colcon_core.environment:checking '/home/g1/rokey_c2_ws/install/calculator_interfaces/lib'
[7.992s] Level 1:colcon.colcon_core.shell:create_environment_hook('calculator_interfaces', 'ld_library_path_lib')
[7.992s] INFO:colcon.colcon_core.shell:Creating environment hook '/home/g1/rokey_c2_ws/install/calculator_interfaces/share/calculator_interfaces/hook/ld_library_path_lib.ps1'
[7.993s] INFO:colcon.colcon_core.shell:Creating environment descriptor '/home/g1/rokey_c2_ws/install/calculator_interfaces/share/calculator_interfaces/hook/ld_library_path_lib.dsv'
[7.993s] INFO:colcon.colcon_core.shell:Creating environment hook '/home/g1/rokey_c2_ws/install/calculator_interfaces/share/calculator_interfaces/hook/ld_library_path_lib.sh'
[7.993s] Level 1:colcon.colcon_core.environment:checking '/home/g1/rokey_c2_ws/install/calculator_interfaces/bin'
[7.993s] Level 1:colcon.colcon_core.environment:checking '/home/g1/rokey_c2_ws/install/calculator_interfaces/lib/pkgconfig/calculator_interfaces.pc'
[7.994s] Level 1:colcon.colcon_core.environment:checking '/home/g1/rokey_c2_ws/install/calculator_interfaces/lib/python3.10/site-packages'
[7.994s] Level 1:colcon.colcon_core.environment:checking '/home/g1/rokey_c2_ws/install/calculator_interfaces/bin'
[7.995s] INFO:colcon.colcon_core.shell:Creating package script '/home/g1/rokey_c2_ws/install/calculator_interfaces/share/calculator_interfaces/package.ps1'
[7.996s] INFO:colcon.colcon_core.shell:Creating package descriptor '/home/g1/rokey_c2_ws/install/calculator_interfaces/share/calculator_interfaces/package.dsv'
[7.996s] INFO:colcon.colcon_core.shell:Creating package script '/home/g1/rokey_c2_ws/install/calculator_interfaces/share/calculator_interfaces/package.sh'
[7.996s] INFO:colcon.colcon_core.shell:Creating package script '/home/g1/rokey_c2_ws/install/calculator_interfaces/share/calculator_interfaces/package.bash'
[7.997s] INFO:colcon.colcon_core.shell:Creating package script '/home/g1/rokey_c2_ws/install/calculator_interfaces/share/calculator_interfaces/package.zsh'
[7.997s] Level 1:colcon.colcon_core.environment:create_file_with_runtime_dependencies(/home/g1/rokey_c2_ws/install/calculator_interfaces/share/colcon-core/packages/calculator_interfaces)
[8.049s] Level 1:colcon.colcon_core.environment:create_environment_scripts_only(calculator_interfaces)
[8.050s] Level 1:colcon.colcon_core.environment:checking '/home/g1/rokey_c2_ws/install/calculator_interfaces' for CMake module files
[8.051s] Level 1:colcon.colcon_core.environment:checking '/home/g1/rokey_c2_ws/install/calculator_interfaces' for CMake config files
[8.051s] Level 1:colcon.colcon_core.shell:create_environment_hook('calculator_interfaces', 'cmake_prefix_path')
[8.051s] INFO:colcon.colcon_core.shell:Creating environment hook '/home/g1/rokey_c2_ws/install/calculator_interfaces/share/calculator_interfaces/hook/cmake_prefix_path.ps1'
[8.052s] INFO:colcon.colcon_core.shell:Creating environment descriptor '/home/g1/rokey_c2_ws/install/calculator_interfaces/share/calculator_interfaces/hook/cmake_prefix_path.dsv'
[8.053s] INFO:colcon.colcon_core.shell:Creating environment hook '/home/g1/rokey_c2_ws/install/calculator_interfaces/share/calculator_interfaces/hook/cmake_prefix_path.sh'
[8.053s] Level 1:colcon.colcon_core.environment:checking '/home/g1/rokey_c2_ws/install/calculator_interfaces/lib'
[8.053s] Level 1:colcon.colcon_core.shell:create_environment_hook('calculator_interfaces', 'ld_library_path_lib')
[8.054s] INFO:colcon.colcon_core.shell:Creating environment hook '/home/g1/rokey_c2_ws/install/calculator_interfaces/share/calculator_interfaces/hook/ld_library_path_lib.ps1'
[8.054s] INFO:colcon.colcon_core.shell:Creating environment descriptor '/home/g1/rokey_c2_ws/install/calculator_interfaces/share/calculator_interfaces/hook/ld_library_path_lib.dsv'
[8.055s] INFO:colcon.colcon_core.shell:Creating environment hook '/home/g1/rokey_c2_ws/install/calculator_interfaces/share/calculator_interfaces/hook/ld_library_path_lib.sh'
[8.055s] Level 1:colcon.colcon_core.environment:checking '/home/g1/rokey_c2_ws/install/calculator_interfaces/bin'
[8.055s] Level 1:colcon.colcon_core.environment:checking '/home/g1/rokey_c2_ws/install/calculator_interfaces/lib/pkgconfig/calculator_interfaces.pc'
[8.055s] Level 1:colcon.colcon_core.environment:checking '/home/g1/rokey_c2_ws/install/calculator_interfaces/lib/python3.10/site-packages'
[8.056s] Level 1:colcon.colcon_core.environment:checking '/home/g1/rokey_c2_ws/install/calculator_interfaces/bin'
[8.056s] INFO:colcon.colcon_core.shell:Creating package script '/home/g1/rokey_c2_ws/install/calculator_interfaces/share/calculator_interfaces/package.ps1'
[8.056s] INFO:colcon.colcon_core.shell:Creating package descriptor '/home/g1/rokey_c2_ws/install/calculator_interfaces/share/calculator_interfaces/package.dsv'
[8.057s] INFO:colcon.colcon_core.shell:Creating package script '/home/g1/rokey_c2_ws/install/calculator_interfaces/share/calculator_interfaces/package.sh'
[8.058s] INFO:colcon.colcon_core.shell:Creating package script '/home/g1/rokey_c2_ws/install/calculator_interfaces/share/calculator_interfaces/package.bash'
[8.058s] INFO:colcon.colcon_core.shell:Creating package script '/home/g1/rokey_c2_ws/install/calculator_interfaces/share/calculator_interfaces/package.zsh'
[8.059s] Level 1:colcon.colcon_core.environment:create_file_with_runtime_dependencies(/home/g1/rokey_c2_ws/install/calculator_interfaces/share/colcon-core/packages/calculator_interfaces)
[9.049s] Level 1:colcon.colcon_core.environment:create_environment_scripts_only(c2_turtle_interface)
[9.049s] Level 1:colcon.colcon_core.environment:checking '/home/g1/rokey_c2_ws/install/c2_turtle_interface' for CMake module files
[9.050s] DEBUG:colcon.colcon_core.event_handler.log_command:Invoked command in '/home/g1/rokey_c2_ws/build/c2_turtle_interface' returned '0': CMAKE_PREFIX_PATH=${CMAKE_PREFIX_PATH}:/home/g1/rokey_c2_ws/install/turtlebot3_gui:/home/g1/rokey_c2_ws/install/jiwon:/home/g1/rokey_c2_ws/install/c2_turtle_order_package:/home/g1/work/turtlebot3_ws/install/turtlebot3_teleop:/home/g1/work/turtlebot3_ws/install/turtlebot3_example:/opt/ros/humble /usr/bin/cmake --install /home/g1/rokey_c2_ws/build/c2_turtle_interface
[9.050s] Level 1:colcon.colcon_core.environment:checking '/home/g1/rokey_c2_ws/install/c2_turtle_interface' for CMake config files
[9.051s] Level 1:colcon.colcon_core.shell:create_environment_hook('c2_turtle_interface', 'cmake_prefix_path')
[9.051s] INFO:colcon.colcon_core.shell:Creating environment hook '/home/g1/rokey_c2_ws/install/c2_turtle_interface/share/c2_turtle_interface/hook/cmake_prefix_path.ps1'
[9.052s] INFO:colcon.colcon_core.shell:Creating environment descriptor '/home/g1/rokey_c2_ws/install/c2_turtle_interface/share/c2_turtle_interface/hook/cmake_prefix_path.dsv'
[9.052s] INFO:colcon.colcon_core.shell:Creating environment hook '/home/g1/rokey_c2_ws/install/c2_turtle_interface/share/c2_turtle_interface/hook/cmake_prefix_path.sh'
[9.053s] Level 1:colcon.colcon_core.environment:checking '/home/g1/rokey_c2_ws/install/c2_turtle_interface/lib'
[9.053s] Level 1:colcon.colcon_core.shell:create_environment_hook('c2_turtle_interface', 'ld_library_path_lib')
[9.053s] INFO:colcon.colcon_core.shell:Creating environment hook '/home/g1/rokey_c2_ws/install/c2_turtle_interface/share/c2_turtle_interface/hook/ld_library_path_lib.ps1'
[9.054s] INFO:colcon.colcon_core.shell:Creating environment descriptor '/home/g1/rokey_c2_ws/install/c2_turtle_interface/share/c2_turtle_interface/hook/ld_library_path_lib.dsv'
[9.054s] INFO:colcon.colcon_core.shell:Creating environment hook '/home/g1/rokey_c2_ws/install/c2_turtle_interface/share/c2_turtle_interface/hook/ld_library_path_lib.sh'
[9.054s] Level 1:colcon.colcon_core.environment:checking '/home/g1/rokey_c2_ws/install/c2_turtle_interface/bin'
[9.055s] Level 1:colcon.colcon_core.environment:checking '/home/g1/rokey_c2_ws/install/c2_turtle_interface/lib/pkgconfig/c2_turtle_interface.pc'
[9.055s] Level 1:colcon.colcon_core.environment:checking '/home/g1/rokey_c2_ws/install/c2_turtle_interface/lib/python3.10/site-packages'
[9.055s] Level 1:colcon.colcon_core.environment:checking '/home/g1/rokey_c2_ws/install/c2_turtle_interface/bin'
[9.056s] INFO:colcon.colcon_core.shell:Creating package script '/home/g1/rokey_c2_ws/install/c2_turtle_interface/share/c2_turtle_interface/package.ps1'
[9.056s] INFO:colcon.colcon_core.shell:Creating package descriptor '/home/g1/rokey_c2_ws/install/c2_turtle_interface/share/c2_turtle_interface/package.dsv'
[9.057s] INFO:colcon.colcon_core.shell:Creating package script '/home/g1/rokey_c2_ws/install/c2_turtle_interface/share/c2_turtle_interface/package.sh'
[9.057s] INFO:colcon.colcon_core.shell:Creating package script '/home/g1/rokey_c2_ws/install/c2_turtle_interface/share/c2_turtle_interface/package.bash'
[9.058s] INFO:colcon.colcon_core.shell:Creating package script '/home/g1/rokey_c2_ws/install/c2_turtle_interface/share/c2_turtle_interface/package.zsh'
[9.058s] Level 1:colcon.colcon_core.environment:create_file_with_runtime_dependencies(/home/g1/rokey_c2_ws/install/c2_turtle_interface/share/colcon-core/packages/c2_turtle_interface)
[9.129s] Level 1:colcon.colcon_core.environment:create_environment_scripts_only(c2_turtle_interface)
[9.130s] Level 1:colcon.colcon_core.environment:checking '/home/g1/rokey_c2_ws/install/c2_turtle_interface' for CMake module files
[9.130s] Level 1:colcon.colcon_core.environment:checking '/home/g1/rokey_c2_ws/install/c2_turtle_interface' for CMake config files
[9.130s] Level 1:colcon.colcon_core.shell:create_environment_hook('c2_turtle_interface', 'cmake_prefix_path')
[9.131s] INFO:colcon.colcon_core.shell:Creating environment hook '/home/g1/rokey_c2_ws/install/c2_turtle_interface/share/c2_turtle_interface/hook/cmake_prefix_path.ps1'
[9.131s] INFO:colcon.colcon_core.shell:Creating environment descriptor '/home/g1/rokey_c2_ws/install/c2_turtle_interface/share/c2_turtle_interface/hook/cmake_prefix_path.dsv'
[9.131s] INFO:colcon.colcon_core.shell:Creating environment hook '/home/g1/rokey_c2_ws/install/c2_turtle_interface/share/c2_turtle_interface/hook/cmake_prefix_path.sh'
[9.132s] Level 1:colcon.colcon_core.environment:checking '/home/g1/rokey_c2_ws/install/c2_turtle_interface/lib'
[9.132s] Level 1:colcon.colcon_core.shell:create_environment_hook('c2_turtle_interface', 'ld_library_path_lib')
[9.132s] INFO:colcon.colcon_core.shell:Creating environment hook '/home/g1/rokey_c2_ws/install/c2_turtle_interface/share/c2_turtle_interface/hook/ld_library_path_lib.ps1'
[9.132s] INFO:colcon.colcon_core.shell:Creating environment descriptor '/home/g1/rokey_c2_ws/install/c2_turtle_interface/share/c2_turtle_interface/hook/ld_library_path_lib.dsv'
[9.133s] INFO:colcon.colcon_core.shell:Creating environment hook '/home/g1/rokey_c2_ws/install/c2_turtle_interface/share/c2_turtle_interface/hook/ld_library_path_lib.sh'
[9.133s] Level 1:colcon.colcon_core.environment:checking '/home/g1/rokey_c2_ws/install/c2_turtle_interface/bin'
[9.133s] Level 1:colcon.colcon_core.environment:checking '/home/g1/rokey_c2_ws/install/c2_turtle_interface/lib/pkgconfig/c2_turtle_interface.pc'
[9.133s] Level 1:colcon.colcon_core.environment:checking '/home/g1/rokey_c2_ws/install/c2_turtle_interface/lib/python3.10/site-packages'
[9.133s] Level 1:colcon.colcon_core.environment:checking '/home/g1/rokey_c2_ws/install/c2_turtle_interface/bin'
[9.134s] INFO:colcon.colcon_core.shell:Creating package script '/home/g1/rokey_c2_ws/install/c2_turtle_interface/share/c2_turtle_interface/package.ps1'
[9.134s] INFO:colcon.colcon_core.shell:Creating package descriptor '/home/g1/rokey_c2_ws/install/c2_turtle_interface/share/c2_turtle_interface/package.dsv'
[9.135s] INFO:colcon.colcon_core.shell:Creating package script '/home/g1/rokey_c2_ws/install/c2_turtle_interface/share/c2_turtle_interface/package.sh'
[9.135s] INFO:colcon.colcon_core.shell:Creating package script '/home/g1/rokey_c2_ws/install/c2_turtle_interface/share/c2_turtle_interface/package.bash'
[9.135s] INFO:colcon.colcon_core.shell:Creating package script '/home/g1/rokey_c2_ws/install/c2_turtle_interface/share/c2_turtle_interface/package.zsh'
[9.136s] Level 1:colcon.colcon_core.environment:create_file_with_runtime_dependencies(/home/g1/rokey_c2_ws/install/c2_turtle_interface/share/colcon-core/packages/c2_turtle_interface)
[9.136s] DEBUG:colcon.colcon_parallel_executor.executor.parallel:closing loop
[9.136s] DEBUG:colcon.colcon_parallel_executor.executor.parallel:loop closed
[9.136s] DEBUG:colcon.colcon_parallel_executor.executor.parallel:run_until_complete finished with '0'
[9.136s] DEBUG:colcon.colcon_core.event_reactor:joining thread
[9.141s] INFO:colcon.colcon_core.plugin_system:Skipping extension 'colcon_notification.desktop_notification.terminal_notifier': Not used on non-Darwin systems
[9.141s] INFO:colcon.colcon_core.plugin_system:Skipping extension 'colcon_notification.desktop_notification.win32': Not used on non-Windows systems
[9.141s] INFO:colcon.colcon_notification.desktop_notification:Sending desktop notification using 'notify2'
[9.150s] DEBUG:colcon.colcon_core.event_reactor:joined thread
[9.151s] INFO:colcon.colcon_core.shell:Creating prefix script '/home/g1/rokey_c2_ws/install/local_setup.ps1'
[9.152s] INFO:colcon.colcon_core.shell:Creating prefix util module '/home/g1/rokey_c2_ws/install/_local_setup_util_ps1.py'
[9.153s] INFO:colcon.colcon_core.shell:Creating prefix chain script '/home/g1/rokey_c2_ws/install/setup.ps1'
[9.155s] INFO:colcon.colcon_core.shell:Creating prefix script '/home/g1/rokey_c2_ws/install/local_setup.sh'
[9.156s] INFO:colcon.colcon_core.shell:Creating prefix util module '/home/g1/rokey_c2_ws/install/_local_setup_util_sh.py'
[9.156s] INFO:colcon.colcon_core.shell:Creating prefix chain script '/home/g1/rokey_c2_ws/install/setup.sh'
[9.158s] INFO:colcon.colcon_core.shell:Creating prefix script '/home/g1/rokey_c2_ws/install/local_setup.bash'
[9.159s] INFO:colcon.colcon_core.shell:Creating prefix chain script '/home/g1/rokey_c2_ws/install/setup.bash'
[9.160s] INFO:colcon.colcon_core.shell:Creating prefix script '/home/g1/rokey_c2_ws/install/local_setup.zsh'
[9.161s] INFO:colcon.colcon_core.shell:Creating prefix chain script '/home/g1/rokey_c2_ws/install/setup.zsh'
