[1.226s] Invoking command in '/home/psb/rokey_c_2_ws/src/turtlebot3_gui': PYTHONPATH=/home/psb/rokey_c_2_ws/build/turtlebot3_gui/prefix_override:/usr/lib/python3/dist-packages/colcon_core/task/python/colcon_distutils_commands:/home/psb/rokey_c_2_ws/install/turtlebot3_gui/lib/python3.10/site-packages:${PYTHONPATH} /usr/bin/python3 -W ignore:setup.py install is deprecated setup.py egg_info --egg-base ../../build/turtlebot3_gui build --build-base /home/psb/rokey_c_2_ws/build/turtlebot3_gui/build install --record /home/psb/rokey_c_2_ws/build/turtlebot3_gui/install.log --single-version-externally-managed install_data
[2.025s] running egg_info
[2.026s] writing ../../build/turtlebot3_gui/turtlebot3_gui.egg-info/PKG-INFO
[2.026s] writing dependency_links to ../../build/turtlebot3_gui/turtlebot3_gui.egg-info/dependency_links.txt
[2.030s] writing entry points to ../../build/turtlebot3_gui/turtlebot3_gui.egg-info/entry_points.txt
[2.030s] writing requirements to ../../build/turtlebot3_gui/turtlebot3_gui.egg-info/requires.txt
[2.031s] writing top-level names to ../../build/turtlebot3_gui/turtlebot3_gui.egg-info/top_level.txt
[2.035s] reading manifest file '../../build/turtlebot3_gui/turtlebot3_gui.egg-info/SOURCES.txt'
[2.039s] writing manifest file '../../build/turtlebot3_gui/turtlebot3_gui.egg-info/SOURCES.txt'
[2.039s] running build
[2.039s] running build_py
[2.044s] running install
[2.045s] running install_lib
[2.051s] running install_data
[2.052s] running install_egg_info
[2.060s] removing '/home/psb/rokey_c_2_ws/install/turtlebot3_gui/lib/python3.10/site-packages/turtlebot3_gui-0.0.0-py3.10.egg-info' (and everything under it)
[2.060s] Copying ../../build/turtlebot3_gui/turtlebot3_gui.egg-info to /home/psb/rokey_c_2_ws/install/turtlebot3_gui/lib/python3.10/site-packages/turtlebot3_gui-0.0.0-py3.10.egg-info
[2.065s] running install_scripts
[2.152s] Installing nav_client script to /home/psb/rokey_c_2_ws/install/turtlebot3_gui/lib/turtlebot3_gui
[2.152s] Installing nav_server script to /home/psb/rokey_c_2_ws/install/turtlebot3_gui/lib/turtlebot3_gui
[2.152s] Installing pub_topic script to /home/psb/rokey_c_2_ws/install/turtlebot3_gui/lib/turtlebot3_gui
[2.153s] Installing send_goal script to /home/psb/rokey_c_2_ws/install/turtlebot3_gui/lib/turtlebot3_gui
[2.153s] Installing service_client script to /home/psb/rokey_c_2_ws/install/turtlebot3_gui/lib/turtlebot3_gui
[2.156s] Installing service_server script to /home/psb/rokey_c_2_ws/install/turtlebot3_gui/lib/turtlebot3_gui
[2.156s] Installing sub_topic script to /home/psb/rokey_c_2_ws/install/turtlebot3_gui/lib/turtlebot3_gui
[2.157s] Installing turtlebot3_gui script to /home/psb/rokey_c_2_ws/install/turtlebot3_gui/lib/turtlebot3_gui
[2.157s] Installing turtlebot3_move script to /home/psb/rokey_c_2_ws/install/turtlebot3_gui/lib/turtlebot3_gui
[2.157s] Installing turtlebot3_point script to /home/psb/rokey_c_2_ws/install/turtlebot3_gui/lib/turtlebot3_gui
[2.158s] writing list of installed files to '/home/psb/rokey_c_2_ws/build/turtlebot3_gui/install.log'
[2.231s] Invoked command in '/home/psb/rokey_c_2_ws/src/turtlebot3_gui' returned '0': PYTHONPATH=/home/psb/rokey_c_2_ws/build/turtlebot3_gui/prefix_override:/usr/lib/python3/dist-packages/colcon_core/task/python/colcon_distutils_commands:/home/psb/rokey_c_2_ws/install/turtlebot3_gui/lib/python3.10/site-packages:${PYTHONPATH} /usr/bin/python3 -W ignore:setup.py install is deprecated setup.py egg_info --egg-base ../../build/turtlebot3_gui build --build-base /home/psb/rokey_c_2_ws/build/turtlebot3_gui/build install --record /home/psb/rokey_c_2_ws/build/turtlebot3_gui/install.log --single-version-externally-managed install_data
