[0.920s] Invoking command in '/home/g1/rokey_c_2_ws/build/database': PYTHONPATH=/home/g1/rokey_c_2_ws/build/database/prefix_override:/usr/lib/python3/dist-packages/colcon_core/task/python/colcon_distutils_commands:/home/g1/rokey_c_2_ws/install/database/lib/python3.10/site-packages:${PYTHONPATH} /usr/bin/python3 -W ignore:setup.py install is deprecated setup.py develop --editable --build-directory /home/g1/rokey_c_2_ws/build/database/build --no-deps symlink_data
[1.242s] running develop
[1.484s] running egg_info
[1.485s] creating database.egg-info
[1.485s] writing database.egg-info/PKG-INFO
[1.485s] writing dependency_links to database.egg-info/dependency_links.txt
[1.485s] writing entry points to database.egg-info/entry_points.txt
[1.485s] writing requirements to database.egg-info/requires.txt
[1.485s] writing top-level names to database.egg-info/top_level.txt
[1.486s] writing manifest file 'database.egg-info/SOURCES.txt'
[1.487s] reading manifest file 'database.egg-info/SOURCES.txt'
[1.488s] writing manifest file 'database.egg-info/SOURCES.txt'
[1.489s] running build_ext
[1.490s] Creating /home/g1/rokey_c_2_ws/install/database/lib/python3.10/site-packages/database.egg-link (link to .)
[1.490s] Installing database_server script to /home/g1/rokey_c_2_ws/install/database/lib/database
[1.490s] Installing test_database_server script to /home/g1/rokey_c_2_ws/install/database/lib/database
[1.490s] 
[1.491s] Installed /home/g1/rokey_c_2_ws/build/database
[1.491s] running symlink_data
[1.491s] creating /home/g1/rokey_c_2_ws/install/database/share/ament_index
[1.491s] creating /home/g1/rokey_c_2_ws/install/database/share/ament_index/resource_index
[1.491s] creating /home/g1/rokey_c_2_ws/install/database/share/ament_index/resource_index/packages
[1.491s] symbolically linking /home/g1/rokey_c_2_ws/build/database/resource/database -> /home/g1/rokey_c_2_ws/install/database/share/ament_index/resource_index/packages
[1.491s] symbolically linking /home/g1/rokey_c_2_ws/build/database/package.xml -> /home/g1/rokey_c_2_ws/install/database/share/database
[1.529s] Invoked command in '/home/g1/rokey_c_2_ws/build/database' returned '0': PYTHONPATH=/home/g1/rokey_c_2_ws/build/database/prefix_override:/usr/lib/python3/dist-packages/colcon_core/task/python/colcon_distutils_commands:/home/g1/rokey_c_2_ws/install/database/lib/python3.10/site-packages:${PYTHONPATH} /usr/bin/python3 -W ignore:setup.py install is deprecated setup.py develop --editable --build-directory /home/g1/rokey_c_2_ws/build/database/build --no-deps symlink_data
