running egg_info
creating ../../build/database/database.egg-info
writing ../../build/database/database.egg-info/PKG-INFO
writing dependency_links to ../../build/database/database.egg-info/dependency_links.txt
writing entry points to ../../build/database/database.egg-info/entry_points.txt
writing requirements to ../../build/database/database.egg-info/requires.txt
writing top-level names to ../../build/database/database.egg-info/top_level.txt
writing manifest file '../../build/database/database.egg-info/SOURCES.txt'
reading manifest file '../../build/database/database.egg-info/SOURCES.txt'
writing manifest file '../../build/database/database.egg-info/SOURCES.txt'
running build
running build_py
creating /home/aaa/rokey_c_2_ws/build/database/build
creating /home/aaa/rokey_c_2_ws/build/database/build/lib
creating /home/aaa/rokey_c_2_ws/build/database/build/lib/database
copying database/DatabaseServer.py -> /home/aaa/rokey_c_2_ws/build/database/build/lib/database
copying database/TestTableServer.py -> /home/aaa/rokey_c_2_ws/build/database/build/lib/database
copying database/__init__.py -> /home/aaa/rokey_c_2_ws/build/database/build/lib/database
running install
running install_lib
creating /home/aaa/rokey_c_2_ws/install/database/lib/python3.10/site-packages/database
copying /home/aaa/rokey_c_2_ws/build/database/build/lib/database/DatabaseServer.py -> /home/aaa/rokey_c_2_ws/install/database/lib/python3.10/site-packages/database
copying /home/aaa/rokey_c_2_ws/build/database/build/lib/database/TestTableServer.py -> /home/aaa/rokey_c_2_ws/install/database/lib/python3.10/site-packages/database
copying /home/aaa/rokey_c_2_ws/build/database/build/lib/database/__init__.py -> /home/aaa/rokey_c_2_ws/install/database/lib/python3.10/site-packages/database
byte-compiling /home/aaa/rokey_c_2_ws/install/database/lib/python3.10/site-packages/database/DatabaseServer.py to DatabaseServer.cpython-310.pyc
byte-compiling /home/aaa/rokey_c_2_ws/install/database/lib/python3.10/site-packages/database/TestTableServer.py to TestTableServer.cpython-310.pyc
byte-compiling /home/aaa/rokey_c_2_ws/install/database/lib/python3.10/site-packages/database/__init__.py to __init__.cpython-310.pyc
running install_data
creating /home/aaa/rokey_c_2_ws/install/database/share/ament_index
creating /home/aaa/rokey_c_2_ws/install/database/share/ament_index/resource_index
creating /home/aaa/rokey_c_2_ws/install/database/share/ament_index/resource_index/packages
copying resource/database -> /home/aaa/rokey_c_2_ws/install/database/share/ament_index/resource_index/packages
copying package.xml -> /home/aaa/rokey_c_2_ws/install/database/share/database
running install_egg_info
Copying ../../build/database/database.egg-info to /home/aaa/rokey_c_2_ws/install/database/lib/python3.10/site-packages/database-0.0.0-py3.10.egg-info
running install_scripts
Installing database_server script to /home/aaa/rokey_c_2_ws/install/database/lib/database
Installing test_database_server script to /home/aaa/rokey_c_2_ws/install/database/lib/database
writing list of installed files to '/home/aaa/rokey_c_2_ws/build/database/install.log'
