[0.885s] Invoking command in '/home/aaa/rokey_c_2_ws/src/database': PYTHONPATH=/home/aaa/rokey_c_2_ws/build/database/prefix_override:/usr/lib/python3/dist-packages/colcon_core/task/python/colcon_distutils_commands:/home/aaa/rokey_c_2_ws/install/database/lib/python3.10/site-packages:${PYTHONPATH} /usr/bin/python3 -W ignore:setup.py install is deprecated setup.py egg_info --egg-base ../../build/database build --build-base /home/aaa/rokey_c_2_ws/build/database/build install --record /home/aaa/rokey_c_2_ws/build/database/install.log --single-version-externally-managed install_data
[1.180s] running egg_info
[1.181s] creating ../../build/database/database.egg-info
[1.181s] writing ../../build/database/database.egg-info/PKG-INFO
[1.181s] writing dependency_links to ../../build/database/database.egg-info/dependency_links.txt
[1.181s] writing entry points to ../../build/database/database.egg-info/entry_points.txt
[1.181s] writing requirements to ../../build/database/database.egg-info/requires.txt
[1.181s] writing top-level names to ../../build/database/database.egg-info/top_level.txt
[1.182s] writing manifest file '../../build/database/database.egg-info/SOURCES.txt'
[1.183s] reading manifest file '../../build/database/database.egg-info/SOURCES.txt'
[1.184s] writing manifest file '../../build/database/database.egg-info/SOURCES.txt'
[1.184s] running build
[1.184s] running build_py
[1.184s] creating /home/aaa/rokey_c_2_ws/build/database/build
[1.184s] creating /home/aaa/rokey_c_2_ws/build/database/build/lib
[1.184s] creating /home/aaa/rokey_c_2_ws/build/database/build/lib/database
[1.184s] copying database/DatabaseServer.py -> /home/aaa/rokey_c_2_ws/build/database/build/lib/database
[1.185s] copying database/TestTableServer.py -> /home/aaa/rokey_c_2_ws/build/database/build/lib/database
[1.188s] copying database/__init__.py -> /home/aaa/rokey_c_2_ws/build/database/build/lib/database
[1.189s] running install
[1.189s] running install_lib
[1.189s] creating /home/aaa/rokey_c_2_ws/install/database/lib/python3.10/site-packages/database
[1.189s] copying /home/aaa/rokey_c_2_ws/build/database/build/lib/database/DatabaseServer.py -> /home/aaa/rokey_c_2_ws/install/database/lib/python3.10/site-packages/database
[1.189s] copying /home/aaa/rokey_c_2_ws/build/database/build/lib/database/TestTableServer.py -> /home/aaa/rokey_c_2_ws/install/database/lib/python3.10/site-packages/database
[1.189s] copying /home/aaa/rokey_c_2_ws/build/database/build/lib/database/__init__.py -> /home/aaa/rokey_c_2_ws/install/database/lib/python3.10/site-packages/database
[1.189s] byte-compiling /home/aaa/rokey_c_2_ws/install/database/lib/python3.10/site-packages/database/DatabaseServer.py to DatabaseServer.cpython-310.pyc
[1.191s] byte-compiling /home/aaa/rokey_c_2_ws/install/database/lib/python3.10/site-packages/database/TestTableServer.py to TestTableServer.cpython-310.pyc
[1.191s] byte-compiling /home/aaa/rokey_c_2_ws/install/database/lib/python3.10/site-packages/database/__init__.py to __init__.cpython-310.pyc
[1.191s] running install_data
[1.191s] creating /home/aaa/rokey_c_2_ws/install/database/share/ament_index
[1.191s] creating /home/aaa/rokey_c_2_ws/install/database/share/ament_index/resource_index
[1.192s] creating /home/aaa/rokey_c_2_ws/install/database/share/ament_index/resource_index/packages
[1.192s] copying resource/database -> /home/aaa/rokey_c_2_ws/install/database/share/ament_index/resource_index/packages
[1.192s] copying package.xml -> /home/aaa/rokey_c_2_ws/install/database/share/database
[1.192s] running install_egg_info
[1.193s] Copying ../../build/database/database.egg-info to /home/aaa/rokey_c_2_ws/install/database/lib/python3.10/site-packages/database-0.0.0-py3.10.egg-info
[1.194s] running install_scripts
[1.217s] Installing database_server script to /home/aaa/rokey_c_2_ws/install/database/lib/database
[1.217s] Installing test_database_server script to /home/aaa/rokey_c_2_ws/install/database/lib/database
[1.217s] writing list of installed files to '/home/aaa/rokey_c_2_ws/build/database/install.log'
[1.244s] Invoked command in '/home/aaa/rokey_c_2_ws/src/database' returned '0': PYTHONPATH=/home/aaa/rokey_c_2_ws/build/database/prefix_override:/usr/lib/python3/dist-packages/colcon_core/task/python/colcon_distutils_commands:/home/aaa/rokey_c_2_ws/install/database/lib/python3.10/site-packages:${PYTHONPATH} /usr/bin/python3 -W ignore:setup.py install is deprecated setup.py egg_info --egg-base ../../build/database build --build-base /home/aaa/rokey_c_2_ws/build/database/build install --record /home/aaa/rokey_c_2_ws/build/database/install.log --single-version-externally-managed install_data
