[1.183s] Invoking command in '/home/g1/rokey_c2_ws/build/serving_robot': LD_LIBRARY_PATH=/home/g1/rokey_c2_ws/install/serving_robot_msgs/lib:/home/g1/rokey_c2_ws/install/table_order_interface/lib:/home/g1/work/turtlebot3_ws/install/turtlebot3_msgs/lib:/usr/lib/x86_64-linux-gnu/gazebo-11/plugins:/opt/ros/humble/opt/rviz_ogre_vendor/lib:/opt/ros/humble/lib/x86_64-linux-gnu:/opt/ros/humble/lib:/usr/lib/x86_64-linux-gnu/gazebo-11/plugins:/usr/lib/x86_64-linux-gnu/gazebo-11/plugins:/usr/lib/x86_64-linux-gnu/gazebo-11/plugins PYTHONPATH=/home/g1/rokey_c2_ws/build/serving_robot/prefix_override:/usr/lib/python3/dist-packages/colcon_core/task/python/colcon_distutils_commands:/home/g1/rokey_c2_ws/install/serving_robot/lib/python3.10/site-packages:${PYTHONPATH} /usr/bin/python3 -W ignore:setup.py install is deprecated setup.py develop --editable --build-directory /home/g1/rokey_c2_ws/build/serving_robot/build --no-deps symlink_data
[1.614s] running develop
[1.910s] running egg_info
[1.910s] creating serving_robot.egg-info
[1.910s] writing serving_robot.egg-info/PKG-INFO
[1.910s] writing dependency_links to serving_robot.egg-info/dependency_links.txt
[1.912s] writing entry points to serving_robot.egg-info/entry_points.txt
[1.912s] writing requirements to serving_robot.egg-info/requires.txt
[1.912s] writing top-level names to serving_robot.egg-info/top_level.txt
[1.912s] writing manifest file 'serving_robot.egg-info/SOURCES.txt'
[1.915s] reading manifest file 'serving_robot.egg-info/SOURCES.txt'
[1.916s] writing manifest file 'serving_robot.egg-info/SOURCES.txt'
[1.920s] running build_ext
[1.920s] Creating /home/g1/rokey_c2_ws/install/serving_robot/lib/python3.10/site-packages/serving-robot.egg-link (link to .)
[1.921s] Installing action_test script to /home/g1/rokey_c2_ws/install/serving_robot/lib/serving_robot
[1.921s] Installing robot script to /home/g1/rokey_c2_ws/install/serving_robot/lib/serving_robot
[1.921s] Installing serving_robot script to /home/g1/rokey_c2_ws/install/serving_robot/lib/serving_robot
[1.922s] 
[1.922s] Installed /home/g1/rokey_c2_ws/build/serving_robot
[1.922s] running symlink_data
[1.922s] creating /home/g1/rokey_c2_ws/install/serving_robot/share/ament_index
[1.922s] creating /home/g1/rokey_c2_ws/install/serving_robot/share/ament_index/resource_index
[1.922s] creating /home/g1/rokey_c2_ws/install/serving_robot/share/ament_index/resource_index/packages
[1.922s] symbolically linking /home/g1/rokey_c2_ws/build/serving_robot/resource/serving_robot -> /home/g1/rokey_c2_ws/install/serving_robot/share/ament_index/resource_index/packages
[1.922s] symbolically linking /home/g1/rokey_c2_ws/build/serving_robot/package.xml -> /home/g1/rokey_c2_ws/install/serving_robot/share/serving_robot
[2.011s] Invoked command in '/home/g1/rokey_c2_ws/build/serving_robot' returned '0': LD_LIBRARY_PATH=/home/g1/rokey_c2_ws/install/serving_robot_msgs/lib:/home/g1/rokey_c2_ws/install/table_order_interface/lib:/home/g1/work/turtlebot3_ws/install/turtlebot3_msgs/lib:/usr/lib/x86_64-linux-gnu/gazebo-11/plugins:/opt/ros/humble/opt/rviz_ogre_vendor/lib:/opt/ros/humble/lib/x86_64-linux-gnu:/opt/ros/humble/lib:/usr/lib/x86_64-linux-gnu/gazebo-11/plugins:/usr/lib/x86_64-linux-gnu/gazebo-11/plugins:/usr/lib/x86_64-linux-gnu/gazebo-11/plugins PYTHONPATH=/home/g1/rokey_c2_ws/build/serving_robot/prefix_override:/usr/lib/python3/dist-packages/colcon_core/task/python/colcon_distutils_commands:/home/g1/rokey_c2_ws/install/serving_robot/lib/python3.10/site-packages:${PYTHONPATH} /usr/bin/python3 -W ignore:setup.py install is deprecated setup.py develop --editable --build-directory /home/g1/rokey_c2_ws/build/serving_robot/build --no-deps symlink_data
