[0.023s] Invoking command in '/home/aaa/rokey_c_2_ws/build/table_order_interface': CMAKE_PREFIX_PATH=${CMAKE_PREFIX_PATH}:/home/aaa/rokey_c_2_ws/install/table_order:/home/aaa/rokey_c_2_ws/install/serving_robot:/home/aaa/rokey_c_2_ws/install/database:/opt/ros/humble /usr/bin/cmake --build /home/aaa/rokey_c_2_ws/build/table_order_interface -- -j11 -l11
[0.100s] [  9%] Built target table_order_interface__rosidl_generator_c
[0.103s] [ 12%] Built target table_order_interface__cpp
[0.123s] [ 12%] Built target ament_cmake_python_symlink_table_order_interface
[0.141s] [ 22%] Built target table_order_interface__rosidl_typesupport_fastrtps_c
[0.144s] [ 32%] Built target table_order_interface__rosidl_typesupport_cpp
[0.150s] [ 41%] Built target table_order_interface__rosidl_typesupport_introspection_c
[0.150s] [ 51%] Built target table_order_interface__rosidl_typesupport_c
[0.150s] [ 61%] Built target table_order_interface__rosidl_typesupport_fastrtps_cpp
[0.164s] [ 70%] Built target table_order_interface__rosidl_typesupport_introspection_cpp
[0.185s] [ 70%] Built target table_order_interface
[0.210s] [ 74%] Built target table_order_interface__py
[0.239s] [ 80%] Built target table_order_interface__rosidl_generator_py
[0.270s] [ 90%] Built target table_order_interface__rosidl_typesupport_introspection_c__pyext
[0.271s] [ 96%] Built target table_order_interface__rosidl_typesupport_c__pyext
[0.271s] [100%] Built target table_order_interface__rosidl_typesupport_fastrtps_c__pyext
[0.467s] running egg_info
[0.468s] writing table_order_interface.egg-info/PKG-INFO
[0.468s] writing dependency_links to table_order_interface.egg-info/dependency_links.txt
[0.468s] writing top-level names to table_order_interface.egg-info/top_level.txt
[0.471s] reading manifest file 'table_order_interface.egg-info/SOURCES.txt'
[0.471s] writing manifest file 'table_order_interface.egg-info/SOURCES.txt'
[0.504s] [100%] Built target ament_cmake_python_build_table_order_interface_egg
[0.518s] Invoked command in '/home/aaa/rokey_c_2_ws/build/table_order_interface' returned '0': CMAKE_PREFIX_PATH=${CMAKE_PREFIX_PATH}:/home/aaa/rokey_c_2_ws/install/table_order:/home/aaa/rokey_c_2_ws/install/serving_robot:/home/aaa/rokey_c_2_ws/install/database:/opt/ros/humble /usr/bin/cmake --build /home/aaa/rokey_c_2_ws/build/table_order_interface -- -j11 -l11
[0.604s] Invoking command in '/home/aaa/rokey_c_2_ws/build/table_order_interface': CMAKE_PREFIX_PATH=${CMAKE_PREFIX_PATH}:/home/aaa/rokey_c_2_ws/install/table_order:/home/aaa/rokey_c_2_ws/install/serving_robot:/home/aaa/rokey_c_2_ws/install/database:/opt/ros/humble /usr/bin/cmake --install /home/aaa/rokey_c_2_ws/build/table_order_interface
[0.614s] -- Install configuration: ""
[0.615s] -- Execute custom install script
[0.615s] -- Up-to-date symlink: /home/aaa/rokey_c_2_ws/install/table_order_interface/share/ament_index/resource_index/rosidl_interfaces/table_order_interface
[0.616s] -- Up-to-date symlink: /home/aaa/rokey_c_2_ws/install/table_order_interface/include/table_order_interface/table_order_interface/msg/rosidl_generator_c__visibility_control.h
[0.616s] -- Up-to-date symlink: /home/aaa/rokey_c_2_ws/install/table_order_interface/include/table_order_interface/table_order_interface/srv/detail/set_order__functions.h
[0.616s] -- Up-to-date symlink: /home/aaa/rokey_c_2_ws/install/table_order_interface/include/table_order_interface/table_order_interface/srv/detail/set_order__struct.h
[0.616s] -- Up-to-date symlink: /home/aaa/rokey_c_2_ws/install/table_order_interface/include/table_order_interface/table_order_interface/srv/detail/set_order__type_support.h
[0.616s] -- Up-to-date symlink: /home/aaa/rokey_c_2_ws/install/table_order_interface/include/table_order_interface/table_order_interface/srv/set_order.h
[0.616s] -- Up-to-date symlink: /home/aaa/rokey_c_2_ws/install/table_order_interface/share/table_order_interface/environment/library_path.sh
[0.617s] -- Up-to-date symlink: /home/aaa/rokey_c_2_ws/install/table_order_interface/share/table_order_interface/environment/library_path.dsv
[0.617s] -- Up-to-date symlink: /home/aaa/rokey_c_2_ws/install/table_order_interface/include/table_order_interface/table_order_interface/msg/rosidl_typesupport_fastrtps_c__visibility_control.h
[0.617s] -- Up-to-date symlink: /home/aaa/rokey_c_2_ws/install/table_order_interface/include/table_order_interface/table_order_interface/srv/detail/set_order__rosidl_typesupport_fastrtps_c.h
[0.618s] -- Up-to-date symlink: /home/aaa/rokey_c_2_ws/install/table_order_interface/include/table_order_interface/table_order_interface/srv/detail/set_order__builder.hpp
[0.618s] -- Up-to-date symlink: /home/aaa/rokey_c_2_ws/install/table_order_interface/include/table_order_interface/table_order_interface/srv/detail/set_order__struct.hpp
[0.618s] -- Up-to-date symlink: /home/aaa/rokey_c_2_ws/install/table_order_interface/include/table_order_interface/table_order_interface/srv/detail/set_order__traits.hpp
[0.619s] -- Up-to-date symlink: /home/aaa/rokey_c_2_ws/install/table_order_interface/include/table_order_interface/table_order_interface/srv/set_order.hpp
[0.619s] -- Up-to-date symlink: /home/aaa/rokey_c_2_ws/install/table_order_interface/include/table_order_interface/table_order_interface/msg/rosidl_typesupport_fastrtps_cpp__visibility_control.h
[0.619s] -- Up-to-date symlink: /home/aaa/rokey_c_2_ws/install/table_order_interface/include/table_order_interface/table_order_interface/srv/detail/set_order__rosidl_typesupport_fastrtps_cpp.hpp
[0.620s] -- Up-to-date symlink: /home/aaa/rokey_c_2_ws/install/table_order_interface/include/table_order_interface/table_order_interface/msg/rosidl_typesupport_introspection_c__visibility_control.h
[0.620s] -- Up-to-date symlink: /home/aaa/rokey_c_2_ws/install/table_order_interface/include/table_order_interface/table_order_interface/srv/detail/set_order__rosidl_typesupport_introspection_c.h
[0.620s] -- Up-to-date symlink: /home/aaa/rokey_c_2_ws/install/table_order_interface/include/table_order_interface/table_order_interface/srv/detail/set_order__rosidl_typesupport_introspection_cpp.hpp
[0.620s] -- Up-to-date symlink: /home/aaa/rokey_c_2_ws/install/table_order_interface/share/table_order_interface/environment/pythonpath.sh
[0.620s] -- Up-to-date symlink: /home/aaa/rokey_c_2_ws/install/table_order_interface/share/table_order_interface/environment/pythonpath.dsv
[0.620s] -- Up-to-date symlink: /home/aaa/rokey_c_2_ws/install/table_order_interface/local/lib/python3.10/dist-packages/table_order_interface-0.0.0-py3.10.egg-info/PKG-INFO
[0.621s] -- Up-to-date symlink: /home/aaa/rokey_c_2_ws/install/table_order_interface/local/lib/python3.10/dist-packages/table_order_interface-0.0.0-py3.10.egg-info/SOURCES.txt
[0.621s] -- Up-to-date symlink: /home/aaa/rokey_c_2_ws/install/table_order_interface/local/lib/python3.10/dist-packages/table_order_interface-0.0.0-py3.10.egg-info/dependency_links.txt
[0.621s] -- Up-to-date symlink: /home/aaa/rokey_c_2_ws/install/table_order_interface/local/lib/python3.10/dist-packages/table_order_interface-0.0.0-py3.10.egg-info/top_level.txt
[0.622s] -- Up-to-date symlink: /home/aaa/rokey_c_2_ws/install/table_order_interface/local/lib/python3.10/dist-packages/table_order_interface/__init__.py
[0.622s] -- Up-to-date symlink: /home/aaa/rokey_c_2_ws/install/table_order_interface/local/lib/python3.10/dist-packages/table_order_interface/_table_order_interface_s.ep.rosidl_typesupport_c.c
[0.622s] -- Up-to-date symlink: /home/aaa/rokey_c_2_ws/install/table_order_interface/local/lib/python3.10/dist-packages/table_order_interface/_table_order_interface_s.ep.rosidl_typesupport_fastrtps_c.c
[0.622s] -- Up-to-date symlink: /home/aaa/rokey_c_2_ws/install/table_order_interface/local/lib/python3.10/dist-packages/table_order_interface/_table_order_interface_s.ep.rosidl_typesupport_introspection_c.c
[0.623s] -- Up-to-date symlink: /home/aaa/rokey_c_2_ws/install/table_order_interface/local/lib/python3.10/dist-packages/table_order_interface/libtable_order_interface__rosidl_generator_py.so
[0.623s] -- Up-to-date symlink: /home/aaa/rokey_c_2_ws/install/table_order_interface/local/lib/python3.10/dist-packages/table_order_interface/srv/__init__.py
[0.623s] -- Up-to-date symlink: /home/aaa/rokey_c_2_ws/install/table_order_interface/local/lib/python3.10/dist-packages/table_order_interface/srv/_set_order.py
[0.623s] -- Up-to-date symlink: /home/aaa/rokey_c_2_ws/install/table_order_interface/local/lib/python3.10/dist-packages/table_order_interface/srv/_set_order_s.c
[0.623s] -- Up-to-date symlink: /home/aaa/rokey_c_2_ws/install/table_order_interface/local/lib/python3.10/dist-packages/table_order_interface/table_order_interface_s__rosidl_typesupport_c.cpython-310-x86_64-linux-gnu.so
[0.623s] -- Up-to-date symlink: /home/aaa/rokey_c_2_ws/install/table_order_interface/local/lib/python3.10/dist-packages/table_order_interface/table_order_interface_s__rosidl_typesupport_fastrtps_c.cpython-310-x86_64-linux-gnu.so
[0.623s] -- Up-to-date symlink: /home/aaa/rokey_c_2_ws/install/table_order_interface/local/lib/python3.10/dist-packages/table_order_interface/table_order_interface_s__rosidl_typesupport_introspection_c.cpython-310-x86_64-linux-gnu.so
[0.624s] -- Up-to-date symlink: /home/aaa/rokey_c_2_ws/install/table_order_interface/local/lib/python3.10/dist-packages/table_order_interface/table_order_interface_s__rosidl_typesupport_fastrtps_c.cpython-310-x86_64-linux-gnu.so
[0.624s] -- Up-to-date symlink: /home/aaa/rokey_c_2_ws/install/table_order_interface/local/lib/python3.10/dist-packages/table_order_interface/table_order_interface_s__rosidl_typesupport_introspection_c.cpython-310-x86_64-linux-gnu.so
[0.624s] -- Up-to-date symlink: /home/aaa/rokey_c_2_ws/install/table_order_interface/local/lib/python3.10/dist-packages/table_order_interface/table_order_interface_s__rosidl_typesupport_c.cpython-310-x86_64-linux-gnu.so
[0.624s] -- Up-to-date symlink: /home/aaa/rokey_c_2_ws/install/table_order_interface/share/table_order_interface/srv/SetOrder.idl
[0.624s] -- Up-to-date symlink: /home/aaa/rokey_c_2_ws/install/table_order_interface/share/table_order_interface/srv/SetOrder.srv
[0.624s] -- Up-to-date symlink: /home/aaa/rokey_c_2_ws/install/table_order_interface/share/table_order_interface/srv/SetOrder_Request.msg
[0.624s] -- Up-to-date symlink: /home/aaa/rokey_c_2_ws/install/table_order_interface/share/table_order_interface/srv/SetOrder_Response.msg
[0.625s] -- Up-to-date symlink: /home/aaa/rokey_c_2_ws/install/table_order_interface/share/ament_index/resource_index/package_run_dependencies/table_order_interface
[0.625s] -- Up-to-date symlink: /home/aaa/rokey_c_2_ws/install/table_order_interface/share/ament_index/resource_index/parent_prefix_path/table_order_interface
[0.625s] -- Up-to-date symlink: /home/aaa/rokey_c_2_ws/install/table_order_interface/share/table_order_interface/environment/ament_prefix_path.sh
[0.626s] -- Up-to-date symlink: /home/aaa/rokey_c_2_ws/install/table_order_interface/share/table_order_interface/environment/ament_prefix_path.dsv
[0.626s] -- Up-to-date symlink: /home/aaa/rokey_c_2_ws/install/table_order_interface/share/table_order_interface/environment/path.sh
[0.627s] -- Up-to-date symlink: /home/aaa/rokey_c_2_ws/install/table_order_interface/share/table_order_interface/environment/path.dsv
[0.628s] -- Up-to-date symlink: /home/aaa/rokey_c_2_ws/install/table_order_interface/share/table_order_interface/local_setup.bash
[0.628s] -- Up-to-date symlink: /home/aaa/rokey_c_2_ws/install/table_order_interface/share/table_order_interface/local_setup.sh
[0.628s] -- Up-to-date symlink: /home/aaa/rokey_c_2_ws/install/table_order_interface/share/table_order_interface/local_setup.zsh
[0.628s] -- Up-to-date symlink: /home/aaa/rokey_c_2_ws/install/table_order_interface/share/table_order_interface/local_setup.dsv
[0.628s] -- Symlinking: /home/aaa/rokey_c_2_ws/install/table_order_interface/share/table_order_interface/package.dsv
[0.641s] -- Up-to-date symlink: /home/aaa/rokey_c_2_ws/install/table_order_interface/share/ament_index/resource_index/packages/table_order_interface
[0.641s] -- Up-to-date symlink: /home/aaa/rokey_c_2_ws/install/table_order_interface/share/table_order_interface/cmake/rosidl_cmake-extras.cmake
[0.642s] -- Up-to-date symlink: /home/aaa/rokey_c_2_ws/install/table_order_interface/share/table_order_interface/cmake/ament_cmake_export_dependencies-extras.cmake
[0.642s] -- Up-to-date symlink: /home/aaa/rokey_c_2_ws/install/table_order_interface/share/table_order_interface/cmake/ament_cmake_export_include_directories-extras.cmake
[0.642s] -- Up-to-date symlink: /home/aaa/rokey_c_2_ws/install/table_order_interface/share/table_order_interface/cmake/ament_cmake_export_libraries-extras.cmake
[0.642s] -- Up-to-date symlink: /home/aaa/rokey_c_2_ws/install/table_order_interface/share/table_order_interface/cmake/ament_cmake_export_targets-extras.cmake
[0.642s] -- Up-to-date symlink: /home/aaa/rokey_c_2_ws/install/table_order_interface/share/table_order_interface/cmake/rosidl_cmake_export_typesupport_targets-extras.cmake
[0.643s] -- Up-to-date symlink: /home/aaa/rokey_c_2_ws/install/table_order_interface/share/table_order_interface/cmake/rosidl_cmake_export_typesupport_libraries-extras.cmake
[0.643s] -- Up-to-date symlink: /home/aaa/rokey_c_2_ws/install/table_order_interface/share/table_order_interface/cmake/table_order_interfaceConfig.cmake
[0.643s] -- Up-to-date symlink: /home/aaa/rokey_c_2_ws/install/table_order_interface/share/table_order_interface/cmake/table_order_interfaceConfig-version.cmake
[0.644s] -- Up-to-date symlink: /home/aaa/rokey_c_2_ws/install/table_order_interface/share/table_order_interface/package.xml
[0.644s] -- Up-to-date: /home/aaa/rokey_c_2_ws/install/table_order_interface/lib/libtable_order_interface__rosidl_generator_c.so
[0.644s] -- Up-to-date: /home/aaa/rokey_c_2_ws/install/table_order_interface/lib/libtable_order_interface__rosidl_typesupport_fastrtps_c.so
[0.644s] -- Up-to-date: /home/aaa/rokey_c_2_ws/install/table_order_interface/lib/libtable_order_interface__rosidl_typesupport_fastrtps_cpp.so
[0.644s] -- Up-to-date: /home/aaa/rokey_c_2_ws/install/table_order_interface/lib/libtable_order_interface__rosidl_typesupport_introspection_c.so
[0.645s] -- Up-to-date: /home/aaa/rokey_c_2_ws/install/table_order_interface/lib/libtable_order_interface__rosidl_typesupport_c.so
[0.645s] -- Up-to-date: /home/aaa/rokey_c_2_ws/install/table_order_interface/lib/libtable_order_interface__rosidl_typesupport_introspection_cpp.so
[0.645s] -- Up-to-date: /home/aaa/rokey_c_2_ws/install/table_order_interface/lib/libtable_order_interface__rosidl_typesupport_cpp.so
[0.688s] Listing '/home/aaa/rokey_c_2_ws/install/table_order_interface/local/lib/python3.10/dist-packages/table_order_interface'...
[0.688s] Listing '/home/aaa/rokey_c_2_ws/install/table_order_interface/local/lib/python3.10/dist-packages/table_order_interface/srv'...
[0.694s] -- Up-to-date: /home/aaa/rokey_c_2_ws/install/table_order_interface/lib/libtable_order_interface__rosidl_generator_py.so
[0.695s] -- Up-to-date: /home/aaa/rokey_c_2_ws/install/table_order_interface/share/table_order_interface/cmake/export_table_order_interface__rosidl_generator_cExport.cmake
[0.695s] -- Up-to-date: /home/aaa/rokey_c_2_ws/install/table_order_interface/share/table_order_interface/cmake/export_table_order_interface__rosidl_generator_cExport-noconfig.cmake
[0.697s] -- Up-to-date: /home/aaa/rokey_c_2_ws/install/table_order_interface/share/table_order_interface/cmake/export_table_order_interface__rosidl_typesupport_fastrtps_cExport.cmake
[0.697s] -- Up-to-date: /home/aaa/rokey_c_2_ws/install/table_order_interface/share/table_order_interface/cmake/export_table_order_interface__rosidl_typesupport_fastrtps_cExport-noconfig.cmake
[0.697s] -- Up-to-date: /home/aaa/rokey_c_2_ws/install/table_order_interface/share/table_order_interface/cmake/export_table_order_interface__rosidl_generator_cppExport.cmake
[0.697s] -- Up-to-date: /home/aaa/rokey_c_2_ws/install/table_order_interface/share/table_order_interface/cmake/export_table_order_interface__rosidl_typesupport_fastrtps_cppExport.cmake
[0.697s] -- Up-to-date: /home/aaa/rokey_c_2_ws/install/table_order_interface/share/table_order_interface/cmake/export_table_order_interface__rosidl_typesupport_fastrtps_cppExport-noconfig.cmake
[0.697s] -- Up-to-date: /home/aaa/rokey_c_2_ws/install/table_order_interface/share/table_order_interface/cmake/table_order_interface__rosidl_typesupport_introspection_cExport.cmake
[0.697s] -- Up-to-date: /home/aaa/rokey_c_2_ws/install/table_order_interface/share/table_order_interface/cmake/table_order_interface__rosidl_typesupport_introspection_cExport-noconfig.cmake
[0.697s] -- Up-to-date: /home/aaa/rokey_c_2_ws/install/table_order_interface/share/table_order_interface/cmake/table_order_interface__rosidl_typesupport_cExport.cmake
[0.698s] -- Up-to-date: /home/aaa/rokey_c_2_ws/install/table_order_interface/share/table_order_interface/cmake/table_order_interface__rosidl_typesupport_cExport-noconfig.cmake
[0.698s] -- Up-to-date: /home/aaa/rokey_c_2_ws/install/table_order_interface/share/table_order_interface/cmake/table_order_interface__rosidl_typesupport_introspection_cppExport.cmake
[0.698s] -- Up-to-date: /home/aaa/rokey_c_2_ws/install/table_order_interface/share/table_order_interface/cmake/table_order_interface__rosidl_typesupport_introspection_cppExport-noconfig.cmake
[0.698s] -- Up-to-date: /home/aaa/rokey_c_2_ws/install/table_order_interface/share/table_order_interface/cmake/table_order_interface__rosidl_typesupport_cppExport.cmake
[0.698s] -- Up-to-date: /home/aaa/rokey_c_2_ws/install/table_order_interface/share/table_order_interface/cmake/table_order_interface__rosidl_typesupport_cppExport-noconfig.cmake
[0.698s] -- Up-to-date: /home/aaa/rokey_c_2_ws/install/table_order_interface/share/table_order_interface/cmake/export_table_order_interface__rosidl_generator_pyExport.cmake
[0.699s] -- Up-to-date: /home/aaa/rokey_c_2_ws/install/table_order_interface/share/table_order_interface/cmake/export_table_order_interface__rosidl_generator_pyExport-noconfig.cmake
[0.706s] Invoked command in '/home/aaa/rokey_c_2_ws/build/table_order_interface' returned '0': CMAKE_PREFIX_PATH=${CMAKE_PREFIX_PATH}:/home/aaa/rokey_c_2_ws/install/table_order:/home/aaa/rokey_c_2_ws/install/serving_robot:/home/aaa/rokey_c_2_ws/install/database:/opt/ros/humble /usr/bin/cmake --install /home/aaa/rokey_c_2_ws/build/table_order_interface
