[1.973s] Invoking command in '/home/love/turtlebot3_gui/src/turtlebot3_gui': PYTHONPATH=/home/love/turtlebot3_gui/build/turtlebot3_gui/prefix_override:/usr/lib/python3/dist-packages/colcon_core/task/python/colcon_distutils_commands:/home/love/turtlebot3_gui/install/turtlebot3_gui/lib/python3.10/site-packages:${PYTHONPATH} WSLENV=ELECTRON_RUN_AS_NODE/w: /usr/bin/python3 -W ignore:setup.py install is deprecated setup.py egg_info --egg-base ../../build/turtlebot3_gui build --build-base /home/love/turtlebot3_gui/build/turtlebot3_gui/build install --record /home/love/turtlebot3_gui/build/turtlebot3_gui/install.log --single-version-externally-managed install_data
[2.386s] running egg_info
[2.388s] writing ../../build/turtlebot3_gui/turtlebot3_gui.egg-info/PKG-INFO
[2.388s] writing dependency_links to ../../build/turtlebot3_gui/turtlebot3_gui.egg-info/dependency_links.txt
[2.389s] writing entry points to ../../build/turtlebot3_gui/turtlebot3_gui.egg-info/entry_points.txt
[2.389s] writing requirements to ../../build/turtlebot3_gui/turtlebot3_gui.egg-info/requires.txt
[2.389s] writing top-level names to ../../build/turtlebot3_gui/turtlebot3_gui.egg-info/top_level.txt
[2.391s] reading manifest file '../../build/turtlebot3_gui/turtlebot3_gui.egg-info/SOURCES.txt'
[2.395s] writing manifest file '../../build/turtlebot3_gui/turtlebot3_gui.egg-info/SOURCES.txt'
[2.395s] running build
[2.396s] running build_py
[2.396s] copying turtlebot3_gui/turtlebot3_gui.py -> /home/love/turtlebot3_gui/build/turtlebot3_gui/build/lib/turtlebot3_gui
[2.396s] running install
[2.397s] running install_lib
[2.399s] copying /home/love/turtlebot3_gui/build/turtlebot3_gui/build/lib/turtlebot3_gui/turtlebot3_gui.py -> /home/love/turtlebot3_gui/install/turtlebot3_gui/lib/python3.10/site-packages/turtlebot3_gui
[2.400s] byte-compiling /home/love/turtlebot3_gui/install/turtlebot3_gui/lib/python3.10/site-packages/turtlebot3_gui/turtlebot3_gui.py to turtlebot3_gui.cpython-310.pyc
[2.402s] running install_data
[2.403s] running install_egg_info
[2.407s] removing '/home/love/turtlebot3_gui/install/turtlebot3_gui/lib/python3.10/site-packages/turtlebot3_gui-0.0.0-py3.10.egg-info' (and everything under it)
[2.408s] Copying ../../build/turtlebot3_gui/turtlebot3_gui.egg-info to /home/love/turtlebot3_gui/install/turtlebot3_gui/lib/python3.10/site-packages/turtlebot3_gui-0.0.0-py3.10.egg-info
[2.410s] running install_scripts
[2.444s] Installing turtlebot3_gui script to /home/love/turtlebot3_gui/install/turtlebot3_gui/lib/turtlebot3_gui
[2.444s] writing list of installed files to '/home/love/turtlebot3_gui/build/turtlebot3_gui/install.log'
[2.483s] Invoked command in '/home/love/turtlebot3_gui/src/turtlebot3_gui' returned '0': PYTHONPATH=/home/love/turtlebot3_gui/build/turtlebot3_gui/prefix_override:/usr/lib/python3/dist-packages/colcon_core/task/python/colcon_distutils_commands:/home/love/turtlebot3_gui/install/turtlebot3_gui/lib/python3.10/site-packages:${PYTHONPATH} WSLENV=ELECTRON_RUN_AS_NODE/w: /usr/bin/python3 -W ignore:setup.py install is deprecated setup.py egg_info --egg-base ../../build/turtlebot3_gui build --build-base /home/love/turtlebot3_gui/build/turtlebot3_gui/build install --record /home/love/turtlebot3_gui/build/turtlebot3_gui/install.log --single-version-externally-managed install_data
