[0.141s] DEBUG:colcon:Command line arguments: ['/usr/bin/colcon', 'build']
[0.141s] DEBUG:colcon:Parsed command line arguments: Namespace(log_base=None, log_level=None, verb_name='build', build_base='build', install_base='install', merge_install=False, symlink_install=False, test_result_base=None, continue_on_error=False, executor='parallel', parallel_workers=8, event_handlers=None, ignore_user_meta=False, metas=['./colcon.meta'], base_paths=['.'], packages_ignore=None, packages_ignore_regex=None, paths=None, packages_up_to=None, packages_up_to_regex=None, packages_above=None, packages_above_and_dependencies=None, packages_above_depth=None, packages_select_by_dep=None, packages_skip_by_dep=None, packages_skip_up_to=None, packages_select_build_failed=False, packages_skip_build_finished=False, packages_select_test_failures=False, packages_skip_test_passed=False, packages_select=None, packages_skip=None, packages_select_regex=None, packages_skip_regex=None, packages_start=None, packages_end=None, allow_overriding=[], cmake_args=None, cmake_target=None, cmake_target_skip_unavailable=False, cmake_clean_cache=False, cmake_clean_first=False, cmake_force_configure=False, ament_cmake_args=None, catkin_cmake_args=None, catkin_skip_building_tests=False, verb_parser=<colcon_defaults.argument_parser.defaults.DefaultArgumentsDecorator object at 0x70ea520b70a0>, verb_extension=<colcon_core.verb.build.BuildVerb object at 0x70ea52185210>, main=<bound method BuildVerb.main of <colcon_core.verb.build.BuildVerb object at 0x70ea52185210>>)
[0.364s] Level 1:colcon.colcon_core.package_discovery:discover_packages(colcon_meta) check parameters
[0.364s] Level 1:colcon.colcon_core.package_discovery:discover_packages(recursive) check parameters
[0.364s] Level 1:colcon.colcon_core.package_discovery:discover_packages(ignore) check parameters
[0.364s] Level 1:colcon.colcon_core.package_discovery:discover_packages(path) check parameters
[0.365s] Level 1:colcon.colcon_core.package_discovery:discover_packages(colcon_meta) discover
[0.365s] Level 1:colcon.colcon_core.package_discovery:discover_packages(recursive) discover
[0.365s] INFO:colcon.colcon_core.package_discovery:Crawling recursively for packages in '/home/psb/rokey_c_2_ws'
[0.365s] Level 1:colcon.colcon_core.package_identification:_identify(.) by extensions ['ignore', 'ignore_ament_install']
[0.365s] Level 1:colcon.colcon_core.package_identification:_identify(.) by extension 'ignore'
[0.365s] Level 1:colcon.colcon_core.package_identification:_identify(.) by extension 'ignore_ament_install'
[0.365s] Level 1:colcon.colcon_core.package_identification:_identify(.) by extensions ['colcon_pkg']
[0.365s] Level 1:colcon.colcon_core.package_identification:_identify(.) by extension 'colcon_pkg'
[0.365s] Level 1:colcon.colcon_core.package_identification:_identify(.) by extensions ['colcon_meta']
[0.365s] Level 1:colcon.colcon_core.package_identification:_identify(.) by extension 'colcon_meta'
[0.365s] Level 1:colcon.colcon_core.package_identification:_identify(.) by extensions ['ros']
[0.365s] Level 1:colcon.colcon_core.package_identification:_identify(.) by extension 'ros'
[0.378s] Level 1:colcon.colcon_core.package_identification:_identify(.) by extensions ['cmake', 'python']
[0.378s] Level 1:colcon.colcon_core.package_identification:_identify(.) by extension 'cmake'
[0.378s] Level 1:colcon.colcon_core.package_identification:_identify(.) by extension 'python'
[0.378s] Level 1:colcon.colcon_core.package_identification:_identify(.) by extensions ['python_setup_py']
[0.378s] Level 1:colcon.colcon_core.package_identification:_identify(.) by extension 'python_setup_py'
[0.378s] Level 1:colcon.colcon_core.package_identification:_identify(build) by extensions ['ignore', 'ignore_ament_install']
[0.378s] Level 1:colcon.colcon_core.package_identification:_identify(build) by extension 'ignore'
[0.378s] Level 1:colcon.colcon_core.package_identification:_identify(build) ignored
[0.378s] Level 1:colcon.colcon_core.package_identification:_identify(install) by extensions ['ignore', 'ignore_ament_install']
[0.378s] Level 1:colcon.colcon_core.package_identification:_identify(install) by extension 'ignore'
[0.378s] Level 1:colcon.colcon_core.package_identification:_identify(install) ignored
[0.379s] Level 1:colcon.colcon_core.package_identification:_identify(log) by extensions ['ignore', 'ignore_ament_install']
[0.379s] Level 1:colcon.colcon_core.package_identification:_identify(log) by extension 'ignore'
[0.379s] Level 1:colcon.colcon_core.package_identification:_identify(log) ignored
[0.379s] Level 1:colcon.colcon_core.package_identification:_identify(src) by extensions ['ignore', 'ignore_ament_install']
[0.379s] Level 1:colcon.colcon_core.package_identification:_identify(src) by extension 'ignore'
[0.379s] Level 1:colcon.colcon_core.package_identification:_identify(src) by extension 'ignore_ament_install'
[0.379s] Level 1:colcon.colcon_core.package_identification:_identify(src) by extensions ['colcon_pkg']
[0.379s] Level 1:colcon.colcon_core.package_identification:_identify(src) by extension 'colcon_pkg'
[0.379s] Level 1:colcon.colcon_core.package_identification:_identify(src) by extensions ['colcon_meta']
[0.379s] Level 1:colcon.colcon_core.package_identification:_identify(src) by extension 'colcon_meta'
[0.379s] Level 1:colcon.colcon_core.package_identification:_identify(src) by extensions ['ros']
[0.379s] Level 1:colcon.colcon_core.package_identification:_identify(src) by extension 'ros'
[0.379s] Level 1:colcon.colcon_core.package_identification:_identify(src) by extensions ['cmake', 'python']
[0.379s] Level 1:colcon.colcon_core.package_identification:_identify(src) by extension 'cmake'
[0.379s] Level 1:colcon.colcon_core.package_identification:_identify(src) by extension 'python'
[0.379s] Level 1:colcon.colcon_core.package_identification:_identify(src) by extensions ['python_setup_py']
[0.379s] Level 1:colcon.colcon_core.package_identification:_identify(src) by extension 'python_setup_py'
[0.379s] Level 1:colcon.colcon_core.package_identification:_identify(src/c2_turtle_interface) by extensions ['ignore', 'ignore_ament_install']
[0.380s] Level 1:colcon.colcon_core.package_identification:_identify(src/c2_turtle_interface) by extension 'ignore'
[0.380s] Level 1:colcon.colcon_core.package_identification:_identify(src/c2_turtle_interface) by extension 'ignore_ament_install'
[0.380s] Level 1:colcon.colcon_core.package_identification:_identify(src/c2_turtle_interface) by extensions ['colcon_pkg']
[0.380s] Level 1:colcon.colcon_core.package_identification:_identify(src/c2_turtle_interface) by extension 'colcon_pkg'
[0.380s] Level 1:colcon.colcon_core.package_identification:_identify(src/c2_turtle_interface) by extensions ['colcon_meta']
[0.380s] Level 1:colcon.colcon_core.package_identification:_identify(src/c2_turtle_interface) by extension 'colcon_meta'
[0.380s] Level 1:colcon.colcon_core.package_identification:_identify(src/c2_turtle_interface) by extensions ['ros']
[0.380s] Level 1:colcon.colcon_core.package_identification:_identify(src/c2_turtle_interface) by extension 'ros'
[0.380s] Level 1:colcon.colcon_core.package_identification:_identify(src/c2_turtle_interface) by extensions ['cmake', 'python']
[0.380s] Level 1:colcon.colcon_core.package_identification:_identify(src/c2_turtle_interface) by extension 'cmake'
[0.380s] Level 1:colcon.colcon_core.package_identification:_identify(src/c2_turtle_interface) by extension 'python'
[0.380s] Level 1:colcon.colcon_core.package_identification:_identify(src/c2_turtle_interface) by extensions ['python_setup_py']
[0.380s] Level 1:colcon.colcon_core.package_identification:_identify(src/c2_turtle_interface) by extension 'python_setup_py'
[0.380s] Level 1:colcon.colcon_core.package_identification:_identify(src/c2_turtle_interface/srv) by extensions ['ignore', 'ignore_ament_install']
[0.380s] Level 1:colcon.colcon_core.package_identification:_identify(src/c2_turtle_interface/srv) by extension 'ignore'
[0.380s] Level 1:colcon.colcon_core.package_identification:_identify(src/c2_turtle_interface/srv) by extension 'ignore_ament_install'
[0.380s] Level 1:colcon.colcon_core.package_identification:_identify(src/c2_turtle_interface/srv) by extensions ['colcon_pkg']
[0.381s] Level 1:colcon.colcon_core.package_identification:_identify(src/c2_turtle_interface/srv) by extension 'colcon_pkg'
[0.381s] Level 1:colcon.colcon_core.package_identification:_identify(src/c2_turtle_interface/srv) by extensions ['colcon_meta']
[0.381s] Level 1:colcon.colcon_core.package_identification:_identify(src/c2_turtle_interface/srv) by extension 'colcon_meta'
[0.381s] Level 1:colcon.colcon_core.package_identification:_identify(src/c2_turtle_interface/srv) by extensions ['ros']
[0.381s] Level 1:colcon.colcon_core.package_identification:_identify(src/c2_turtle_interface/srv) by extension 'ros'
[0.381s] Level 1:colcon.colcon_core.package_identification:_identify(src/c2_turtle_interface/srv) by extensions ['cmake', 'python']
[0.381s] Level 1:colcon.colcon_core.package_identification:_identify(src/c2_turtle_interface/srv) by extension 'cmake'
[0.381s] Level 1:colcon.colcon_core.package_identification:_identify(src/c2_turtle_interface/srv) by extension 'python'
[0.381s] Level 1:colcon.colcon_core.package_identification:_identify(src/c2_turtle_interface/srv) by extensions ['python_setup_py']
[0.381s] Level 1:colcon.colcon_core.package_identification:_identify(src/c2_turtle_interface/srv) by extension 'python_setup_py'
[0.381s] Level 1:colcon.colcon_core.package_identification:_identify(src/database) by extensions ['ignore', 'ignore_ament_install']
[0.381s] Level 1:colcon.colcon_core.package_identification:_identify(src/database) by extension 'ignore'
[0.381s] Level 1:colcon.colcon_core.package_identification:_identify(src/database) by extension 'ignore_ament_install'
[0.381s] Level 1:colcon.colcon_core.package_identification:_identify(src/database) by extensions ['colcon_pkg']
[0.381s] Level 1:colcon.colcon_core.package_identification:_identify(src/database) by extension 'colcon_pkg'
[0.381s] Level 1:colcon.colcon_core.package_identification:_identify(src/database) by extensions ['colcon_meta']
[0.381s] Level 1:colcon.colcon_core.package_identification:_identify(src/database) by extension 'colcon_meta'
[0.381s] Level 1:colcon.colcon_core.package_identification:_identify(src/database) by extensions ['ros']
[0.381s] Level 1:colcon.colcon_core.package_identification:_identify(src/database) by extension 'ros'
[0.384s] DEBUG:colcon.colcon_core.package_identification:Package 'src/database' with type 'ros.ament_python' and name 'database'
[0.384s] Level 1:colcon.colcon_core.package_identification:_identify(src/nav_interfaces) by extensions ['ignore', 'ignore_ament_install']
[0.385s] Level 1:colcon.colcon_core.package_identification:_identify(src/nav_interfaces) by extension 'ignore'
[0.385s] Level 1:colcon.colcon_core.package_identification:_identify(src/nav_interfaces) by extension 'ignore_ament_install'
[0.385s] Level 1:colcon.colcon_core.package_identification:_identify(src/nav_interfaces) by extensions ['colcon_pkg']
[0.385s] Level 1:colcon.colcon_core.package_identification:_identify(src/nav_interfaces) by extension 'colcon_pkg'
[0.385s] Level 1:colcon.colcon_core.package_identification:_identify(src/nav_interfaces) by extensions ['colcon_meta']
[0.385s] Level 1:colcon.colcon_core.package_identification:_identify(src/nav_interfaces) by extension 'colcon_meta'
[0.385s] Level 1:colcon.colcon_core.package_identification:_identify(src/nav_interfaces) by extensions ['ros']
[0.385s] Level 1:colcon.colcon_core.package_identification:_identify(src/nav_interfaces) by extension 'ros'
[0.385s] DEBUG:colcon.colcon_core.package_identification:Package 'src/nav_interfaces' with type 'ros.ament_cmake' and name 'nav_interfaces'
[0.386s] Level 1:colcon.colcon_core.package_identification:_identify(src/serving_robot) by extensions ['ignore', 'ignore_ament_install']
[0.386s] Level 1:colcon.colcon_core.package_identification:_identify(src/serving_robot) by extension 'ignore'
[0.386s] Level 1:colcon.colcon_core.package_identification:_identify(src/serving_robot) by extension 'ignore_ament_install'
[0.386s] Level 1:colcon.colcon_core.package_identification:_identify(src/serving_robot) by extensions ['colcon_pkg']
[0.386s] Level 1:colcon.colcon_core.package_identification:_identify(src/serving_robot) by extension 'colcon_pkg'
[0.386s] Level 1:colcon.colcon_core.package_identification:_identify(src/serving_robot) by extensions ['colcon_meta']
[0.386s] Level 1:colcon.colcon_core.package_identification:_identify(src/serving_robot) by extension 'colcon_meta'
[0.386s] Level 1:colcon.colcon_core.package_identification:_identify(src/serving_robot) by extensions ['ros']
[0.386s] Level 1:colcon.colcon_core.package_identification:_identify(src/serving_robot) by extension 'ros'
[0.387s] DEBUG:colcon.colcon_core.package_identification:Package 'src/serving_robot' with type 'ros.ament_python' and name 'serving_robot'
[0.387s] Level 1:colcon.colcon_core.package_identification:_identify(src/serving_robot_msgs) by extensions ['ignore', 'ignore_ament_install']
[0.387s] Level 1:colcon.colcon_core.package_identification:_identify(src/serving_robot_msgs) by extension 'ignore'
[0.387s] Level 1:colcon.colcon_core.package_identification:_identify(src/serving_robot_msgs) by extension 'ignore_ament_install'
[0.387s] Level 1:colcon.colcon_core.package_identification:_identify(src/serving_robot_msgs) by extensions ['colcon_pkg']
[0.387s] Level 1:colcon.colcon_core.package_identification:_identify(src/serving_robot_msgs) by extension 'colcon_pkg'
[0.387s] Level 1:colcon.colcon_core.package_identification:_identify(src/serving_robot_msgs) by extensions ['colcon_meta']
[0.387s] Level 1:colcon.colcon_core.package_identification:_identify(src/serving_robot_msgs) by extension 'colcon_meta'
[0.387s] Level 1:colcon.colcon_core.package_identification:_identify(src/serving_robot_msgs) by extensions ['ros']
[0.387s] Level 1:colcon.colcon_core.package_identification:_identify(src/serving_robot_msgs) by extension 'ros'
[0.388s] DEBUG:colcon.colcon_core.package_identification:Package 'src/serving_robot_msgs' with type 'ros.ament_cmake' and name 'serving_robot_msgs'
[0.388s] Level 1:colcon.colcon_core.package_identification:_identify(src/table_order) by extensions ['ignore', 'ignore_ament_install']
[0.388s] Level 1:colcon.colcon_core.package_identification:_identify(src/table_order) by extension 'ignore'
[0.388s] Level 1:colcon.colcon_core.package_identification:_identify(src/table_order) by extension 'ignore_ament_install'
[0.388s] Level 1:colcon.colcon_core.package_identification:_identify(src/table_order) by extensions ['colcon_pkg']
[0.388s] Level 1:colcon.colcon_core.package_identification:_identify(src/table_order) by extension 'colcon_pkg'
[0.388s] Level 1:colcon.colcon_core.package_identification:_identify(src/table_order) by extensions ['colcon_meta']
[0.388s] Level 1:colcon.colcon_core.package_identification:_identify(src/table_order) by extension 'colcon_meta'
[0.388s] Level 1:colcon.colcon_core.package_identification:_identify(src/table_order) by extensions ['ros']
[0.388s] Level 1:colcon.colcon_core.package_identification:_identify(src/table_order) by extension 'ros'
[0.389s] DEBUG:colcon.colcon_core.package_identification:Package 'src/table_order' with type 'ros.ament_python' and name 'table_order'
[0.389s] Level 1:colcon.colcon_core.package_identification:_identify(src/table_order_interface) by extensions ['ignore', 'ignore_ament_install']
[0.389s] Level 1:colcon.colcon_core.package_identification:_identify(src/table_order_interface) by extension 'ignore'
[0.389s] Level 1:colcon.colcon_core.package_identification:_identify(src/table_order_interface) by extension 'ignore_ament_install'
[0.389s] Level 1:colcon.colcon_core.package_identification:_identify(src/table_order_interface) by extensions ['colcon_pkg']
[0.389s] Level 1:colcon.colcon_core.package_identification:_identify(src/table_order_interface) by extension 'colcon_pkg'
[0.389s] Level 1:colcon.colcon_core.package_identification:_identify(src/table_order_interface) by extensions ['colcon_meta']
[0.389s] Level 1:colcon.colcon_core.package_identification:_identify(src/table_order_interface) by extension 'colcon_meta'
[0.389s] Level 1:colcon.colcon_core.package_identification:_identify(src/table_order_interface) by extensions ['ros']
[0.389s] Level 1:colcon.colcon_core.package_identification:_identify(src/table_order_interface) by extension 'ros'
[0.390s] DEBUG:colcon.colcon_core.package_identification:Package 'src/table_order_interface' with type 'ros.ament_cmake' and name 'table_order_interface'
[0.390s] Level 1:colcon.colcon_core.package_identification:_identify(src/turtlebot3_gui) by extensions ['ignore', 'ignore_ament_install']
[0.390s] Level 1:colcon.colcon_core.package_identification:_identify(src/turtlebot3_gui) by extension 'ignore'
[0.390s] Level 1:colcon.colcon_core.package_identification:_identify(src/turtlebot3_gui) by extension 'ignore_ament_install'
[0.390s] Level 1:colcon.colcon_core.package_identification:_identify(src/turtlebot3_gui) by extensions ['colcon_pkg']
[0.390s] Level 1:colcon.colcon_core.package_identification:_identify(src/turtlebot3_gui) by extension 'colcon_pkg'
[0.390s] Level 1:colcon.colcon_core.package_identification:_identify(src/turtlebot3_gui) by extensions ['colcon_meta']
[0.390s] Level 1:colcon.colcon_core.package_identification:_identify(src/turtlebot3_gui) by extension 'colcon_meta'
[0.391s] Level 1:colcon.colcon_core.package_identification:_identify(src/turtlebot3_gui) by extensions ['ros']
[0.391s] Level 1:colcon.colcon_core.package_identification:_identify(src/turtlebot3_gui) by extension 'ros'
[0.391s] DEBUG:colcon.colcon_core.package_identification:Package 'src/turtlebot3_gui' with type 'ros.ament_python' and name 'turtlebot3_gui'
[0.391s] Level 1:colcon.colcon_core.package_discovery:discover_packages(recursive) using defaults
[0.391s] Level 1:colcon.colcon_core.package_discovery:discover_packages(ignore) discover
[0.391s] Level 1:colcon.colcon_core.package_discovery:discover_packages(ignore) using defaults
[0.391s] Level 1:colcon.colcon_core.package_discovery:discover_packages(path) discover
[0.391s] Level 1:colcon.colcon_core.package_discovery:discover_packages(path) using defaults
[0.413s] Level 1:colcon.colcon_core.package_discovery:discover_packages(prefix_path) check parameters
[0.414s] Level 1:colcon.colcon_core.package_discovery:discover_packages(prefix_path) discover
[0.416s] DEBUG:colcon.colcon_installed_package_information.package_discovery:Found 9 installed packages in /home/psb/rokey_c_2_ws/install
[0.417s] DEBUG:colcon.colcon_installed_package_information.package_discovery:Found 12 installed packages in /home/psb/turtlebot3_ws/install
[0.418s] DEBUG:colcon.colcon_installed_package_information.package_discovery:Found 373 installed packages in /opt/ros/humble
[0.422s] Level 1:colcon.colcon_core.package_discovery:discover_packages(prefix_path) using defaults
[0.472s] Level 5:colcon.colcon_core.verb:set package 'database' build argument 'cmake_args' from command line to 'None'
[0.472s] Level 5:colcon.colcon_core.verb:set package 'database' build argument 'cmake_target' from command line to 'None'
[0.473s] Level 5:colcon.colcon_core.verb:set package 'database' build argument 'cmake_target_skip_unavailable' from command line to 'False'
[0.473s] Level 5:colcon.colcon_core.verb:set package 'database' build argument 'cmake_clean_cache' from command line to 'False'
[0.473s] Level 5:colcon.colcon_core.verb:set package 'database' build argument 'cmake_clean_first' from command line to 'False'
[0.473s] Level 5:colcon.colcon_core.verb:set package 'database' build argument 'cmake_force_configure' from command line to 'False'
[0.473s] Level 5:colcon.colcon_core.verb:set package 'database' build argument 'ament_cmake_args' from command line to 'None'
[0.473s] Level 5:colcon.colcon_core.verb:set package 'database' build argument 'catkin_cmake_args' from command line to 'None'
[0.473s] Level 5:colcon.colcon_core.verb:set package 'database' build argument 'catkin_skip_building_tests' from command line to 'False'
[0.473s] DEBUG:colcon.colcon_core.verb:Building package 'database' with the following arguments: {'ament_cmake_args': None, 'build_base': '/home/psb/rokey_c_2_ws/build/database', 'catkin_cmake_args': None, 'catkin_skip_building_tests': False, 'cmake_args': None, 'cmake_clean_cache': False, 'cmake_clean_first': False, 'cmake_force_configure': False, 'cmake_target': None, 'cmake_target_skip_unavailable': False, 'install_base': '/home/psb/rokey_c_2_ws/install/database', 'merge_install': False, 'path': '/home/psb/rokey_c_2_ws/src/database', 'symlink_install': False, 'test_result_base': None}
[0.473s] Level 5:colcon.colcon_core.verb:set package 'nav_interfaces' build argument 'cmake_args' from command line to 'None'
[0.473s] Level 5:colcon.colcon_core.verb:set package 'nav_interfaces' build argument 'cmake_target' from command line to 'None'
[0.473s] Level 5:colcon.colcon_core.verb:set package 'nav_interfaces' build argument 'cmake_target_skip_unavailable' from command line to 'False'
[0.473s] Level 5:colcon.colcon_core.verb:set package 'nav_interfaces' build argument 'cmake_clean_cache' from command line to 'False'
[0.473s] Level 5:colcon.colcon_core.verb:set package 'nav_interfaces' build argument 'cmake_clean_first' from command line to 'False'
[0.473s] Level 5:colcon.colcon_core.verb:set package 'nav_interfaces' build argument 'cmake_force_configure' from command line to 'False'
[0.473s] Level 5:colcon.colcon_core.verb:set package 'nav_interfaces' build argument 'ament_cmake_args' from command line to 'None'
[0.473s] Level 5:colcon.colcon_core.verb:set package 'nav_interfaces' build argument 'catkin_cmake_args' from command line to 'None'
[0.473s] Level 5:colcon.colcon_core.verb:set package 'nav_interfaces' build argument 'catkin_skip_building_tests' from command line to 'False'
[0.473s] DEBUG:colcon.colcon_core.verb:Building package 'nav_interfaces' with the following arguments: {'ament_cmake_args': None, 'build_base': '/home/psb/rokey_c_2_ws/build/nav_interfaces', 'catkin_cmake_args': None, 'catkin_skip_building_tests': False, 'cmake_args': None, 'cmake_clean_cache': False, 'cmake_clean_first': False, 'cmake_force_configure': False, 'cmake_target': None, 'cmake_target_skip_unavailable': False, 'install_base': '/home/psb/rokey_c_2_ws/install/nav_interfaces', 'merge_install': False, 'path': '/home/psb/rokey_c_2_ws/src/nav_interfaces', 'symlink_install': False, 'test_result_base': None}
[0.474s] Level 5:colcon.colcon_core.verb:set package 'serving_robot_msgs' build argument 'cmake_args' from command line to 'None'
[0.474s] Level 5:colcon.colcon_core.verb:set package 'serving_robot_msgs' build argument 'cmake_target' from command line to 'None'
[0.474s] Level 5:colcon.colcon_core.verb:set package 'serving_robot_msgs' build argument 'cmake_target_skip_unavailable' from command line to 'False'
[0.474s] Level 5:colcon.colcon_core.verb:set package 'serving_robot_msgs' build argument 'cmake_clean_cache' from command line to 'False'
[0.474s] Level 5:colcon.colcon_core.verb:set package 'serving_robot_msgs' build argument 'cmake_clean_first' from command line to 'False'
[0.474s] Level 5:colcon.colcon_core.verb:set package 'serving_robot_msgs' build argument 'cmake_force_configure' from command line to 'False'
[0.474s] Level 5:colcon.colcon_core.verb:set package 'serving_robot_msgs' build argument 'ament_cmake_args' from command line to 'None'
[0.474s] Level 5:colcon.colcon_core.verb:set package 'serving_robot_msgs' build argument 'catkin_cmake_args' from command line to 'None'
[0.474s] Level 5:colcon.colcon_core.verb:set package 'serving_robot_msgs' build argument 'catkin_skip_building_tests' from command line to 'False'
[0.474s] DEBUG:colcon.colcon_core.verb:Building package 'serving_robot_msgs' with the following arguments: {'ament_cmake_args': None, 'build_base': '/home/psb/rokey_c_2_ws/build/serving_robot_msgs', 'catkin_cmake_args': None, 'catkin_skip_building_tests': False, 'cmake_args': None, 'cmake_clean_cache': False, 'cmake_clean_first': False, 'cmake_force_configure': False, 'cmake_target': None, 'cmake_target_skip_unavailable': False, 'install_base': '/home/psb/rokey_c_2_ws/install/serving_robot_msgs', 'merge_install': False, 'path': '/home/psb/rokey_c_2_ws/src/serving_robot_msgs', 'symlink_install': False, 'test_result_base': None}
[0.474s] Level 5:colcon.colcon_core.verb:set package 'table_order_interface' build argument 'cmake_args' from command line to 'None'
[0.474s] Level 5:colcon.colcon_core.verb:set package 'table_order_interface' build argument 'cmake_target' from command line to 'None'
[0.475s] Level 5:colcon.colcon_core.verb:set package 'table_order_interface' build argument 'cmake_target_skip_unavailable' from command line to 'False'
[0.475s] Level 5:colcon.colcon_core.verb:set package 'table_order_interface' build argument 'cmake_clean_cache' from command line to 'False'
[0.475s] Level 5:colcon.colcon_core.verb:set package 'table_order_interface' build argument 'cmake_clean_first' from command line to 'False'
[0.475s] Level 5:colcon.colcon_core.verb:set package 'table_order_interface' build argument 'cmake_force_configure' from command line to 'False'
[0.475s] Level 5:colcon.colcon_core.verb:set package 'table_order_interface' build argument 'ament_cmake_args' from command line to 'None'
[0.475s] Level 5:colcon.colcon_core.verb:set package 'table_order_interface' build argument 'catkin_cmake_args' from command line to 'None'
[0.475s] Level 5:colcon.colcon_core.verb:set package 'table_order_interface' build argument 'catkin_skip_building_tests' from command line to 'False'
[0.475s] DEBUG:colcon.colcon_core.verb:Building package 'table_order_interface' with the following arguments: {'ament_cmake_args': None, 'build_base': '/home/psb/rokey_c_2_ws/build/table_order_interface', 'catkin_cmake_args': None, 'catkin_skip_building_tests': False, 'cmake_args': None, 'cmake_clean_cache': False, 'cmake_clean_first': False, 'cmake_force_configure': False, 'cmake_target': None, 'cmake_target_skip_unavailable': False, 'install_base': '/home/psb/rokey_c_2_ws/install/table_order_interface', 'merge_install': False, 'path': '/home/psb/rokey_c_2_ws/src/table_order_interface', 'symlink_install': False, 'test_result_base': None}
[0.475s] Level 5:colcon.colcon_core.verb:set package 'turtlebot3_gui' build argument 'cmake_args' from command line to 'None'
[0.475s] Level 5:colcon.colcon_core.verb:set package 'turtlebot3_gui' build argument 'cmake_target' from command line to 'None'
[0.475s] Level 5:colcon.colcon_core.verb:set package 'turtlebot3_gui' build argument 'cmake_target_skip_unavailable' from command line to 'False'
[0.475s] Level 5:colcon.colcon_core.verb:set package 'turtlebot3_gui' build argument 'cmake_clean_cache' from command line to 'False'
[0.475s] Level 5:colcon.colcon_core.verb:set package 'turtlebot3_gui' build argument 'cmake_clean_first' from command line to 'False'
[0.475s] Level 5:colcon.colcon_core.verb:set package 'turtlebot3_gui' build argument 'cmake_force_configure' from command line to 'False'
[0.475s] Level 5:colcon.colcon_core.verb:set package 'turtlebot3_gui' build argument 'ament_cmake_args' from command line to 'None'
[0.475s] Level 5:colcon.colcon_core.verb:set package 'turtlebot3_gui' build argument 'catkin_cmake_args' from command line to 'None'
[0.475s] Level 5:colcon.colcon_core.verb:set package 'turtlebot3_gui' build argument 'catkin_skip_building_tests' from command line to 'False'
[0.475s] DEBUG:colcon.colcon_core.verb:Building package 'turtlebot3_gui' with the following arguments: {'ament_cmake_args': None, 'build_base': '/home/psb/rokey_c_2_ws/build/turtlebot3_gui', 'catkin_cmake_args': None, 'catkin_skip_building_tests': False, 'cmake_args': None, 'cmake_clean_cache': False, 'cmake_clean_first': False, 'cmake_force_configure': False, 'cmake_target': None, 'cmake_target_skip_unavailable': False, 'install_base': '/home/psb/rokey_c_2_ws/install/turtlebot3_gui', 'merge_install': False, 'path': '/home/psb/rokey_c_2_ws/src/turtlebot3_gui', 'symlink_install': False, 'test_result_base': None}
[0.476s] Level 5:colcon.colcon_core.verb:set package 'serving_robot' build argument 'cmake_args' from command line to 'None'
[0.476s] Level 5:colcon.colcon_core.verb:set package 'serving_robot' build argument 'cmake_target' from command line to 'None'
[0.476s] Level 5:colcon.colcon_core.verb:set package 'serving_robot' build argument 'cmake_target_skip_unavailable' from command line to 'False'
[0.476s] Level 5:colcon.colcon_core.verb:set package 'serving_robot' build argument 'cmake_clean_cache' from command line to 'False'
[0.476s] Level 5:colcon.colcon_core.verb:set package 'serving_robot' build argument 'cmake_clean_first' from command line to 'False'
[0.476s] Level 5:colcon.colcon_core.verb:set package 'serving_robot' build argument 'cmake_force_configure' from command line to 'False'
[0.476s] Level 5:colcon.colcon_core.verb:set package 'serving_robot' build argument 'ament_cmake_args' from command line to 'None'
[0.476s] Level 5:colcon.colcon_core.verb:set package 'serving_robot' build argument 'catkin_cmake_args' from command line to 'None'
[0.476s] Level 5:colcon.colcon_core.verb:set package 'serving_robot' build argument 'catkin_skip_building_tests' from command line to 'False'
[0.476s] DEBUG:colcon.colcon_core.verb:Building package 'serving_robot' with the following arguments: {'ament_cmake_args': None, 'build_base': '/home/psb/rokey_c_2_ws/build/serving_robot', 'catkin_cmake_args': None, 'catkin_skip_building_tests': False, 'cmake_args': None, 'cmake_clean_cache': False, 'cmake_clean_first': False, 'cmake_force_configure': False, 'cmake_target': None, 'cmake_target_skip_unavailable': False, 'install_base': '/home/psb/rokey_c_2_ws/install/serving_robot', 'merge_install': False, 'path': '/home/psb/rokey_c_2_ws/src/serving_robot', 'symlink_install': False, 'test_result_base': None}
[0.476s] Level 5:colcon.colcon_core.verb:set package 'table_order' build argument 'cmake_args' from command line to 'None'
[0.476s] Level 5:colcon.colcon_core.verb:set package 'table_order' build argument 'cmake_target' from command line to 'None'
[0.476s] Level 5:colcon.colcon_core.verb:set package 'table_order' build argument 'cmake_target_skip_unavailable' from command line to 'False'
[0.476s] Level 5:colcon.colcon_core.verb:set package 'table_order' build argument 'cmake_clean_cache' from command line to 'False'
[0.476s] Level 5:colcon.colcon_core.verb:set package 'table_order' build argument 'cmake_clean_first' from command line to 'False'
[0.477s] Level 5:colcon.colcon_core.verb:set package 'table_order' build argument 'cmake_force_configure' from command line to 'False'
[0.477s] Level 5:colcon.colcon_core.verb:set package 'table_order' build argument 'ament_cmake_args' from command line to 'None'
[0.477s] Level 5:colcon.colcon_core.verb:set package 'table_order' build argument 'catkin_cmake_args' from command line to 'None'
[0.477s] Level 5:colcon.colcon_core.verb:set package 'table_order' build argument 'catkin_skip_building_tests' from command line to 'False'
[0.477s] DEBUG:colcon.colcon_core.verb:Building package 'table_order' with the following arguments: {'ament_cmake_args': None, 'build_base': '/home/psb/rokey_c_2_ws/build/table_order', 'catkin_cmake_args': None, 'catkin_skip_building_tests': False, 'cmake_args': None, 'cmake_clean_cache': False, 'cmake_clean_first': False, 'cmake_force_configure': False, 'cmake_target': None, 'cmake_target_skip_unavailable': False, 'install_base': '/home/psb/rokey_c_2_ws/install/table_order', 'merge_install': False, 'path': '/home/psb/rokey_c_2_ws/src/table_order', 'symlink_install': False, 'test_result_base': None}
[0.477s] INFO:colcon.colcon_core.executor:Executing jobs using 'parallel' executor
[0.478s] DEBUG:colcon.colcon_parallel_executor.executor.parallel:run_until_complete
[0.478s] INFO:colcon.colcon_ros.task.ament_cmake.build:Building ROS package in '/home/psb/rokey_c_2_ws/src/serving_robot_msgs' with build type 'ament_cmake'
[0.478s] INFO:colcon.colcon_cmake.task.cmake.build:Building CMake package in '/home/psb/rokey_c_2_ws/src/serving_robot_msgs'
[0.481s] INFO:colcon.colcon_core.plugin_system:Skipping extension 'colcon_core.shell.bat': Not used on non-Windows systems
[0.481s] INFO:colcon.colcon_core.shell:Skip shell extension 'powershell' for command environment: Not usable outside of PowerShell
[0.481s] DEBUG:colcon.colcon_core.shell:Skip shell extension 'dsv' for command environment
[0.486s] INFO:colcon.colcon_ros.task.ament_cmake.build:Building ROS package in '/home/psb/rokey_c_2_ws/src/table_order_interface' with build type 'ament_cmake'
[0.486s] INFO:colcon.colcon_cmake.task.cmake.build:Building CMake package in '/home/psb/rokey_c_2_ws/src/table_order_interface'
[0.486s] INFO:colcon.colcon_core.shell:Skip shell extension 'powershell' for command environment: Not usable outside of PowerShell
[0.486s] DEBUG:colcon.colcon_core.shell:Skip shell extension 'dsv' for command environment
[0.492s] INFO:colcon.colcon_ros.task.ament_python.build:Building ROS package in '/home/psb/rokey_c_2_ws/src/database' with build type 'ament_python'
[0.492s] Level 1:colcon.colcon_core.shell:create_environment_hook('database', 'ament_prefix_path')
[0.492s] INFO:colcon.colcon_core.shell:Creating environment hook '/home/psb/rokey_c_2_ws/install/database/share/database/hook/ament_prefix_path.ps1'
[0.493s] INFO:colcon.colcon_core.shell:Creating environment descriptor '/home/psb/rokey_c_2_ws/install/database/share/database/hook/ament_prefix_path.dsv'
[0.494s] INFO:colcon.colcon_core.shell:Creating environment hook '/home/psb/rokey_c_2_ws/install/database/share/database/hook/ament_prefix_path.sh'
[0.494s] INFO:colcon.colcon_core.shell:Skip shell extension 'powershell' for command environment: Not usable outside of PowerShell
[0.494s] DEBUG:colcon.colcon_core.shell:Skip shell extension 'dsv' for command environment
[0.499s] INFO:colcon.colcon_ros.task.ament_cmake.build:Building ROS package in '/home/psb/rokey_c_2_ws/src/nav_interfaces' with build type 'ament_cmake'
[0.499s] INFO:colcon.colcon_cmake.task.cmake.build:Building CMake package in '/home/psb/rokey_c_2_ws/src/nav_interfaces'
[0.499s] INFO:colcon.colcon_core.shell:Skip shell extension 'powershell' for command environment: Not usable outside of PowerShell
[0.499s] DEBUG:colcon.colcon_core.shell:Skip shell extension 'dsv' for command environment
[0.504s] INFO:colcon.colcon_ros.task.ament_python.build:Building ROS package in '/home/psb/rokey_c_2_ws/src/turtlebot3_gui' with build type 'ament_python'
[0.504s] Level 1:colcon.colcon_core.shell:create_environment_hook('turtlebot3_gui', 'ament_prefix_path')
[0.504s] INFO:colcon.colcon_core.shell:Creating environment hook '/home/psb/rokey_c_2_ws/install/turtlebot3_gui/share/turtlebot3_gui/hook/ament_prefix_path.ps1'
[0.505s] INFO:colcon.colcon_core.shell:Creating environment descriptor '/home/psb/rokey_c_2_ws/install/turtlebot3_gui/share/turtlebot3_gui/hook/ament_prefix_path.dsv'
[0.505s] INFO:colcon.colcon_core.shell:Creating environment hook '/home/psb/rokey_c_2_ws/install/turtlebot3_gui/share/turtlebot3_gui/hook/ament_prefix_path.sh'
[0.506s] INFO:colcon.colcon_core.shell:Skip shell extension 'powershell' for command environment: Not usable outside of PowerShell
[0.506s] DEBUG:colcon.colcon_core.shell:Skip shell extension 'dsv' for command environment
[0.519s] DEBUG:colcon.colcon_core.event_handler.log_command:Invoking command in '/home/psb/rokey_c_2_ws/build/serving_robot_msgs': CMAKE_PREFIX_PATH=${CMAKE_PREFIX_PATH}:/home/psb/rokey_c_2_ws/install/turtlebot3_gui:/home/psb/rokey_c_2_ws/install/table_order:/home/psb/rokey_c_2_ws/install/serving_robot:/home/psb/rokey_c_2_ws/install/database:/home/psb/rokey_c_2_ws/install/c2_turtle_order_package:/home/psb/turtlebot3_ws/install/turtlebot3_teleop:/home/psb/turtlebot3_ws/install/turtlebot3_example:/opt/ros/humble /usr/bin/cmake --build /home/psb/rokey_c_2_ws/build/serving_robot_msgs -- -j8 -l8
[0.522s] DEBUG:colcon.colcon_core.event_handler.log_command:Invoking command in '/home/psb/rokey_c_2_ws/build/table_order_interface': CMAKE_PREFIX_PATH=${CMAKE_PREFIX_PATH}:/home/psb/rokey_c_2_ws/install/turtlebot3_gui:/home/psb/rokey_c_2_ws/install/table_order:/home/psb/rokey_c_2_ws/install/serving_robot:/home/psb/rokey_c_2_ws/install/database:/home/psb/rokey_c_2_ws/install/c2_turtle_order_package:/home/psb/turtlebot3_ws/install/turtlebot3_teleop:/home/psb/turtlebot3_ws/install/turtlebot3_example:/opt/ros/humble /usr/bin/cmake --build /home/psb/rokey_c_2_ws/build/table_order_interface -- -j8 -l8
[1.203s] INFO:colcon.colcon_core.task.python.build:Building Python package in '/home/psb/rokey_c_2_ws/src/database'
[1.203s] INFO:colcon.colcon_core.shell:Skip shell extension 'powershell' for command environment: Not usable outside of PowerShell
[1.203s] DEBUG:colcon.colcon_core.shell:Skip shell extension 'dsv' for command environment
[1.223s] DEBUG:colcon.colcon_core.event_handler.log_command:Invoking command in '/home/psb/rokey_c_2_ws/build/nav_interfaces': CMAKE_PREFIX_PATH=${CMAKE_PREFIX_PATH}:/home/psb/rokey_c_2_ws/install/turtlebot3_gui:/home/psb/rokey_c_2_ws/install/table_order:/home/psb/rokey_c_2_ws/install/serving_robot:/home/psb/rokey_c_2_ws/install/database:/home/psb/rokey_c_2_ws/install/c2_turtle_order_package:/home/psb/turtlebot3_ws/install/turtlebot3_teleop:/home/psb/turtlebot3_ws/install/turtlebot3_example:/opt/ros/humble /usr/bin/cmake --build /home/psb/rokey_c_2_ws/build/nav_interfaces -- -j8 -l8
[1.803s] INFO:colcon.colcon_core.task.python.build:Building Python package in '/home/psb/rokey_c_2_ws/src/turtlebot3_gui'
[1.803s] INFO:colcon.colcon_core.shell:Skip shell extension 'powershell' for command environment: Not usable outside of PowerShell
[1.803s] DEBUG:colcon.colcon_core.shell:Skip shell extension 'dsv' for command environment
[1.822s] DEBUG:colcon.colcon_core.event_handler.log_command:Invoked command in '/home/psb/rokey_c_2_ws/build/table_order_interface' returned '0': CMAKE_PREFIX_PATH=${CMAKE_PREFIX_PATH}:/home/psb/rokey_c_2_ws/install/turtlebot3_gui:/home/psb/rokey_c_2_ws/install/table_order:/home/psb/rokey_c_2_ws/install/serving_robot:/home/psb/rokey_c_2_ws/install/database:/home/psb/rokey_c_2_ws/install/c2_turtle_order_package:/home/psb/turtlebot3_ws/install/turtlebot3_teleop:/home/psb/turtlebot3_ws/install/turtlebot3_example:/opt/ros/humble /usr/bin/cmake --build /home/psb/rokey_c_2_ws/build/table_order_interface -- -j8 -l8
[1.825s] DEBUG:colcon.colcon_core.event_handler.log_command:Invoked command in '/home/psb/rokey_c_2_ws/build/serving_robot_msgs' returned '0': CMAKE_PREFIX_PATH=${CMAKE_PREFIX_PATH}:/home/psb/rokey_c_2_ws/install/turtlebot3_gui:/home/psb/rokey_c_2_ws/install/table_order:/home/psb/rokey_c_2_ws/install/serving_robot:/home/psb/rokey_c_2_ws/install/database:/home/psb/rokey_c_2_ws/install/c2_turtle_order_package:/home/psb/turtlebot3_ws/install/turtlebot3_teleop:/home/psb/turtlebot3_ws/install/turtlebot3_example:/opt/ros/humble /usr/bin/cmake --build /home/psb/rokey_c_2_ws/build/serving_robot_msgs -- -j8 -l8
[1.987s] DEBUG:colcon.colcon_core.event_handler.log_command:Invoking command in '/home/psb/rokey_c_2_ws/build/table_order_interface': CMAKE_PREFIX_PATH=${CMAKE_PREFIX_PATH}:/home/psb/rokey_c_2_ws/install/turtlebot3_gui:/home/psb/rokey_c_2_ws/install/table_order:/home/psb/rokey_c_2_ws/install/serving_robot:/home/psb/rokey_c_2_ws/install/database:/home/psb/rokey_c_2_ws/install/c2_turtle_order_package:/home/psb/turtlebot3_ws/install/turtlebot3_teleop:/home/psb/turtlebot3_ws/install/turtlebot3_example:/opt/ros/humble /usr/bin/cmake --install /home/psb/rokey_c_2_ws/build/table_order_interface
[2.099s] DEBUG:colcon.colcon_core.event_handler.log_command:Invoked command in '/home/psb/rokey_c_2_ws/build/nav_interfaces' returned '0': CMAKE_PREFIX_PATH=${CMAKE_PREFIX_PATH}:/home/psb/rokey_c_2_ws/install/turtlebot3_gui:/home/psb/rokey_c_2_ws/install/table_order:/home/psb/rokey_c_2_ws/install/serving_robot:/home/psb/rokey_c_2_ws/install/database:/home/psb/rokey_c_2_ws/install/c2_turtle_order_package:/home/psb/turtlebot3_ws/install/turtlebot3_teleop:/home/psb/turtlebot3_ws/install/turtlebot3_example:/opt/ros/humble /usr/bin/cmake --build /home/psb/rokey_c_2_ws/build/nav_interfaces -- -j8 -l8
[2.120s] Level 1:colcon.colcon_core.environment:create_environment_scripts_only(table_order_interface)
[2.121s] DEBUG:colcon.colcon_core.event_handler.log_command:Invoked command in '/home/psb/rokey_c_2_ws/build/table_order_interface' returned '0': CMAKE_PREFIX_PATH=${CMAKE_PREFIX_PATH}:/home/psb/rokey_c_2_ws/install/turtlebot3_gui:/home/psb/rokey_c_2_ws/install/table_order:/home/psb/rokey_c_2_ws/install/serving_robot:/home/psb/rokey_c_2_ws/install/database:/home/psb/rokey_c_2_ws/install/c2_turtle_order_package:/home/psb/turtlebot3_ws/install/turtlebot3_teleop:/home/psb/turtlebot3_ws/install/turtlebot3_example:/opt/ros/humble /usr/bin/cmake --install /home/psb/rokey_c_2_ws/build/table_order_interface
[2.126s] Level 1:colcon.colcon_core.environment:checking '/home/psb/rokey_c_2_ws/install/table_order_interface' for CMake module files
[2.127s] Level 1:colcon.colcon_core.environment:checking '/home/psb/rokey_c_2_ws/install/table_order_interface' for CMake config files
[2.128s] Level 1:colcon.colcon_core.shell:create_environment_hook('table_order_interface', 'cmake_prefix_path')
[2.128s] INFO:colcon.colcon_core.shell:Creating environment hook '/home/psb/rokey_c_2_ws/install/table_order_interface/share/table_order_interface/hook/cmake_prefix_path.ps1'
[2.129s] INFO:colcon.colcon_core.shell:Creating environment descriptor '/home/psb/rokey_c_2_ws/install/table_order_interface/share/table_order_interface/hook/cmake_prefix_path.dsv'
[2.129s] INFO:colcon.colcon_core.shell:Creating environment hook '/home/psb/rokey_c_2_ws/install/table_order_interface/share/table_order_interface/hook/cmake_prefix_path.sh'
[2.130s] Level 1:colcon.colcon_core.environment:checking '/home/psb/rokey_c_2_ws/install/table_order_interface/lib'
[2.131s] Level 1:colcon.colcon_core.shell:create_environment_hook('table_order_interface', 'ld_library_path_lib')
[2.131s] INFO:colcon.colcon_core.shell:Creating environment hook '/home/psb/rokey_c_2_ws/install/table_order_interface/share/table_order_interface/hook/ld_library_path_lib.ps1'
[2.132s] INFO:colcon.colcon_core.shell:Creating environment descriptor '/home/psb/rokey_c_2_ws/install/table_order_interface/share/table_order_interface/hook/ld_library_path_lib.dsv'
[2.132s] INFO:colcon.colcon_core.shell:Creating environment hook '/home/psb/rokey_c_2_ws/install/table_order_interface/share/table_order_interface/hook/ld_library_path_lib.sh'
[2.133s] Level 1:colcon.colcon_core.environment:checking '/home/psb/rokey_c_2_ws/install/table_order_interface/bin'
[2.133s] Level 1:colcon.colcon_core.environment:checking '/home/psb/rokey_c_2_ws/install/table_order_interface/lib/pkgconfig/table_order_interface.pc'
[2.133s] Level 1:colcon.colcon_core.environment:checking '/home/psb/rokey_c_2_ws/install/table_order_interface/lib/python3.10/site-packages'
[2.133s] Level 1:colcon.colcon_core.environment:checking '/home/psb/rokey_c_2_ws/install/table_order_interface/bin'
[2.134s] INFO:colcon.colcon_core.shell:Creating package script '/home/psb/rokey_c_2_ws/install/table_order_interface/share/table_order_interface/package.ps1'
[2.135s] INFO:colcon.colcon_core.shell:Creating package descriptor '/home/psb/rokey_c_2_ws/install/table_order_interface/share/table_order_interface/package.dsv'
[2.136s] INFO:colcon.colcon_core.shell:Creating package script '/home/psb/rokey_c_2_ws/install/table_order_interface/share/table_order_interface/package.sh'
[2.137s] INFO:colcon.colcon_core.shell:Creating package script '/home/psb/rokey_c_2_ws/install/table_order_interface/share/table_order_interface/package.bash'
[2.138s] INFO:colcon.colcon_core.shell:Creating package script '/home/psb/rokey_c_2_ws/install/table_order_interface/share/table_order_interface/package.zsh'
[2.139s] Level 1:colcon.colcon_core.environment:create_file_with_runtime_dependencies(/home/psb/rokey_c_2_ws/install/table_order_interface/share/colcon-core/packages/table_order_interface)
[2.145s] DEBUG:colcon.colcon_core.event_handler.log_command:Invoking command in '/home/psb/rokey_c_2_ws/build/serving_robot_msgs': CMAKE_PREFIX_PATH=${CMAKE_PREFIX_PATH}:/home/psb/rokey_c_2_ws/install/turtlebot3_gui:/home/psb/rokey_c_2_ws/install/table_order:/home/psb/rokey_c_2_ws/install/serving_robot:/home/psb/rokey_c_2_ws/install/database:/home/psb/rokey_c_2_ws/install/c2_turtle_order_package:/home/psb/turtlebot3_ws/install/turtlebot3_teleop:/home/psb/turtlebot3_ws/install/turtlebot3_example:/opt/ros/humble /usr/bin/cmake --install /home/psb/rokey_c_2_ws/build/serving_robot_msgs
[2.205s] DEBUG:colcon.colcon_core.event_handler.log_command:Invoking command in '/home/psb/rokey_c_2_ws/build/nav_interfaces': CMAKE_PREFIX_PATH=${CMAKE_PREFIX_PATH}:/home/psb/rokey_c_2_ws/install/turtlebot3_gui:/home/psb/rokey_c_2_ws/install/table_order:/home/psb/rokey_c_2_ws/install/serving_robot:/home/psb/rokey_c_2_ws/install/database:/home/psb/rokey_c_2_ws/install/c2_turtle_order_package:/home/psb/turtlebot3_ws/install/turtlebot3_teleop:/home/psb/turtlebot3_ws/install/turtlebot3_example:/opt/ros/humble /usr/bin/cmake --install /home/psb/rokey_c_2_ws/build/nav_interfaces
[2.262s] Level 1:colcon.colcon_core.environment:create_environment_scripts_only(table_order_interface)
[2.262s] Level 1:colcon.colcon_core.environment:checking '/home/psb/rokey_c_2_ws/install/table_order_interface' for CMake module files
[2.267s] Level 1:colcon.colcon_core.environment:checking '/home/psb/rokey_c_2_ws/install/table_order_interface' for CMake config files
[2.276s] Level 1:colcon.colcon_core.shell:create_environment_hook('table_order_interface', 'cmake_prefix_path')
[2.277s] INFO:colcon.colcon_core.shell:Creating environment hook '/home/psb/rokey_c_2_ws/install/table_order_interface/share/table_order_interface/hook/cmake_prefix_path.ps1'
[2.278s] INFO:colcon.colcon_core.shell:Creating environment descriptor '/home/psb/rokey_c_2_ws/install/table_order_interface/share/table_order_interface/hook/cmake_prefix_path.dsv'
[2.278s] INFO:colcon.colcon_core.shell:Creating environment hook '/home/psb/rokey_c_2_ws/install/table_order_interface/share/table_order_interface/hook/cmake_prefix_path.sh'
[2.279s] Level 1:colcon.colcon_core.environment:checking '/home/psb/rokey_c_2_ws/install/table_order_interface/lib'
[2.280s] Level 1:colcon.colcon_core.shell:create_environment_hook('table_order_interface', 'ld_library_path_lib')
[2.280s] INFO:colcon.colcon_core.shell:Creating environment hook '/home/psb/rokey_c_2_ws/install/table_order_interface/share/table_order_interface/hook/ld_library_path_lib.ps1'
[2.281s] INFO:colcon.colcon_core.shell:Creating environment descriptor '/home/psb/rokey_c_2_ws/install/table_order_interface/share/table_order_interface/hook/ld_library_path_lib.dsv'
[2.282s] INFO:colcon.colcon_core.shell:Creating environment hook '/home/psb/rokey_c_2_ws/install/table_order_interface/share/table_order_interface/hook/ld_library_path_lib.sh'
[2.282s] Level 1:colcon.colcon_core.environment:checking '/home/psb/rokey_c_2_ws/install/table_order_interface/bin'
[2.282s] Level 1:colcon.colcon_core.environment:checking '/home/psb/rokey_c_2_ws/install/table_order_interface/lib/pkgconfig/table_order_interface.pc'
[2.283s] Level 1:colcon.colcon_core.environment:checking '/home/psb/rokey_c_2_ws/install/table_order_interface/lib/python3.10/site-packages'
[2.284s] Level 1:colcon.colcon_core.environment:checking '/home/psb/rokey_c_2_ws/install/table_order_interface/bin'
[2.285s] INFO:colcon.colcon_core.shell:Creating package script '/home/psb/rokey_c_2_ws/install/table_order_interface/share/table_order_interface/package.ps1'
[2.287s] INFO:colcon.colcon_core.shell:Creating package descriptor '/home/psb/rokey_c_2_ws/install/table_order_interface/share/table_order_interface/package.dsv'
[2.288s] INFO:colcon.colcon_core.shell:Creating package script '/home/psb/rokey_c_2_ws/install/table_order_interface/share/table_order_interface/package.sh'
[2.289s] INFO:colcon.colcon_core.shell:Creating package script '/home/psb/rokey_c_2_ws/install/table_order_interface/share/table_order_interface/package.bash'
[2.290s] INFO:colcon.colcon_core.shell:Creating package script '/home/psb/rokey_c_2_ws/install/table_order_interface/share/table_order_interface/package.zsh'
[2.291s] Level 1:colcon.colcon_core.environment:create_file_with_runtime_dependencies(/home/psb/rokey_c_2_ws/install/table_order_interface/share/colcon-core/packages/table_order_interface)
[2.292s] INFO:colcon.colcon_ros.task.ament_python.build:Building ROS package in '/home/psb/rokey_c_2_ws/src/table_order' with build type 'ament_python'
[2.292s] Level 1:colcon.colcon_core.shell:create_environment_hook('table_order', 'ament_prefix_path')
[2.293s] INFO:colcon.colcon_core.shell:Creating environment hook '/home/psb/rokey_c_2_ws/install/table_order/share/table_order/hook/ament_prefix_path.ps1'
[2.294s] INFO:colcon.colcon_core.shell:Creating environment descriptor '/home/psb/rokey_c_2_ws/install/table_order/share/table_order/hook/ament_prefix_path.dsv'
[2.295s] INFO:colcon.colcon_core.shell:Creating environment hook '/home/psb/rokey_c_2_ws/install/table_order/share/table_order/hook/ament_prefix_path.sh'
[2.296s] INFO:colcon.colcon_core.shell:Skip shell extension 'powershell' for command environment: Not usable outside of PowerShell
[2.296s] DEBUG:colcon.colcon_core.shell:Skip shell extension 'dsv' for command environment
[2.316s] Level 1:colcon.colcon_core.environment:create_environment_scripts_only(serving_robot_msgs)
[2.316s] Level 1:colcon.colcon_core.environment:checking '/home/psb/rokey_c_2_ws/install/serving_robot_msgs' for CMake module files
[2.319s] DEBUG:colcon.colcon_core.event_handler.log_command:Invoked command in '/home/psb/rokey_c_2_ws/build/serving_robot_msgs' returned '0': CMAKE_PREFIX_PATH=${CMAKE_PREFIX_PATH}:/home/psb/rokey_c_2_ws/install/turtlebot3_gui:/home/psb/rokey_c_2_ws/install/table_order:/home/psb/rokey_c_2_ws/install/serving_robot:/home/psb/rokey_c_2_ws/install/database:/home/psb/rokey_c_2_ws/install/c2_turtle_order_package:/home/psb/turtlebot3_ws/install/turtlebot3_teleop:/home/psb/turtlebot3_ws/install/turtlebot3_example:/opt/ros/humble /usr/bin/cmake --install /home/psb/rokey_c_2_ws/build/serving_robot_msgs
[2.320s] Level 1:colcon.colcon_core.environment:checking '/home/psb/rokey_c_2_ws/install/serving_robot_msgs' for CMake config files
[2.322s] Level 1:colcon.colcon_core.shell:create_environment_hook('serving_robot_msgs', 'cmake_prefix_path')
[2.323s] INFO:colcon.colcon_core.shell:Creating environment hook '/home/psb/rokey_c_2_ws/install/serving_robot_msgs/share/serving_robot_msgs/hook/cmake_prefix_path.ps1'
[2.324s] INFO:colcon.colcon_core.shell:Creating environment descriptor '/home/psb/rokey_c_2_ws/install/serving_robot_msgs/share/serving_robot_msgs/hook/cmake_prefix_path.dsv'
[2.324s] INFO:colcon.colcon_core.shell:Creating environment hook '/home/psb/rokey_c_2_ws/install/serving_robot_msgs/share/serving_robot_msgs/hook/cmake_prefix_path.sh'
[2.325s] Level 1:colcon.colcon_core.environment:checking '/home/psb/rokey_c_2_ws/install/serving_robot_msgs/lib'
[2.326s] Level 1:colcon.colcon_core.shell:create_environment_hook('serving_robot_msgs', 'ld_library_path_lib')
[2.326s] INFO:colcon.colcon_core.shell:Creating environment hook '/home/psb/rokey_c_2_ws/install/serving_robot_msgs/share/serving_robot_msgs/hook/ld_library_path_lib.ps1'
[2.327s] INFO:colcon.colcon_core.shell:Creating environment descriptor '/home/psb/rokey_c_2_ws/install/serving_robot_msgs/share/serving_robot_msgs/hook/ld_library_path_lib.dsv'
[2.328s] INFO:colcon.colcon_core.shell:Creating environment hook '/home/psb/rokey_c_2_ws/install/serving_robot_msgs/share/serving_robot_msgs/hook/ld_library_path_lib.sh'
[2.328s] Level 1:colcon.colcon_core.environment:checking '/home/psb/rokey_c_2_ws/install/serving_robot_msgs/bin'
[2.329s] Level 1:colcon.colcon_core.environment:checking '/home/psb/rokey_c_2_ws/install/serving_robot_msgs/lib/pkgconfig/serving_robot_msgs.pc'
[2.329s] Level 1:colcon.colcon_core.environment:checking '/home/psb/rokey_c_2_ws/install/serving_robot_msgs/lib/python3.10/site-packages'
[2.330s] Level 1:colcon.colcon_core.environment:checking '/home/psb/rokey_c_2_ws/install/serving_robot_msgs/bin'
[2.331s] INFO:colcon.colcon_core.shell:Creating package script '/home/psb/rokey_c_2_ws/install/serving_robot_msgs/share/serving_robot_msgs/package.ps1'
[2.332s] INFO:colcon.colcon_core.shell:Creating package descriptor '/home/psb/rokey_c_2_ws/install/serving_robot_msgs/share/serving_robot_msgs/package.dsv'
[2.333s] INFO:colcon.colcon_core.shell:Creating package script '/home/psb/rokey_c_2_ws/install/serving_robot_msgs/share/serving_robot_msgs/package.sh'
[2.334s] INFO:colcon.colcon_core.shell:Creating package script '/home/psb/rokey_c_2_ws/install/serving_robot_msgs/share/serving_robot_msgs/package.bash'
[2.334s] INFO:colcon.colcon_core.shell:Creating package script '/home/psb/rokey_c_2_ws/install/serving_robot_msgs/share/serving_robot_msgs/package.zsh'
[2.335s] Level 1:colcon.colcon_core.environment:create_file_with_runtime_dependencies(/home/psb/rokey_c_2_ws/install/serving_robot_msgs/share/colcon-core/packages/serving_robot_msgs)
[2.337s] Level 1:colcon.colcon_core.environment:create_environment_scripts_only(nav_interfaces)
[2.338s] Level 1:colcon.colcon_core.environment:checking '/home/psb/rokey_c_2_ws/install/nav_interfaces' for CMake module files
[2.339s] DEBUG:colcon.colcon_core.event_handler.log_command:Invoked command in '/home/psb/rokey_c_2_ws/build/nav_interfaces' returned '0': CMAKE_PREFIX_PATH=${CMAKE_PREFIX_PATH}:/home/psb/rokey_c_2_ws/install/turtlebot3_gui:/home/psb/rokey_c_2_ws/install/table_order:/home/psb/rokey_c_2_ws/install/serving_robot:/home/psb/rokey_c_2_ws/install/database:/home/psb/rokey_c_2_ws/install/c2_turtle_order_package:/home/psb/turtlebot3_ws/install/turtlebot3_teleop:/home/psb/turtlebot3_ws/install/turtlebot3_example:/opt/ros/humble /usr/bin/cmake --install /home/psb/rokey_c_2_ws/build/nav_interfaces
[2.340s] Level 1:colcon.colcon_core.environment:checking '/home/psb/rokey_c_2_ws/install/nav_interfaces' for CMake config files
[2.342s] Level 1:colcon.colcon_core.shell:create_environment_hook('nav_interfaces', 'cmake_prefix_path')
[2.342s] INFO:colcon.colcon_core.shell:Creating environment hook '/home/psb/rokey_c_2_ws/install/nav_interfaces/share/nav_interfaces/hook/cmake_prefix_path.ps1'
[2.343s] INFO:colcon.colcon_core.shell:Creating environment descriptor '/home/psb/rokey_c_2_ws/install/nav_interfaces/share/nav_interfaces/hook/cmake_prefix_path.dsv'
[2.344s] INFO:colcon.colcon_core.shell:Creating environment hook '/home/psb/rokey_c_2_ws/install/nav_interfaces/share/nav_interfaces/hook/cmake_prefix_path.sh'
[2.345s] Level 1:colcon.colcon_core.environment:checking '/home/psb/rokey_c_2_ws/install/nav_interfaces/lib'
[2.345s] Level 1:colcon.colcon_core.shell:create_environment_hook('nav_interfaces', 'ld_library_path_lib')
[2.346s] INFO:colcon.colcon_core.shell:Creating environment hook '/home/psb/rokey_c_2_ws/install/nav_interfaces/share/nav_interfaces/hook/ld_library_path_lib.ps1'
[2.347s] INFO:colcon.colcon_core.shell:Creating environment descriptor '/home/psb/rokey_c_2_ws/install/nav_interfaces/share/nav_interfaces/hook/ld_library_path_lib.dsv'
[2.347s] INFO:colcon.colcon_core.shell:Creating environment hook '/home/psb/rokey_c_2_ws/install/nav_interfaces/share/nav_interfaces/hook/ld_library_path_lib.sh'
[2.348s] Level 1:colcon.colcon_core.environment:checking '/home/psb/rokey_c_2_ws/install/nav_interfaces/bin'
[2.348s] Level 1:colcon.colcon_core.environment:checking '/home/psb/rokey_c_2_ws/install/nav_interfaces/lib/pkgconfig/nav_interfaces.pc'
[2.349s] Level 1:colcon.colcon_core.environment:checking '/home/psb/rokey_c_2_ws/install/nav_interfaces/lib/python3.10/site-packages'
[2.349s] Level 1:colcon.colcon_core.environment:checking '/home/psb/rokey_c_2_ws/install/nav_interfaces/bin'
[2.350s] INFO:colcon.colcon_core.shell:Creating package script '/home/psb/rokey_c_2_ws/install/nav_interfaces/share/nav_interfaces/package.ps1'
[2.351s] INFO:colcon.colcon_core.shell:Creating package descriptor '/home/psb/rokey_c_2_ws/install/nav_interfaces/share/nav_interfaces/package.dsv'
[2.352s] INFO:colcon.colcon_core.shell:Creating package script '/home/psb/rokey_c_2_ws/install/nav_interfaces/share/nav_interfaces/package.sh'
[2.353s] INFO:colcon.colcon_core.shell:Creating package script '/home/psb/rokey_c_2_ws/install/nav_interfaces/share/nav_interfaces/package.bash'
[2.354s] INFO:colcon.colcon_core.shell:Creating package script '/home/psb/rokey_c_2_ws/install/nav_interfaces/share/nav_interfaces/package.zsh'
[2.354s] Level 1:colcon.colcon_core.environment:create_file_with_runtime_dependencies(/home/psb/rokey_c_2_ws/install/nav_interfaces/share/colcon-core/packages/nav_interfaces)
[2.871s] INFO:colcon.colcon_core.task.python.build:Building Python package in '/home/psb/rokey_c_2_ws/src/table_order'
[2.871s] INFO:colcon.colcon_core.shell:Skip shell extension 'powershell' for command environment: Not usable outside of PowerShell
[2.871s] DEBUG:colcon.colcon_core.shell:Skip shell extension 'dsv' for command environment
[2.879s] Level 1:colcon.colcon_core.environment:create_environment_scripts_only(serving_robot_msgs)
[2.879s] Level 1:colcon.colcon_core.environment:checking '/home/psb/rokey_c_2_ws/install/serving_robot_msgs' for CMake module files
[2.880s] Level 1:colcon.colcon_core.environment:checking '/home/psb/rokey_c_2_ws/install/serving_robot_msgs' for CMake config files
[2.881s] Level 1:colcon.colcon_core.shell:create_environment_hook('serving_robot_msgs', 'cmake_prefix_path')
[2.881s] INFO:colcon.colcon_core.shell:Creating environment hook '/home/psb/rokey_c_2_ws/install/serving_robot_msgs/share/serving_robot_msgs/hook/cmake_prefix_path.ps1'
[2.882s] INFO:colcon.colcon_core.shell:Creating environment descriptor '/home/psb/rokey_c_2_ws/install/serving_robot_msgs/share/serving_robot_msgs/hook/cmake_prefix_path.dsv'
[2.882s] INFO:colcon.colcon_core.shell:Creating environment hook '/home/psb/rokey_c_2_ws/install/serving_robot_msgs/share/serving_robot_msgs/hook/cmake_prefix_path.sh'
[2.883s] Level 1:colcon.colcon_core.environment:checking '/home/psb/rokey_c_2_ws/install/serving_robot_msgs/lib'
[2.883s] Level 1:colcon.colcon_core.shell:create_environment_hook('serving_robot_msgs', 'ld_library_path_lib')
[2.883s] INFO:colcon.colcon_core.shell:Creating environment hook '/home/psb/rokey_c_2_ws/install/serving_robot_msgs/share/serving_robot_msgs/hook/ld_library_path_lib.ps1'
[2.883s] INFO:colcon.colcon_core.shell:Creating environment descriptor '/home/psb/rokey_c_2_ws/install/serving_robot_msgs/share/serving_robot_msgs/hook/ld_library_path_lib.dsv'
[2.884s] INFO:colcon.colcon_core.shell:Creating environment hook '/home/psb/rokey_c_2_ws/install/serving_robot_msgs/share/serving_robot_msgs/hook/ld_library_path_lib.sh'
[2.884s] Level 1:colcon.colcon_core.environment:checking '/home/psb/rokey_c_2_ws/install/serving_robot_msgs/bin'
[2.884s] Level 1:colcon.colcon_core.environment:checking '/home/psb/rokey_c_2_ws/install/serving_robot_msgs/lib/pkgconfig/serving_robot_msgs.pc'
[2.885s] Level 1:colcon.colcon_core.environment:checking '/home/psb/rokey_c_2_ws/install/serving_robot_msgs/lib/python3.10/site-packages'
[2.885s] Level 1:colcon.colcon_core.environment:checking '/home/psb/rokey_c_2_ws/install/serving_robot_msgs/bin'
[2.885s] INFO:colcon.colcon_core.shell:Creating package script '/home/psb/rokey_c_2_ws/install/serving_robot_msgs/share/serving_robot_msgs/package.ps1'
[2.886s] INFO:colcon.colcon_core.shell:Creating package descriptor '/home/psb/rokey_c_2_ws/install/serving_robot_msgs/share/serving_robot_msgs/package.dsv'
[2.886s] INFO:colcon.colcon_core.shell:Creating package script '/home/psb/rokey_c_2_ws/install/serving_robot_msgs/share/serving_robot_msgs/package.sh'
[2.887s] INFO:colcon.colcon_core.shell:Creating package script '/home/psb/rokey_c_2_ws/install/serving_robot_msgs/share/serving_robot_msgs/package.bash'
[2.888s] INFO:colcon.colcon_core.shell:Creating package script '/home/psb/rokey_c_2_ws/install/serving_robot_msgs/share/serving_robot_msgs/package.zsh'
[2.888s] Level 1:colcon.colcon_core.environment:create_file_with_runtime_dependencies(/home/psb/rokey_c_2_ws/install/serving_robot_msgs/share/colcon-core/packages/serving_robot_msgs)
[2.889s] Level 1:colcon.colcon_core.environment:create_environment_scripts_only(nav_interfaces)
[2.889s] Level 1:colcon.colcon_core.environment:checking '/home/psb/rokey_c_2_ws/install/nav_interfaces' for CMake module files
[2.890s] Level 1:colcon.colcon_core.environment:checking '/home/psb/rokey_c_2_ws/install/nav_interfaces' for CMake config files
[2.891s] Level 1:colcon.colcon_core.shell:create_environment_hook('nav_interfaces', 'cmake_prefix_path')
[2.891s] INFO:colcon.colcon_core.shell:Creating environment hook '/home/psb/rokey_c_2_ws/install/nav_interfaces/share/nav_interfaces/hook/cmake_prefix_path.ps1'
[2.892s] INFO:colcon.colcon_core.shell:Creating environment descriptor '/home/psb/rokey_c_2_ws/install/nav_interfaces/share/nav_interfaces/hook/cmake_prefix_path.dsv'
[2.892s] INFO:colcon.colcon_core.shell:Creating environment hook '/home/psb/rokey_c_2_ws/install/nav_interfaces/share/nav_interfaces/hook/cmake_prefix_path.sh'
[2.893s] Level 1:colcon.colcon_core.environment:checking '/home/psb/rokey_c_2_ws/install/nav_interfaces/lib'
[2.893s] Level 1:colcon.colcon_core.shell:create_environment_hook('nav_interfaces', 'ld_library_path_lib')
[2.893s] INFO:colcon.colcon_core.shell:Creating environment hook '/home/psb/rokey_c_2_ws/install/nav_interfaces/share/nav_interfaces/hook/ld_library_path_lib.ps1'
[2.894s] INFO:colcon.colcon_core.shell:Creating environment descriptor '/home/psb/rokey_c_2_ws/install/nav_interfaces/share/nav_interfaces/hook/ld_library_path_lib.dsv'
[2.894s] INFO:colcon.colcon_core.shell:Creating environment hook '/home/psb/rokey_c_2_ws/install/nav_interfaces/share/nav_interfaces/hook/ld_library_path_lib.sh'
[2.894s] Level 1:colcon.colcon_core.environment:checking '/home/psb/rokey_c_2_ws/install/nav_interfaces/bin'
[2.894s] Level 1:colcon.colcon_core.environment:checking '/home/psb/rokey_c_2_ws/install/nav_interfaces/lib/pkgconfig/nav_interfaces.pc'
[2.895s] Level 1:colcon.colcon_core.environment:checking '/home/psb/rokey_c_2_ws/install/nav_interfaces/lib/python3.10/site-packages'
[2.895s] Level 1:colcon.colcon_core.environment:checking '/home/psb/rokey_c_2_ws/install/nav_interfaces/bin'
[2.895s] INFO:colcon.colcon_core.shell:Creating package script '/home/psb/rokey_c_2_ws/install/nav_interfaces/share/nav_interfaces/package.ps1'
[2.896s] INFO:colcon.colcon_core.shell:Creating package descriptor '/home/psb/rokey_c_2_ws/install/nav_interfaces/share/nav_interfaces/package.dsv'
[2.897s] INFO:colcon.colcon_core.shell:Creating package script '/home/psb/rokey_c_2_ws/install/nav_interfaces/share/nav_interfaces/package.sh'
[2.897s] INFO:colcon.colcon_core.shell:Creating package script '/home/psb/rokey_c_2_ws/install/nav_interfaces/share/nav_interfaces/package.bash'
[2.898s] INFO:colcon.colcon_core.shell:Creating package script '/home/psb/rokey_c_2_ws/install/nav_interfaces/share/nav_interfaces/package.zsh'
[2.898s] Level 1:colcon.colcon_core.environment:create_file_with_runtime_dependencies(/home/psb/rokey_c_2_ws/install/nav_interfaces/share/colcon-core/packages/nav_interfaces)
[2.903s] INFO:colcon.colcon_ros.task.ament_python.build:Building ROS package in '/home/psb/rokey_c_2_ws/src/serving_robot' with build type 'ament_python'
[2.904s] Level 1:colcon.colcon_core.shell:create_environment_hook('serving_robot', 'ament_prefix_path')
[2.904s] INFO:colcon.colcon_core.shell:Creating environment hook '/home/psb/rokey_c_2_ws/install/serving_robot/share/serving_robot/hook/ament_prefix_path.ps1'
[2.905s] DEBUG:colcon.colcon_core.event_handler.log_command:Invoking command in '/home/psb/rokey_c_2_ws/src/turtlebot3_gui': PYTHONPATH=/home/psb/rokey_c_2_ws/build/turtlebot3_gui/prefix_override:/usr/lib/python3/dist-packages/colcon_core/task/python/colcon_distutils_commands:/home/psb/rokey_c_2_ws/install/turtlebot3_gui/lib/python3.10/site-packages:${PYTHONPATH} /usr/bin/python3 -W ignore:setup.py install is deprecated setup.py egg_info --egg-base ../../build/turtlebot3_gui build --build-base /home/psb/rokey_c_2_ws/build/turtlebot3_gui/build install --record /home/psb/rokey_c_2_ws/build/turtlebot3_gui/install.log --single-version-externally-managed install_data
[2.906s] INFO:colcon.colcon_core.shell:Creating environment descriptor '/home/psb/rokey_c_2_ws/install/serving_robot/share/serving_robot/hook/ament_prefix_path.dsv'
[2.907s] INFO:colcon.colcon_core.shell:Creating environment hook '/home/psb/rokey_c_2_ws/install/serving_robot/share/serving_robot/hook/ament_prefix_path.sh'
[2.907s] DEBUG:colcon.colcon_core.event_handler.log_command:Invoking command in '/home/psb/rokey_c_2_ws/src/database': PYTHONPATH=/home/psb/rokey_c_2_ws/build/database/prefix_override:/usr/lib/python3/dist-packages/colcon_core/task/python/colcon_distutils_commands:/home/psb/rokey_c_2_ws/install/database/lib/python3.10/site-packages:${PYTHONPATH} /usr/bin/python3 -W ignore:setup.py install is deprecated setup.py egg_info --egg-base ../../build/database build --build-base /home/psb/rokey_c_2_ws/build/database/build install --record /home/psb/rokey_c_2_ws/build/database/install.log --single-version-externally-managed install_data
[2.908s] INFO:colcon.colcon_core.shell:Skip shell extension 'powershell' for command environment: Not usable outside of PowerShell
[2.908s] DEBUG:colcon.colcon_core.shell:Skip shell extension 'dsv' for command environment
[3.604s] INFO:colcon.colcon_core.task.python.build:Building Python package in '/home/psb/rokey_c_2_ws/src/serving_robot'
[3.604s] INFO:colcon.colcon_core.shell:Skip shell extension 'powershell' for command environment: Not usable outside of PowerShell
[3.604s] DEBUG:colcon.colcon_core.shell:Skip shell extension 'dsv' for command environment
[3.616s] Level 1:colcon.colcon_core.environment:checking '/home/psb/rokey_c_2_ws/install/database' for CMake module files
[3.618s] Level 1:colcon.colcon_core.environment:checking '/home/psb/rokey_c_2_ws/install/database' for CMake config files
[3.618s] DEBUG:colcon.colcon_core.event_handler.log_command:Invoking command in '/home/psb/rokey_c_2_ws/src/table_order': LD_LIBRARY_PATH=/home/psb/rokey_c_2_ws/install/table_order_interface/lib:/home/psb/rokey_c_2_ws/install/serving_robot_msgs/lib:/home/psb/rokey_c_2_ws/install/nav_interfaces/lib:/home/psb/rokey_c_2_ws/install/c2_turtle_interface/lib:/home/psb/turtlebot3_ws/install/turtlebot3_msgs/lib:/usr/lib/x86_64-linux-gnu/gazebo-11/plugins:/opt/ros/humble/opt/rviz_ogre_vendor/lib:/opt/ros/humble/lib/x86_64-linux-gnu:/opt/ros/humble/lib:/usr/lib/x86_64-linux-gnu/gazebo-11/plugins PYTHONPATH=/home/psb/rokey_c_2_ws/build/table_order/prefix_override:/usr/lib/python3/dist-packages/colcon_core/task/python/colcon_distutils_commands:/home/psb/rokey_c_2_ws/install/table_order/lib/python3.10/site-packages:${PYTHONPATH} /usr/bin/python3 -W ignore:setup.py install is deprecated setup.py egg_info --egg-base ../../build/table_order build --build-base /home/psb/rokey_c_2_ws/build/table_order/build install --record /home/psb/rokey_c_2_ws/build/table_order/install.log --single-version-externally-managed install_data
[3.619s] DEBUG:colcon.colcon_core.event_handler.log_command:Invoked command in '/home/psb/rokey_c_2_ws/src/database' returned '0': PYTHONPATH=/home/psb/rokey_c_2_ws/build/database/prefix_override:/usr/lib/python3/dist-packages/colcon_core/task/python/colcon_distutils_commands:/home/psb/rokey_c_2_ws/install/database/lib/python3.10/site-packages:${PYTHONPATH} /usr/bin/python3 -W ignore:setup.py install is deprecated setup.py egg_info --egg-base ../../build/database build --build-base /home/psb/rokey_c_2_ws/build/database/build install --record /home/psb/rokey_c_2_ws/build/database/install.log --single-version-externally-managed install_data
[3.620s] Level 1:colcon.colcon_core.environment:checking '/home/psb/rokey_c_2_ws/install/database/lib'
[3.620s] Level 1:colcon.colcon_core.environment:checking '/home/psb/rokey_c_2_ws/install/database/bin'
[3.621s] Level 1:colcon.colcon_core.environment:checking '/home/psb/rokey_c_2_ws/install/database/lib/pkgconfig/database.pc'
[3.621s] Level 1:colcon.colcon_core.environment:checking '/home/psb/rokey_c_2_ws/install/database/lib/python3.10/site-packages'
[3.621s] Level 1:colcon.colcon_core.shell:create_environment_hook('database', 'pythonpath')
[3.622s] INFO:colcon.colcon_core.shell:Creating environment hook '/home/psb/rokey_c_2_ws/install/database/share/database/hook/pythonpath.ps1'
[3.622s] INFO:colcon.colcon_core.shell:Creating environment descriptor '/home/psb/rokey_c_2_ws/install/database/share/database/hook/pythonpath.dsv'
[3.623s] INFO:colcon.colcon_core.shell:Creating environment hook '/home/psb/rokey_c_2_ws/install/database/share/database/hook/pythonpath.sh'
[3.624s] Level 1:colcon.colcon_core.environment:checking '/home/psb/rokey_c_2_ws/install/database/bin'
[3.624s] Level 1:colcon.colcon_core.environment:create_environment_scripts_only(database)
[3.625s] INFO:colcon.colcon_core.shell:Creating package script '/home/psb/rokey_c_2_ws/install/database/share/database/package.ps1'
[3.626s] INFO:colcon.colcon_core.shell:Creating package descriptor '/home/psb/rokey_c_2_ws/install/database/share/database/package.dsv'
[3.627s] INFO:colcon.colcon_core.shell:Creating package script '/home/psb/rokey_c_2_ws/install/database/share/database/package.sh'
[3.628s] INFO:colcon.colcon_core.shell:Creating package script '/home/psb/rokey_c_2_ws/install/database/share/database/package.bash'
[3.628s] INFO:colcon.colcon_core.shell:Creating package script '/home/psb/rokey_c_2_ws/install/database/share/database/package.zsh'
[3.629s] Level 1:colcon.colcon_core.environment:create_file_with_runtime_dependencies(/home/psb/rokey_c_2_ws/install/database/share/colcon-core/packages/database)
[3.640s] Level 1:colcon.colcon_core.environment:checking '/home/psb/rokey_c_2_ws/install/turtlebot3_gui' for CMake module files
[3.642s] DEBUG:colcon.colcon_core.event_handler.log_command:Invoked command in '/home/psb/rokey_c_2_ws/src/turtlebot3_gui' returned '0': PYTHONPATH=/home/psb/rokey_c_2_ws/build/turtlebot3_gui/prefix_override:/usr/lib/python3/dist-packages/colcon_core/task/python/colcon_distutils_commands:/home/psb/rokey_c_2_ws/install/turtlebot3_gui/lib/python3.10/site-packages:${PYTHONPATH} /usr/bin/python3 -W ignore:setup.py install is deprecated setup.py egg_info --egg-base ../../build/turtlebot3_gui build --build-base /home/psb/rokey_c_2_ws/build/turtlebot3_gui/build install --record /home/psb/rokey_c_2_ws/build/turtlebot3_gui/install.log --single-version-externally-managed install_data
[3.642s] Level 1:colcon.colcon_core.environment:checking '/home/psb/rokey_c_2_ws/install/turtlebot3_gui' for CMake config files
[3.643s] Level 1:colcon.colcon_core.environment:checking '/home/psb/rokey_c_2_ws/install/turtlebot3_gui/lib'
[3.643s] Level 1:colcon.colcon_core.environment:checking '/home/psb/rokey_c_2_ws/install/turtlebot3_gui/bin'
[3.643s] Level 1:colcon.colcon_core.environment:checking '/home/psb/rokey_c_2_ws/install/turtlebot3_gui/lib/pkgconfig/turtlebot3_gui.pc'
[3.643s] Level 1:colcon.colcon_core.environment:checking '/home/psb/rokey_c_2_ws/install/turtlebot3_gui/lib/python3.10/site-packages'
[3.643s] Level 1:colcon.colcon_core.shell:create_environment_hook('turtlebot3_gui', 'pythonpath')
[3.644s] INFO:colcon.colcon_core.shell:Creating environment hook '/home/psb/rokey_c_2_ws/install/turtlebot3_gui/share/turtlebot3_gui/hook/pythonpath.ps1'
[3.644s] INFO:colcon.colcon_core.shell:Creating environment descriptor '/home/psb/rokey_c_2_ws/install/turtlebot3_gui/share/turtlebot3_gui/hook/pythonpath.dsv'
[3.645s] INFO:colcon.colcon_core.shell:Creating environment hook '/home/psb/rokey_c_2_ws/install/turtlebot3_gui/share/turtlebot3_gui/hook/pythonpath.sh'
[3.645s] Level 1:colcon.colcon_core.environment:checking '/home/psb/rokey_c_2_ws/install/turtlebot3_gui/bin'
[3.645s] Level 1:colcon.colcon_core.environment:create_environment_scripts_only(turtlebot3_gui)
[3.646s] INFO:colcon.colcon_core.shell:Creating package script '/home/psb/rokey_c_2_ws/install/turtlebot3_gui/share/turtlebot3_gui/package.ps1'
[3.646s] INFO:colcon.colcon_core.shell:Creating package descriptor '/home/psb/rokey_c_2_ws/install/turtlebot3_gui/share/turtlebot3_gui/package.dsv'
[3.647s] INFO:colcon.colcon_core.shell:Creating package script '/home/psb/rokey_c_2_ws/install/turtlebot3_gui/share/turtlebot3_gui/package.sh'
[3.648s] INFO:colcon.colcon_core.shell:Creating package script '/home/psb/rokey_c_2_ws/install/turtlebot3_gui/share/turtlebot3_gui/package.bash'
[3.648s] INFO:colcon.colcon_core.shell:Creating package script '/home/psb/rokey_c_2_ws/install/turtlebot3_gui/share/turtlebot3_gui/package.zsh'
[3.648s] Level 1:colcon.colcon_core.environment:create_file_with_runtime_dependencies(/home/psb/rokey_c_2_ws/install/turtlebot3_gui/share/colcon-core/packages/turtlebot3_gui)
[4.160s] Level 1:colcon.colcon_core.environment:checking '/home/psb/rokey_c_2_ws/install/table_order' for CMake module files
[4.161s] DEBUG:colcon.colcon_core.event_handler.log_command:Invoked command in '/home/psb/rokey_c_2_ws/src/table_order' returned '0': LD_LIBRARY_PATH=/home/psb/rokey_c_2_ws/install/table_order_interface/lib:/home/psb/rokey_c_2_ws/install/serving_robot_msgs/lib:/home/psb/rokey_c_2_ws/install/nav_interfaces/lib:/home/psb/rokey_c_2_ws/install/c2_turtle_interface/lib:/home/psb/turtlebot3_ws/install/turtlebot3_msgs/lib:/usr/lib/x86_64-linux-gnu/gazebo-11/plugins:/opt/ros/humble/opt/rviz_ogre_vendor/lib:/opt/ros/humble/lib/x86_64-linux-gnu:/opt/ros/humble/lib:/usr/lib/x86_64-linux-gnu/gazebo-11/plugins PYTHONPATH=/home/psb/rokey_c_2_ws/build/table_order/prefix_override:/usr/lib/python3/dist-packages/colcon_core/task/python/colcon_distutils_commands:/home/psb/rokey_c_2_ws/install/table_order/lib/python3.10/site-packages:${PYTHONPATH} /usr/bin/python3 -W ignore:setup.py install is deprecated setup.py egg_info --egg-base ../../build/table_order build --build-base /home/psb/rokey_c_2_ws/build/table_order/build install --record /home/psb/rokey_c_2_ws/build/table_order/install.log --single-version-externally-managed install_data
[4.162s] Level 1:colcon.colcon_core.environment:checking '/home/psb/rokey_c_2_ws/install/table_order' for CMake config files
[4.162s] Level 1:colcon.colcon_core.environment:checking '/home/psb/rokey_c_2_ws/install/table_order/lib'
[4.162s] Level 1:colcon.colcon_core.environment:checking '/home/psb/rokey_c_2_ws/install/table_order/bin'
[4.162s] Level 1:colcon.colcon_core.environment:checking '/home/psb/rokey_c_2_ws/install/table_order/lib/pkgconfig/table_order.pc'
[4.163s] Level 1:colcon.colcon_core.environment:checking '/home/psb/rokey_c_2_ws/install/table_order/lib/python3.10/site-packages'
[4.163s] Level 1:colcon.colcon_core.shell:create_environment_hook('table_order', 'pythonpath')
[4.163s] INFO:colcon.colcon_core.shell:Creating environment hook '/home/psb/rokey_c_2_ws/install/table_order/share/table_order/hook/pythonpath.ps1'
[4.164s] INFO:colcon.colcon_core.shell:Creating environment descriptor '/home/psb/rokey_c_2_ws/install/table_order/share/table_order/hook/pythonpath.dsv'
[4.164s] INFO:colcon.colcon_core.shell:Creating environment hook '/home/psb/rokey_c_2_ws/install/table_order/share/table_order/hook/pythonpath.sh'
[4.165s] Level 1:colcon.colcon_core.environment:checking '/home/psb/rokey_c_2_ws/install/table_order/bin'
[4.165s] Level 1:colcon.colcon_core.environment:create_environment_scripts_only(table_order)
[4.165s] INFO:colcon.colcon_core.shell:Creating package script '/home/psb/rokey_c_2_ws/install/table_order/share/table_order/package.ps1'
[4.166s] INFO:colcon.colcon_core.shell:Creating package descriptor '/home/psb/rokey_c_2_ws/install/table_order/share/table_order/package.dsv'
[4.167s] INFO:colcon.colcon_core.shell:Creating package script '/home/psb/rokey_c_2_ws/install/table_order/share/table_order/package.sh'
[4.167s] INFO:colcon.colcon_core.shell:Creating package script '/home/psb/rokey_c_2_ws/install/table_order/share/table_order/package.bash'
[4.167s] INFO:colcon.colcon_core.shell:Creating package script '/home/psb/rokey_c_2_ws/install/table_order/share/table_order/package.zsh'
[4.168s] Level 1:colcon.colcon_core.environment:create_file_with_runtime_dependencies(/home/psb/rokey_c_2_ws/install/table_order/share/colcon-core/packages/table_order)
[4.239s] DEBUG:colcon.colcon_core.event_handler.log_command:Invoking command in '/home/psb/rokey_c_2_ws/src/serving_robot': CMAKE_PREFIX_PATH=/home/psb/rokey_c_2_ws/install/serving_robot_msgs:/home/psb/rokey_c_2_ws/install/table_order_interface:/home/psb/rokey_c_2_ws/install/nav_interfaces:/home/psb/rokey_c_2_ws/install/c2_turtle_interface:/home/psb/turtlebot3_ws/install/turtlebot3:/home/psb/turtlebot3_ws/install/turtlebot3_simulations:/home/psb/turtlebot3_ws/install/turtlebot3_bringup:/home/psb/turtlebot3_ws/install/turtlebot3_node:/home/psb/turtlebot3_ws/install/turtlebot3_navigation2:/home/psb/turtlebot3_ws/install/turtlebot3_fake_node:/home/psb/turtlebot3_ws/install/turtlebot3_msgs:/home/psb/turtlebot3_ws/install/turtlebot3_gazebo:/home/psb/turtlebot3_ws/install/turtlebot3_description:/home/psb/turtlebot3_ws/install/turtlebot3_cartographer LD_LIBRARY_PATH=/home/psb/rokey_c_2_ws/install/serving_robot_msgs/lib:/home/psb/rokey_c_2_ws/install/table_order_interface/lib:/home/psb/rokey_c_2_ws/install/nav_interfaces/lib:/home/psb/rokey_c_2_ws/install/c2_turtle_interface/lib:/home/psb/turtlebot3_ws/install/turtlebot3_msgs/lib:/usr/lib/x86_64-linux-gnu/gazebo-11/plugins:/opt/ros/humble/opt/rviz_ogre_vendor/lib:/opt/ros/humble/lib/x86_64-linux-gnu:/opt/ros/humble/lib:/usr/lib/x86_64-linux-gnu/gazebo-11/plugins PYTHONPATH=/home/psb/rokey_c_2_ws/build/serving_robot/prefix_override:/usr/lib/python3/dist-packages/colcon_core/task/python/colcon_distutils_commands:/home/psb/rokey_c_2_ws/install/serving_robot/lib/python3.10/site-packages:${PYTHONPATH} /usr/bin/python3 -W ignore:setup.py install is deprecated setup.py egg_info --egg-base ../../build/serving_robot build --build-base /home/psb/rokey_c_2_ws/build/serving_robot/build install --record /home/psb/rokey_c_2_ws/build/serving_robot/install.log --single-version-externally-managed install_data
[4.690s] Level 1:colcon.colcon_core.environment:checking '/home/psb/rokey_c_2_ws/install/serving_robot' for CMake module files
[4.691s] DEBUG:colcon.colcon_core.event_handler.log_command:Invoked command in '/home/psb/rokey_c_2_ws/src/serving_robot' returned '0': CMAKE_PREFIX_PATH=/home/psb/rokey_c_2_ws/install/serving_robot_msgs:/home/psb/rokey_c_2_ws/install/table_order_interface:/home/psb/rokey_c_2_ws/install/nav_interfaces:/home/psb/rokey_c_2_ws/install/c2_turtle_interface:/home/psb/turtlebot3_ws/install/turtlebot3:/home/psb/turtlebot3_ws/install/turtlebot3_simulations:/home/psb/turtlebot3_ws/install/turtlebot3_bringup:/home/psb/turtlebot3_ws/install/turtlebot3_node:/home/psb/turtlebot3_ws/install/turtlebot3_navigation2:/home/psb/turtlebot3_ws/install/turtlebot3_fake_node:/home/psb/turtlebot3_ws/install/turtlebot3_msgs:/home/psb/turtlebot3_ws/install/turtlebot3_gazebo:/home/psb/turtlebot3_ws/install/turtlebot3_description:/home/psb/turtlebot3_ws/install/turtlebot3_cartographer LD_LIBRARY_PATH=/home/psb/rokey_c_2_ws/install/serving_robot_msgs/lib:/home/psb/rokey_c_2_ws/install/table_order_interface/lib:/home/psb/rokey_c_2_ws/install/nav_interfaces/lib:/home/psb/rokey_c_2_ws/install/c2_turtle_interface/lib:/home/psb/turtlebot3_ws/install/turtlebot3_msgs/lib:/usr/lib/x86_64-linux-gnu/gazebo-11/plugins:/opt/ros/humble/opt/rviz_ogre_vendor/lib:/opt/ros/humble/lib/x86_64-linux-gnu:/opt/ros/humble/lib:/usr/lib/x86_64-linux-gnu/gazebo-11/plugins PYTHONPATH=/home/psb/rokey_c_2_ws/build/serving_robot/prefix_override:/usr/lib/python3/dist-packages/colcon_core/task/python/colcon_distutils_commands:/home/psb/rokey_c_2_ws/install/serving_robot/lib/python3.10/site-packages:${PYTHONPATH} /usr/bin/python3 -W ignore:setup.py install is deprecated setup.py egg_info --egg-base ../../build/serving_robot build --build-base /home/psb/rokey_c_2_ws/build/serving_robot/build install --record /home/psb/rokey_c_2_ws/build/serving_robot/install.log --single-version-externally-managed install_data
[4.691s] Level 1:colcon.colcon_core.environment:checking '/home/psb/rokey_c_2_ws/install/serving_robot' for CMake config files
[4.692s] Level 1:colcon.colcon_core.environment:checking '/home/psb/rokey_c_2_ws/install/serving_robot/lib'
[4.692s] Level 1:colcon.colcon_core.environment:checking '/home/psb/rokey_c_2_ws/install/serving_robot/bin'
[4.692s] Level 1:colcon.colcon_core.environment:checking '/home/psb/rokey_c_2_ws/install/serving_robot/lib/pkgconfig/serving_robot.pc'
[4.693s] Level 1:colcon.colcon_core.environment:checking '/home/psb/rokey_c_2_ws/install/serving_robot/lib/python3.10/site-packages'
[4.693s] Level 1:colcon.colcon_core.shell:create_environment_hook('serving_robot', 'pythonpath')
[4.693s] INFO:colcon.colcon_core.shell:Creating environment hook '/home/psb/rokey_c_2_ws/install/serving_robot/share/serving_robot/hook/pythonpath.ps1'
[4.693s] INFO:colcon.colcon_core.shell:Creating environment descriptor '/home/psb/rokey_c_2_ws/install/serving_robot/share/serving_robot/hook/pythonpath.dsv'
[4.694s] INFO:colcon.colcon_core.shell:Creating environment hook '/home/psb/rokey_c_2_ws/install/serving_robot/share/serving_robot/hook/pythonpath.sh'
[4.694s] Level 1:colcon.colcon_core.environment:checking '/home/psb/rokey_c_2_ws/install/serving_robot/bin'
[4.694s] Level 1:colcon.colcon_core.environment:create_environment_scripts_only(serving_robot)
[4.695s] INFO:colcon.colcon_core.shell:Creating package script '/home/psb/rokey_c_2_ws/install/serving_robot/share/serving_robot/package.ps1'
[4.695s] INFO:colcon.colcon_core.shell:Creating package descriptor '/home/psb/rokey_c_2_ws/install/serving_robot/share/serving_robot/package.dsv'
[4.696s] INFO:colcon.colcon_core.shell:Creating package script '/home/psb/rokey_c_2_ws/install/serving_robot/share/serving_robot/package.sh'
[4.696s] INFO:colcon.colcon_core.shell:Creating package script '/home/psb/rokey_c_2_ws/install/serving_robot/share/serving_robot/package.bash'
[4.696s] INFO:colcon.colcon_core.shell:Creating package script '/home/psb/rokey_c_2_ws/install/serving_robot/share/serving_robot/package.zsh'
[4.697s] Level 1:colcon.colcon_core.environment:create_file_with_runtime_dependencies(/home/psb/rokey_c_2_ws/install/serving_robot/share/colcon-core/packages/serving_robot)
[4.697s] DEBUG:colcon.colcon_parallel_executor.executor.parallel:closing loop
[4.697s] DEBUG:colcon.colcon_parallel_executor.executor.parallel:loop closed
[4.697s] DEBUG:colcon.colcon_parallel_executor.executor.parallel:run_until_complete finished with '0'
[4.697s] DEBUG:colcon.colcon_core.event_reactor:joining thread
[4.707s] INFO:colcon.colcon_core.plugin_system:Skipping extension 'colcon_notification.desktop_notification.terminal_notifier': Not used on non-Darwin systems
[4.708s] INFO:colcon.colcon_core.plugin_system:Skipping extension 'colcon_notification.desktop_notification.win32': Not used on non-Windows systems
[4.708s] INFO:colcon.colcon_notification.desktop_notification:Sending desktop notification using 'notify2'
[4.720s] DEBUG:colcon.colcon_core.event_reactor:joined thread
[4.721s] INFO:colcon.colcon_core.shell:Creating prefix script '/home/psb/rokey_c_2_ws/install/local_setup.ps1'
[4.722s] INFO:colcon.colcon_core.shell:Creating prefix util module '/home/psb/rokey_c_2_ws/install/_local_setup_util_ps1.py'
[4.724s] INFO:colcon.colcon_core.shell:Creating prefix chain script '/home/psb/rokey_c_2_ws/install/setup.ps1'
[4.726s] INFO:colcon.colcon_core.shell:Creating prefix script '/home/psb/rokey_c_2_ws/install/local_setup.sh'
[4.726s] INFO:colcon.colcon_core.shell:Creating prefix util module '/home/psb/rokey_c_2_ws/install/_local_setup_util_sh.py'
[4.727s] INFO:colcon.colcon_core.shell:Creating prefix chain script '/home/psb/rokey_c_2_ws/install/setup.sh'
[4.729s] INFO:colcon.colcon_core.shell:Creating prefix script '/home/psb/rokey_c_2_ws/install/local_setup.bash'
[4.729s] INFO:colcon.colcon_core.shell:Creating prefix chain script '/home/psb/rokey_c_2_ws/install/setup.bash'
[4.731s] INFO:colcon.colcon_core.shell:Creating prefix script '/home/psb/rokey_c_2_ws/install/local_setup.zsh'
[4.732s] INFO:colcon.colcon_core.shell:Creating prefix chain script '/home/psb/rokey_c_2_ws/install/setup.zsh'
