running egg_info
writing ../../build/c2_turtle_order_package/c2_turtle_order_package.egg-info/PKG-INFO
writing dependency_links to ../../build/c2_turtle_order_package/c2_turtle_order_package.egg-info/dependency_links.txt
writing entry points to ../../build/c2_turtle_order_package/c2_turtle_order_package.egg-info/entry_points.txt
writing requirements to ../../build/c2_turtle_order_package/c2_turtle_order_package.egg-info/requires.txt
writing top-level names to ../../build/c2_turtle_order_package/c2_turtle_order_package.egg-info/top_level.txt
reading manifest file '../../build/c2_turtle_order_package/c2_turtle_order_package.egg-info/SOURCES.txt'
writing manifest file '../../build/c2_turtle_order_package/c2_turtle_order_package.egg-info/SOURCES.txt'
running build
running build_py
running install
running install_lib
running install_data
running install_egg_info
removing '/home/psb/rokey_c_2_ws/install/c2_turtle_order_package/lib/python3.10/site-packages/c2_turtle_order_package-0.0.0-py3.10.egg-info' (and everything under it)
Copying ../../build/c2_turtle_order_package/c2_turtle_order_package.egg-info to /home/psb/rokey_c_2_ws/install/c2_turtle_order_package/lib/python3.10/site-packages/c2_turtle_order_package-0.0.0-py3.10.egg-info
running install_scripts
Installing order_client script to /home/psb/rokey_c_2_ws/install/c2_turtle_order_package/lib/c2_turtle_order_package
Installing order_saver script to /home/psb/rokey_c_2_ws/install/c2_turtle_order_package/lib/c2_turtle_order_package
Installing total_sales_client script to /home/psb/rokey_c_2_ws/install/c2_turtle_order_package/lib/c2_turtle_order_package
writing list of installed files to '/home/psb/rokey_c_2_ws/build/c2_turtle_order_package/install.log'
