[0.888s] Invoking command in '/home/psb/rokey_c_2_ws/src/c2_turtle_order_package': PYTHONPATH=/home/psb/rokey_c_2_ws/build/c2_turtle_order_package/prefix_override:/usr/lib/python3/dist-packages/colcon_core/task/python/colcon_distutils_commands:/home/psb/rokey_c_2_ws/install/c2_turtle_order_package/lib/python3.10/site-packages:${PYTHONPATH} /usr/bin/python3 -W ignore:setup.py install is deprecated setup.py egg_info --egg-base ../../build/c2_turtle_order_package build --build-base /home/psb/rokey_c_2_ws/build/c2_turtle_order_package/build install --record /home/psb/rokey_c_2_ws/build/c2_turtle_order_package/install.log --single-version-externally-managed install_data
[1.164s] running egg_info
[1.165s] writing ../../build/c2_turtle_order_package/c2_turtle_order_package.egg-info/PKG-INFO
[1.165s] writing dependency_links to ../../build/c2_turtle_order_package/c2_turtle_order_package.egg-info/dependency_links.txt
[1.165s] writing entry points to ../../build/c2_turtle_order_package/c2_turtle_order_package.egg-info/entry_points.txt
[1.165s] writing requirements to ../../build/c2_turtle_order_package/c2_turtle_order_package.egg-info/requires.txt
[1.165s] writing top-level names to ../../build/c2_turtle_order_package/c2_turtle_order_package.egg-info/top_level.txt
[1.167s] reading manifest file '../../build/c2_turtle_order_package/c2_turtle_order_package.egg-info/SOURCES.txt'
[1.168s] writing manifest file '../../build/c2_turtle_order_package/c2_turtle_order_package.egg-info/SOURCES.txt'
[1.168s] running build
[1.168s] running build_py
[1.169s] running install
[1.169s] running install_lib
[1.171s] running install_data
[1.171s] running install_egg_info
[1.172s] removing '/home/psb/rokey_c_2_ws/install/c2_turtle_order_package/lib/python3.10/site-packages/c2_turtle_order_package-0.0.0-py3.10.egg-info' (and everything under it)
[1.173s] Copying ../../build/c2_turtle_order_package/c2_turtle_order_package.egg-info to /home/psb/rokey_c_2_ws/install/c2_turtle_order_package/lib/python3.10/site-packages/c2_turtle_order_package-0.0.0-py3.10.egg-info
[1.173s] running install_scripts
[1.193s] Installing order_client script to /home/psb/rokey_c_2_ws/install/c2_turtle_order_package/lib/c2_turtle_order_package
[1.193s] Installing order_saver script to /home/psb/rokey_c_2_ws/install/c2_turtle_order_package/lib/c2_turtle_order_package
[1.193s] Installing total_sales_client script to /home/psb/rokey_c_2_ws/install/c2_turtle_order_package/lib/c2_turtle_order_package
[1.193s] writing list of installed files to '/home/psb/rokey_c_2_ws/build/c2_turtle_order_package/install.log'
[1.221s] Invoked command in '/home/psb/rokey_c_2_ws/src/c2_turtle_order_package' returned '0': PYTHONPATH=/home/psb/rokey_c_2_ws/build/c2_turtle_order_package/prefix_override:/usr/lib/python3/dist-packages/colcon_core/task/python/colcon_distutils_commands:/home/psb/rokey_c_2_ws/install/c2_turtle_order_package/lib/python3.10/site-packages:${PYTHONPATH} /usr/bin/python3 -W ignore:setup.py install is deprecated setup.py egg_info --egg-base ../../build/c2_turtle_order_package build --build-base /home/psb/rokey_c_2_ws/build/c2_turtle_order_package/build install --record /home/psb/rokey_c_2_ws/build/c2_turtle_order_package/install.log --single-version-externally-managed install_data
