running egg_info
writing ../../build/serving_robot/serving_robot.egg-info/PKG-INFO
writing dependency_links to ../../build/serving_robot/serving_robot.egg-info/dependency_links.txt
writing entry points to ../../build/serving_robot/serving_robot.egg-info/entry_points.txt
writing requirements to ../../build/serving_robot/serving_robot.egg-info/requires.txt
writing top-level names to ../../build/serving_robot/serving_robot.egg-info/top_level.txt
reading manifest file '../../build/serving_robot/serving_robot.egg-info/SOURCES.txt'
writing manifest file '../../build/serving_robot/serving_robot.egg-info/SOURCES.txt'
running build
running build_py
running install
running install_lib
running install_data
running install_egg_info
removing '/home/psb/rokey_c_2_ws/install/serving_robot/lib/python3.10/site-packages/serving_robot-0.0.0-py3.10.egg-info' (and everything under it)
Copying ../../build/serving_robot/serving_robot.egg-info to /home/psb/rokey_c_2_ws/install/serving_robot/lib/python3.10/site-packages/serving_robot-0.0.0-py3.10.egg-info
running install_scripts
Installing action_test script to /home/psb/rokey_c_2_ws/install/serving_robot/lib/serving_robot
Installing robot script to /home/psb/rokey_c_2_ws/install/serving_robot/lib/serving_robot
Installing serving_robot script to /home/psb/rokey_c_2_ws/install/serving_robot/lib/serving_robot
writing list of installed files to '/home/psb/rokey_c_2_ws/build/serving_robot/install.log'
