[0.019s] Invoking command in '/home/g1/rokey_c2_ws/build/c2_turtle_interface': CMAKE_PREFIX_PATH=${CMAKE_PREFIX_PATH}:/home/g1/rokey_c2_ws/install/jiwon:/home/g1/rokey_c2_ws/install/c2_turtle_order_package:/opt/ros/humble /usr/bin/cmake --build /home/g1/rokey_c2_ws/build/c2_turtle_interface -- -j8 -l8
[0.371s] [  2%] Built target c2_turtle_interface__cpp
[0.371s] [ 12%] Built target c2_turtle_interface__rosidl_generator_c
[0.371s] [ 12%] Built target ament_cmake_python_symlink_c2_turtle_interface
[0.372s] [ 23%] Built target c2_turtle_interface__rosidl_typesupport_cpp
[0.372s] [ 33%] Built target c2_turtle_interface__rosidl_typesupport_introspection_cpp
[0.372s] [ 43%] Built target c2_turtle_interface__rosidl_typesupport_fastrtps_cpp
[0.372s] [ 53%] Built target c2_turtle_interface__rosidl_typesupport_c
[0.372s] [ 64%] Built target c2_turtle_interface__rosidl_typesupport_introspection_c
[0.372s] [ 74%] Built target c2_turtle_interface__rosidl_typesupport_fastrtps_c
[0.372s] [ 74%] Built target c2_turtle_interface
[0.372s] [ 76%] Built target c2_turtle_interface__py
[0.373s] [ 84%] Built target c2_turtle_interface__rosidl_generator_py
[0.373s] [ 89%] Built target c2_turtle_interface__rosidl_typesupport_c__pyext
[0.373s] [ 94%] Built target c2_turtle_interface__rosidl_typesupport_introspection_c__pyext
[0.373s] [100%] Built target c2_turtle_interface__rosidl_typesupport_fastrtps_c__pyext
[0.396s] running egg_info
[0.397s] writing c2_turtle_interface.egg-info/PKG-INFO
[0.397s] writing dependency_links to c2_turtle_interface.egg-info/dependency_links.txt
[0.397s] writing top-level names to c2_turtle_interface.egg-info/top_level.txt
[0.399s] reading manifest file 'c2_turtle_interface.egg-info/SOURCES.txt'
[0.400s] writing manifest file 'c2_turtle_interface.egg-info/SOURCES.txt'
[0.423s] [100%] Built target ament_cmake_python_build_c2_turtle_interface_egg
[0.686s] Invoked command in '/home/g1/rokey_c2_ws/build/c2_turtle_interface' returned '0': CMAKE_PREFIX_PATH=${CMAKE_PREFIX_PATH}:/home/g1/rokey_c2_ws/install/jiwon:/home/g1/rokey_c2_ws/install/c2_turtle_order_package:/opt/ros/humble /usr/bin/cmake --build /home/g1/rokey_c2_ws/build/c2_turtle_interface -- -j8 -l8
[0.750s] Invoking command in '/home/g1/rokey_c2_ws/build/c2_turtle_interface': CMAKE_PREFIX_PATH=${CMAKE_PREFIX_PATH}:/home/g1/rokey_c2_ws/install/jiwon:/home/g1/rokey_c2_ws/install/c2_turtle_order_package:/opt/ros/humble /usr/bin/cmake --install /home/g1/rokey_c2_ws/build/c2_turtle_interface
[0.757s] -- Install configuration: ""
[0.757s] -- Execute custom install script
[0.757s] -- Up-to-date symlink: /home/g1/rokey_c2_ws/install/c2_turtle_interface/share/ament_index/resource_index/rosidl_interfaces/c2_turtle_interface
[0.758s] -- Up-to-date symlink: /home/g1/rokey_c2_ws/install/c2_turtle_interface/include/c2_turtle_interface/c2_turtle_interface/msg/rosidl_generator_c__visibility_control.h
[0.758s] -- Up-to-date symlink: /home/g1/rokey_c2_ws/install/c2_turtle_interface/include/c2_turtle_interface/c2_turtle_interface/srv/detail/get_total_sales__functions.h
[0.758s] -- Up-to-date symlink: /home/g1/rokey_c2_ws/install/c2_turtle_interface/include/c2_turtle_interface/c2_turtle_interface/srv/detail/get_total_sales__struct.h
[0.758s] -- Up-to-date symlink: /home/g1/rokey_c2_ws/install/c2_turtle_interface/include/c2_turtle_interface/c2_turtle_interface/srv/detail/get_total_sales__type_support.h
[0.758s] -- Up-to-date symlink: /home/g1/rokey_c2_ws/install/c2_turtle_interface/include/c2_turtle_interface/c2_turtle_interface/srv/detail/order__functions.h
[0.758s] -- Up-to-date symlink: /home/g1/rokey_c2_ws/install/c2_turtle_interface/include/c2_turtle_interface/c2_turtle_interface/srv/detail/order__struct.h
[0.758s] -- Up-to-date symlink: /home/g1/rokey_c2_ws/install/c2_turtle_interface/include/c2_turtle_interface/c2_turtle_interface/srv/detail/order__type_support.h
[0.759s] -- Up-to-date symlink: /home/g1/rokey_c2_ws/install/c2_turtle_interface/include/c2_turtle_interface/c2_turtle_interface/srv/get_total_sales.h
[0.759s] -- Up-to-date symlink: /home/g1/rokey_c2_ws/install/c2_turtle_interface/include/c2_turtle_interface/c2_turtle_interface/srv/order.h
[0.759s] -- Up-to-date symlink: /home/g1/rokey_c2_ws/install/c2_turtle_interface/share/c2_turtle_interface/environment/library_path.sh
[0.759s] -- Up-to-date symlink: /home/g1/rokey_c2_ws/install/c2_turtle_interface/share/c2_turtle_interface/environment/library_path.dsv
[0.759s] -- Up-to-date symlink: /home/g1/rokey_c2_ws/install/c2_turtle_interface/include/c2_turtle_interface/c2_turtle_interface/msg/rosidl_typesupport_fastrtps_c__visibility_control.h
[0.759s] -- Up-to-date symlink: /home/g1/rokey_c2_ws/install/c2_turtle_interface/include/c2_turtle_interface/c2_turtle_interface/srv/detail/get_total_sales__rosidl_typesupport_fastrtps_c.h
[0.760s] -- Up-to-date symlink: /home/g1/rokey_c2_ws/install/c2_turtle_interface/include/c2_turtle_interface/c2_turtle_interface/srv/detail/order__rosidl_typesupport_fastrtps_c.h
[0.760s] -- Up-to-date symlink: /home/g1/rokey_c2_ws/install/c2_turtle_interface/include/c2_turtle_interface/c2_turtle_interface/msg/rosidl_typesupport_introspection_c__visibility_control.h
[0.760s] -- Up-to-date symlink: /home/g1/rokey_c2_ws/install/c2_turtle_interface/include/c2_turtle_interface/c2_turtle_interface/srv/detail/get_total_sales__rosidl_typesupport_introspection_c.h
[0.760s] -- Up-to-date symlink: /home/g1/rokey_c2_ws/install/c2_turtle_interface/include/c2_turtle_interface/c2_turtle_interface/srv/detail/order__rosidl_typesupport_introspection_c.h
[0.760s] -- Up-to-date symlink: /home/g1/rokey_c2_ws/install/c2_turtle_interface/include/c2_turtle_interface/c2_turtle_interface/srv/detail/get_total_sales__builder.hpp
[0.761s] -- Up-to-date symlink: /home/g1/rokey_c2_ws/install/c2_turtle_interface/include/c2_turtle_interface/c2_turtle_interface/srv/detail/get_total_sales__struct.hpp
[0.761s] -- Up-to-date symlink: /home/g1/rokey_c2_ws/install/c2_turtle_interface/include/c2_turtle_interface/c2_turtle_interface/srv/detail/get_total_sales__traits.hpp
[0.761s] -- Up-to-date symlink: /home/g1/rokey_c2_ws/install/c2_turtle_interface/include/c2_turtle_interface/c2_turtle_interface/srv/detail/order__builder.hpp
[0.761s] -- Up-to-date symlink: /home/g1/rokey_c2_ws/install/c2_turtle_interface/include/c2_turtle_interface/c2_turtle_interface/srv/detail/order__struct.hpp
[0.761s] -- Up-to-date symlink: /home/g1/rokey_c2_ws/install/c2_turtle_interface/include/c2_turtle_interface/c2_turtle_interface/srv/detail/order__traits.hpp
[0.761s] -- Up-to-date symlink: /home/g1/rokey_c2_ws/install/c2_turtle_interface/include/c2_turtle_interface/c2_turtle_interface/srv/get_total_sales.hpp
[0.761s] -- Up-to-date symlink: /home/g1/rokey_c2_ws/install/c2_turtle_interface/include/c2_turtle_interface/c2_turtle_interface/srv/order.hpp
[0.761s] -- Up-to-date symlink: /home/g1/rokey_c2_ws/install/c2_turtle_interface/include/c2_turtle_interface/c2_turtle_interface/msg/rosidl_typesupport_fastrtps_cpp__visibility_control.h
[0.762s] -- Up-to-date symlink: /home/g1/rokey_c2_ws/install/c2_turtle_interface/include/c2_turtle_interface/c2_turtle_interface/srv/detail/get_total_sales__rosidl_typesupport_fastrtps_cpp.hpp
[0.762s] -- Up-to-date symlink: /home/g1/rokey_c2_ws/install/c2_turtle_interface/include/c2_turtle_interface/c2_turtle_interface/srv/detail/order__rosidl_typesupport_fastrtps_cpp.hpp
[0.762s] -- Up-to-date symlink: /home/g1/rokey_c2_ws/install/c2_turtle_interface/include/c2_turtle_interface/c2_turtle_interface/srv/detail/get_total_sales__rosidl_typesupport_introspection_cpp.hpp
[0.762s] -- Up-to-date symlink: /home/g1/rokey_c2_ws/install/c2_turtle_interface/include/c2_turtle_interface/c2_turtle_interface/srv/detail/order__rosidl_typesupport_introspection_cpp.hpp
[0.762s] -- Up-to-date symlink: /home/g1/rokey_c2_ws/install/c2_turtle_interface/share/c2_turtle_interface/environment/pythonpath.sh
[0.762s] -- Up-to-date symlink: /home/g1/rokey_c2_ws/install/c2_turtle_interface/share/c2_turtle_interface/environment/pythonpath.dsv
[0.763s] -- Up-to-date symlink: /home/g1/rokey_c2_ws/install/c2_turtle_interface/local/lib/python3.10/dist-packages/c2_turtle_interface-0.0.0-py3.10.egg-info/PKG-INFO
[0.763s] -- Up-to-date symlink: /home/g1/rokey_c2_ws/install/c2_turtle_interface/local/lib/python3.10/dist-packages/c2_turtle_interface-0.0.0-py3.10.egg-info/SOURCES.txt
[0.763s] -- Up-to-date symlink: /home/g1/rokey_c2_ws/install/c2_turtle_interface/local/lib/python3.10/dist-packages/c2_turtle_interface-0.0.0-py3.10.egg-info/dependency_links.txt
[0.763s] -- Up-to-date symlink: /home/g1/rokey_c2_ws/install/c2_turtle_interface/local/lib/python3.10/dist-packages/c2_turtle_interface-0.0.0-py3.10.egg-info/top_level.txt
[0.763s] -- Up-to-date symlink: /home/g1/rokey_c2_ws/install/c2_turtle_interface/local/lib/python3.10/dist-packages/c2_turtle_interface/__init__.py
[0.764s] -- Up-to-date symlink: /home/g1/rokey_c2_ws/install/c2_turtle_interface/local/lib/python3.10/dist-packages/c2_turtle_interface/_c2_turtle_interface_s.ep.rosidl_typesupport_c.c
[0.764s] -- Up-to-date symlink: /home/g1/rokey_c2_ws/install/c2_turtle_interface/local/lib/python3.10/dist-packages/c2_turtle_interface/_c2_turtle_interface_s.ep.rosidl_typesupport_fastrtps_c.c
[0.764s] -- Up-to-date symlink: /home/g1/rokey_c2_ws/install/c2_turtle_interface/local/lib/python3.10/dist-packages/c2_turtle_interface/_c2_turtle_interface_s.ep.rosidl_typesupport_introspection_c.c
[0.764s] -- Up-to-date symlink: /home/g1/rokey_c2_ws/install/c2_turtle_interface/local/lib/python3.10/dist-packages/c2_turtle_interface/c2_turtle_interface_s__rosidl_typesupport_c.cpython-310-x86_64-linux-gnu.so
[0.764s] -- Up-to-date symlink: /home/g1/rokey_c2_ws/install/c2_turtle_interface/local/lib/python3.10/dist-packages/c2_turtle_interface/c2_turtle_interface_s__rosidl_typesupport_fastrtps_c.cpython-310-x86_64-linux-gnu.so
[0.764s] -- Up-to-date symlink: /home/g1/rokey_c2_ws/install/c2_turtle_interface/local/lib/python3.10/dist-packages/c2_turtle_interface/c2_turtle_interface_s__rosidl_typesupport_introspection_c.cpython-310-x86_64-linux-gnu.so
[0.764s] -- Up-to-date symlink: /home/g1/rokey_c2_ws/install/c2_turtle_interface/local/lib/python3.10/dist-packages/c2_turtle_interface/libc2_turtle_interface__rosidl_generator_py.so
[0.765s] -- Up-to-date symlink: /home/g1/rokey_c2_ws/install/c2_turtle_interface/local/lib/python3.10/dist-packages/c2_turtle_interface/srv/__init__.py
[0.765s] -- Up-to-date symlink: /home/g1/rokey_c2_ws/install/c2_turtle_interface/local/lib/python3.10/dist-packages/c2_turtle_interface/srv/_get_total_sales.py
[0.765s] -- Up-to-date symlink: /home/g1/rokey_c2_ws/install/c2_turtle_interface/local/lib/python3.10/dist-packages/c2_turtle_interface/srv/_get_total_sales_s.c
[0.765s] -- Up-to-date symlink: /home/g1/rokey_c2_ws/install/c2_turtle_interface/local/lib/python3.10/dist-packages/c2_turtle_interface/srv/_order.py
[0.765s] -- Up-to-date symlink: /home/g1/rokey_c2_ws/install/c2_turtle_interface/local/lib/python3.10/dist-packages/c2_turtle_interface/srv/_order_s.c
[0.765s] -- Up-to-date symlink: /home/g1/rokey_c2_ws/install/c2_turtle_interface/local/lib/python3.10/dist-packages/c2_turtle_interface/c2_turtle_interface_s__rosidl_typesupport_fastrtps_c.cpython-310-x86_64-linux-gnu.so
[0.765s] -- Up-to-date symlink: /home/g1/rokey_c2_ws/install/c2_turtle_interface/local/lib/python3.10/dist-packages/c2_turtle_interface/c2_turtle_interface_s__rosidl_typesupport_introspection_c.cpython-310-x86_64-linux-gnu.so
[0.765s] -- Up-to-date symlink: /home/g1/rokey_c2_ws/install/c2_turtle_interface/local/lib/python3.10/dist-packages/c2_turtle_interface/c2_turtle_interface_s__rosidl_typesupport_c.cpython-310-x86_64-linux-gnu.so
[0.766s] -- Up-to-date symlink: /home/g1/rokey_c2_ws/install/c2_turtle_interface/share/c2_turtle_interface/srv/Order.idl
[0.766s] -- Up-to-date symlink: /home/g1/rokey_c2_ws/install/c2_turtle_interface/share/c2_turtle_interface/srv/GetTotalSales.idl
[0.766s] -- Up-to-date symlink: /home/g1/rokey_c2_ws/install/c2_turtle_interface/share/c2_turtle_interface/srv/Order.srv
[0.766s] -- Up-to-date symlink: /home/g1/rokey_c2_ws/install/c2_turtle_interface/share/c2_turtle_interface/srv/Order_Request.msg
[0.766s] -- Up-to-date symlink: /home/g1/rokey_c2_ws/install/c2_turtle_interface/share/c2_turtle_interface/srv/Order_Response.msg
[0.766s] -- Up-to-date symlink: /home/g1/rokey_c2_ws/install/c2_turtle_interface/share/c2_turtle_interface/srv/GetTotalSales.srv
[0.766s] -- Up-to-date symlink: /home/g1/rokey_c2_ws/install/c2_turtle_interface/share/c2_turtle_interface/srv/GetTotalSales_Request.msg
[0.766s] -- Up-to-date symlink: /home/g1/rokey_c2_ws/install/c2_turtle_interface/share/c2_turtle_interface/srv/GetTotalSales_Response.msg
[0.767s] -- Up-to-date symlink: /home/g1/rokey_c2_ws/install/c2_turtle_interface/share/ament_index/resource_index/package_run_dependencies/c2_turtle_interface
[0.767s] -- Up-to-date symlink: /home/g1/rokey_c2_ws/install/c2_turtle_interface/share/ament_index/resource_index/parent_prefix_path/c2_turtle_interface
[0.767s] -- Up-to-date symlink: /home/g1/rokey_c2_ws/install/c2_turtle_interface/share/c2_turtle_interface/environment/ament_prefix_path.sh
[0.767s] -- Up-to-date symlink: /home/g1/rokey_c2_ws/install/c2_turtle_interface/share/c2_turtle_interface/environment/ament_prefix_path.dsv
[0.767s] -- Up-to-date symlink: /home/g1/rokey_c2_ws/install/c2_turtle_interface/share/c2_turtle_interface/environment/path.sh
[0.767s] -- Up-to-date symlink: /home/g1/rokey_c2_ws/install/c2_turtle_interface/share/c2_turtle_interface/environment/path.dsv
[0.767s] -- Up-to-date symlink: /home/g1/rokey_c2_ws/install/c2_turtle_interface/share/c2_turtle_interface/local_setup.bash
[0.768s] -- Up-to-date symlink: /home/g1/rokey_c2_ws/install/c2_turtle_interface/share/c2_turtle_interface/local_setup.sh
[0.768s] -- Up-to-date symlink: /home/g1/rokey_c2_ws/install/c2_turtle_interface/share/c2_turtle_interface/local_setup.zsh
[0.768s] -- Up-to-date symlink: /home/g1/rokey_c2_ws/install/c2_turtle_interface/share/c2_turtle_interface/local_setup.dsv
[0.768s] -- Symlinking: /home/g1/rokey_c2_ws/install/c2_turtle_interface/share/c2_turtle_interface/package.dsv
[0.775s] -- Up-to-date symlink: /home/g1/rokey_c2_ws/install/c2_turtle_interface/share/ament_index/resource_index/packages/c2_turtle_interface
[0.775s] -- Up-to-date symlink: /home/g1/rokey_c2_ws/install/c2_turtle_interface/share/c2_turtle_interface/cmake/rosidl_cmake-extras.cmake
[0.775s] -- Up-to-date symlink: /home/g1/rokey_c2_ws/install/c2_turtle_interface/share/c2_turtle_interface/cmake/ament_cmake_export_include_directories-extras.cmake
[0.776s] -- Up-to-date symlink: /home/g1/rokey_c2_ws/install/c2_turtle_interface/share/c2_turtle_interface/cmake/ament_cmake_export_libraries-extras.cmake
[0.776s] -- Up-to-date symlink: /home/g1/rokey_c2_ws/install/c2_turtle_interface/share/c2_turtle_interface/cmake/ament_cmake_export_targets-extras.cmake
[0.776s] -- Up-to-date symlink: /home/g1/rokey_c2_ws/install/c2_turtle_interface/share/c2_turtle_interface/cmake/rosidl_cmake_export_typesupport_targets-extras.cmake
[0.776s] -- Up-to-date symlink: /home/g1/rokey_c2_ws/install/c2_turtle_interface/share/c2_turtle_interface/cmake/ament_cmake_export_dependencies-extras.cmake
[0.776s] -- Up-to-date symlink: /home/g1/rokey_c2_ws/install/c2_turtle_interface/share/c2_turtle_interface/cmake/rosidl_cmake_export_typesupport_libraries-extras.cmake
[0.776s] -- Up-to-date symlink: /home/g1/rokey_c2_ws/install/c2_turtle_interface/share/c2_turtle_interface/cmake/c2_turtle_interfaceConfig.cmake
[0.776s] -- Up-to-date symlink: /home/g1/rokey_c2_ws/install/c2_turtle_interface/share/c2_turtle_interface/cmake/c2_turtle_interfaceConfig-version.cmake
[0.776s] -- Up-to-date symlink: /home/g1/rokey_c2_ws/install/c2_turtle_interface/share/c2_turtle_interface/package.xml
[0.777s] -- Up-to-date: /home/g1/rokey_c2_ws/install/c2_turtle_interface/lib/libc2_turtle_interface__rosidl_generator_c.so
[0.777s] -- Up-to-date: /home/g1/rokey_c2_ws/install/c2_turtle_interface/lib/libc2_turtle_interface__rosidl_typesupport_fastrtps_c.so
[0.777s] -- Up-to-date: /home/g1/rokey_c2_ws/install/c2_turtle_interface/lib/libc2_turtle_interface__rosidl_typesupport_introspection_c.so
[0.777s] -- Up-to-date: /home/g1/rokey_c2_ws/install/c2_turtle_interface/lib/libc2_turtle_interface__rosidl_typesupport_c.so
[0.777s] -- Up-to-date: /home/g1/rokey_c2_ws/install/c2_turtle_interface/lib/libc2_turtle_interface__rosidl_typesupport_fastrtps_cpp.so
[0.778s] -- Up-to-date: /home/g1/rokey_c2_ws/install/c2_turtle_interface/lib/libc2_turtle_interface__rosidl_typesupport_introspection_cpp.so
[0.778s] -- Up-to-date: /home/g1/rokey_c2_ws/install/c2_turtle_interface/lib/libc2_turtle_interface__rosidl_typesupport_cpp.so
[0.807s] Listing '/home/g1/rokey_c2_ws/install/c2_turtle_interface/local/lib/python3.10/dist-packages/c2_turtle_interface'...
[0.807s] Listing '/home/g1/rokey_c2_ws/install/c2_turtle_interface/local/lib/python3.10/dist-packages/c2_turtle_interface/srv'...
[0.811s] -- Up-to-date: /home/g1/rokey_c2_ws/install/c2_turtle_interface/lib/libc2_turtle_interface__rosidl_generator_py.so
[0.811s] -- Up-to-date: /home/g1/rokey_c2_ws/install/c2_turtle_interface/share/c2_turtle_interface/cmake/export_c2_turtle_interface__rosidl_generator_cExport.cmake
[0.811s] -- Up-to-date: /home/g1/rokey_c2_ws/install/c2_turtle_interface/share/c2_turtle_interface/cmake/export_c2_turtle_interface__rosidl_generator_cExport-noconfig.cmake
[0.811s] -- Up-to-date: /home/g1/rokey_c2_ws/install/c2_turtle_interface/share/c2_turtle_interface/cmake/export_c2_turtle_interface__rosidl_typesupport_fastrtps_cExport.cmake
[0.812s] -- Up-to-date: /home/g1/rokey_c2_ws/install/c2_turtle_interface/share/c2_turtle_interface/cmake/export_c2_turtle_interface__rosidl_typesupport_fastrtps_cExport-noconfig.cmake
[0.812s] -- Up-to-date: /home/g1/rokey_c2_ws/install/c2_turtle_interface/share/c2_turtle_interface/cmake/c2_turtle_interface__rosidl_typesupport_introspection_cExport.cmake
[0.812s] -- Up-to-date: /home/g1/rokey_c2_ws/install/c2_turtle_interface/share/c2_turtle_interface/cmake/c2_turtle_interface__rosidl_typesupport_introspection_cExport-noconfig.cmake
[0.812s] -- Up-to-date: /home/g1/rokey_c2_ws/install/c2_turtle_interface/share/c2_turtle_interface/cmake/c2_turtle_interface__rosidl_typesupport_cExport.cmake
[0.812s] -- Up-to-date: /home/g1/rokey_c2_ws/install/c2_turtle_interface/share/c2_turtle_interface/cmake/c2_turtle_interface__rosidl_typesupport_cExport-noconfig.cmake
[0.812s] -- Up-to-date: /home/g1/rokey_c2_ws/install/c2_turtle_interface/share/c2_turtle_interface/cmake/export_c2_turtle_interface__rosidl_generator_cppExport.cmake
[0.812s] -- Up-to-date: /home/g1/rokey_c2_ws/install/c2_turtle_interface/share/c2_turtle_interface/cmake/export_c2_turtle_interface__rosidl_typesupport_fastrtps_cppExport.cmake
[0.813s] -- Up-to-date: /home/g1/rokey_c2_ws/install/c2_turtle_interface/share/c2_turtle_interface/cmake/export_c2_turtle_interface__rosidl_typesupport_fastrtps_cppExport-noconfig.cmake
[0.813s] -- Up-to-date: /home/g1/rokey_c2_ws/install/c2_turtle_interface/share/c2_turtle_interface/cmake/c2_turtle_interface__rosidl_typesupport_introspection_cppExport.cmake
[0.813s] -- Up-to-date: /home/g1/rokey_c2_ws/install/c2_turtle_interface/share/c2_turtle_interface/cmake/c2_turtle_interface__rosidl_typesupport_introspection_cppExport-noconfig.cmake
[0.813s] -- Up-to-date: /home/g1/rokey_c2_ws/install/c2_turtle_interface/share/c2_turtle_interface/cmake/c2_turtle_interface__rosidl_typesupport_cppExport.cmake
[0.813s] -- Up-to-date: /home/g1/rokey_c2_ws/install/c2_turtle_interface/share/c2_turtle_interface/cmake/c2_turtle_interface__rosidl_typesupport_cppExport-noconfig.cmake
[0.813s] -- Up-to-date: /home/g1/rokey_c2_ws/install/c2_turtle_interface/share/c2_turtle_interface/cmake/export_c2_turtle_interface__rosidl_generator_pyExport.cmake
[0.813s] -- Up-to-date: /home/g1/rokey_c2_ws/install/c2_turtle_interface/share/c2_turtle_interface/cmake/export_c2_turtle_interface__rosidl_generator_pyExport-noconfig.cmake
[0.815s] Invoked command in '/home/g1/rokey_c2_ws/build/c2_turtle_interface' returned '0': CMAKE_PREFIX_PATH=${CMAKE_PREFIX_PATH}:/home/g1/rokey_c2_ws/install/jiwon:/home/g1/rokey_c2_ws/install/c2_turtle_order_package:/opt/ros/humble /usr/bin/cmake --install /home/g1/rokey_c2_ws/build/c2_turtle_interface
