[0.019s] Invoking command in '/home/g1/rokey_c2_ws/build/table_order_interface': CMAKE_PREFIX_PATH=${CMAKE_PREFIX_PATH}:/home/g1/rokey_c2_ws/install/serving_robot:/home/g1/rokey_c2_ws/install/table_order:/home/g1/rokey_c2_ws/install/database:/home/g1/work/turtlebot3_ws/install/turtlebot3_teleop:/home/g1/work/turtlebot3_ws/install/turtlebot3_example:/opt/ros/humble /usr/bin/cmake --build /home/g1/rokey_c2_ws/build/table_order_interface -- -j8 -l8
[0.056s] [35m[1mConsolidate compiler generated dependencies of target table_order_interface__rosidl_generator_c[0m
[0.068s] [  3%] Built target table_order_interface__cpp
[0.072s] [ 12%] Built target table_order_interface__rosidl_generator_c
[0.082s] [ 12%] Built target ament_cmake_python_symlink_table_order_interface
[0.090s] [35m[1mConsolidate compiler generated dependencies of target table_order_interface__rosidl_typesupport_cpp[0m
[0.090s] [35m[1mConsolidate compiler generated dependencies of target table_order_interface__rosidl_typesupport_introspection_cpp[0m
[0.105s] [35m[1mConsolidate compiler generated dependencies of target table_order_interface__rosidl_typesupport_fastrtps_cpp[0m
[0.106s] [35m[1mConsolidate compiler generated dependencies of target table_order_interface__rosidl_typesupport_fastrtps_c[0m
[0.111s] [35m[1mConsolidate compiler generated dependencies of target table_order_interface__rosidl_typesupport_introspection_c[0m
[0.126s] [ 22%] Built target table_order_interface__rosidl_typesupport_cpp
[0.127s] [ 32%] Built target table_order_interface__rosidl_typesupport_introspection_cpp
[0.127s] [35m[1mConsolidate compiler generated dependencies of target table_order_interface__rosidl_typesupport_c[0m
[0.139s] [ 41%] Built target table_order_interface__rosidl_typesupport_fastrtps_cpp
[0.140s] [ 51%] Built target table_order_interface__rosidl_typesupport_fastrtps_c
[0.140s] [ 61%] Built target table_order_interface__rosidl_typesupport_introspection_c
[0.149s] [ 70%] Built target table_order_interface__rosidl_typesupport_c
[0.171s] [ 70%] Built target table_order_interface
[0.198s] [ 74%] Built target table_order_interface__py
[0.213s] [35m[1mConsolidate compiler generated dependencies of target table_order_interface__rosidl_generator_py[0m
[0.235s] [ 80%] Built target table_order_interface__rosidl_generator_py
[0.248s] [35m[1mConsolidate compiler generated dependencies of target table_order_interface__rosidl_typesupport_fastrtps_c__pyext[0m
[0.253s] [35m[1mConsolidate compiler generated dependencies of target table_order_interface__rosidl_typesupport_introspection_c__pyext[0m
[0.270s] [ 87%] Built target table_order_interface__rosidl_typesupport_fastrtps_c__pyext
[0.273s] [35m[1mConsolidate compiler generated dependencies of target table_order_interface__rosidl_typesupport_c__pyext[0m
[0.279s] [ 93%] Built target table_order_interface__rosidl_typesupport_introspection_c__pyext
[0.289s] [100%] Built target table_order_interface__rosidl_typesupport_c__pyext
[0.509s] running egg_info
[0.510s] writing table_order_interface.egg-info/PKG-INFO
[0.510s] writing dependency_links to table_order_interface.egg-info/dependency_links.txt
[0.510s] writing top-level names to table_order_interface.egg-info/top_level.txt
[0.512s] reading manifest file 'table_order_interface.egg-info/SOURCES.txt'
[0.513s] writing manifest file 'table_order_interface.egg-info/SOURCES.txt'
[0.542s] [100%] Built target ament_cmake_python_build_table_order_interface_egg
[0.562s] Invoked command in '/home/g1/rokey_c2_ws/build/table_order_interface' returned '0': CMAKE_PREFIX_PATH=${CMAKE_PREFIX_PATH}:/home/g1/rokey_c2_ws/install/serving_robot:/home/g1/rokey_c2_ws/install/table_order:/home/g1/rokey_c2_ws/install/database:/home/g1/work/turtlebot3_ws/install/turtlebot3_teleop:/home/g1/work/turtlebot3_ws/install/turtlebot3_example:/opt/ros/humble /usr/bin/cmake --build /home/g1/rokey_c2_ws/build/table_order_interface -- -j8 -l8
[0.618s] Invoking command in '/home/g1/rokey_c2_ws/build/table_order_interface': CMAKE_PREFIX_PATH=${CMAKE_PREFIX_PATH}:/home/g1/rokey_c2_ws/install/serving_robot:/home/g1/rokey_c2_ws/install/table_order:/home/g1/rokey_c2_ws/install/database:/home/g1/work/turtlebot3_ws/install/turtlebot3_teleop:/home/g1/work/turtlebot3_ws/install/turtlebot3_example:/opt/ros/humble /usr/bin/cmake --install /home/g1/rokey_c2_ws/build/table_order_interface
[0.625s] -- Install configuration: ""
[0.626s] -- Execute custom install script
[0.626s] -- Up-to-date symlink: /home/g1/rokey_c2_ws/install/table_order_interface/share/ament_index/resource_index/rosidl_interfaces/table_order_interface
[0.626s] -- Up-to-date symlink: /home/g1/rokey_c2_ws/install/table_order_interface/include/table_order_interface/table_order_interface/msg/rosidl_generator_c__visibility_control.h
[0.626s] -- Up-to-date symlink: /home/g1/rokey_c2_ws/install/table_order_interface/include/table_order_interface/table_order_interface/srv/detail/set_order__functions.h
[0.626s] -- Up-to-date symlink: /home/g1/rokey_c2_ws/install/table_order_interface/include/table_order_interface/table_order_interface/srv/detail/set_order__struct.h
[0.627s] -- Up-to-date symlink: /home/g1/rokey_c2_ws/install/table_order_interface/include/table_order_interface/table_order_interface/srv/detail/set_order__type_support.h
[0.627s] -- Up-to-date symlink: /home/g1/rokey_c2_ws/install/table_order_interface/include/table_order_interface/table_order_interface/srv/set_order.h
[0.627s] -- Up-to-date symlink: /home/g1/rokey_c2_ws/install/table_order_interface/share/table_order_interface/environment/library_path.sh
[0.627s] -- Up-to-date symlink: /home/g1/rokey_c2_ws/install/table_order_interface/share/table_order_interface/environment/library_path.dsv
[0.627s] -- Up-to-date symlink: /home/g1/rokey_c2_ws/install/table_order_interface/include/table_order_interface/table_order_interface/msg/rosidl_typesupport_fastrtps_c__visibility_control.h
[0.627s] -- Up-to-date symlink: /home/g1/rokey_c2_ws/install/table_order_interface/include/table_order_interface/table_order_interface/srv/detail/set_order__rosidl_typesupport_fastrtps_c.h
[0.628s] -- Up-to-date symlink: /home/g1/rokey_c2_ws/install/table_order_interface/include/table_order_interface/table_order_interface/srv/detail/set_order__builder.hpp
[0.628s] -- Up-to-date symlink: /home/g1/rokey_c2_ws/install/table_order_interface/include/table_order_interface/table_order_interface/srv/detail/set_order__struct.hpp
[0.628s] -- Up-to-date symlink: /home/g1/rokey_c2_ws/install/table_order_interface/include/table_order_interface/table_order_interface/srv/detail/set_order__traits.hpp
[0.628s] -- Up-to-date symlink: /home/g1/rokey_c2_ws/install/table_order_interface/include/table_order_interface/table_order_interface/srv/set_order.hpp
[0.628s] -- Up-to-date symlink: /home/g1/rokey_c2_ws/install/table_order_interface/include/table_order_interface/table_order_interface/msg/rosidl_typesupport_fastrtps_cpp__visibility_control.h
[0.629s] -- Up-to-date symlink: /home/g1/rokey_c2_ws/install/table_order_interface/include/table_order_interface/table_order_interface/srv/detail/set_order__rosidl_typesupport_fastrtps_cpp.hpp
[0.629s] -- Up-to-date symlink: /home/g1/rokey_c2_ws/install/table_order_interface/include/table_order_interface/table_order_interface/msg/rosidl_typesupport_introspection_c__visibility_control.h
[0.629s] -- Up-to-date symlink: /home/g1/rokey_c2_ws/install/table_order_interface/include/table_order_interface/table_order_interface/srv/detail/set_order__rosidl_typesupport_introspection_c.h
[0.629s] -- Up-to-date symlink: /home/g1/rokey_c2_ws/install/table_order_interface/include/table_order_interface/table_order_interface/srv/detail/set_order__rosidl_typesupport_introspection_cpp.hpp
[0.629s] -- Up-to-date symlink: /home/g1/rokey_c2_ws/install/table_order_interface/share/table_order_interface/environment/pythonpath.sh
[0.629s] -- Up-to-date symlink: /home/g1/rokey_c2_ws/install/table_order_interface/share/table_order_interface/environment/pythonpath.dsv
[0.630s] -- Up-to-date symlink: /home/g1/rokey_c2_ws/install/table_order_interface/local/lib/python3.10/dist-packages/table_order_interface-0.0.0-py3.10.egg-info/PKG-INFO
[0.630s] -- Up-to-date symlink: /home/g1/rokey_c2_ws/install/table_order_interface/local/lib/python3.10/dist-packages/table_order_interface-0.0.0-py3.10.egg-info/SOURCES.txt
[0.630s] -- Up-to-date symlink: /home/g1/rokey_c2_ws/install/table_order_interface/local/lib/python3.10/dist-packages/table_order_interface-0.0.0-py3.10.egg-info/dependency_links.txt
[0.630s] -- Up-to-date symlink: /home/g1/rokey_c2_ws/install/table_order_interface/local/lib/python3.10/dist-packages/table_order_interface-0.0.0-py3.10.egg-info/top_level.txt
[0.630s] -- Up-to-date symlink: /home/g1/rokey_c2_ws/install/table_order_interface/local/lib/python3.10/dist-packages/table_order_interface/__init__.py
[0.631s] -- Up-to-date symlink: /home/g1/rokey_c2_ws/install/table_order_interface/local/lib/python3.10/dist-packages/table_order_interface/_table_order_interface_s.ep.rosidl_typesupport_c.c
[0.631s] -- Up-to-date symlink: /home/g1/rokey_c2_ws/install/table_order_interface/local/lib/python3.10/dist-packages/table_order_interface/_table_order_interface_s.ep.rosidl_typesupport_fastrtps_c.c
[0.631s] -- Up-to-date symlink: /home/g1/rokey_c2_ws/install/table_order_interface/local/lib/python3.10/dist-packages/table_order_interface/_table_order_interface_s.ep.rosidl_typesupport_introspection_c.c
[0.631s] -- Up-to-date symlink: /home/g1/rokey_c2_ws/install/table_order_interface/local/lib/python3.10/dist-packages/table_order_interface/libtable_order_interface__rosidl_generator_py.so
[0.631s] -- Up-to-date symlink: /home/g1/rokey_c2_ws/install/table_order_interface/local/lib/python3.10/dist-packages/table_order_interface/srv/__init__.py
[0.631s] -- Up-to-date symlink: /home/g1/rokey_c2_ws/install/table_order_interface/local/lib/python3.10/dist-packages/table_order_interface/srv/_set_order.py
[0.632s] -- Up-to-date symlink: /home/g1/rokey_c2_ws/install/table_order_interface/local/lib/python3.10/dist-packages/table_order_interface/srv/_set_order_s.c
[0.632s] -- Up-to-date symlink: /home/g1/rokey_c2_ws/install/table_order_interface/local/lib/python3.10/dist-packages/table_order_interface/table_order_interface_s__rosidl_typesupport_c.cpython-310-x86_64-linux-gnu.so
[0.632s] -- Up-to-date symlink: /home/g1/rokey_c2_ws/install/table_order_interface/local/lib/python3.10/dist-packages/table_order_interface/table_order_interface_s__rosidl_typesupport_fastrtps_c.cpython-310-x86_64-linux-gnu.so
[0.632s] -- Up-to-date symlink: /home/g1/rokey_c2_ws/install/table_order_interface/local/lib/python3.10/dist-packages/table_order_interface/table_order_interface_s__rosidl_typesupport_introspection_c.cpython-310-x86_64-linux-gnu.so
[0.632s] -- Up-to-date symlink: /home/g1/rokey_c2_ws/install/table_order_interface/local/lib/python3.10/dist-packages/table_order_interface/table_order_interface_s__rosidl_typesupport_fastrtps_c.cpython-310-x86_64-linux-gnu.so
[0.632s] -- Up-to-date symlink: /home/g1/rokey_c2_ws/install/table_order_interface/local/lib/python3.10/dist-packages/table_order_interface/table_order_interface_s__rosidl_typesupport_introspection_c.cpython-310-x86_64-linux-gnu.so
[0.632s] -- Up-to-date symlink: /home/g1/rokey_c2_ws/install/table_order_interface/local/lib/python3.10/dist-packages/table_order_interface/table_order_interface_s__rosidl_typesupport_c.cpython-310-x86_64-linux-gnu.so
[0.633s] -- Up-to-date symlink: /home/g1/rokey_c2_ws/install/table_order_interface/share/table_order_interface/srv/SetOrder.idl
[0.633s] -- Up-to-date symlink: /home/g1/rokey_c2_ws/install/table_order_interface/share/table_order_interface/srv/SetOrder.srv
[0.633s] -- Up-to-date symlink: /home/g1/rokey_c2_ws/install/table_order_interface/share/table_order_interface/srv/SetOrder_Request.msg
[0.633s] -- Up-to-date symlink: /home/g1/rokey_c2_ws/install/table_order_interface/share/table_order_interface/srv/SetOrder_Response.msg
[0.633s] -- Up-to-date symlink: /home/g1/rokey_c2_ws/install/table_order_interface/share/ament_index/resource_index/package_run_dependencies/table_order_interface
[0.633s] -- Up-to-date symlink: /home/g1/rokey_c2_ws/install/table_order_interface/share/ament_index/resource_index/parent_prefix_path/table_order_interface
[0.633s] -- Up-to-date symlink: /home/g1/rokey_c2_ws/install/table_order_interface/share/table_order_interface/environment/ament_prefix_path.sh
[0.634s] -- Up-to-date symlink: /home/g1/rokey_c2_ws/install/table_order_interface/share/table_order_interface/environment/ament_prefix_path.dsv
[0.634s] -- Up-to-date symlink: /home/g1/rokey_c2_ws/install/table_order_interface/share/table_order_interface/environment/path.sh
[0.634s] -- Up-to-date symlink: /home/g1/rokey_c2_ws/install/table_order_interface/share/table_order_interface/environment/path.dsv
[0.634s] -- Up-to-date symlink: /home/g1/rokey_c2_ws/install/table_order_interface/share/table_order_interface/local_setup.bash
[0.634s] -- Up-to-date symlink: /home/g1/rokey_c2_ws/install/table_order_interface/share/table_order_interface/local_setup.sh
[0.634s] -- Up-to-date symlink: /home/g1/rokey_c2_ws/install/table_order_interface/share/table_order_interface/local_setup.zsh
[0.635s] -- Up-to-date symlink: /home/g1/rokey_c2_ws/install/table_order_interface/share/table_order_interface/local_setup.dsv
[0.635s] -- Symlinking: /home/g1/rokey_c2_ws/install/table_order_interface/share/table_order_interface/package.dsv
[0.643s] -- Up-to-date symlink: /home/g1/rokey_c2_ws/install/table_order_interface/share/ament_index/resource_index/packages/table_order_interface
[0.643s] -- Up-to-date symlink: /home/g1/rokey_c2_ws/install/table_order_interface/share/table_order_interface/cmake/rosidl_cmake-extras.cmake
[0.644s] -- Up-to-date symlink: /home/g1/rokey_c2_ws/install/table_order_interface/share/table_order_interface/cmake/ament_cmake_export_dependencies-extras.cmake
[0.644s] -- Up-to-date symlink: /home/g1/rokey_c2_ws/install/table_order_interface/share/table_order_interface/cmake/ament_cmake_export_include_directories-extras.cmake
[0.644s] -- Up-to-date symlink: /home/g1/rokey_c2_ws/install/table_order_interface/share/table_order_interface/cmake/ament_cmake_export_libraries-extras.cmake
[0.644s] -- Up-to-date symlink: /home/g1/rokey_c2_ws/install/table_order_interface/share/table_order_interface/cmake/ament_cmake_export_targets-extras.cmake
[0.644s] -- Up-to-date symlink: /home/g1/rokey_c2_ws/install/table_order_interface/share/table_order_interface/cmake/rosidl_cmake_export_typesupport_targets-extras.cmake
[0.644s] -- Up-to-date symlink: /home/g1/rokey_c2_ws/install/table_order_interface/share/table_order_interface/cmake/rosidl_cmake_export_typesupport_libraries-extras.cmake
[0.644s] -- Up-to-date symlink: /home/g1/rokey_c2_ws/install/table_order_interface/share/table_order_interface/cmake/table_order_interfaceConfig.cmake
[0.645s] -- Up-to-date symlink: /home/g1/rokey_c2_ws/install/table_order_interface/share/table_order_interface/cmake/table_order_interfaceConfig-version.cmake
[0.645s] -- Up-to-date symlink: /home/g1/rokey_c2_ws/install/table_order_interface/share/table_order_interface/package.xml
[0.645s] -- Up-to-date: /home/g1/rokey_c2_ws/install/table_order_interface/lib/libtable_order_interface__rosidl_generator_c.so
[0.645s] -- Up-to-date: /home/g1/rokey_c2_ws/install/table_order_interface/lib/libtable_order_interface__rosidl_typesupport_fastrtps_c.so
[0.645s] -- Up-to-date: /home/g1/rokey_c2_ws/install/table_order_interface/lib/libtable_order_interface__rosidl_typesupport_fastrtps_cpp.so
[0.646s] -- Up-to-date: /home/g1/rokey_c2_ws/install/table_order_interface/lib/libtable_order_interface__rosidl_typesupport_introspection_c.so
[0.646s] -- Up-to-date: /home/g1/rokey_c2_ws/install/table_order_interface/lib/libtable_order_interface__rosidl_typesupport_c.so
[0.646s] -- Up-to-date: /home/g1/rokey_c2_ws/install/table_order_interface/lib/libtable_order_interface__rosidl_typesupport_introspection_cpp.so
[0.646s] -- Up-to-date: /home/g1/rokey_c2_ws/install/table_order_interface/lib/libtable_order_interface__rosidl_typesupport_cpp.so
[0.682s] Listing '/home/g1/rokey_c2_ws/install/table_order_interface/local/lib/python3.10/dist-packages/table_order_interface'...
[0.683s] Listing '/home/g1/rokey_c2_ws/install/table_order_interface/local/lib/python3.10/dist-packages/table_order_interface/srv'...
[0.687s] -- Up-to-date: /home/g1/rokey_c2_ws/install/table_order_interface/lib/libtable_order_interface__rosidl_generator_py.so
[0.687s] -- Up-to-date: /home/g1/rokey_c2_ws/install/table_order_interface/share/table_order_interface/cmake/export_table_order_interface__rosidl_generator_cExport.cmake
[0.687s] -- Up-to-date: /home/g1/rokey_c2_ws/install/table_order_interface/share/table_order_interface/cmake/export_table_order_interface__rosidl_generator_cExport-noconfig.cmake
[0.687s] -- Up-to-date: /home/g1/rokey_c2_ws/install/table_order_interface/share/table_order_interface/cmake/export_table_order_interface__rosidl_typesupport_fastrtps_cExport.cmake
[0.687s] -- Up-to-date: /home/g1/rokey_c2_ws/install/table_order_interface/share/table_order_interface/cmake/export_table_order_interface__rosidl_typesupport_fastrtps_cExport-noconfig.cmake
[0.688s] -- Up-to-date: /home/g1/rokey_c2_ws/install/table_order_interface/share/table_order_interface/cmake/export_table_order_interface__rosidl_generator_cppExport.cmake
[0.688s] -- Up-to-date: /home/g1/rokey_c2_ws/install/table_order_interface/share/table_order_interface/cmake/export_table_order_interface__rosidl_typesupport_fastrtps_cppExport.cmake
[0.688s] -- Up-to-date: /home/g1/rokey_c2_ws/install/table_order_interface/share/table_order_interface/cmake/export_table_order_interface__rosidl_typesupport_fastrtps_cppExport-noconfig.cmake
[0.688s] -- Up-to-date: /home/g1/rokey_c2_ws/install/table_order_interface/share/table_order_interface/cmake/table_order_interface__rosidl_typesupport_introspection_cExport.cmake
[0.688s] -- Up-to-date: /home/g1/rokey_c2_ws/install/table_order_interface/share/table_order_interface/cmake/table_order_interface__rosidl_typesupport_introspection_cExport-noconfig.cmake
[0.688s] -- Up-to-date: /home/g1/rokey_c2_ws/install/table_order_interface/share/table_order_interface/cmake/table_order_interface__rosidl_typesupport_cExport.cmake
[0.688s] -- Up-to-date: /home/g1/rokey_c2_ws/install/table_order_interface/share/table_order_interface/cmake/table_order_interface__rosidl_typesupport_cExport-noconfig.cmake
[0.688s] -- Up-to-date: /home/g1/rokey_c2_ws/install/table_order_interface/share/table_order_interface/cmake/table_order_interface__rosidl_typesupport_introspection_cppExport.cmake
[0.688s] -- Up-to-date: /home/g1/rokey_c2_ws/install/table_order_interface/share/table_order_interface/cmake/table_order_interface__rosidl_typesupport_introspection_cppExport-noconfig.cmake
[0.689s] -- Up-to-date: /home/g1/rokey_c2_ws/install/table_order_interface/share/table_order_interface/cmake/table_order_interface__rosidl_typesupport_cppExport.cmake
[0.689s] -- Up-to-date: /home/g1/rokey_c2_ws/install/table_order_interface/share/table_order_interface/cmake/table_order_interface__rosidl_typesupport_cppExport-noconfig.cmake
[0.689s] -- Up-to-date: /home/g1/rokey_c2_ws/install/table_order_interface/share/table_order_interface/cmake/export_table_order_interface__rosidl_generator_pyExport.cmake
[0.689s] -- Up-to-date: /home/g1/rokey_c2_ws/install/table_order_interface/share/table_order_interface/cmake/export_table_order_interface__rosidl_generator_pyExport-noconfig.cmake
[0.692s] Invoked command in '/home/g1/rokey_c2_ws/build/table_order_interface' returned '0': CMAKE_PREFIX_PATH=${CMAKE_PREFIX_PATH}:/home/g1/rokey_c2_ws/install/serving_robot:/home/g1/rokey_c2_ws/install/table_order:/home/g1/rokey_c2_ws/install/database:/home/g1/work/turtlebot3_ws/install/turtlebot3_teleop:/home/g1/work/turtlebot3_ws/install/turtlebot3_example:/opt/ros/humble /usr/bin/cmake --install /home/g1/rokey_c2_ws/build/table_order_interface
