[0.026s] Invoking command in '/home/psb/rokey_c_2_ws/build/serving_robot_msgs': CMAKE_PREFIX_PATH=${CMAKE_PREFIX_PATH}:/home/psb/turtlebot3_ws/install/turtlebot3_teleop:/home/psb/turtlebot3_ws/install/turtlebot3_example:/opt/ros/humble /usr/bin/cmake /home/psb/rokey_c_2_ws/src/serving_robot_msgs -DCMAKE_INSTALL_PREFIX=/home/psb/rokey_c_2_ws/install/serving_robot_msgs
[0.102s] -- The C compiler identification is GNU 11.4.0
[0.171s] -- The CXX compiler identification is GNU 11.4.0
[0.178s] -- Detecting C compiler ABI info
[0.242s] -- Detecting C compiler ABI info - done
[0.249s] -- Check for working C compiler: /usr/bin/cc - skipped
[0.250s] -- Detecting C compile features
[0.250s] -- Detecting C compile features - done
[0.253s] -- Detecting CXX compiler ABI info
[0.327s] -- Detecting CXX compiler ABI info - done
[0.336s] -- Check for working CXX compiler: /usr/bin/c++ - skipped
[0.336s] -- Detecting CXX compile features
[0.337s] -- Detecting CXX compile features - done
[0.340s] -- Found ament_cmake: 1.3.10 (/opt/ros/humble/share/ament_cmake/cmake)
[0.500s] -- Found Python3: /usr/bin/python3 (found version "3.10.12") found components: Interpreter 
[0.618s] -- Found builtin_interfaces: 1.2.1 (/opt/ros/humble/share/builtin_interfaces/cmake)
[0.679s] -- Found rosidl_generator_c: 3.1.5 (/opt/ros/humble/share/rosidl_generator_c/cmake)
[0.687s] -- Found rosidl_adapter: 3.1.5 (/opt/ros/humble/share/rosidl_adapter/cmake)
[0.697s] -- Found rosidl_generator_cpp: 3.1.5 (/opt/ros/humble/share/rosidl_generator_cpp/cmake)
[0.711s] -- Using all available rosidl_typesupport_c: rosidl_typesupport_fastrtps_c;rosidl_typesupport_introspection_c
[0.730s] -- Using all available rosidl_typesupport_cpp: rosidl_typesupport_fastrtps_cpp;rosidl_typesupport_introspection_cpp
[0.748s] -- Found rosidl_default_generators: 1.2.0 (/opt/ros/humble/share/rosidl_default_generators/cmake)
[1.086s] -- Found ament_cmake_ros: 0.10.0 (/opt/ros/humble/share/ament_cmake_ros/cmake)
[1.467s] -- Using all available rosidl_typesupport_c: rosidl_typesupport_fastrtps_c;rosidl_typesupport_introspection_c
[1.604s] -- Using all available rosidl_typesupport_cpp: rosidl_typesupport_fastrtps_cpp;rosidl_typesupport_introspection_cpp
[1.628s] -- Found PythonInterp: /usr/bin/python3 (found suitable version "3.10.12", minimum required is "3.6") 
[1.630s] -- Found python_cmake_module: 0.10.0 (/opt/ros/humble/share/python_cmake_module/cmake)
[1.657s] -- Found PythonLibs: /usr/lib/x86_64-linux-gnu/libpython3.10.so (found suitable version "3.10.12", minimum required is "3.5") 
[1.657s] -- Using PYTHON_EXECUTABLE: /usr/bin/python3
[1.657s] -- Using PYTHON_INCLUDE_DIRS: /usr/include/python3.10
[1.657s] -- Using PYTHON_LIBRARIES: /usr/lib/x86_64-linux-gnu/libpython3.10.so
[1.680s] -- Found PythonExtra: .so  
[1.735s] -- Found ament_lint_auto: 0.12.11 (/opt/ros/humble/share/ament_lint_auto/cmake)
[1.757s] -- Added test 'lint_cmake' to check CMake code style
[1.758s] -- Added test 'xmllint' to check XML markup files
[1.761s] -- Configuring done
[1.797s] -- Generating done
[1.799s] -- Build files have been written to: /home/psb/rokey_c_2_ws/build/serving_robot_msgs
[2.064s] Invoked command in '/home/psb/rokey_c_2_ws/build/serving_robot_msgs' returned '0': CMAKE_PREFIX_PATH=${CMAKE_PREFIX_PATH}:/home/psb/turtlebot3_ws/install/turtlebot3_teleop:/home/psb/turtlebot3_ws/install/turtlebot3_example:/opt/ros/humble /usr/bin/cmake /home/psb/rokey_c_2_ws/src/serving_robot_msgs -DCMAKE_INSTALL_PREFIX=/home/psb/rokey_c_2_ws/install/serving_robot_msgs
[2.066s] Invoking command in '/home/psb/rokey_c_2_ws/build/serving_robot_msgs': CMAKE_PREFIX_PATH=${CMAKE_PREFIX_PATH}:/home/psb/turtlebot3_ws/install/turtlebot3_teleop:/home/psb/turtlebot3_ws/install/turtlebot3_example:/opt/ros/humble /usr/bin/cmake --build /home/psb/rokey_c_2_ws/build/serving_robot_msgs -- -j8 -l8
[2.101s] [  2%] [34m[1mGenerating C code for ROS interfaces[0m
[2.110s] [  4%] [34m[1mGenerating C++ code for ROS interfaces[0m
[2.117s] [  4%] Built target ament_cmake_python_copy_serving_robot_msgs
[2.383s] running egg_info
[2.383s] creating serving_robot_msgs.egg-info
[2.384s] writing serving_robot_msgs.egg-info/PKG-INFO
[2.384s] writing dependency_links to serving_robot_msgs.egg-info/dependency_links.txt
[2.384s] writing top-level names to serving_robot_msgs.egg-info/top_level.txt
[2.384s] writing manifest file 'serving_robot_msgs.egg-info/SOURCES.txt'
[2.386s] reading manifest file 'serving_robot_msgs.egg-info/SOURCES.txt'
[2.386s] writing manifest file 'serving_robot_msgs.egg-info/SOURCES.txt'
[2.413s] [  4%] Built target ament_cmake_python_build_serving_robot_msgs_egg
[2.662s] [  4%] Built target serving_robot_msgs__cpp
[2.674s] [  6%] [34m[1mGenerating C++ type support dispatch for ROS interfaces[0m
[2.675s] [  8%] [34m[1mGenerating C++ introspection for ROS interfaces[0m
[2.676s] [ 10%] [34m[1mGenerating C++ type support for eProsima Fast-RTPS[0m
[2.694s] [ 14%] [32mBuilding C object CMakeFiles/serving_robot_msgs__rosidl_generator_c.dir/rosidl_generator_c/serving_robot_msgs/msg/detail/robot_state__functions.c.o[0m
[2.694s] [ 14%] [32mBuilding C object CMakeFiles/serving_robot_msgs__rosidl_generator_c.dir/rosidl_generator_c/serving_robot_msgs/srv/detail/t2_c__functions.c.o[0m
[2.694s] [ 17%] [32mBuilding C object CMakeFiles/serving_robot_msgs__rosidl_generator_c.dir/rosidl_generator_c/serving_robot_msgs/action/detail/c2_r__functions.c.o[0m
[2.845s] [ 19%] [32m[1mLinking C shared library libserving_robot_msgs__rosidl_generator_c.so[0m
[2.877s] [ 19%] Built target serving_robot_msgs__rosidl_generator_c
[2.887s] [ 21%] [34m[1mGenerating C type support dispatch for ROS interfaces[0m
[2.889s] [ 23%] [34m[1mGenerating C introspection for ROS interfaces[0m
[2.889s] [ 25%] [34m[1mGenerating C type support for eProsima Fast-RTPS[0m
[3.172s] [ 31%] [32mBuilding CXX object CMakeFiles/serving_robot_msgs__rosidl_typesupport_introspection_cpp.dir/rosidl_typesupport_introspection_cpp/serving_robot_msgs/action/detail/c2_r__type_support.cpp.o[0m
[3.173s] [ 31%] [32mBuilding CXX object CMakeFiles/serving_robot_msgs__rosidl_typesupport_introspection_cpp.dir/rosidl_typesupport_introspection_cpp/serving_robot_msgs/srv/detail/t2_c__type_support.cpp.o[0m
[3.173s] [ 31%] [32mBuilding CXX object CMakeFiles/serving_robot_msgs__rosidl_typesupport_introspection_cpp.dir/rosidl_typesupport_introspection_cpp/serving_robot_msgs/msg/detail/robot_state__type_support.cpp.o[0m
[3.300s] [ 34%] [32mBuilding CXX object CMakeFiles/serving_robot_msgs__rosidl_typesupport_cpp.dir/rosidl_typesupport_cpp/serving_robot_msgs/msg/robot_state__type_support.cpp.o[0m
[3.479s] [ 36%] [32mBuilding CXX object CMakeFiles/serving_robot_msgs__rosidl_typesupport_c.dir/rosidl_typesupport_c/serving_robot_msgs/msg/robot_state__type_support.cpp.o[0m
[3.508s] [ 38%] [32mBuilding CXX object CMakeFiles/serving_robot_msgs__rosidl_typesupport_fastrtps_cpp.dir/rosidl_typesupport_fastrtps_cpp/serving_robot_msgs/msg/detail/dds_fastrtps/robot_state__type_support.cpp.o[0m
[3.517s] [ 40%] [32mBuilding CXX object CMakeFiles/serving_robot_msgs__rosidl_typesupport_c.dir/rosidl_typesupport_c/serving_robot_msgs/srv/t2_c__type_support.cpp.o[0m
[3.564s] [ 42%] [32mBuilding CXX object CMakeFiles/serving_robot_msgs__rosidl_typesupport_c.dir/rosidl_typesupport_c/serving_robot_msgs/action/c2_r__type_support.cpp.o[0m
[3.633s] [ 44%] [32m[1mLinking CXX shared library libserving_robot_msgs__rosidl_typesupport_c.so[0m
[3.674s] [ 46%] [32mBuilding CXX object CMakeFiles/serving_robot_msgs__rosidl_typesupport_fastrtps_c.dir/rosidl_typesupport_fastrtps_c/serving_robot_msgs/msg/detail/robot_state__type_support_c.cpp.o[0m
[3.701s] [ 46%] Built target serving_robot_msgs__rosidl_typesupport_c
[3.717s] [ 48%] [32mBuilding CXX object CMakeFiles/serving_robot_msgs__rosidl_typesupport_fastrtps_c.dir/rosidl_typesupport_fastrtps_c/serving_robot_msgs/srv/detail/t2_c__type_support_c.cpp.o[0m
[3.722s] [ 51%] [32mBuilding CXX object CMakeFiles/serving_robot_msgs__rosidl_typesupport_cpp.dir/rosidl_typesupport_cpp/serving_robot_msgs/srv/t2_c__type_support.cpp.o[0m
[3.749s] [ 53%] [32mBuilding C object CMakeFiles/serving_robot_msgs__rosidl_typesupport_introspection_c.dir/rosidl_typesupport_introspection_c/serving_robot_msgs/srv/detail/t2_c__type_support.c.o[0m
[3.750s] [ 55%] [32mBuilding C object CMakeFiles/serving_robot_msgs__rosidl_typesupport_introspection_c.dir/rosidl_typesupport_introspection_c/serving_robot_msgs/msg/detail/robot_state__type_support.c.o[0m
[3.798s] [ 57%] [32mBuilding CXX object CMakeFiles/serving_robot_msgs__rosidl_typesupport_fastrtps_cpp.dir/rosidl_typesupport_fastrtps_cpp/serving_robot_msgs/srv/detail/dds_fastrtps/t2_c__type_support.cpp.o[0m
[3.809s] [ 59%] [32mBuilding C object CMakeFiles/serving_robot_msgs__rosidl_typesupport_introspection_c.dir/rosidl_typesupport_introspection_c/serving_robot_msgs/action/detail/c2_r__type_support.c.o[0m
[3.883s] [ 61%] [32m[1mLinking C shared library libserving_robot_msgs__rosidl_typesupport_introspection_c.so[0m
[3.911s] [ 63%] [32mBuilding CXX object CMakeFiles/serving_robot_msgs__rosidl_typesupport_fastrtps_c.dir/rosidl_typesupport_fastrtps_c/serving_robot_msgs/action/detail/c2_r__type_support_c.cpp.o[0m
[3.928s] [ 63%] Built target serving_robot_msgs__rosidl_typesupport_introspection_c
[3.942s] [ 65%] [32mBuilding CXX object CMakeFiles/serving_robot_msgs__rosidl_typesupport_cpp.dir/rosidl_typesupport_cpp/serving_robot_msgs/action/c2_r__type_support.cpp.o[0m
[4.128s] [ 68%] [32m[1mLinking CXX shared library libserving_robot_msgs__rosidl_typesupport_introspection_cpp.so[0m
[4.138s] [ 70%] [32mBuilding CXX object CMakeFiles/serving_robot_msgs__rosidl_typesupport_fastrtps_cpp.dir/rosidl_typesupport_fastrtps_cpp/serving_robot_msgs/action/detail/dds_fastrtps/c2_r__type_support.cpp.o[0m
[4.233s] [ 70%] Built target serving_robot_msgs__rosidl_typesupport_introspection_cpp
[4.439s] [ 72%] [32m[1mLinking CXX shared library libserving_robot_msgs__rosidl_typesupport_fastrtps_c.so[0m
[4.482s] [ 74%] [32m[1mLinking CXX shared library libserving_robot_msgs__rosidl_typesupport_cpp.so[0m
[4.517s] [ 74%] Built target serving_robot_msgs__rosidl_typesupport_fastrtps_c
[4.523s] [ 74%] Built target serving_robot_msgs__rosidl_typesupport_cpp
[4.765s] [ 76%] [32m[1mLinking CXX shared library libserving_robot_msgs__rosidl_typesupport_fastrtps_cpp.so[0m
[4.833s] [ 76%] Built target serving_robot_msgs__rosidl_typesupport_fastrtps_cpp
[4.852s] [ 76%] Built target serving_robot_msgs
[4.870s] [ 78%] [34m[1mGenerating Python code for ROS interfaces[0m
[5.717s] [ 78%] Built target serving_robot_msgs__py
[5.735s] [ 80%] [32mBuilding C object CMakeFiles/serving_robot_msgs__rosidl_generator_py.dir/rosidl_generator_py/serving_robot_msgs/msg/_robot_state_s.c.o[0m
[5.735s] [ 85%] [32mBuilding C object CMakeFiles/serving_robot_msgs__rosidl_generator_py.dir/rosidl_generator_py/serving_robot_msgs/action/_c2_r_s.c.o[0m
[5.735s] [ 85%] [32mBuilding C object CMakeFiles/serving_robot_msgs__rosidl_generator_py.dir/rosidl_generator_py/serving_robot_msgs/srv/_t2_c_s.c.o[0m
[5.891s] [ 87%] [32m[1mLinking C shared library rosidl_generator_py/serving_robot_msgs/libserving_robot_msgs__rosidl_generator_py.so[0m
[5.929s] [ 87%] Built target serving_robot_msgs__rosidl_generator_py
[5.947s] [ 91%] [32mBuilding C object CMakeFiles/serving_robot_msgs__rosidl_typesupport_fastrtps_c__pyext.dir/rosidl_generator_py/serving_robot_msgs/_serving_robot_msgs_s.ep.rosidl_typesupport_fastrtps_c.c.o[0m
[5.947s] [ 91%] [32mBuilding C object CMakeFiles/serving_robot_msgs__rosidl_typesupport_introspection_c__pyext.dir/rosidl_generator_py/serving_robot_msgs/_serving_robot_msgs_s.ep.rosidl_typesupport_introspection_c.c.o[0m
[5.948s] [ 93%] [32mBuilding C object CMakeFiles/serving_robot_msgs__rosidl_typesupport_c__pyext.dir/rosidl_generator_py/serving_robot_msgs/_serving_robot_msgs_s.ep.rosidl_typesupport_c.c.o[0m
[6.070s] [ 95%] [32m[1mLinking C shared library rosidl_generator_py/serving_robot_msgs/serving_robot_msgs_s__rosidl_typesupport_c.cpython-310-x86_64-linux-gnu.so[0m
[6.073s] [100%] [32m[1mLinking C shared library rosidl_generator_py/serving_robot_msgs/serving_robot_msgs_s__rosidl_typesupport_introspection_c.cpython-310-x86_64-linux-gnu.so[0m
[6.073s] [100%] [32m[1mLinking C shared library rosidl_generator_py/serving_robot_msgs/serving_robot_msgs_s__rosidl_typesupport_fastrtps_c.cpython-310-x86_64-linux-gnu.so[0m
[6.107s] [100%] Built target serving_robot_msgs__rosidl_typesupport_c__pyext
[6.110s] [100%] Built target serving_robot_msgs__rosidl_typesupport_fastrtps_c__pyext
[6.110s] [100%] Built target serving_robot_msgs__rosidl_typesupport_introspection_c__pyext
[6.122s] Invoked command in '/home/psb/rokey_c_2_ws/build/serving_robot_msgs' returned '0': CMAKE_PREFIX_PATH=${CMAKE_PREFIX_PATH}:/home/psb/turtlebot3_ws/install/turtlebot3_teleop:/home/psb/turtlebot3_ws/install/turtlebot3_example:/opt/ros/humble /usr/bin/cmake --build /home/psb/rokey_c_2_ws/build/serving_robot_msgs -- -j8 -l8
[6.197s] Invoking command in '/home/psb/rokey_c_2_ws/build/serving_robot_msgs': CMAKE_PREFIX_PATH=${CMAKE_PREFIX_PATH}:/home/psb/turtlebot3_ws/install/turtlebot3_teleop:/home/psb/turtlebot3_ws/install/turtlebot3_example:/opt/ros/humble /usr/bin/cmake --install /home/psb/rokey_c_2_ws/build/serving_robot_msgs
[6.204s] -- Install configuration: ""
[6.204s] -- Installing: /home/psb/rokey_c_2_ws/install/serving_robot_msgs/share/ament_index/resource_index/rosidl_interfaces/serving_robot_msgs
[6.204s] -- Installing: /home/psb/rokey_c_2_ws/install/serving_robot_msgs/include/serving_robot_msgs/serving_robot_msgs
[6.204s] -- Installing: /home/psb/rokey_c_2_ws/install/serving_robot_msgs/include/serving_robot_msgs/serving_robot_msgs/msg
[6.204s] -- Installing: /home/psb/rokey_c_2_ws/install/serving_robot_msgs/include/serving_robot_msgs/serving_robot_msgs/msg/rosidl_generator_c__visibility_control.h
[6.205s] -- Installing: /home/psb/rokey_c_2_ws/install/serving_robot_msgs/include/serving_robot_msgs/serving_robot_msgs/msg/detail
[6.205s] -- Installing: /home/psb/rokey_c_2_ws/install/serving_robot_msgs/include/serving_robot_msgs/serving_robot_msgs/msg/detail/robot_state__functions.c
[6.205s] -- Installing: /home/psb/rokey_c_2_ws/install/serving_robot_msgs/include/serving_robot_msgs/serving_robot_msgs/msg/detail/robot_state__type_support.h
[6.205s] -- Installing: /home/psb/rokey_c_2_ws/install/serving_robot_msgs/include/serving_robot_msgs/serving_robot_msgs/msg/detail/robot_state__struct.h
[6.205s] -- Installing: /home/psb/rokey_c_2_ws/install/serving_robot_msgs/include/serving_robot_msgs/serving_robot_msgs/msg/detail/robot_state__functions.h
[6.205s] -- Installing: /home/psb/rokey_c_2_ws/install/serving_robot_msgs/include/serving_robot_msgs/serving_robot_msgs/msg/robot_state.h
[6.205s] -- Installing: /home/psb/rokey_c_2_ws/install/serving_robot_msgs/include/serving_robot_msgs/serving_robot_msgs/srv
[6.205s] -- Installing: /home/psb/rokey_c_2_ws/install/serving_robot_msgs/include/serving_robot_msgs/serving_robot_msgs/srv/t2_c.h
[6.205s] -- Installing: /home/psb/rokey_c_2_ws/install/serving_robot_msgs/include/serving_robot_msgs/serving_robot_msgs/srv/detail
[6.205s] -- Installing: /home/psb/rokey_c_2_ws/install/serving_robot_msgs/include/serving_robot_msgs/serving_robot_msgs/srv/detail/t2_c__functions.h
[6.205s] -- Installing: /home/psb/rokey_c_2_ws/install/serving_robot_msgs/include/serving_robot_msgs/serving_robot_msgs/srv/detail/t2_c__struct.h
[6.205s] -- Installing: /home/psb/rokey_c_2_ws/install/serving_robot_msgs/include/serving_robot_msgs/serving_robot_msgs/srv/detail/t2_c__functions.c
[6.205s] -- Installing: /home/psb/rokey_c_2_ws/install/serving_robot_msgs/include/serving_robot_msgs/serving_robot_msgs/srv/detail/t2_c__type_support.h
[6.205s] -- Installing: /home/psb/rokey_c_2_ws/install/serving_robot_msgs/include/serving_robot_msgs/serving_robot_msgs/action
[6.205s] -- Installing: /home/psb/rokey_c_2_ws/install/serving_robot_msgs/include/serving_robot_msgs/serving_robot_msgs/action/detail
[6.206s] -- Installing: /home/psb/rokey_c_2_ws/install/serving_robot_msgs/include/serving_robot_msgs/serving_robot_msgs/action/detail/c2_r__type_support.h
[6.206s] -- Installing: /home/psb/rokey_c_2_ws/install/serving_robot_msgs/include/serving_robot_msgs/serving_robot_msgs/action/detail/c2_r__functions.c
[6.206s] -- Installing: /home/psb/rokey_c_2_ws/install/serving_robot_msgs/include/serving_robot_msgs/serving_robot_msgs/action/detail/c2_r__functions.h
[6.206s] -- Installing: /home/psb/rokey_c_2_ws/install/serving_robot_msgs/include/serving_robot_msgs/serving_robot_msgs/action/detail/c2_r__struct.h
[6.206s] -- Installing: /home/psb/rokey_c_2_ws/install/serving_robot_msgs/include/serving_robot_msgs/serving_robot_msgs/action/c2_r.h
[6.206s] -- Installing: /home/psb/rokey_c_2_ws/install/serving_robot_msgs/share/serving_robot_msgs/environment/library_path.sh
[6.206s] -- Installing: /home/psb/rokey_c_2_ws/install/serving_robot_msgs/share/serving_robot_msgs/environment/library_path.dsv
[6.206s] -- Installing: /home/psb/rokey_c_2_ws/install/serving_robot_msgs/lib/libserving_robot_msgs__rosidl_generator_c.so
[6.206s] -- Set runtime path of "/home/psb/rokey_c_2_ws/install/serving_robot_msgs/lib/libserving_robot_msgs__rosidl_generator_c.so" to ""
[6.206s] -- Up-to-date: /home/psb/rokey_c_2_ws/install/serving_robot_msgs/include/serving_robot_msgs/serving_robot_msgs
[6.206s] -- Up-to-date: /home/psb/rokey_c_2_ws/install/serving_robot_msgs/include/serving_robot_msgs/serving_robot_msgs/msg
[6.206s] -- Installing: /home/psb/rokey_c_2_ws/install/serving_robot_msgs/include/serving_robot_msgs/serving_robot_msgs/msg/rosidl_typesupport_fastrtps_c__visibility_control.h
[6.207s] -- Up-to-date: /home/psb/rokey_c_2_ws/install/serving_robot_msgs/include/serving_robot_msgs/serving_robot_msgs/msg/detail
[6.207s] -- Installing: /home/psb/rokey_c_2_ws/install/serving_robot_msgs/include/serving_robot_msgs/serving_robot_msgs/msg/detail/robot_state__rosidl_typesupport_fastrtps_c.h
[6.207s] -- Up-to-date: /home/psb/rokey_c_2_ws/install/serving_robot_msgs/include/serving_robot_msgs/serving_robot_msgs/srv
[6.207s] -- Up-to-date: /home/psb/rokey_c_2_ws/install/serving_robot_msgs/include/serving_robot_msgs/serving_robot_msgs/srv/detail
[6.207s] -- Installing: /home/psb/rokey_c_2_ws/install/serving_robot_msgs/include/serving_robot_msgs/serving_robot_msgs/srv/detail/t2_c__rosidl_typesupport_fastrtps_c.h
[6.207s] -- Up-to-date: /home/psb/rokey_c_2_ws/install/serving_robot_msgs/include/serving_robot_msgs/serving_robot_msgs/action
[6.207s] -- Up-to-date: /home/psb/rokey_c_2_ws/install/serving_robot_msgs/include/serving_robot_msgs/serving_robot_msgs/action/detail
[6.207s] -- Installing: /home/psb/rokey_c_2_ws/install/serving_robot_msgs/include/serving_robot_msgs/serving_robot_msgs/action/detail/c2_r__rosidl_typesupport_fastrtps_c.h
[6.207s] -- Installing: /home/psb/rokey_c_2_ws/install/serving_robot_msgs/lib/libserving_robot_msgs__rosidl_typesupport_fastrtps_c.so
[6.207s] -- Set runtime path of "/home/psb/rokey_c_2_ws/install/serving_robot_msgs/lib/libserving_robot_msgs__rosidl_typesupport_fastrtps_c.so" to ""
[6.207s] -- Up-to-date: /home/psb/rokey_c_2_ws/install/serving_robot_msgs/include/serving_robot_msgs/serving_robot_msgs
[6.207s] -- Up-to-date: /home/psb/rokey_c_2_ws/install/serving_robot_msgs/include/serving_robot_msgs/serving_robot_msgs/msg
[6.207s] -- Up-to-date: /home/psb/rokey_c_2_ws/install/serving_robot_msgs/include/serving_robot_msgs/serving_robot_msgs/msg/detail
[6.207s] -- Installing: /home/psb/rokey_c_2_ws/install/serving_robot_msgs/include/serving_robot_msgs/serving_robot_msgs/msg/detail/robot_state__struct.hpp
[6.208s] -- Installing: /home/psb/rokey_c_2_ws/install/serving_robot_msgs/include/serving_robot_msgs/serving_robot_msgs/msg/detail/robot_state__traits.hpp
[6.208s] -- Installing: /home/psb/rokey_c_2_ws/install/serving_robot_msgs/include/serving_robot_msgs/serving_robot_msgs/msg/detail/robot_state__builder.hpp
[6.208s] -- Installing: /home/psb/rokey_c_2_ws/install/serving_robot_msgs/include/serving_robot_msgs/serving_robot_msgs/msg/robot_state.hpp
[6.208s] -- Up-to-date: /home/psb/rokey_c_2_ws/install/serving_robot_msgs/include/serving_robot_msgs/serving_robot_msgs/srv
[6.208s] -- Installing: /home/psb/rokey_c_2_ws/install/serving_robot_msgs/include/serving_robot_msgs/serving_robot_msgs/srv/t2_c.hpp
[6.208s] -- Up-to-date: /home/psb/rokey_c_2_ws/install/serving_robot_msgs/include/serving_robot_msgs/serving_robot_msgs/srv/detail
[6.208s] -- Installing: /home/psb/rokey_c_2_ws/install/serving_robot_msgs/include/serving_robot_msgs/serving_robot_msgs/srv/detail/t2_c__traits.hpp
[6.208s] -- Installing: /home/psb/rokey_c_2_ws/install/serving_robot_msgs/include/serving_robot_msgs/serving_robot_msgs/srv/detail/t2_c__struct.hpp
[6.208s] -- Installing: /home/psb/rokey_c_2_ws/install/serving_robot_msgs/include/serving_robot_msgs/serving_robot_msgs/srv/detail/t2_c__builder.hpp
[6.208s] -- Up-to-date: /home/psb/rokey_c_2_ws/install/serving_robot_msgs/include/serving_robot_msgs/serving_robot_msgs/action
[6.209s] -- Installing: /home/psb/rokey_c_2_ws/install/serving_robot_msgs/include/serving_robot_msgs/serving_robot_msgs/action/c2_r.hpp
[6.209s] -- Up-to-date: /home/psb/rokey_c_2_ws/install/serving_robot_msgs/include/serving_robot_msgs/serving_robot_msgs/action/detail
[6.209s] -- Installing: /home/psb/rokey_c_2_ws/install/serving_robot_msgs/include/serving_robot_msgs/serving_robot_msgs/action/detail/c2_r__struct.hpp
[6.209s] -- Installing: /home/psb/rokey_c_2_ws/install/serving_robot_msgs/include/serving_robot_msgs/serving_robot_msgs/action/detail/c2_r__traits.hpp
[6.209s] -- Installing: /home/psb/rokey_c_2_ws/install/serving_robot_msgs/include/serving_robot_msgs/serving_robot_msgs/action/detail/c2_r__builder.hpp
[6.209s] -- Up-to-date: /home/psb/rokey_c_2_ws/install/serving_robot_msgs/include/serving_robot_msgs/serving_robot_msgs
[6.209s] -- Up-to-date: /home/psb/rokey_c_2_ws/install/serving_robot_msgs/include/serving_robot_msgs/serving_robot_msgs/msg
[6.209s] -- Installing: /home/psb/rokey_c_2_ws/install/serving_robot_msgs/include/serving_robot_msgs/serving_robot_msgs/msg/rosidl_typesupport_fastrtps_cpp__visibility_control.h
[6.209s] -- Up-to-date: /home/psb/rokey_c_2_ws/install/serving_robot_msgs/include/serving_robot_msgs/serving_robot_msgs/msg/detail
[6.209s] -- Installing: /home/psb/rokey_c_2_ws/install/serving_robot_msgs/include/serving_robot_msgs/serving_robot_msgs/msg/detail/dds_fastrtps
[6.209s] -- Installing: /home/psb/rokey_c_2_ws/install/serving_robot_msgs/include/serving_robot_msgs/serving_robot_msgs/msg/detail/robot_state__rosidl_typesupport_fastrtps_cpp.hpp
[6.209s] -- Up-to-date: /home/psb/rokey_c_2_ws/install/serving_robot_msgs/include/serving_robot_msgs/serving_robot_msgs/srv
[6.209s] -- Up-to-date: /home/psb/rokey_c_2_ws/install/serving_robot_msgs/include/serving_robot_msgs/serving_robot_msgs/srv/detail
[6.209s] -- Installing: /home/psb/rokey_c_2_ws/install/serving_robot_msgs/include/serving_robot_msgs/serving_robot_msgs/srv/detail/dds_fastrtps
[6.209s] -- Installing: /home/psb/rokey_c_2_ws/install/serving_robot_msgs/include/serving_robot_msgs/serving_robot_msgs/srv/detail/t2_c__rosidl_typesupport_fastrtps_cpp.hpp
[6.210s] -- Up-to-date: /home/psb/rokey_c_2_ws/install/serving_robot_msgs/include/serving_robot_msgs/serving_robot_msgs/action
[6.210s] -- Up-to-date: /home/psb/rokey_c_2_ws/install/serving_robot_msgs/include/serving_robot_msgs/serving_robot_msgs/action/detail
[6.210s] -- Installing: /home/psb/rokey_c_2_ws/install/serving_robot_msgs/include/serving_robot_msgs/serving_robot_msgs/action/detail/dds_fastrtps
[6.210s] -- Installing: /home/psb/rokey_c_2_ws/install/serving_robot_msgs/include/serving_robot_msgs/serving_robot_msgs/action/detail/c2_r__rosidl_typesupport_fastrtps_cpp.hpp
[6.210s] -- Installing: /home/psb/rokey_c_2_ws/install/serving_robot_msgs/lib/libserving_robot_msgs__rosidl_typesupport_fastrtps_cpp.so
[6.210s] -- Set runtime path of "/home/psb/rokey_c_2_ws/install/serving_robot_msgs/lib/libserving_robot_msgs__rosidl_typesupport_fastrtps_cpp.so" to ""
[6.210s] -- Up-to-date: /home/psb/rokey_c_2_ws/install/serving_robot_msgs/include/serving_robot_msgs/serving_robot_msgs
[6.210s] -- Up-to-date: /home/psb/rokey_c_2_ws/install/serving_robot_msgs/include/serving_robot_msgs/serving_robot_msgs/msg
[6.210s] -- Installing: /home/psb/rokey_c_2_ws/install/serving_robot_msgs/include/serving_robot_msgs/serving_robot_msgs/msg/rosidl_typesupport_introspection_c__visibility_control.h
[6.210s] -- Up-to-date: /home/psb/rokey_c_2_ws/install/serving_robot_msgs/include/serving_robot_msgs/serving_robot_msgs/msg/detail
[6.210s] -- Installing: /home/psb/rokey_c_2_ws/install/serving_robot_msgs/include/serving_robot_msgs/serving_robot_msgs/msg/detail/robot_state__rosidl_typesupport_introspection_c.h
[6.210s] -- Installing: /home/psb/rokey_c_2_ws/install/serving_robot_msgs/include/serving_robot_msgs/serving_robot_msgs/msg/detail/robot_state__type_support.c
[6.210s] -- Up-to-date: /home/psb/rokey_c_2_ws/install/serving_robot_msgs/include/serving_robot_msgs/serving_robot_msgs/srv
[6.210s] -- Up-to-date: /home/psb/rokey_c_2_ws/install/serving_robot_msgs/include/serving_robot_msgs/serving_robot_msgs/srv/detail
[6.210s] -- Installing: /home/psb/rokey_c_2_ws/install/serving_robot_msgs/include/serving_robot_msgs/serving_robot_msgs/srv/detail/t2_c__type_support.c
[6.210s] -- Installing: /home/psb/rokey_c_2_ws/install/serving_robot_msgs/include/serving_robot_msgs/serving_robot_msgs/srv/detail/t2_c__rosidl_typesupport_introspection_c.h
[6.211s] -- Up-to-date: /home/psb/rokey_c_2_ws/install/serving_robot_msgs/include/serving_robot_msgs/serving_robot_msgs/action
[6.211s] -- Up-to-date: /home/psb/rokey_c_2_ws/install/serving_robot_msgs/include/serving_robot_msgs/serving_robot_msgs/action/detail
[6.211s] -- Installing: /home/psb/rokey_c_2_ws/install/serving_robot_msgs/include/serving_robot_msgs/serving_robot_msgs/action/detail/c2_r__type_support.c
[6.211s] -- Installing: /home/psb/rokey_c_2_ws/install/serving_robot_msgs/include/serving_robot_msgs/serving_robot_msgs/action/detail/c2_r__rosidl_typesupport_introspection_c.h
[6.211s] -- Installing: /home/psb/rokey_c_2_ws/install/serving_robot_msgs/lib/libserving_robot_msgs__rosidl_typesupport_introspection_c.so
[6.211s] -- Set runtime path of "/home/psb/rokey_c_2_ws/install/serving_robot_msgs/lib/libserving_robot_msgs__rosidl_typesupport_introspection_c.so" to ""
[6.211s] -- Installing: /home/psb/rokey_c_2_ws/install/serving_robot_msgs/lib/libserving_robot_msgs__rosidl_typesupport_c.so
[6.211s] -- Set runtime path of "/home/psb/rokey_c_2_ws/install/serving_robot_msgs/lib/libserving_robot_msgs__rosidl_typesupport_c.so" to ""
[6.211s] -- Up-to-date: /home/psb/rokey_c_2_ws/install/serving_robot_msgs/include/serving_robot_msgs/serving_robot_msgs
[6.211s] -- Up-to-date: /home/psb/rokey_c_2_ws/install/serving_robot_msgs/include/serving_robot_msgs/serving_robot_msgs/msg
[6.211s] -- Up-to-date: /home/psb/rokey_c_2_ws/install/serving_robot_msgs/include/serving_robot_msgs/serving_robot_msgs/msg/detail
[6.211s] -- Installing: /home/psb/rokey_c_2_ws/install/serving_robot_msgs/include/serving_robot_msgs/serving_robot_msgs/msg/detail/robot_state__type_support.cpp
[6.211s] -- Installing: /home/psb/rokey_c_2_ws/install/serving_robot_msgs/include/serving_robot_msgs/serving_robot_msgs/msg/detail/robot_state__rosidl_typesupport_introspection_cpp.hpp
[6.211s] -- Up-to-date: /home/psb/rokey_c_2_ws/install/serving_robot_msgs/include/serving_robot_msgs/serving_robot_msgs/srv
[6.211s] -- Up-to-date: /home/psb/rokey_c_2_ws/install/serving_robot_msgs/include/serving_robot_msgs/serving_robot_msgs/srv/detail
[6.211s] -- Installing: /home/psb/rokey_c_2_ws/install/serving_robot_msgs/include/serving_robot_msgs/serving_robot_msgs/srv/detail/t2_c__type_support.cpp
[6.212s] -- Installing: /home/psb/rokey_c_2_ws/install/serving_robot_msgs/include/serving_robot_msgs/serving_robot_msgs/srv/detail/t2_c__rosidl_typesupport_introspection_cpp.hpp
[6.212s] -- Up-to-date: /home/psb/rokey_c_2_ws/install/serving_robot_msgs/include/serving_robot_msgs/serving_robot_msgs/action
[6.212s] -- Up-to-date: /home/psb/rokey_c_2_ws/install/serving_robot_msgs/include/serving_robot_msgs/serving_robot_msgs/action/detail
[6.212s] -- Installing: /home/psb/rokey_c_2_ws/install/serving_robot_msgs/include/serving_robot_msgs/serving_robot_msgs/action/detail/c2_r__type_support.cpp
[6.212s] -- Installing: /home/psb/rokey_c_2_ws/install/serving_robot_msgs/include/serving_robot_msgs/serving_robot_msgs/action/detail/c2_r__rosidl_typesupport_introspection_cpp.hpp
[6.212s] -- Installing: /home/psb/rokey_c_2_ws/install/serving_robot_msgs/lib/libserving_robot_msgs__rosidl_typesupport_introspection_cpp.so
[6.212s] -- Set runtime path of "/home/psb/rokey_c_2_ws/install/serving_robot_msgs/lib/libserving_robot_msgs__rosidl_typesupport_introspection_cpp.so" to ""
[6.212s] -- Installing: /home/psb/rokey_c_2_ws/install/serving_robot_msgs/lib/libserving_robot_msgs__rosidl_typesupport_cpp.so
[6.212s] -- Set runtime path of "/home/psb/rokey_c_2_ws/install/serving_robot_msgs/lib/libserving_robot_msgs__rosidl_typesupport_cpp.so" to ""
[6.212s] -- Installing: /home/psb/rokey_c_2_ws/install/serving_robot_msgs/share/serving_robot_msgs/environment/pythonpath.sh
[6.212s] -- Installing: /home/psb/rokey_c_2_ws/install/serving_robot_msgs/share/serving_robot_msgs/environment/pythonpath.dsv
[6.213s] -- Installing: /home/psb/rokey_c_2_ws/install/serving_robot_msgs/local/lib/python3.10/dist-packages/serving_robot_msgs-0.0.0-py3.10.egg-info
[6.213s] -- Installing: /home/psb/rokey_c_2_ws/install/serving_robot_msgs/local/lib/python3.10/dist-packages/serving_robot_msgs-0.0.0-py3.10.egg-info/SOURCES.txt
[6.213s] -- Installing: /home/psb/rokey_c_2_ws/install/serving_robot_msgs/local/lib/python3.10/dist-packages/serving_robot_msgs-0.0.0-py3.10.egg-info/top_level.txt
[6.213s] -- Installing: /home/psb/rokey_c_2_ws/install/serving_robot_msgs/local/lib/python3.10/dist-packages/serving_robot_msgs-0.0.0-py3.10.egg-info/PKG-INFO
[6.213s] -- Installing: /home/psb/rokey_c_2_ws/install/serving_robot_msgs/local/lib/python3.10/dist-packages/serving_robot_msgs-0.0.0-py3.10.egg-info/dependency_links.txt
[6.213s] -- Installing: /home/psb/rokey_c_2_ws/install/serving_robot_msgs/local/lib/python3.10/dist-packages/serving_robot_msgs
[6.213s] -- Installing: /home/psb/rokey_c_2_ws/install/serving_robot_msgs/local/lib/python3.10/dist-packages/serving_robot_msgs/__init__.py
[6.213s] -- Installing: /home/psb/rokey_c_2_ws/install/serving_robot_msgs/local/lib/python3.10/dist-packages/serving_robot_msgs/_serving_robot_msgs_s.ep.rosidl_typesupport_c.c
[6.213s] -- Installing: /home/psb/rokey_c_2_ws/install/serving_robot_msgs/local/lib/python3.10/dist-packages/serving_robot_msgs/msg
[6.213s] -- Installing: /home/psb/rokey_c_2_ws/install/serving_robot_msgs/local/lib/python3.10/dist-packages/serving_robot_msgs/msg/__init__.py
[6.213s] -- Installing: /home/psb/rokey_c_2_ws/install/serving_robot_msgs/local/lib/python3.10/dist-packages/serving_robot_msgs/msg/_robot_state.py
[6.214s] -- Installing: /home/psb/rokey_c_2_ws/install/serving_robot_msgs/local/lib/python3.10/dist-packages/serving_robot_msgs/msg/_robot_state_s.c
[6.214s] -- Installing: /home/psb/rokey_c_2_ws/install/serving_robot_msgs/local/lib/python3.10/dist-packages/serving_robot_msgs/srv
[6.214s] -- Installing: /home/psb/rokey_c_2_ws/install/serving_robot_msgs/local/lib/python3.10/dist-packages/serving_robot_msgs/srv/_t2_c_s.c
[6.214s] -- Installing: /home/psb/rokey_c_2_ws/install/serving_robot_msgs/local/lib/python3.10/dist-packages/serving_robot_msgs/srv/__init__.py
[6.214s] -- Installing: /home/psb/rokey_c_2_ws/install/serving_robot_msgs/local/lib/python3.10/dist-packages/serving_robot_msgs/srv/_t2_c.py
[6.214s] -- Installing: /home/psb/rokey_c_2_ws/install/serving_robot_msgs/local/lib/python3.10/dist-packages/serving_robot_msgs/_serving_robot_msgs_s.ep.rosidl_typesupport_introspection_c.c
[6.214s] -- Installing: /home/psb/rokey_c_2_ws/install/serving_robot_msgs/local/lib/python3.10/dist-packages/serving_robot_msgs/_serving_robot_msgs_s.ep.rosidl_typesupport_fastrtps_c.c
[6.214s] -- Installing: /home/psb/rokey_c_2_ws/install/serving_robot_msgs/local/lib/python3.10/dist-packages/serving_robot_msgs/serving_robot_msgs_s__rosidl_typesupport_introspection_c.cpython-310-x86_64-linux-gnu.so
[6.214s] -- Installing: /home/psb/rokey_c_2_ws/install/serving_robot_msgs/local/lib/python3.10/dist-packages/serving_robot_msgs/serving_robot_msgs_s__rosidl_typesupport_fastrtps_c.cpython-310-x86_64-linux-gnu.so
[6.214s] -- Installing: /home/psb/rokey_c_2_ws/install/serving_robot_msgs/local/lib/python3.10/dist-packages/serving_robot_msgs/serving_robot_msgs_s__rosidl_typesupport_c.cpython-310-x86_64-linux-gnu.so
[6.214s] -- Installing: /home/psb/rokey_c_2_ws/install/serving_robot_msgs/local/lib/python3.10/dist-packages/serving_robot_msgs/libserving_robot_msgs__rosidl_generator_py.so
[6.214s] -- Installing: /home/psb/rokey_c_2_ws/install/serving_robot_msgs/local/lib/python3.10/dist-packages/serving_robot_msgs/action
[6.214s] -- Installing: /home/psb/rokey_c_2_ws/install/serving_robot_msgs/local/lib/python3.10/dist-packages/serving_robot_msgs/action/__init__.py
[6.214s] -- Installing: /home/psb/rokey_c_2_ws/install/serving_robot_msgs/local/lib/python3.10/dist-packages/serving_robot_msgs/action/_c2_r_s.c
[6.215s] -- Installing: /home/psb/rokey_c_2_ws/install/serving_robot_msgs/local/lib/python3.10/dist-packages/serving_robot_msgs/action/_c2_r.py
[6.254s] Listing '/home/psb/rokey_c_2_ws/install/serving_robot_msgs/local/lib/python3.10/dist-packages/serving_robot_msgs'...
[6.254s] Compiling '/home/psb/rokey_c_2_ws/install/serving_robot_msgs/local/lib/python3.10/dist-packages/serving_robot_msgs/__init__.py'...
[6.254s] Listing '/home/psb/rokey_c_2_ws/install/serving_robot_msgs/local/lib/python3.10/dist-packages/serving_robot_msgs/action'...
[6.254s] Compiling '/home/psb/rokey_c_2_ws/install/serving_robot_msgs/local/lib/python3.10/dist-packages/serving_robot_msgs/action/__init__.py'...
[6.254s] Compiling '/home/psb/rokey_c_2_ws/install/serving_robot_msgs/local/lib/python3.10/dist-packages/serving_robot_msgs/action/_c2_r.py'...
[6.254s] Listing '/home/psb/rokey_c_2_ws/install/serving_robot_msgs/local/lib/python3.10/dist-packages/serving_robot_msgs/msg'...
[6.254s] Compiling '/home/psb/rokey_c_2_ws/install/serving_robot_msgs/local/lib/python3.10/dist-packages/serving_robot_msgs/msg/__init__.py'...
[6.254s] Compiling '/home/psb/rokey_c_2_ws/install/serving_robot_msgs/local/lib/python3.10/dist-packages/serving_robot_msgs/msg/_robot_state.py'...
[6.255s] Listing '/home/psb/rokey_c_2_ws/install/serving_robot_msgs/local/lib/python3.10/dist-packages/serving_robot_msgs/srv'...
[6.255s] Compiling '/home/psb/rokey_c_2_ws/install/serving_robot_msgs/local/lib/python3.10/dist-packages/serving_robot_msgs/srv/__init__.py'...
[6.255s] Compiling '/home/psb/rokey_c_2_ws/install/serving_robot_msgs/local/lib/python3.10/dist-packages/serving_robot_msgs/srv/_t2_c.py'...
[6.259s] -- Installing: /home/psb/rokey_c_2_ws/install/serving_robot_msgs/local/lib/python3.10/dist-packages/serving_robot_msgs/serving_robot_msgs_s__rosidl_typesupport_fastrtps_c.cpython-310-x86_64-linux-gnu.so
[6.259s] -- Set runtime path of "/home/psb/rokey_c_2_ws/install/serving_robot_msgs/local/lib/python3.10/dist-packages/serving_robot_msgs/serving_robot_msgs_s__rosidl_typesupport_fastrtps_c.cpython-310-x86_64-linux-gnu.so" to ""
[6.259s] -- Installing: /home/psb/rokey_c_2_ws/install/serving_robot_msgs/local/lib/python3.10/dist-packages/serving_robot_msgs/serving_robot_msgs_s__rosidl_typesupport_introspection_c.cpython-310-x86_64-linux-gnu.so
[6.259s] -- Set runtime path of "/home/psb/rokey_c_2_ws/install/serving_robot_msgs/local/lib/python3.10/dist-packages/serving_robot_msgs/serving_robot_msgs_s__rosidl_typesupport_introspection_c.cpython-310-x86_64-linux-gnu.so" to ""
[6.260s] -- Installing: /home/psb/rokey_c_2_ws/install/serving_robot_msgs/local/lib/python3.10/dist-packages/serving_robot_msgs/serving_robot_msgs_s__rosidl_typesupport_c.cpython-310-x86_64-linux-gnu.so
[6.260s] -- Set runtime path of "/home/psb/rokey_c_2_ws/install/serving_robot_msgs/local/lib/python3.10/dist-packages/serving_robot_msgs/serving_robot_msgs_s__rosidl_typesupport_c.cpython-310-x86_64-linux-gnu.so" to ""
[6.260s] -- Installing: /home/psb/rokey_c_2_ws/install/serving_robot_msgs/lib/libserving_robot_msgs__rosidl_generator_py.so
[6.260s] -- Set runtime path of "/home/psb/rokey_c_2_ws/install/serving_robot_msgs/lib/libserving_robot_msgs__rosidl_generator_py.so" to ""
[6.260s] -- Installing: /home/psb/rokey_c_2_ws/install/serving_robot_msgs/share/serving_robot_msgs/msg/RobotState.idl
[6.260s] -- Installing: /home/psb/rokey_c_2_ws/install/serving_robot_msgs/share/serving_robot_msgs/srv/T2C.idl
[6.260s] -- Installing: /home/psb/rokey_c_2_ws/install/serving_robot_msgs/share/serving_robot_msgs/action/C2R.idl
[6.260s] -- Installing: /home/psb/rokey_c_2_ws/install/serving_robot_msgs/share/serving_robot_msgs/msg/RobotState.msg
[6.261s] -- Installing: /home/psb/rokey_c_2_ws/install/serving_robot_msgs/share/serving_robot_msgs/srv/T2C.srv
[6.261s] -- Installing: /home/psb/rokey_c_2_ws/install/serving_robot_msgs/share/serving_robot_msgs/srv/T2C_Request.msg
[6.261s] -- Installing: /home/psb/rokey_c_2_ws/install/serving_robot_msgs/share/serving_robot_msgs/srv/T2C_Response.msg
[6.261s] -- Installing: /home/psb/rokey_c_2_ws/install/serving_robot_msgs/share/serving_robot_msgs/action/C2R.action
[6.261s] -- Installing: /home/psb/rokey_c_2_ws/install/serving_robot_msgs/share/ament_index/resource_index/package_run_dependencies/serving_robot_msgs
[6.261s] -- Installing: /home/psb/rokey_c_2_ws/install/serving_robot_msgs/share/ament_index/resource_index/parent_prefix_path/serving_robot_msgs
[6.261s] -- Installing: /home/psb/rokey_c_2_ws/install/serving_robot_msgs/share/serving_robot_msgs/environment/ament_prefix_path.sh
[6.261s] -- Installing: /home/psb/rokey_c_2_ws/install/serving_robot_msgs/share/serving_robot_msgs/environment/ament_prefix_path.dsv
[6.261s] -- Installing: /home/psb/rokey_c_2_ws/install/serving_robot_msgs/share/serving_robot_msgs/environment/path.sh
[6.261s] -- Installing: /home/psb/rokey_c_2_ws/install/serving_robot_msgs/share/serving_robot_msgs/environment/path.dsv
[6.261s] -- Installing: /home/psb/rokey_c_2_ws/install/serving_robot_msgs/share/serving_robot_msgs/local_setup.bash
[6.261s] -- Installing: /home/psb/rokey_c_2_ws/install/serving_robot_msgs/share/serving_robot_msgs/local_setup.sh
[6.262s] -- Installing: /home/psb/rokey_c_2_ws/install/serving_robot_msgs/share/serving_robot_msgs/local_setup.zsh
[6.262s] -- Installing: /home/psb/rokey_c_2_ws/install/serving_robot_msgs/share/serving_robot_msgs/local_setup.dsv
[6.262s] -- Installing: /home/psb/rokey_c_2_ws/install/serving_robot_msgs/share/serving_robot_msgs/package.dsv
[6.262s] -- Installing: /home/psb/rokey_c_2_ws/install/serving_robot_msgs/share/ament_index/resource_index/packages/serving_robot_msgs
[6.262s] -- Installing: /home/psb/rokey_c_2_ws/install/serving_robot_msgs/share/serving_robot_msgs/cmake/export_serving_robot_msgs__rosidl_generator_cExport.cmake
[6.262s] -- Installing: /home/psb/rokey_c_2_ws/install/serving_robot_msgs/share/serving_robot_msgs/cmake/export_serving_robot_msgs__rosidl_generator_cExport-noconfig.cmake
[6.262s] -- Installing: /home/psb/rokey_c_2_ws/install/serving_robot_msgs/share/serving_robot_msgs/cmake/export_serving_robot_msgs__rosidl_typesupport_fastrtps_cExport.cmake
[6.262s] -- Installing: /home/psb/rokey_c_2_ws/install/serving_robot_msgs/share/serving_robot_msgs/cmake/export_serving_robot_msgs__rosidl_typesupport_fastrtps_cExport-noconfig.cmake
[6.262s] -- Installing: /home/psb/rokey_c_2_ws/install/serving_robot_msgs/share/serving_robot_msgs/cmake/export_serving_robot_msgs__rosidl_generator_cppExport.cmake
[6.263s] -- Installing: /home/psb/rokey_c_2_ws/install/serving_robot_msgs/share/serving_robot_msgs/cmake/export_serving_robot_msgs__rosidl_typesupport_fastrtps_cppExport.cmake
[6.263s] -- Installing: /home/psb/rokey_c_2_ws/install/serving_robot_msgs/share/serving_robot_msgs/cmake/export_serving_robot_msgs__rosidl_typesupport_fastrtps_cppExport-noconfig.cmake
[6.263s] -- Installing: /home/psb/rokey_c_2_ws/install/serving_robot_msgs/share/serving_robot_msgs/cmake/serving_robot_msgs__rosidl_typesupport_introspection_cExport.cmake
[6.263s] -- Installing: /home/psb/rokey_c_2_ws/install/serving_robot_msgs/share/serving_robot_msgs/cmake/serving_robot_msgs__rosidl_typesupport_introspection_cExport-noconfig.cmake
[6.263s] -- Installing: /home/psb/rokey_c_2_ws/install/serving_robot_msgs/share/serving_robot_msgs/cmake/serving_robot_msgs__rosidl_typesupport_cExport.cmake
[6.263s] -- Installing: /home/psb/rokey_c_2_ws/install/serving_robot_msgs/share/serving_robot_msgs/cmake/serving_robot_msgs__rosidl_typesupport_cExport-noconfig.cmake
[6.263s] -- Installing: /home/psb/rokey_c_2_ws/install/serving_robot_msgs/share/serving_robot_msgs/cmake/serving_robot_msgs__rosidl_typesupport_introspection_cppExport.cmake
[6.264s] -- Installing: /home/psb/rokey_c_2_ws/install/serving_robot_msgs/share/serving_robot_msgs/cmake/serving_robot_msgs__rosidl_typesupport_introspection_cppExport-noconfig.cmake
[6.264s] -- Installing: /home/psb/rokey_c_2_ws/install/serving_robot_msgs/share/serving_robot_msgs/cmake/serving_robot_msgs__rosidl_typesupport_cppExport.cmake
[6.264s] -- Installing: /home/psb/rokey_c_2_ws/install/serving_robot_msgs/share/serving_robot_msgs/cmake/serving_robot_msgs__rosidl_typesupport_cppExport-noconfig.cmake
[6.264s] -- Installing: /home/psb/rokey_c_2_ws/install/serving_robot_msgs/share/serving_robot_msgs/cmake/export_serving_robot_msgs__rosidl_generator_pyExport.cmake
[6.264s] -- Installing: /home/psb/rokey_c_2_ws/install/serving_robot_msgs/share/serving_robot_msgs/cmake/export_serving_robot_msgs__rosidl_generator_pyExport-noconfig.cmake
[6.264s] -- Installing: /home/psb/rokey_c_2_ws/install/serving_robot_msgs/share/serving_robot_msgs/cmake/rosidl_cmake-extras.cmake
[6.264s] -- Installing: /home/psb/rokey_c_2_ws/install/serving_robot_msgs/share/serving_robot_msgs/cmake/ament_cmake_export_dependencies-extras.cmake
[6.264s] -- Installing: /home/psb/rokey_c_2_ws/install/serving_robot_msgs/share/serving_robot_msgs/cmake/ament_cmake_export_include_directories-extras.cmake
[6.264s] -- Installing: /home/psb/rokey_c_2_ws/install/serving_robot_msgs/share/serving_robot_msgs/cmake/ament_cmake_export_libraries-extras.cmake
[6.264s] -- Installing: /home/psb/rokey_c_2_ws/install/serving_robot_msgs/share/serving_robot_msgs/cmake/ament_cmake_export_targets-extras.cmake
[6.264s] -- Installing: /home/psb/rokey_c_2_ws/install/serving_robot_msgs/share/serving_robot_msgs/cmake/rosidl_cmake_export_typesupport_targets-extras.cmake
[6.265s] -- Installing: /home/psb/rokey_c_2_ws/install/serving_robot_msgs/share/serving_robot_msgs/cmake/rosidl_cmake_export_typesupport_libraries-extras.cmake
[6.265s] -- Installing: /home/psb/rokey_c_2_ws/install/serving_robot_msgs/share/serving_robot_msgs/cmake/serving_robot_msgsConfig.cmake
[6.265s] -- Installing: /home/psb/rokey_c_2_ws/install/serving_robot_msgs/share/serving_robot_msgs/cmake/serving_robot_msgsConfig-version.cmake
[6.265s] -- Installing: /home/psb/rokey_c_2_ws/install/serving_robot_msgs/share/serving_robot_msgs/package.xml
[6.267s] Invoked command in '/home/psb/rokey_c_2_ws/build/serving_robot_msgs' returned '0': CMAKE_PREFIX_PATH=${CMAKE_PREFIX_PATH}:/home/psb/turtlebot3_ws/install/turtlebot3_teleop:/home/psb/turtlebot3_ws/install/turtlebot3_example:/opt/ros/humble /usr/bin/cmake --install /home/psb/rokey_c_2_ws/build/serving_robot_msgs
