[0.432s] Invoking command in '/home/robot/turtlebot3_gui/build/turtlebot3_gui': PYTHONPATH=/home/robot/turtlebot3_gui/build/turtlebot3_gui/prefix_override:/usr/lib/python3/dist-packages/colcon_core/task/python/colcon_distutils_commands:/home/robot/turtlebot3_gui/install/turtlebot3_gui/lib/python3.10/site-packages:${PYTHONPATH} /usr/bin/python3 -W ignore:setup.py install is deprecated setup.py develop --editable --build-directory /home/robot/turtlebot3_gui/build/turtlebot3_gui/build --no-deps symlink_data
[0.612s] running develop
[0.612s] /usr/lib/python3/dist-packages/setuptools/command/easy_install.py:158: EasyInstallDeprecationWarning: easy_install command is deprecated. Use build and pip and other standards-based tools.
[0.612s]   warnings.warn(
[0.713s] running egg_info
[0.713s] writing turtlebot3_gui.egg-info/PKG-INFO
[0.713s] writing dependency_links to turtlebot3_gui.egg-info/dependency_links.txt
[0.713s] writing entry points to turtlebot3_gui.egg-info/entry_points.txt
[0.713s] writing requirements to turtlebot3_gui.egg-info/requires.txt
[0.714s] writing top-level names to turtlebot3_gui.egg-info/top_level.txt
[0.715s] reading manifest file 'turtlebot3_gui.egg-info/SOURCES.txt'
[0.715s] writing manifest file 'turtlebot3_gui.egg-info/SOURCES.txt'
[0.716s] running build_ext
[0.716s] Creating /home/robot/turtlebot3_gui/install/turtlebot3_gui/lib/python3.10/site-packages/turtlebot3-gui.egg-link (link to .)
[0.717s] Installing send_goal script to /home/robot/turtlebot3_gui/install/turtlebot3_gui/lib/turtlebot3_gui
[0.717s] Installing turtlebot3_gui script to /home/robot/turtlebot3_gui/install/turtlebot3_gui/lib/turtlebot3_gui
[0.717s] Installing turtlebot3_gui2 script to /home/robot/turtlebot3_gui/install/turtlebot3_gui/lib/turtlebot3_gui
[0.717s] 
[0.717s] Installed /home/robot/turtlebot3_gui/build/turtlebot3_gui
[0.717s] running symlink_data
[0.740s] Invoked command in '/home/robot/turtlebot3_gui/build/turtlebot3_gui' returned '0': PYTHONPATH=/home/robot/turtlebot3_gui/build/turtlebot3_gui/prefix_override:/usr/lib/python3/dist-packages/colcon_core/task/python/colcon_distutils_commands:/home/robot/turtlebot3_gui/install/turtlebot3_gui/lib/python3.10/site-packages:${PYTHONPATH} /usr/bin/python3 -W ignore:setup.py install is deprecated setup.py develop --editable --build-directory /home/robot/turtlebot3_gui/build/turtlebot3_gui/build --no-deps symlink_data
