[0.663s] Invoking command in '/home/psb/rokey_c_2_ws/src/serving_robot': AMENT_PREFIX_PATH=/home/psb/rokey_c_2_ws/install/serving_robot_msgs:${AMENT_PREFIX_PATH} CMAKE_PREFIX_PATH=/home/psb/rokey_c_2_ws/install/serving_robot_msgs:${CMAKE_PREFIX_PATH} LD_LIBRARY_PATH=/home/psb/rokey_c_2_ws/install/serving_robot_msgs/lib:/home/psb/turtlebot3_ws/install/turtlebot3_msgs/lib:/usr/lib/x86_64-linux-gnu/gazebo-11/plugins:/opt/ros/humble/opt/rviz_ogre_vendor/lib:/opt/ros/humble/lib/x86_64-linux-gnu:/opt/ros/humble/lib:/usr/lib/x86_64-linux-gnu/gazebo-11/plugins PYTHONPATH=/home/psb/rokey_c_2_ws/build/serving_robot/prefix_override:/usr/lib/python3/dist-packages/colcon_core/task/python/colcon_distutils_commands:/home/psb/rokey_c_2_ws/install/serving_robot/lib/python3.10/site-packages:/home/psb/rokey_c_2_ws/install/serving_robot_msgs/local/lib/python3.10/dist-packages:${PYTHONPATH} /usr/bin/python3 -W ignore:setup.py install is deprecated setup.py egg_info --egg-base ../../build/serving_robot build --build-base /home/psb/rokey_c_2_ws/build/serving_robot/build install --record /home/psb/rokey_c_2_ws/build/serving_robot/install.log --single-version-externally-managed install_data
[0.919s] running egg_info
[0.920s] writing ../../build/serving_robot/serving_robot.egg-info/PKG-INFO
[0.920s] writing dependency_links to ../../build/serving_robot/serving_robot.egg-info/dependency_links.txt
[0.920s] writing entry points to ../../build/serving_robot/serving_robot.egg-info/entry_points.txt
[0.920s] writing requirements to ../../build/serving_robot/serving_robot.egg-info/requires.txt
[0.920s] writing top-level names to ../../build/serving_robot/serving_robot.egg-info/top_level.txt
[0.922s] reading manifest file '../../build/serving_robot/serving_robot.egg-info/SOURCES.txt'
[0.922s] writing manifest file '../../build/serving_robot/serving_robot.egg-info/SOURCES.txt'
[0.922s] running build
[0.922s] running build_py
[0.923s] running install
[0.923s] running install_lib
[0.924s] running install_data
[0.924s] running install_egg_info
[0.926s] removing '/home/psb/rokey_c_2_ws/install/serving_robot/lib/python3.10/site-packages/serving_robot-0.0.0-py3.10.egg-info' (and everything under it)
[0.926s] Copying ../../build/serving_robot/serving_robot.egg-info to /home/psb/rokey_c_2_ws/install/serving_robot/lib/python3.10/site-packages/serving_robot-0.0.0-py3.10.egg-info
[0.926s] running install_scripts
[0.944s] Installing action_test script to /home/psb/rokey_c_2_ws/install/serving_robot/lib/serving_robot
[0.944s] Installing main script to /home/psb/rokey_c_2_ws/install/serving_robot/lib/serving_robot
[0.944s] Installing robot script to /home/psb/rokey_c_2_ws/install/serving_robot/lib/serving_robot
[0.944s] Installing serving_robot script to /home/psb/rokey_c_2_ws/install/serving_robot/lib/serving_robot
[0.944s] writing list of installed files to '/home/psb/rokey_c_2_ws/build/serving_robot/install.log'
[0.965s] Invoked command in '/home/psb/rokey_c_2_ws/src/serving_robot' returned '0': AMENT_PREFIX_PATH=/home/psb/rokey_c_2_ws/install/serving_robot_msgs:${AMENT_PREFIX_PATH} CMAKE_PREFIX_PATH=/home/psb/rokey_c_2_ws/install/serving_robot_msgs:${CMAKE_PREFIX_PATH} LD_LIBRARY_PATH=/home/psb/rokey_c_2_ws/install/serving_robot_msgs/lib:/home/psb/turtlebot3_ws/install/turtlebot3_msgs/lib:/usr/lib/x86_64-linux-gnu/gazebo-11/plugins:/opt/ros/humble/opt/rviz_ogre_vendor/lib:/opt/ros/humble/lib/x86_64-linux-gnu:/opt/ros/humble/lib:/usr/lib/x86_64-linux-gnu/gazebo-11/plugins PYTHONPATH=/home/psb/rokey_c_2_ws/build/serving_robot/prefix_override:/usr/lib/python3/dist-packages/colcon_core/task/python/colcon_distutils_commands:/home/psb/rokey_c_2_ws/install/serving_robot/lib/python3.10/site-packages:/home/psb/rokey_c_2_ws/install/serving_robot_msgs/local/lib/python3.10/dist-packages:${PYTHONPATH} /usr/bin/python3 -W ignore:setup.py install is deprecated setup.py egg_info --egg-base ../../build/serving_robot build --build-base /home/psb/rokey_c_2_ws/build/serving_robot/build install --record /home/psb/rokey_c_2_ws/build/serving_robot/install.log --single-version-externally-managed install_data
