[0.640s] Invoking command in '/home/psb/rokey_c_2_ws/build/nav_interfaces': CMAKE_PREFIX_PATH=${CMAKE_PREFIX_PATH}:/home/psb/rokey_c_2_ws/install/turtlebot3_gui:/home/psb/rokey_c_2_ws/install/table_order:/home/psb/rokey_c_2_ws/install/serving_robot:/home/psb/rokey_c_2_ws/install/database:/home/psb/rokey_c_2_ws/install/c2_turtle_order_package:/home/psb/turtlebot3_ws/install/turtlebot3_teleop:/home/psb/turtlebot3_ws/install/turtlebot3_example:/opt/ros/humble /usr/bin/cmake --build /home/psb/rokey_c_2_ws/build/nav_interfaces -- -j8 -l8
[0.730s] [  3%] Built target nav_interfaces__cpp
[0.734s] [ 12%] Built target nav_interfaces__rosidl_generator_c
[0.745s] [ 12%] Built target ament_cmake_python_copy_nav_interfaces
[0.779s] [ 22%] Built target nav_interfaces__rosidl_typesupport_cpp
[0.781s] [ 32%] Built target nav_interfaces__rosidl_typesupport_fastrtps_cpp
[0.791s] [ 41%] Built target nav_interfaces__rosidl_typesupport_introspection_c
[0.791s] [ 51%] Built target nav_interfaces__rosidl_typesupport_introspection_cpp
[0.794s] [ 61%] Built target nav_interfaces__rosidl_typesupport_fastrtps_c
[0.800s] [ 70%] Built target nav_interfaces__rosidl_typesupport_c
[0.831s] [ 70%] Built target nav_interfaces
[0.859s] [ 74%] Built target nav_interfaces__py
[0.889s] [ 80%] Built target nav_interfaces__rosidl_generator_py
[0.937s] [ 87%] Built target nav_interfaces__rosidl_typesupport_introspection_c__pyext
[0.937s] [ 93%] Built target nav_interfaces__rosidl_typesupport_fastrtps_c__pyext
[0.937s] [100%] Built target nav_interfaces__rosidl_typesupport_c__pyext
[1.297s] running egg_info
[1.300s] writing nav_interfaces.egg-info/PKG-INFO
[1.300s] writing dependency_links to nav_interfaces.egg-info/dependency_links.txt
[1.300s] writing top-level names to nav_interfaces.egg-info/top_level.txt
[1.306s] reading manifest file 'nav_interfaces.egg-info/SOURCES.txt'
[1.308s] writing manifest file 'nav_interfaces.egg-info/SOURCES.txt'
[1.373s] [100%] Built target ament_cmake_python_build_nav_interfaces_egg
[1.401s] Invoked command in '/home/psb/rokey_c_2_ws/build/nav_interfaces' returned '0': CMAKE_PREFIX_PATH=${CMAKE_PREFIX_PATH}:/home/psb/rokey_c_2_ws/install/turtlebot3_gui:/home/psb/rokey_c_2_ws/install/table_order:/home/psb/rokey_c_2_ws/install/serving_robot:/home/psb/rokey_c_2_ws/install/database:/home/psb/rokey_c_2_ws/install/c2_turtle_order_package:/home/psb/turtlebot3_ws/install/turtlebot3_teleop:/home/psb/turtlebot3_ws/install/turtlebot3_example:/opt/ros/humble /usr/bin/cmake --build /home/psb/rokey_c_2_ws/build/nav_interfaces -- -j8 -l8
[1.537s] Invoking command in '/home/psb/rokey_c_2_ws/build/nav_interfaces': CMAKE_PREFIX_PATH=${CMAKE_PREFIX_PATH}:/home/psb/rokey_c_2_ws/install/turtlebot3_gui:/home/psb/rokey_c_2_ws/install/table_order:/home/psb/rokey_c_2_ws/install/serving_robot:/home/psb/rokey_c_2_ws/install/database:/home/psb/rokey_c_2_ws/install/c2_turtle_order_package:/home/psb/turtlebot3_ws/install/turtlebot3_teleop:/home/psb/turtlebot3_ws/install/turtlebot3_example:/opt/ros/humble /usr/bin/cmake --install /home/psb/rokey_c_2_ws/build/nav_interfaces
[1.554s] -- Install configuration: ""
[1.555s] -- Up-to-date: /home/psb/rokey_c_2_ws/install/nav_interfaces/share/ament_index/resource_index/rosidl_interfaces/nav_interfaces
[1.555s] -- Up-to-date: /home/psb/rokey_c_2_ws/install/nav_interfaces/include/nav_interfaces/nav_interfaces
[1.557s] -- Up-to-date: /home/psb/rokey_c_2_ws/install/nav_interfaces/include/nav_interfaces/nav_interfaces/msg
[1.557s] -- Up-to-date: /home/psb/rokey_c_2_ws/install/nav_interfaces/include/nav_interfaces/nav_interfaces/msg/rosidl_generator_c__visibility_control.h
[1.557s] -- Up-to-date: /home/psb/rokey_c_2_ws/install/nav_interfaces/include/nav_interfaces/nav_interfaces/action
[1.557s] -- Up-to-date: /home/psb/rokey_c_2_ws/install/nav_interfaces/include/nav_interfaces/nav_interfaces/action/navigate.h
[1.557s] -- Up-to-date: /home/psb/rokey_c_2_ws/install/nav_interfaces/include/nav_interfaces/nav_interfaces/action/detail
[1.558s] -- Up-to-date: /home/psb/rokey_c_2_ws/install/nav_interfaces/include/nav_interfaces/nav_interfaces/action/detail/navigate__struct.h
[1.559s] -- Up-to-date: /home/psb/rokey_c_2_ws/install/nav_interfaces/include/nav_interfaces/nav_interfaces/action/detail/navigate__type_support.h
[1.559s] -- Up-to-date: /home/psb/rokey_c_2_ws/install/nav_interfaces/include/nav_interfaces/nav_interfaces/action/detail/navigate__functions.h
[1.559s] -- Up-to-date: /home/psb/rokey_c_2_ws/install/nav_interfaces/include/nav_interfaces/nav_interfaces/action/detail/navigate__functions.c
[1.559s] -- Up-to-date: /home/psb/rokey_c_2_ws/install/nav_interfaces/share/nav_interfaces/environment/library_path.sh
[1.561s] -- Up-to-date: /home/psb/rokey_c_2_ws/install/nav_interfaces/share/nav_interfaces/environment/library_path.dsv
[1.561s] -- Up-to-date: /home/psb/rokey_c_2_ws/install/nav_interfaces/lib/libnav_interfaces__rosidl_generator_c.so
[1.562s] -- Up-to-date: /home/psb/rokey_c_2_ws/install/nav_interfaces/include/nav_interfaces/nav_interfaces
[1.562s] -- Up-to-date: /home/psb/rokey_c_2_ws/install/nav_interfaces/include/nav_interfaces/nav_interfaces/msg
[1.563s] -- Up-to-date: /home/psb/rokey_c_2_ws/install/nav_interfaces/include/nav_interfaces/nav_interfaces/msg/rosidl_typesupport_fastrtps_c__visibility_control.h
[1.563s] -- Up-to-date: /home/psb/rokey_c_2_ws/install/nav_interfaces/include/nav_interfaces/nav_interfaces/action
[1.563s] -- Up-to-date: /home/psb/rokey_c_2_ws/install/nav_interfaces/include/nav_interfaces/nav_interfaces/action/detail
[1.563s] -- Up-to-date: /home/psb/rokey_c_2_ws/install/nav_interfaces/include/nav_interfaces/nav_interfaces/action/detail/navigate__rosidl_typesupport_fastrtps_c.h
[1.564s] -- Up-to-date: /home/psb/rokey_c_2_ws/install/nav_interfaces/lib/libnav_interfaces__rosidl_typesupport_fastrtps_c.so
[1.564s] -- Up-to-date: /home/psb/rokey_c_2_ws/install/nav_interfaces/include/nav_interfaces/nav_interfaces
[1.564s] -- Up-to-date: /home/psb/rokey_c_2_ws/install/nav_interfaces/include/nav_interfaces/nav_interfaces/msg
[1.564s] -- Up-to-date: /home/psb/rokey_c_2_ws/install/nav_interfaces/include/nav_interfaces/nav_interfaces/msg/rosidl_typesupport_introspection_c__visibility_control.h
[1.565s] -- Up-to-date: /home/psb/rokey_c_2_ws/install/nav_interfaces/include/nav_interfaces/nav_interfaces/action
[1.565s] -- Up-to-date: /home/psb/rokey_c_2_ws/install/nav_interfaces/include/nav_interfaces/nav_interfaces/action/detail
[1.565s] -- Up-to-date: /home/psb/rokey_c_2_ws/install/nav_interfaces/include/nav_interfaces/nav_interfaces/action/detail/navigate__type_support.c
[1.565s] -- Up-to-date: /home/psb/rokey_c_2_ws/install/nav_interfaces/include/nav_interfaces/nav_interfaces/action/detail/navigate__rosidl_typesupport_introspection_c.h
[1.566s] -- Up-to-date: /home/psb/rokey_c_2_ws/install/nav_interfaces/lib/libnav_interfaces__rosidl_typesupport_introspection_c.so
[1.566s] -- Up-to-date: /home/psb/rokey_c_2_ws/install/nav_interfaces/lib/libnav_interfaces__rosidl_typesupport_c.so
[1.566s] -- Up-to-date: /home/psb/rokey_c_2_ws/install/nav_interfaces/include/nav_interfaces/nav_interfaces
[1.567s] -- Up-to-date: /home/psb/rokey_c_2_ws/install/nav_interfaces/include/nav_interfaces/nav_interfaces/action
[1.567s] -- Up-to-date: /home/psb/rokey_c_2_ws/install/nav_interfaces/include/nav_interfaces/nav_interfaces/action/detail
[1.568s] -- Up-to-date: /home/psb/rokey_c_2_ws/install/nav_interfaces/include/nav_interfaces/nav_interfaces/action/detail/navigate__struct.hpp
[1.568s] -- Up-to-date: /home/psb/rokey_c_2_ws/install/nav_interfaces/include/nav_interfaces/nav_interfaces/action/detail/navigate__traits.hpp
[1.568s] -- Up-to-date: /home/psb/rokey_c_2_ws/install/nav_interfaces/include/nav_interfaces/nav_interfaces/action/detail/navigate__builder.hpp
[1.570s] -- Up-to-date: /home/psb/rokey_c_2_ws/install/nav_interfaces/include/nav_interfaces/nav_interfaces/action/navigate.hpp
[1.570s] -- Up-to-date: /home/psb/rokey_c_2_ws/install/nav_interfaces/include/nav_interfaces/nav_interfaces
[1.570s] -- Up-to-date: /home/psb/rokey_c_2_ws/install/nav_interfaces/include/nav_interfaces/nav_interfaces/msg
[1.570s] -- Up-to-date: /home/psb/rokey_c_2_ws/install/nav_interfaces/include/nav_interfaces/nav_interfaces/msg/rosidl_typesupport_fastrtps_cpp__visibility_control.h
[1.571s] -- Up-to-date: /home/psb/rokey_c_2_ws/install/nav_interfaces/include/nav_interfaces/nav_interfaces/action
[1.571s] -- Up-to-date: /home/psb/rokey_c_2_ws/install/nav_interfaces/include/nav_interfaces/nav_interfaces/action/detail
[1.571s] -- Up-to-date: /home/psb/rokey_c_2_ws/install/nav_interfaces/include/nav_interfaces/nav_interfaces/action/detail/dds_fastrtps
[1.571s] -- Up-to-date: /home/psb/rokey_c_2_ws/install/nav_interfaces/include/nav_interfaces/nav_interfaces/action/detail/navigate__rosidl_typesupport_fastrtps_cpp.hpp
[1.571s] -- Up-to-date: /home/psb/rokey_c_2_ws/install/nav_interfaces/lib/libnav_interfaces__rosidl_typesupport_fastrtps_cpp.so
[1.571s] -- Up-to-date: /home/psb/rokey_c_2_ws/install/nav_interfaces/include/nav_interfaces/nav_interfaces
[1.572s] -- Up-to-date: /home/psb/rokey_c_2_ws/install/nav_interfaces/include/nav_interfaces/nav_interfaces/action
[1.573s] -- Up-to-date: /home/psb/rokey_c_2_ws/install/nav_interfaces/include/nav_interfaces/nav_interfaces/action/detail
[1.573s] -- Up-to-date: /home/psb/rokey_c_2_ws/install/nav_interfaces/include/nav_interfaces/nav_interfaces/action/detail/navigate__type_support.cpp
[1.574s] -- Up-to-date: /home/psb/rokey_c_2_ws/install/nav_interfaces/include/nav_interfaces/nav_interfaces/action/detail/navigate__rosidl_typesupport_introspection_cpp.hpp
[1.574s] -- Up-to-date: /home/psb/rokey_c_2_ws/install/nav_interfaces/lib/libnav_interfaces__rosidl_typesupport_introspection_cpp.so
[1.575s] -- Up-to-date: /home/psb/rokey_c_2_ws/install/nav_interfaces/lib/libnav_interfaces__rosidl_typesupport_cpp.so
[1.577s] -- Up-to-date: /home/psb/rokey_c_2_ws/install/nav_interfaces/share/nav_interfaces/environment/pythonpath.sh
[1.577s] -- Up-to-date: /home/psb/rokey_c_2_ws/install/nav_interfaces/share/nav_interfaces/environment/pythonpath.dsv
[1.577s] -- Up-to-date: /home/psb/rokey_c_2_ws/install/nav_interfaces/local/lib/python3.10/dist-packages/nav_interfaces-0.0.0-py3.10.egg-info
[1.577s] -- Installing: /home/psb/rokey_c_2_ws/install/nav_interfaces/local/lib/python3.10/dist-packages/nav_interfaces-0.0.0-py3.10.egg-info/SOURCES.txt
[1.578s] -- Installing: /home/psb/rokey_c_2_ws/install/nav_interfaces/local/lib/python3.10/dist-packages/nav_interfaces-0.0.0-py3.10.egg-info/top_level.txt
[1.578s] -- Installing: /home/psb/rokey_c_2_ws/install/nav_interfaces/local/lib/python3.10/dist-packages/nav_interfaces-0.0.0-py3.10.egg-info/PKG-INFO
[1.578s] -- Installing: /home/psb/rokey_c_2_ws/install/nav_interfaces/local/lib/python3.10/dist-packages/nav_interfaces-0.0.0-py3.10.egg-info/dependency_links.txt
[1.579s] -- Up-to-date: /home/psb/rokey_c_2_ws/install/nav_interfaces/local/lib/python3.10/dist-packages/nav_interfaces
[1.579s] -- Up-to-date: /home/psb/rokey_c_2_ws/install/nav_interfaces/local/lib/python3.10/dist-packages/nav_interfaces/__init__.py
[1.580s] -- Up-to-date: /home/psb/rokey_c_2_ws/install/nav_interfaces/local/lib/python3.10/dist-packages/nav_interfaces/_nav_interfaces_s.ep.rosidl_typesupport_introspection_c.c
[1.580s] -- Up-to-date: /home/psb/rokey_c_2_ws/install/nav_interfaces/local/lib/python3.10/dist-packages/nav_interfaces/nav_interfaces_s__rosidl_typesupport_introspection_c.cpython-310-x86_64-linux-gnu.so
[1.581s] -- Up-to-date: /home/psb/rokey_c_2_ws/install/nav_interfaces/local/lib/python3.10/dist-packages/nav_interfaces/nav_interfaces_s__rosidl_typesupport_fastrtps_c.cpython-310-x86_64-linux-gnu.so
[1.581s] -- Up-to-date: /home/psb/rokey_c_2_ws/install/nav_interfaces/local/lib/python3.10/dist-packages/nav_interfaces/libnav_interfaces__rosidl_generator_py.so
[1.581s] -- Up-to-date: /home/psb/rokey_c_2_ws/install/nav_interfaces/local/lib/python3.10/dist-packages/nav_interfaces/nav_interfaces_s__rosidl_typesupport_c.cpython-310-x86_64-linux-gnu.so
[1.581s] -- Up-to-date: /home/psb/rokey_c_2_ws/install/nav_interfaces/local/lib/python3.10/dist-packages/nav_interfaces/_nav_interfaces_s.ep.rosidl_typesupport_fastrtps_c.c
[1.582s] -- Up-to-date: /home/psb/rokey_c_2_ws/install/nav_interfaces/local/lib/python3.10/dist-packages/nav_interfaces/_nav_interfaces_s.ep.rosidl_typesupport_c.c
[1.582s] -- Up-to-date: /home/psb/rokey_c_2_ws/install/nav_interfaces/local/lib/python3.10/dist-packages/nav_interfaces/action
[1.582s] -- Up-to-date: /home/psb/rokey_c_2_ws/install/nav_interfaces/local/lib/python3.10/dist-packages/nav_interfaces/action/__init__.py
[1.582s] -- Up-to-date: /home/psb/rokey_c_2_ws/install/nav_interfaces/local/lib/python3.10/dist-packages/nav_interfaces/action/_navigate_s.c
[1.582s] -- Up-to-date: /home/psb/rokey_c_2_ws/install/nav_interfaces/local/lib/python3.10/dist-packages/nav_interfaces/action/_navigate.py
[1.660s] Listing '/home/psb/rokey_c_2_ws/install/nav_interfaces/local/lib/python3.10/dist-packages/nav_interfaces'...
[1.661s] Listing '/home/psb/rokey_c_2_ws/install/nav_interfaces/local/lib/python3.10/dist-packages/nav_interfaces/action'...
[1.671s] -- Up-to-date: /home/psb/rokey_c_2_ws/install/nav_interfaces/local/lib/python3.10/dist-packages/nav_interfaces/nav_interfaces_s__rosidl_typesupport_fastrtps_c.cpython-310-x86_64-linux-gnu.so
[1.673s] -- Up-to-date: /home/psb/rokey_c_2_ws/install/nav_interfaces/local/lib/python3.10/dist-packages/nav_interfaces/nav_interfaces_s__rosidl_typesupport_introspection_c.cpython-310-x86_64-linux-gnu.so
[1.673s] -- Up-to-date: /home/psb/rokey_c_2_ws/install/nav_interfaces/local/lib/python3.10/dist-packages/nav_interfaces/nav_interfaces_s__rosidl_typesupport_c.cpython-310-x86_64-linux-gnu.so
[1.674s] -- Up-to-date: /home/psb/rokey_c_2_ws/install/nav_interfaces/lib/libnav_interfaces__rosidl_generator_py.so
[1.675s] -- Up-to-date: /home/psb/rokey_c_2_ws/install/nav_interfaces/share/nav_interfaces/action/Navigate.idl
[1.676s] -- Up-to-date: /home/psb/rokey_c_2_ws/install/nav_interfaces/share/nav_interfaces/action/Navigate.action
[1.677s] -- Up-to-date: /home/psb/rokey_c_2_ws/install/nav_interfaces/share/ament_index/resource_index/package_run_dependencies/nav_interfaces
[1.677s] -- Up-to-date: /home/psb/rokey_c_2_ws/install/nav_interfaces/share/ament_index/resource_index/parent_prefix_path/nav_interfaces
[1.677s] -- Up-to-date: /home/psb/rokey_c_2_ws/install/nav_interfaces/share/nav_interfaces/environment/ament_prefix_path.sh
[1.677s] -- Up-to-date: /home/psb/rokey_c_2_ws/install/nav_interfaces/share/nav_interfaces/environment/ament_prefix_path.dsv
[1.678s] -- Up-to-date: /home/psb/rokey_c_2_ws/install/nav_interfaces/share/nav_interfaces/environment/path.sh
[1.679s] -- Up-to-date: /home/psb/rokey_c_2_ws/install/nav_interfaces/share/nav_interfaces/environment/path.dsv
[1.679s] -- Up-to-date: /home/psb/rokey_c_2_ws/install/nav_interfaces/share/nav_interfaces/local_setup.bash
[1.679s] -- Up-to-date: /home/psb/rokey_c_2_ws/install/nav_interfaces/share/nav_interfaces/local_setup.sh
[1.680s] -- Up-to-date: /home/psb/rokey_c_2_ws/install/nav_interfaces/share/nav_interfaces/local_setup.zsh
[1.680s] -- Up-to-date: /home/psb/rokey_c_2_ws/install/nav_interfaces/share/nav_interfaces/local_setup.dsv
[1.680s] -- Installing: /home/psb/rokey_c_2_ws/install/nav_interfaces/share/nav_interfaces/package.dsv
[1.681s] -- Up-to-date: /home/psb/rokey_c_2_ws/install/nav_interfaces/share/ament_index/resource_index/packages/nav_interfaces
[1.681s] -- Up-to-date: /home/psb/rokey_c_2_ws/install/nav_interfaces/share/nav_interfaces/cmake/export_nav_interfaces__rosidl_generator_cExport.cmake
[1.681s] -- Up-to-date: /home/psb/rokey_c_2_ws/install/nav_interfaces/share/nav_interfaces/cmake/export_nav_interfaces__rosidl_generator_cExport-noconfig.cmake
[1.681s] -- Up-to-date: /home/psb/rokey_c_2_ws/install/nav_interfaces/share/nav_interfaces/cmake/export_nav_interfaces__rosidl_typesupport_fastrtps_cExport.cmake
[1.682s] -- Up-to-date: /home/psb/rokey_c_2_ws/install/nav_interfaces/share/nav_interfaces/cmake/export_nav_interfaces__rosidl_typesupport_fastrtps_cExport-noconfig.cmake
[1.682s] -- Up-to-date: /home/psb/rokey_c_2_ws/install/nav_interfaces/share/nav_interfaces/cmake/nav_interfaces__rosidl_typesupport_introspection_cExport.cmake
[1.683s] -- Up-to-date: /home/psb/rokey_c_2_ws/install/nav_interfaces/share/nav_interfaces/cmake/nav_interfaces__rosidl_typesupport_introspection_cExport-noconfig.cmake
[1.683s] -- Up-to-date: /home/psb/rokey_c_2_ws/install/nav_interfaces/share/nav_interfaces/cmake/nav_interfaces__rosidl_typesupport_cExport.cmake
[1.684s] -- Up-to-date: /home/psb/rokey_c_2_ws/install/nav_interfaces/share/nav_interfaces/cmake/nav_interfaces__rosidl_typesupport_cExport-noconfig.cmake
[1.685s] -- Up-to-date: /home/psb/rokey_c_2_ws/install/nav_interfaces/share/nav_interfaces/cmake/export_nav_interfaces__rosidl_generator_cppExport.cmake
[1.685s] -- Up-to-date: /home/psb/rokey_c_2_ws/install/nav_interfaces/share/nav_interfaces/cmake/export_nav_interfaces__rosidl_typesupport_fastrtps_cppExport.cmake
[1.686s] -- Up-to-date: /home/psb/rokey_c_2_ws/install/nav_interfaces/share/nav_interfaces/cmake/export_nav_interfaces__rosidl_typesupport_fastrtps_cppExport-noconfig.cmake
[1.686s] -- Up-to-date: /home/psb/rokey_c_2_ws/install/nav_interfaces/share/nav_interfaces/cmake/nav_interfaces__rosidl_typesupport_introspection_cppExport.cmake
[1.686s] -- Up-to-date: /home/psb/rokey_c_2_ws/install/nav_interfaces/share/nav_interfaces/cmake/nav_interfaces__rosidl_typesupport_introspection_cppExport-noconfig.cmake
[1.686s] -- Up-to-date: /home/psb/rokey_c_2_ws/install/nav_interfaces/share/nav_interfaces/cmake/nav_interfaces__rosidl_typesupport_cppExport.cmake
[1.686s] -- Up-to-date: /home/psb/rokey_c_2_ws/install/nav_interfaces/share/nav_interfaces/cmake/nav_interfaces__rosidl_typesupport_cppExport-noconfig.cmake
[1.686s] -- Up-to-date: /home/psb/rokey_c_2_ws/install/nav_interfaces/share/nav_interfaces/cmake/export_nav_interfaces__rosidl_generator_pyExport.cmake
[1.686s] -- Up-to-date: /home/psb/rokey_c_2_ws/install/nav_interfaces/share/nav_interfaces/cmake/export_nav_interfaces__rosidl_generator_pyExport-noconfig.cmake
[1.687s] -- Up-to-date: /home/psb/rokey_c_2_ws/install/nav_interfaces/share/nav_interfaces/cmake/rosidl_cmake-extras.cmake
[1.687s] -- Up-to-date: /home/psb/rokey_c_2_ws/install/nav_interfaces/share/nav_interfaces/cmake/ament_cmake_export_dependencies-extras.cmake
[1.687s] -- Up-to-date: /home/psb/rokey_c_2_ws/install/nav_interfaces/share/nav_interfaces/cmake/ament_cmake_export_include_directories-extras.cmake
[1.687s] -- Up-to-date: /home/psb/rokey_c_2_ws/install/nav_interfaces/share/nav_interfaces/cmake/ament_cmake_export_libraries-extras.cmake
[1.687s] -- Up-to-date: /home/psb/rokey_c_2_ws/install/nav_interfaces/share/nav_interfaces/cmake/ament_cmake_export_targets-extras.cmake
[1.687s] -- Up-to-date: /home/psb/rokey_c_2_ws/install/nav_interfaces/share/nav_interfaces/cmake/rosidl_cmake_export_typesupport_targets-extras.cmake
[1.688s] -- Up-to-date: /home/psb/rokey_c_2_ws/install/nav_interfaces/share/nav_interfaces/cmake/rosidl_cmake_export_typesupport_libraries-extras.cmake
[1.688s] -- Up-to-date: /home/psb/rokey_c_2_ws/install/nav_interfaces/share/nav_interfaces/cmake/nav_interfacesConfig.cmake
[1.688s] -- Up-to-date: /home/psb/rokey_c_2_ws/install/nav_interfaces/share/nav_interfaces/cmake/nav_interfacesConfig-version.cmake
[1.688s] -- Up-to-date: /home/psb/rokey_c_2_ws/install/nav_interfaces/share/nav_interfaces/package.xml
[1.706s] Invoked command in '/home/psb/rokey_c_2_ws/build/nav_interfaces' returned '0': CMAKE_PREFIX_PATH=${CMAKE_PREFIX_PATH}:/home/psb/rokey_c_2_ws/install/turtlebot3_gui:/home/psb/rokey_c_2_ws/install/table_order:/home/psb/rokey_c_2_ws/install/serving_robot:/home/psb/rokey_c_2_ws/install/database:/home/psb/rokey_c_2_ws/install/c2_turtle_order_package:/home/psb/turtlebot3_ws/install/turtlebot3_teleop:/home/psb/turtlebot3_ws/install/turtlebot3_example:/opt/ros/humble /usr/bin/cmake --install /home/psb/rokey_c_2_ws/build/nav_interfaces
