[0.463s] Invoking command in '/home/g1/rokey_c_2_ws/build/nav_interfaces': CMAKE_PREFIX_PATH=${CMAKE_PREFIX_PATH}:/home/g1/work/turtlebot3_ws/install/turtlebot3_teleop:/home/g1/work/turtlebot3_ws/install/turtlebot3_example:/opt/ros/humble /usr/bin/cmake --build /home/g1/rokey_c_2_ws/build/nav_interfaces -- -j8 -l8
[0.499s] [35m[1mConsolidate compiler generated dependencies of target nav_interfaces__rosidl_generator_c[0m
[0.512s] [  3%] Built target nav_interfaces__cpp
[0.514s] [ 12%] Built target nav_interfaces__rosidl_generator_c
[0.520s] [ 12%] Built target ament_cmake_python_symlink_nav_interfaces
[0.525s] [35m[1mConsolidate compiler generated dependencies of target nav_interfaces__rosidl_typesupport_cpp[0m
[0.526s] [35m[1mConsolidate compiler generated dependencies of target nav_interfaces__rosidl_typesupport_introspection_cpp[0m
[0.529s] [35m[1mConsolidate compiler generated dependencies of target nav_interfaces__rosidl_typesupport_fastrtps_cpp[0m
[0.538s] [35m[1mConsolidate compiler generated dependencies of target nav_interfaces__rosidl_typesupport_introspection_c[0m
[0.538s] [35m[1mConsolidate compiler generated dependencies of target nav_interfaces__rosidl_typesupport_fastrtps_c[0m
[0.538s] [35m[1mConsolidate compiler generated dependencies of target nav_interfaces__rosidl_typesupport_c[0m
[0.551s] [ 22%] Built target nav_interfaces__rosidl_typesupport_introspection_cpp
[0.557s] [ 32%] Built target nav_interfaces__rosidl_typesupport_cpp
[0.557s] [ 41%] Built target nav_interfaces__rosidl_typesupport_fastrtps_cpp
[0.558s] [ 51%] Built target nav_interfaces__rosidl_typesupport_introspection_c
[0.562s] [ 61%] Built target nav_interfaces__rosidl_typesupport_fastrtps_c
[0.563s] [ 70%] Built target nav_interfaces__rosidl_typesupport_c
[0.580s] [ 70%] Built target nav_interfaces
[0.597s] [ 74%] Built target nav_interfaces__py
[0.606s] [35m[1mConsolidate compiler generated dependencies of target nav_interfaces__rosidl_generator_py[0m
[0.620s] [ 80%] Built target nav_interfaces__rosidl_generator_py
[0.634s] [35m[1mConsolidate compiler generated dependencies of target nav_interfaces__rosidl_typesupport_introspection_c__pyext[0m
[0.634s] [35m[1mConsolidate compiler generated dependencies of target nav_interfaces__rosidl_typesupport_fastrtps_c__pyext[0m
[0.634s] [35m[1mConsolidate compiler generated dependencies of target nav_interfaces__rosidl_typesupport_c__pyext[0m
[0.646s] [ 87%] Built target nav_interfaces__rosidl_typesupport_c__pyext
[0.647s] [ 93%] Built target nav_interfaces__rosidl_typesupport_introspection_c__pyext
[0.648s] [100%] Built target nav_interfaces__rosidl_typesupport_fastrtps_c__pyext
[0.855s] running egg_info
[0.856s] writing nav_interfaces.egg-info/PKG-INFO
[0.856s] writing dependency_links to nav_interfaces.egg-info/dependency_links.txt
[0.856s] writing top-level names to nav_interfaces.egg-info/top_level.txt
[0.859s] reading manifest file 'nav_interfaces.egg-info/SOURCES.txt'
[0.860s] writing manifest file 'nav_interfaces.egg-info/SOURCES.txt'
[0.891s] [100%] Built target ament_cmake_python_build_nav_interfaces_egg
[0.905s] Invoked command in '/home/g1/rokey_c_2_ws/build/nav_interfaces' returned '0': CMAKE_PREFIX_PATH=${CMAKE_PREFIX_PATH}:/home/g1/work/turtlebot3_ws/install/turtlebot3_teleop:/home/g1/work/turtlebot3_ws/install/turtlebot3_example:/opt/ros/humble /usr/bin/cmake --build /home/g1/rokey_c_2_ws/build/nav_interfaces -- -j8 -l8
[0.959s] Invoking command in '/home/g1/rokey_c_2_ws/build/nav_interfaces': CMAKE_PREFIX_PATH=${CMAKE_PREFIX_PATH}:/home/g1/work/turtlebot3_ws/install/turtlebot3_teleop:/home/g1/work/turtlebot3_ws/install/turtlebot3_example:/opt/ros/humble /usr/bin/cmake --install /home/g1/rokey_c_2_ws/build/nav_interfaces
[0.969s] -- Install configuration: ""
[0.970s] -- Execute custom install script
[0.970s] -- Up-to-date symlink: /home/g1/rokey_c_2_ws/install/nav_interfaces/share/ament_index/resource_index/rosidl_interfaces/nav_interfaces
[0.970s] -- Up-to-date symlink: /home/g1/rokey_c_2_ws/install/nav_interfaces/include/nav_interfaces/nav_interfaces/action/detail/navigate__functions.h
[0.971s] -- Up-to-date symlink: /home/g1/rokey_c_2_ws/install/nav_interfaces/include/nav_interfaces/nav_interfaces/action/detail/navigate__struct.h
[0.971s] -- Up-to-date symlink: /home/g1/rokey_c_2_ws/install/nav_interfaces/include/nav_interfaces/nav_interfaces/action/detail/navigate__type_support.h
[0.971s] -- Up-to-date symlink: /home/g1/rokey_c_2_ws/install/nav_interfaces/include/nav_interfaces/nav_interfaces/action/navigate.h
[0.971s] -- Up-to-date symlink: /home/g1/rokey_c_2_ws/install/nav_interfaces/include/nav_interfaces/nav_interfaces/msg/rosidl_generator_c__visibility_control.h
[0.971s] -- Up-to-date symlink: /home/g1/rokey_c_2_ws/install/nav_interfaces/share/nav_interfaces/environment/library_path.sh
[0.972s] -- Up-to-date symlink: /home/g1/rokey_c_2_ws/install/nav_interfaces/share/nav_interfaces/environment/library_path.dsv
[0.972s] -- Up-to-date symlink: /home/g1/rokey_c_2_ws/install/nav_interfaces/include/nav_interfaces/nav_interfaces/action/detail/navigate__rosidl_typesupport_fastrtps_c.h
[0.973s] -- Up-to-date symlink: /home/g1/rokey_c_2_ws/install/nav_interfaces/include/nav_interfaces/nav_interfaces/msg/rosidl_typesupport_fastrtps_c__visibility_control.h
[0.976s] -- Up-to-date symlink: /home/g1/rokey_c_2_ws/install/nav_interfaces/include/nav_interfaces/nav_interfaces/action/detail/navigate__rosidl_typesupport_introspection_c.h
[0.976s] -- Up-to-date symlink: /home/g1/rokey_c_2_ws/install/nav_interfaces/include/nav_interfaces/nav_interfaces/msg/rosidl_typesupport_introspection_c__visibility_control.h
[0.976s] -- Up-to-date symlink: /home/g1/rokey_c_2_ws/install/nav_interfaces/include/nav_interfaces/nav_interfaces/action/detail/navigate__builder.hpp
[0.976s] -- Up-to-date symlink: /home/g1/rokey_c_2_ws/install/nav_interfaces/include/nav_interfaces/nav_interfaces/action/detail/navigate__struct.hpp
[0.976s] -- Up-to-date symlink: /home/g1/rokey_c_2_ws/install/nav_interfaces/include/nav_interfaces/nav_interfaces/action/detail/navigate__traits.hpp
[0.977s] -- Up-to-date symlink: /home/g1/rokey_c_2_ws/install/nav_interfaces/include/nav_interfaces/nav_interfaces/action/navigate.hpp
[0.977s] -- Up-to-date symlink: /home/g1/rokey_c_2_ws/install/nav_interfaces/include/nav_interfaces/nav_interfaces/action/detail/navigate__rosidl_typesupport_fastrtps_cpp.hpp
[0.977s] -- Up-to-date symlink: /home/g1/rokey_c_2_ws/install/nav_interfaces/include/nav_interfaces/nav_interfaces/msg/rosidl_typesupport_fastrtps_cpp__visibility_control.h
[0.978s] -- Up-to-date symlink: /home/g1/rokey_c_2_ws/install/nav_interfaces/include/nav_interfaces/nav_interfaces/action/detail/navigate__rosidl_typesupport_introspection_cpp.hpp
[0.978s] -- Up-to-date symlink: /home/g1/rokey_c_2_ws/install/nav_interfaces/share/nav_interfaces/environment/pythonpath.sh
[0.978s] -- Up-to-date symlink: /home/g1/rokey_c_2_ws/install/nav_interfaces/share/nav_interfaces/environment/pythonpath.dsv
[0.979s] -- Up-to-date symlink: /home/g1/rokey_c_2_ws/install/nav_interfaces/local/lib/python3.10/dist-packages/nav_interfaces-0.0.0-py3.10.egg-info/PKG-INFO
[0.979s] -- Up-to-date symlink: /home/g1/rokey_c_2_ws/install/nav_interfaces/local/lib/python3.10/dist-packages/nav_interfaces-0.0.0-py3.10.egg-info/SOURCES.txt
[0.979s] -- Up-to-date symlink: /home/g1/rokey_c_2_ws/install/nav_interfaces/local/lib/python3.10/dist-packages/nav_interfaces-0.0.0-py3.10.egg-info/dependency_links.txt
[0.979s] -- Up-to-date symlink: /home/g1/rokey_c_2_ws/install/nav_interfaces/local/lib/python3.10/dist-packages/nav_interfaces-0.0.0-py3.10.egg-info/top_level.txt
[0.979s] -- Up-to-date symlink: /home/g1/rokey_c_2_ws/install/nav_interfaces/local/lib/python3.10/dist-packages/nav_interfaces/__init__.py
[0.979s] -- Up-to-date symlink: /home/g1/rokey_c_2_ws/install/nav_interfaces/local/lib/python3.10/dist-packages/nav_interfaces/_nav_interfaces_s.ep.rosidl_typesupport_c.c
[0.979s] -- Up-to-date symlink: /home/g1/rokey_c_2_ws/install/nav_interfaces/local/lib/python3.10/dist-packages/nav_interfaces/_nav_interfaces_s.ep.rosidl_typesupport_fastrtps_c.c
[0.980s] -- Up-to-date symlink: /home/g1/rokey_c_2_ws/install/nav_interfaces/local/lib/python3.10/dist-packages/nav_interfaces/_nav_interfaces_s.ep.rosidl_typesupport_introspection_c.c
[0.980s] -- Up-to-date symlink: /home/g1/rokey_c_2_ws/install/nav_interfaces/local/lib/python3.10/dist-packages/nav_interfaces/action/__init__.py
[0.980s] -- Up-to-date symlink: /home/g1/rokey_c_2_ws/install/nav_interfaces/local/lib/python3.10/dist-packages/nav_interfaces/action/_navigate.py
[0.983s] -- Up-to-date symlink: /home/g1/rokey_c_2_ws/install/nav_interfaces/local/lib/python3.10/dist-packages/nav_interfaces/action/_navigate_s.c
[0.983s] -- Up-to-date symlink: /home/g1/rokey_c_2_ws/install/nav_interfaces/local/lib/python3.10/dist-packages/nav_interfaces/libnav_interfaces__rosidl_generator_py.so
[0.983s] -- Up-to-date symlink: /home/g1/rokey_c_2_ws/install/nav_interfaces/local/lib/python3.10/dist-packages/nav_interfaces/nav_interfaces_s__rosidl_typesupport_c.cpython-310-x86_64-linux-gnu.so
[0.984s] -- Up-to-date symlink: /home/g1/rokey_c_2_ws/install/nav_interfaces/local/lib/python3.10/dist-packages/nav_interfaces/nav_interfaces_s__rosidl_typesupport_fastrtps_c.cpython-310-x86_64-linux-gnu.so
[0.984s] -- Up-to-date symlink: /home/g1/rokey_c_2_ws/install/nav_interfaces/local/lib/python3.10/dist-packages/nav_interfaces/nav_interfaces_s__rosidl_typesupport_introspection_c.cpython-310-x86_64-linux-gnu.so
[0.984s] -- Up-to-date symlink: /home/g1/rokey_c_2_ws/install/nav_interfaces/local/lib/python3.10/dist-packages/nav_interfaces/nav_interfaces_s__rosidl_typesupport_fastrtps_c.cpython-310-x86_64-linux-gnu.so
[0.984s] -- Up-to-date symlink: /home/g1/rokey_c_2_ws/install/nav_interfaces/local/lib/python3.10/dist-packages/nav_interfaces/nav_interfaces_s__rosidl_typesupport_introspection_c.cpython-310-x86_64-linux-gnu.so
[0.984s] -- Up-to-date symlink: /home/g1/rokey_c_2_ws/install/nav_interfaces/local/lib/python3.10/dist-packages/nav_interfaces/nav_interfaces_s__rosidl_typesupport_c.cpython-310-x86_64-linux-gnu.so
[0.985s] -- Up-to-date symlink: /home/g1/rokey_c_2_ws/install/nav_interfaces/share/nav_interfaces/action/Navigate.idl
[0.985s] -- Up-to-date symlink: /home/g1/rokey_c_2_ws/install/nav_interfaces/share/nav_interfaces/action/Navigate.action
[0.985s] -- Up-to-date symlink: /home/g1/rokey_c_2_ws/install/nav_interfaces/share/ament_index/resource_index/package_run_dependencies/nav_interfaces
[0.985s] -- Up-to-date symlink: /home/g1/rokey_c_2_ws/install/nav_interfaces/share/ament_index/resource_index/parent_prefix_path/nav_interfaces
[0.985s] -- Up-to-date symlink: /home/g1/rokey_c_2_ws/install/nav_interfaces/share/nav_interfaces/environment/ament_prefix_path.sh
[0.985s] -- Up-to-date symlink: /home/g1/rokey_c_2_ws/install/nav_interfaces/share/nav_interfaces/environment/ament_prefix_path.dsv
[0.986s] -- Up-to-date symlink: /home/g1/rokey_c_2_ws/install/nav_interfaces/share/nav_interfaces/environment/path.sh
[0.986s] -- Up-to-date symlink: /home/g1/rokey_c_2_ws/install/nav_interfaces/share/nav_interfaces/environment/path.dsv
[0.986s] -- Up-to-date symlink: /home/g1/rokey_c_2_ws/install/nav_interfaces/share/nav_interfaces/local_setup.bash
[0.986s] -- Up-to-date symlink: /home/g1/rokey_c_2_ws/install/nav_interfaces/share/nav_interfaces/local_setup.sh
[0.986s] -- Up-to-date symlink: /home/g1/rokey_c_2_ws/install/nav_interfaces/share/nav_interfaces/local_setup.zsh
[0.986s] -- Up-to-date symlink: /home/g1/rokey_c_2_ws/install/nav_interfaces/share/nav_interfaces/local_setup.dsv
[0.986s] -- Symlinking: /home/g1/rokey_c_2_ws/install/nav_interfaces/share/nav_interfaces/package.dsv
[0.987s] -- Up-to-date symlink: /home/g1/rokey_c_2_ws/install/nav_interfaces/share/ament_index/resource_index/packages/nav_interfaces
[0.988s] -- Up-to-date symlink: /home/g1/rokey_c_2_ws/install/nav_interfaces/share/nav_interfaces/cmake/rosidl_cmake-extras.cmake
[0.989s] -- Up-to-date symlink: /home/g1/rokey_c_2_ws/install/nav_interfaces/share/nav_interfaces/cmake/ament_cmake_export_dependencies-extras.cmake
[0.989s] -- Up-to-date symlink: /home/g1/rokey_c_2_ws/install/nav_interfaces/share/nav_interfaces/cmake/ament_cmake_export_include_directories-extras.cmake
[0.989s] -- Up-to-date symlink: /home/g1/rokey_c_2_ws/install/nav_interfaces/share/nav_interfaces/cmake/ament_cmake_export_libraries-extras.cmake
[0.990s] -- Up-to-date symlink: /home/g1/rokey_c_2_ws/install/nav_interfaces/share/nav_interfaces/cmake/ament_cmake_export_targets-extras.cmake
[0.990s] -- Up-to-date symlink: /home/g1/rokey_c_2_ws/install/nav_interfaces/share/nav_interfaces/cmake/rosidl_cmake_export_typesupport_targets-extras.cmake
[0.990s] -- Up-to-date symlink: /home/g1/rokey_c_2_ws/install/nav_interfaces/share/nav_interfaces/cmake/rosidl_cmake_export_typesupport_libraries-extras.cmake
[0.990s] -- Up-to-date symlink: /home/g1/rokey_c_2_ws/install/nav_interfaces/share/nav_interfaces/cmake/nav_interfacesConfig.cmake
[0.990s] -- Up-to-date symlink: /home/g1/rokey_c_2_ws/install/nav_interfaces/share/nav_interfaces/cmake/nav_interfacesConfig-version.cmake
[0.990s] -- Up-to-date symlink: /home/g1/rokey_c_2_ws/install/nav_interfaces/share/nav_interfaces/package.xml
[0.990s] -- Up-to-date: /home/g1/rokey_c_2_ws/install/nav_interfaces/lib/libnav_interfaces__rosidl_generator_c.so
[0.990s] -- Up-to-date: /home/g1/rokey_c_2_ws/install/nav_interfaces/lib/libnav_interfaces__rosidl_typesupport_fastrtps_c.so
[0.990s] -- Up-to-date: /home/g1/rokey_c_2_ws/install/nav_interfaces/lib/libnav_interfaces__rosidl_typesupport_introspection_c.so
[0.991s] -- Up-to-date: /home/g1/rokey_c_2_ws/install/nav_interfaces/lib/libnav_interfaces__rosidl_typesupport_c.so
[0.991s] -- Up-to-date: /home/g1/rokey_c_2_ws/install/nav_interfaces/lib/libnav_interfaces__rosidl_typesupport_fastrtps_cpp.so
[0.991s] -- Up-to-date: /home/g1/rokey_c_2_ws/install/nav_interfaces/lib/libnav_interfaces__rosidl_typesupport_introspection_cpp.so
[0.991s] -- Up-to-date: /home/g1/rokey_c_2_ws/install/nav_interfaces/lib/libnav_interfaces__rosidl_typesupport_cpp.so
[1.040s] Listing '/home/g1/rokey_c_2_ws/install/nav_interfaces/local/lib/python3.10/dist-packages/nav_interfaces'...
[1.040s] Listing '/home/g1/rokey_c_2_ws/install/nav_interfaces/local/lib/python3.10/dist-packages/nav_interfaces/action'...
[1.046s] -- Up-to-date: /home/g1/rokey_c_2_ws/install/nav_interfaces/lib/libnav_interfaces__rosidl_generator_py.so
[1.046s] -- Up-to-date: /home/g1/rokey_c_2_ws/install/nav_interfaces/share/nav_interfaces/cmake/export_nav_interfaces__rosidl_generator_cExport.cmake
[1.047s] -- Up-to-date: /home/g1/rokey_c_2_ws/install/nav_interfaces/share/nav_interfaces/cmake/export_nav_interfaces__rosidl_generator_cExport-noconfig.cmake
[1.047s] -- Up-to-date: /home/g1/rokey_c_2_ws/install/nav_interfaces/share/nav_interfaces/cmake/export_nav_interfaces__rosidl_typesupport_fastrtps_cExport.cmake
[1.047s] -- Up-to-date: /home/g1/rokey_c_2_ws/install/nav_interfaces/share/nav_interfaces/cmake/export_nav_interfaces__rosidl_typesupport_fastrtps_cExport-noconfig.cmake
[1.048s] -- Up-to-date: /home/g1/rokey_c_2_ws/install/nav_interfaces/share/nav_interfaces/cmake/nav_interfaces__rosidl_typesupport_introspection_cExport.cmake
[1.048s] -- Up-to-date: /home/g1/rokey_c_2_ws/install/nav_interfaces/share/nav_interfaces/cmake/nav_interfaces__rosidl_typesupport_introspection_cExport-noconfig.cmake
[1.048s] -- Up-to-date: /home/g1/rokey_c_2_ws/install/nav_interfaces/share/nav_interfaces/cmake/nav_interfaces__rosidl_typesupport_cExport.cmake
[1.048s] -- Up-to-date: /home/g1/rokey_c_2_ws/install/nav_interfaces/share/nav_interfaces/cmake/nav_interfaces__rosidl_typesupport_cExport-noconfig.cmake
[1.048s] -- Up-to-date: /home/g1/rokey_c_2_ws/install/nav_interfaces/share/nav_interfaces/cmake/export_nav_interfaces__rosidl_generator_cppExport.cmake
[1.048s] -- Up-to-date: /home/g1/rokey_c_2_ws/install/nav_interfaces/share/nav_interfaces/cmake/export_nav_interfaces__rosidl_typesupport_fastrtps_cppExport.cmake
[1.049s] -- Up-to-date: /home/g1/rokey_c_2_ws/install/nav_interfaces/share/nav_interfaces/cmake/export_nav_interfaces__rosidl_typesupport_fastrtps_cppExport-noconfig.cmake
[1.050s] -- Up-to-date: /home/g1/rokey_c_2_ws/install/nav_interfaces/share/nav_interfaces/cmake/nav_interfaces__rosidl_typesupport_introspection_cppExport.cmake
[1.050s] -- Up-to-date: /home/g1/rokey_c_2_ws/install/nav_interfaces/share/nav_interfaces/cmake/nav_interfaces__rosidl_typesupport_introspection_cppExport-noconfig.cmake
[1.050s] -- Up-to-date: /home/g1/rokey_c_2_ws/install/nav_interfaces/share/nav_interfaces/cmake/nav_interfaces__rosidl_typesupport_cppExport.cmake
[1.050s] -- Up-to-date: /home/g1/rokey_c_2_ws/install/nav_interfaces/share/nav_interfaces/cmake/nav_interfaces__rosidl_typesupport_cppExport-noconfig.cmake
[1.050s] -- Up-to-date: /home/g1/rokey_c_2_ws/install/nav_interfaces/share/nav_interfaces/cmake/export_nav_interfaces__rosidl_generator_pyExport.cmake
[1.050s] -- Up-to-date: /home/g1/rokey_c_2_ws/install/nav_interfaces/share/nav_interfaces/cmake/export_nav_interfaces__rosidl_generator_pyExport-noconfig.cmake
[1.064s] Invoked command in '/home/g1/rokey_c_2_ws/build/nav_interfaces' returned '0': CMAKE_PREFIX_PATH=${CMAKE_PREFIX_PATH}:/home/g1/work/turtlebot3_ws/install/turtlebot3_teleop:/home/g1/work/turtlebot3_ws/install/turtlebot3_example:/opt/ros/humble /usr/bin/cmake --install /home/g1/rokey_c_2_ws/build/nav_interfaces
