[0.032s] Invoking command in '/home/aaa/rokey_c_2_ws/build/table_order_interface': CMAKE_PREFIX_PATH=${CMAKE_PREFIX_PATH}:/home/aaa/rokey_c_2_ws/install/table_order:/home/aaa/rokey_c_2_ws/install/serving_robot:/home/aaa/rokey_c_2_ws/install/database:/home/aaa/serving_robot_ws/install/turtlebot3_teleop:/home/aaa/serving_robot_ws/install/turtlebot3_example:/home/aaa/serving_robot_ws/install/turtlebot3_gui:/home/aaa/serving_robot_ws/install/serving_robot:/opt/ros/humble /usr/bin/cmake /home/aaa/rokey_c_2_ws/src/table_order_interface -DAMENT_CMAKE_SYMLINK_INSTALL=1 -DCMAKE_INSTALL_PREFIX=/home/aaa/rokey_c_2_ws/install/table_order_interface
[0.179s] -- The C compiler identification is GNU 11.4.0
[0.292s] -- The CXX compiler identification is GNU 11.4.0
[0.315s] -- Detecting C compiler ABI info
[0.409s] -- Detecting C compiler ABI info - done
[0.417s] -- Check for working C compiler: /usr/bin/cc - skipped
[0.418s] -- Detecting C compile features
[0.420s] -- Detecting C compile features - done
[0.425s] -- Detecting CXX compiler ABI info
[0.518s] -- Detecting CXX compiler ABI info - done
[0.534s] -- Check for working CXX compiler: /usr/bin/c++ - skipped
[0.535s] -- Detecting CXX compile features
[0.536s] -- Detecting CXX compile features - done
[0.544s] -- Found ament_cmake: 1.3.10 (/opt/ros/humble/share/ament_cmake/cmake)
[0.744s] -- Found Python3: /usr/bin/python3 (found version "3.10.12") found components: Interpreter 
[0.832s] -- Override CMake install command with custom implementation using symlinks instead of copying resources
[0.905s] -- Found builtin_interfaces: 1.2.1 (/opt/ros/humble/share/builtin_interfaces/cmake)
[0.970s] -- Found rosidl_generator_c: 3.1.5 (/opt/ros/humble/share/rosidl_generator_c/cmake)
[0.981s] -- Found rosidl_adapter: 3.1.5 (/opt/ros/humble/share/rosidl_adapter/cmake)
[0.999s] -- Found rosidl_generator_cpp: 3.1.5 (/opt/ros/humble/share/rosidl_generator_cpp/cmake)
[1.029s] -- Using all available rosidl_typesupport_c: rosidl_typesupport_fastrtps_c;rosidl_typesupport_introspection_c
[1.064s] -- Using all available rosidl_typesupport_cpp: rosidl_typesupport_fastrtps_cpp;rosidl_typesupport_introspection_cpp
[1.092s] -- Found rosidl_default_generators: 1.2.0 (/opt/ros/humble/share/rosidl_default_generators/cmake)
[1.428s] -- Found ament_cmake_ros: 0.10.0 (/opt/ros/humble/share/ament_cmake_ros/cmake)
[1.844s] -- Using all available rosidl_typesupport_c: rosidl_typesupport_fastrtps_c;rosidl_typesupport_introspection_c
[1.997s] -- Using all available rosidl_typesupport_cpp: rosidl_typesupport_fastrtps_cpp;rosidl_typesupport_introspection_cpp
[2.025s] -- Found PythonInterp: /usr/bin/python3 (found suitable version "3.10.12", minimum required is "3.6") 
[2.029s] -- Found python_cmake_module: 0.10.0 (/opt/ros/humble/share/python_cmake_module/cmake)
[2.071s] -- Found PythonLibs: /usr/lib/x86_64-linux-gnu/libpython3.10.so (found suitable version "3.10.12", minimum required is "3.5") 
[2.071s] -- Using PYTHON_EXECUTABLE: /usr/bin/python3
[2.071s] -- Using PYTHON_INCLUDE_DIRS: /usr/include/python3.10
[2.071s] -- Using PYTHON_LIBRARIES: /usr/lib/x86_64-linux-gnu/libpython3.10.so
[2.099s] -- Found PythonExtra: .so  
[2.162s] -- Found ament_lint_auto: 0.12.11 (/opt/ros/humble/share/ament_lint_auto/cmake)
[2.213s] -- Added test 'lint_cmake' to check CMake code style
[2.215s] -- Added test 'xmllint' to check XML markup files
[2.220s] -- Configuring done
[2.249s] -- Generating done
[2.253s] -- Build files have been written to: /home/aaa/rokey_c_2_ws/build/table_order_interface
[2.259s] Invoked command in '/home/aaa/rokey_c_2_ws/build/table_order_interface' returned '0': CMAKE_PREFIX_PATH=${CMAKE_PREFIX_PATH}:/home/aaa/rokey_c_2_ws/install/table_order:/home/aaa/rokey_c_2_ws/install/serving_robot:/home/aaa/rokey_c_2_ws/install/database:/home/aaa/serving_robot_ws/install/turtlebot3_teleop:/home/aaa/serving_robot_ws/install/turtlebot3_example:/home/aaa/serving_robot_ws/install/turtlebot3_gui:/home/aaa/serving_robot_ws/install/serving_robot:/opt/ros/humble /usr/bin/cmake /home/aaa/rokey_c_2_ws/src/table_order_interface -DAMENT_CMAKE_SYMLINK_INSTALL=1 -DCMAKE_INSTALL_PREFIX=/home/aaa/rokey_c_2_ws/install/table_order_interface
[2.262s] Invoking command in '/home/aaa/rokey_c_2_ws/build/table_order_interface': CMAKE_PREFIX_PATH=${CMAKE_PREFIX_PATH}:/home/aaa/rokey_c_2_ws/install/table_order:/home/aaa/rokey_c_2_ws/install/serving_robot:/home/aaa/rokey_c_2_ws/install/database:/home/aaa/serving_robot_ws/install/turtlebot3_teleop:/home/aaa/serving_robot_ws/install/turtlebot3_example:/home/aaa/serving_robot_ws/install/turtlebot3_gui:/home/aaa/serving_robot_ws/install/serving_robot:/opt/ros/humble /usr/bin/cmake --build /home/aaa/rokey_c_2_ws/build/table_order_interface -- -j11 -l11
[2.307s] [  3%] [34m[1mGenerating C code for ROS interfaces[0m
[2.320s] [  6%] [34m[1mGenerating C++ code for ROS interfaces[0m
[2.330s] [  6%] Built target ament_cmake_python_symlink_table_order_interface
[2.750s] running egg_info
[2.750s] creating table_order_interface.egg-info
[2.750s] writing table_order_interface.egg-info/PKG-INFO
[2.750s] writing dependency_links to table_order_interface.egg-info/dependency_links.txt
[2.750s] writing top-level names to table_order_interface.egg-info/top_level.txt
[2.750s] writing manifest file 'table_order_interface.egg-info/SOURCES.txt'
[2.750s] reading manifest file 'table_order_interface.egg-info/SOURCES.txt'
[2.751s] writing manifest file 'table_order_interface.egg-info/SOURCES.txt'
[2.775s] [  6%] Built target table_order_interface__cpp
[2.792s] [ 12%] [34m[1mGenerating C++ type support for eProsima Fast-RTPS[0m
[2.792s] [ 12%] [34m[1mGenerating C++ type support dispatch for ROS interfaces[0m
[2.792s] [ 12%] Built target ament_cmake_python_build_table_order_interface_egg
[2.792s] [ 16%] [34m[1mGenerating C++ introspection for ROS interfaces[0m
[2.796s] [ 19%] [32mBuilding C object CMakeFiles/table_order_interface__rosidl_generator_c.dir/rosidl_generator_c/table_order_interface/srv/detail/set_order__functions.c.o[0m
[2.925s] [ 22%] [32m[1mLinking C shared library libtable_order_interface__rosidl_generator_c.so[0m
[2.983s] [ 22%] Built target table_order_interface__rosidl_generator_c
[2.998s] [ 25%] [34m[1mGenerating C type support dispatch for ROS interfaces[0m
[3.002s] [ 29%] [34m[1mGenerating C introspection for ROS interfaces[0m
[3.002s] [ 32%] [34m[1mGenerating C type support for eProsima Fast-RTPS[0m
[3.233s] [ 35%] [32mBuilding CXX object CMakeFiles/table_order_interface__rosidl_typesupport_cpp.dir/rosidl_typesupport_cpp/table_order_interface/srv/set_order__type_support.cpp.o[0m
[3.305s] [ 38%] [32mBuilding CXX object CMakeFiles/table_order_interface__rosidl_typesupport_introspection_cpp.dir/rosidl_typesupport_introspection_cpp/table_order_interface/srv/detail/set_order__type_support.cpp.o[0m
[3.329s] [ 41%] [32mBuilding CXX object CMakeFiles/table_order_interface__rosidl_typesupport_fastrtps_cpp.dir/rosidl_typesupport_fastrtps_cpp/table_order_interface/srv/detail/dds_fastrtps/set_order__type_support.cpp.o[0m
[3.488s] [ 45%] [32mBuilding CXX object CMakeFiles/table_order_interface__rosidl_typesupport_c.dir/rosidl_typesupport_c/table_order_interface/srv/set_order__type_support.cpp.o[0m
[3.555s] [ 48%] [32m[1mLinking CXX shared library libtable_order_interface__rosidl_typesupport_c.so[0m
[3.557s] [ 51%] [32mBuilding CXX object CMakeFiles/table_order_interface__rosidl_typesupport_fastrtps_c.dir/rosidl_typesupport_fastrtps_c/table_order_interface/srv/detail/set_order__type_support_c.cpp.o[0m
[3.619s] [ 54%] [32mBuilding C object CMakeFiles/table_order_interface__rosidl_typesupport_introspection_c.dir/rosidl_typesupport_introspection_c/table_order_interface/srv/detail/set_order__type_support.c.o[0m
[3.628s] [ 54%] Built target table_order_interface__rosidl_typesupport_c
[3.714s] [ 58%] [32m[1mLinking C shared library libtable_order_interface__rosidl_typesupport_introspection_c.so[0m
[3.783s] [ 58%] Built target table_order_interface__rosidl_typesupport_introspection_c
[3.888s] [ 61%] [32m[1mLinking CXX shared library libtable_order_interface__rosidl_typesupport_cpp.so[0m
[3.968s] [ 61%] Built target table_order_interface__rosidl_typesupport_cpp
[4.251s] [ 64%] [32m[1mLinking CXX shared library libtable_order_interface__rosidl_typesupport_fastrtps_c.so[0m
[4.251s] [ 67%] [32m[1mLinking CXX shared library libtable_order_interface__rosidl_typesupport_introspection_cpp.so[0m
[4.324s] [ 70%] [32m[1mLinking CXX shared library libtable_order_interface__rosidl_typesupport_fastrtps_cpp.so[0m
[4.524s] [ 70%] Built target table_order_interface__rosidl_typesupport_fastrtps_cpp
[4.559s] [ 70%] Built target table_order_interface__rosidl_typesupport_introspection_cpp
[4.570s] [ 70%] Built target table_order_interface__rosidl_typesupport_fastrtps_c
[4.606s] [ 70%] Built target table_order_interface
[4.650s] [ 74%] [34m[1mGenerating Python code for ROS interfaces[0m
[5.959s] [ 74%] Built target table_order_interface__py
[5.993s] [ 77%] [32mBuilding C object CMakeFiles/table_order_interface__rosidl_generator_py.dir/rosidl_generator_py/table_order_interface/srv/_set_order_s.c.o[0m
[6.179s] [ 80%] [32m[1mLinking C shared library rosidl_generator_py/table_order_interface/libtable_order_interface__rosidl_generator_py.so[0m
[6.225s] [ 80%] Built target table_order_interface__rosidl_generator_py
[6.252s] [ 83%] [32mBuilding C object CMakeFiles/table_order_interface__rosidl_typesupport_introspection_c__pyext.dir/rosidl_generator_py/table_order_interface/_table_order_interface_s.ep.rosidl_typesupport_introspection_c.c.o[0m
[6.252s] [ 87%] [32mBuilding C object CMakeFiles/table_order_interface__rosidl_typesupport_c__pyext.dir/rosidl_generator_py/table_order_interface/_table_order_interface_s.ep.rosidl_typesupport_c.c.o[0m
[6.253s] [ 90%] [32mBuilding C object CMakeFiles/table_order_interface__rosidl_typesupport_fastrtps_c__pyext.dir/rosidl_generator_py/table_order_interface/_table_order_interface_s.ep.rosidl_typesupport_fastrtps_c.c.o[0m
[6.365s] [ 93%] [32m[1mLinking C shared library rosidl_generator_py/table_order_interface/table_order_interface_s__rosidl_typesupport_fastrtps_c.cpython-310-x86_64-linux-gnu.so[0m
[6.366s] [ 96%] [32m[1mLinking C shared library rosidl_generator_py/table_order_interface/table_order_interface_s__rosidl_typesupport_c.cpython-310-x86_64-linux-gnu.so[0m
[6.376s] [100%] [32m[1mLinking C shared library rosidl_generator_py/table_order_interface/table_order_interface_s__rosidl_typesupport_introspection_c.cpython-310-x86_64-linux-gnu.so[0m
[6.414s] [100%] Built target table_order_interface__rosidl_typesupport_fastrtps_c__pyext
[6.415s] [100%] Built target table_order_interface__rosidl_typesupport_c__pyext
[6.426s] [100%] Built target table_order_interface__rosidl_typesupport_introspection_c__pyext
[6.438s] Invoked command in '/home/aaa/rokey_c_2_ws/build/table_order_interface' returned '0': CMAKE_PREFIX_PATH=${CMAKE_PREFIX_PATH}:/home/aaa/rokey_c_2_ws/install/table_order:/home/aaa/rokey_c_2_ws/install/serving_robot:/home/aaa/rokey_c_2_ws/install/database:/home/aaa/serving_robot_ws/install/turtlebot3_teleop:/home/aaa/serving_robot_ws/install/turtlebot3_example:/home/aaa/serving_robot_ws/install/turtlebot3_gui:/home/aaa/serving_robot_ws/install/serving_robot:/opt/ros/humble /usr/bin/cmake --build /home/aaa/rokey_c_2_ws/build/table_order_interface -- -j11 -l11
[6.525s] Invoking command in '/home/aaa/rokey_c_2_ws/build/table_order_interface': CMAKE_PREFIX_PATH=${CMAKE_PREFIX_PATH}:/home/aaa/rokey_c_2_ws/install/table_order:/home/aaa/rokey_c_2_ws/install/serving_robot:/home/aaa/rokey_c_2_ws/install/database:/home/aaa/serving_robot_ws/install/turtlebot3_teleop:/home/aaa/serving_robot_ws/install/turtlebot3_example:/home/aaa/serving_robot_ws/install/turtlebot3_gui:/home/aaa/serving_robot_ws/install/serving_robot:/opt/ros/humble /usr/bin/cmake --install /home/aaa/rokey_c_2_ws/build/table_order_interface
[6.534s] -- Install configuration: ""
[6.535s] -- Execute custom install script
[6.535s] -- Symlinking: /home/aaa/rokey_c_2_ws/install/table_order_interface/share/ament_index/resource_index/rosidl_interfaces/table_order_interface
[6.545s] -- Symlinking: /home/aaa/rokey_c_2_ws/install/table_order_interface/include/table_order_interface/table_order_interface/msg/rosidl_generator_c__visibility_control.h
[6.554s] -- Symlinking: /home/aaa/rokey_c_2_ws/install/table_order_interface/include/table_order_interface/table_order_interface/srv/detail/set_order__functions.h
[6.563s] -- Symlinking: /home/aaa/rokey_c_2_ws/install/table_order_interface/include/table_order_interface/table_order_interface/srv/detail/set_order__struct.h
[6.572s] -- Symlinking: /home/aaa/rokey_c_2_ws/install/table_order_interface/include/table_order_interface/table_order_interface/srv/detail/set_order__type_support.h
[6.582s] -- Symlinking: /home/aaa/rokey_c_2_ws/install/table_order_interface/include/table_order_interface/table_order_interface/srv/set_order.h
[6.590s] -- Symlinking: /home/aaa/rokey_c_2_ws/install/table_order_interface/share/table_order_interface/environment/library_path.sh
[6.601s] -- Symlinking: /home/aaa/rokey_c_2_ws/install/table_order_interface/share/table_order_interface/environment/library_path.dsv
[6.610s] -- Symlinking: /home/aaa/rokey_c_2_ws/install/table_order_interface/include/table_order_interface/table_order_interface/msg/rosidl_typesupport_fastrtps_c__visibility_control.h
[6.619s] -- Symlinking: /home/aaa/rokey_c_2_ws/install/table_order_interface/include/table_order_interface/table_order_interface/srv/detail/set_order__rosidl_typesupport_fastrtps_c.h
[6.629s] -- Symlinking: /home/aaa/rokey_c_2_ws/install/table_order_interface/include/table_order_interface/table_order_interface/srv/detail/set_order__builder.hpp
[6.638s] -- Symlinking: /home/aaa/rokey_c_2_ws/install/table_order_interface/include/table_order_interface/table_order_interface/srv/detail/set_order__struct.hpp
[6.647s] -- Symlinking: /home/aaa/rokey_c_2_ws/install/table_order_interface/include/table_order_interface/table_order_interface/srv/detail/set_order__traits.hpp
[6.655s] -- Symlinking: /home/aaa/rokey_c_2_ws/install/table_order_interface/include/table_order_interface/table_order_interface/srv/set_order.hpp
[6.663s] -- Symlinking: /home/aaa/rokey_c_2_ws/install/table_order_interface/include/table_order_interface/table_order_interface/msg/rosidl_typesupport_fastrtps_cpp__visibility_control.h
[6.675s] -- Symlinking: /home/aaa/rokey_c_2_ws/install/table_order_interface/include/table_order_interface/table_order_interface/srv/detail/set_order__rosidl_typesupport_fastrtps_cpp.hpp
[6.684s] -- Symlinking: /home/aaa/rokey_c_2_ws/install/table_order_interface/include/table_order_interface/table_order_interface/msg/rosidl_typesupport_introspection_c__visibility_control.h
[6.693s] -- Symlinking: /home/aaa/rokey_c_2_ws/install/table_order_interface/include/table_order_interface/table_order_interface/srv/detail/set_order__rosidl_typesupport_introspection_c.h
[6.704s] -- Symlinking: /home/aaa/rokey_c_2_ws/install/table_order_interface/include/table_order_interface/table_order_interface/srv/detail/set_order__rosidl_typesupport_introspection_cpp.hpp
[6.714s] -- Symlinking: /home/aaa/rokey_c_2_ws/install/table_order_interface/share/table_order_interface/environment/pythonpath.sh
[6.725s] -- Symlinking: /home/aaa/rokey_c_2_ws/install/table_order_interface/share/table_order_interface/environment/pythonpath.dsv
[6.734s] -- Symlinking: /home/aaa/rokey_c_2_ws/install/table_order_interface/local/lib/python3.10/dist-packages/table_order_interface-0.0.0-py3.10.egg-info/PKG-INFO
[6.742s] -- Symlinking: /home/aaa/rokey_c_2_ws/install/table_order_interface/local/lib/python3.10/dist-packages/table_order_interface-0.0.0-py3.10.egg-info/SOURCES.txt
[6.751s] -- Symlinking: /home/aaa/rokey_c_2_ws/install/table_order_interface/local/lib/python3.10/dist-packages/table_order_interface-0.0.0-py3.10.egg-info/dependency_links.txt
[6.764s] -- Symlinking: /home/aaa/rokey_c_2_ws/install/table_order_interface/local/lib/python3.10/dist-packages/table_order_interface-0.0.0-py3.10.egg-info/top_level.txt
[6.775s] -- Symlinking: /home/aaa/rokey_c_2_ws/install/table_order_interface/local/lib/python3.10/dist-packages/table_order_interface/__init__.py
[6.785s] -- Symlinking: /home/aaa/rokey_c_2_ws/install/table_order_interface/local/lib/python3.10/dist-packages/table_order_interface/_table_order_interface_s.ep.rosidl_typesupport_c.c
[6.798s] -- Symlinking: /home/aaa/rokey_c_2_ws/install/table_order_interface/local/lib/python3.10/dist-packages/table_order_interface/_table_order_interface_s.ep.rosidl_typesupport_fastrtps_c.c
[6.809s] -- Symlinking: /home/aaa/rokey_c_2_ws/install/table_order_interface/local/lib/python3.10/dist-packages/table_order_interface/_table_order_interface_s.ep.rosidl_typesupport_introspection_c.c
[6.820s] -- Symlinking: /home/aaa/rokey_c_2_ws/install/table_order_interface/local/lib/python3.10/dist-packages/table_order_interface/libtable_order_interface__rosidl_generator_py.so
[6.830s] -- Symlinking: /home/aaa/rokey_c_2_ws/install/table_order_interface/local/lib/python3.10/dist-packages/table_order_interface/srv/__init__.py
[6.841s] -- Symlinking: /home/aaa/rokey_c_2_ws/install/table_order_interface/local/lib/python3.10/dist-packages/table_order_interface/srv/_set_order.py
[6.851s] -- Symlinking: /home/aaa/rokey_c_2_ws/install/table_order_interface/local/lib/python3.10/dist-packages/table_order_interface/srv/_set_order_s.c
[6.860s] -- Symlinking: /home/aaa/rokey_c_2_ws/install/table_order_interface/local/lib/python3.10/dist-packages/table_order_interface/table_order_interface_s__rosidl_typesupport_c.cpython-310-x86_64-linux-gnu.so
[6.871s] -- Symlinking: /home/aaa/rokey_c_2_ws/install/table_order_interface/local/lib/python3.10/dist-packages/table_order_interface/table_order_interface_s__rosidl_typesupport_fastrtps_c.cpython-310-x86_64-linux-gnu.so
[6.882s] -- Symlinking: /home/aaa/rokey_c_2_ws/install/table_order_interface/local/lib/python3.10/dist-packages/table_order_interface/table_order_interface_s__rosidl_typesupport_introspection_c.cpython-310-x86_64-linux-gnu.so
[6.891s] -- Up-to-date symlink: /home/aaa/rokey_c_2_ws/install/table_order_interface/local/lib/python3.10/dist-packages/table_order_interface/table_order_interface_s__rosidl_typesupport_fastrtps_c.cpython-310-x86_64-linux-gnu.so
[6.891s] -- Up-to-date symlink: /home/aaa/rokey_c_2_ws/install/table_order_interface/local/lib/python3.10/dist-packages/table_order_interface/table_order_interface_s__rosidl_typesupport_introspection_c.cpython-310-x86_64-linux-gnu.so
[6.892s] -- Up-to-date symlink: /home/aaa/rokey_c_2_ws/install/table_order_interface/local/lib/python3.10/dist-packages/table_order_interface/table_order_interface_s__rosidl_typesupport_c.cpython-310-x86_64-linux-gnu.so
[6.892s] -- Symlinking: /home/aaa/rokey_c_2_ws/install/table_order_interface/share/table_order_interface/srv/SetOrder.idl
[6.906s] -- Symlinking: /home/aaa/rokey_c_2_ws/install/table_order_interface/share/table_order_interface/srv/SetOrder.srv
[6.915s] -- Symlinking: /home/aaa/rokey_c_2_ws/install/table_order_interface/share/table_order_interface/srv/SetOrder_Request.msg
[6.927s] -- Symlinking: /home/aaa/rokey_c_2_ws/install/table_order_interface/share/table_order_interface/srv/SetOrder_Response.msg
[6.938s] -- Symlinking: /home/aaa/rokey_c_2_ws/install/table_order_interface/share/ament_index/resource_index/package_run_dependencies/table_order_interface
[6.949s] -- Symlinking: /home/aaa/rokey_c_2_ws/install/table_order_interface/share/ament_index/resource_index/parent_prefix_path/table_order_interface
[6.959s] -- Symlinking: /home/aaa/rokey_c_2_ws/install/table_order_interface/share/table_order_interface/environment/ament_prefix_path.sh
[6.969s] -- Symlinking: /home/aaa/rokey_c_2_ws/install/table_order_interface/share/table_order_interface/environment/ament_prefix_path.dsv
[6.980s] -- Symlinking: /home/aaa/rokey_c_2_ws/install/table_order_interface/share/table_order_interface/environment/path.sh
[6.989s] -- Symlinking: /home/aaa/rokey_c_2_ws/install/table_order_interface/share/table_order_interface/environment/path.dsv
[6.999s] -- Symlinking: /home/aaa/rokey_c_2_ws/install/table_order_interface/share/table_order_interface/local_setup.bash
[7.012s] -- Symlinking: /home/aaa/rokey_c_2_ws/install/table_order_interface/share/table_order_interface/local_setup.sh
[7.024s] -- Symlinking: /home/aaa/rokey_c_2_ws/install/table_order_interface/share/table_order_interface/local_setup.zsh
[7.033s] -- Symlinking: /home/aaa/rokey_c_2_ws/install/table_order_interface/share/table_order_interface/local_setup.dsv
[7.041s] -- Symlinking: /home/aaa/rokey_c_2_ws/install/table_order_interface/share/table_order_interface/package.dsv
[7.049s] -- Symlinking: /home/aaa/rokey_c_2_ws/install/table_order_interface/share/ament_index/resource_index/packages/table_order_interface
[7.057s] -- Symlinking: /home/aaa/rokey_c_2_ws/install/table_order_interface/share/table_order_interface/cmake/rosidl_cmake-extras.cmake
[7.066s] -- Symlinking: /home/aaa/rokey_c_2_ws/install/table_order_interface/share/table_order_interface/cmake/ament_cmake_export_dependencies-extras.cmake
[7.074s] -- Symlinking: /home/aaa/rokey_c_2_ws/install/table_order_interface/share/table_order_interface/cmake/ament_cmake_export_include_directories-extras.cmake
[7.082s] -- Symlinking: /home/aaa/rokey_c_2_ws/install/table_order_interface/share/table_order_interface/cmake/ament_cmake_export_libraries-extras.cmake
[7.091s] -- Symlinking: /home/aaa/rokey_c_2_ws/install/table_order_interface/share/table_order_interface/cmake/ament_cmake_export_targets-extras.cmake
[7.101s] -- Symlinking: /home/aaa/rokey_c_2_ws/install/table_order_interface/share/table_order_interface/cmake/rosidl_cmake_export_typesupport_targets-extras.cmake
[7.110s] -- Symlinking: /home/aaa/rokey_c_2_ws/install/table_order_interface/share/table_order_interface/cmake/rosidl_cmake_export_typesupport_libraries-extras.cmake
[7.121s] -- Symlinking: /home/aaa/rokey_c_2_ws/install/table_order_interface/share/table_order_interface/cmake/table_order_interfaceConfig.cmake
[7.132s] -- Symlinking: /home/aaa/rokey_c_2_ws/install/table_order_interface/share/table_order_interface/cmake/table_order_interfaceConfig-version.cmake
[7.141s] -- Symlinking: /home/aaa/rokey_c_2_ws/install/table_order_interface/share/table_order_interface/package.xml
[7.151s] -- Installing: /home/aaa/rokey_c_2_ws/install/table_order_interface/lib/libtable_order_interface__rosidl_generator_c.so
[7.151s] -- Set runtime path of "/home/aaa/rokey_c_2_ws/install/table_order_interface/lib/libtable_order_interface__rosidl_generator_c.so" to ""
[7.151s] -- Installing: /home/aaa/rokey_c_2_ws/install/table_order_interface/lib/libtable_order_interface__rosidl_typesupport_fastrtps_c.so
[7.151s] -- Set runtime path of "/home/aaa/rokey_c_2_ws/install/table_order_interface/lib/libtable_order_interface__rosidl_typesupport_fastrtps_c.so" to ""
[7.151s] -- Installing: /home/aaa/rokey_c_2_ws/install/table_order_interface/lib/libtable_order_interface__rosidl_typesupport_fastrtps_cpp.so
[7.151s] -- Set runtime path of "/home/aaa/rokey_c_2_ws/install/table_order_interface/lib/libtable_order_interface__rosidl_typesupport_fastrtps_cpp.so" to ""
[7.151s] -- Installing: /home/aaa/rokey_c_2_ws/install/table_order_interface/lib/libtable_order_interface__rosidl_typesupport_introspection_c.so
[7.151s] -- Set runtime path of "/home/aaa/rokey_c_2_ws/install/table_order_interface/lib/libtable_order_interface__rosidl_typesupport_introspection_c.so" to ""
[7.151s] -- Installing: /home/aaa/rokey_c_2_ws/install/table_order_interface/lib/libtable_order_interface__rosidl_typesupport_c.so
[7.151s] -- Set runtime path of "/home/aaa/rokey_c_2_ws/install/table_order_interface/lib/libtable_order_interface__rosidl_typesupport_c.so" to ""
[7.151s] -- Installing: /home/aaa/rokey_c_2_ws/install/table_order_interface/lib/libtable_order_interface__rosidl_typesupport_introspection_cpp.so
[7.151s] -- Set runtime path of "/home/aaa/rokey_c_2_ws/install/table_order_interface/lib/libtable_order_interface__rosidl_typesupport_introspection_cpp.so" to ""
[7.151s] -- Installing: /home/aaa/rokey_c_2_ws/install/table_order_interface/lib/libtable_order_interface__rosidl_typesupport_cpp.so
[7.151s] -- Set runtime path of "/home/aaa/rokey_c_2_ws/install/table_order_interface/lib/libtable_order_interface__rosidl_typesupport_cpp.so" to ""
[7.190s] Listing '/home/aaa/rokey_c_2_ws/install/table_order_interface/local/lib/python3.10/dist-packages/table_order_interface'...
[7.191s] Compiling '/home/aaa/rokey_c_2_ws/install/table_order_interface/local/lib/python3.10/dist-packages/table_order_interface/__init__.py'...
[7.191s] Listing '/home/aaa/rokey_c_2_ws/install/table_order_interface/local/lib/python3.10/dist-packages/table_order_interface/srv'...
[7.191s] Compiling '/home/aaa/rokey_c_2_ws/install/table_order_interface/local/lib/python3.10/dist-packages/table_order_interface/srv/__init__.py'...
[7.191s] Compiling '/home/aaa/rokey_c_2_ws/install/table_order_interface/local/lib/python3.10/dist-packages/table_order_interface/srv/_set_order.py'...
[7.198s] -- Installing: /home/aaa/rokey_c_2_ws/install/table_order_interface/lib/libtable_order_interface__rosidl_generator_py.so
[7.198s] -- Set runtime path of "/home/aaa/rokey_c_2_ws/install/table_order_interface/lib/libtable_order_interface__rosidl_generator_py.so" to ""
[7.198s] -- Installing: /home/aaa/rokey_c_2_ws/install/table_order_interface/share/table_order_interface/cmake/export_table_order_interface__rosidl_generator_cExport.cmake
[7.198s] -- Installing: /home/aaa/rokey_c_2_ws/install/table_order_interface/share/table_order_interface/cmake/export_table_order_interface__rosidl_generator_cExport-noconfig.cmake
[7.198s] -- Installing: /home/aaa/rokey_c_2_ws/install/table_order_interface/share/table_order_interface/cmake/export_table_order_interface__rosidl_typesupport_fastrtps_cExport.cmake
[7.198s] -- Installing: /home/aaa/rokey_c_2_ws/install/table_order_interface/share/table_order_interface/cmake/export_table_order_interface__rosidl_typesupport_fastrtps_cExport-noconfig.cmake
[7.198s] -- Installing: /home/aaa/rokey_c_2_ws/install/table_order_interface/share/table_order_interface/cmake/export_table_order_interface__rosidl_generator_cppExport.cmake
[7.198s] -- Installing: /home/aaa/rokey_c_2_ws/install/table_order_interface/share/table_order_interface/cmake/export_table_order_interface__rosidl_typesupport_fastrtps_cppExport.cmake
[7.198s] -- Installing: /home/aaa/rokey_c_2_ws/install/table_order_interface/share/table_order_interface/cmake/export_table_order_interface__rosidl_typesupport_fastrtps_cppExport-noconfig.cmake
[7.198s] -- Installing: /home/aaa/rokey_c_2_ws/install/table_order_interface/share/table_order_interface/cmake/table_order_interface__rosidl_typesupport_introspection_cExport.cmake
[7.198s] -- Installing: /home/aaa/rokey_c_2_ws/install/table_order_interface/share/table_order_interface/cmake/table_order_interface__rosidl_typesupport_introspection_cExport-noconfig.cmake
[7.198s] -- Installing: /home/aaa/rokey_c_2_ws/install/table_order_interface/share/table_order_interface/cmake/table_order_interface__rosidl_typesupport_cExport.cmake
[7.198s] -- Installing: /home/aaa/rokey_c_2_ws/install/table_order_interface/share/table_order_interface/cmake/table_order_interface__rosidl_typesupport_cExport-noconfig.cmake
[7.199s] -- Installing: /home/aaa/rokey_c_2_ws/install/table_order_interface/share/table_order_interface/cmake/table_order_interface__rosidl_typesupport_introspection_cppExport.cmake
[7.199s] -- Installing: /home/aaa/rokey_c_2_ws/install/table_order_interface/share/table_order_interface/cmake/table_order_interface__rosidl_typesupport_introspection_cppExport-noconfig.cmake
[7.199s] -- Installing: /home/aaa/rokey_c_2_ws/install/table_order_interface/share/table_order_interface/cmake/table_order_interface__rosidl_typesupport_cppExport.cmake
[7.199s] -- Installing: /home/aaa/rokey_c_2_ws/install/table_order_interface/share/table_order_interface/cmake/table_order_interface__rosidl_typesupport_cppExport-noconfig.cmake
[7.199s] -- Installing: /home/aaa/rokey_c_2_ws/install/table_order_interface/share/table_order_interface/cmake/export_table_order_interface__rosidl_generator_pyExport.cmake
[7.199s] -- Installing: /home/aaa/rokey_c_2_ws/install/table_order_interface/share/table_order_interface/cmake/export_table_order_interface__rosidl_generator_pyExport-noconfig.cmake
[7.201s] Invoked command in '/home/aaa/rokey_c_2_ws/build/table_order_interface' returned '0': CMAKE_PREFIX_PATH=${CMAKE_PREFIX_PATH}:/home/aaa/rokey_c_2_ws/install/table_order:/home/aaa/rokey_c_2_ws/install/serving_robot:/home/aaa/rokey_c_2_ws/install/database:/home/aaa/serving_robot_ws/install/turtlebot3_teleop:/home/aaa/serving_robot_ws/install/turtlebot3_example:/home/aaa/serving_robot_ws/install/turtlebot3_gui:/home/aaa/serving_robot_ws/install/serving_robot:/opt/ros/humble /usr/bin/cmake --install /home/aaa/rokey_c_2_ws/build/table_order_interface
