[0.614s] Invoking command in '/home/psb/rokey_c_2_ws/build/nav_interfaces': CMAKE_PREFIX_PATH=${CMAKE_PREFIX_PATH}:/home/psb/rokey_c_2_ws/install/turtlebot3_gui:/home/psb/rokey_c_2_ws/install/table_order:/home/psb/rokey_c_2_ws/install/serving_robot:/home/psb/rokey_c_2_ws/install/database:/home/psb/rokey_c_2_ws/install/c2_turtle_order_package:/home/psb/turtlebot3_ws/install/turtlebot3_teleop:/home/psb/turtlebot3_ws/install/turtlebot3_example:/opt/ros/humble /usr/bin/cmake --build /home/psb/rokey_c_2_ws/build/nav_interfaces -- -j8 -l8
[0.708s] [  9%] Built target nav_interfaces__rosidl_generator_c
[0.709s] [ 12%] Built target nav_interfaces__cpp
[0.728s] [ 12%] Built target ament_cmake_python_copy_nav_interfaces
[0.778s] [ 22%] Built target nav_interfaces__rosidl_typesupport_introspection_c
[0.778s] [ 32%] Built target nav_interfaces__rosidl_typesupport_c
[0.780s] [ 41%] Built target nav_interfaces__rosidl_typesupport_fastrtps_c
[0.781s] [ 51%] Built target nav_interfaces__rosidl_typesupport_introspection_cpp
[0.789s] [ 61%] Built target nav_interfaces__rosidl_typesupport_fastrtps_cpp
[0.790s] [ 70%] Built target nav_interfaces__rosidl_typesupport_cpp
[0.829s] [ 70%] Built target nav_interfaces
[0.860s] [ 74%] Built target nav_interfaces__py
[0.894s] [ 80%] Built target nav_interfaces__rosidl_generator_py
[0.935s] [ 87%] Built target nav_interfaces__rosidl_typesupport_fastrtps_c__pyext
[0.935s] [ 93%] Built target nav_interfaces__rosidl_typesupport_c__pyext
[0.939s] [100%] Built target nav_interfaces__rosidl_typesupport_introspection_c__pyext
[1.263s] running egg_info
[1.264s] writing nav_interfaces.egg-info/PKG-INFO
[1.265s] writing dependency_links to nav_interfaces.egg-info/dependency_links.txt
[1.265s] writing top-level names to nav_interfaces.egg-info/top_level.txt
[1.269s] reading manifest file 'nav_interfaces.egg-info/SOURCES.txt'
[1.270s] writing manifest file 'nav_interfaces.egg-info/SOURCES.txt'
[1.320s] [100%] Built target ament_cmake_python_build_nav_interfaces_egg
[1.358s] Invoked command in '/home/psb/rokey_c_2_ws/build/nav_interfaces' returned '0': CMAKE_PREFIX_PATH=${CMAKE_PREFIX_PATH}:/home/psb/rokey_c_2_ws/install/turtlebot3_gui:/home/psb/rokey_c_2_ws/install/table_order:/home/psb/rokey_c_2_ws/install/serving_robot:/home/psb/rokey_c_2_ws/install/database:/home/psb/rokey_c_2_ws/install/c2_turtle_order_package:/home/psb/turtlebot3_ws/install/turtlebot3_teleop:/home/psb/turtlebot3_ws/install/turtlebot3_example:/opt/ros/humble /usr/bin/cmake --build /home/psb/rokey_c_2_ws/build/nav_interfaces -- -j8 -l8
[1.485s] Invoking command in '/home/psb/rokey_c_2_ws/build/nav_interfaces': CMAKE_PREFIX_PATH=${CMAKE_PREFIX_PATH}:/home/psb/rokey_c_2_ws/install/turtlebot3_gui:/home/psb/rokey_c_2_ws/install/table_order:/home/psb/rokey_c_2_ws/install/serving_robot:/home/psb/rokey_c_2_ws/install/database:/home/psb/rokey_c_2_ws/install/c2_turtle_order_package:/home/psb/turtlebot3_ws/install/turtlebot3_teleop:/home/psb/turtlebot3_ws/install/turtlebot3_example:/opt/ros/humble /usr/bin/cmake --install /home/psb/rokey_c_2_ws/build/nav_interfaces
[1.502s] -- Install configuration: ""
[1.502s] -- Up-to-date: /home/psb/rokey_c_2_ws/install/nav_interfaces/share/ament_index/resource_index/rosidl_interfaces/nav_interfaces
[1.503s] -- Up-to-date: /home/psb/rokey_c_2_ws/install/nav_interfaces/include/nav_interfaces/nav_interfaces
[1.503s] -- Up-to-date: /home/psb/rokey_c_2_ws/install/nav_interfaces/include/nav_interfaces/nav_interfaces/msg
[1.503s] -- Up-to-date: /home/psb/rokey_c_2_ws/install/nav_interfaces/include/nav_interfaces/nav_interfaces/msg/rosidl_generator_c__visibility_control.h
[1.503s] -- Up-to-date: /home/psb/rokey_c_2_ws/install/nav_interfaces/include/nav_interfaces/nav_interfaces/action
[1.503s] -- Up-to-date: /home/psb/rokey_c_2_ws/install/nav_interfaces/include/nav_interfaces/nav_interfaces/action/navigate.h
[1.504s] -- Up-to-date: /home/psb/rokey_c_2_ws/install/nav_interfaces/include/nav_interfaces/nav_interfaces/action/detail
[1.504s] -- Up-to-date: /home/psb/rokey_c_2_ws/install/nav_interfaces/include/nav_interfaces/nav_interfaces/action/detail/navigate__struct.h
[1.504s] -- Up-to-date: /home/psb/rokey_c_2_ws/install/nav_interfaces/include/nav_interfaces/nav_interfaces/action/detail/navigate__type_support.h
[1.504s] -- Up-to-date: /home/psb/rokey_c_2_ws/install/nav_interfaces/include/nav_interfaces/nav_interfaces/action/detail/navigate__functions.h
[1.504s] -- Up-to-date: /home/psb/rokey_c_2_ws/install/nav_interfaces/include/nav_interfaces/nav_interfaces/action/detail/navigate__functions.c
[1.504s] -- Up-to-date: /home/psb/rokey_c_2_ws/install/nav_interfaces/share/nav_interfaces/environment/library_path.sh
[1.505s] -- Up-to-date: /home/psb/rokey_c_2_ws/install/nav_interfaces/share/nav_interfaces/environment/library_path.dsv
[1.505s] -- Up-to-date: /home/psb/rokey_c_2_ws/install/nav_interfaces/lib/libnav_interfaces__rosidl_generator_c.so
[1.505s] -- Up-to-date: /home/psb/rokey_c_2_ws/install/nav_interfaces/include/nav_interfaces/nav_interfaces
[1.505s] -- Up-to-date: /home/psb/rokey_c_2_ws/install/nav_interfaces/include/nav_interfaces/nav_interfaces/msg
[1.505s] -- Up-to-date: /home/psb/rokey_c_2_ws/install/nav_interfaces/include/nav_interfaces/nav_interfaces/msg/rosidl_typesupport_fastrtps_c__visibility_control.h
[1.505s] -- Up-to-date: /home/psb/rokey_c_2_ws/install/nav_interfaces/include/nav_interfaces/nav_interfaces/action
[1.505s] -- Up-to-date: /home/psb/rokey_c_2_ws/install/nav_interfaces/include/nav_interfaces/nav_interfaces/action/detail
[1.506s] -- Up-to-date: /home/psb/rokey_c_2_ws/install/nav_interfaces/include/nav_interfaces/nav_interfaces/action/detail/navigate__rosidl_typesupport_fastrtps_c.h
[1.506s] -- Up-to-date: /home/psb/rokey_c_2_ws/install/nav_interfaces/lib/libnav_interfaces__rosidl_typesupport_fastrtps_c.so
[1.506s] -- Up-to-date: /home/psb/rokey_c_2_ws/install/nav_interfaces/include/nav_interfaces/nav_interfaces
[1.506s] -- Up-to-date: /home/psb/rokey_c_2_ws/install/nav_interfaces/include/nav_interfaces/nav_interfaces/msg
[1.506s] -- Up-to-date: /home/psb/rokey_c_2_ws/install/nav_interfaces/include/nav_interfaces/nav_interfaces/msg/rosidl_typesupport_introspection_c__visibility_control.h
[1.507s] -- Up-to-date: /home/psb/rokey_c_2_ws/install/nav_interfaces/include/nav_interfaces/nav_interfaces/action
[1.507s] -- Up-to-date: /home/psb/rokey_c_2_ws/install/nav_interfaces/include/nav_interfaces/nav_interfaces/action/detail
[1.507s] -- Up-to-date: /home/psb/rokey_c_2_ws/install/nav_interfaces/include/nav_interfaces/nav_interfaces/action/detail/navigate__type_support.c
[1.507s] -- Up-to-date: /home/psb/rokey_c_2_ws/install/nav_interfaces/include/nav_interfaces/nav_interfaces/action/detail/navigate__rosidl_typesupport_introspection_c.h
[1.507s] -- Up-to-date: /home/psb/rokey_c_2_ws/install/nav_interfaces/lib/libnav_interfaces__rosidl_typesupport_introspection_c.so
[1.508s] -- Up-to-date: /home/psb/rokey_c_2_ws/install/nav_interfaces/lib/libnav_interfaces__rosidl_typesupport_c.so
[1.508s] -- Up-to-date: /home/psb/rokey_c_2_ws/install/nav_interfaces/include/nav_interfaces/nav_interfaces
[1.508s] -- Up-to-date: /home/psb/rokey_c_2_ws/install/nav_interfaces/include/nav_interfaces/nav_interfaces/action
[1.508s] -- Up-to-date: /home/psb/rokey_c_2_ws/install/nav_interfaces/include/nav_interfaces/nav_interfaces/action/detail
[1.508s] -- Up-to-date: /home/psb/rokey_c_2_ws/install/nav_interfaces/include/nav_interfaces/nav_interfaces/action/detail/navigate__struct.hpp
[1.508s] -- Up-to-date: /home/psb/rokey_c_2_ws/install/nav_interfaces/include/nav_interfaces/nav_interfaces/action/detail/navigate__traits.hpp
[1.508s] -- Up-to-date: /home/psb/rokey_c_2_ws/install/nav_interfaces/include/nav_interfaces/nav_interfaces/action/detail/navigate__builder.hpp
[1.508s] -- Up-to-date: /home/psb/rokey_c_2_ws/install/nav_interfaces/include/nav_interfaces/nav_interfaces/action/navigate.hpp
[1.509s] -- Up-to-date: /home/psb/rokey_c_2_ws/install/nav_interfaces/include/nav_interfaces/nav_interfaces
[1.509s] -- Up-to-date: /home/psb/rokey_c_2_ws/install/nav_interfaces/include/nav_interfaces/nav_interfaces/msg
[1.509s] -- Up-to-date: /home/psb/rokey_c_2_ws/install/nav_interfaces/include/nav_interfaces/nav_interfaces/msg/rosidl_typesupport_fastrtps_cpp__visibility_control.h
[1.509s] -- Up-to-date: /home/psb/rokey_c_2_ws/install/nav_interfaces/include/nav_interfaces/nav_interfaces/action
[1.509s] -- Up-to-date: /home/psb/rokey_c_2_ws/install/nav_interfaces/include/nav_interfaces/nav_interfaces/action/detail
[1.509s] -- Up-to-date: /home/psb/rokey_c_2_ws/install/nav_interfaces/include/nav_interfaces/nav_interfaces/action/detail/dds_fastrtps
[1.510s] -- Up-to-date: /home/psb/rokey_c_2_ws/install/nav_interfaces/include/nav_interfaces/nav_interfaces/action/detail/navigate__rosidl_typesupport_fastrtps_cpp.hpp
[1.510s] -- Up-to-date: /home/psb/rokey_c_2_ws/install/nav_interfaces/lib/libnav_interfaces__rosidl_typesupport_fastrtps_cpp.so
[1.510s] -- Up-to-date: /home/psb/rokey_c_2_ws/install/nav_interfaces/include/nav_interfaces/nav_interfaces
[1.510s] -- Up-to-date: /home/psb/rokey_c_2_ws/install/nav_interfaces/include/nav_interfaces/nav_interfaces/action
[1.510s] -- Up-to-date: /home/psb/rokey_c_2_ws/install/nav_interfaces/include/nav_interfaces/nav_interfaces/action/detail
[1.510s] -- Up-to-date: /home/psb/rokey_c_2_ws/install/nav_interfaces/include/nav_interfaces/nav_interfaces/action/detail/navigate__type_support.cpp
[1.510s] -- Up-to-date: /home/psb/rokey_c_2_ws/install/nav_interfaces/include/nav_interfaces/nav_interfaces/action/detail/navigate__rosidl_typesupport_introspection_cpp.hpp
[1.511s] -- Up-to-date: /home/psb/rokey_c_2_ws/install/nav_interfaces/lib/libnav_interfaces__rosidl_typesupport_introspection_cpp.so
[1.511s] -- Up-to-date: /home/psb/rokey_c_2_ws/install/nav_interfaces/lib/libnav_interfaces__rosidl_typesupport_cpp.so
[1.511s] -- Up-to-date: /home/psb/rokey_c_2_ws/install/nav_interfaces/share/nav_interfaces/environment/pythonpath.sh
[1.511s] -- Up-to-date: /home/psb/rokey_c_2_ws/install/nav_interfaces/share/nav_interfaces/environment/pythonpath.dsv
[1.511s] -- Up-to-date: /home/psb/rokey_c_2_ws/install/nav_interfaces/local/lib/python3.10/dist-packages/nav_interfaces-0.0.0-py3.10.egg-info
[1.511s] -- Installing: /home/psb/rokey_c_2_ws/install/nav_interfaces/local/lib/python3.10/dist-packages/nav_interfaces-0.0.0-py3.10.egg-info/SOURCES.txt
[1.512s] -- Installing: /home/psb/rokey_c_2_ws/install/nav_interfaces/local/lib/python3.10/dist-packages/nav_interfaces-0.0.0-py3.10.egg-info/top_level.txt
[1.512s] -- Installing: /home/psb/rokey_c_2_ws/install/nav_interfaces/local/lib/python3.10/dist-packages/nav_interfaces-0.0.0-py3.10.egg-info/PKG-INFO
[1.512s] -- Installing: /home/psb/rokey_c_2_ws/install/nav_interfaces/local/lib/python3.10/dist-packages/nav_interfaces-0.0.0-py3.10.egg-info/dependency_links.txt
[1.512s] -- Up-to-date: /home/psb/rokey_c_2_ws/install/nav_interfaces/local/lib/python3.10/dist-packages/nav_interfaces
[1.512s] -- Up-to-date: /home/psb/rokey_c_2_ws/install/nav_interfaces/local/lib/python3.10/dist-packages/nav_interfaces/__init__.py
[1.512s] -- Up-to-date: /home/psb/rokey_c_2_ws/install/nav_interfaces/local/lib/python3.10/dist-packages/nav_interfaces/_nav_interfaces_s.ep.rosidl_typesupport_introspection_c.c
[1.513s] -- Up-to-date: /home/psb/rokey_c_2_ws/install/nav_interfaces/local/lib/python3.10/dist-packages/nav_interfaces/nav_interfaces_s__rosidl_typesupport_introspection_c.cpython-310-x86_64-linux-gnu.so
[1.513s] -- Up-to-date: /home/psb/rokey_c_2_ws/install/nav_interfaces/local/lib/python3.10/dist-packages/nav_interfaces/nav_interfaces_s__rosidl_typesupport_fastrtps_c.cpython-310-x86_64-linux-gnu.so
[1.513s] -- Up-to-date: /home/psb/rokey_c_2_ws/install/nav_interfaces/local/lib/python3.10/dist-packages/nav_interfaces/libnav_interfaces__rosidl_generator_py.so
[1.513s] -- Up-to-date: /home/psb/rokey_c_2_ws/install/nav_interfaces/local/lib/python3.10/dist-packages/nav_interfaces/nav_interfaces_s__rosidl_typesupport_c.cpython-310-x86_64-linux-gnu.so
[1.513s] -- Up-to-date: /home/psb/rokey_c_2_ws/install/nav_interfaces/local/lib/python3.10/dist-packages/nav_interfaces/_nav_interfaces_s.ep.rosidl_typesupport_fastrtps_c.c
[1.513s] -- Up-to-date: /home/psb/rokey_c_2_ws/install/nav_interfaces/local/lib/python3.10/dist-packages/nav_interfaces/_nav_interfaces_s.ep.rosidl_typesupport_c.c
[1.513s] -- Up-to-date: /home/psb/rokey_c_2_ws/install/nav_interfaces/local/lib/python3.10/dist-packages/nav_interfaces/action
[1.514s] -- Up-to-date: /home/psb/rokey_c_2_ws/install/nav_interfaces/local/lib/python3.10/dist-packages/nav_interfaces/action/__init__.py
[1.514s] -- Up-to-date: /home/psb/rokey_c_2_ws/install/nav_interfaces/local/lib/python3.10/dist-packages/nav_interfaces/action/_navigate_s.c
[1.514s] -- Up-to-date: /home/psb/rokey_c_2_ws/install/nav_interfaces/local/lib/python3.10/dist-packages/nav_interfaces/action/_navigate.py
[1.592s] Listing '/home/psb/rokey_c_2_ws/install/nav_interfaces/local/lib/python3.10/dist-packages/nav_interfaces'...
[1.592s] Listing '/home/psb/rokey_c_2_ws/install/nav_interfaces/local/lib/python3.10/dist-packages/nav_interfaces/action'...
[1.599s] -- Up-to-date: /home/psb/rokey_c_2_ws/install/nav_interfaces/local/lib/python3.10/dist-packages/nav_interfaces/nav_interfaces_s__rosidl_typesupport_fastrtps_c.cpython-310-x86_64-linux-gnu.so
[1.600s] -- Up-to-date: /home/psb/rokey_c_2_ws/install/nav_interfaces/local/lib/python3.10/dist-packages/nav_interfaces/nav_interfaces_s__rosidl_typesupport_introspection_c.cpython-310-x86_64-linux-gnu.so
[1.600s] -- Up-to-date: /home/psb/rokey_c_2_ws/install/nav_interfaces/local/lib/python3.10/dist-packages/nav_interfaces/nav_interfaces_s__rosidl_typesupport_c.cpython-310-x86_64-linux-gnu.so
[1.601s] -- Up-to-date: /home/psb/rokey_c_2_ws/install/nav_interfaces/lib/libnav_interfaces__rosidl_generator_py.so
[1.601s] -- Up-to-date: /home/psb/rokey_c_2_ws/install/nav_interfaces/share/nav_interfaces/action/Navigate.idl
[1.601s] -- Up-to-date: /home/psb/rokey_c_2_ws/install/nav_interfaces/share/nav_interfaces/action/Navigate.action
[1.602s] -- Up-to-date: /home/psb/rokey_c_2_ws/install/nav_interfaces/share/ament_index/resource_index/package_run_dependencies/nav_interfaces
[1.603s] -- Up-to-date: /home/psb/rokey_c_2_ws/install/nav_interfaces/share/ament_index/resource_index/parent_prefix_path/nav_interfaces
[1.603s] -- Up-to-date: /home/psb/rokey_c_2_ws/install/nav_interfaces/share/nav_interfaces/environment/ament_prefix_path.sh
[1.603s] -- Up-to-date: /home/psb/rokey_c_2_ws/install/nav_interfaces/share/nav_interfaces/environment/ament_prefix_path.dsv
[1.603s] -- Up-to-date: /home/psb/rokey_c_2_ws/install/nav_interfaces/share/nav_interfaces/environment/path.sh
[1.604s] -- Up-to-date: /home/psb/rokey_c_2_ws/install/nav_interfaces/share/nav_interfaces/environment/path.dsv
[1.604s] -- Up-to-date: /home/psb/rokey_c_2_ws/install/nav_interfaces/share/nav_interfaces/local_setup.bash
[1.604s] -- Up-to-date: /home/psb/rokey_c_2_ws/install/nav_interfaces/share/nav_interfaces/local_setup.sh
[1.605s] -- Up-to-date: /home/psb/rokey_c_2_ws/install/nav_interfaces/share/nav_interfaces/local_setup.zsh
[1.605s] -- Up-to-date: /home/psb/rokey_c_2_ws/install/nav_interfaces/share/nav_interfaces/local_setup.dsv
[1.605s] -- Installing: /home/psb/rokey_c_2_ws/install/nav_interfaces/share/nav_interfaces/package.dsv
[1.605s] -- Up-to-date: /home/psb/rokey_c_2_ws/install/nav_interfaces/share/ament_index/resource_index/packages/nav_interfaces
[1.606s] -- Up-to-date: /home/psb/rokey_c_2_ws/install/nav_interfaces/share/nav_interfaces/cmake/export_nav_interfaces__rosidl_generator_cExport.cmake
[1.606s] -- Up-to-date: /home/psb/rokey_c_2_ws/install/nav_interfaces/share/nav_interfaces/cmake/export_nav_interfaces__rosidl_generator_cExport-noconfig.cmake
[1.607s] -- Up-to-date: /home/psb/rokey_c_2_ws/install/nav_interfaces/share/nav_interfaces/cmake/export_nav_interfaces__rosidl_typesupport_fastrtps_cExport.cmake
[1.607s] -- Up-to-date: /home/psb/rokey_c_2_ws/install/nav_interfaces/share/nav_interfaces/cmake/export_nav_interfaces__rosidl_typesupport_fastrtps_cExport-noconfig.cmake
[1.607s] -- Up-to-date: /home/psb/rokey_c_2_ws/install/nav_interfaces/share/nav_interfaces/cmake/nav_interfaces__rosidl_typesupport_introspection_cExport.cmake
[1.607s] -- Up-to-date: /home/psb/rokey_c_2_ws/install/nav_interfaces/share/nav_interfaces/cmake/nav_interfaces__rosidl_typesupport_introspection_cExport-noconfig.cmake
[1.611s] -- Up-to-date: /home/psb/rokey_c_2_ws/install/nav_interfaces/share/nav_interfaces/cmake/nav_interfaces__rosidl_typesupport_cExport.cmake
[1.611s] -- Up-to-date: /home/psb/rokey_c_2_ws/install/nav_interfaces/share/nav_interfaces/cmake/nav_interfaces__rosidl_typesupport_cExport-noconfig.cmake
[1.611s] -- Up-to-date: /home/psb/rokey_c_2_ws/install/nav_interfaces/share/nav_interfaces/cmake/export_nav_interfaces__rosidl_generator_cppExport.cmake
[1.611s] -- Up-to-date: /home/psb/rokey_c_2_ws/install/nav_interfaces/share/nav_interfaces/cmake/export_nav_interfaces__rosidl_typesupport_fastrtps_cppExport.cmake
[1.612s] -- Up-to-date: /home/psb/rokey_c_2_ws/install/nav_interfaces/share/nav_interfaces/cmake/export_nav_interfaces__rosidl_typesupport_fastrtps_cppExport-noconfig.cmake
[1.612s] -- Up-to-date: /home/psb/rokey_c_2_ws/install/nav_interfaces/share/nav_interfaces/cmake/nav_interfaces__rosidl_typesupport_introspection_cppExport.cmake
[1.612s] -- Up-to-date: /home/psb/rokey_c_2_ws/install/nav_interfaces/share/nav_interfaces/cmake/nav_interfaces__rosidl_typesupport_introspection_cppExport-noconfig.cmake
[1.613s] -- Up-to-date: /home/psb/rokey_c_2_ws/install/nav_interfaces/share/nav_interfaces/cmake/nav_interfaces__rosidl_typesupport_cppExport.cmake
[1.613s] -- Up-to-date: /home/psb/rokey_c_2_ws/install/nav_interfaces/share/nav_interfaces/cmake/nav_interfaces__rosidl_typesupport_cppExport-noconfig.cmake
[1.613s] -- Up-to-date: /home/psb/rokey_c_2_ws/install/nav_interfaces/share/nav_interfaces/cmake/export_nav_interfaces__rosidl_generator_pyExport.cmake
[1.613s] -- Up-to-date: /home/psb/rokey_c_2_ws/install/nav_interfaces/share/nav_interfaces/cmake/export_nav_interfaces__rosidl_generator_pyExport-noconfig.cmake
[1.614s] -- Up-to-date: /home/psb/rokey_c_2_ws/install/nav_interfaces/share/nav_interfaces/cmake/rosidl_cmake-extras.cmake
[1.614s] -- Up-to-date: /home/psb/rokey_c_2_ws/install/nav_interfaces/share/nav_interfaces/cmake/ament_cmake_export_dependencies-extras.cmake
[1.614s] -- Up-to-date: /home/psb/rokey_c_2_ws/install/nav_interfaces/share/nav_interfaces/cmake/ament_cmake_export_include_directories-extras.cmake
[1.614s] -- Up-to-date: /home/psb/rokey_c_2_ws/install/nav_interfaces/share/nav_interfaces/cmake/ament_cmake_export_libraries-extras.cmake
[1.614s] -- Up-to-date: /home/psb/rokey_c_2_ws/install/nav_interfaces/share/nav_interfaces/cmake/ament_cmake_export_targets-extras.cmake
[1.614s] -- Up-to-date: /home/psb/rokey_c_2_ws/install/nav_interfaces/share/nav_interfaces/cmake/rosidl_cmake_export_typesupport_targets-extras.cmake
[1.615s] -- Up-to-date: /home/psb/rokey_c_2_ws/install/nav_interfaces/share/nav_interfaces/cmake/rosidl_cmake_export_typesupport_libraries-extras.cmake
[1.616s] -- Up-to-date: /home/psb/rokey_c_2_ws/install/nav_interfaces/share/nav_interfaces/cmake/nav_interfacesConfig.cmake
[1.616s] -- Up-to-date: /home/psb/rokey_c_2_ws/install/nav_interfaces/share/nav_interfaces/cmake/nav_interfacesConfig-version.cmake
[1.616s] -- Up-to-date: /home/psb/rokey_c_2_ws/install/nav_interfaces/share/nav_interfaces/package.xml
[1.640s] Invoked command in '/home/psb/rokey_c_2_ws/build/nav_interfaces' returned '0': CMAKE_PREFIX_PATH=${CMAKE_PREFIX_PATH}:/home/psb/rokey_c_2_ws/install/turtlebot3_gui:/home/psb/rokey_c_2_ws/install/table_order:/home/psb/rokey_c_2_ws/install/serving_robot:/home/psb/rokey_c_2_ws/install/database:/home/psb/rokey_c_2_ws/install/c2_turtle_order_package:/home/psb/turtlebot3_ws/install/turtlebot3_teleop:/home/psb/turtlebot3_ws/install/turtlebot3_example:/opt/ros/humble /usr/bin/cmake --install /home/psb/rokey_c_2_ws/build/nav_interfaces
