[35m[1mConsolidate compiler generated dependencies of target table_order_interface__rosidl_generator_c[0m
[  3%] Built target table_order_interface__cpp
[ 12%] Built target table_order_interface__rosidl_generator_c
[ 12%] Built target ament_cmake_python_copy_table_order_interface
[35m[1mConsolidate compiler generated dependencies of target table_order_interface__rosidl_typesupport_cpp[0m
[35m[1mConsolidate compiler generated dependencies of target table_order_interface__rosidl_typesupport_introspection_cpp[0m
[35m[1mConsolidate compiler generated dependencies of target table_order_interface__rosidl_typesupport_fastrtps_cpp[0m
[35m[1mConsolidate compiler generated dependencies of target table_order_interface__rosidl_typesupport_introspection_c[0m
[35m[1mConsolidate compiler generated dependencies of target table_order_interface__rosidl_typesupport_fastrtps_c[0m
[35m[1mConsolidate compiler generated dependencies of target table_order_interface__rosidl_typesupport_c[0m
[ 22%] Built target table_order_interface__rosidl_typesupport_cpp
[ 32%] Built target table_order_interface__rosidl_typesupport_fastrtps_cpp
[ 41%] Built target table_order_interface__rosidl_typesupport_introspection_cpp
[ 51%] Built target table_order_interface__rosidl_typesupport_introspection_c
[ 61%] Built target table_order_interface__rosidl_typesupport_c
[ 70%] Built target table_order_interface__rosidl_typesupport_fastrtps_c
[ 70%] Built target table_order_interface
[ 74%] Built target table_order_interface__py
[35m[1mConsolidate compiler generated dependencies of target table_order_interface__rosidl_generator_py[0m
[ 80%] Built target table_order_interface__rosidl_generator_py
[35m[1mConsolidate compiler generated dependencies of target table_order_interface__rosidl_typesupport_c__pyext[0m
[35m[1mConsolidate compiler generated dependencies of target table_order_interface__rosidl_typesupport_fastrtps_c__pyext[0m
[35m[1mConsolidate compiler generated dependencies of target table_order_interface__rosidl_typesupport_introspection_c__pyext[0m
[ 87%] Built target table_order_interface__rosidl_typesupport_c__pyext
[ 93%] Built target table_order_interface__rosidl_typesupport_introspection_c__pyext
[100%] Built target table_order_interface__rosidl_typesupport_fastrtps_c__pyext
running egg_info
writing table_order_interface.egg-info/PKG-INFO
writing dependency_links to table_order_interface.egg-info/dependency_links.txt
writing top-level names to table_order_interface.egg-info/top_level.txt
reading manifest file 'table_order_interface.egg-info/SOURCES.txt'
writing manifest file 'table_order_interface.egg-info/SOURCES.txt'
[100%] Built target ament_cmake_python_build_table_order_interface_egg
-- Install configuration: ""
-- Installing: /home/psb/rokey_c_2_ws/install/table_order_interface/share/ament_index/resource_index/rosidl_interfaces/table_order_interface
-- Installing: /home/psb/rokey_c_2_ws/install/table_order_interface/include/table_order_interface/table_order_interface
-- Installing: /home/psb/rokey_c_2_ws/install/table_order_interface/include/table_order_interface/table_order_interface/msg
-- Installing: /home/psb/rokey_c_2_ws/install/table_order_interface/include/table_order_interface/table_order_interface/msg/rosidl_generator_c__visibility_control.h
-- Installing: /home/psb/rokey_c_2_ws/install/table_order_interface/include/table_order_interface/table_order_interface/srv
-- Installing: /home/psb/rokey_c_2_ws/install/table_order_interface/include/table_order_interface/table_order_interface/srv/set_order.h
-- Installing: /home/psb/rokey_c_2_ws/install/table_order_interface/include/table_order_interface/table_order_interface/srv/detail
-- Installing: /home/psb/rokey_c_2_ws/install/table_order_interface/include/table_order_interface/table_order_interface/srv/detail/set_order__type_support.h
-- Installing: /home/psb/rokey_c_2_ws/install/table_order_interface/include/table_order_interface/table_order_interface/srv/detail/set_order__functions.c
-- Installing: /home/psb/rokey_c_2_ws/install/table_order_interface/include/table_order_interface/table_order_interface/srv/detail/set_order__struct.h
-- Installing: /home/psb/rokey_c_2_ws/install/table_order_interface/include/table_order_interface/table_order_interface/srv/detail/set_order__functions.h
-- Installing: /home/psb/rokey_c_2_ws/install/table_order_interface/share/table_order_interface/environment/library_path.sh
-- Installing: /home/psb/rokey_c_2_ws/install/table_order_interface/share/table_order_interface/environment/library_path.dsv
-- Installing: /home/psb/rokey_c_2_ws/install/table_order_interface/lib/libtable_order_interface__rosidl_generator_c.so
-- Set runtime path of "/home/psb/rokey_c_2_ws/install/table_order_interface/lib/libtable_order_interface__rosidl_generator_c.so" to ""
-- Up-to-date: /home/psb/rokey_c_2_ws/install/table_order_interface/include/table_order_interface/table_order_interface
-- Up-to-date: /home/psb/rokey_c_2_ws/install/table_order_interface/include/table_order_interface/table_order_interface/msg
-- Installing: /home/psb/rokey_c_2_ws/install/table_order_interface/include/table_order_interface/table_order_interface/msg/rosidl_typesupport_fastrtps_c__visibility_control.h
-- Up-to-date: /home/psb/rokey_c_2_ws/install/table_order_interface/include/table_order_interface/table_order_interface/srv
-- Up-to-date: /home/psb/rokey_c_2_ws/install/table_order_interface/include/table_order_interface/table_order_interface/srv/detail
-- Installing: /home/psb/rokey_c_2_ws/install/table_order_interface/include/table_order_interface/table_order_interface/srv/detail/set_order__rosidl_typesupport_fastrtps_c.h
-- Installing: /home/psb/rokey_c_2_ws/install/table_order_interface/lib/libtable_order_interface__rosidl_typesupport_fastrtps_c.so
-- Set runtime path of "/home/psb/rokey_c_2_ws/install/table_order_interface/lib/libtable_order_interface__rosidl_typesupport_fastrtps_c.so" to ""
-- Up-to-date: /home/psb/rokey_c_2_ws/install/table_order_interface/include/table_order_interface/table_order_interface
-- Up-to-date: /home/psb/rokey_c_2_ws/install/table_order_interface/include/table_order_interface/table_order_interface/srv
-- Installing: /home/psb/rokey_c_2_ws/install/table_order_interface/include/table_order_interface/table_order_interface/srv/set_order.hpp
-- Up-to-date: /home/psb/rokey_c_2_ws/install/table_order_interface/include/table_order_interface/table_order_interface/srv/detail
-- Installing: /home/psb/rokey_c_2_ws/install/table_order_interface/include/table_order_interface/table_order_interface/srv/detail/set_order__struct.hpp
-- Installing: /home/psb/rokey_c_2_ws/install/table_order_interface/include/table_order_interface/table_order_interface/srv/detail/set_order__builder.hpp
-- Installing: /home/psb/rokey_c_2_ws/install/table_order_interface/include/table_order_interface/table_order_interface/srv/detail/set_order__traits.hpp
-- Up-to-date: /home/psb/rokey_c_2_ws/install/table_order_interface/include/table_order_interface/table_order_interface
-- Up-to-date: /home/psb/rokey_c_2_ws/install/table_order_interface/include/table_order_interface/table_order_interface/msg
-- Installing: /home/psb/rokey_c_2_ws/install/table_order_interface/include/table_order_interface/table_order_interface/msg/rosidl_typesupport_fastrtps_cpp__visibility_control.h
-- Up-to-date: /home/psb/rokey_c_2_ws/install/table_order_interface/include/table_order_interface/table_order_interface/srv
-- Up-to-date: /home/psb/rokey_c_2_ws/install/table_order_interface/include/table_order_interface/table_order_interface/srv/detail
-- Installing: /home/psb/rokey_c_2_ws/install/table_order_interface/include/table_order_interface/table_order_interface/srv/detail/dds_fastrtps
-- Installing: /home/psb/rokey_c_2_ws/install/table_order_interface/include/table_order_interface/table_order_interface/srv/detail/set_order__rosidl_typesupport_fastrtps_cpp.hpp
-- Installing: /home/psb/rokey_c_2_ws/install/table_order_interface/lib/libtable_order_interface__rosidl_typesupport_fastrtps_cpp.so
-- Set runtime path of "/home/psb/rokey_c_2_ws/install/table_order_interface/lib/libtable_order_interface__rosidl_typesupport_fastrtps_cpp.so" to ""
-- Up-to-date: /home/psb/rokey_c_2_ws/install/table_order_interface/include/table_order_interface/table_order_interface
-- Up-to-date: /home/psb/rokey_c_2_ws/install/table_order_interface/include/table_order_interface/table_order_interface/msg
-- Installing: /home/psb/rokey_c_2_ws/install/table_order_interface/include/table_order_interface/table_order_interface/msg/rosidl_typesupport_introspection_c__visibility_control.h
-- Up-to-date: /home/psb/rokey_c_2_ws/install/table_order_interface/include/table_order_interface/table_order_interface/srv
-- Up-to-date: /home/psb/rokey_c_2_ws/install/table_order_interface/include/table_order_interface/table_order_interface/srv/detail
-- Installing: /home/psb/rokey_c_2_ws/install/table_order_interface/include/table_order_interface/table_order_interface/srv/detail/set_order__type_support.c
-- Installing: /home/psb/rokey_c_2_ws/install/table_order_interface/include/table_order_interface/table_order_interface/srv/detail/set_order__rosidl_typesupport_introspection_c.h
-- Installing: /home/psb/rokey_c_2_ws/install/table_order_interface/lib/libtable_order_interface__rosidl_typesupport_introspection_c.so
-- Set runtime path of "/home/psb/rokey_c_2_ws/install/table_order_interface/lib/libtable_order_interface__rosidl_typesupport_introspection_c.so" to ""
-- Installing: /home/psb/rokey_c_2_ws/install/table_order_interface/lib/libtable_order_interface__rosidl_typesupport_c.so
-- Set runtime path of "/home/psb/rokey_c_2_ws/install/table_order_interface/lib/libtable_order_interface__rosidl_typesupport_c.so" to ""
-- Up-to-date: /home/psb/rokey_c_2_ws/install/table_order_interface/include/table_order_interface/table_order_interface
-- Up-to-date: /home/psb/rokey_c_2_ws/install/table_order_interface/include/table_order_interface/table_order_interface/srv
-- Up-to-date: /home/psb/rokey_c_2_ws/install/table_order_interface/include/table_order_interface/table_order_interface/srv/detail
-- Installing: /home/psb/rokey_c_2_ws/install/table_order_interface/include/table_order_interface/table_order_interface/srv/detail/set_order__type_support.cpp
-- Installing: /home/psb/rokey_c_2_ws/install/table_order_interface/include/table_order_interface/table_order_interface/srv/detail/set_order__rosidl_typesupport_introspection_cpp.hpp
-- Installing: /home/psb/rokey_c_2_ws/install/table_order_interface/lib/libtable_order_interface__rosidl_typesupport_introspection_cpp.so
-- Set runtime path of "/home/psb/rokey_c_2_ws/install/table_order_interface/lib/libtable_order_interface__rosidl_typesupport_introspection_cpp.so" to ""
-- Installing: /home/psb/rokey_c_2_ws/install/table_order_interface/lib/libtable_order_interface__rosidl_typesupport_cpp.so
-- Set runtime path of "/home/psb/rokey_c_2_ws/install/table_order_interface/lib/libtable_order_interface__rosidl_typesupport_cpp.so" to ""
-- Installing: /home/psb/rokey_c_2_ws/install/table_order_interface/share/table_order_interface/environment/pythonpath.sh
-- Installing: /home/psb/rokey_c_2_ws/install/table_order_interface/share/table_order_interface/environment/pythonpath.dsv
-- Installing: /home/psb/rokey_c_2_ws/install/table_order_interface/local/lib/python3.10/dist-packages/table_order_interface-0.0.0-py3.10.egg-info
-- Installing: /home/psb/rokey_c_2_ws/install/table_order_interface/local/lib/python3.10/dist-packages/table_order_interface-0.0.0-py3.10.egg-info/SOURCES.txt
-- Installing: /home/psb/rokey_c_2_ws/install/table_order_interface/local/lib/python3.10/dist-packages/table_order_interface-0.0.0-py3.10.egg-info/top_level.txt
-- Installing: /home/psb/rokey_c_2_ws/install/table_order_interface/local/lib/python3.10/dist-packages/table_order_interface-0.0.0-py3.10.egg-info/PKG-INFO
-- Installing: /home/psb/rokey_c_2_ws/install/table_order_interface/local/lib/python3.10/dist-packages/table_order_interface-0.0.0-py3.10.egg-info/dependency_links.txt
-- Installing: /home/psb/rokey_c_2_ws/install/table_order_interface/local/lib/python3.10/dist-packages/table_order_interface
-- Installing: /home/psb/rokey_c_2_ws/install/table_order_interface/local/lib/python3.10/dist-packages/table_order_interface/__init__.py
-- Installing: /home/psb/rokey_c_2_ws/install/table_order_interface/local/lib/python3.10/dist-packages/table_order_interface/table_order_interface_s__rosidl_typesupport_fastrtps_c.cpython-310-x86_64-linux-gnu.so
-- Installing: /home/psb/rokey_c_2_ws/install/table_order_interface/local/lib/python3.10/dist-packages/table_order_interface/table_order_interface_s__rosidl_typesupport_c.cpython-310-x86_64-linux-gnu.so
-- Installing: /home/psb/rokey_c_2_ws/install/table_order_interface/local/lib/python3.10/dist-packages/table_order_interface/table_order_interface_s__rosidl_typesupport_introspection_c.cpython-310-x86_64-linux-gnu.so
-- Installing: /home/psb/rokey_c_2_ws/install/table_order_interface/local/lib/python3.10/dist-packages/table_order_interface/srv
-- Installing: /home/psb/rokey_c_2_ws/install/table_order_interface/local/lib/python3.10/dist-packages/table_order_interface/srv/__init__.py
-- Installing: /home/psb/rokey_c_2_ws/install/table_order_interface/local/lib/python3.10/dist-packages/table_order_interface/srv/_set_order.py
-- Installing: /home/psb/rokey_c_2_ws/install/table_order_interface/local/lib/python3.10/dist-packages/table_order_interface/srv/_set_order_s.c
-- Installing: /home/psb/rokey_c_2_ws/install/table_order_interface/local/lib/python3.10/dist-packages/table_order_interface/_table_order_interface_s.ep.rosidl_typesupport_c.c
-- Installing: /home/psb/rokey_c_2_ws/install/table_order_interface/local/lib/python3.10/dist-packages/table_order_interface/libtable_order_interface__rosidl_generator_py.so
-- Installing: /home/psb/rokey_c_2_ws/install/table_order_interface/local/lib/python3.10/dist-packages/table_order_interface/_table_order_interface_s.ep.rosidl_typesupport_fastrtps_c.c
-- Installing: /home/psb/rokey_c_2_ws/install/table_order_interface/local/lib/python3.10/dist-packages/table_order_interface/_table_order_interface_s.ep.rosidl_typesupport_introspection_c.c
Listing '/home/psb/rokey_c_2_ws/install/table_order_interface/local/lib/python3.10/dist-packages/table_order_interface'...
Compiling '/home/psb/rokey_c_2_ws/install/table_order_interface/local/lib/python3.10/dist-packages/table_order_interface/__init__.py'...
Listing '/home/psb/rokey_c_2_ws/install/table_order_interface/local/lib/python3.10/dist-packages/table_order_interface/srv'...
Compiling '/home/psb/rokey_c_2_ws/install/table_order_interface/local/lib/python3.10/dist-packages/table_order_interface/srv/__init__.py'...
Compiling '/home/psb/rokey_c_2_ws/install/table_order_interface/local/lib/python3.10/dist-packages/table_order_interface/srv/_set_order.py'...
-- Installing: /home/psb/rokey_c_2_ws/install/table_order_interface/local/lib/python3.10/dist-packages/table_order_interface/table_order_interface_s__rosidl_typesupport_fastrtps_c.cpython-310-x86_64-linux-gnu.so
-- Set runtime path of "/home/psb/rokey_c_2_ws/install/table_order_interface/local/lib/python3.10/dist-packages/table_order_interface/table_order_interface_s__rosidl_typesupport_fastrtps_c.cpython-310-x86_64-linux-gnu.so" to ""
-- Installing: /home/psb/rokey_c_2_ws/install/table_order_interface/local/lib/python3.10/dist-packages/table_order_interface/table_order_interface_s__rosidl_typesupport_introspection_c.cpython-310-x86_64-linux-gnu.so
-- Set runtime path of "/home/psb/rokey_c_2_ws/install/table_order_interface/local/lib/python3.10/dist-packages/table_order_interface/table_order_interface_s__rosidl_typesupport_introspection_c.cpython-310-x86_64-linux-gnu.so" to ""
-- Installing: /home/psb/rokey_c_2_ws/install/table_order_interface/local/lib/python3.10/dist-packages/table_order_interface/table_order_interface_s__rosidl_typesupport_c.cpython-310-x86_64-linux-gnu.so
-- Set runtime path of "/home/psb/rokey_c_2_ws/install/table_order_interface/local/lib/python3.10/dist-packages/table_order_interface/table_order_interface_s__rosidl_typesupport_c.cpython-310-x86_64-linux-gnu.so" to ""
-- Installing: /home/psb/rokey_c_2_ws/install/table_order_interface/lib/libtable_order_interface__rosidl_generator_py.so
-- Set runtime path of "/home/psb/rokey_c_2_ws/install/table_order_interface/lib/libtable_order_interface__rosidl_generator_py.so" to ""
-- Installing: /home/psb/rokey_c_2_ws/install/table_order_interface/share/table_order_interface/srv/SetOrder.idl
-- Installing: /home/psb/rokey_c_2_ws/install/table_order_interface/share/table_order_interface/srv/SetOrder.srv
-- Installing: /home/psb/rokey_c_2_ws/install/table_order_interface/share/table_order_interface/srv/SetOrder_Request.msg
-- Installing: /home/psb/rokey_c_2_ws/install/table_order_interface/share/table_order_interface/srv/SetOrder_Response.msg
-- Installing: /home/psb/rokey_c_2_ws/install/table_order_interface/share/ament_index/resource_index/package_run_dependencies/table_order_interface
-- Installing: /home/psb/rokey_c_2_ws/install/table_order_interface/share/ament_index/resource_index/parent_prefix_path/table_order_interface
-- Installing: /home/psb/rokey_c_2_ws/install/table_order_interface/share/table_order_interface/environment/ament_prefix_path.sh
-- Installing: /home/psb/rokey_c_2_ws/install/table_order_interface/share/table_order_interface/environment/ament_prefix_path.dsv
-- Installing: /home/psb/rokey_c_2_ws/install/table_order_interface/share/table_order_interface/environment/path.sh
-- Installing: /home/psb/rokey_c_2_ws/install/table_order_interface/share/table_order_interface/environment/path.dsv
-- Installing: /home/psb/rokey_c_2_ws/install/table_order_interface/share/table_order_interface/local_setup.bash
-- Installing: /home/psb/rokey_c_2_ws/install/table_order_interface/share/table_order_interface/local_setup.sh
-- Installing: /home/psb/rokey_c_2_ws/install/table_order_interface/share/table_order_interface/local_setup.zsh
-- Installing: /home/psb/rokey_c_2_ws/install/table_order_interface/share/table_order_interface/local_setup.dsv
-- Installing: /home/psb/rokey_c_2_ws/install/table_order_interface/share/table_order_interface/package.dsv
-- Installing: /home/psb/rokey_c_2_ws/install/table_order_interface/share/ament_index/resource_index/packages/table_order_interface
-- Installing: /home/psb/rokey_c_2_ws/install/table_order_interface/share/table_order_interface/cmake/export_table_order_interface__rosidl_generator_cExport.cmake
-- Installing: /home/psb/rokey_c_2_ws/install/table_order_interface/share/table_order_interface/cmake/export_table_order_interface__rosidl_generator_cExport-noconfig.cmake
-- Installing: /home/psb/rokey_c_2_ws/install/table_order_interface/share/table_order_interface/cmake/export_table_order_interface__rosidl_typesupport_fastrtps_cExport.cmake
-- Installing: /home/psb/rokey_c_2_ws/install/table_order_interface/share/table_order_interface/cmake/export_table_order_interface__rosidl_typesupport_fastrtps_cExport-noconfig.cmake
-- Installing: /home/psb/rokey_c_2_ws/install/table_order_interface/share/table_order_interface/cmake/export_table_order_interface__rosidl_generator_cppExport.cmake
-- Installing: /home/psb/rokey_c_2_ws/install/table_order_interface/share/table_order_interface/cmake/export_table_order_interface__rosidl_typesupport_fastrtps_cppExport.cmake
-- Installing: /home/psb/rokey_c_2_ws/install/table_order_interface/share/table_order_interface/cmake/export_table_order_interface__rosidl_typesupport_fastrtps_cppExport-noconfig.cmake
-- Installing: /home/psb/rokey_c_2_ws/install/table_order_interface/share/table_order_interface/cmake/table_order_interface__rosidl_typesupport_introspection_cExport.cmake
-- Installing: /home/psb/rokey_c_2_ws/install/table_order_interface/share/table_order_interface/cmake/table_order_interface__rosidl_typesupport_introspection_cExport-noconfig.cmake
-- Installing: /home/psb/rokey_c_2_ws/install/table_order_interface/share/table_order_interface/cmake/table_order_interface__rosidl_typesupport_cExport.cmake
-- Installing: /home/psb/rokey_c_2_ws/install/table_order_interface/share/table_order_interface/cmake/table_order_interface__rosidl_typesupport_cExport-noconfig.cmake
-- Installing: /home/psb/rokey_c_2_ws/install/table_order_interface/share/table_order_interface/cmake/table_order_interface__rosidl_typesupport_introspection_cppExport.cmake
-- Installing: /home/psb/rokey_c_2_ws/install/table_order_interface/share/table_order_interface/cmake/table_order_interface__rosidl_typesupport_introspection_cppExport-noconfig.cmake
-- Installing: /home/psb/rokey_c_2_ws/install/table_order_interface/share/table_order_interface/cmake/table_order_interface__rosidl_typesupport_cppExport.cmake
-- Installing: /home/psb/rokey_c_2_ws/install/table_order_interface/share/table_order_interface/cmake/table_order_interface__rosidl_typesupport_cppExport-noconfig.cmake
-- Installing: /home/psb/rokey_c_2_ws/install/table_order_interface/share/table_order_interface/cmake/export_table_order_interface__rosidl_generator_pyExport.cmake
-- Installing: /home/psb/rokey_c_2_ws/install/table_order_interface/share/table_order_interface/cmake/export_table_order_interface__rosidl_generator_pyExport-noconfig.cmake
-- Installing: /home/psb/rokey_c_2_ws/install/table_order_interface/share/table_order_interface/cmake/rosidl_cmake-extras.cmake
-- Installing: /home/psb/rokey_c_2_ws/install/table_order_interface/share/table_order_interface/cmake/ament_cmake_export_dependencies-extras.cmake
-- Installing: /home/psb/rokey_c_2_ws/install/table_order_interface/share/table_order_interface/cmake/ament_cmake_export_include_directories-extras.cmake
-- Installing: /home/psb/rokey_c_2_ws/install/table_order_interface/share/table_order_interface/cmake/ament_cmake_export_libraries-extras.cmake
-- Installing: /home/psb/rokey_c_2_ws/install/table_order_interface/share/table_order_interface/cmake/ament_cmake_export_targets-extras.cmake
-- Installing: /home/psb/rokey_c_2_ws/install/table_order_interface/share/table_order_interface/cmake/rosidl_cmake_export_typesupport_targets-extras.cmake
-- Installing: /home/psb/rokey_c_2_ws/install/table_order_interface/share/table_order_interface/cmake/rosidl_cmake_export_typesupport_libraries-extras.cmake
-- Installing: /home/psb/rokey_c_2_ws/install/table_order_interface/share/table_order_interface/cmake/table_order_interfaceConfig.cmake
-- Installing: /home/psb/rokey_c_2_ws/install/table_order_interface/share/table_order_interface/cmake/table_order_interfaceConfig-version.cmake
-- Installing: /home/psb/rokey_c_2_ws/install/table_order_interface/share/table_order_interface/package.xml
