[0.018s] Invoking command in '/home/psb/rokey_c_2_ws/build/table_order_interface': CMAKE_PREFIX_PATH=${CMAKE_PREFIX_PATH}:/home/psb/rokey_c_2_ws/install/table_order:/home/psb/rokey_c_2_ws/install/jiwon:/home/psb/turtlebot3_ws/install/turtlebot3_teleop:/home/psb/turtlebot3_ws/install/turtlebot3_example:/opt/ros/humble /usr/bin/cmake --build /home/psb/rokey_c_2_ws/build/table_order_interface -- -j8 -l8
[0.051s] [35m[1mConsolidate compiler generated dependencies of target table_order_interface__rosidl_generator_c[0m
[0.056s] [  3%] Built target table_order_interface__cpp
[0.064s] [ 12%] Built target table_order_interface__rosidl_generator_c
[0.067s] [ 12%] Built target ament_cmake_python_copy_table_order_interface
[0.067s] [35m[1mConsolidate compiler generated dependencies of target table_order_interface__rosidl_typesupport_cpp[0m
[0.067s] [35m[1mConsolidate compiler generated dependencies of target table_order_interface__rosidl_typesupport_introspection_cpp[0m
[0.067s] [35m[1mConsolidate compiler generated dependencies of target table_order_interface__rosidl_typesupport_fastrtps_cpp[0m
[0.077s] [35m[1mConsolidate compiler generated dependencies of target table_order_interface__rosidl_typesupport_introspection_c[0m
[0.077s] [35m[1mConsolidate compiler generated dependencies of target table_order_interface__rosidl_typesupport_fastrtps_c[0m
[0.078s] [35m[1mConsolidate compiler generated dependencies of target table_order_interface__rosidl_typesupport_c[0m
[0.081s] [ 22%] Built target table_order_interface__rosidl_typesupport_cpp
[0.082s] [ 32%] Built target table_order_interface__rosidl_typesupport_fastrtps_cpp
[0.090s] [ 41%] Built target table_order_interface__rosidl_typesupport_introspection_cpp
[0.090s] [ 51%] Built target table_order_interface__rosidl_typesupport_introspection_c
[0.091s] [ 61%] Built target table_order_interface__rosidl_typesupport_c
[0.092s] [ 70%] Built target table_order_interface__rosidl_typesupport_fastrtps_c
[0.108s] [ 70%] Built target table_order_interface
[0.124s] [ 74%] Built target table_order_interface__py
[0.133s] [35m[1mConsolidate compiler generated dependencies of target table_order_interface__rosidl_generator_py[0m
[0.142s] [ 80%] Built target table_order_interface__rosidl_generator_py
[0.152s] [35m[1mConsolidate compiler generated dependencies of target table_order_interface__rosidl_typesupport_c__pyext[0m
[0.154s] [35m[1mConsolidate compiler generated dependencies of target table_order_interface__rosidl_typesupport_fastrtps_c__pyext[0m
[0.155s] [35m[1mConsolidate compiler generated dependencies of target table_order_interface__rosidl_typesupport_introspection_c__pyext[0m
[0.167s] [ 87%] Built target table_order_interface__rosidl_typesupport_c__pyext
[0.169s] [ 93%] Built target table_order_interface__rosidl_typesupport_introspection_c__pyext
[0.170s] [100%] Built target table_order_interface__rosidl_typesupport_fastrtps_c__pyext
[0.344s] running egg_info
[0.345s] writing table_order_interface.egg-info/PKG-INFO
[0.346s] writing dependency_links to table_order_interface.egg-info/dependency_links.txt
[0.346s] writing top-level names to table_order_interface.egg-info/top_level.txt
[0.349s] reading manifest file 'table_order_interface.egg-info/SOURCES.txt'
[0.349s] writing manifest file 'table_order_interface.egg-info/SOURCES.txt'
[0.376s] [100%] Built target ament_cmake_python_build_table_order_interface_egg
[0.386s] Invoked command in '/home/psb/rokey_c_2_ws/build/table_order_interface' returned '0': CMAKE_PREFIX_PATH=${CMAKE_PREFIX_PATH}:/home/psb/rokey_c_2_ws/install/table_order:/home/psb/rokey_c_2_ws/install/jiwon:/home/psb/turtlebot3_ws/install/turtlebot3_teleop:/home/psb/turtlebot3_ws/install/turtlebot3_example:/opt/ros/humble /usr/bin/cmake --build /home/psb/rokey_c_2_ws/build/table_order_interface -- -j8 -l8
[0.444s] Invoking command in '/home/psb/rokey_c_2_ws/build/table_order_interface': CMAKE_PREFIX_PATH=${CMAKE_PREFIX_PATH}:/home/psb/rokey_c_2_ws/install/table_order:/home/psb/rokey_c_2_ws/install/jiwon:/home/psb/turtlebot3_ws/install/turtlebot3_teleop:/home/psb/turtlebot3_ws/install/turtlebot3_example:/opt/ros/humble /usr/bin/cmake --install /home/psb/rokey_c_2_ws/build/table_order_interface
[0.451s] -- Install configuration: ""
[0.451s] -- Installing: /home/psb/rokey_c_2_ws/install/table_order_interface/share/ament_index/resource_index/rosidl_interfaces/table_order_interface
[0.451s] -- Installing: /home/psb/rokey_c_2_ws/install/table_order_interface/include/table_order_interface/table_order_interface
[0.451s] -- Installing: /home/psb/rokey_c_2_ws/install/table_order_interface/include/table_order_interface/table_order_interface/msg
[0.452s] -- Installing: /home/psb/rokey_c_2_ws/install/table_order_interface/include/table_order_interface/table_order_interface/msg/rosidl_generator_c__visibility_control.h
[0.452s] -- Installing: /home/psb/rokey_c_2_ws/install/table_order_interface/include/table_order_interface/table_order_interface/srv
[0.452s] -- Installing: /home/psb/rokey_c_2_ws/install/table_order_interface/include/table_order_interface/table_order_interface/srv/set_order.h
[0.452s] -- Installing: /home/psb/rokey_c_2_ws/install/table_order_interface/include/table_order_interface/table_order_interface/srv/detail
[0.452s] -- Installing: /home/psb/rokey_c_2_ws/install/table_order_interface/include/table_order_interface/table_order_interface/srv/detail/set_order__type_support.h
[0.452s] -- Installing: /home/psb/rokey_c_2_ws/install/table_order_interface/include/table_order_interface/table_order_interface/srv/detail/set_order__functions.c
[0.452s] -- Installing: /home/psb/rokey_c_2_ws/install/table_order_interface/include/table_order_interface/table_order_interface/srv/detail/set_order__struct.h
[0.452s] -- Installing: /home/psb/rokey_c_2_ws/install/table_order_interface/include/table_order_interface/table_order_interface/srv/detail/set_order__functions.h
[0.452s] -- Installing: /home/psb/rokey_c_2_ws/install/table_order_interface/share/table_order_interface/environment/library_path.sh
[0.452s] -- Installing: /home/psb/rokey_c_2_ws/install/table_order_interface/share/table_order_interface/environment/library_path.dsv
[0.452s] -- Installing: /home/psb/rokey_c_2_ws/install/table_order_interface/lib/libtable_order_interface__rosidl_generator_c.so
[0.453s] -- Set runtime path of "/home/psb/rokey_c_2_ws/install/table_order_interface/lib/libtable_order_interface__rosidl_generator_c.so" to ""
[0.453s] -- Up-to-date: /home/psb/rokey_c_2_ws/install/table_order_interface/include/table_order_interface/table_order_interface
[0.453s] -- Up-to-date: /home/psb/rokey_c_2_ws/install/table_order_interface/include/table_order_interface/table_order_interface/msg
[0.453s] -- Installing: /home/psb/rokey_c_2_ws/install/table_order_interface/include/table_order_interface/table_order_interface/msg/rosidl_typesupport_fastrtps_c__visibility_control.h
[0.453s] -- Up-to-date: /home/psb/rokey_c_2_ws/install/table_order_interface/include/table_order_interface/table_order_interface/srv
[0.453s] -- Up-to-date: /home/psb/rokey_c_2_ws/install/table_order_interface/include/table_order_interface/table_order_interface/srv/detail
[0.453s] -- Installing: /home/psb/rokey_c_2_ws/install/table_order_interface/include/table_order_interface/table_order_interface/srv/detail/set_order__rosidl_typesupport_fastrtps_c.h
[0.453s] -- Installing: /home/psb/rokey_c_2_ws/install/table_order_interface/lib/libtable_order_interface__rosidl_typesupport_fastrtps_c.so
[0.453s] -- Set runtime path of "/home/psb/rokey_c_2_ws/install/table_order_interface/lib/libtable_order_interface__rosidl_typesupport_fastrtps_c.so" to ""
[0.453s] -- Up-to-date: /home/psb/rokey_c_2_ws/install/table_order_interface/include/table_order_interface/table_order_interface
[0.453s] -- Up-to-date: /home/psb/rokey_c_2_ws/install/table_order_interface/include/table_order_interface/table_order_interface/srv
[0.453s] -- Installing: /home/psb/rokey_c_2_ws/install/table_order_interface/include/table_order_interface/table_order_interface/srv/set_order.hpp
[0.454s] -- Up-to-date: /home/psb/rokey_c_2_ws/install/table_order_interface/include/table_order_interface/table_order_interface/srv/detail
[0.454s] -- Installing: /home/psb/rokey_c_2_ws/install/table_order_interface/include/table_order_interface/table_order_interface/srv/detail/set_order__struct.hpp
[0.454s] -- Installing: /home/psb/rokey_c_2_ws/install/table_order_interface/include/table_order_interface/table_order_interface/srv/detail/set_order__builder.hpp
[0.454s] -- Installing: /home/psb/rokey_c_2_ws/install/table_order_interface/include/table_order_interface/table_order_interface/srv/detail/set_order__traits.hpp
[0.454s] -- Up-to-date: /home/psb/rokey_c_2_ws/install/table_order_interface/include/table_order_interface/table_order_interface
[0.454s] -- Up-to-date: /home/psb/rokey_c_2_ws/install/table_order_interface/include/table_order_interface/table_order_interface/msg
[0.454s] -- Installing: /home/psb/rokey_c_2_ws/install/table_order_interface/include/table_order_interface/table_order_interface/msg/rosidl_typesupport_fastrtps_cpp__visibility_control.h
[0.454s] -- Up-to-date: /home/psb/rokey_c_2_ws/install/table_order_interface/include/table_order_interface/table_order_interface/srv
[0.454s] -- Up-to-date: /home/psb/rokey_c_2_ws/install/table_order_interface/include/table_order_interface/table_order_interface/srv/detail
[0.454s] -- Installing: /home/psb/rokey_c_2_ws/install/table_order_interface/include/table_order_interface/table_order_interface/srv/detail/dds_fastrtps
[0.454s] -- Installing: /home/psb/rokey_c_2_ws/install/table_order_interface/include/table_order_interface/table_order_interface/srv/detail/set_order__rosidl_typesupport_fastrtps_cpp.hpp
[0.454s] -- Installing: /home/psb/rokey_c_2_ws/install/table_order_interface/lib/libtable_order_interface__rosidl_typesupport_fastrtps_cpp.so
[0.455s] -- Set runtime path of "/home/psb/rokey_c_2_ws/install/table_order_interface/lib/libtable_order_interface__rosidl_typesupport_fastrtps_cpp.so" to ""
[0.455s] -- Up-to-date: /home/psb/rokey_c_2_ws/install/table_order_interface/include/table_order_interface/table_order_interface
[0.455s] -- Up-to-date: /home/psb/rokey_c_2_ws/install/table_order_interface/include/table_order_interface/table_order_interface/msg
[0.455s] -- Installing: /home/psb/rokey_c_2_ws/install/table_order_interface/include/table_order_interface/table_order_interface/msg/rosidl_typesupport_introspection_c__visibility_control.h
[0.455s] -- Up-to-date: /home/psb/rokey_c_2_ws/install/table_order_interface/include/table_order_interface/table_order_interface/srv
[0.455s] -- Up-to-date: /home/psb/rokey_c_2_ws/install/table_order_interface/include/table_order_interface/table_order_interface/srv/detail
[0.455s] -- Installing: /home/psb/rokey_c_2_ws/install/table_order_interface/include/table_order_interface/table_order_interface/srv/detail/set_order__type_support.c
[0.455s] -- Installing: /home/psb/rokey_c_2_ws/install/table_order_interface/include/table_order_interface/table_order_interface/srv/detail/set_order__rosidl_typesupport_introspection_c.h
[0.455s] -- Installing: /home/psb/rokey_c_2_ws/install/table_order_interface/lib/libtable_order_interface__rosidl_typesupport_introspection_c.so
[0.455s] -- Set runtime path of "/home/psb/rokey_c_2_ws/install/table_order_interface/lib/libtable_order_interface__rosidl_typesupport_introspection_c.so" to ""
[0.455s] -- Installing: /home/psb/rokey_c_2_ws/install/table_order_interface/lib/libtable_order_interface__rosidl_typesupport_c.so
[0.455s] -- Set runtime path of "/home/psb/rokey_c_2_ws/install/table_order_interface/lib/libtable_order_interface__rosidl_typesupport_c.so" to ""
[0.456s] -- Up-to-date: /home/psb/rokey_c_2_ws/install/table_order_interface/include/table_order_interface/table_order_interface
[0.456s] -- Up-to-date: /home/psb/rokey_c_2_ws/install/table_order_interface/include/table_order_interface/table_order_interface/srv
[0.456s] -- Up-to-date: /home/psb/rokey_c_2_ws/install/table_order_interface/include/table_order_interface/table_order_interface/srv/detail
[0.456s] -- Installing: /home/psb/rokey_c_2_ws/install/table_order_interface/include/table_order_interface/table_order_interface/srv/detail/set_order__type_support.cpp
[0.456s] -- Installing: /home/psb/rokey_c_2_ws/install/table_order_interface/include/table_order_interface/table_order_interface/srv/detail/set_order__rosidl_typesupport_introspection_cpp.hpp
[0.456s] -- Installing: /home/psb/rokey_c_2_ws/install/table_order_interface/lib/libtable_order_interface__rosidl_typesupport_introspection_cpp.so
[0.456s] -- Set runtime path of "/home/psb/rokey_c_2_ws/install/table_order_interface/lib/libtable_order_interface__rosidl_typesupport_introspection_cpp.so" to ""
[0.456s] -- Installing: /home/psb/rokey_c_2_ws/install/table_order_interface/lib/libtable_order_interface__rosidl_typesupport_cpp.so
[0.456s] -- Set runtime path of "/home/psb/rokey_c_2_ws/install/table_order_interface/lib/libtable_order_interface__rosidl_typesupport_cpp.so" to ""
[0.456s] -- Installing: /home/psb/rokey_c_2_ws/install/table_order_interface/share/table_order_interface/environment/pythonpath.sh
[0.457s] -- Installing: /home/psb/rokey_c_2_ws/install/table_order_interface/share/table_order_interface/environment/pythonpath.dsv
[0.457s] -- Installing: /home/psb/rokey_c_2_ws/install/table_order_interface/local/lib/python3.10/dist-packages/table_order_interface-0.0.0-py3.10.egg-info
[0.457s] -- Installing: /home/psb/rokey_c_2_ws/install/table_order_interface/local/lib/python3.10/dist-packages/table_order_interface-0.0.0-py3.10.egg-info/SOURCES.txt
[0.457s] -- Installing: /home/psb/rokey_c_2_ws/install/table_order_interface/local/lib/python3.10/dist-packages/table_order_interface-0.0.0-py3.10.egg-info/top_level.txt
[0.457s] -- Installing: /home/psb/rokey_c_2_ws/install/table_order_interface/local/lib/python3.10/dist-packages/table_order_interface-0.0.0-py3.10.egg-info/PKG-INFO
[0.457s] -- Installing: /home/psb/rokey_c_2_ws/install/table_order_interface/local/lib/python3.10/dist-packages/table_order_interface-0.0.0-py3.10.egg-info/dependency_links.txt
[0.457s] -- Installing: /home/psb/rokey_c_2_ws/install/table_order_interface/local/lib/python3.10/dist-packages/table_order_interface
[0.457s] -- Installing: /home/psb/rokey_c_2_ws/install/table_order_interface/local/lib/python3.10/dist-packages/table_order_interface/__init__.py
[0.457s] -- Installing: /home/psb/rokey_c_2_ws/install/table_order_interface/local/lib/python3.10/dist-packages/table_order_interface/table_order_interface_s__rosidl_typesupport_fastrtps_c.cpython-310-x86_64-linux-gnu.so
[0.457s] -- Installing: /home/psb/rokey_c_2_ws/install/table_order_interface/local/lib/python3.10/dist-packages/table_order_interface/table_order_interface_s__rosidl_typesupport_c.cpython-310-x86_64-linux-gnu.so
[0.458s] -- Installing: /home/psb/rokey_c_2_ws/install/table_order_interface/local/lib/python3.10/dist-packages/table_order_interface/table_order_interface_s__rosidl_typesupport_introspection_c.cpython-310-x86_64-linux-gnu.so
[0.458s] -- Installing: /home/psb/rokey_c_2_ws/install/table_order_interface/local/lib/python3.10/dist-packages/table_order_interface/srv
[0.458s] -- Installing: /home/psb/rokey_c_2_ws/install/table_order_interface/local/lib/python3.10/dist-packages/table_order_interface/srv/__init__.py
[0.458s] -- Installing: /home/psb/rokey_c_2_ws/install/table_order_interface/local/lib/python3.10/dist-packages/table_order_interface/srv/_set_order.py
[0.458s] -- Installing: /home/psb/rokey_c_2_ws/install/table_order_interface/local/lib/python3.10/dist-packages/table_order_interface/srv/_set_order_s.c
[0.458s] -- Installing: /home/psb/rokey_c_2_ws/install/table_order_interface/local/lib/python3.10/dist-packages/table_order_interface/_table_order_interface_s.ep.rosidl_typesupport_c.c
[0.458s] -- Installing: /home/psb/rokey_c_2_ws/install/table_order_interface/local/lib/python3.10/dist-packages/table_order_interface/libtable_order_interface__rosidl_generator_py.so
[0.458s] -- Installing: /home/psb/rokey_c_2_ws/install/table_order_interface/local/lib/python3.10/dist-packages/table_order_interface/_table_order_interface_s.ep.rosidl_typesupport_fastrtps_c.c
[0.458s] -- Installing: /home/psb/rokey_c_2_ws/install/table_order_interface/local/lib/python3.10/dist-packages/table_order_interface/_table_order_interface_s.ep.rosidl_typesupport_introspection_c.c
[0.494s] Listing '/home/psb/rokey_c_2_ws/install/table_order_interface/local/lib/python3.10/dist-packages/table_order_interface'...
[0.494s] Compiling '/home/psb/rokey_c_2_ws/install/table_order_interface/local/lib/python3.10/dist-packages/table_order_interface/__init__.py'...
[0.494s] Listing '/home/psb/rokey_c_2_ws/install/table_order_interface/local/lib/python3.10/dist-packages/table_order_interface/srv'...
[0.494s] Compiling '/home/psb/rokey_c_2_ws/install/table_order_interface/local/lib/python3.10/dist-packages/table_order_interface/srv/__init__.py'...
[0.494s] Compiling '/home/psb/rokey_c_2_ws/install/table_order_interface/local/lib/python3.10/dist-packages/table_order_interface/srv/_set_order.py'...
[0.499s] -- Installing: /home/psb/rokey_c_2_ws/install/table_order_interface/local/lib/python3.10/dist-packages/table_order_interface/table_order_interface_s__rosidl_typesupport_fastrtps_c.cpython-310-x86_64-linux-gnu.so
[0.499s] -- Set runtime path of "/home/psb/rokey_c_2_ws/install/table_order_interface/local/lib/python3.10/dist-packages/table_order_interface/table_order_interface_s__rosidl_typesupport_fastrtps_c.cpython-310-x86_64-linux-gnu.so" to ""
[0.499s] -- Installing: /home/psb/rokey_c_2_ws/install/table_order_interface/local/lib/python3.10/dist-packages/table_order_interface/table_order_interface_s__rosidl_typesupport_introspection_c.cpython-310-x86_64-linux-gnu.so
[0.500s] -- Set runtime path of "/home/psb/rokey_c_2_ws/install/table_order_interface/local/lib/python3.10/dist-packages/table_order_interface/table_order_interface_s__rosidl_typesupport_introspection_c.cpython-310-x86_64-linux-gnu.so" to ""
[0.500s] -- Installing: /home/psb/rokey_c_2_ws/install/table_order_interface/local/lib/python3.10/dist-packages/table_order_interface/table_order_interface_s__rosidl_typesupport_c.cpython-310-x86_64-linux-gnu.so
[0.500s] -- Set runtime path of "/home/psb/rokey_c_2_ws/install/table_order_interface/local/lib/python3.10/dist-packages/table_order_interface/table_order_interface_s__rosidl_typesupport_c.cpython-310-x86_64-linux-gnu.so" to ""
[0.500s] -- Installing: /home/psb/rokey_c_2_ws/install/table_order_interface/lib/libtable_order_interface__rosidl_generator_py.so
[0.500s] -- Set runtime path of "/home/psb/rokey_c_2_ws/install/table_order_interface/lib/libtable_order_interface__rosidl_generator_py.so" to ""
[0.500s] -- Installing: /home/psb/rokey_c_2_ws/install/table_order_interface/share/table_order_interface/srv/SetOrder.idl
[0.500s] -- Installing: /home/psb/rokey_c_2_ws/install/table_order_interface/share/table_order_interface/srv/SetOrder.srv
[0.501s] -- Installing: /home/psb/rokey_c_2_ws/install/table_order_interface/share/table_order_interface/srv/SetOrder_Request.msg
[0.501s] -- Installing: /home/psb/rokey_c_2_ws/install/table_order_interface/share/table_order_interface/srv/SetOrder_Response.msg
[0.501s] -- Installing: /home/psb/rokey_c_2_ws/install/table_order_interface/share/ament_index/resource_index/package_run_dependencies/table_order_interface
[0.501s] -- Installing: /home/psb/rokey_c_2_ws/install/table_order_interface/share/ament_index/resource_index/parent_prefix_path/table_order_interface
[0.501s] -- Installing: /home/psb/rokey_c_2_ws/install/table_order_interface/share/table_order_interface/environment/ament_prefix_path.sh
[0.501s] -- Installing: /home/psb/rokey_c_2_ws/install/table_order_interface/share/table_order_interface/environment/ament_prefix_path.dsv
[0.501s] -- Installing: /home/psb/rokey_c_2_ws/install/table_order_interface/share/table_order_interface/environment/path.sh
[0.501s] -- Installing: /home/psb/rokey_c_2_ws/install/table_order_interface/share/table_order_interface/environment/path.dsv
[0.501s] -- Installing: /home/psb/rokey_c_2_ws/install/table_order_interface/share/table_order_interface/local_setup.bash
[0.502s] -- Installing: /home/psb/rokey_c_2_ws/install/table_order_interface/share/table_order_interface/local_setup.sh
[0.502s] -- Installing: /home/psb/rokey_c_2_ws/install/table_order_interface/share/table_order_interface/local_setup.zsh
[0.502s] -- Installing: /home/psb/rokey_c_2_ws/install/table_order_interface/share/table_order_interface/local_setup.dsv
[0.502s] -- Installing: /home/psb/rokey_c_2_ws/install/table_order_interface/share/table_order_interface/package.dsv
[0.502s] -- Installing: /home/psb/rokey_c_2_ws/install/table_order_interface/share/ament_index/resource_index/packages/table_order_interface
[0.502s] -- Installing: /home/psb/rokey_c_2_ws/install/table_order_interface/share/table_order_interface/cmake/export_table_order_interface__rosidl_generator_cExport.cmake
[0.502s] -- Installing: /home/psb/rokey_c_2_ws/install/table_order_interface/share/table_order_interface/cmake/export_table_order_interface__rosidl_generator_cExport-noconfig.cmake
[0.502s] -- Installing: /home/psb/rokey_c_2_ws/install/table_order_interface/share/table_order_interface/cmake/export_table_order_interface__rosidl_typesupport_fastrtps_cExport.cmake
[0.502s] -- Installing: /home/psb/rokey_c_2_ws/install/table_order_interface/share/table_order_interface/cmake/export_table_order_interface__rosidl_typesupport_fastrtps_cExport-noconfig.cmake
[0.503s] -- Installing: /home/psb/rokey_c_2_ws/install/table_order_interface/share/table_order_interface/cmake/export_table_order_interface__rosidl_generator_cppExport.cmake
[0.503s] -- Installing: /home/psb/rokey_c_2_ws/install/table_order_interface/share/table_order_interface/cmake/export_table_order_interface__rosidl_typesupport_fastrtps_cppExport.cmake
[0.503s] -- Installing: /home/psb/rokey_c_2_ws/install/table_order_interface/share/table_order_interface/cmake/export_table_order_interface__rosidl_typesupport_fastrtps_cppExport-noconfig.cmake
[0.503s] -- Installing: /home/psb/rokey_c_2_ws/install/table_order_interface/share/table_order_interface/cmake/table_order_interface__rosidl_typesupport_introspection_cExport.cmake
[0.503s] -- Installing: /home/psb/rokey_c_2_ws/install/table_order_interface/share/table_order_interface/cmake/table_order_interface__rosidl_typesupport_introspection_cExport-noconfig.cmake
[0.503s] -- Installing: /home/psb/rokey_c_2_ws/install/table_order_interface/share/table_order_interface/cmake/table_order_interface__rosidl_typesupport_cExport.cmake
[0.503s] -- Installing: /home/psb/rokey_c_2_ws/install/table_order_interface/share/table_order_interface/cmake/table_order_interface__rosidl_typesupport_cExport-noconfig.cmake
[0.503s] -- Installing: /home/psb/rokey_c_2_ws/install/table_order_interface/share/table_order_interface/cmake/table_order_interface__rosidl_typesupport_introspection_cppExport.cmake
[0.504s] -- Installing: /home/psb/rokey_c_2_ws/install/table_order_interface/share/table_order_interface/cmake/table_order_interface__rosidl_typesupport_introspection_cppExport-noconfig.cmake
[0.504s] -- Installing: /home/psb/rokey_c_2_ws/install/table_order_interface/share/table_order_interface/cmake/table_order_interface__rosidl_typesupport_cppExport.cmake
[0.504s] -- Installing: /home/psb/rokey_c_2_ws/install/table_order_interface/share/table_order_interface/cmake/table_order_interface__rosidl_typesupport_cppExport-noconfig.cmake
[0.504s] -- Installing: /home/psb/rokey_c_2_ws/install/table_order_interface/share/table_order_interface/cmake/export_table_order_interface__rosidl_generator_pyExport.cmake
[0.504s] -- Installing: /home/psb/rokey_c_2_ws/install/table_order_interface/share/table_order_interface/cmake/export_table_order_interface__rosidl_generator_pyExport-noconfig.cmake
[0.504s] -- Installing: /home/psb/rokey_c_2_ws/install/table_order_interface/share/table_order_interface/cmake/rosidl_cmake-extras.cmake
[0.504s] -- Installing: /home/psb/rokey_c_2_ws/install/table_order_interface/share/table_order_interface/cmake/ament_cmake_export_dependencies-extras.cmake
[0.504s] -- Installing: /home/psb/rokey_c_2_ws/install/table_order_interface/share/table_order_interface/cmake/ament_cmake_export_include_directories-extras.cmake
[0.504s] -- Installing: /home/psb/rokey_c_2_ws/install/table_order_interface/share/table_order_interface/cmake/ament_cmake_export_libraries-extras.cmake
[0.505s] -- Installing: /home/psb/rokey_c_2_ws/install/table_order_interface/share/table_order_interface/cmake/ament_cmake_export_targets-extras.cmake
[0.505s] -- Installing: /home/psb/rokey_c_2_ws/install/table_order_interface/share/table_order_interface/cmake/rosidl_cmake_export_typesupport_targets-extras.cmake
[0.505s] -- Installing: /home/psb/rokey_c_2_ws/install/table_order_interface/share/table_order_interface/cmake/rosidl_cmake_export_typesupport_libraries-extras.cmake
[0.505s] -- Installing: /home/psb/rokey_c_2_ws/install/table_order_interface/share/table_order_interface/cmake/table_order_interfaceConfig.cmake
[0.505s] -- Installing: /home/psb/rokey_c_2_ws/install/table_order_interface/share/table_order_interface/cmake/table_order_interfaceConfig-version.cmake
[0.505s] -- Installing: /home/psb/rokey_c_2_ws/install/table_order_interface/share/table_order_interface/package.xml
[0.508s] Invoked command in '/home/psb/rokey_c_2_ws/build/table_order_interface' returned '0': CMAKE_PREFIX_PATH=${CMAKE_PREFIX_PATH}:/home/psb/rokey_c_2_ws/install/table_order:/home/psb/rokey_c_2_ws/install/jiwon:/home/psb/turtlebot3_ws/install/turtlebot3_teleop:/home/psb/turtlebot3_ws/install/turtlebot3_example:/opt/ros/humble /usr/bin/cmake --install /home/psb/rokey_c_2_ws/build/table_order_interface
