[0.021s] Invoking command in '/home/g1/rokey_c2_ws/build/table_order_interface': CMAKE_PREFIX_PATH=${CMAKE_PREFIX_PATH}:/home/g1/rokey_c2_ws/install/serving_robot:/home/g1/rokey_c2_ws/install/table_order:/home/g1/rokey_c2_ws/install/database:/home/g1/work/turtlebot3_ws/install/turtlebot3_teleop:/home/g1/work/turtlebot3_ws/install/turtlebot3_example:/opt/ros/humble /usr/bin/cmake --build /home/g1/rokey_c2_ws/build/table_order_interface -- -j8 -l8
[0.042s] -- Found ament_cmake: 1.3.10 (/opt/ros/humble/share/ament_cmake/cmake)
[0.201s] -- Override CMake install command with custom implementation using symlinks instead of copying resources
[0.208s] -- Found builtin_interfaces: 1.2.1 (/opt/ros/humble/share/builtin_interfaces/cmake)
[0.232s] -- Found rosidl_generator_c: 3.1.5 (/opt/ros/humble/share/rosidl_generator_c/cmake)
[0.235s] -- Found rosidl_adapter: 3.1.5 (/opt/ros/humble/share/rosidl_adapter/cmake)
[0.241s] -- Found rosidl_generator_cpp: 3.1.5 (/opt/ros/humble/share/rosidl_generator_cpp/cmake)
[0.253s] -- Using all available rosidl_typesupport_c: rosidl_typesupport_fastrtps_c;rosidl_typesupport_introspection_c
[0.267s] -- Using all available rosidl_typesupport_cpp: rosidl_typesupport_fastrtps_cpp;rosidl_typesupport_introspection_cpp
[0.280s] -- Found rosidl_default_generators: 1.2.0 (/opt/ros/humble/share/rosidl_default_generators/cmake)
[0.614s] -- Found ament_cmake_ros: 0.10.0 (/opt/ros/humble/share/ament_cmake_ros/cmake)
[0.962s] -- Using all available rosidl_typesupport_c: rosidl_typesupport_fastrtps_c;rosidl_typesupport_introspection_c
[1.095s] -- Using all available rosidl_typesupport_cpp: rosidl_typesupport_fastrtps_cpp;rosidl_typesupport_introspection_cpp
[1.118s] -- Found python_cmake_module: 0.10.0 (/opt/ros/humble/share/python_cmake_module/cmake)
[1.142s] -- Using PYTHON_EXECUTABLE: /usr/bin/python3
[1.143s] -- Using PYTHON_INCLUDE_DIRS: /usr/include/python3.10
[1.143s] -- Using PYTHON_LIBRARIES: /usr/lib/x86_64-linux-gnu/libpython3.10.so
[1.167s] -- Found ament_lint_auto: 0.12.11 (/opt/ros/humble/share/ament_lint_auto/cmake)
[1.180s] -- Added test 'lint_cmake' to check CMake code style
[1.181s] -- Added test 'xmllint' to check XML markup files
[1.185s] -- Configuring done
[1.224s] -- Generating done
[1.228s] -- Build files have been written to: /home/g1/rokey_c2_ws/build/table_order_interface
[1.257s] [  3%] [34m[1mGenerating C code for ROS interfaces[0m
[1.270s] [  6%] [34m[1mGenerating C++ code for ROS interfaces[0m
[1.284s] [  6%] Built target ament_cmake_python_symlink_table_order_interface
[1.598s] running egg_info
[1.599s] writing table_order_interface.egg-info/PKG-INFO
[1.599s] writing dependency_links to table_order_interface.egg-info/dependency_links.txt
[1.599s] writing top-level names to table_order_interface.egg-info/top_level.txt
[1.602s] reading manifest file 'table_order_interface.egg-info/SOURCES.txt'
[1.603s] writing manifest file 'table_order_interface.egg-info/SOURCES.txt'
[1.637s] [  6%] Built target table_order_interface__cpp
[1.644s] [  6%] Built target ament_cmake_python_build_table_order_interface_egg
[1.649s] [  9%] [34m[1mGenerating C++ type support for eProsima Fast-RTPS[0m
[1.650s] [ 12%] [34m[1mGenerating C++ introspection for ROS interfaces[0m
[1.651s] [ 16%] [34m[1mGenerating C++ type support dispatch for ROS interfaces[0m
[1.860s] [35m[1mConsolidate compiler generated dependencies of target table_order_interface__rosidl_generator_c[0m
[1.877s] [ 19%] [32mBuilding C object CMakeFiles/table_order_interface__rosidl_generator_c.dir/rosidl_generator_c/table_order_interface/srv/detail/set_order__functions.c.o[0m
[1.959s] [ 22%] [32m[1mLinking C shared library libtable_order_interface__rosidl_generator_c.so[0m
[1.970s] [35m[1mConsolidate compiler generated dependencies of target table_order_interface__rosidl_typesupport_cpp[0m
[1.986s] [ 25%] [32mBuilding CXX object CMakeFiles/table_order_interface__rosidl_typesupport_cpp.dir/rosidl_typesupport_cpp/table_order_interface/srv/set_order__type_support.cpp.o[0m
[2.007s] [ 25%] Built target table_order_interface__rosidl_generator_c
[2.021s] [ 29%] [34m[1mGenerating C type support for eProsima Fast-RTPS[0m
[2.021s] [ 32%] [34m[1mGenerating C type support dispatch for ROS interfaces[0m
[2.022s] [ 35%] [34m[1mGenerating C introspection for ROS interfaces[0m
[2.197s] [35m[1mConsolidate compiler generated dependencies of target table_order_interface__rosidl_typesupport_introspection_cpp[0m
[2.214s] [ 38%] [32mBuilding CXX object CMakeFiles/table_order_interface__rosidl_typesupport_introspection_cpp.dir/rosidl_typesupport_introspection_cpp/table_order_interface/srv/detail/set_order__type_support.cpp.o[0m
[2.218s] [35m[1mConsolidate compiler generated dependencies of target table_order_interface__rosidl_typesupport_fastrtps_cpp[0m
[2.235s] [ 41%] [32mBuilding CXX object CMakeFiles/table_order_interface__rosidl_typesupport_fastrtps_cpp.dir/rosidl_typesupport_fastrtps_cpp/table_order_interface/srv/detail/dds_fastrtps/set_order__type_support.cpp.o[0m
[2.379s] [ 45%] [32m[1mLinking CXX shared library libtable_order_interface__rosidl_typesupport_cpp.so[0m
[2.440s] [ 45%] Built target table_order_interface__rosidl_typesupport_cpp
[2.491s] [35m[1mConsolidate compiler generated dependencies of target table_order_interface__rosidl_typesupport_introspection_c[0m
[2.505s] [35m[1mConsolidate compiler generated dependencies of target table_order_interface__rosidl_typesupport_c[0m
[2.507s] [ 48%] [32mBuilding C object CMakeFiles/table_order_interface__rosidl_typesupport_introspection_c.dir/rosidl_typesupport_introspection_c/table_order_interface/srv/detail/set_order__type_support.c.o[0m
[2.517s] [ 51%] [32mBuilding CXX object CMakeFiles/table_order_interface__rosidl_typesupport_c.dir/rosidl_typesupport_c/table_order_interface/srv/set_order__type_support.cpp.o[0m
[2.550s] [ 54%] [32m[1mLinking CXX shared library libtable_order_interface__rosidl_typesupport_c.so[0m
[2.566s] [ 58%] [32m[1mLinking C shared library libtable_order_interface__rosidl_typesupport_introspection_c.so[0m
[2.586s] [35m[1mConsolidate compiler generated dependencies of target table_order_interface__rosidl_typesupport_fastrtps_c[0m
[2.601s] [ 58%] Built target table_order_interface__rosidl_typesupport_introspection_c
[2.602s] [ 58%] Built target table_order_interface__rosidl_typesupport_c
[2.603s] [ 61%] [32mBuilding CXX object CMakeFiles/table_order_interface__rosidl_typesupport_fastrtps_c.dir/rosidl_typesupport_fastrtps_c/table_order_interface/srv/detail/set_order__type_support_c.cpp.o[0m
[2.772s] [ 64%] [32m[1mLinking CXX shared library libtable_order_interface__rosidl_typesupport_introspection_cpp.so[0m
[2.812s] [ 67%] [32m[1mLinking CXX shared library libtable_order_interface__rosidl_typesupport_fastrtps_cpp.so[0m
[2.850s] [ 67%] Built target table_order_interface__rosidl_typesupport_introspection_cpp
[2.892s] [ 67%] Built target table_order_interface__rosidl_typesupport_fastrtps_cpp
[2.963s] [ 70%] [32m[1mLinking CXX shared library libtable_order_interface__rosidl_typesupport_fastrtps_c.so[0m
[3.033s] [ 70%] Built target table_order_interface__rosidl_typesupport_fastrtps_c
[3.051s] [ 70%] Built target table_order_interface
[3.068s] [ 74%] [34m[1mGenerating Python code for ROS interfaces[0m
[3.528s] [ 74%] Built target table_order_interface__py
[3.537s] [35m[1mConsolidate compiler generated dependencies of target table_order_interface__rosidl_generator_py[0m
[3.548s] [ 77%] [32mBuilding C object CMakeFiles/table_order_interface__rosidl_generator_py.dir/rosidl_generator_py/table_order_interface/srv/_set_order_s.c.o[0m
[3.648s] [ 80%] [32m[1mLinking C shared library rosidl_generator_py/table_order_interface/libtable_order_interface__rosidl_generator_py.so[0m
[3.683s] [ 80%] Built target table_order_interface__rosidl_generator_py
[3.692s] [35m[1mConsolidate compiler generated dependencies of target table_order_interface__rosidl_typesupport_fastrtps_c__pyext[0m
[3.692s] [35m[1mConsolidate compiler generated dependencies of target table_order_interface__rosidl_typesupport_c__pyext[0m
[3.693s] [35m[1mConsolidate compiler generated dependencies of target table_order_interface__rosidl_typesupport_introspection_c__pyext[0m
[3.704s] [ 87%] [32mBuilding C object CMakeFiles/table_order_interface__rosidl_typesupport_c__pyext.dir/rosidl_generator_py/table_order_interface/_table_order_interface_s.ep.rosidl_typesupport_c.c.o[0m
[3.704s] [ 87%] [32mBuilding C object CMakeFiles/table_order_interface__rosidl_typesupport_fastrtps_c__pyext.dir/rosidl_generator_py/table_order_interface/_table_order_interface_s.ep.rosidl_typesupport_fastrtps_c.c.o[0m
[3.706s] [ 90%] [32mBuilding C object CMakeFiles/table_order_interface__rosidl_typesupport_introspection_c__pyext.dir/rosidl_generator_py/table_order_interface/_table_order_interface_s.ep.rosidl_typesupport_introspection_c.c.o[0m
[3.794s] [100%] [32m[1mLinking C shared library rosidl_generator_py/table_order_interface/table_order_interface_s__rosidl_typesupport_introspection_c.cpython-310-x86_64-linux-gnu.so[0m
[3.794s] [100%] [32m[1mLinking C shared library rosidl_generator_py/table_order_interface/table_order_interface_s__rosidl_typesupport_fastrtps_c.cpython-310-x86_64-linux-gnu.so[0m
[3.794s] [100%] [32m[1mLinking C shared library rosidl_generator_py/table_order_interface/table_order_interface_s__rosidl_typesupport_c.cpython-310-x86_64-linux-gnu.so[0m
[3.826s] [100%] Built target table_order_interface__rosidl_typesupport_fastrtps_c__pyext
[3.826s] [100%] Built target table_order_interface__rosidl_typesupport_c__pyext
[3.826s] [100%] Built target table_order_interface__rosidl_typesupport_introspection_c__pyext
[3.836s] Invoked command in '/home/g1/rokey_c2_ws/build/table_order_interface' returned '0': CMAKE_PREFIX_PATH=${CMAKE_PREFIX_PATH}:/home/g1/rokey_c2_ws/install/serving_robot:/home/g1/rokey_c2_ws/install/table_order:/home/g1/rokey_c2_ws/install/database:/home/g1/work/turtlebot3_ws/install/turtlebot3_teleop:/home/g1/work/turtlebot3_ws/install/turtlebot3_example:/opt/ros/humble /usr/bin/cmake --build /home/g1/rokey_c2_ws/build/table_order_interface -- -j8 -l8
[3.882s] Invoking command in '/home/g1/rokey_c2_ws/build/table_order_interface': CMAKE_PREFIX_PATH=${CMAKE_PREFIX_PATH}:/home/g1/rokey_c2_ws/install/serving_robot:/home/g1/rokey_c2_ws/install/table_order:/home/g1/rokey_c2_ws/install/database:/home/g1/work/turtlebot3_ws/install/turtlebot3_teleop:/home/g1/work/turtlebot3_ws/install/turtlebot3_example:/opt/ros/humble /usr/bin/cmake --install /home/g1/rokey_c2_ws/build/table_order_interface
[3.889s] -- Install configuration: ""
[3.889s] -- Execute custom install script
[3.890s] -- Up-to-date symlink: /home/g1/rokey_c2_ws/install/table_order_interface/share/ament_index/resource_index/rosidl_interfaces/table_order_interface
[3.890s] -- Up-to-date symlink: /home/g1/rokey_c2_ws/install/table_order_interface/include/table_order_interface/table_order_interface/msg/rosidl_generator_c__visibility_control.h
[3.890s] -- Up-to-date symlink: /home/g1/rokey_c2_ws/install/table_order_interface/include/table_order_interface/table_order_interface/srv/detail/set_order__functions.h
[3.890s] -- Up-to-date symlink: /home/g1/rokey_c2_ws/install/table_order_interface/include/table_order_interface/table_order_interface/srv/detail/set_order__struct.h
[3.890s] -- Up-to-date symlink: /home/g1/rokey_c2_ws/install/table_order_interface/include/table_order_interface/table_order_interface/srv/detail/set_order__type_support.h
[3.890s] -- Up-to-date symlink: /home/g1/rokey_c2_ws/install/table_order_interface/include/table_order_interface/table_order_interface/srv/set_order.h
[3.891s] -- Up-to-date symlink: /home/g1/rokey_c2_ws/install/table_order_interface/share/table_order_interface/environment/library_path.sh
[3.891s] -- Up-to-date symlink: /home/g1/rokey_c2_ws/install/table_order_interface/share/table_order_interface/environment/library_path.dsv
[3.891s] -- Up-to-date symlink: /home/g1/rokey_c2_ws/install/table_order_interface/include/table_order_interface/table_order_interface/msg/rosidl_typesupport_fastrtps_c__visibility_control.h
[3.891s] -- Up-to-date symlink: /home/g1/rokey_c2_ws/install/table_order_interface/include/table_order_interface/table_order_interface/srv/detail/set_order__rosidl_typesupport_fastrtps_c.h
[3.891s] -- Up-to-date symlink: /home/g1/rokey_c2_ws/install/table_order_interface/include/table_order_interface/table_order_interface/srv/detail/set_order__builder.hpp
[3.891s] -- Up-to-date symlink: /home/g1/rokey_c2_ws/install/table_order_interface/include/table_order_interface/table_order_interface/srv/detail/set_order__struct.hpp
[3.892s] -- Up-to-date symlink: /home/g1/rokey_c2_ws/install/table_order_interface/include/table_order_interface/table_order_interface/srv/detail/set_order__traits.hpp
[3.892s] -- Up-to-date symlink: /home/g1/rokey_c2_ws/install/table_order_interface/include/table_order_interface/table_order_interface/srv/set_order.hpp
[3.892s] -- Up-to-date symlink: /home/g1/rokey_c2_ws/install/table_order_interface/include/table_order_interface/table_order_interface/msg/rosidl_typesupport_fastrtps_cpp__visibility_control.h
[3.892s] -- Up-to-date symlink: /home/g1/rokey_c2_ws/install/table_order_interface/include/table_order_interface/table_order_interface/srv/detail/set_order__rosidl_typesupport_fastrtps_cpp.hpp
[3.892s] -- Up-to-date symlink: /home/g1/rokey_c2_ws/install/table_order_interface/include/table_order_interface/table_order_interface/msg/rosidl_typesupport_introspection_c__visibility_control.h
[3.892s] -- Up-to-date symlink: /home/g1/rokey_c2_ws/install/table_order_interface/include/table_order_interface/table_order_interface/srv/detail/set_order__rosidl_typesupport_introspection_c.h
[3.893s] -- Up-to-date symlink: /home/g1/rokey_c2_ws/install/table_order_interface/include/table_order_interface/table_order_interface/srv/detail/set_order__rosidl_typesupport_introspection_cpp.hpp
[3.893s] -- Up-to-date symlink: /home/g1/rokey_c2_ws/install/table_order_interface/share/table_order_interface/environment/pythonpath.sh
[3.893s] -- Up-to-date symlink: /home/g1/rokey_c2_ws/install/table_order_interface/share/table_order_interface/environment/pythonpath.dsv
[3.893s] -- Up-to-date symlink: /home/g1/rokey_c2_ws/install/table_order_interface/local/lib/python3.10/dist-packages/table_order_interface-0.0.0-py3.10.egg-info/PKG-INFO
[3.893s] -- Up-to-date symlink: /home/g1/rokey_c2_ws/install/table_order_interface/local/lib/python3.10/dist-packages/table_order_interface-0.0.0-py3.10.egg-info/SOURCES.txt
[3.893s] -- Up-to-date symlink: /home/g1/rokey_c2_ws/install/table_order_interface/local/lib/python3.10/dist-packages/table_order_interface-0.0.0-py3.10.egg-info/dependency_links.txt
[3.893s] -- Up-to-date symlink: /home/g1/rokey_c2_ws/install/table_order_interface/local/lib/python3.10/dist-packages/table_order_interface-0.0.0-py3.10.egg-info/top_level.txt
[3.894s] -- Up-to-date symlink: /home/g1/rokey_c2_ws/install/table_order_interface/local/lib/python3.10/dist-packages/table_order_interface/__init__.py
[3.894s] -- Up-to-date symlink: /home/g1/rokey_c2_ws/install/table_order_interface/local/lib/python3.10/dist-packages/table_order_interface/_table_order_interface_s.ep.rosidl_typesupport_c.c
[3.894s] -- Up-to-date symlink: /home/g1/rokey_c2_ws/install/table_order_interface/local/lib/python3.10/dist-packages/table_order_interface/_table_order_interface_s.ep.rosidl_typesupport_fastrtps_c.c
[3.894s] -- Up-to-date symlink: /home/g1/rokey_c2_ws/install/table_order_interface/local/lib/python3.10/dist-packages/table_order_interface/_table_order_interface_s.ep.rosidl_typesupport_introspection_c.c
[3.894s] -- Up-to-date symlink: /home/g1/rokey_c2_ws/install/table_order_interface/local/lib/python3.10/dist-packages/table_order_interface/libtable_order_interface__rosidl_generator_py.so
[3.894s] -- Up-to-date symlink: /home/g1/rokey_c2_ws/install/table_order_interface/local/lib/python3.10/dist-packages/table_order_interface/srv/__init__.py
[3.894s] -- Up-to-date symlink: /home/g1/rokey_c2_ws/install/table_order_interface/local/lib/python3.10/dist-packages/table_order_interface/srv/_set_order.py
[3.895s] -- Up-to-date symlink: /home/g1/rokey_c2_ws/install/table_order_interface/local/lib/python3.10/dist-packages/table_order_interface/srv/_set_order_s.c
[3.895s] -- Up-to-date symlink: /home/g1/rokey_c2_ws/install/table_order_interface/local/lib/python3.10/dist-packages/table_order_interface/table_order_interface_s__rosidl_typesupport_c.cpython-310-x86_64-linux-gnu.so
[3.895s] -- Up-to-date symlink: /home/g1/rokey_c2_ws/install/table_order_interface/local/lib/python3.10/dist-packages/table_order_interface/table_order_interface_s__rosidl_typesupport_fastrtps_c.cpython-310-x86_64-linux-gnu.so
[3.895s] -- Up-to-date symlink: /home/g1/rokey_c2_ws/install/table_order_interface/local/lib/python3.10/dist-packages/table_order_interface/table_order_interface_s__rosidl_typesupport_introspection_c.cpython-310-x86_64-linux-gnu.so
[3.895s] -- Up-to-date symlink: /home/g1/rokey_c2_ws/install/table_order_interface/local/lib/python3.10/dist-packages/table_order_interface/table_order_interface_s__rosidl_typesupport_fastrtps_c.cpython-310-x86_64-linux-gnu.so
[3.895s] -- Up-to-date symlink: /home/g1/rokey_c2_ws/install/table_order_interface/local/lib/python3.10/dist-packages/table_order_interface/table_order_interface_s__rosidl_typesupport_introspection_c.cpython-310-x86_64-linux-gnu.so
[3.895s] -- Up-to-date symlink: /home/g1/rokey_c2_ws/install/table_order_interface/local/lib/python3.10/dist-packages/table_order_interface/table_order_interface_s__rosidl_typesupport_c.cpython-310-x86_64-linux-gnu.so
[3.895s] -- Up-to-date symlink: /home/g1/rokey_c2_ws/install/table_order_interface/share/table_order_interface/srv/SetOrder.idl
[3.896s] -- Up-to-date symlink: /home/g1/rokey_c2_ws/install/table_order_interface/share/table_order_interface/srv/SetOrder.srv
[3.896s] -- Up-to-date symlink: /home/g1/rokey_c2_ws/install/table_order_interface/share/table_order_interface/srv/SetOrder_Request.msg
[3.896s] -- Up-to-date symlink: /home/g1/rokey_c2_ws/install/table_order_interface/share/table_order_interface/srv/SetOrder_Response.msg
[3.896s] -- Up-to-date symlink: /home/g1/rokey_c2_ws/install/table_order_interface/share/ament_index/resource_index/package_run_dependencies/table_order_interface
[3.896s] -- Up-to-date symlink: /home/g1/rokey_c2_ws/install/table_order_interface/share/ament_index/resource_index/parent_prefix_path/table_order_interface
[3.896s] -- Up-to-date symlink: /home/g1/rokey_c2_ws/install/table_order_interface/share/table_order_interface/environment/ament_prefix_path.sh
[3.896s] -- Up-to-date symlink: /home/g1/rokey_c2_ws/install/table_order_interface/share/table_order_interface/environment/ament_prefix_path.dsv
[3.897s] -- Up-to-date symlink: /home/g1/rokey_c2_ws/install/table_order_interface/share/table_order_interface/environment/path.sh
[3.897s] -- Up-to-date symlink: /home/g1/rokey_c2_ws/install/table_order_interface/share/table_order_interface/environment/path.dsv
[3.897s] -- Up-to-date symlink: /home/g1/rokey_c2_ws/install/table_order_interface/share/table_order_interface/local_setup.bash
[3.897s] -- Up-to-date symlink: /home/g1/rokey_c2_ws/install/table_order_interface/share/table_order_interface/local_setup.sh
[3.897s] -- Up-to-date symlink: /home/g1/rokey_c2_ws/install/table_order_interface/share/table_order_interface/local_setup.zsh
[3.897s] -- Up-to-date symlink: /home/g1/rokey_c2_ws/install/table_order_interface/share/table_order_interface/local_setup.dsv
[3.897s] -- Symlinking: /home/g1/rokey_c2_ws/install/table_order_interface/share/table_order_interface/package.dsv
[3.906s] -- Up-to-date symlink: /home/g1/rokey_c2_ws/install/table_order_interface/share/ament_index/resource_index/packages/table_order_interface
[3.906s] -- Up-to-date symlink: /home/g1/rokey_c2_ws/install/table_order_interface/share/table_order_interface/cmake/rosidl_cmake-extras.cmake
[3.906s] -- Up-to-date symlink: /home/g1/rokey_c2_ws/install/table_order_interface/share/table_order_interface/cmake/ament_cmake_export_dependencies-extras.cmake
[3.906s] -- Up-to-date symlink: /home/g1/rokey_c2_ws/install/table_order_interface/share/table_order_interface/cmake/ament_cmake_export_include_directories-extras.cmake
[3.906s] -- Up-to-date symlink: /home/g1/rokey_c2_ws/install/table_order_interface/share/table_order_interface/cmake/ament_cmake_export_libraries-extras.cmake
[3.906s] -- Up-to-date symlink: /home/g1/rokey_c2_ws/install/table_order_interface/share/table_order_interface/cmake/ament_cmake_export_targets-extras.cmake
[3.906s] -- Up-to-date symlink: /home/g1/rokey_c2_ws/install/table_order_interface/share/table_order_interface/cmake/rosidl_cmake_export_typesupport_targets-extras.cmake
[3.906s] -- Up-to-date symlink: /home/g1/rokey_c2_ws/install/table_order_interface/share/table_order_interface/cmake/rosidl_cmake_export_typesupport_libraries-extras.cmake
[3.907s] -- Up-to-date symlink: /home/g1/rokey_c2_ws/install/table_order_interface/share/table_order_interface/cmake/table_order_interfaceConfig.cmake
[3.907s] -- Up-to-date symlink: /home/g1/rokey_c2_ws/install/table_order_interface/share/table_order_interface/cmake/table_order_interfaceConfig-version.cmake
[3.907s] -- Up-to-date symlink: /home/g1/rokey_c2_ws/install/table_order_interface/share/table_order_interface/package.xml
[3.907s] -- Installing: /home/g1/rokey_c2_ws/install/table_order_interface/lib/libtable_order_interface__rosidl_generator_c.so
[3.907s] -- Set runtime path of "/home/g1/rokey_c2_ws/install/table_order_interface/lib/libtable_order_interface__rosidl_generator_c.so" to ""
[3.907s] -- Installing: /home/g1/rokey_c2_ws/install/table_order_interface/lib/libtable_order_interface__rosidl_typesupport_fastrtps_c.so
[3.908s] -- Set runtime path of "/home/g1/rokey_c2_ws/install/table_order_interface/lib/libtable_order_interface__rosidl_typesupport_fastrtps_c.so" to ""
[3.908s] -- Installing: /home/g1/rokey_c2_ws/install/table_order_interface/lib/libtable_order_interface__rosidl_typesupport_fastrtps_cpp.so
[3.908s] -- Set runtime path of "/home/g1/rokey_c2_ws/install/table_order_interface/lib/libtable_order_interface__rosidl_typesupport_fastrtps_cpp.so" to ""
[3.908s] -- Installing: /home/g1/rokey_c2_ws/install/table_order_interface/lib/libtable_order_interface__rosidl_typesupport_introspection_c.so
[3.908s] -- Set runtime path of "/home/g1/rokey_c2_ws/install/table_order_interface/lib/libtable_order_interface__rosidl_typesupport_introspection_c.so" to ""
[3.909s] -- Installing: /home/g1/rokey_c2_ws/install/table_order_interface/lib/libtable_order_interface__rosidl_typesupport_c.so
[3.909s] -- Set runtime path of "/home/g1/rokey_c2_ws/install/table_order_interface/lib/libtable_order_interface__rosidl_typesupport_c.so" to ""
[3.909s] -- Installing: /home/g1/rokey_c2_ws/install/table_order_interface/lib/libtable_order_interface__rosidl_typesupport_introspection_cpp.so
[3.909s] -- Set runtime path of "/home/g1/rokey_c2_ws/install/table_order_interface/lib/libtable_order_interface__rosidl_typesupport_introspection_cpp.so" to ""
[3.909s] -- Installing: /home/g1/rokey_c2_ws/install/table_order_interface/lib/libtable_order_interface__rosidl_typesupport_cpp.so
[3.910s] -- Set runtime path of "/home/g1/rokey_c2_ws/install/table_order_interface/lib/libtable_order_interface__rosidl_typesupport_cpp.so" to ""
[3.947s] Listing '/home/g1/rokey_c2_ws/install/table_order_interface/local/lib/python3.10/dist-packages/table_order_interface'...
[3.947s] Compiling '/home/g1/rokey_c2_ws/install/table_order_interface/local/lib/python3.10/dist-packages/table_order_interface/__init__.py'...
[3.947s] Listing '/home/g1/rokey_c2_ws/install/table_order_interface/local/lib/python3.10/dist-packages/table_order_interface/srv'...
[3.947s] Compiling '/home/g1/rokey_c2_ws/install/table_order_interface/local/lib/python3.10/dist-packages/table_order_interface/srv/__init__.py'...
[3.947s] Compiling '/home/g1/rokey_c2_ws/install/table_order_interface/local/lib/python3.10/dist-packages/table_order_interface/srv/_set_order.py'...
[3.951s] -- Installing: /home/g1/rokey_c2_ws/install/table_order_interface/lib/libtable_order_interface__rosidl_generator_py.so
[3.951s] -- Set runtime path of "/home/g1/rokey_c2_ws/install/table_order_interface/lib/libtable_order_interface__rosidl_generator_py.so" to ""
[3.952s] -- Up-to-date: /home/g1/rokey_c2_ws/install/table_order_interface/share/table_order_interface/cmake/export_table_order_interface__rosidl_generator_cExport.cmake
[3.952s] -- Up-to-date: /home/g1/rokey_c2_ws/install/table_order_interface/share/table_order_interface/cmake/export_table_order_interface__rosidl_generator_cExport-noconfig.cmake
[3.952s] -- Up-to-date: /home/g1/rokey_c2_ws/install/table_order_interface/share/table_order_interface/cmake/export_table_order_interface__rosidl_typesupport_fastrtps_cExport.cmake
[3.952s] -- Up-to-date: /home/g1/rokey_c2_ws/install/table_order_interface/share/table_order_interface/cmake/export_table_order_interface__rosidl_typesupport_fastrtps_cExport-noconfig.cmake
[3.952s] -- Up-to-date: /home/g1/rokey_c2_ws/install/table_order_interface/share/table_order_interface/cmake/export_table_order_interface__rosidl_generator_cppExport.cmake
[3.952s] -- Up-to-date: /home/g1/rokey_c2_ws/install/table_order_interface/share/table_order_interface/cmake/export_table_order_interface__rosidl_typesupport_fastrtps_cppExport.cmake
[3.952s] -- Up-to-date: /home/g1/rokey_c2_ws/install/table_order_interface/share/table_order_interface/cmake/export_table_order_interface__rosidl_typesupport_fastrtps_cppExport-noconfig.cmake
[3.952s] -- Up-to-date: /home/g1/rokey_c2_ws/install/table_order_interface/share/table_order_interface/cmake/table_order_interface__rosidl_typesupport_introspection_cExport.cmake
[3.952s] -- Up-to-date: /home/g1/rokey_c2_ws/install/table_order_interface/share/table_order_interface/cmake/table_order_interface__rosidl_typesupport_introspection_cExport-noconfig.cmake
[3.952s] -- Up-to-date: /home/g1/rokey_c2_ws/install/table_order_interface/share/table_order_interface/cmake/table_order_interface__rosidl_typesupport_cExport.cmake
[3.953s] -- Up-to-date: /home/g1/rokey_c2_ws/install/table_order_interface/share/table_order_interface/cmake/table_order_interface__rosidl_typesupport_cExport-noconfig.cmake
[3.953s] -- Up-to-date: /home/g1/rokey_c2_ws/install/table_order_interface/share/table_order_interface/cmake/table_order_interface__rosidl_typesupport_introspection_cppExport.cmake
[3.953s] -- Up-to-date: /home/g1/rokey_c2_ws/install/table_order_interface/share/table_order_interface/cmake/table_order_interface__rosidl_typesupport_introspection_cppExport-noconfig.cmake
[3.953s] -- Up-to-date: /home/g1/rokey_c2_ws/install/table_order_interface/share/table_order_interface/cmake/table_order_interface__rosidl_typesupport_cppExport.cmake
[3.953s] -- Up-to-date: /home/g1/rokey_c2_ws/install/table_order_interface/share/table_order_interface/cmake/table_order_interface__rosidl_typesupport_cppExport-noconfig.cmake
[3.953s] -- Up-to-date: /home/g1/rokey_c2_ws/install/table_order_interface/share/table_order_interface/cmake/export_table_order_interface__rosidl_generator_pyExport.cmake
[3.953s] -- Up-to-date: /home/g1/rokey_c2_ws/install/table_order_interface/share/table_order_interface/cmake/export_table_order_interface__rosidl_generator_pyExport-noconfig.cmake
[3.955s] Invoked command in '/home/g1/rokey_c2_ws/build/table_order_interface' returned '0': CMAKE_PREFIX_PATH=${CMAKE_PREFIX_PATH}:/home/g1/rokey_c2_ws/install/serving_robot:/home/g1/rokey_c2_ws/install/table_order:/home/g1/rokey_c2_ws/install/database:/home/g1/work/turtlebot3_ws/install/turtlebot3_teleop:/home/g1/work/turtlebot3_ws/install/turtlebot3_example:/opt/ros/humble /usr/bin/cmake --install /home/g1/rokey_c2_ws/build/table_order_interface
