[0.140s] DEBUG:colcon:Command line arguments: ['/usr/bin/colcon', 'build']
[0.140s] DEBUG:colcon:Parsed command line arguments: Namespace(log_base=None, log_level=None, verb_name='build', build_base='build', install_base='install', merge_install=False, symlink_install=False, test_result_base=None, continue_on_error=False, executor='parallel', parallel_workers=8, event_handlers=None, ignore_user_meta=False, metas=['./colcon.meta'], base_paths=['.'], packages_ignore=None, packages_ignore_regex=None, paths=None, packages_up_to=None, packages_up_to_regex=None, packages_above=None, packages_above_and_dependencies=None, packages_above_depth=None, packages_select_by_dep=None, packages_skip_by_dep=None, packages_skip_up_to=None, packages_select_build_failed=False, packages_skip_build_finished=False, packages_select_test_failures=False, packages_skip_test_passed=False, packages_select=None, packages_skip=None, packages_select_regex=None, packages_skip_regex=None, packages_start=None, packages_end=None, allow_overriding=[], cmake_args=None, cmake_target=None, cmake_target_skip_unavailable=False, cmake_clean_cache=False, cmake_clean_first=False, cmake_force_configure=False, ament_cmake_args=None, catkin_cmake_args=None, catkin_skip_building_tests=False, verb_parser=<colcon_defaults.argument_parser.defaults.DefaultArgumentsDecorator object at 0x7ddaa312f0d0>, verb_extension=<colcon_core.verb.build.BuildVerb object at 0x7ddaa31fd210>, main=<bound method BuildVerb.main of <colcon_core.verb.build.BuildVerb object at 0x7ddaa31fd210>>)
[0.362s] Level 1:colcon.colcon_core.package_discovery:discover_packages(colcon_meta) check parameters
[0.362s] Level 1:colcon.colcon_core.package_discovery:discover_packages(recursive) check parameters
[0.362s] Level 1:colcon.colcon_core.package_discovery:discover_packages(ignore) check parameters
[0.362s] Level 1:colcon.colcon_core.package_discovery:discover_packages(path) check parameters
[0.362s] Level 1:colcon.colcon_core.package_discovery:discover_packages(colcon_meta) discover
[0.362s] Level 1:colcon.colcon_core.package_discovery:discover_packages(recursive) discover
[0.362s] INFO:colcon.colcon_core.package_discovery:Crawling recursively for packages in '/home/psb/rokey_c_2_ws'
[0.362s] Level 1:colcon.colcon_core.package_identification:_identify(.) by extensions ['ignore', 'ignore_ament_install']
[0.363s] Level 1:colcon.colcon_core.package_identification:_identify(.) by extension 'ignore'
[0.363s] Level 1:colcon.colcon_core.package_identification:_identify(.) by extension 'ignore_ament_install'
[0.363s] Level 1:colcon.colcon_core.package_identification:_identify(.) by extensions ['colcon_pkg']
[0.363s] Level 1:colcon.colcon_core.package_identification:_identify(.) by extension 'colcon_pkg'
[0.363s] Level 1:colcon.colcon_core.package_identification:_identify(.) by extensions ['colcon_meta']
[0.363s] Level 1:colcon.colcon_core.package_identification:_identify(.) by extension 'colcon_meta'
[0.363s] Level 1:colcon.colcon_core.package_identification:_identify(.) by extensions ['ros']
[0.363s] Level 1:colcon.colcon_core.package_identification:_identify(.) by extension 'ros'
[0.375s] Level 1:colcon.colcon_core.package_identification:_identify(.) by extensions ['cmake', 'python']
[0.375s] Level 1:colcon.colcon_core.package_identification:_identify(.) by extension 'cmake'
[0.375s] Level 1:colcon.colcon_core.package_identification:_identify(.) by extension 'python'
[0.375s] Level 1:colcon.colcon_core.package_identification:_identify(.) by extensions ['python_setup_py']
[0.375s] Level 1:colcon.colcon_core.package_identification:_identify(.) by extension 'python_setup_py'
[0.375s] Level 1:colcon.colcon_core.package_identification:_identify(build) by extensions ['ignore', 'ignore_ament_install']
[0.375s] Level 1:colcon.colcon_core.package_identification:_identify(build) by extension 'ignore'
[0.375s] Level 1:colcon.colcon_core.package_identification:_identify(build) ignored
[0.375s] Level 1:colcon.colcon_core.package_identification:_identify(install) by extensions ['ignore', 'ignore_ament_install']
[0.375s] Level 1:colcon.colcon_core.package_identification:_identify(install) by extension 'ignore'
[0.376s] Level 1:colcon.colcon_core.package_identification:_identify(install) ignored
[0.376s] Level 1:colcon.colcon_core.package_identification:_identify(log) by extensions ['ignore', 'ignore_ament_install']
[0.376s] Level 1:colcon.colcon_core.package_identification:_identify(log) by extension 'ignore'
[0.376s] Level 1:colcon.colcon_core.package_identification:_identify(log) ignored
[0.376s] Level 1:colcon.colcon_core.package_identification:_identify(src) by extensions ['ignore', 'ignore_ament_install']
[0.376s] Level 1:colcon.colcon_core.package_identification:_identify(src) by extension 'ignore'
[0.376s] Level 1:colcon.colcon_core.package_identification:_identify(src) by extension 'ignore_ament_install'
[0.376s] Level 1:colcon.colcon_core.package_identification:_identify(src) by extensions ['colcon_pkg']
[0.376s] Level 1:colcon.colcon_core.package_identification:_identify(src) by extension 'colcon_pkg'
[0.376s] Level 1:colcon.colcon_core.package_identification:_identify(src) by extensions ['colcon_meta']
[0.376s] Level 1:colcon.colcon_core.package_identification:_identify(src) by extension 'colcon_meta'
[0.376s] Level 1:colcon.colcon_core.package_identification:_identify(src) by extensions ['ros']
[0.376s] Level 1:colcon.colcon_core.package_identification:_identify(src) by extension 'ros'
[0.376s] Level 1:colcon.colcon_core.package_identification:_identify(src) by extensions ['cmake', 'python']
[0.376s] Level 1:colcon.colcon_core.package_identification:_identify(src) by extension 'cmake'
[0.376s] Level 1:colcon.colcon_core.package_identification:_identify(src) by extension 'python'
[0.376s] Level 1:colcon.colcon_core.package_identification:_identify(src) by extensions ['python_setup_py']
[0.377s] Level 1:colcon.colcon_core.package_identification:_identify(src) by extension 'python_setup_py'
[0.377s] Level 1:colcon.colcon_core.package_identification:_identify(src/c2_turtle_interface) by extensions ['ignore', 'ignore_ament_install']
[0.377s] Level 1:colcon.colcon_core.package_identification:_identify(src/c2_turtle_interface) by extension 'ignore'
[0.377s] Level 1:colcon.colcon_core.package_identification:_identify(src/c2_turtle_interface) by extension 'ignore_ament_install'
[0.377s] Level 1:colcon.colcon_core.package_identification:_identify(src/c2_turtle_interface) by extensions ['colcon_pkg']
[0.377s] Level 1:colcon.colcon_core.package_identification:_identify(src/c2_turtle_interface) by extension 'colcon_pkg'
[0.377s] Level 1:colcon.colcon_core.package_identification:_identify(src/c2_turtle_interface) by extensions ['colcon_meta']
[0.377s] Level 1:colcon.colcon_core.package_identification:_identify(src/c2_turtle_interface) by extension 'colcon_meta'
[0.377s] Level 1:colcon.colcon_core.package_identification:_identify(src/c2_turtle_interface) by extensions ['ros']
[0.377s] Level 1:colcon.colcon_core.package_identification:_identify(src/c2_turtle_interface) by extension 'ros'
[0.377s] Level 1:colcon.colcon_core.package_identification:_identify(src/c2_turtle_interface) by extensions ['cmake', 'python']
[0.377s] Level 1:colcon.colcon_core.package_identification:_identify(src/c2_turtle_interface) by extension 'cmake'
[0.377s] Level 1:colcon.colcon_core.package_identification:_identify(src/c2_turtle_interface) by extension 'python'
[0.377s] Level 1:colcon.colcon_core.package_identification:_identify(src/c2_turtle_interface) by extensions ['python_setup_py']
[0.377s] Level 1:colcon.colcon_core.package_identification:_identify(src/c2_turtle_interface) by extension 'python_setup_py'
[0.377s] Level 1:colcon.colcon_core.package_identification:_identify(src/c2_turtle_interface/srv) by extensions ['ignore', 'ignore_ament_install']
[0.377s] Level 1:colcon.colcon_core.package_identification:_identify(src/c2_turtle_interface/srv) by extension 'ignore'
[0.377s] Level 1:colcon.colcon_core.package_identification:_identify(src/c2_turtle_interface/srv) by extension 'ignore_ament_install'
[0.378s] Level 1:colcon.colcon_core.package_identification:_identify(src/c2_turtle_interface/srv) by extensions ['colcon_pkg']
[0.378s] Level 1:colcon.colcon_core.package_identification:_identify(src/c2_turtle_interface/srv) by extension 'colcon_pkg'
[0.378s] Level 1:colcon.colcon_core.package_identification:_identify(src/c2_turtle_interface/srv) by extensions ['colcon_meta']
[0.378s] Level 1:colcon.colcon_core.package_identification:_identify(src/c2_turtle_interface/srv) by extension 'colcon_meta'
[0.378s] Level 1:colcon.colcon_core.package_identification:_identify(src/c2_turtle_interface/srv) by extensions ['ros']
[0.378s] Level 1:colcon.colcon_core.package_identification:_identify(src/c2_turtle_interface/srv) by extension 'ros'
[0.378s] Level 1:colcon.colcon_core.package_identification:_identify(src/c2_turtle_interface/srv) by extensions ['cmake', 'python']
[0.378s] Level 1:colcon.colcon_core.package_identification:_identify(src/c2_turtle_interface/srv) by extension 'cmake'
[0.378s] Level 1:colcon.colcon_core.package_identification:_identify(src/c2_turtle_interface/srv) by extension 'python'
[0.378s] Level 1:colcon.colcon_core.package_identification:_identify(src/c2_turtle_interface/srv) by extensions ['python_setup_py']
[0.378s] Level 1:colcon.colcon_core.package_identification:_identify(src/c2_turtle_interface/srv) by extension 'python_setup_py'
[0.378s] Level 1:colcon.colcon_core.package_identification:_identify(src/database) by extensions ['ignore', 'ignore_ament_install']
[0.378s] Level 1:colcon.colcon_core.package_identification:_identify(src/database) by extension 'ignore'
[0.378s] Level 1:colcon.colcon_core.package_identification:_identify(src/database) by extension 'ignore_ament_install'
[0.378s] Level 1:colcon.colcon_core.package_identification:_identify(src/database) by extensions ['colcon_pkg']
[0.378s] Level 1:colcon.colcon_core.package_identification:_identify(src/database) by extension 'colcon_pkg'
[0.378s] Level 1:colcon.colcon_core.package_identification:_identify(src/database) by extensions ['colcon_meta']
[0.378s] Level 1:colcon.colcon_core.package_identification:_identify(src/database) by extension 'colcon_meta'
[0.378s] Level 1:colcon.colcon_core.package_identification:_identify(src/database) by extensions ['ros']
[0.378s] Level 1:colcon.colcon_core.package_identification:_identify(src/database) by extension 'ros'
[0.381s] DEBUG:colcon.colcon_core.package_identification:Package 'src/database' with type 'ros.ament_python' and name 'database'
[0.381s] Level 1:colcon.colcon_core.package_identification:_identify(src/nav_interfaces) by extensions ['ignore', 'ignore_ament_install']
[0.381s] Level 1:colcon.colcon_core.package_identification:_identify(src/nav_interfaces) by extension 'ignore'
[0.381s] Level 1:colcon.colcon_core.package_identification:_identify(src/nav_interfaces) by extension 'ignore_ament_install'
[0.381s] Level 1:colcon.colcon_core.package_identification:_identify(src/nav_interfaces) by extensions ['colcon_pkg']
[0.381s] Level 1:colcon.colcon_core.package_identification:_identify(src/nav_interfaces) by extension 'colcon_pkg'
[0.382s] Level 1:colcon.colcon_core.package_identification:_identify(src/nav_interfaces) by extensions ['colcon_meta']
[0.382s] Level 1:colcon.colcon_core.package_identification:_identify(src/nav_interfaces) by extension 'colcon_meta'
[0.382s] Level 1:colcon.colcon_core.package_identification:_identify(src/nav_interfaces) by extensions ['ros']
[0.382s] Level 1:colcon.colcon_core.package_identification:_identify(src/nav_interfaces) by extension 'ros'
[0.382s] DEBUG:colcon.colcon_core.package_identification:Package 'src/nav_interfaces' with type 'ros.ament_cmake' and name 'nav_interfaces'
[0.382s] Level 1:colcon.colcon_core.package_identification:_identify(src/serving_robot) by extensions ['ignore', 'ignore_ament_install']
[0.382s] Level 1:colcon.colcon_core.package_identification:_identify(src/serving_robot) by extension 'ignore'
[0.382s] Level 1:colcon.colcon_core.package_identification:_identify(src/serving_robot) by extension 'ignore_ament_install'
[0.383s] Level 1:colcon.colcon_core.package_identification:_identify(src/serving_robot) by extensions ['colcon_pkg']
[0.383s] Level 1:colcon.colcon_core.package_identification:_identify(src/serving_robot) by extension 'colcon_pkg'
[0.383s] Level 1:colcon.colcon_core.package_identification:_identify(src/serving_robot) by extensions ['colcon_meta']
[0.383s] Level 1:colcon.colcon_core.package_identification:_identify(src/serving_robot) by extension 'colcon_meta'
[0.383s] Level 1:colcon.colcon_core.package_identification:_identify(src/serving_robot) by extensions ['ros']
[0.383s] Level 1:colcon.colcon_core.package_identification:_identify(src/serving_robot) by extension 'ros'
[0.383s] DEBUG:colcon.colcon_core.package_identification:Package 'src/serving_robot' with type 'ros.ament_python' and name 'serving_robot'
[0.383s] Level 1:colcon.colcon_core.package_identification:_identify(src/serving_robot_msgs) by extensions ['ignore', 'ignore_ament_install']
[0.384s] Level 1:colcon.colcon_core.package_identification:_identify(src/serving_robot_msgs) by extension 'ignore'
[0.384s] Level 1:colcon.colcon_core.package_identification:_identify(src/serving_robot_msgs) by extension 'ignore_ament_install'
[0.384s] Level 1:colcon.colcon_core.package_identification:_identify(src/serving_robot_msgs) by extensions ['colcon_pkg']
[0.384s] Level 1:colcon.colcon_core.package_identification:_identify(src/serving_robot_msgs) by extension 'colcon_pkg'
[0.384s] Level 1:colcon.colcon_core.package_identification:_identify(src/serving_robot_msgs) by extensions ['colcon_meta']
[0.384s] Level 1:colcon.colcon_core.package_identification:_identify(src/serving_robot_msgs) by extension 'colcon_meta'
[0.384s] Level 1:colcon.colcon_core.package_identification:_identify(src/serving_robot_msgs) by extensions ['ros']
[0.384s] Level 1:colcon.colcon_core.package_identification:_identify(src/serving_robot_msgs) by extension 'ros'
[0.384s] DEBUG:colcon.colcon_core.package_identification:Package 'src/serving_robot_msgs' with type 'ros.ament_cmake' and name 'serving_robot_msgs'
[0.385s] Level 1:colcon.colcon_core.package_identification:_identify(src/table_order) by extensions ['ignore', 'ignore_ament_install']
[0.385s] Level 1:colcon.colcon_core.package_identification:_identify(src/table_order) by extension 'ignore'
[0.385s] Level 1:colcon.colcon_core.package_identification:_identify(src/table_order) by extension 'ignore_ament_install'
[0.385s] Level 1:colcon.colcon_core.package_identification:_identify(src/table_order) by extensions ['colcon_pkg']
[0.385s] Level 1:colcon.colcon_core.package_identification:_identify(src/table_order) by extension 'colcon_pkg'
[0.385s] Level 1:colcon.colcon_core.package_identification:_identify(src/table_order) by extensions ['colcon_meta']
[0.385s] Level 1:colcon.colcon_core.package_identification:_identify(src/table_order) by extension 'colcon_meta'
[0.385s] Level 1:colcon.colcon_core.package_identification:_identify(src/table_order) by extensions ['ros']
[0.385s] Level 1:colcon.colcon_core.package_identification:_identify(src/table_order) by extension 'ros'
[0.386s] DEBUG:colcon.colcon_core.package_identification:Package 'src/table_order' with type 'ros.ament_python' and name 'table_order'
[0.386s] Level 1:colcon.colcon_core.package_identification:_identify(src/table_order_interface) by extensions ['ignore', 'ignore_ament_install']
[0.386s] Level 1:colcon.colcon_core.package_identification:_identify(src/table_order_interface) by extension 'ignore'
[0.386s] Level 1:colcon.colcon_core.package_identification:_identify(src/table_order_interface) by extension 'ignore_ament_install'
[0.386s] Level 1:colcon.colcon_core.package_identification:_identify(src/table_order_interface) by extensions ['colcon_pkg']
[0.386s] Level 1:colcon.colcon_core.package_identification:_identify(src/table_order_interface) by extension 'colcon_pkg'
[0.386s] Level 1:colcon.colcon_core.package_identification:_identify(src/table_order_interface) by extensions ['colcon_meta']
[0.386s] Level 1:colcon.colcon_core.package_identification:_identify(src/table_order_interface) by extension 'colcon_meta'
[0.386s] Level 1:colcon.colcon_core.package_identification:_identify(src/table_order_interface) by extensions ['ros']
[0.386s] Level 1:colcon.colcon_core.package_identification:_identify(src/table_order_interface) by extension 'ros'
[0.387s] DEBUG:colcon.colcon_core.package_identification:Package 'src/table_order_interface' with type 'ros.ament_cmake' and name 'table_order_interface'
[0.387s] Level 1:colcon.colcon_core.package_identification:_identify(src/turtlebot3_gui) by extensions ['ignore', 'ignore_ament_install']
[0.387s] Level 1:colcon.colcon_core.package_identification:_identify(src/turtlebot3_gui) by extension 'ignore'
[0.387s] Level 1:colcon.colcon_core.package_identification:_identify(src/turtlebot3_gui) by extension 'ignore_ament_install'
[0.387s] Level 1:colcon.colcon_core.package_identification:_identify(src/turtlebot3_gui) by extensions ['colcon_pkg']
[0.387s] Level 1:colcon.colcon_core.package_identification:_identify(src/turtlebot3_gui) by extension 'colcon_pkg'
[0.387s] Level 1:colcon.colcon_core.package_identification:_identify(src/turtlebot3_gui) by extensions ['colcon_meta']
[0.387s] Level 1:colcon.colcon_core.package_identification:_identify(src/turtlebot3_gui) by extension 'colcon_meta'
[0.387s] Level 1:colcon.colcon_core.package_identification:_identify(src/turtlebot3_gui) by extensions ['ros']
[0.387s] Level 1:colcon.colcon_core.package_identification:_identify(src/turtlebot3_gui) by extension 'ros'
[0.388s] DEBUG:colcon.colcon_core.package_identification:Package 'src/turtlebot3_gui' with type 'ros.ament_python' and name 'turtlebot3_gui'
[0.388s] Level 1:colcon.colcon_core.package_discovery:discover_packages(recursive) using defaults
[0.388s] Level 1:colcon.colcon_core.package_discovery:discover_packages(ignore) discover
[0.388s] Level 1:colcon.colcon_core.package_discovery:discover_packages(ignore) using defaults
[0.388s] Level 1:colcon.colcon_core.package_discovery:discover_packages(path) discover
[0.388s] Level 1:colcon.colcon_core.package_discovery:discover_packages(path) using defaults
[0.409s] Level 1:colcon.colcon_core.package_discovery:discover_packages(prefix_path) check parameters
[0.409s] Level 1:colcon.colcon_core.package_discovery:discover_packages(prefix_path) discover
[0.411s] DEBUG:colcon.colcon_installed_package_information.package_discovery:Found 9 installed packages in /home/psb/rokey_c_2_ws/install
[0.412s] DEBUG:colcon.colcon_installed_package_information.package_discovery:Found 12 installed packages in /home/psb/turtlebot3_ws/install
[0.414s] DEBUG:colcon.colcon_installed_package_information.package_discovery:Found 373 installed packages in /opt/ros/humble
[0.417s] Level 1:colcon.colcon_core.package_discovery:discover_packages(prefix_path) using defaults
[0.466s] Level 5:colcon.colcon_core.verb:set package 'database' build argument 'cmake_args' from command line to 'None'
[0.467s] Level 5:colcon.colcon_core.verb:set package 'database' build argument 'cmake_target' from command line to 'None'
[0.467s] Level 5:colcon.colcon_core.verb:set package 'database' build argument 'cmake_target_skip_unavailable' from command line to 'False'
[0.467s] Level 5:colcon.colcon_core.verb:set package 'database' build argument 'cmake_clean_cache' from command line to 'False'
[0.467s] Level 5:colcon.colcon_core.verb:set package 'database' build argument 'cmake_clean_first' from command line to 'False'
[0.467s] Level 5:colcon.colcon_core.verb:set package 'database' build argument 'cmake_force_configure' from command line to 'False'
[0.467s] Level 5:colcon.colcon_core.verb:set package 'database' build argument 'ament_cmake_args' from command line to 'None'
[0.467s] Level 5:colcon.colcon_core.verb:set package 'database' build argument 'catkin_cmake_args' from command line to 'None'
[0.467s] Level 5:colcon.colcon_core.verb:set package 'database' build argument 'catkin_skip_building_tests' from command line to 'False'
[0.467s] DEBUG:colcon.colcon_core.verb:Building package 'database' with the following arguments: {'ament_cmake_args': None, 'build_base': '/home/psb/rokey_c_2_ws/build/database', 'catkin_cmake_args': None, 'catkin_skip_building_tests': False, 'cmake_args': None, 'cmake_clean_cache': False, 'cmake_clean_first': False, 'cmake_force_configure': False, 'cmake_target': None, 'cmake_target_skip_unavailable': False, 'install_base': '/home/psb/rokey_c_2_ws/install/database', 'merge_install': False, 'path': '/home/psb/rokey_c_2_ws/src/database', 'symlink_install': False, 'test_result_base': None}
[0.467s] Level 5:colcon.colcon_core.verb:set package 'nav_interfaces' build argument 'cmake_args' from command line to 'None'
[0.467s] Level 5:colcon.colcon_core.verb:set package 'nav_interfaces' build argument 'cmake_target' from command line to 'None'
[0.467s] Level 5:colcon.colcon_core.verb:set package 'nav_interfaces' build argument 'cmake_target_skip_unavailable' from command line to 'False'
[0.467s] Level 5:colcon.colcon_core.verb:set package 'nav_interfaces' build argument 'cmake_clean_cache' from command line to 'False'
[0.467s] Level 5:colcon.colcon_core.verb:set package 'nav_interfaces' build argument 'cmake_clean_first' from command line to 'False'
[0.467s] Level 5:colcon.colcon_core.verb:set package 'nav_interfaces' build argument 'cmake_force_configure' from command line to 'False'
[0.467s] Level 5:colcon.colcon_core.verb:set package 'nav_interfaces' build argument 'ament_cmake_args' from command line to 'None'
[0.467s] Level 5:colcon.colcon_core.verb:set package 'nav_interfaces' build argument 'catkin_cmake_args' from command line to 'None'
[0.467s] Level 5:colcon.colcon_core.verb:set package 'nav_interfaces' build argument 'catkin_skip_building_tests' from command line to 'False'
[0.467s] DEBUG:colcon.colcon_core.verb:Building package 'nav_interfaces' with the following arguments: {'ament_cmake_args': None, 'build_base': '/home/psb/rokey_c_2_ws/build/nav_interfaces', 'catkin_cmake_args': None, 'catkin_skip_building_tests': False, 'cmake_args': None, 'cmake_clean_cache': False, 'cmake_clean_first': False, 'cmake_force_configure': False, 'cmake_target': None, 'cmake_target_skip_unavailable': False, 'install_base': '/home/psb/rokey_c_2_ws/install/nav_interfaces', 'merge_install': False, 'path': '/home/psb/rokey_c_2_ws/src/nav_interfaces', 'symlink_install': False, 'test_result_base': None}
[0.468s] Level 5:colcon.colcon_core.verb:set package 'serving_robot_msgs' build argument 'cmake_args' from command line to 'None'
[0.468s] Level 5:colcon.colcon_core.verb:set package 'serving_robot_msgs' build argument 'cmake_target' from command line to 'None'
[0.468s] Level 5:colcon.colcon_core.verb:set package 'serving_robot_msgs' build argument 'cmake_target_skip_unavailable' from command line to 'False'
[0.468s] Level 5:colcon.colcon_core.verb:set package 'serving_robot_msgs' build argument 'cmake_clean_cache' from command line to 'False'
[0.468s] Level 5:colcon.colcon_core.verb:set package 'serving_robot_msgs' build argument 'cmake_clean_first' from command line to 'False'
[0.468s] Level 5:colcon.colcon_core.verb:set package 'serving_robot_msgs' build argument 'cmake_force_configure' from command line to 'False'
[0.468s] Level 5:colcon.colcon_core.verb:set package 'serving_robot_msgs' build argument 'ament_cmake_args' from command line to 'None'
[0.468s] Level 5:colcon.colcon_core.verb:set package 'serving_robot_msgs' build argument 'catkin_cmake_args' from command line to 'None'
[0.468s] Level 5:colcon.colcon_core.verb:set package 'serving_robot_msgs' build argument 'catkin_skip_building_tests' from command line to 'False'
[0.468s] DEBUG:colcon.colcon_core.verb:Building package 'serving_robot_msgs' with the following arguments: {'ament_cmake_args': None, 'build_base': '/home/psb/rokey_c_2_ws/build/serving_robot_msgs', 'catkin_cmake_args': None, 'catkin_skip_building_tests': False, 'cmake_args': None, 'cmake_clean_cache': False, 'cmake_clean_first': False, 'cmake_force_configure': False, 'cmake_target': None, 'cmake_target_skip_unavailable': False, 'install_base': '/home/psb/rokey_c_2_ws/install/serving_robot_msgs', 'merge_install': False, 'path': '/home/psb/rokey_c_2_ws/src/serving_robot_msgs', 'symlink_install': False, 'test_result_base': None}
[0.469s] Level 5:colcon.colcon_core.verb:set package 'table_order_interface' build argument 'cmake_args' from command line to 'None'
[0.469s] Level 5:colcon.colcon_core.verb:set package 'table_order_interface' build argument 'cmake_target' from command line to 'None'
[0.469s] Level 5:colcon.colcon_core.verb:set package 'table_order_interface' build argument 'cmake_target_skip_unavailable' from command line to 'False'
[0.469s] Level 5:colcon.colcon_core.verb:set package 'table_order_interface' build argument 'cmake_clean_cache' from command line to 'False'
[0.469s] Level 5:colcon.colcon_core.verb:set package 'table_order_interface' build argument 'cmake_clean_first' from command line to 'False'
[0.469s] Level 5:colcon.colcon_core.verb:set package 'table_order_interface' build argument 'cmake_force_configure' from command line to 'False'
[0.469s] Level 5:colcon.colcon_core.verb:set package 'table_order_interface' build argument 'ament_cmake_args' from command line to 'None'
[0.469s] Level 5:colcon.colcon_core.verb:set package 'table_order_interface' build argument 'catkin_cmake_args' from command line to 'None'
[0.469s] Level 5:colcon.colcon_core.verb:set package 'table_order_interface' build argument 'catkin_skip_building_tests' from command line to 'False'
[0.469s] DEBUG:colcon.colcon_core.verb:Building package 'table_order_interface' with the following arguments: {'ament_cmake_args': None, 'build_base': '/home/psb/rokey_c_2_ws/build/table_order_interface', 'catkin_cmake_args': None, 'catkin_skip_building_tests': False, 'cmake_args': None, 'cmake_clean_cache': False, 'cmake_clean_first': False, 'cmake_force_configure': False, 'cmake_target': None, 'cmake_target_skip_unavailable': False, 'install_base': '/home/psb/rokey_c_2_ws/install/table_order_interface', 'merge_install': False, 'path': '/home/psb/rokey_c_2_ws/src/table_order_interface', 'symlink_install': False, 'test_result_base': None}
[0.469s] Level 5:colcon.colcon_core.verb:set package 'turtlebot3_gui' build argument 'cmake_args' from command line to 'None'
[0.469s] Level 5:colcon.colcon_core.verb:set package 'turtlebot3_gui' build argument 'cmake_target' from command line to 'None'
[0.469s] Level 5:colcon.colcon_core.verb:set package 'turtlebot3_gui' build argument 'cmake_target_skip_unavailable' from command line to 'False'
[0.469s] Level 5:colcon.colcon_core.verb:set package 'turtlebot3_gui' build argument 'cmake_clean_cache' from command line to 'False'
[0.469s] Level 5:colcon.colcon_core.verb:set package 'turtlebot3_gui' build argument 'cmake_clean_first' from command line to 'False'
[0.469s] Level 5:colcon.colcon_core.verb:set package 'turtlebot3_gui' build argument 'cmake_force_configure' from command line to 'False'
[0.469s] Level 5:colcon.colcon_core.verb:set package 'turtlebot3_gui' build argument 'ament_cmake_args' from command line to 'None'
[0.469s] Level 5:colcon.colcon_core.verb:set package 'turtlebot3_gui' build argument 'catkin_cmake_args' from command line to 'None'
[0.469s] Level 5:colcon.colcon_core.verb:set package 'turtlebot3_gui' build argument 'catkin_skip_building_tests' from command line to 'False'
[0.469s] DEBUG:colcon.colcon_core.verb:Building package 'turtlebot3_gui' with the following arguments: {'ament_cmake_args': None, 'build_base': '/home/psb/rokey_c_2_ws/build/turtlebot3_gui', 'catkin_cmake_args': None, 'catkin_skip_building_tests': False, 'cmake_args': None, 'cmake_clean_cache': False, 'cmake_clean_first': False, 'cmake_force_configure': False, 'cmake_target': None, 'cmake_target_skip_unavailable': False, 'install_base': '/home/psb/rokey_c_2_ws/install/turtlebot3_gui', 'merge_install': False, 'path': '/home/psb/rokey_c_2_ws/src/turtlebot3_gui', 'symlink_install': False, 'test_result_base': None}
[0.470s] Level 5:colcon.colcon_core.verb:set package 'serving_robot' build argument 'cmake_args' from command line to 'None'
[0.470s] Level 5:colcon.colcon_core.verb:set package 'serving_robot' build argument 'cmake_target' from command line to 'None'
[0.470s] Level 5:colcon.colcon_core.verb:set package 'serving_robot' build argument 'cmake_target_skip_unavailable' from command line to 'False'
[0.470s] Level 5:colcon.colcon_core.verb:set package 'serving_robot' build argument 'cmake_clean_cache' from command line to 'False'
[0.470s] Level 5:colcon.colcon_core.verb:set package 'serving_robot' build argument 'cmake_clean_first' from command line to 'False'
[0.470s] Level 5:colcon.colcon_core.verb:set package 'serving_robot' build argument 'cmake_force_configure' from command line to 'False'
[0.470s] Level 5:colcon.colcon_core.verb:set package 'serving_robot' build argument 'ament_cmake_args' from command line to 'None'
[0.470s] Level 5:colcon.colcon_core.verb:set package 'serving_robot' build argument 'catkin_cmake_args' from command line to 'None'
[0.470s] Level 5:colcon.colcon_core.verb:set package 'serving_robot' build argument 'catkin_skip_building_tests' from command line to 'False'
[0.470s] DEBUG:colcon.colcon_core.verb:Building package 'serving_robot' with the following arguments: {'ament_cmake_args': None, 'build_base': '/home/psb/rokey_c_2_ws/build/serving_robot', 'catkin_cmake_args': None, 'catkin_skip_building_tests': False, 'cmake_args': None, 'cmake_clean_cache': False, 'cmake_clean_first': False, 'cmake_force_configure': False, 'cmake_target': None, 'cmake_target_skip_unavailable': False, 'install_base': '/home/psb/rokey_c_2_ws/install/serving_robot', 'merge_install': False, 'path': '/home/psb/rokey_c_2_ws/src/serving_robot', 'symlink_install': False, 'test_result_base': None}
[0.470s] Level 5:colcon.colcon_core.verb:set package 'table_order' build argument 'cmake_args' from command line to 'None'
[0.470s] Level 5:colcon.colcon_core.verb:set package 'table_order' build argument 'cmake_target' from command line to 'None'
[0.471s] Level 5:colcon.colcon_core.verb:set package 'table_order' build argument 'cmake_target_skip_unavailable' from command line to 'False'
[0.471s] Level 5:colcon.colcon_core.verb:set package 'table_order' build argument 'cmake_clean_cache' from command line to 'False'
[0.471s] Level 5:colcon.colcon_core.verb:set package 'table_order' build argument 'cmake_clean_first' from command line to 'False'
[0.471s] Level 5:colcon.colcon_core.verb:set package 'table_order' build argument 'cmake_force_configure' from command line to 'False'
[0.471s] Level 5:colcon.colcon_core.verb:set package 'table_order' build argument 'ament_cmake_args' from command line to 'None'
[0.471s] Level 5:colcon.colcon_core.verb:set package 'table_order' build argument 'catkin_cmake_args' from command line to 'None'
[0.471s] Level 5:colcon.colcon_core.verb:set package 'table_order' build argument 'catkin_skip_building_tests' from command line to 'False'
[0.471s] DEBUG:colcon.colcon_core.verb:Building package 'table_order' with the following arguments: {'ament_cmake_args': None, 'build_base': '/home/psb/rokey_c_2_ws/build/table_order', 'catkin_cmake_args': None, 'catkin_skip_building_tests': False, 'cmake_args': None, 'cmake_clean_cache': False, 'cmake_clean_first': False, 'cmake_force_configure': False, 'cmake_target': None, 'cmake_target_skip_unavailable': False, 'install_base': '/home/psb/rokey_c_2_ws/install/table_order', 'merge_install': False, 'path': '/home/psb/rokey_c_2_ws/src/table_order', 'symlink_install': False, 'test_result_base': None}
[0.471s] INFO:colcon.colcon_core.executor:Executing jobs using 'parallel' executor
[0.472s] DEBUG:colcon.colcon_parallel_executor.executor.parallel:run_until_complete
[0.472s] INFO:colcon.colcon_ros.task.ament_cmake.build:Building ROS package in '/home/psb/rokey_c_2_ws/src/serving_robot_msgs' with build type 'ament_cmake'
[0.472s] INFO:colcon.colcon_cmake.task.cmake.build:Building CMake package in '/home/psb/rokey_c_2_ws/src/serving_robot_msgs'
[0.475s] INFO:colcon.colcon_core.plugin_system:Skipping extension 'colcon_core.shell.bat': Not used on non-Windows systems
[0.475s] INFO:colcon.colcon_core.shell:Skip shell extension 'powershell' for command environment: Not usable outside of PowerShell
[0.475s] DEBUG:colcon.colcon_core.shell:Skip shell extension 'dsv' for command environment
[0.480s] INFO:colcon.colcon_ros.task.ament_cmake.build:Building ROS package in '/home/psb/rokey_c_2_ws/src/table_order_interface' with build type 'ament_cmake'
[0.480s] INFO:colcon.colcon_cmake.task.cmake.build:Building CMake package in '/home/psb/rokey_c_2_ws/src/table_order_interface'
[0.480s] INFO:colcon.colcon_core.shell:Skip shell extension 'powershell' for command environment: Not usable outside of PowerShell
[0.480s] DEBUG:colcon.colcon_core.shell:Skip shell extension 'dsv' for command environment
[0.485s] INFO:colcon.colcon_ros.task.ament_python.build:Building ROS package in '/home/psb/rokey_c_2_ws/src/database' with build type 'ament_python'
[0.485s] Level 1:colcon.colcon_core.shell:create_environment_hook('database', 'ament_prefix_path')
[0.485s] INFO:colcon.colcon_core.shell:Creating environment hook '/home/psb/rokey_c_2_ws/install/database/share/database/hook/ament_prefix_path.ps1'
[0.486s] INFO:colcon.colcon_core.shell:Creating environment descriptor '/home/psb/rokey_c_2_ws/install/database/share/database/hook/ament_prefix_path.dsv'
[0.486s] INFO:colcon.colcon_core.shell:Creating environment hook '/home/psb/rokey_c_2_ws/install/database/share/database/hook/ament_prefix_path.sh'
[0.487s] INFO:colcon.colcon_core.shell:Skip shell extension 'powershell' for command environment: Not usable outside of PowerShell
[0.487s] DEBUG:colcon.colcon_core.shell:Skip shell extension 'dsv' for command environment
[0.491s] INFO:colcon.colcon_ros.task.ament_cmake.build:Building ROS package in '/home/psb/rokey_c_2_ws/src/nav_interfaces' with build type 'ament_cmake'
[0.492s] INFO:colcon.colcon_cmake.task.cmake.build:Building CMake package in '/home/psb/rokey_c_2_ws/src/nav_interfaces'
[0.492s] INFO:colcon.colcon_core.shell:Skip shell extension 'powershell' for command environment: Not usable outside of PowerShell
[0.492s] DEBUG:colcon.colcon_core.shell:Skip shell extension 'dsv' for command environment
[0.497s] INFO:colcon.colcon_ros.task.ament_python.build:Building ROS package in '/home/psb/rokey_c_2_ws/src/turtlebot3_gui' with build type 'ament_python'
[0.497s] Level 1:colcon.colcon_core.shell:create_environment_hook('turtlebot3_gui', 'ament_prefix_path')
[0.497s] INFO:colcon.colcon_core.shell:Creating environment hook '/home/psb/rokey_c_2_ws/install/turtlebot3_gui/share/turtlebot3_gui/hook/ament_prefix_path.ps1'
[0.497s] INFO:colcon.colcon_core.shell:Creating environment descriptor '/home/psb/rokey_c_2_ws/install/turtlebot3_gui/share/turtlebot3_gui/hook/ament_prefix_path.dsv'
[0.498s] INFO:colcon.colcon_core.shell:Creating environment hook '/home/psb/rokey_c_2_ws/install/turtlebot3_gui/share/turtlebot3_gui/hook/ament_prefix_path.sh'
[0.498s] INFO:colcon.colcon_core.shell:Skip shell extension 'powershell' for command environment: Not usable outside of PowerShell
[0.498s] DEBUG:colcon.colcon_core.shell:Skip shell extension 'dsv' for command environment
[0.507s] DEBUG:colcon.colcon_core.event_handler.log_command:Invoking command in '/home/psb/rokey_c_2_ws/build/serving_robot_msgs': CMAKE_PREFIX_PATH=${CMAKE_PREFIX_PATH}:/home/psb/rokey_c_2_ws/install/turtlebot3_gui:/home/psb/rokey_c_2_ws/install/table_order:/home/psb/rokey_c_2_ws/install/serving_robot:/home/psb/rokey_c_2_ws/install/database:/home/psb/rokey_c_2_ws/install/c2_turtle_order_package:/home/psb/turtlebot3_ws/install/turtlebot3_teleop:/home/psb/turtlebot3_ws/install/turtlebot3_example:/opt/ros/humble /usr/bin/cmake --build /home/psb/rokey_c_2_ws/build/serving_robot_msgs -- -j8 -l8
[0.513s] DEBUG:colcon.colcon_core.event_handler.log_command:Invoking command in '/home/psb/rokey_c_2_ws/build/table_order_interface': CMAKE_PREFIX_PATH=${CMAKE_PREFIX_PATH}:/home/psb/rokey_c_2_ws/install/turtlebot3_gui:/home/psb/rokey_c_2_ws/install/table_order:/home/psb/rokey_c_2_ws/install/serving_robot:/home/psb/rokey_c_2_ws/install/database:/home/psb/rokey_c_2_ws/install/c2_turtle_order_package:/home/psb/turtlebot3_ws/install/turtlebot3_teleop:/home/psb/turtlebot3_ws/install/turtlebot3_example:/opt/ros/humble /usr/bin/cmake --build /home/psb/rokey_c_2_ws/build/table_order_interface -- -j8 -l8
[1.080s] INFO:colcon.colcon_core.task.python.build:Building Python package in '/home/psb/rokey_c_2_ws/src/database'
[1.080s] INFO:colcon.colcon_core.shell:Skip shell extension 'powershell' for command environment: Not usable outside of PowerShell
[1.080s] DEBUG:colcon.colcon_core.shell:Skip shell extension 'dsv' for command environment
[1.099s] DEBUG:colcon.colcon_core.event_handler.log_command:Invoking command in '/home/psb/rokey_c_2_ws/build/nav_interfaces': CMAKE_PREFIX_PATH=${CMAKE_PREFIX_PATH}:/home/psb/rokey_c_2_ws/install/turtlebot3_gui:/home/psb/rokey_c_2_ws/install/table_order:/home/psb/rokey_c_2_ws/install/serving_robot:/home/psb/rokey_c_2_ws/install/database:/home/psb/rokey_c_2_ws/install/c2_turtle_order_package:/home/psb/turtlebot3_ws/install/turtlebot3_teleop:/home/psb/turtlebot3_ws/install/turtlebot3_example:/opt/ros/humble /usr/bin/cmake --build /home/psb/rokey_c_2_ws/build/nav_interfaces -- -j8 -l8
[1.614s] INFO:colcon.colcon_core.task.python.build:Building Python package in '/home/psb/rokey_c_2_ws/src/turtlebot3_gui'
[1.615s] INFO:colcon.colcon_core.shell:Skip shell extension 'powershell' for command environment: Not usable outside of PowerShell
[1.615s] DEBUG:colcon.colcon_core.shell:Skip shell extension 'dsv' for command environment
[1.626s] DEBUG:colcon.colcon_core.event_handler.log_command:Invoked command in '/home/psb/rokey_c_2_ws/build/table_order_interface' returned '0': CMAKE_PREFIX_PATH=${CMAKE_PREFIX_PATH}:/home/psb/rokey_c_2_ws/install/turtlebot3_gui:/home/psb/rokey_c_2_ws/install/table_order:/home/psb/rokey_c_2_ws/install/serving_robot:/home/psb/rokey_c_2_ws/install/database:/home/psb/rokey_c_2_ws/install/c2_turtle_order_package:/home/psb/turtlebot3_ws/install/turtlebot3_teleop:/home/psb/turtlebot3_ws/install/turtlebot3_example:/opt/ros/humble /usr/bin/cmake --build /home/psb/rokey_c_2_ws/build/table_order_interface -- -j8 -l8
[1.627s] DEBUG:colcon.colcon_core.event_handler.log_command:Invoked command in '/home/psb/rokey_c_2_ws/build/serving_robot_msgs' returned '0': CMAKE_PREFIX_PATH=${CMAKE_PREFIX_PATH}:/home/psb/rokey_c_2_ws/install/turtlebot3_gui:/home/psb/rokey_c_2_ws/install/table_order:/home/psb/rokey_c_2_ws/install/serving_robot:/home/psb/rokey_c_2_ws/install/database:/home/psb/rokey_c_2_ws/install/c2_turtle_order_package:/home/psb/turtlebot3_ws/install/turtlebot3_teleop:/home/psb/turtlebot3_ws/install/turtlebot3_example:/opt/ros/humble /usr/bin/cmake --build /home/psb/rokey_c_2_ws/build/serving_robot_msgs -- -j8 -l8
[1.729s] DEBUG:colcon.colcon_core.event_handler.log_command:Invoking command in '/home/psb/rokey_c_2_ws/build/table_order_interface': CMAKE_PREFIX_PATH=${CMAKE_PREFIX_PATH}:/home/psb/rokey_c_2_ws/install/turtlebot3_gui:/home/psb/rokey_c_2_ws/install/table_order:/home/psb/rokey_c_2_ws/install/serving_robot:/home/psb/rokey_c_2_ws/install/database:/home/psb/rokey_c_2_ws/install/c2_turtle_order_package:/home/psb/turtlebot3_ws/install/turtlebot3_teleop:/home/psb/turtlebot3_ws/install/turtlebot3_example:/opt/ros/humble /usr/bin/cmake --install /home/psb/rokey_c_2_ws/build/table_order_interface
[1.802s] DEBUG:colcon.colcon_core.event_handler.log_command:Invoked command in '/home/psb/rokey_c_2_ws/build/nav_interfaces' returned '0': CMAKE_PREFIX_PATH=${CMAKE_PREFIX_PATH}:/home/psb/rokey_c_2_ws/install/turtlebot3_gui:/home/psb/rokey_c_2_ws/install/table_order:/home/psb/rokey_c_2_ws/install/serving_robot:/home/psb/rokey_c_2_ws/install/database:/home/psb/rokey_c_2_ws/install/c2_turtle_order_package:/home/psb/turtlebot3_ws/install/turtlebot3_teleop:/home/psb/turtlebot3_ws/install/turtlebot3_example:/opt/ros/humble /usr/bin/cmake --build /home/psb/rokey_c_2_ws/build/nav_interfaces -- -j8 -l8
[1.824s] DEBUG:colcon.colcon_core.event_handler.log_command:Invoking command in '/home/psb/rokey_c_2_ws/build/serving_robot_msgs': CMAKE_PREFIX_PATH=${CMAKE_PREFIX_PATH}:/home/psb/rokey_c_2_ws/install/turtlebot3_gui:/home/psb/rokey_c_2_ws/install/table_order:/home/psb/rokey_c_2_ws/install/serving_robot:/home/psb/rokey_c_2_ws/install/database:/home/psb/rokey_c_2_ws/install/c2_turtle_order_package:/home/psb/turtlebot3_ws/install/turtlebot3_teleop:/home/psb/turtlebot3_ws/install/turtlebot3_example:/opt/ros/humble /usr/bin/cmake --install /home/psb/rokey_c_2_ws/build/serving_robot_msgs
[1.839s] Level 1:colcon.colcon_core.environment:create_environment_scripts_only(table_order_interface)
[1.840s] DEBUG:colcon.colcon_core.event_handler.log_command:Invoked command in '/home/psb/rokey_c_2_ws/build/table_order_interface' returned '0': CMAKE_PREFIX_PATH=${CMAKE_PREFIX_PATH}:/home/psb/rokey_c_2_ws/install/turtlebot3_gui:/home/psb/rokey_c_2_ws/install/table_order:/home/psb/rokey_c_2_ws/install/serving_robot:/home/psb/rokey_c_2_ws/install/database:/home/psb/rokey_c_2_ws/install/c2_turtle_order_package:/home/psb/turtlebot3_ws/install/turtlebot3_teleop:/home/psb/turtlebot3_ws/install/turtlebot3_example:/opt/ros/humble /usr/bin/cmake --install /home/psb/rokey_c_2_ws/build/table_order_interface
[1.871s] Level 1:colcon.colcon_core.environment:checking '/home/psb/rokey_c_2_ws/install/table_order_interface' for CMake module files
[1.872s] Level 1:colcon.colcon_core.environment:checking '/home/psb/rokey_c_2_ws/install/table_order_interface' for CMake config files
[1.875s] Level 1:colcon.colcon_core.shell:create_environment_hook('table_order_interface', 'cmake_prefix_path')
[1.875s] INFO:colcon.colcon_core.shell:Creating environment hook '/home/psb/rokey_c_2_ws/install/table_order_interface/share/table_order_interface/hook/cmake_prefix_path.ps1'
[1.876s] INFO:colcon.colcon_core.shell:Creating environment descriptor '/home/psb/rokey_c_2_ws/install/table_order_interface/share/table_order_interface/hook/cmake_prefix_path.dsv'
[1.877s] INFO:colcon.colcon_core.shell:Creating environment hook '/home/psb/rokey_c_2_ws/install/table_order_interface/share/table_order_interface/hook/cmake_prefix_path.sh'
[1.878s] Level 1:colcon.colcon_core.environment:checking '/home/psb/rokey_c_2_ws/install/table_order_interface/lib'
[1.879s] Level 1:colcon.colcon_core.shell:create_environment_hook('table_order_interface', 'ld_library_path_lib')
[1.879s] INFO:colcon.colcon_core.shell:Creating environment hook '/home/psb/rokey_c_2_ws/install/table_order_interface/share/table_order_interface/hook/ld_library_path_lib.ps1'
[1.880s] INFO:colcon.colcon_core.shell:Creating environment descriptor '/home/psb/rokey_c_2_ws/install/table_order_interface/share/table_order_interface/hook/ld_library_path_lib.dsv'
[1.881s] INFO:colcon.colcon_core.shell:Creating environment hook '/home/psb/rokey_c_2_ws/install/table_order_interface/share/table_order_interface/hook/ld_library_path_lib.sh'
[1.881s] Level 1:colcon.colcon_core.environment:checking '/home/psb/rokey_c_2_ws/install/table_order_interface/bin'
[1.881s] Level 1:colcon.colcon_core.environment:checking '/home/psb/rokey_c_2_ws/install/table_order_interface/lib/pkgconfig/table_order_interface.pc'
[1.882s] Level 1:colcon.colcon_core.environment:checking '/home/psb/rokey_c_2_ws/install/table_order_interface/lib/python3.10/site-packages'
[1.883s] Level 1:colcon.colcon_core.environment:checking '/home/psb/rokey_c_2_ws/install/table_order_interface/bin'
[1.883s] INFO:colcon.colcon_core.shell:Creating package script '/home/psb/rokey_c_2_ws/install/table_order_interface/share/table_order_interface/package.ps1'
[1.886s] INFO:colcon.colcon_core.shell:Creating package descriptor '/home/psb/rokey_c_2_ws/install/table_order_interface/share/table_order_interface/package.dsv'
[1.887s] INFO:colcon.colcon_core.shell:Creating package script '/home/psb/rokey_c_2_ws/install/table_order_interface/share/table_order_interface/package.sh'
[1.889s] INFO:colcon.colcon_core.shell:Creating package script '/home/psb/rokey_c_2_ws/install/table_order_interface/share/table_order_interface/package.bash'
[1.890s] INFO:colcon.colcon_core.shell:Creating package script '/home/psb/rokey_c_2_ws/install/table_order_interface/share/table_order_interface/package.zsh'
[1.892s] Level 1:colcon.colcon_core.environment:create_file_with_runtime_dependencies(/home/psb/rokey_c_2_ws/install/table_order_interface/share/colcon-core/packages/table_order_interface)
[1.898s] DEBUG:colcon.colcon_core.event_handler.log_command:Invoking command in '/home/psb/rokey_c_2_ws/build/nav_interfaces': CMAKE_PREFIX_PATH=${CMAKE_PREFIX_PATH}:/home/psb/rokey_c_2_ws/install/turtlebot3_gui:/home/psb/rokey_c_2_ws/install/table_order:/home/psb/rokey_c_2_ws/install/serving_robot:/home/psb/rokey_c_2_ws/install/database:/home/psb/rokey_c_2_ws/install/c2_turtle_order_package:/home/psb/turtlebot3_ws/install/turtlebot3_teleop:/home/psb/turtlebot3_ws/install/turtlebot3_example:/opt/ros/humble /usr/bin/cmake --install /home/psb/rokey_c_2_ws/build/nav_interfaces
[1.964s] Level 1:colcon.colcon_core.environment:create_environment_scripts_only(serving_robot_msgs)
[1.964s] Level 1:colcon.colcon_core.environment:checking '/home/psb/rokey_c_2_ws/install/serving_robot_msgs' for CMake module files
[1.965s] DEBUG:colcon.colcon_core.event_handler.log_command:Invoked command in '/home/psb/rokey_c_2_ws/build/serving_robot_msgs' returned '0': CMAKE_PREFIX_PATH=${CMAKE_PREFIX_PATH}:/home/psb/rokey_c_2_ws/install/turtlebot3_gui:/home/psb/rokey_c_2_ws/install/table_order:/home/psb/rokey_c_2_ws/install/serving_robot:/home/psb/rokey_c_2_ws/install/database:/home/psb/rokey_c_2_ws/install/c2_turtle_order_package:/home/psb/turtlebot3_ws/install/turtlebot3_teleop:/home/psb/turtlebot3_ws/install/turtlebot3_example:/opt/ros/humble /usr/bin/cmake --install /home/psb/rokey_c_2_ws/build/serving_robot_msgs
[1.967s] Level 1:colcon.colcon_core.environment:checking '/home/psb/rokey_c_2_ws/install/serving_robot_msgs' for CMake config files
[1.969s] Level 1:colcon.colcon_core.shell:create_environment_hook('serving_robot_msgs', 'cmake_prefix_path')
[1.969s] INFO:colcon.colcon_core.shell:Creating environment hook '/home/psb/rokey_c_2_ws/install/serving_robot_msgs/share/serving_robot_msgs/hook/cmake_prefix_path.ps1'
[1.970s] INFO:colcon.colcon_core.shell:Creating environment descriptor '/home/psb/rokey_c_2_ws/install/serving_robot_msgs/share/serving_robot_msgs/hook/cmake_prefix_path.dsv'
[1.971s] INFO:colcon.colcon_core.shell:Creating environment hook '/home/psb/rokey_c_2_ws/install/serving_robot_msgs/share/serving_robot_msgs/hook/cmake_prefix_path.sh'
[1.972s] Level 1:colcon.colcon_core.environment:checking '/home/psb/rokey_c_2_ws/install/serving_robot_msgs/lib'
[1.972s] Level 1:colcon.colcon_core.shell:create_environment_hook('serving_robot_msgs', 'ld_library_path_lib')
[1.973s] INFO:colcon.colcon_core.shell:Creating environment hook '/home/psb/rokey_c_2_ws/install/serving_robot_msgs/share/serving_robot_msgs/hook/ld_library_path_lib.ps1'
[1.973s] INFO:colcon.colcon_core.shell:Creating environment descriptor '/home/psb/rokey_c_2_ws/install/serving_robot_msgs/share/serving_robot_msgs/hook/ld_library_path_lib.dsv'
[1.974s] INFO:colcon.colcon_core.shell:Creating environment hook '/home/psb/rokey_c_2_ws/install/serving_robot_msgs/share/serving_robot_msgs/hook/ld_library_path_lib.sh'
[1.975s] Level 1:colcon.colcon_core.environment:checking '/home/psb/rokey_c_2_ws/install/serving_robot_msgs/bin'
[1.975s] Level 1:colcon.colcon_core.environment:checking '/home/psb/rokey_c_2_ws/install/serving_robot_msgs/lib/pkgconfig/serving_robot_msgs.pc'
[1.975s] Level 1:colcon.colcon_core.environment:checking '/home/psb/rokey_c_2_ws/install/serving_robot_msgs/lib/python3.10/site-packages'
[1.976s] Level 1:colcon.colcon_core.environment:checking '/home/psb/rokey_c_2_ws/install/serving_robot_msgs/bin'
[1.977s] INFO:colcon.colcon_core.shell:Creating package script '/home/psb/rokey_c_2_ws/install/serving_robot_msgs/share/serving_robot_msgs/package.ps1'
[1.978s] INFO:colcon.colcon_core.shell:Creating package descriptor '/home/psb/rokey_c_2_ws/install/serving_robot_msgs/share/serving_robot_msgs/package.dsv'
[1.979s] INFO:colcon.colcon_core.shell:Creating package script '/home/psb/rokey_c_2_ws/install/serving_robot_msgs/share/serving_robot_msgs/package.sh'
[1.980s] INFO:colcon.colcon_core.shell:Creating package script '/home/psb/rokey_c_2_ws/install/serving_robot_msgs/share/serving_robot_msgs/package.bash'
[1.981s] INFO:colcon.colcon_core.shell:Creating package script '/home/psb/rokey_c_2_ws/install/serving_robot_msgs/share/serving_robot_msgs/package.zsh'
[1.982s] Level 1:colcon.colcon_core.environment:create_file_with_runtime_dependencies(/home/psb/rokey_c_2_ws/install/serving_robot_msgs/share/colcon-core/packages/serving_robot_msgs)
[2.012s] Level 1:colcon.colcon_core.environment:create_environment_scripts_only(table_order_interface)
[2.013s] Level 1:colcon.colcon_core.environment:checking '/home/psb/rokey_c_2_ws/install/table_order_interface' for CMake module files
[2.015s] Level 1:colcon.colcon_core.environment:checking '/home/psb/rokey_c_2_ws/install/table_order_interface' for CMake config files
[2.016s] Level 1:colcon.colcon_core.shell:create_environment_hook('table_order_interface', 'cmake_prefix_path')
[2.017s] INFO:colcon.colcon_core.shell:Creating environment hook '/home/psb/rokey_c_2_ws/install/table_order_interface/share/table_order_interface/hook/cmake_prefix_path.ps1'
[2.018s] INFO:colcon.colcon_core.shell:Creating environment descriptor '/home/psb/rokey_c_2_ws/install/table_order_interface/share/table_order_interface/hook/cmake_prefix_path.dsv'
[2.018s] INFO:colcon.colcon_core.shell:Creating environment hook '/home/psb/rokey_c_2_ws/install/table_order_interface/share/table_order_interface/hook/cmake_prefix_path.sh'
[2.019s] Level 1:colcon.colcon_core.environment:checking '/home/psb/rokey_c_2_ws/install/table_order_interface/lib'
[2.020s] Level 1:colcon.colcon_core.shell:create_environment_hook('table_order_interface', 'ld_library_path_lib')
[2.020s] INFO:colcon.colcon_core.shell:Creating environment hook '/home/psb/rokey_c_2_ws/install/table_order_interface/share/table_order_interface/hook/ld_library_path_lib.ps1'
[2.021s] INFO:colcon.colcon_core.shell:Creating environment descriptor '/home/psb/rokey_c_2_ws/install/table_order_interface/share/table_order_interface/hook/ld_library_path_lib.dsv'
[2.021s] INFO:colcon.colcon_core.shell:Creating environment hook '/home/psb/rokey_c_2_ws/install/table_order_interface/share/table_order_interface/hook/ld_library_path_lib.sh'
[2.022s] Level 1:colcon.colcon_core.environment:checking '/home/psb/rokey_c_2_ws/install/table_order_interface/bin'
[2.022s] Level 1:colcon.colcon_core.environment:checking '/home/psb/rokey_c_2_ws/install/table_order_interface/lib/pkgconfig/table_order_interface.pc'
[2.023s] Level 1:colcon.colcon_core.environment:checking '/home/psb/rokey_c_2_ws/install/table_order_interface/lib/python3.10/site-packages'
[2.024s] Level 1:colcon.colcon_core.environment:checking '/home/psb/rokey_c_2_ws/install/table_order_interface/bin'
[2.024s] INFO:colcon.colcon_core.shell:Creating package script '/home/psb/rokey_c_2_ws/install/table_order_interface/share/table_order_interface/package.ps1'
[2.026s] INFO:colcon.colcon_core.shell:Creating package descriptor '/home/psb/rokey_c_2_ws/install/table_order_interface/share/table_order_interface/package.dsv'
[2.027s] INFO:colcon.colcon_core.shell:Creating package script '/home/psb/rokey_c_2_ws/install/table_order_interface/share/table_order_interface/package.sh'
[2.028s] INFO:colcon.colcon_core.shell:Creating package script '/home/psb/rokey_c_2_ws/install/table_order_interface/share/table_order_interface/package.bash'
[2.029s] INFO:colcon.colcon_core.shell:Creating package script '/home/psb/rokey_c_2_ws/install/table_order_interface/share/table_order_interface/package.zsh'
[2.029s] Level 1:colcon.colcon_core.environment:create_file_with_runtime_dependencies(/home/psb/rokey_c_2_ws/install/table_order_interface/share/colcon-core/packages/table_order_interface)
[2.031s] INFO:colcon.colcon_ros.task.ament_python.build:Building ROS package in '/home/psb/rokey_c_2_ws/src/table_order' with build type 'ament_python'
[2.031s] Level 1:colcon.colcon_core.shell:create_environment_hook('table_order', 'ament_prefix_path')
[2.032s] INFO:colcon.colcon_core.shell:Creating environment hook '/home/psb/rokey_c_2_ws/install/table_order/share/table_order/hook/ament_prefix_path.ps1'
[2.033s] INFO:colcon.colcon_core.shell:Creating environment descriptor '/home/psb/rokey_c_2_ws/install/table_order/share/table_order/hook/ament_prefix_path.dsv'
[2.034s] INFO:colcon.colcon_core.shell:Creating environment hook '/home/psb/rokey_c_2_ws/install/table_order/share/table_order/hook/ament_prefix_path.sh'
[2.035s] INFO:colcon.colcon_core.shell:Skip shell extension 'powershell' for command environment: Not usable outside of PowerShell
[2.035s] DEBUG:colcon.colcon_core.shell:Skip shell extension 'dsv' for command environment
[2.047s] Level 1:colcon.colcon_core.environment:create_environment_scripts_only(nav_interfaces)
[2.048s] Level 1:colcon.colcon_core.environment:checking '/home/psb/rokey_c_2_ws/install/nav_interfaces' for CMake module files
[2.048s] DEBUG:colcon.colcon_core.event_handler.log_command:Invoked command in '/home/psb/rokey_c_2_ws/build/nav_interfaces' returned '0': CMAKE_PREFIX_PATH=${CMAKE_PREFIX_PATH}:/home/psb/rokey_c_2_ws/install/turtlebot3_gui:/home/psb/rokey_c_2_ws/install/table_order:/home/psb/rokey_c_2_ws/install/serving_robot:/home/psb/rokey_c_2_ws/install/database:/home/psb/rokey_c_2_ws/install/c2_turtle_order_package:/home/psb/turtlebot3_ws/install/turtlebot3_teleop:/home/psb/turtlebot3_ws/install/turtlebot3_example:/opt/ros/humble /usr/bin/cmake --install /home/psb/rokey_c_2_ws/build/nav_interfaces
[2.050s] Level 1:colcon.colcon_core.environment:checking '/home/psb/rokey_c_2_ws/install/nav_interfaces' for CMake config files
[2.051s] Level 1:colcon.colcon_core.shell:create_environment_hook('nav_interfaces', 'cmake_prefix_path')
[2.052s] INFO:colcon.colcon_core.shell:Creating environment hook '/home/psb/rokey_c_2_ws/install/nav_interfaces/share/nav_interfaces/hook/cmake_prefix_path.ps1'
[2.053s] INFO:colcon.colcon_core.shell:Creating environment descriptor '/home/psb/rokey_c_2_ws/install/nav_interfaces/share/nav_interfaces/hook/cmake_prefix_path.dsv'
[2.054s] INFO:colcon.colcon_core.shell:Creating environment hook '/home/psb/rokey_c_2_ws/install/nav_interfaces/share/nav_interfaces/hook/cmake_prefix_path.sh'
[2.055s] Level 1:colcon.colcon_core.environment:checking '/home/psb/rokey_c_2_ws/install/nav_interfaces/lib'
[2.055s] Level 1:colcon.colcon_core.shell:create_environment_hook('nav_interfaces', 'ld_library_path_lib')
[2.055s] INFO:colcon.colcon_core.shell:Creating environment hook '/home/psb/rokey_c_2_ws/install/nav_interfaces/share/nav_interfaces/hook/ld_library_path_lib.ps1'
[2.056s] INFO:colcon.colcon_core.shell:Creating environment descriptor '/home/psb/rokey_c_2_ws/install/nav_interfaces/share/nav_interfaces/hook/ld_library_path_lib.dsv'
[2.057s] INFO:colcon.colcon_core.shell:Creating environment hook '/home/psb/rokey_c_2_ws/install/nav_interfaces/share/nav_interfaces/hook/ld_library_path_lib.sh'
[2.058s] Level 1:colcon.colcon_core.environment:checking '/home/psb/rokey_c_2_ws/install/nav_interfaces/bin'
[2.058s] Level 1:colcon.colcon_core.environment:checking '/home/psb/rokey_c_2_ws/install/nav_interfaces/lib/pkgconfig/nav_interfaces.pc'
[2.058s] Level 1:colcon.colcon_core.environment:checking '/home/psb/rokey_c_2_ws/install/nav_interfaces/lib/python3.10/site-packages'
[2.059s] Level 1:colcon.colcon_core.environment:checking '/home/psb/rokey_c_2_ws/install/nav_interfaces/bin'
[2.060s] INFO:colcon.colcon_core.shell:Creating package script '/home/psb/rokey_c_2_ws/install/nav_interfaces/share/nav_interfaces/package.ps1'
[2.061s] INFO:colcon.colcon_core.shell:Creating package descriptor '/home/psb/rokey_c_2_ws/install/nav_interfaces/share/nav_interfaces/package.dsv'
[2.062s] INFO:colcon.colcon_core.shell:Creating package script '/home/psb/rokey_c_2_ws/install/nav_interfaces/share/nav_interfaces/package.sh'
[2.063s] INFO:colcon.colcon_core.shell:Creating package script '/home/psb/rokey_c_2_ws/install/nav_interfaces/share/nav_interfaces/package.bash'
[2.064s] INFO:colcon.colcon_core.shell:Creating package script '/home/psb/rokey_c_2_ws/install/nav_interfaces/share/nav_interfaces/package.zsh'
[2.064s] Level 1:colcon.colcon_core.environment:create_file_with_runtime_dependencies(/home/psb/rokey_c_2_ws/install/nav_interfaces/share/colcon-core/packages/nav_interfaces)
[2.586s] INFO:colcon.colcon_core.task.python.build:Building Python package in '/home/psb/rokey_c_2_ws/src/table_order'
[2.586s] INFO:colcon.colcon_core.shell:Skip shell extension 'powershell' for command environment: Not usable outside of PowerShell
[2.586s] DEBUG:colcon.colcon_core.shell:Skip shell extension 'dsv' for command environment
[2.594s] Level 1:colcon.colcon_core.environment:create_environment_scripts_only(serving_robot_msgs)
[2.594s] Level 1:colcon.colcon_core.environment:checking '/home/psb/rokey_c_2_ws/install/serving_robot_msgs' for CMake module files
[2.595s] Level 1:colcon.colcon_core.environment:checking '/home/psb/rokey_c_2_ws/install/serving_robot_msgs' for CMake config files
[2.596s] Level 1:colcon.colcon_core.shell:create_environment_hook('serving_robot_msgs', 'cmake_prefix_path')
[2.596s] INFO:colcon.colcon_core.shell:Creating environment hook '/home/psb/rokey_c_2_ws/install/serving_robot_msgs/share/serving_robot_msgs/hook/cmake_prefix_path.ps1'
[2.596s] INFO:colcon.colcon_core.shell:Creating environment descriptor '/home/psb/rokey_c_2_ws/install/serving_robot_msgs/share/serving_robot_msgs/hook/cmake_prefix_path.dsv'
[2.597s] INFO:colcon.colcon_core.shell:Creating environment hook '/home/psb/rokey_c_2_ws/install/serving_robot_msgs/share/serving_robot_msgs/hook/cmake_prefix_path.sh'
[2.597s] Level 1:colcon.colcon_core.environment:checking '/home/psb/rokey_c_2_ws/install/serving_robot_msgs/lib'
[2.598s] Level 1:colcon.colcon_core.shell:create_environment_hook('serving_robot_msgs', 'ld_library_path_lib')
[2.598s] INFO:colcon.colcon_core.shell:Creating environment hook '/home/psb/rokey_c_2_ws/install/serving_robot_msgs/share/serving_robot_msgs/hook/ld_library_path_lib.ps1'
[2.598s] INFO:colcon.colcon_core.shell:Creating environment descriptor '/home/psb/rokey_c_2_ws/install/serving_robot_msgs/share/serving_robot_msgs/hook/ld_library_path_lib.dsv'
[2.599s] INFO:colcon.colcon_core.shell:Creating environment hook '/home/psb/rokey_c_2_ws/install/serving_robot_msgs/share/serving_robot_msgs/hook/ld_library_path_lib.sh'
[2.599s] Level 1:colcon.colcon_core.environment:checking '/home/psb/rokey_c_2_ws/install/serving_robot_msgs/bin'
[2.599s] Level 1:colcon.colcon_core.environment:checking '/home/psb/rokey_c_2_ws/install/serving_robot_msgs/lib/pkgconfig/serving_robot_msgs.pc'
[2.599s] Level 1:colcon.colcon_core.environment:checking '/home/psb/rokey_c_2_ws/install/serving_robot_msgs/lib/python3.10/site-packages'
[2.600s] Level 1:colcon.colcon_core.environment:checking '/home/psb/rokey_c_2_ws/install/serving_robot_msgs/bin'
[2.600s] INFO:colcon.colcon_core.shell:Creating package script '/home/psb/rokey_c_2_ws/install/serving_robot_msgs/share/serving_robot_msgs/package.ps1'
[2.601s] INFO:colcon.colcon_core.shell:Creating package descriptor '/home/psb/rokey_c_2_ws/install/serving_robot_msgs/share/serving_robot_msgs/package.dsv'
[2.601s] INFO:colcon.colcon_core.shell:Creating package script '/home/psb/rokey_c_2_ws/install/serving_robot_msgs/share/serving_robot_msgs/package.sh'
[2.602s] INFO:colcon.colcon_core.shell:Creating package script '/home/psb/rokey_c_2_ws/install/serving_robot_msgs/share/serving_robot_msgs/package.bash'
[2.602s] INFO:colcon.colcon_core.shell:Creating package script '/home/psb/rokey_c_2_ws/install/serving_robot_msgs/share/serving_robot_msgs/package.zsh'
[2.603s] Level 1:colcon.colcon_core.environment:create_file_with_runtime_dependencies(/home/psb/rokey_c_2_ws/install/serving_robot_msgs/share/colcon-core/packages/serving_robot_msgs)
[2.603s] Level 1:colcon.colcon_core.environment:create_environment_scripts_only(nav_interfaces)
[2.604s] Level 1:colcon.colcon_core.environment:checking '/home/psb/rokey_c_2_ws/install/nav_interfaces' for CMake module files
[2.605s] Level 1:colcon.colcon_core.environment:checking '/home/psb/rokey_c_2_ws/install/nav_interfaces' for CMake config files
[2.606s] Level 1:colcon.colcon_core.shell:create_environment_hook('nav_interfaces', 'cmake_prefix_path')
[2.606s] INFO:colcon.colcon_core.shell:Creating environment hook '/home/psb/rokey_c_2_ws/install/nav_interfaces/share/nav_interfaces/hook/cmake_prefix_path.ps1'
[2.606s] INFO:colcon.colcon_core.shell:Creating environment descriptor '/home/psb/rokey_c_2_ws/install/nav_interfaces/share/nav_interfaces/hook/cmake_prefix_path.dsv'
[2.607s] INFO:colcon.colcon_core.shell:Creating environment hook '/home/psb/rokey_c_2_ws/install/nav_interfaces/share/nav_interfaces/hook/cmake_prefix_path.sh'
[2.608s] Level 1:colcon.colcon_core.environment:checking '/home/psb/rokey_c_2_ws/install/nav_interfaces/lib'
[2.608s] Level 1:colcon.colcon_core.shell:create_environment_hook('nav_interfaces', 'ld_library_path_lib')
[2.608s] INFO:colcon.colcon_core.shell:Creating environment hook '/home/psb/rokey_c_2_ws/install/nav_interfaces/share/nav_interfaces/hook/ld_library_path_lib.ps1'
[2.609s] INFO:colcon.colcon_core.shell:Creating environment descriptor '/home/psb/rokey_c_2_ws/install/nav_interfaces/share/nav_interfaces/hook/ld_library_path_lib.dsv'
[2.609s] INFO:colcon.colcon_core.shell:Creating environment hook '/home/psb/rokey_c_2_ws/install/nav_interfaces/share/nav_interfaces/hook/ld_library_path_lib.sh'
[2.610s] Level 1:colcon.colcon_core.environment:checking '/home/psb/rokey_c_2_ws/install/nav_interfaces/bin'
[2.610s] Level 1:colcon.colcon_core.environment:checking '/home/psb/rokey_c_2_ws/install/nav_interfaces/lib/pkgconfig/nav_interfaces.pc'
[2.610s] Level 1:colcon.colcon_core.environment:checking '/home/psb/rokey_c_2_ws/install/nav_interfaces/lib/python3.10/site-packages'
[2.610s] Level 1:colcon.colcon_core.environment:checking '/home/psb/rokey_c_2_ws/install/nav_interfaces/bin'
[2.611s] INFO:colcon.colcon_core.shell:Creating package script '/home/psb/rokey_c_2_ws/install/nav_interfaces/share/nav_interfaces/package.ps1'
[2.611s] INFO:colcon.colcon_core.shell:Creating package descriptor '/home/psb/rokey_c_2_ws/install/nav_interfaces/share/nav_interfaces/package.dsv'
[2.612s] INFO:colcon.colcon_core.shell:Creating package script '/home/psb/rokey_c_2_ws/install/nav_interfaces/share/nav_interfaces/package.sh'
[2.612s] INFO:colcon.colcon_core.shell:Creating package script '/home/psb/rokey_c_2_ws/install/nav_interfaces/share/nav_interfaces/package.bash'
[2.613s] INFO:colcon.colcon_core.shell:Creating package script '/home/psb/rokey_c_2_ws/install/nav_interfaces/share/nav_interfaces/package.zsh'
[2.613s] Level 1:colcon.colcon_core.environment:create_file_with_runtime_dependencies(/home/psb/rokey_c_2_ws/install/nav_interfaces/share/colcon-core/packages/nav_interfaces)
[2.618s] INFO:colcon.colcon_ros.task.ament_python.build:Building ROS package in '/home/psb/rokey_c_2_ws/src/serving_robot' with build type 'ament_python'
[2.618s] Level 1:colcon.colcon_core.shell:create_environment_hook('serving_robot', 'ament_prefix_path')
[2.618s] INFO:colcon.colcon_core.shell:Creating environment hook '/home/psb/rokey_c_2_ws/install/serving_robot/share/serving_robot/hook/ament_prefix_path.ps1'
[2.619s] INFO:colcon.colcon_core.shell:Creating environment descriptor '/home/psb/rokey_c_2_ws/install/serving_robot/share/serving_robot/hook/ament_prefix_path.dsv'
[2.620s] DEBUG:colcon.colcon_core.event_handler.log_command:Invoking command in '/home/psb/rokey_c_2_ws/src/database': PYTHONPATH=/home/psb/rokey_c_2_ws/build/database/prefix_override:/usr/lib/python3/dist-packages/colcon_core/task/python/colcon_distutils_commands:/home/psb/rokey_c_2_ws/install/database/lib/python3.10/site-packages:${PYTHONPATH} /usr/bin/python3 -W ignore:setup.py install is deprecated setup.py egg_info --egg-base ../../build/database build --build-base /home/psb/rokey_c_2_ws/build/database/build install --record /home/psb/rokey_c_2_ws/build/database/install.log --single-version-externally-managed install_data
[2.620s] INFO:colcon.colcon_core.shell:Creating environment hook '/home/psb/rokey_c_2_ws/install/serving_robot/share/serving_robot/hook/ament_prefix_path.sh'
[2.621s] INFO:colcon.colcon_core.shell:Skip shell extension 'powershell' for command environment: Not usable outside of PowerShell
[2.621s] DEBUG:colcon.colcon_core.shell:Skip shell extension 'dsv' for command environment
[2.622s] DEBUG:colcon.colcon_core.event_handler.log_command:Invoking command in '/home/psb/rokey_c_2_ws/src/turtlebot3_gui': PYTHONPATH=/home/psb/rokey_c_2_ws/build/turtlebot3_gui/prefix_override:/usr/lib/python3/dist-packages/colcon_core/task/python/colcon_distutils_commands:/home/psb/rokey_c_2_ws/install/turtlebot3_gui/lib/python3.10/site-packages:${PYTHONPATH} /usr/bin/python3 -W ignore:setup.py install is deprecated setup.py egg_info --egg-base ../../build/turtlebot3_gui build --build-base /home/psb/rokey_c_2_ws/build/turtlebot3_gui/build install --record /home/psb/rokey_c_2_ws/build/turtlebot3_gui/install.log --single-version-externally-managed install_data
[3.331s] INFO:colcon.colcon_core.task.python.build:Building Python package in '/home/psb/rokey_c_2_ws/src/serving_robot'
[3.331s] INFO:colcon.colcon_core.shell:Skip shell extension 'powershell' for command environment: Not usable outside of PowerShell
[3.332s] DEBUG:colcon.colcon_core.shell:Skip shell extension 'dsv' for command environment
[3.342s] Level 1:colcon.colcon_core.environment:checking '/home/psb/rokey_c_2_ws/install/turtlebot3_gui' for CMake module files
[3.344s] DEBUG:colcon.colcon_core.event_handler.log_command:Invoking command in '/home/psb/rokey_c_2_ws/src/table_order': LD_LIBRARY_PATH=/home/psb/rokey_c_2_ws/install/table_order_interface/lib:/home/psb/rokey_c_2_ws/install/serving_robot_msgs/lib:/home/psb/rokey_c_2_ws/install/nav_interfaces/lib:/home/psb/rokey_c_2_ws/install/c2_turtle_interface/lib:/home/psb/turtlebot3_ws/install/turtlebot3_msgs/lib:/usr/lib/x86_64-linux-gnu/gazebo-11/plugins:/opt/ros/humble/opt/rviz_ogre_vendor/lib:/opt/ros/humble/lib/x86_64-linux-gnu:/opt/ros/humble/lib:/usr/lib/x86_64-linux-gnu/gazebo-11/plugins PYTHONPATH=/home/psb/rokey_c_2_ws/build/table_order/prefix_override:/usr/lib/python3/dist-packages/colcon_core/task/python/colcon_distutils_commands:/home/psb/rokey_c_2_ws/install/table_order/lib/python3.10/site-packages:${PYTHONPATH} /usr/bin/python3 -W ignore:setup.py install is deprecated setup.py egg_info --egg-base ../../build/table_order build --build-base /home/psb/rokey_c_2_ws/build/table_order/build install --record /home/psb/rokey_c_2_ws/build/table_order/install.log --single-version-externally-managed install_data
[3.344s] Level 1:colcon.colcon_core.environment:checking '/home/psb/rokey_c_2_ws/install/turtlebot3_gui' for CMake config files
[3.345s] DEBUG:colcon.colcon_core.event_handler.log_command:Invoked command in '/home/psb/rokey_c_2_ws/src/turtlebot3_gui' returned '0': PYTHONPATH=/home/psb/rokey_c_2_ws/build/turtlebot3_gui/prefix_override:/usr/lib/python3/dist-packages/colcon_core/task/python/colcon_distutils_commands:/home/psb/rokey_c_2_ws/install/turtlebot3_gui/lib/python3.10/site-packages:${PYTHONPATH} /usr/bin/python3 -W ignore:setup.py install is deprecated setup.py egg_info --egg-base ../../build/turtlebot3_gui build --build-base /home/psb/rokey_c_2_ws/build/turtlebot3_gui/build install --record /home/psb/rokey_c_2_ws/build/turtlebot3_gui/install.log --single-version-externally-managed install_data
[3.346s] Level 1:colcon.colcon_core.environment:checking '/home/psb/rokey_c_2_ws/install/turtlebot3_gui/lib'
[3.347s] Level 1:colcon.colcon_core.environment:checking '/home/psb/rokey_c_2_ws/install/turtlebot3_gui/bin'
[3.347s] Level 1:colcon.colcon_core.environment:checking '/home/psb/rokey_c_2_ws/install/turtlebot3_gui/lib/pkgconfig/turtlebot3_gui.pc'
[3.347s] Level 1:colcon.colcon_core.environment:checking '/home/psb/rokey_c_2_ws/install/turtlebot3_gui/lib/python3.10/site-packages'
[3.347s] Level 1:colcon.colcon_core.shell:create_environment_hook('turtlebot3_gui', 'pythonpath')
[3.348s] INFO:colcon.colcon_core.shell:Creating environment hook '/home/psb/rokey_c_2_ws/install/turtlebot3_gui/share/turtlebot3_gui/hook/pythonpath.ps1'
[3.349s] INFO:colcon.colcon_core.shell:Creating environment descriptor '/home/psb/rokey_c_2_ws/install/turtlebot3_gui/share/turtlebot3_gui/hook/pythonpath.dsv'
[3.349s] INFO:colcon.colcon_core.shell:Creating environment hook '/home/psb/rokey_c_2_ws/install/turtlebot3_gui/share/turtlebot3_gui/hook/pythonpath.sh'
[3.350s] Level 1:colcon.colcon_core.environment:checking '/home/psb/rokey_c_2_ws/install/turtlebot3_gui/bin'
[3.350s] Level 1:colcon.colcon_core.environment:create_environment_scripts_only(turtlebot3_gui)
[3.351s] INFO:colcon.colcon_core.shell:Creating package script '/home/psb/rokey_c_2_ws/install/turtlebot3_gui/share/turtlebot3_gui/package.ps1'
[3.352s] INFO:colcon.colcon_core.shell:Creating package descriptor '/home/psb/rokey_c_2_ws/install/turtlebot3_gui/share/turtlebot3_gui/package.dsv'
[3.353s] INFO:colcon.colcon_core.shell:Creating package script '/home/psb/rokey_c_2_ws/install/turtlebot3_gui/share/turtlebot3_gui/package.sh'
[3.354s] INFO:colcon.colcon_core.shell:Creating package script '/home/psb/rokey_c_2_ws/install/turtlebot3_gui/share/turtlebot3_gui/package.bash'
[3.354s] INFO:colcon.colcon_core.shell:Creating package script '/home/psb/rokey_c_2_ws/install/turtlebot3_gui/share/turtlebot3_gui/package.zsh'
[3.355s] Level 1:colcon.colcon_core.environment:create_file_with_runtime_dependencies(/home/psb/rokey_c_2_ws/install/turtlebot3_gui/share/colcon-core/packages/turtlebot3_gui)
[3.361s] Level 1:colcon.colcon_core.environment:checking '/home/psb/rokey_c_2_ws/install/database' for CMake module files
[3.362s] DEBUG:colcon.colcon_core.event_handler.log_command:Invoked command in '/home/psb/rokey_c_2_ws/src/database' returned '0': PYTHONPATH=/home/psb/rokey_c_2_ws/build/database/prefix_override:/usr/lib/python3/dist-packages/colcon_core/task/python/colcon_distutils_commands:/home/psb/rokey_c_2_ws/install/database/lib/python3.10/site-packages:${PYTHONPATH} /usr/bin/python3 -W ignore:setup.py install is deprecated setup.py egg_info --egg-base ../../build/database build --build-base /home/psb/rokey_c_2_ws/build/database/build install --record /home/psb/rokey_c_2_ws/build/database/install.log --single-version-externally-managed install_data
[3.362s] Level 1:colcon.colcon_core.environment:checking '/home/psb/rokey_c_2_ws/install/database' for CMake config files
[3.363s] Level 1:colcon.colcon_core.environment:checking '/home/psb/rokey_c_2_ws/install/database/lib'
[3.363s] Level 1:colcon.colcon_core.environment:checking '/home/psb/rokey_c_2_ws/install/database/bin'
[3.363s] Level 1:colcon.colcon_core.environment:checking '/home/psb/rokey_c_2_ws/install/database/lib/pkgconfig/database.pc'
[3.363s] Level 1:colcon.colcon_core.environment:checking '/home/psb/rokey_c_2_ws/install/database/lib/python3.10/site-packages'
[3.363s] Level 1:colcon.colcon_core.shell:create_environment_hook('database', 'pythonpath')
[3.364s] INFO:colcon.colcon_core.shell:Creating environment hook '/home/psb/rokey_c_2_ws/install/database/share/database/hook/pythonpath.ps1'
[3.364s] INFO:colcon.colcon_core.shell:Creating environment descriptor '/home/psb/rokey_c_2_ws/install/database/share/database/hook/pythonpath.dsv'
[3.365s] INFO:colcon.colcon_core.shell:Creating environment hook '/home/psb/rokey_c_2_ws/install/database/share/database/hook/pythonpath.sh'
[3.365s] Level 1:colcon.colcon_core.environment:checking '/home/psb/rokey_c_2_ws/install/database/bin'
[3.365s] Level 1:colcon.colcon_core.environment:create_environment_scripts_only(database)
[3.366s] INFO:colcon.colcon_core.shell:Creating package script '/home/psb/rokey_c_2_ws/install/database/share/database/package.ps1'
[3.367s] INFO:colcon.colcon_core.shell:Creating package descriptor '/home/psb/rokey_c_2_ws/install/database/share/database/package.dsv'
[3.367s] INFO:colcon.colcon_core.shell:Creating package script '/home/psb/rokey_c_2_ws/install/database/share/database/package.sh'
[3.368s] INFO:colcon.colcon_core.shell:Creating package script '/home/psb/rokey_c_2_ws/install/database/share/database/package.bash'
[3.368s] INFO:colcon.colcon_core.shell:Creating package script '/home/psb/rokey_c_2_ws/install/database/share/database/package.zsh'
[3.368s] Level 1:colcon.colcon_core.environment:create_file_with_runtime_dependencies(/home/psb/rokey_c_2_ws/install/database/share/colcon-core/packages/database)
[3.839s] Level 1:colcon.colcon_core.environment:checking '/home/psb/rokey_c_2_ws/install/table_order' for CMake module files
[3.839s] DEBUG:colcon.colcon_core.event_handler.log_command:Invoked command in '/home/psb/rokey_c_2_ws/src/table_order' returned '0': LD_LIBRARY_PATH=/home/psb/rokey_c_2_ws/install/table_order_interface/lib:/home/psb/rokey_c_2_ws/install/serving_robot_msgs/lib:/home/psb/rokey_c_2_ws/install/nav_interfaces/lib:/home/psb/rokey_c_2_ws/install/c2_turtle_interface/lib:/home/psb/turtlebot3_ws/install/turtlebot3_msgs/lib:/usr/lib/x86_64-linux-gnu/gazebo-11/plugins:/opt/ros/humble/opt/rviz_ogre_vendor/lib:/opt/ros/humble/lib/x86_64-linux-gnu:/opt/ros/humble/lib:/usr/lib/x86_64-linux-gnu/gazebo-11/plugins PYTHONPATH=/home/psb/rokey_c_2_ws/build/table_order/prefix_override:/usr/lib/python3/dist-packages/colcon_core/task/python/colcon_distutils_commands:/home/psb/rokey_c_2_ws/install/table_order/lib/python3.10/site-packages:${PYTHONPATH} /usr/bin/python3 -W ignore:setup.py install is deprecated setup.py egg_info --egg-base ../../build/table_order build --build-base /home/psb/rokey_c_2_ws/build/table_order/build install --record /home/psb/rokey_c_2_ws/build/table_order/install.log --single-version-externally-managed install_data
[3.840s] Level 1:colcon.colcon_core.environment:checking '/home/psb/rokey_c_2_ws/install/table_order' for CMake config files
[3.840s] Level 1:colcon.colcon_core.environment:checking '/home/psb/rokey_c_2_ws/install/table_order/lib'
[3.840s] Level 1:colcon.colcon_core.environment:checking '/home/psb/rokey_c_2_ws/install/table_order/bin'
[3.840s] Level 1:colcon.colcon_core.environment:checking '/home/psb/rokey_c_2_ws/install/table_order/lib/pkgconfig/table_order.pc'
[3.841s] Level 1:colcon.colcon_core.environment:checking '/home/psb/rokey_c_2_ws/install/table_order/lib/python3.10/site-packages'
[3.841s] Level 1:colcon.colcon_core.shell:create_environment_hook('table_order', 'pythonpath')
[3.841s] INFO:colcon.colcon_core.shell:Creating environment hook '/home/psb/rokey_c_2_ws/install/table_order/share/table_order/hook/pythonpath.ps1'
[3.842s] INFO:colcon.colcon_core.shell:Creating environment descriptor '/home/psb/rokey_c_2_ws/install/table_order/share/table_order/hook/pythonpath.dsv'
[3.842s] INFO:colcon.colcon_core.shell:Creating environment hook '/home/psb/rokey_c_2_ws/install/table_order/share/table_order/hook/pythonpath.sh'
[3.843s] Level 1:colcon.colcon_core.environment:checking '/home/psb/rokey_c_2_ws/install/table_order/bin'
[3.843s] Level 1:colcon.colcon_core.environment:create_environment_scripts_only(table_order)
[3.843s] INFO:colcon.colcon_core.shell:Creating package script '/home/psb/rokey_c_2_ws/install/table_order/share/table_order/package.ps1'
[3.844s] INFO:colcon.colcon_core.shell:Creating package descriptor '/home/psb/rokey_c_2_ws/install/table_order/share/table_order/package.dsv'
[3.844s] INFO:colcon.colcon_core.shell:Creating package script '/home/psb/rokey_c_2_ws/install/table_order/share/table_order/package.sh'
[3.845s] INFO:colcon.colcon_core.shell:Creating package script '/home/psb/rokey_c_2_ws/install/table_order/share/table_order/package.bash'
[3.845s] INFO:colcon.colcon_core.shell:Creating package script '/home/psb/rokey_c_2_ws/install/table_order/share/table_order/package.zsh'
[3.845s] Level 1:colcon.colcon_core.environment:create_file_with_runtime_dependencies(/home/psb/rokey_c_2_ws/install/table_order/share/colcon-core/packages/table_order)
[3.910s] DEBUG:colcon.colcon_core.event_handler.log_command:Invoking command in '/home/psb/rokey_c_2_ws/src/serving_robot': CMAKE_PREFIX_PATH=/home/psb/rokey_c_2_ws/install/serving_robot_msgs:/home/psb/rokey_c_2_ws/install/table_order_interface:/home/psb/rokey_c_2_ws/install/nav_interfaces:/home/psb/rokey_c_2_ws/install/c2_turtle_interface:/home/psb/turtlebot3_ws/install/turtlebot3:/home/psb/turtlebot3_ws/install/turtlebot3_simulations:/home/psb/turtlebot3_ws/install/turtlebot3_bringup:/home/psb/turtlebot3_ws/install/turtlebot3_node:/home/psb/turtlebot3_ws/install/turtlebot3_navigation2:/home/psb/turtlebot3_ws/install/turtlebot3_fake_node:/home/psb/turtlebot3_ws/install/turtlebot3_msgs:/home/psb/turtlebot3_ws/install/turtlebot3_gazebo:/home/psb/turtlebot3_ws/install/turtlebot3_description:/home/psb/turtlebot3_ws/install/turtlebot3_cartographer LD_LIBRARY_PATH=/home/psb/rokey_c_2_ws/install/serving_robot_msgs/lib:/home/psb/rokey_c_2_ws/install/table_order_interface/lib:/home/psb/rokey_c_2_ws/install/nav_interfaces/lib:/home/psb/rokey_c_2_ws/install/c2_turtle_interface/lib:/home/psb/turtlebot3_ws/install/turtlebot3_msgs/lib:/usr/lib/x86_64-linux-gnu/gazebo-11/plugins:/opt/ros/humble/opt/rviz_ogre_vendor/lib:/opt/ros/humble/lib/x86_64-linux-gnu:/opt/ros/humble/lib:/usr/lib/x86_64-linux-gnu/gazebo-11/plugins PYTHONPATH=/home/psb/rokey_c_2_ws/build/serving_robot/prefix_override:/usr/lib/python3/dist-packages/colcon_core/task/python/colcon_distutils_commands:/home/psb/rokey_c_2_ws/install/serving_robot/lib/python3.10/site-packages:${PYTHONPATH} /usr/bin/python3 -W ignore:setup.py install is deprecated setup.py egg_info --egg-base ../../build/serving_robot build --build-base /home/psb/rokey_c_2_ws/build/serving_robot/build install --record /home/psb/rokey_c_2_ws/build/serving_robot/install.log --single-version-externally-managed install_data
[4.331s] Level 1:colcon.colcon_core.environment:checking '/home/psb/rokey_c_2_ws/install/serving_robot' for CMake module files
[4.331s] DEBUG:colcon.colcon_core.event_handler.log_command:Invoked command in '/home/psb/rokey_c_2_ws/src/serving_robot' returned '0': CMAKE_PREFIX_PATH=/home/psb/rokey_c_2_ws/install/serving_robot_msgs:/home/psb/rokey_c_2_ws/install/table_order_interface:/home/psb/rokey_c_2_ws/install/nav_interfaces:/home/psb/rokey_c_2_ws/install/c2_turtle_interface:/home/psb/turtlebot3_ws/install/turtlebot3:/home/psb/turtlebot3_ws/install/turtlebot3_simulations:/home/psb/turtlebot3_ws/install/turtlebot3_bringup:/home/psb/turtlebot3_ws/install/turtlebot3_node:/home/psb/turtlebot3_ws/install/turtlebot3_navigation2:/home/psb/turtlebot3_ws/install/turtlebot3_fake_node:/home/psb/turtlebot3_ws/install/turtlebot3_msgs:/home/psb/turtlebot3_ws/install/turtlebot3_gazebo:/home/psb/turtlebot3_ws/install/turtlebot3_description:/home/psb/turtlebot3_ws/install/turtlebot3_cartographer LD_LIBRARY_PATH=/home/psb/rokey_c_2_ws/install/serving_robot_msgs/lib:/home/psb/rokey_c_2_ws/install/table_order_interface/lib:/home/psb/rokey_c_2_ws/install/nav_interfaces/lib:/home/psb/rokey_c_2_ws/install/c2_turtle_interface/lib:/home/psb/turtlebot3_ws/install/turtlebot3_msgs/lib:/usr/lib/x86_64-linux-gnu/gazebo-11/plugins:/opt/ros/humble/opt/rviz_ogre_vendor/lib:/opt/ros/humble/lib/x86_64-linux-gnu:/opt/ros/humble/lib:/usr/lib/x86_64-linux-gnu/gazebo-11/plugins PYTHONPATH=/home/psb/rokey_c_2_ws/build/serving_robot/prefix_override:/usr/lib/python3/dist-packages/colcon_core/task/python/colcon_distutils_commands:/home/psb/rokey_c_2_ws/install/serving_robot/lib/python3.10/site-packages:${PYTHONPATH} /usr/bin/python3 -W ignore:setup.py install is deprecated setup.py egg_info --egg-base ../../build/serving_robot build --build-base /home/psb/rokey_c_2_ws/build/serving_robot/build install --record /home/psb/rokey_c_2_ws/build/serving_robot/install.log --single-version-externally-managed install_data
[4.332s] Level 1:colcon.colcon_core.environment:checking '/home/psb/rokey_c_2_ws/install/serving_robot' for CMake config files
[4.332s] Level 1:colcon.colcon_core.environment:checking '/home/psb/rokey_c_2_ws/install/serving_robot/lib'
[4.332s] Level 1:colcon.colcon_core.environment:checking '/home/psb/rokey_c_2_ws/install/serving_robot/bin'
[4.332s] Level 1:colcon.colcon_core.environment:checking '/home/psb/rokey_c_2_ws/install/serving_robot/lib/pkgconfig/serving_robot.pc'
[4.333s] Level 1:colcon.colcon_core.environment:checking '/home/psb/rokey_c_2_ws/install/serving_robot/lib/python3.10/site-packages'
[4.333s] Level 1:colcon.colcon_core.shell:create_environment_hook('serving_robot', 'pythonpath')
[4.333s] INFO:colcon.colcon_core.shell:Creating environment hook '/home/psb/rokey_c_2_ws/install/serving_robot/share/serving_robot/hook/pythonpath.ps1'
[4.333s] INFO:colcon.colcon_core.shell:Creating environment descriptor '/home/psb/rokey_c_2_ws/install/serving_robot/share/serving_robot/hook/pythonpath.dsv'
[4.334s] INFO:colcon.colcon_core.shell:Creating environment hook '/home/psb/rokey_c_2_ws/install/serving_robot/share/serving_robot/hook/pythonpath.sh'
[4.334s] Level 1:colcon.colcon_core.environment:checking '/home/psb/rokey_c_2_ws/install/serving_robot/bin'
[4.334s] Level 1:colcon.colcon_core.environment:create_environment_scripts_only(serving_robot)
[4.335s] INFO:colcon.colcon_core.shell:Creating package script '/home/psb/rokey_c_2_ws/install/serving_robot/share/serving_robot/package.ps1'
[4.335s] INFO:colcon.colcon_core.shell:Creating package descriptor '/home/psb/rokey_c_2_ws/install/serving_robot/share/serving_robot/package.dsv'
[4.336s] INFO:colcon.colcon_core.shell:Creating package script '/home/psb/rokey_c_2_ws/install/serving_robot/share/serving_robot/package.sh'
[4.336s] INFO:colcon.colcon_core.shell:Creating package script '/home/psb/rokey_c_2_ws/install/serving_robot/share/serving_robot/package.bash'
[4.336s] INFO:colcon.colcon_core.shell:Creating package script '/home/psb/rokey_c_2_ws/install/serving_robot/share/serving_robot/package.zsh'
[4.337s] Level 1:colcon.colcon_core.environment:create_file_with_runtime_dependencies(/home/psb/rokey_c_2_ws/install/serving_robot/share/colcon-core/packages/serving_robot)
[4.337s] DEBUG:colcon.colcon_parallel_executor.executor.parallel:closing loop
[4.337s] DEBUG:colcon.colcon_parallel_executor.executor.parallel:loop closed
[4.338s] DEBUG:colcon.colcon_parallel_executor.executor.parallel:run_until_complete finished with '0'
[4.338s] DEBUG:colcon.colcon_core.event_reactor:joining thread
[4.344s] INFO:colcon.colcon_core.plugin_system:Skipping extension 'colcon_notification.desktop_notification.terminal_notifier': Not used on non-Darwin systems
[4.344s] INFO:colcon.colcon_core.plugin_system:Skipping extension 'colcon_notification.desktop_notification.win32': Not used on non-Windows systems
[4.344s] INFO:colcon.colcon_notification.desktop_notification:Sending desktop notification using 'notify2'
[4.356s] DEBUG:colcon.colcon_core.event_reactor:joined thread
[4.356s] INFO:colcon.colcon_core.shell:Creating prefix script '/home/psb/rokey_c_2_ws/install/local_setup.ps1'
[4.357s] INFO:colcon.colcon_core.shell:Creating prefix util module '/home/psb/rokey_c_2_ws/install/_local_setup_util_ps1.py'
[4.359s] INFO:colcon.colcon_core.shell:Creating prefix chain script '/home/psb/rokey_c_2_ws/install/setup.ps1'
[4.361s] INFO:colcon.colcon_core.shell:Creating prefix script '/home/psb/rokey_c_2_ws/install/local_setup.sh'
[4.361s] INFO:colcon.colcon_core.shell:Creating prefix util module '/home/psb/rokey_c_2_ws/install/_local_setup_util_sh.py'
[4.362s] INFO:colcon.colcon_core.shell:Creating prefix chain script '/home/psb/rokey_c_2_ws/install/setup.sh'
[4.364s] INFO:colcon.colcon_core.shell:Creating prefix script '/home/psb/rokey_c_2_ws/install/local_setup.bash'
[4.364s] INFO:colcon.colcon_core.shell:Creating prefix chain script '/home/psb/rokey_c_2_ws/install/setup.bash'
[4.366s] INFO:colcon.colcon_core.shell:Creating prefix script '/home/psb/rokey_c_2_ws/install/local_setup.zsh'
[4.367s] INFO:colcon.colcon_core.shell:Creating prefix chain script '/home/psb/rokey_c_2_ws/install/setup.zsh'
