running egg_info
creating ../../build/serving_robot/serving_robot.egg-info
writing ../../build/serving_robot/serving_robot.egg-info/PKG-INFO
writing dependency_links to ../../build/serving_robot/serving_robot.egg-info/dependency_links.txt
writing entry points to ../../build/serving_robot/serving_robot.egg-info/entry_points.txt
writing requirements to ../../build/serving_robot/serving_robot.egg-info/requires.txt
writing top-level names to ../../build/serving_robot/serving_robot.egg-info/top_level.txt
writing manifest file '../../build/serving_robot/serving_robot.egg-info/SOURCES.txt'
reading manifest file '../../build/serving_robot/serving_robot.egg-info/SOURCES.txt'
writing manifest file '../../build/serving_robot/serving_robot.egg-info/SOURCES.txt'
running build
running build_py
creating /home/aaa/rokey_c_2_ws/build/serving_robot/build
creating /home/aaa/rokey_c_2_ws/build/serving_robot/build/lib
creating /home/aaa/rokey_c_2_ws/build/serving_robot/build/lib/serving_robot
copying serving_robot/robot.py -> /home/aaa/rokey_c_2_ws/build/serving_robot/build/lib/serving_robot
copying serving_robot/ui_test.py -> /home/aaa/rokey_c_2_ws/build/serving_robot/build/lib/serving_robot
copying serving_robot/action_server_test.py -> /home/aaa/rokey_c_2_ws/build/serving_robot/build/lib/serving_robot
copying serving_robot/Ui.py -> /home/aaa/rokey_c_2_ws/build/serving_robot/build/lib/serving_robot
copying serving_robot/__init__.py -> /home/aaa/rokey_c_2_ws/build/serving_robot/build/lib/serving_robot
copying serving_robot/robot_control.py -> /home/aaa/rokey_c_2_ws/build/serving_robot/build/lib/serving_robot
running install
running install_lib
creating /home/aaa/rokey_c_2_ws/install/serving_robot/lib/python3.10/site-packages/serving_robot
copying /home/aaa/rokey_c_2_ws/build/serving_robot/build/lib/serving_robot/robot.py -> /home/aaa/rokey_c_2_ws/install/serving_robot/lib/python3.10/site-packages/serving_robot
copying /home/aaa/rokey_c_2_ws/build/serving_robot/build/lib/serving_robot/ui_test.py -> /home/aaa/rokey_c_2_ws/install/serving_robot/lib/python3.10/site-packages/serving_robot
copying /home/aaa/rokey_c_2_ws/build/serving_robot/build/lib/serving_robot/action_server_test.py -> /home/aaa/rokey_c_2_ws/install/serving_robot/lib/python3.10/site-packages/serving_robot
copying /home/aaa/rokey_c_2_ws/build/serving_robot/build/lib/serving_robot/Ui.py -> /home/aaa/rokey_c_2_ws/install/serving_robot/lib/python3.10/site-packages/serving_robot
copying /home/aaa/rokey_c_2_ws/build/serving_robot/build/lib/serving_robot/__init__.py -> /home/aaa/rokey_c_2_ws/install/serving_robot/lib/python3.10/site-packages/serving_robot
copying /home/aaa/rokey_c_2_ws/build/serving_robot/build/lib/serving_robot/robot_control.py -> /home/aaa/rokey_c_2_ws/install/serving_robot/lib/python3.10/site-packages/serving_robot
byte-compiling /home/aaa/rokey_c_2_ws/install/serving_robot/lib/python3.10/site-packages/serving_robot/robot.py to robot.cpython-310.pyc
byte-compiling /home/aaa/rokey_c_2_ws/install/serving_robot/lib/python3.10/site-packages/serving_robot/ui_test.py to ui_test.cpython-310.pyc
byte-compiling /home/aaa/rokey_c_2_ws/install/serving_robot/lib/python3.10/site-packages/serving_robot/action_server_test.py to action_server_test.cpython-310.pyc
byte-compiling /home/aaa/rokey_c_2_ws/install/serving_robot/lib/python3.10/site-packages/serving_robot/Ui.py to Ui.cpython-310.pyc
byte-compiling /home/aaa/rokey_c_2_ws/install/serving_robot/lib/python3.10/site-packages/serving_robot/__init__.py to __init__.cpython-310.pyc
byte-compiling /home/aaa/rokey_c_2_ws/install/serving_robot/lib/python3.10/site-packages/serving_robot/robot_control.py to robot_control.cpython-310.pyc
running install_data
creating /home/aaa/rokey_c_2_ws/install/serving_robot/share/ament_index
creating /home/aaa/rokey_c_2_ws/install/serving_robot/share/ament_index/resource_index
creating /home/aaa/rokey_c_2_ws/install/serving_robot/share/ament_index/resource_index/packages
copying resource/serving_robot -> /home/aaa/rokey_c_2_ws/install/serving_robot/share/ament_index/resource_index/packages
copying package.xml -> /home/aaa/rokey_c_2_ws/install/serving_robot/share/serving_robot
running install_egg_info
Copying ../../build/serving_robot/serving_robot.egg-info to /home/aaa/rokey_c_2_ws/install/serving_robot/lib/python3.10/site-packages/serving_robot-0.0.0-py3.10.egg-info
running install_scripts
Installing action_test script to /home/aaa/rokey_c_2_ws/install/serving_robot/lib/serving_robot
Installing robot script to /home/aaa/rokey_c_2_ws/install/serving_robot/lib/serving_robot
Installing serving_robot script to /home/aaa/rokey_c_2_ws/install/serving_robot/lib/serving_robot
writing list of installed files to '/home/aaa/rokey_c_2_ws/build/serving_robot/install.log'
