[0.730s] Invoking command in '/home/aaa/rokey_c_2_ws/src/serving_robot': AMENT_PREFIX_PATH=/home/aaa/rokey_c_2_ws/install/serving_robot_msgs:${AMENT_PREFIX_PATH} CMAKE_PREFIX_PATH=/home/aaa/rokey_c_2_ws/install/serving_robot_msgs:${CMAKE_PREFIX_PATH} LD_LIBRARY_PATH=/home/aaa/rokey_c_2_ws/install/serving_robot_msgs/lib:/home/aaa/serving_robot_ws/install/turtlebot3_msgs/lib:/home/aaa/serving_robot_ws/install/serving_robot_msgs/lib:/home/aaa/serving_robot_ws/install/nav_interfaces/lib:/home/aaa/serving_robot_ws/install/calculator_interfaces/lib:/usr/lib/x86_64-linux-gnu/gazebo-11/plugins:/opt/ros/humble/opt/rviz_ogre_vendor/lib:/opt/ros/humble/lib/x86_64-linux-gnu:/opt/ros/humble/lib:/usr/share/gazebo/../../lib/x86_64-linux-gnu/gazebo-11/plugins:/usr/share/gazebo/../../lib/x86_64-linux-gnu/gazebo-11/plugins:/usr/share/gazebo/../../lib/x86_64-linux-gnu/gazebo-11/plugins PYTHONPATH=/home/aaa/rokey_c_2_ws/build/serving_robot/prefix_override:/usr/lib/python3/dist-packages/colcon_core/task/python/colcon_distutils_commands:/home/aaa/rokey_c_2_ws/install/serving_robot/lib/python3.10/site-packages:/home/aaa/rokey_c_2_ws/install/serving_robot_msgs/local/lib/python3.10/dist-packages:${PYTHONPATH} /usr/bin/python3 -W ignore:setup.py install is deprecated setup.py egg_info --egg-base ../../build/serving_robot build --build-base /home/aaa/rokey_c_2_ws/build/serving_robot/build install --record /home/aaa/rokey_c_2_ws/build/serving_robot/install.log --single-version-externally-managed install_data
[1.012s] running egg_info
[1.013s] creating ../../build/serving_robot/serving_robot.egg-info
[1.013s] writing ../../build/serving_robot/serving_robot.egg-info/PKG-INFO
[1.013s] writing dependency_links to ../../build/serving_robot/serving_robot.egg-info/dependency_links.txt
[1.013s] writing entry points to ../../build/serving_robot/serving_robot.egg-info/entry_points.txt
[1.013s] writing requirements to ../../build/serving_robot/serving_robot.egg-info/requires.txt
[1.013s] writing top-level names to ../../build/serving_robot/serving_robot.egg-info/top_level.txt
[1.014s] writing manifest file '../../build/serving_robot/serving_robot.egg-info/SOURCES.txt'
[1.015s] reading manifest file '../../build/serving_robot/serving_robot.egg-info/SOURCES.txt'
[1.016s] writing manifest file '../../build/serving_robot/serving_robot.egg-info/SOURCES.txt'
[1.016s] running build
[1.016s] running build_py
[1.016s] creating /home/aaa/rokey_c_2_ws/build/serving_robot/build
[1.016s] creating /home/aaa/rokey_c_2_ws/build/serving_robot/build/lib
[1.017s] creating /home/aaa/rokey_c_2_ws/build/serving_robot/build/lib/serving_robot
[1.017s] copying serving_robot/robot.py -> /home/aaa/rokey_c_2_ws/build/serving_robot/build/lib/serving_robot
[1.026s] copying serving_robot/ui_test.py -> /home/aaa/rokey_c_2_ws/build/serving_robot/build/lib/serving_robot
[1.026s] copying serving_robot/action_server_test.py -> /home/aaa/rokey_c_2_ws/build/serving_robot/build/lib/serving_robot
[1.026s] copying serving_robot/Ui.py -> /home/aaa/rokey_c_2_ws/build/serving_robot/build/lib/serving_robot
[1.026s] copying serving_robot/__init__.py -> /home/aaa/rokey_c_2_ws/build/serving_robot/build/lib/serving_robot
[1.027s] copying serving_robot/robot_control.py -> /home/aaa/rokey_c_2_ws/build/serving_robot/build/lib/serving_robot
[1.027s] running install
[1.028s] running install_lib
[1.030s] creating /home/aaa/rokey_c_2_ws/install/serving_robot/lib/python3.10/site-packages/serving_robot
[1.030s] copying /home/aaa/rokey_c_2_ws/build/serving_robot/build/lib/serving_robot/robot.py -> /home/aaa/rokey_c_2_ws/install/serving_robot/lib/python3.10/site-packages/serving_robot
[1.030s] copying /home/aaa/rokey_c_2_ws/build/serving_robot/build/lib/serving_robot/ui_test.py -> /home/aaa/rokey_c_2_ws/install/serving_robot/lib/python3.10/site-packages/serving_robot
[1.031s] copying /home/aaa/rokey_c_2_ws/build/serving_robot/build/lib/serving_robot/action_server_test.py -> /home/aaa/rokey_c_2_ws/install/serving_robot/lib/python3.10/site-packages/serving_robot
[1.031s] copying /home/aaa/rokey_c_2_ws/build/serving_robot/build/lib/serving_robot/Ui.py -> /home/aaa/rokey_c_2_ws/install/serving_robot/lib/python3.10/site-packages/serving_robot
[1.031s] copying /home/aaa/rokey_c_2_ws/build/serving_robot/build/lib/serving_robot/__init__.py -> /home/aaa/rokey_c_2_ws/install/serving_robot/lib/python3.10/site-packages/serving_robot
[1.031s] copying /home/aaa/rokey_c_2_ws/build/serving_robot/build/lib/serving_robot/robot_control.py -> /home/aaa/rokey_c_2_ws/install/serving_robot/lib/python3.10/site-packages/serving_robot
[1.031s] byte-compiling /home/aaa/rokey_c_2_ws/install/serving_robot/lib/python3.10/site-packages/serving_robot/robot.py to robot.cpython-310.pyc
[1.034s] byte-compiling /home/aaa/rokey_c_2_ws/install/serving_robot/lib/python3.10/site-packages/serving_robot/ui_test.py to ui_test.cpython-310.pyc
[1.034s] byte-compiling /home/aaa/rokey_c_2_ws/install/serving_robot/lib/python3.10/site-packages/serving_robot/action_server_test.py to action_server_test.cpython-310.pyc
[1.034s] byte-compiling /home/aaa/rokey_c_2_ws/install/serving_robot/lib/python3.10/site-packages/serving_robot/Ui.py to Ui.cpython-310.pyc
[1.035s] byte-compiling /home/aaa/rokey_c_2_ws/install/serving_robot/lib/python3.10/site-packages/serving_robot/__init__.py to __init__.cpython-310.pyc
[1.036s] byte-compiling /home/aaa/rokey_c_2_ws/install/serving_robot/lib/python3.10/site-packages/serving_robot/robot_control.py to robot_control.cpython-310.pyc
[1.036s] running install_data
[1.036s] creating /home/aaa/rokey_c_2_ws/install/serving_robot/share/ament_index
[1.036s] creating /home/aaa/rokey_c_2_ws/install/serving_robot/share/ament_index/resource_index
[1.036s] creating /home/aaa/rokey_c_2_ws/install/serving_robot/share/ament_index/resource_index/packages
[1.036s] copying resource/serving_robot -> /home/aaa/rokey_c_2_ws/install/serving_robot/share/ament_index/resource_index/packages
[1.036s] copying package.xml -> /home/aaa/rokey_c_2_ws/install/serving_robot/share/serving_robot
[1.037s] running install_egg_info
[1.038s] Copying ../../build/serving_robot/serving_robot.egg-info to /home/aaa/rokey_c_2_ws/install/serving_robot/lib/python3.10/site-packages/serving_robot-0.0.0-py3.10.egg-info
[1.039s] running install_scripts
[1.057s] Installing action_test script to /home/aaa/rokey_c_2_ws/install/serving_robot/lib/serving_robot
[1.058s] Installing robot script to /home/aaa/rokey_c_2_ws/install/serving_robot/lib/serving_robot
[1.058s] Installing serving_robot script to /home/aaa/rokey_c_2_ws/install/serving_robot/lib/serving_robot
[1.058s] writing list of installed files to '/home/aaa/rokey_c_2_ws/build/serving_robot/install.log'
[1.080s] Invoked command in '/home/aaa/rokey_c_2_ws/src/serving_robot' returned '0': AMENT_PREFIX_PATH=/home/aaa/rokey_c_2_ws/install/serving_robot_msgs:${AMENT_PREFIX_PATH} CMAKE_PREFIX_PATH=/home/aaa/rokey_c_2_ws/install/serving_robot_msgs:${CMAKE_PREFIX_PATH} LD_LIBRARY_PATH=/home/aaa/rokey_c_2_ws/install/serving_robot_msgs/lib:/home/aaa/serving_robot_ws/install/turtlebot3_msgs/lib:/home/aaa/serving_robot_ws/install/serving_robot_msgs/lib:/home/aaa/serving_robot_ws/install/nav_interfaces/lib:/home/aaa/serving_robot_ws/install/calculator_interfaces/lib:/usr/lib/x86_64-linux-gnu/gazebo-11/plugins:/opt/ros/humble/opt/rviz_ogre_vendor/lib:/opt/ros/humble/lib/x86_64-linux-gnu:/opt/ros/humble/lib:/usr/share/gazebo/../../lib/x86_64-linux-gnu/gazebo-11/plugins:/usr/share/gazebo/../../lib/x86_64-linux-gnu/gazebo-11/plugins:/usr/share/gazebo/../../lib/x86_64-linux-gnu/gazebo-11/plugins PYTHONPATH=/home/aaa/rokey_c_2_ws/build/serving_robot/prefix_override:/usr/lib/python3/dist-packages/colcon_core/task/python/colcon_distutils_commands:/home/aaa/rokey_c_2_ws/install/serving_robot/lib/python3.10/site-packages:/home/aaa/rokey_c_2_ws/install/serving_robot_msgs/local/lib/python3.10/dist-packages:${PYTHONPATH} /usr/bin/python3 -W ignore:setup.py install is deprecated setup.py egg_info --egg-base ../../build/serving_robot build --build-base /home/aaa/rokey_c_2_ws/build/serving_robot/build install --record /home/aaa/rokey_c_2_ws/build/serving_robot/install.log --single-version-externally-managed install_data
