[0.058s] Invoking command in '/home/g1/rokey_c_2_ws/build/serving_robot_msgs': CMAKE_PREFIX_PATH=${CMAKE_PREFIX_PATH}:/home/g1/rokey_c_2_ws/install/turtlebot3_gui:/home/g1/rokey_c_2_ws/install/table_order:/home/g1/rokey_c_2_ws/install/serving_robot:/home/g1/rokey_c_2_ws/install/database:/home/g1/work/turtlebot3_ws/install/turtlebot3_teleop:/home/g1/work/turtlebot3_ws/install/turtlebot3_example:/opt/ros/humble /usr/bin/cmake --build /home/g1/rokey_c_2_ws/build/serving_robot_msgs -- -j8 -l8
[0.605s] [ 10%] Built target serving_robot_msgs__rosidl_generator_c
[0.605s] [ 12%] Built target serving_robot_msgs__cpp
[0.605s] [ 12%] Built target ament_cmake_python_symlink_serving_robot_msgs
[0.606s] [ 23%] Built target serving_robot_msgs__rosidl_typesupport_c
[0.606s] [ 34%] Built target serving_robot_msgs__rosidl_typesupport_fastrtps_c
[0.606s] [ 45%] Built target serving_robot_msgs__rosidl_typesupport_introspection_cpp
[0.606s] [ 56%] Built target serving_robot_msgs__rosidl_typesupport_fastrtps_cpp
[0.606s] [ 67%] Built target serving_robot_msgs__rosidl_typesupport_cpp
[0.606s] [ 78%] Built target serving_robot_msgs__rosidl_typesupport_introspection_c
[0.606s] [ 78%] Built target serving_robot_msgs
[0.607s] [ 80%] Built target serving_robot_msgs__py
[0.608s] [ 89%] Built target serving_robot_msgs__rosidl_generator_py
[0.608s] [ 96%] Built target serving_robot_msgs__rosidl_typesupport_c__pyext
[0.612s] [ 94%] Built target serving_robot_msgs__rosidl_typesupport_introspection_c__pyext
[0.612s] [100%] Built target serving_robot_msgs__rosidl_typesupport_fastrtps_c__pyext
[0.626s] running egg_info
[0.627s] writing serving_robot_msgs.egg-info/PKG-INFO
[0.627s] writing dependency_links to serving_robot_msgs.egg-info/dependency_links.txt
[0.628s] writing top-level names to serving_robot_msgs.egg-info/top_level.txt
[0.631s] reading manifest file 'serving_robot_msgs.egg-info/SOURCES.txt'
[0.632s] writing manifest file 'serving_robot_msgs.egg-info/SOURCES.txt'
[0.668s] [100%] Built target ament_cmake_python_build_serving_robot_msgs_egg
[1.000s] Invoked command in '/home/g1/rokey_c_2_ws/build/serving_robot_msgs' returned '0': CMAKE_PREFIX_PATH=${CMAKE_PREFIX_PATH}:/home/g1/rokey_c_2_ws/install/turtlebot3_gui:/home/g1/rokey_c_2_ws/install/table_order:/home/g1/rokey_c_2_ws/install/serving_robot:/home/g1/rokey_c_2_ws/install/database:/home/g1/work/turtlebot3_ws/install/turtlebot3_teleop:/home/g1/work/turtlebot3_ws/install/turtlebot3_example:/opt/ros/humble /usr/bin/cmake --build /home/g1/rokey_c_2_ws/build/serving_robot_msgs -- -j8 -l8
[1.105s] Invoking command in '/home/g1/rokey_c_2_ws/build/serving_robot_msgs': CMAKE_PREFIX_PATH=${CMAKE_PREFIX_PATH}:/home/g1/rokey_c_2_ws/install/turtlebot3_gui:/home/g1/rokey_c_2_ws/install/table_order:/home/g1/rokey_c_2_ws/install/serving_robot:/home/g1/rokey_c_2_ws/install/database:/home/g1/work/turtlebot3_ws/install/turtlebot3_teleop:/home/g1/work/turtlebot3_ws/install/turtlebot3_example:/opt/ros/humble /usr/bin/cmake --install /home/g1/rokey_c_2_ws/build/serving_robot_msgs
[1.114s] -- Install configuration: ""
[1.115s] -- Execute custom install script
[1.115s] -- Up-to-date symlink: /home/g1/rokey_c_2_ws/install/serving_robot_msgs/share/ament_index/resource_index/rosidl_interfaces/serving_robot_msgs
[1.116s] -- Up-to-date symlink: /home/g1/rokey_c_2_ws/install/serving_robot_msgs/include/serving_robot_msgs/serving_robot_msgs/action/c2_r.h
[1.116s] -- Up-to-date symlink: /home/g1/rokey_c_2_ws/install/serving_robot_msgs/include/serving_robot_msgs/serving_robot_msgs/action/detail/c2_r__functions.h
[1.117s] -- Up-to-date symlink: /home/g1/rokey_c_2_ws/install/serving_robot_msgs/include/serving_robot_msgs/serving_robot_msgs/action/detail/c2_r__struct.h
[1.117s] -- Up-to-date symlink: /home/g1/rokey_c_2_ws/install/serving_robot_msgs/include/serving_robot_msgs/serving_robot_msgs/action/detail/c2_r__type_support.h
[1.117s] -- Up-to-date symlink: /home/g1/rokey_c_2_ws/install/serving_robot_msgs/include/serving_robot_msgs/serving_robot_msgs/msg/detail/robot_state__functions.h
[1.117s] -- Up-to-date symlink: /home/g1/rokey_c_2_ws/install/serving_robot_msgs/include/serving_robot_msgs/serving_robot_msgs/msg/detail/robot_state__struct.h
[1.117s] -- Up-to-date symlink: /home/g1/rokey_c_2_ws/install/serving_robot_msgs/include/serving_robot_msgs/serving_robot_msgs/msg/detail/robot_state__type_support.h
[1.117s] -- Up-to-date symlink: /home/g1/rokey_c_2_ws/install/serving_robot_msgs/include/serving_robot_msgs/serving_robot_msgs/msg/detail/total_price2_c__functions.h
[1.117s] -- Up-to-date symlink: /home/g1/rokey_c_2_ws/install/serving_robot_msgs/include/serving_robot_msgs/serving_robot_msgs/msg/detail/total_price2_c__struct.h
[1.118s] -- Up-to-date symlink: /home/g1/rokey_c_2_ws/install/serving_robot_msgs/include/serving_robot_msgs/serving_robot_msgs/msg/detail/total_price2_c__type_support.h
[1.118s] -- Up-to-date symlink: /home/g1/rokey_c_2_ws/install/serving_robot_msgs/include/serving_robot_msgs/serving_robot_msgs/msg/robot_state.h
[1.118s] -- Up-to-date symlink: /home/g1/rokey_c_2_ws/install/serving_robot_msgs/include/serving_robot_msgs/serving_robot_msgs/msg/rosidl_generator_c__visibility_control.h
[1.118s] -- Up-to-date symlink: /home/g1/rokey_c_2_ws/install/serving_robot_msgs/include/serving_robot_msgs/serving_robot_msgs/msg/total_price2_c.h
[1.118s] -- Up-to-date symlink: /home/g1/rokey_c_2_ws/install/serving_robot_msgs/include/serving_robot_msgs/serving_robot_msgs/srv/detail/t2_c__functions.h
[1.118s] -- Up-to-date symlink: /home/g1/rokey_c_2_ws/install/serving_robot_msgs/include/serving_robot_msgs/serving_robot_msgs/srv/detail/t2_c__struct.h
[1.118s] -- Up-to-date symlink: /home/g1/rokey_c_2_ws/install/serving_robot_msgs/include/serving_robot_msgs/serving_robot_msgs/srv/detail/t2_c__type_support.h
[1.119s] -- Up-to-date symlink: /home/g1/rokey_c_2_ws/install/serving_robot_msgs/include/serving_robot_msgs/serving_robot_msgs/srv/t2_c.h
[1.119s] -- Up-to-date symlink: /home/g1/rokey_c_2_ws/install/serving_robot_msgs/share/serving_robot_msgs/environment/library_path.sh
[1.119s] -- Up-to-date symlink: /home/g1/rokey_c_2_ws/install/serving_robot_msgs/share/serving_robot_msgs/environment/library_path.dsv
[1.120s] -- Up-to-date symlink: /home/g1/rokey_c_2_ws/install/serving_robot_msgs/include/serving_robot_msgs/serving_robot_msgs/action/detail/c2_r__rosidl_typesupport_fastrtps_c.h
[1.120s] -- Up-to-date symlink: /home/g1/rokey_c_2_ws/install/serving_robot_msgs/include/serving_robot_msgs/serving_robot_msgs/msg/detail/robot_state__rosidl_typesupport_fastrtps_c.h
[1.120s] -- Up-to-date symlink: /home/g1/rokey_c_2_ws/install/serving_robot_msgs/include/serving_robot_msgs/serving_robot_msgs/msg/detail/total_price2_c__rosidl_typesupport_fastrtps_c.h
[1.120s] -- Up-to-date symlink: /home/g1/rokey_c_2_ws/install/serving_robot_msgs/include/serving_robot_msgs/serving_robot_msgs/msg/rosidl_typesupport_fastrtps_c__visibility_control.h
[1.121s] -- Up-to-date symlink: /home/g1/rokey_c_2_ws/install/serving_robot_msgs/include/serving_robot_msgs/serving_robot_msgs/srv/detail/t2_c__rosidl_typesupport_fastrtps_c.h
[1.121s] -- Up-to-date symlink: /home/g1/rokey_c_2_ws/install/serving_robot_msgs/include/serving_robot_msgs/serving_robot_msgs/action/c2_r.hpp
[1.121s] -- Up-to-date symlink: /home/g1/rokey_c_2_ws/install/serving_robot_msgs/include/serving_robot_msgs/serving_robot_msgs/action/detail/c2_r__builder.hpp
[1.121s] -- Up-to-date symlink: /home/g1/rokey_c_2_ws/install/serving_robot_msgs/include/serving_robot_msgs/serving_robot_msgs/action/detail/c2_r__struct.hpp
[1.122s] -- Up-to-date symlink: /home/g1/rokey_c_2_ws/install/serving_robot_msgs/include/serving_robot_msgs/serving_robot_msgs/action/detail/c2_r__traits.hpp
[1.122s] -- Up-to-date symlink: /home/g1/rokey_c_2_ws/install/serving_robot_msgs/include/serving_robot_msgs/serving_robot_msgs/msg/detail/robot_state__builder.hpp
[1.122s] -- Up-to-date symlink: /home/g1/rokey_c_2_ws/install/serving_robot_msgs/include/serving_robot_msgs/serving_robot_msgs/msg/detail/robot_state__struct.hpp
[1.122s] -- Up-to-date symlink: /home/g1/rokey_c_2_ws/install/serving_robot_msgs/include/serving_robot_msgs/serving_robot_msgs/msg/detail/robot_state__traits.hpp
[1.122s] -- Up-to-date symlink: /home/g1/rokey_c_2_ws/install/serving_robot_msgs/include/serving_robot_msgs/serving_robot_msgs/msg/detail/total_price2_c__builder.hpp
[1.122s] -- Up-to-date symlink: /home/g1/rokey_c_2_ws/install/serving_robot_msgs/include/serving_robot_msgs/serving_robot_msgs/msg/detail/total_price2_c__struct.hpp
[1.123s] -- Up-to-date symlink: /home/g1/rokey_c_2_ws/install/serving_robot_msgs/include/serving_robot_msgs/serving_robot_msgs/msg/detail/total_price2_c__traits.hpp
[1.123s] -- Up-to-date symlink: /home/g1/rokey_c_2_ws/install/serving_robot_msgs/include/serving_robot_msgs/serving_robot_msgs/msg/robot_state.hpp
[1.123s] -- Up-to-date symlink: /home/g1/rokey_c_2_ws/install/serving_robot_msgs/include/serving_robot_msgs/serving_robot_msgs/msg/total_price2_c.hpp
[1.123s] -- Up-to-date symlink: /home/g1/rokey_c_2_ws/install/serving_robot_msgs/include/serving_robot_msgs/serving_robot_msgs/srv/detail/t2_c__builder.hpp
[1.123s] -- Up-to-date symlink: /home/g1/rokey_c_2_ws/install/serving_robot_msgs/include/serving_robot_msgs/serving_robot_msgs/srv/detail/t2_c__struct.hpp
[1.125s] -- Up-to-date symlink: /home/g1/rokey_c_2_ws/install/serving_robot_msgs/include/serving_robot_msgs/serving_robot_msgs/srv/detail/t2_c__traits.hpp
[1.125s] -- Up-to-date symlink: /home/g1/rokey_c_2_ws/install/serving_robot_msgs/include/serving_robot_msgs/serving_robot_msgs/srv/t2_c.hpp
[1.125s] -- Up-to-date symlink: /home/g1/rokey_c_2_ws/install/serving_robot_msgs/include/serving_robot_msgs/serving_robot_msgs/action/detail/c2_r__rosidl_typesupport_fastrtps_cpp.hpp
[1.125s] -- Up-to-date symlink: /home/g1/rokey_c_2_ws/install/serving_robot_msgs/include/serving_robot_msgs/serving_robot_msgs/msg/detail/robot_state__rosidl_typesupport_fastrtps_cpp.hpp
[1.125s] -- Up-to-date symlink: /home/g1/rokey_c_2_ws/install/serving_robot_msgs/include/serving_robot_msgs/serving_robot_msgs/msg/detail/total_price2_c__rosidl_typesupport_fastrtps_cpp.hpp
[1.125s] -- Up-to-date symlink: /home/g1/rokey_c_2_ws/install/serving_robot_msgs/include/serving_robot_msgs/serving_robot_msgs/msg/rosidl_typesupport_fastrtps_cpp__visibility_control.h
[1.126s] -- Up-to-date symlink: /home/g1/rokey_c_2_ws/install/serving_robot_msgs/include/serving_robot_msgs/serving_robot_msgs/srv/detail/t2_c__rosidl_typesupport_fastrtps_cpp.hpp
[1.126s] -- Up-to-date symlink: /home/g1/rokey_c_2_ws/install/serving_robot_msgs/include/serving_robot_msgs/serving_robot_msgs/action/detail/c2_r__rosidl_typesupport_introspection_c.h
[1.126s] -- Up-to-date symlink: /home/g1/rokey_c_2_ws/install/serving_robot_msgs/include/serving_robot_msgs/serving_robot_msgs/msg/detail/robot_state__rosidl_typesupport_introspection_c.h
[1.126s] -- Up-to-date symlink: /home/g1/rokey_c_2_ws/install/serving_robot_msgs/include/serving_robot_msgs/serving_robot_msgs/msg/detail/total_price2_c__rosidl_typesupport_introspection_c.h
[1.126s] -- Up-to-date symlink: /home/g1/rokey_c_2_ws/install/serving_robot_msgs/include/serving_robot_msgs/serving_robot_msgs/msg/rosidl_typesupport_introspection_c__visibility_control.h
[1.127s] -- Up-to-date symlink: /home/g1/rokey_c_2_ws/install/serving_robot_msgs/include/serving_robot_msgs/serving_robot_msgs/srv/detail/t2_c__rosidl_typesupport_introspection_c.h
[1.127s] -- Up-to-date symlink: /home/g1/rokey_c_2_ws/install/serving_robot_msgs/include/serving_robot_msgs/serving_robot_msgs/action/detail/c2_r__rosidl_typesupport_introspection_cpp.hpp
[1.127s] -- Up-to-date symlink: /home/g1/rokey_c_2_ws/install/serving_robot_msgs/include/serving_robot_msgs/serving_robot_msgs/msg/detail/robot_state__rosidl_typesupport_introspection_cpp.hpp
[1.127s] -- Up-to-date symlink: /home/g1/rokey_c_2_ws/install/serving_robot_msgs/include/serving_robot_msgs/serving_robot_msgs/msg/detail/total_price2_c__rosidl_typesupport_introspection_cpp.hpp
[1.127s] -- Up-to-date symlink: /home/g1/rokey_c_2_ws/install/serving_robot_msgs/include/serving_robot_msgs/serving_robot_msgs/srv/detail/t2_c__rosidl_typesupport_introspection_cpp.hpp
[1.127s] -- Up-to-date symlink: /home/g1/rokey_c_2_ws/install/serving_robot_msgs/share/serving_robot_msgs/environment/pythonpath.sh
[1.129s] -- Up-to-date symlink: /home/g1/rokey_c_2_ws/install/serving_robot_msgs/share/serving_robot_msgs/environment/pythonpath.dsv
[1.130s] -- Up-to-date symlink: /home/g1/rokey_c_2_ws/install/serving_robot_msgs/local/lib/python3.10/dist-packages/serving_robot_msgs-0.0.0-py3.10.egg-info/PKG-INFO
[1.130s] -- Up-to-date symlink: /home/g1/rokey_c_2_ws/install/serving_robot_msgs/local/lib/python3.10/dist-packages/serving_robot_msgs-0.0.0-py3.10.egg-info/SOURCES.txt
[1.130s] -- Up-to-date symlink: /home/g1/rokey_c_2_ws/install/serving_robot_msgs/local/lib/python3.10/dist-packages/serving_robot_msgs-0.0.0-py3.10.egg-info/dependency_links.txt
[1.130s] -- Up-to-date symlink: /home/g1/rokey_c_2_ws/install/serving_robot_msgs/local/lib/python3.10/dist-packages/serving_robot_msgs-0.0.0-py3.10.egg-info/top_level.txt
[1.130s] -- Up-to-date symlink: /home/g1/rokey_c_2_ws/install/serving_robot_msgs/local/lib/python3.10/dist-packages/serving_robot_msgs/__init__.py
[1.130s] -- Up-to-date symlink: /home/g1/rokey_c_2_ws/install/serving_robot_msgs/local/lib/python3.10/dist-packages/serving_robot_msgs/_serving_robot_msgs_s.ep.rosidl_typesupport_c.c
[1.130s] -- Up-to-date symlink: /home/g1/rokey_c_2_ws/install/serving_robot_msgs/local/lib/python3.10/dist-packages/serving_robot_msgs/_serving_robot_msgs_s.ep.rosidl_typesupport_fastrtps_c.c
[1.130s] -- Up-to-date symlink: /home/g1/rokey_c_2_ws/install/serving_robot_msgs/local/lib/python3.10/dist-packages/serving_robot_msgs/_serving_robot_msgs_s.ep.rosidl_typesupport_introspection_c.c
[1.130s] -- Up-to-date symlink: /home/g1/rokey_c_2_ws/install/serving_robot_msgs/local/lib/python3.10/dist-packages/serving_robot_msgs/action/__init__.py
[1.131s] -- Up-to-date symlink: /home/g1/rokey_c_2_ws/install/serving_robot_msgs/local/lib/python3.10/dist-packages/serving_robot_msgs/action/_c2_r.py
[1.131s] -- Up-to-date symlink: /home/g1/rokey_c_2_ws/install/serving_robot_msgs/local/lib/python3.10/dist-packages/serving_robot_msgs/action/_c2_r_s.c
[1.131s] -- Up-to-date symlink: /home/g1/rokey_c_2_ws/install/serving_robot_msgs/local/lib/python3.10/dist-packages/serving_robot_msgs/libserving_robot_msgs__rosidl_generator_py.so
[1.131s] -- Up-to-date symlink: /home/g1/rokey_c_2_ws/install/serving_robot_msgs/local/lib/python3.10/dist-packages/serving_robot_msgs/msg/__init__.py
[1.131s] -- Up-to-date symlink: /home/g1/rokey_c_2_ws/install/serving_robot_msgs/local/lib/python3.10/dist-packages/serving_robot_msgs/msg/_robot_state.py
[1.131s] -- Up-to-date symlink: /home/g1/rokey_c_2_ws/install/serving_robot_msgs/local/lib/python3.10/dist-packages/serving_robot_msgs/msg/_robot_state_s.c
[1.131s] -- Up-to-date symlink: /home/g1/rokey_c_2_ws/install/serving_robot_msgs/local/lib/python3.10/dist-packages/serving_robot_msgs/msg/_total_price2_c.py
[1.131s] -- Up-to-date symlink: /home/g1/rokey_c_2_ws/install/serving_robot_msgs/local/lib/python3.10/dist-packages/serving_robot_msgs/msg/_total_price2_c_s.c
[1.131s] -- Up-to-date symlink: /home/g1/rokey_c_2_ws/install/serving_robot_msgs/local/lib/python3.10/dist-packages/serving_robot_msgs/serving_robot_msgs_s__rosidl_typesupport_c.cpython-310-x86_64-linux-gnu.so
[1.132s] -- Up-to-date symlink: /home/g1/rokey_c_2_ws/install/serving_robot_msgs/local/lib/python3.10/dist-packages/serving_robot_msgs/serving_robot_msgs_s__rosidl_typesupport_fastrtps_c.cpython-310-x86_64-linux-gnu.so
[1.132s] -- Up-to-date symlink: /home/g1/rokey_c_2_ws/install/serving_robot_msgs/local/lib/python3.10/dist-packages/serving_robot_msgs/serving_robot_msgs_s__rosidl_typesupport_introspection_c.cpython-310-x86_64-linux-gnu.so
[1.132s] -- Up-to-date symlink: /home/g1/rokey_c_2_ws/install/serving_robot_msgs/local/lib/python3.10/dist-packages/serving_robot_msgs/srv/__init__.py
[1.132s] -- Up-to-date symlink: /home/g1/rokey_c_2_ws/install/serving_robot_msgs/local/lib/python3.10/dist-packages/serving_robot_msgs/srv/_t2_c.py
[1.132s] -- Up-to-date symlink: /home/g1/rokey_c_2_ws/install/serving_robot_msgs/local/lib/python3.10/dist-packages/serving_robot_msgs/srv/_t2_c_s.c
[1.132s] -- Up-to-date symlink: /home/g1/rokey_c_2_ws/install/serving_robot_msgs/local/lib/python3.10/dist-packages/serving_robot_msgs/serving_robot_msgs_s__rosidl_typesupport_fastrtps_c.cpython-310-x86_64-linux-gnu.so
[1.132s] -- Up-to-date symlink: /home/g1/rokey_c_2_ws/install/serving_robot_msgs/local/lib/python3.10/dist-packages/serving_robot_msgs/serving_robot_msgs_s__rosidl_typesupport_introspection_c.cpython-310-x86_64-linux-gnu.so
[1.132s] -- Up-to-date symlink: /home/g1/rokey_c_2_ws/install/serving_robot_msgs/local/lib/python3.10/dist-packages/serving_robot_msgs/serving_robot_msgs_s__rosidl_typesupport_c.cpython-310-x86_64-linux-gnu.so
[1.132s] -- Up-to-date symlink: /home/g1/rokey_c_2_ws/install/serving_robot_msgs/share/serving_robot_msgs/msg/RobotState.idl
[1.133s] -- Up-to-date symlink: /home/g1/rokey_c_2_ws/install/serving_robot_msgs/share/serving_robot_msgs/msg/TotalPrice2C.idl
[1.133s] -- Up-to-date symlink: /home/g1/rokey_c_2_ws/install/serving_robot_msgs/share/serving_robot_msgs/srv/T2C.idl
[1.133s] -- Up-to-date symlink: /home/g1/rokey_c_2_ws/install/serving_robot_msgs/share/serving_robot_msgs/action/C2R.idl
[1.133s] -- Up-to-date symlink: /home/g1/rokey_c_2_ws/install/serving_robot_msgs/share/serving_robot_msgs/msg/RobotState.msg
[1.133s] -- Up-to-date symlink: /home/g1/rokey_c_2_ws/install/serving_robot_msgs/share/serving_robot_msgs/msg/TotalPrice2C.msg
[1.134s] -- Up-to-date symlink: /home/g1/rokey_c_2_ws/install/serving_robot_msgs/share/serving_robot_msgs/srv/T2C.srv
[1.134s] -- Up-to-date symlink: /home/g1/rokey_c_2_ws/install/serving_robot_msgs/share/serving_robot_msgs/srv/T2C_Request.msg
[1.134s] -- Up-to-date symlink: /home/g1/rokey_c_2_ws/install/serving_robot_msgs/share/serving_robot_msgs/srv/T2C_Response.msg
[1.134s] -- Up-to-date symlink: /home/g1/rokey_c_2_ws/install/serving_robot_msgs/share/serving_robot_msgs/action/C2R.action
[1.134s] -- Up-to-date symlink: /home/g1/rokey_c_2_ws/install/serving_robot_msgs/share/ament_index/resource_index/package_run_dependencies/serving_robot_msgs
[1.135s] -- Up-to-date symlink: /home/g1/rokey_c_2_ws/install/serving_robot_msgs/share/ament_index/resource_index/parent_prefix_path/serving_robot_msgs
[1.135s] -- Up-to-date symlink: /home/g1/rokey_c_2_ws/install/serving_robot_msgs/share/serving_robot_msgs/environment/ament_prefix_path.sh
[1.135s] -- Up-to-date symlink: /home/g1/rokey_c_2_ws/install/serving_robot_msgs/share/serving_robot_msgs/environment/ament_prefix_path.dsv
[1.135s] -- Up-to-date symlink: /home/g1/rokey_c_2_ws/install/serving_robot_msgs/share/serving_robot_msgs/environment/path.sh
[1.135s] -- Up-to-date symlink: /home/g1/rokey_c_2_ws/install/serving_robot_msgs/share/serving_robot_msgs/environment/path.dsv
[1.136s] -- Up-to-date symlink: /home/g1/rokey_c_2_ws/install/serving_robot_msgs/share/serving_robot_msgs/local_setup.bash
[1.136s] -- Up-to-date symlink: /home/g1/rokey_c_2_ws/install/serving_robot_msgs/share/serving_robot_msgs/local_setup.sh
[1.136s] -- Up-to-date symlink: /home/g1/rokey_c_2_ws/install/serving_robot_msgs/share/serving_robot_msgs/local_setup.zsh
[1.137s] -- Up-to-date symlink: /home/g1/rokey_c_2_ws/install/serving_robot_msgs/share/serving_robot_msgs/local_setup.dsv
[1.137s] -- Symlinking: /home/g1/rokey_c_2_ws/install/serving_robot_msgs/share/serving_robot_msgs/package.dsv
[1.147s] -- Up-to-date symlink: /home/g1/rokey_c_2_ws/install/serving_robot_msgs/share/ament_index/resource_index/packages/serving_robot_msgs
[1.147s] -- Up-to-date symlink: /home/g1/rokey_c_2_ws/install/serving_robot_msgs/share/serving_robot_msgs/cmake/rosidl_cmake-extras.cmake
[1.147s] -- Up-to-date symlink: /home/g1/rokey_c_2_ws/install/serving_robot_msgs/share/serving_robot_msgs/cmake/ament_cmake_export_dependencies-extras.cmake
[1.148s] -- Up-to-date symlink: /home/g1/rokey_c_2_ws/install/serving_robot_msgs/share/serving_robot_msgs/cmake/ament_cmake_export_include_directories-extras.cmake
[1.148s] -- Up-to-date symlink: /home/g1/rokey_c_2_ws/install/serving_robot_msgs/share/serving_robot_msgs/cmake/ament_cmake_export_libraries-extras.cmake
[1.148s] -- Up-to-date symlink: /home/g1/rokey_c_2_ws/install/serving_robot_msgs/share/serving_robot_msgs/cmake/ament_cmake_export_targets-extras.cmake
[1.148s] -- Up-to-date symlink: /home/g1/rokey_c_2_ws/install/serving_robot_msgs/share/serving_robot_msgs/cmake/rosidl_cmake_export_typesupport_targets-extras.cmake
[1.149s] -- Up-to-date symlink: /home/g1/rokey_c_2_ws/install/serving_robot_msgs/share/serving_robot_msgs/cmake/rosidl_cmake_export_typesupport_libraries-extras.cmake
[1.149s] -- Up-to-date symlink: /home/g1/rokey_c_2_ws/install/serving_robot_msgs/share/serving_robot_msgs/cmake/serving_robot_msgsConfig.cmake
[1.149s] -- Up-to-date symlink: /home/g1/rokey_c_2_ws/install/serving_robot_msgs/share/serving_robot_msgs/cmake/serving_robot_msgsConfig-version.cmake
[1.149s] -- Up-to-date symlink: /home/g1/rokey_c_2_ws/install/serving_robot_msgs/share/serving_robot_msgs/package.xml
[1.149s] -- Up-to-date: /home/g1/rokey_c_2_ws/install/serving_robot_msgs/lib/libserving_robot_msgs__rosidl_generator_c.so
[1.150s] -- Up-to-date: /home/g1/rokey_c_2_ws/install/serving_robot_msgs/lib/libserving_robot_msgs__rosidl_typesupport_fastrtps_c.so
[1.151s] -- Up-to-date: /home/g1/rokey_c_2_ws/install/serving_robot_msgs/lib/libserving_robot_msgs__rosidl_typesupport_fastrtps_cpp.so
[1.151s] -- Up-to-date: /home/g1/rokey_c_2_ws/install/serving_robot_msgs/lib/libserving_robot_msgs__rosidl_typesupport_introspection_c.so
[1.151s] -- Up-to-date: /home/g1/rokey_c_2_ws/install/serving_robot_msgs/lib/libserving_robot_msgs__rosidl_typesupport_c.so
[1.151s] -- Up-to-date: /home/g1/rokey_c_2_ws/install/serving_robot_msgs/lib/libserving_robot_msgs__rosidl_typesupport_introspection_cpp.so
[1.151s] -- Up-to-date: /home/g1/rokey_c_2_ws/install/serving_robot_msgs/lib/libserving_robot_msgs__rosidl_typesupport_cpp.so
[1.200s] Listing '/home/g1/rokey_c_2_ws/install/serving_robot_msgs/local/lib/python3.10/dist-packages/serving_robot_msgs'...
[1.200s] Listing '/home/g1/rokey_c_2_ws/install/serving_robot_msgs/local/lib/python3.10/dist-packages/serving_robot_msgs/action'...
[1.200s] Listing '/home/g1/rokey_c_2_ws/install/serving_robot_msgs/local/lib/python3.10/dist-packages/serving_robot_msgs/msg'...
[1.200s] Listing '/home/g1/rokey_c_2_ws/install/serving_robot_msgs/local/lib/python3.10/dist-packages/serving_robot_msgs/srv'...
[1.206s] -- Up-to-date: /home/g1/rokey_c_2_ws/install/serving_robot_msgs/lib/libserving_robot_msgs__rosidl_generator_py.so
[1.207s] -- Up-to-date: /home/g1/rokey_c_2_ws/install/serving_robot_msgs/share/serving_robot_msgs/cmake/export_serving_robot_msgs__rosidl_generator_cExport.cmake
[1.207s] -- Up-to-date: /home/g1/rokey_c_2_ws/install/serving_robot_msgs/share/serving_robot_msgs/cmake/export_serving_robot_msgs__rosidl_generator_cExport-noconfig.cmake
[1.207s] -- Up-to-date: /home/g1/rokey_c_2_ws/install/serving_robot_msgs/share/serving_robot_msgs/cmake/export_serving_robot_msgs__rosidl_typesupport_fastrtps_cExport.cmake
[1.207s] -- Up-to-date: /home/g1/rokey_c_2_ws/install/serving_robot_msgs/share/serving_robot_msgs/cmake/export_serving_robot_msgs__rosidl_typesupport_fastrtps_cExport-noconfig.cmake
[1.207s] -- Up-to-date: /home/g1/rokey_c_2_ws/install/serving_robot_msgs/share/serving_robot_msgs/cmake/export_serving_robot_msgs__rosidl_generator_cppExport.cmake
[1.207s] -- Up-to-date: /home/g1/rokey_c_2_ws/install/serving_robot_msgs/share/serving_robot_msgs/cmake/export_serving_robot_msgs__rosidl_typesupport_fastrtps_cppExport.cmake
[1.208s] -- Up-to-date: /home/g1/rokey_c_2_ws/install/serving_robot_msgs/share/serving_robot_msgs/cmake/export_serving_robot_msgs__rosidl_typesupport_fastrtps_cppExport-noconfig.cmake
[1.208s] -- Up-to-date: /home/g1/rokey_c_2_ws/install/serving_robot_msgs/share/serving_robot_msgs/cmake/serving_robot_msgs__rosidl_typesupport_introspection_cExport.cmake
[1.208s] -- Up-to-date: /home/g1/rokey_c_2_ws/install/serving_robot_msgs/share/serving_robot_msgs/cmake/serving_robot_msgs__rosidl_typesupport_introspection_cExport-noconfig.cmake
[1.208s] -- Up-to-date: /home/g1/rokey_c_2_ws/install/serving_robot_msgs/share/serving_robot_msgs/cmake/serving_robot_msgs__rosidl_typesupport_cExport.cmake
[1.209s] -- Up-to-date: /home/g1/rokey_c_2_ws/install/serving_robot_msgs/share/serving_robot_msgs/cmake/serving_robot_msgs__rosidl_typesupport_cExport-noconfig.cmake
[1.209s] -- Up-to-date: /home/g1/rokey_c_2_ws/install/serving_robot_msgs/share/serving_robot_msgs/cmake/serving_robot_msgs__rosidl_typesupport_introspection_cppExport.cmake
[1.210s] -- Up-to-date: /home/g1/rokey_c_2_ws/install/serving_robot_msgs/share/serving_robot_msgs/cmake/serving_robot_msgs__rosidl_typesupport_introspection_cppExport-noconfig.cmake
[1.210s] -- Up-to-date: /home/g1/rokey_c_2_ws/install/serving_robot_msgs/share/serving_robot_msgs/cmake/serving_robot_msgs__rosidl_typesupport_cppExport.cmake
[1.211s] -- Up-to-date: /home/g1/rokey_c_2_ws/install/serving_robot_msgs/share/serving_robot_msgs/cmake/serving_robot_msgs__rosidl_typesupport_cppExport-noconfig.cmake
[1.211s] -- Up-to-date: /home/g1/rokey_c_2_ws/install/serving_robot_msgs/share/serving_robot_msgs/cmake/export_serving_robot_msgs__rosidl_generator_pyExport.cmake
[1.211s] -- Up-to-date: /home/g1/rokey_c_2_ws/install/serving_robot_msgs/share/serving_robot_msgs/cmake/export_serving_robot_msgs__rosidl_generator_pyExport-noconfig.cmake
[1.212s] Invoked command in '/home/g1/rokey_c_2_ws/build/serving_robot_msgs' returned '0': CMAKE_PREFIX_PATH=${CMAKE_PREFIX_PATH}:/home/g1/rokey_c_2_ws/install/turtlebot3_gui:/home/g1/rokey_c_2_ws/install/table_order:/home/g1/rokey_c_2_ws/install/serving_robot:/home/g1/rokey_c_2_ws/install/database:/home/g1/work/turtlebot3_ws/install/turtlebot3_teleop:/home/g1/work/turtlebot3_ws/install/turtlebot3_example:/opt/ros/humble /usr/bin/cmake --install /home/g1/rokey_c_2_ws/build/serving_robot_msgs
