[0.040s] Invoking command in '/home/aaa/rokey_c_2_ws/build/table_order_interface': CMAKE_PREFIX_PATH=/opt/ros/humble /usr/bin/cmake --build /home/aaa/rokey_c_2_ws/build/table_order_interface -- -j11 -l11
[0.211s] [  3%] Built target table_order_interface__cpp
[0.221s] [  3%] Built target ament_cmake_python_symlink_table_order_interface
[0.237s] [ 12%] Built target table_order_interface__rosidl_generator_c
[0.297s] [ 22%] Built target table_order_interface__rosidl_typesupport_c
[0.297s] [ 32%] Built target table_order_interface__rosidl_typesupport_introspection_c
[0.297s] [ 41%] Built target table_order_interface__rosidl_typesupport_cpp
[0.300s] [ 51%] Built target table_order_interface__rosidl_typesupport_introspection_cpp
[0.313s] [ 70%] Built target table_order_interface__rosidl_typesupport_fastrtps_cpp
[0.313s] [ 70%] Built target table_order_interface__rosidl_typesupport_fastrtps_c
[0.343s] [ 70%] Built target table_order_interface
[0.370s] [ 74%] Built target table_order_interface__py
[0.405s] [ 80%] Built target table_order_interface__rosidl_generator_py
[0.453s] [ 87%] Built target table_order_interface__rosidl_typesupport_introspection_c__pyext
[0.453s] [ 93%] Built target table_order_interface__rosidl_typesupport_fastrtps_c__pyext
[0.453s] [100%] Built target table_order_interface__rosidl_typesupport_c__pyext
[0.585s] running egg_info
[0.586s] writing table_order_interface.egg-info/PKG-INFO
[0.586s] writing dependency_links to table_order_interface.egg-info/dependency_links.txt
[0.586s] writing top-level names to table_order_interface.egg-info/top_level.txt
[0.590s] reading manifest file 'table_order_interface.egg-info/SOURCES.txt'
[0.591s] writing manifest file 'table_order_interface.egg-info/SOURCES.txt'
[0.617s] [100%] Built target ament_cmake_python_build_table_order_interface_egg
[0.633s] Invoked command in '/home/aaa/rokey_c_2_ws/build/table_order_interface' returned '0': CMAKE_PREFIX_PATH=/opt/ros/humble /usr/bin/cmake --build /home/aaa/rokey_c_2_ws/build/table_order_interface -- -j11 -l11
[0.712s] Invoking command in '/home/aaa/rokey_c_2_ws/build/table_order_interface': CMAKE_PREFIX_PATH=/opt/ros/humble /usr/bin/cmake --install /home/aaa/rokey_c_2_ws/build/table_order_interface
[0.720s] -- Install configuration: ""
[0.721s] -- Execute custom install script
[0.724s] -- Up-to-date symlink: /home/aaa/rokey_c_2_ws/install/table_order_interface/share/ament_index/resource_index/rosidl_interfaces/table_order_interface
[0.728s] -- Up-to-date symlink: /home/aaa/rokey_c_2_ws/install/table_order_interface/include/table_order_interface/table_order_interface/msg/rosidl_generator_c__visibility_control.h
[0.729s] -- Up-to-date symlink: /home/aaa/rokey_c_2_ws/install/table_order_interface/include/table_order_interface/table_order_interface/srv/detail/set_order__functions.h
[0.730s] -- Up-to-date symlink: /home/aaa/rokey_c_2_ws/install/table_order_interface/include/table_order_interface/table_order_interface/srv/detail/set_order__struct.h
[0.730s] -- Up-to-date symlink: /home/aaa/rokey_c_2_ws/install/table_order_interface/include/table_order_interface/table_order_interface/srv/detail/set_order__type_support.h
[0.731s] -- Up-to-date symlink: /home/aaa/rokey_c_2_ws/install/table_order_interface/include/table_order_interface/table_order_interface/srv/set_order.h
[0.732s] -- Up-to-date symlink: /home/aaa/rokey_c_2_ws/install/table_order_interface/share/table_order_interface/environment/library_path.sh
[0.733s] -- Up-to-date symlink: /home/aaa/rokey_c_2_ws/install/table_order_interface/share/table_order_interface/environment/library_path.dsv
[0.733s] -- Up-to-date symlink: /home/aaa/rokey_c_2_ws/install/table_order_interface/include/table_order_interface/table_order_interface/msg/rosidl_typesupport_fastrtps_c__visibility_control.h
[0.734s] -- Up-to-date symlink: /home/aaa/rokey_c_2_ws/install/table_order_interface/include/table_order_interface/table_order_interface/srv/detail/set_order__rosidl_typesupport_fastrtps_c.h
[0.735s] -- Up-to-date symlink: /home/aaa/rokey_c_2_ws/install/table_order_interface/include/table_order_interface/table_order_interface/srv/detail/set_order__builder.hpp
[0.736s] -- Up-to-date symlink: /home/aaa/rokey_c_2_ws/install/table_order_interface/include/table_order_interface/table_order_interface/srv/detail/set_order__struct.hpp
[0.736s] -- Up-to-date symlink: /home/aaa/rokey_c_2_ws/install/table_order_interface/include/table_order_interface/table_order_interface/srv/detail/set_order__traits.hpp
[0.737s] -- Up-to-date symlink: /home/aaa/rokey_c_2_ws/install/table_order_interface/include/table_order_interface/table_order_interface/srv/set_order.hpp
[0.738s] -- Up-to-date symlink: /home/aaa/rokey_c_2_ws/install/table_order_interface/include/table_order_interface/table_order_interface/msg/rosidl_typesupport_fastrtps_cpp__visibility_control.h
[0.738s] -- Up-to-date symlink: /home/aaa/rokey_c_2_ws/install/table_order_interface/include/table_order_interface/table_order_interface/srv/detail/set_order__rosidl_typesupport_fastrtps_cpp.hpp
[0.740s] -- Up-to-date symlink: /home/aaa/rokey_c_2_ws/install/table_order_interface/include/table_order_interface/table_order_interface/msg/rosidl_typesupport_introspection_c__visibility_control.h
[0.740s] -- Up-to-date symlink: /home/aaa/rokey_c_2_ws/install/table_order_interface/include/table_order_interface/table_order_interface/srv/detail/set_order__rosidl_typesupport_introspection_c.h
[0.741s] -- Up-to-date symlink: /home/aaa/rokey_c_2_ws/install/table_order_interface/include/table_order_interface/table_order_interface/srv/detail/set_order__rosidl_typesupport_introspection_cpp.hpp
[0.741s] -- Up-to-date symlink: /home/aaa/rokey_c_2_ws/install/table_order_interface/share/table_order_interface/environment/pythonpath.sh
[0.742s] -- Up-to-date symlink: /home/aaa/rokey_c_2_ws/install/table_order_interface/share/table_order_interface/environment/pythonpath.dsv
[0.745s] -- Up-to-date symlink: /home/aaa/rokey_c_2_ws/install/table_order_interface/local/lib/python3.10/dist-packages/table_order_interface-0.0.0-py3.10.egg-info/PKG-INFO
[0.746s] -- Up-to-date symlink: /home/aaa/rokey_c_2_ws/install/table_order_interface/local/lib/python3.10/dist-packages/table_order_interface-0.0.0-py3.10.egg-info/SOURCES.txt
[0.746s] -- Up-to-date symlink: /home/aaa/rokey_c_2_ws/install/table_order_interface/local/lib/python3.10/dist-packages/table_order_interface-0.0.0-py3.10.egg-info/dependency_links.txt
[0.747s] -- Up-to-date symlink: /home/aaa/rokey_c_2_ws/install/table_order_interface/local/lib/python3.10/dist-packages/table_order_interface-0.0.0-py3.10.egg-info/top_level.txt
[0.748s] -- Up-to-date symlink: /home/aaa/rokey_c_2_ws/install/table_order_interface/local/lib/python3.10/dist-packages/table_order_interface/__init__.py
[0.749s] -- Up-to-date symlink: /home/aaa/rokey_c_2_ws/install/table_order_interface/local/lib/python3.10/dist-packages/table_order_interface/_table_order_interface_s.ep.rosidl_typesupport_c.c
[0.750s] -- Up-to-date symlink: /home/aaa/rokey_c_2_ws/install/table_order_interface/local/lib/python3.10/dist-packages/table_order_interface/_table_order_interface_s.ep.rosidl_typesupport_fastrtps_c.c
[0.750s] -- Up-to-date symlink: /home/aaa/rokey_c_2_ws/install/table_order_interface/local/lib/python3.10/dist-packages/table_order_interface/_table_order_interface_s.ep.rosidl_typesupport_introspection_c.c
[0.751s] -- Up-to-date symlink: /home/aaa/rokey_c_2_ws/install/table_order_interface/local/lib/python3.10/dist-packages/table_order_interface/libtable_order_interface__rosidl_generator_py.so
[0.752s] -- Up-to-date symlink: /home/aaa/rokey_c_2_ws/install/table_order_interface/local/lib/python3.10/dist-packages/table_order_interface/srv/__init__.py
[0.753s] -- Up-to-date symlink: /home/aaa/rokey_c_2_ws/install/table_order_interface/local/lib/python3.10/dist-packages/table_order_interface/srv/_set_order.py
[0.753s] -- Up-to-date symlink: /home/aaa/rokey_c_2_ws/install/table_order_interface/local/lib/python3.10/dist-packages/table_order_interface/srv/_set_order_s.c
[0.753s] -- Up-to-date symlink: /home/aaa/rokey_c_2_ws/install/table_order_interface/local/lib/python3.10/dist-packages/table_order_interface/table_order_interface_s__rosidl_typesupport_c.cpython-310-x86_64-linux-gnu.so
[0.754s] -- Up-to-date symlink: /home/aaa/rokey_c_2_ws/install/table_order_interface/local/lib/python3.10/dist-packages/table_order_interface/table_order_interface_s__rosidl_typesupport_fastrtps_c.cpython-310-x86_64-linux-gnu.so
[0.754s] -- Up-to-date symlink: /home/aaa/rokey_c_2_ws/install/table_order_interface/local/lib/python3.10/dist-packages/table_order_interface/table_order_interface_s__rosidl_typesupport_introspection_c.cpython-310-x86_64-linux-gnu.so
[0.755s] -- Up-to-date symlink: /home/aaa/rokey_c_2_ws/install/table_order_interface/local/lib/python3.10/dist-packages/table_order_interface/table_order_interface_s__rosidl_typesupport_fastrtps_c.cpython-310-x86_64-linux-gnu.so
[0.756s] -- Up-to-date symlink: /home/aaa/rokey_c_2_ws/install/table_order_interface/local/lib/python3.10/dist-packages/table_order_interface/table_order_interface_s__rosidl_typesupport_introspection_c.cpython-310-x86_64-linux-gnu.so
[0.757s] -- Up-to-date symlink: /home/aaa/rokey_c_2_ws/install/table_order_interface/local/lib/python3.10/dist-packages/table_order_interface/table_order_interface_s__rosidl_typesupport_c.cpython-310-x86_64-linux-gnu.so
[0.758s] -- Up-to-date symlink: /home/aaa/rokey_c_2_ws/install/table_order_interface/share/table_order_interface/srv/SetOrder.idl
[0.758s] -- Up-to-date symlink: /home/aaa/rokey_c_2_ws/install/table_order_interface/share/table_order_interface/srv/SetOrder.srv
[0.758s] -- Up-to-date symlink: /home/aaa/rokey_c_2_ws/install/table_order_interface/share/table_order_interface/srv/SetOrder_Request.msg
[0.759s] -- Up-to-date symlink: /home/aaa/rokey_c_2_ws/install/table_order_interface/share/table_order_interface/srv/SetOrder_Response.msg
[0.760s] -- Up-to-date symlink: /home/aaa/rokey_c_2_ws/install/table_order_interface/share/ament_index/resource_index/package_run_dependencies/table_order_interface
[0.761s] -- Up-to-date symlink: /home/aaa/rokey_c_2_ws/install/table_order_interface/share/ament_index/resource_index/parent_prefix_path/table_order_interface
[0.762s] -- Up-to-date symlink: /home/aaa/rokey_c_2_ws/install/table_order_interface/share/table_order_interface/environment/ament_prefix_path.sh
[0.762s] -- Up-to-date symlink: /home/aaa/rokey_c_2_ws/install/table_order_interface/share/table_order_interface/environment/ament_prefix_path.dsv
[0.763s] -- Up-to-date symlink: /home/aaa/rokey_c_2_ws/install/table_order_interface/share/table_order_interface/environment/path.sh
[0.763s] -- Up-to-date symlink: /home/aaa/rokey_c_2_ws/install/table_order_interface/share/table_order_interface/environment/path.dsv
[0.764s] -- Up-to-date symlink: /home/aaa/rokey_c_2_ws/install/table_order_interface/share/table_order_interface/local_setup.bash
[0.764s] -- Up-to-date symlink: /home/aaa/rokey_c_2_ws/install/table_order_interface/share/table_order_interface/local_setup.sh
[0.765s] -- Up-to-date symlink: /home/aaa/rokey_c_2_ws/install/table_order_interface/share/table_order_interface/local_setup.zsh
[0.765s] -- Up-to-date symlink: /home/aaa/rokey_c_2_ws/install/table_order_interface/share/table_order_interface/local_setup.dsv
[0.767s] -- Symlinking: /home/aaa/rokey_c_2_ws/install/table_order_interface/share/table_order_interface/package.dsv
[0.776s] -- Up-to-date symlink: /home/aaa/rokey_c_2_ws/install/table_order_interface/share/ament_index/resource_index/packages/table_order_interface
[0.777s] -- Up-to-date symlink: /home/aaa/rokey_c_2_ws/install/table_order_interface/share/table_order_interface/cmake/rosidl_cmake-extras.cmake
[0.777s] -- Up-to-date symlink: /home/aaa/rokey_c_2_ws/install/table_order_interface/share/table_order_interface/cmake/ament_cmake_export_dependencies-extras.cmake
[0.778s] -- Up-to-date symlink: /home/aaa/rokey_c_2_ws/install/table_order_interface/share/table_order_interface/cmake/ament_cmake_export_include_directories-extras.cmake
[0.779s] -- Up-to-date symlink: /home/aaa/rokey_c_2_ws/install/table_order_interface/share/table_order_interface/cmake/ament_cmake_export_libraries-extras.cmake
[0.779s] -- Up-to-date symlink: /home/aaa/rokey_c_2_ws/install/table_order_interface/share/table_order_interface/cmake/ament_cmake_export_targets-extras.cmake
[0.780s] -- Up-to-date symlink: /home/aaa/rokey_c_2_ws/install/table_order_interface/share/table_order_interface/cmake/rosidl_cmake_export_typesupport_targets-extras.cmake
[0.780s] -- Up-to-date symlink: /home/aaa/rokey_c_2_ws/install/table_order_interface/share/table_order_interface/cmake/rosidl_cmake_export_typesupport_libraries-extras.cmake
[0.781s] -- Up-to-date symlink: /home/aaa/rokey_c_2_ws/install/table_order_interface/share/table_order_interface/cmake/table_order_interfaceConfig.cmake
[0.782s] -- Up-to-date symlink: /home/aaa/rokey_c_2_ws/install/table_order_interface/share/table_order_interface/cmake/table_order_interfaceConfig-version.cmake
[0.783s] -- Up-to-date symlink: /home/aaa/rokey_c_2_ws/install/table_order_interface/share/table_order_interface/package.xml
[0.784s] -- Up-to-date: /home/aaa/rokey_c_2_ws/install/table_order_interface/lib/libtable_order_interface__rosidl_generator_c.so
[0.785s] -- Up-to-date: /home/aaa/rokey_c_2_ws/install/table_order_interface/lib/libtable_order_interface__rosidl_typesupport_fastrtps_c.so
[0.787s] -- Up-to-date: /home/aaa/rokey_c_2_ws/install/table_order_interface/lib/libtable_order_interface__rosidl_typesupport_fastrtps_cpp.so
[0.788s] -- Up-to-date: /home/aaa/rokey_c_2_ws/install/table_order_interface/lib/libtable_order_interface__rosidl_typesupport_introspection_c.so
[0.789s] -- Up-to-date: /home/aaa/rokey_c_2_ws/install/table_order_interface/lib/libtable_order_interface__rosidl_typesupport_c.so
[0.790s] -- Up-to-date: /home/aaa/rokey_c_2_ws/install/table_order_interface/lib/libtable_order_interface__rosidl_typesupport_introspection_cpp.so
[0.791s] -- Up-to-date: /home/aaa/rokey_c_2_ws/install/table_order_interface/lib/libtable_order_interface__rosidl_typesupport_cpp.so
[0.828s] Listing '/home/aaa/rokey_c_2_ws/install/table_order_interface/local/lib/python3.10/dist-packages/table_order_interface'...
[0.828s] Listing '/home/aaa/rokey_c_2_ws/install/table_order_interface/local/lib/python3.10/dist-packages/table_order_interface/srv'...
[0.834s] -- Up-to-date: /home/aaa/rokey_c_2_ws/install/table_order_interface/lib/libtable_order_interface__rosidl_generator_py.so
[0.836s] -- Up-to-date: /home/aaa/rokey_c_2_ws/install/table_order_interface/share/table_order_interface/cmake/export_table_order_interface__rosidl_generator_cExport.cmake
[0.836s] -- Up-to-date: /home/aaa/rokey_c_2_ws/install/table_order_interface/share/table_order_interface/cmake/export_table_order_interface__rosidl_generator_cExport-noconfig.cmake
[0.837s] -- Up-to-date: /home/aaa/rokey_c_2_ws/install/table_order_interface/share/table_order_interface/cmake/export_table_order_interface__rosidl_typesupport_fastrtps_cExport.cmake
[0.837s] -- Up-to-date: /home/aaa/rokey_c_2_ws/install/table_order_interface/share/table_order_interface/cmake/export_table_order_interface__rosidl_typesupport_fastrtps_cExport-noconfig.cmake
[0.838s] -- Up-to-date: /home/aaa/rokey_c_2_ws/install/table_order_interface/share/table_order_interface/cmake/export_table_order_interface__rosidl_generator_cppExport.cmake
[0.839s] -- Up-to-date: /home/aaa/rokey_c_2_ws/install/table_order_interface/share/table_order_interface/cmake/export_table_order_interface__rosidl_typesupport_fastrtps_cppExport.cmake
[0.839s] -- Up-to-date: /home/aaa/rokey_c_2_ws/install/table_order_interface/share/table_order_interface/cmake/export_table_order_interface__rosidl_typesupport_fastrtps_cppExport-noconfig.cmake
[0.840s] -- Up-to-date: /home/aaa/rokey_c_2_ws/install/table_order_interface/share/table_order_interface/cmake/table_order_interface__rosidl_typesupport_introspection_cExport.cmake
[0.840s] -- Up-to-date: /home/aaa/rokey_c_2_ws/install/table_order_interface/share/table_order_interface/cmake/table_order_interface__rosidl_typesupport_introspection_cExport-noconfig.cmake
[0.840s] -- Up-to-date: /home/aaa/rokey_c_2_ws/install/table_order_interface/share/table_order_interface/cmake/table_order_interface__rosidl_typesupport_cExport.cmake
[0.841s] -- Up-to-date: /home/aaa/rokey_c_2_ws/install/table_order_interface/share/table_order_interface/cmake/table_order_interface__rosidl_typesupport_cExport-noconfig.cmake
[0.841s] -- Up-to-date: /home/aaa/rokey_c_2_ws/install/table_order_interface/share/table_order_interface/cmake/table_order_interface__rosidl_typesupport_introspection_cppExport.cmake
[0.842s] -- Up-to-date: /home/aaa/rokey_c_2_ws/install/table_order_interface/share/table_order_interface/cmake/table_order_interface__rosidl_typesupport_introspection_cppExport-noconfig.cmake
[0.842s] -- Up-to-date: /home/aaa/rokey_c_2_ws/install/table_order_interface/share/table_order_interface/cmake/table_order_interface__rosidl_typesupport_cppExport.cmake
[0.842s] -- Up-to-date: /home/aaa/rokey_c_2_ws/install/table_order_interface/share/table_order_interface/cmake/table_order_interface__rosidl_typesupport_cppExport-noconfig.cmake
[0.843s] -- Up-to-date: /home/aaa/rokey_c_2_ws/install/table_order_interface/share/table_order_interface/cmake/export_table_order_interface__rosidl_generator_pyExport.cmake
[0.843s] -- Up-to-date: /home/aaa/rokey_c_2_ws/install/table_order_interface/share/table_order_interface/cmake/export_table_order_interface__rosidl_generator_pyExport-noconfig.cmake
[0.846s] Invoked command in '/home/aaa/rokey_c_2_ws/build/table_order_interface' returned '0': CMAKE_PREFIX_PATH=/opt/ros/humble /usr/bin/cmake --install /home/aaa/rokey_c_2_ws/build/table_order_interface
