[0.112s] DEBUG:colcon:Command line arguments: ['/usr/bin/colcon', 'build', '--symlink-install']
[0.112s] DEBUG:colcon:Parsed command line arguments: Namespace(log_base=None, log_level=None, verb_name='build', build_base='build', install_base='install', merge_install=False, symlink_install=True, test_result_base=None, continue_on_error=False, executor='parallel', parallel_workers=8, event_handlers=None, ignore_user_meta=False, metas=['./colcon.meta'], base_paths=['.'], packages_ignore=None, packages_ignore_regex=None, paths=None, packages_up_to=None, packages_up_to_regex=None, packages_above=None, packages_above_and_dependencies=None, packages_above_depth=None, packages_select_by_dep=None, packages_skip_by_dep=None, packages_skip_up_to=None, packages_select_build_failed=False, packages_skip_build_finished=False, packages_select_test_failures=False, packages_skip_test_passed=False, packages_select=None, packages_skip=None, packages_select_regex=None, packages_skip_regex=None, packages_start=None, packages_end=None, allow_overriding=[], cmake_args=None, cmake_target=None, cmake_target_skip_unavailable=False, cmake_clean_cache=False, cmake_clean_first=False, cmake_force_configure=False, ament_cmake_args=None, catkin_cmake_args=None, catkin_skip_building_tests=False, verb_parser=<colcon_defaults.argument_parser.defaults.DefaultArgumentsDecorator object at 0x78e1c2f74250>, verb_extension=<colcon_core.verb.build.BuildVerb object at 0x78e1c2f3bc40>, main=<bound method BuildVerb.main of <colcon_core.verb.build.BuildVerb object at 0x78e1c2f3bc40>>)
[0.334s] Level 1:colcon.colcon_core.package_discovery:discover_packages(colcon_meta) check parameters
[0.334s] Level 1:colcon.colcon_core.package_discovery:discover_packages(recursive) check parameters
[0.334s] Level 1:colcon.colcon_core.package_discovery:discover_packages(ignore) check parameters
[0.335s] Level 1:colcon.colcon_core.package_discovery:discover_packages(path) check parameters
[0.335s] Level 1:colcon.colcon_core.package_discovery:discover_packages(colcon_meta) discover
[0.335s] Level 1:colcon.colcon_core.package_discovery:discover_packages(recursive) discover
[0.335s] INFO:colcon.colcon_core.package_discovery:Crawling recursively for packages in '/home/g1/rokey_c2_ws'
[0.335s] Level 1:colcon.colcon_core.package_identification:_identify(.) by extensions ['ignore', 'ignore_ament_install']
[0.335s] Level 1:colcon.colcon_core.package_identification:_identify(.) by extension 'ignore'
[0.335s] Level 1:colcon.colcon_core.package_identification:_identify(.) by extension 'ignore_ament_install'
[0.335s] Level 1:colcon.colcon_core.package_identification:_identify(.) by extensions ['colcon_pkg']
[0.335s] Level 1:colcon.colcon_core.package_identification:_identify(.) by extension 'colcon_pkg'
[0.335s] Level 1:colcon.colcon_core.package_identification:_identify(.) by extensions ['colcon_meta']
[0.335s] Level 1:colcon.colcon_core.package_identification:_identify(.) by extension 'colcon_meta'
[0.335s] Level 1:colcon.colcon_core.package_identification:_identify(.) by extensions ['ros']
[0.335s] Level 1:colcon.colcon_core.package_identification:_identify(.) by extension 'ros'
[0.353s] Level 1:colcon.colcon_core.package_identification:_identify(.) by extensions ['cmake', 'python']
[0.353s] Level 1:colcon.colcon_core.package_identification:_identify(.) by extension 'cmake'
[0.353s] Level 1:colcon.colcon_core.package_identification:_identify(.) by extension 'python'
[0.353s] Level 1:colcon.colcon_core.package_identification:_identify(.) by extensions ['python_setup_py']
[0.353s] Level 1:colcon.colcon_core.package_identification:_identify(.) by extension 'python_setup_py'
[0.353s] Level 1:colcon.colcon_core.package_identification:_identify(build) by extensions ['ignore', 'ignore_ament_install']
[0.353s] Level 1:colcon.colcon_core.package_identification:_identify(build) by extension 'ignore'
[0.353s] Level 1:colcon.colcon_core.package_identification:_identify(build) ignored
[0.354s] Level 1:colcon.colcon_core.package_identification:_identify(install) by extensions ['ignore', 'ignore_ament_install']
[0.354s] Level 1:colcon.colcon_core.package_identification:_identify(install) by extension 'ignore'
[0.354s] Level 1:colcon.colcon_core.package_identification:_identify(install) ignored
[0.354s] Level 1:colcon.colcon_core.package_identification:_identify(log) by extensions ['ignore', 'ignore_ament_install']
[0.354s] Level 1:colcon.colcon_core.package_identification:_identify(log) by extension 'ignore'
[0.354s] Level 1:colcon.colcon_core.package_identification:_identify(log) ignored
[0.354s] Level 1:colcon.colcon_core.package_identification:_identify(src) by extensions ['ignore', 'ignore_ament_install']
[0.354s] Level 1:colcon.colcon_core.package_identification:_identify(src) by extension 'ignore'
[0.354s] Level 1:colcon.colcon_core.package_identification:_identify(src) by extension 'ignore_ament_install'
[0.354s] Level 1:colcon.colcon_core.package_identification:_identify(src) by extensions ['colcon_pkg']
[0.354s] Level 1:colcon.colcon_core.package_identification:_identify(src) by extension 'colcon_pkg'
[0.354s] Level 1:colcon.colcon_core.package_identification:_identify(src) by extensions ['colcon_meta']
[0.354s] Level 1:colcon.colcon_core.package_identification:_identify(src) by extension 'colcon_meta'
[0.354s] Level 1:colcon.colcon_core.package_identification:_identify(src) by extensions ['ros']
[0.354s] Level 1:colcon.colcon_core.package_identification:_identify(src) by extension 'ros'
[0.354s] Level 1:colcon.colcon_core.package_identification:_identify(src) by extensions ['cmake', 'python']
[0.354s] Level 1:colcon.colcon_core.package_identification:_identify(src) by extension 'cmake'
[0.354s] Level 1:colcon.colcon_core.package_identification:_identify(src) by extension 'python'
[0.355s] Level 1:colcon.colcon_core.package_identification:_identify(src) by extensions ['python_setup_py']
[0.355s] Level 1:colcon.colcon_core.package_identification:_identify(src) by extension 'python_setup_py'
[0.355s] Level 1:colcon.colcon_core.package_identification:_identify(src/database) by extensions ['ignore', 'ignore_ament_install']
[0.355s] Level 1:colcon.colcon_core.package_identification:_identify(src/database) by extension 'ignore'
[0.355s] Level 1:colcon.colcon_core.package_identification:_identify(src/database) by extension 'ignore_ament_install'
[0.355s] Level 1:colcon.colcon_core.package_identification:_identify(src/database) by extensions ['colcon_pkg']
[0.355s] Level 1:colcon.colcon_core.package_identification:_identify(src/database) by extension 'colcon_pkg'
[0.355s] Level 1:colcon.colcon_core.package_identification:_identify(src/database) by extensions ['colcon_meta']
[0.355s] Level 1:colcon.colcon_core.package_identification:_identify(src/database) by extension 'colcon_meta'
[0.355s] Level 1:colcon.colcon_core.package_identification:_identify(src/database) by extensions ['ros']
[0.355s] Level 1:colcon.colcon_core.package_identification:_identify(src/database) by extension 'ros'
[0.357s] DEBUG:colcon.colcon_core.package_identification:Package 'src/database' with type 'ros.ament_python' and name 'database'
[0.357s] Level 1:colcon.colcon_core.package_identification:_identify(src/serving_robot) by extensions ['ignore', 'ignore_ament_install']
[0.358s] Level 1:colcon.colcon_core.package_identification:_identify(src/serving_robot) by extension 'ignore'
[0.358s] Level 1:colcon.colcon_core.package_identification:_identify(src/serving_robot) by extension 'ignore_ament_install'
[0.358s] Level 1:colcon.colcon_core.package_identification:_identify(src/serving_robot) by extensions ['colcon_pkg']
[0.358s] Level 1:colcon.colcon_core.package_identification:_identify(src/serving_robot) by extension 'colcon_pkg'
[0.358s] Level 1:colcon.colcon_core.package_identification:_identify(src/serving_robot) by extensions ['colcon_meta']
[0.358s] Level 1:colcon.colcon_core.package_identification:_identify(src/serving_robot) by extension 'colcon_meta'
[0.358s] Level 1:colcon.colcon_core.package_identification:_identify(src/serving_robot) by extensions ['ros']
[0.358s] Level 1:colcon.colcon_core.package_identification:_identify(src/serving_robot) by extension 'ros'
[0.359s] DEBUG:colcon.colcon_core.package_identification:Package 'src/serving_robot' with type 'ros.ament_python' and name 'serving_robot'
[0.359s] Level 1:colcon.colcon_core.package_identification:_identify(src/serving_robot_msgs) by extensions ['ignore', 'ignore_ament_install']
[0.359s] Level 1:colcon.colcon_core.package_identification:_identify(src/serving_robot_msgs) by extension 'ignore'
[0.359s] Level 1:colcon.colcon_core.package_identification:_identify(src/serving_robot_msgs) by extension 'ignore_ament_install'
[0.359s] Level 1:colcon.colcon_core.package_identification:_identify(src/serving_robot_msgs) by extensions ['colcon_pkg']
[0.359s] Level 1:colcon.colcon_core.package_identification:_identify(src/serving_robot_msgs) by extension 'colcon_pkg'
[0.359s] Level 1:colcon.colcon_core.package_identification:_identify(src/serving_robot_msgs) by extensions ['colcon_meta']
[0.359s] Level 1:colcon.colcon_core.package_identification:_identify(src/serving_robot_msgs) by extension 'colcon_meta'
[0.359s] Level 1:colcon.colcon_core.package_identification:_identify(src/serving_robot_msgs) by extensions ['ros']
[0.359s] Level 1:colcon.colcon_core.package_identification:_identify(src/serving_robot_msgs) by extension 'ros'
[0.360s] DEBUG:colcon.colcon_core.package_identification:Package 'src/serving_robot_msgs' with type 'ros.ament_cmake' and name 'serving_robot_msgs'
[0.360s] Level 1:colcon.colcon_core.package_identification:_identify(src/table_order) by extensions ['ignore', 'ignore_ament_install']
[0.360s] Level 1:colcon.colcon_core.package_identification:_identify(src/table_order) by extension 'ignore'
[0.360s] Level 1:colcon.colcon_core.package_identification:_identify(src/table_order) by extension 'ignore_ament_install'
[0.360s] Level 1:colcon.colcon_core.package_identification:_identify(src/table_order) by extensions ['colcon_pkg']
[0.360s] Level 1:colcon.colcon_core.package_identification:_identify(src/table_order) by extension 'colcon_pkg'
[0.360s] Level 1:colcon.colcon_core.package_identification:_identify(src/table_order) by extensions ['colcon_meta']
[0.360s] Level 1:colcon.colcon_core.package_identification:_identify(src/table_order) by extension 'colcon_meta'
[0.360s] Level 1:colcon.colcon_core.package_identification:_identify(src/table_order) by extensions ['ros']
[0.360s] Level 1:colcon.colcon_core.package_identification:_identify(src/table_order) by extension 'ros'
[0.361s] DEBUG:colcon.colcon_core.package_identification:Package 'src/table_order' with type 'ros.ament_python' and name 'table_order'
[0.361s] Level 1:colcon.colcon_core.package_identification:_identify(src/table_order_interface) by extensions ['ignore', 'ignore_ament_install']
[0.361s] Level 1:colcon.colcon_core.package_identification:_identify(src/table_order_interface) by extension 'ignore'
[0.361s] Level 1:colcon.colcon_core.package_identification:_identify(src/table_order_interface) by extension 'ignore_ament_install'
[0.361s] Level 1:colcon.colcon_core.package_identification:_identify(src/table_order_interface) by extensions ['colcon_pkg']
[0.361s] Level 1:colcon.colcon_core.package_identification:_identify(src/table_order_interface) by extension 'colcon_pkg'
[0.361s] Level 1:colcon.colcon_core.package_identification:_identify(src/table_order_interface) by extensions ['colcon_meta']
[0.361s] Level 1:colcon.colcon_core.package_identification:_identify(src/table_order_interface) by extension 'colcon_meta'
[0.361s] Level 1:colcon.colcon_core.package_identification:_identify(src/table_order_interface) by extensions ['ros']
[0.361s] Level 1:colcon.colcon_core.package_identification:_identify(src/table_order_interface) by extension 'ros'
[0.362s] DEBUG:colcon.colcon_core.package_identification:Package 'src/table_order_interface' with type 'ros.ament_cmake' and name 'table_order_interface'
[0.362s] Level 1:colcon.colcon_core.package_discovery:discover_packages(recursive) using defaults
[0.362s] Level 1:colcon.colcon_core.package_discovery:discover_packages(ignore) discover
[0.362s] Level 1:colcon.colcon_core.package_discovery:discover_packages(ignore) using defaults
[0.362s] Level 1:colcon.colcon_core.package_discovery:discover_packages(path) discover
[0.362s] Level 1:colcon.colcon_core.package_discovery:discover_packages(path) using defaults
[0.383s] Level 1:colcon.colcon_core.package_discovery:discover_packages(prefix_path) check parameters
[0.383s] Level 1:colcon.colcon_core.package_discovery:discover_packages(prefix_path) discover
[0.385s] DEBUG:colcon.colcon_installed_package_information.package_discovery:Found 5 installed packages in /home/g1/rokey_c2_ws/install
[0.386s] DEBUG:colcon.colcon_installed_package_information.package_discovery:Found 12 installed packages in /home/g1/work/turtlebot3_ws/install
[0.387s] DEBUG:colcon.colcon_installed_package_information.package_discovery:Found 373 installed packages in /opt/ros/humble
[0.390s] Level 1:colcon.colcon_core.package_discovery:discover_packages(prefix_path) using defaults
[0.435s] Level 5:colcon.colcon_core.verb:set package 'database' build argument 'cmake_args' from command line to 'None'
[0.435s] Level 5:colcon.colcon_core.verb:set package 'database' build argument 'cmake_target' from command line to 'None'
[0.435s] Level 5:colcon.colcon_core.verb:set package 'database' build argument 'cmake_target_skip_unavailable' from command line to 'False'
[0.435s] Level 5:colcon.colcon_core.verb:set package 'database' build argument 'cmake_clean_cache' from command line to 'False'
[0.436s] Level 5:colcon.colcon_core.verb:set package 'database' build argument 'cmake_clean_first' from command line to 'False'
[0.436s] Level 5:colcon.colcon_core.verb:set package 'database' build argument 'cmake_force_configure' from command line to 'False'
[0.436s] Level 5:colcon.colcon_core.verb:set package 'database' build argument 'ament_cmake_args' from command line to 'None'
[0.436s] Level 5:colcon.colcon_core.verb:set package 'database' build argument 'catkin_cmake_args' from command line to 'None'
[0.436s] Level 5:colcon.colcon_core.verb:set package 'database' build argument 'catkin_skip_building_tests' from command line to 'False'
[0.436s] DEBUG:colcon.colcon_core.verb:Building package 'database' with the following arguments: {'ament_cmake_args': None, 'build_base': '/home/g1/rokey_c2_ws/build/database', 'catkin_cmake_args': None, 'catkin_skip_building_tests': False, 'cmake_args': None, 'cmake_clean_cache': False, 'cmake_clean_first': False, 'cmake_force_configure': False, 'cmake_target': None, 'cmake_target_skip_unavailable': False, 'install_base': '/home/g1/rokey_c2_ws/install/database', 'merge_install': False, 'path': '/home/g1/rokey_c2_ws/src/database', 'symlink_install': True, 'test_result_base': None}
[0.436s] Level 5:colcon.colcon_core.verb:set package 'serving_robot_msgs' build argument 'cmake_args' from command line to 'None'
[0.436s] Level 5:colcon.colcon_core.verb:set package 'serving_robot_msgs' build argument 'cmake_target' from command line to 'None'
[0.436s] Level 5:colcon.colcon_core.verb:set package 'serving_robot_msgs' build argument 'cmake_target_skip_unavailable' from command line to 'False'
[0.436s] Level 5:colcon.colcon_core.verb:set package 'serving_robot_msgs' build argument 'cmake_clean_cache' from command line to 'False'
[0.436s] Level 5:colcon.colcon_core.verb:set package 'serving_robot_msgs' build argument 'cmake_clean_first' from command line to 'False'
[0.436s] Level 5:colcon.colcon_core.verb:set package 'serving_robot_msgs' build argument 'cmake_force_configure' from command line to 'False'
[0.436s] Level 5:colcon.colcon_core.verb:set package 'serving_robot_msgs' build argument 'ament_cmake_args' from command line to 'None'
[0.436s] Level 5:colcon.colcon_core.verb:set package 'serving_robot_msgs' build argument 'catkin_cmake_args' from command line to 'None'
[0.436s] Level 5:colcon.colcon_core.verb:set package 'serving_robot_msgs' build argument 'catkin_skip_building_tests' from command line to 'False'
[0.436s] DEBUG:colcon.colcon_core.verb:Building package 'serving_robot_msgs' with the following arguments: {'ament_cmake_args': None, 'build_base': '/home/g1/rokey_c2_ws/build/serving_robot_msgs', 'catkin_cmake_args': None, 'catkin_skip_building_tests': False, 'cmake_args': None, 'cmake_clean_cache': False, 'cmake_clean_first': False, 'cmake_force_configure': False, 'cmake_target': None, 'cmake_target_skip_unavailable': False, 'install_base': '/home/g1/rokey_c2_ws/install/serving_robot_msgs', 'merge_install': False, 'path': '/home/g1/rokey_c2_ws/src/serving_robot_msgs', 'symlink_install': True, 'test_result_base': None}
[0.437s] Level 5:colcon.colcon_core.verb:set package 'table_order_interface' build argument 'cmake_args' from command line to 'None'
[0.437s] Level 5:colcon.colcon_core.verb:set package 'table_order_interface' build argument 'cmake_target' from command line to 'None'
[0.437s] Level 5:colcon.colcon_core.verb:set package 'table_order_interface' build argument 'cmake_target_skip_unavailable' from command line to 'False'
[0.437s] Level 5:colcon.colcon_core.verb:set package 'table_order_interface' build argument 'cmake_clean_cache' from command line to 'False'
[0.437s] Level 5:colcon.colcon_core.verb:set package 'table_order_interface' build argument 'cmake_clean_first' from command line to 'False'
[0.437s] Level 5:colcon.colcon_core.verb:set package 'table_order_interface' build argument 'cmake_force_configure' from command line to 'False'
[0.437s] Level 5:colcon.colcon_core.verb:set package 'table_order_interface' build argument 'ament_cmake_args' from command line to 'None'
[0.437s] Level 5:colcon.colcon_core.verb:set package 'table_order_interface' build argument 'catkin_cmake_args' from command line to 'None'
[0.437s] Level 5:colcon.colcon_core.verb:set package 'table_order_interface' build argument 'catkin_skip_building_tests' from command line to 'False'
[0.437s] DEBUG:colcon.colcon_core.verb:Building package 'table_order_interface' with the following arguments: {'ament_cmake_args': None, 'build_base': '/home/g1/rokey_c2_ws/build/table_order_interface', 'catkin_cmake_args': None, 'catkin_skip_building_tests': False, 'cmake_args': None, 'cmake_clean_cache': False, 'cmake_clean_first': False, 'cmake_force_configure': False, 'cmake_target': None, 'cmake_target_skip_unavailable': False, 'install_base': '/home/g1/rokey_c2_ws/install/table_order_interface', 'merge_install': False, 'path': '/home/g1/rokey_c2_ws/src/table_order_interface', 'symlink_install': True, 'test_result_base': None}
[0.437s] Level 5:colcon.colcon_core.verb:set package 'serving_robot' build argument 'cmake_args' from command line to 'None'
[0.437s] Level 5:colcon.colcon_core.verb:set package 'serving_robot' build argument 'cmake_target' from command line to 'None'
[0.437s] Level 5:colcon.colcon_core.verb:set package 'serving_robot' build argument 'cmake_target_skip_unavailable' from command line to 'False'
[0.437s] Level 5:colcon.colcon_core.verb:set package 'serving_robot' build argument 'cmake_clean_cache' from command line to 'False'
[0.437s] Level 5:colcon.colcon_core.verb:set package 'serving_robot' build argument 'cmake_clean_first' from command line to 'False'
[0.437s] Level 5:colcon.colcon_core.verb:set package 'serving_robot' build argument 'cmake_force_configure' from command line to 'False'
[0.437s] Level 5:colcon.colcon_core.verb:set package 'serving_robot' build argument 'ament_cmake_args' from command line to 'None'
[0.437s] Level 5:colcon.colcon_core.verb:set package 'serving_robot' build argument 'catkin_cmake_args' from command line to 'None'
[0.437s] Level 5:colcon.colcon_core.verb:set package 'serving_robot' build argument 'catkin_skip_building_tests' from command line to 'False'
[0.437s] DEBUG:colcon.colcon_core.verb:Building package 'serving_robot' with the following arguments: {'ament_cmake_args': None, 'build_base': '/home/g1/rokey_c2_ws/build/serving_robot', 'catkin_cmake_args': None, 'catkin_skip_building_tests': False, 'cmake_args': None, 'cmake_clean_cache': False, 'cmake_clean_first': False, 'cmake_force_configure': False, 'cmake_target': None, 'cmake_target_skip_unavailable': False, 'install_base': '/home/g1/rokey_c2_ws/install/serving_robot', 'merge_install': False, 'path': '/home/g1/rokey_c2_ws/src/serving_robot', 'symlink_install': True, 'test_result_base': None}
[0.438s] Level 5:colcon.colcon_core.verb:set package 'table_order' build argument 'cmake_args' from command line to 'None'
[0.438s] Level 5:colcon.colcon_core.verb:set package 'table_order' build argument 'cmake_target' from command line to 'None'
[0.438s] Level 5:colcon.colcon_core.verb:set package 'table_order' build argument 'cmake_target_skip_unavailable' from command line to 'False'
[0.438s] Level 5:colcon.colcon_core.verb:set package 'table_order' build argument 'cmake_clean_cache' from command line to 'False'
[0.438s] Level 5:colcon.colcon_core.verb:set package 'table_order' build argument 'cmake_clean_first' from command line to 'False'
[0.438s] Level 5:colcon.colcon_core.verb:set package 'table_order' build argument 'cmake_force_configure' from command line to 'False'
[0.438s] Level 5:colcon.colcon_core.verb:set package 'table_order' build argument 'ament_cmake_args' from command line to 'None'
[0.438s] Level 5:colcon.colcon_core.verb:set package 'table_order' build argument 'catkin_cmake_args' from command line to 'None'
[0.438s] Level 5:colcon.colcon_core.verb:set package 'table_order' build argument 'catkin_skip_building_tests' from command line to 'False'
[0.438s] DEBUG:colcon.colcon_core.verb:Building package 'table_order' with the following arguments: {'ament_cmake_args': None, 'build_base': '/home/g1/rokey_c2_ws/build/table_order', 'catkin_cmake_args': None, 'catkin_skip_building_tests': False, 'cmake_args': None, 'cmake_clean_cache': False, 'cmake_clean_first': False, 'cmake_force_configure': False, 'cmake_target': None, 'cmake_target_skip_unavailable': False, 'install_base': '/home/g1/rokey_c2_ws/install/table_order', 'merge_install': False, 'path': '/home/g1/rokey_c2_ws/src/table_order', 'symlink_install': True, 'test_result_base': None}
[0.438s] INFO:colcon.colcon_core.executor:Executing jobs using 'parallel' executor
[0.440s] DEBUG:colcon.colcon_parallel_executor.executor.parallel:run_until_complete
[0.440s] INFO:colcon.colcon_ros.task.ament_cmake.build:Building ROS package in '/home/g1/rokey_c2_ws/src/serving_robot_msgs' with build type 'ament_cmake'
[0.440s] INFO:colcon.colcon_cmake.task.cmake.build:Building CMake package in '/home/g1/rokey_c2_ws/src/serving_robot_msgs'
[0.442s] INFO:colcon.colcon_core.plugin_system:Skipping extension 'colcon_core.shell.bat': Not used on non-Windows systems
[0.442s] INFO:colcon.colcon_core.shell:Skip shell extension 'powershell' for command environment: Not usable outside of PowerShell
[0.442s] DEBUG:colcon.colcon_core.shell:Skip shell extension 'dsv' for command environment
[0.446s] INFO:colcon.colcon_ros.task.ament_cmake.build:Building ROS package in '/home/g1/rokey_c2_ws/src/table_order_interface' with build type 'ament_cmake'
[0.447s] INFO:colcon.colcon_cmake.task.cmake.build:Building CMake package in '/home/g1/rokey_c2_ws/src/table_order_interface'
[0.447s] INFO:colcon.colcon_core.shell:Skip shell extension 'powershell' for command environment: Not usable outside of PowerShell
[0.447s] DEBUG:colcon.colcon_core.shell:Skip shell extension 'dsv' for command environment
[0.451s] INFO:colcon.colcon_ros.task.ament_python.build:Building ROS package in '/home/g1/rokey_c2_ws/src/database' with build type 'ament_python'
[0.451s] Level 1:colcon.colcon_core.shell:create_environment_hook('database', 'ament_prefix_path')
[0.451s] INFO:colcon.colcon_core.shell:Creating environment hook '/home/g1/rokey_c2_ws/install/database/share/database/hook/ament_prefix_path.ps1'
[0.452s] INFO:colcon.colcon_core.shell:Creating environment descriptor '/home/g1/rokey_c2_ws/install/database/share/database/hook/ament_prefix_path.dsv'
[0.452s] INFO:colcon.colcon_core.shell:Creating environment hook '/home/g1/rokey_c2_ws/install/database/share/database/hook/ament_prefix_path.sh'
[0.454s] INFO:colcon.colcon_core.shell:Skip shell extension 'powershell' for command environment: Not usable outside of PowerShell
[0.454s] DEBUG:colcon.colcon_core.shell:Skip shell extension 'dsv' for command environment
[0.462s] DEBUG:colcon.colcon_core.event_handler.log_command:Invoking command in '/home/g1/rokey_c2_ws/build/serving_robot_msgs': CMAKE_PREFIX_PATH=${CMAKE_PREFIX_PATH}:/home/g1/rokey_c2_ws/install/serving_robot:/home/g1/rokey_c2_ws/install/table_order:/home/g1/rokey_c2_ws/install/database:/home/g1/work/turtlebot3_ws/install/turtlebot3_teleop:/home/g1/work/turtlebot3_ws/install/turtlebot3_example:/opt/ros/humble /usr/bin/cmake --build /home/g1/rokey_c2_ws/build/serving_robot_msgs -- -j8 -l8
[0.467s] DEBUG:colcon.colcon_core.event_handler.log_command:Invoking command in '/home/g1/rokey_c2_ws/build/table_order_interface': CMAKE_PREFIX_PATH=${CMAKE_PREFIX_PATH}:/home/g1/rokey_c2_ws/install/serving_robot:/home/g1/rokey_c2_ws/install/table_order:/home/g1/rokey_c2_ws/install/database:/home/g1/work/turtlebot3_ws/install/turtlebot3_teleop:/home/g1/work/turtlebot3_ws/install/turtlebot3_example:/opt/ros/humble /usr/bin/cmake --build /home/g1/rokey_c2_ws/build/table_order_interface -- -j8 -l8
[0.943s] INFO:colcon.colcon_core.task.python.build:Building Python package in '/home/g1/rokey_c2_ws/src/database'
[0.943s] INFO:colcon.colcon_core.shell:Skip shell extension 'powershell' for command environment: Not usable outside of PowerShell
[0.943s] DEBUG:colcon.colcon_core.shell:Skip shell extension 'dsv' for command environment
[1.018s] DEBUG:colcon.colcon_core.event_handler.log_command:Invoked command in '/home/g1/rokey_c2_ws/build/table_order_interface' returned '0': CMAKE_PREFIX_PATH=${CMAKE_PREFIX_PATH}:/home/g1/rokey_c2_ws/install/serving_robot:/home/g1/rokey_c2_ws/install/table_order:/home/g1/rokey_c2_ws/install/database:/home/g1/work/turtlebot3_ws/install/turtlebot3_teleop:/home/g1/work/turtlebot3_ws/install/turtlebot3_example:/opt/ros/humble /usr/bin/cmake --build /home/g1/rokey_c2_ws/build/table_order_interface -- -j8 -l8
[1.020s] DEBUG:colcon.colcon_core.event_handler.log_command:Invoked command in '/home/g1/rokey_c2_ws/build/serving_robot_msgs' returned '0': CMAKE_PREFIX_PATH=${CMAKE_PREFIX_PATH}:/home/g1/rokey_c2_ws/install/serving_robot:/home/g1/rokey_c2_ws/install/table_order:/home/g1/rokey_c2_ws/install/database:/home/g1/work/turtlebot3_ws/install/turtlebot3_teleop:/home/g1/work/turtlebot3_ws/install/turtlebot3_example:/opt/ros/humble /usr/bin/cmake --build /home/g1/rokey_c2_ws/build/serving_robot_msgs -- -j8 -l8
[1.076s] DEBUG:colcon.colcon_core.event_handler.log_command:Invoking command in '/home/g1/rokey_c2_ws/build/table_order_interface': CMAKE_PREFIX_PATH=${CMAKE_PREFIX_PATH}:/home/g1/rokey_c2_ws/install/serving_robot:/home/g1/rokey_c2_ws/install/table_order:/home/g1/rokey_c2_ws/install/database:/home/g1/work/turtlebot3_ws/install/turtlebot3_teleop:/home/g1/work/turtlebot3_ws/install/turtlebot3_example:/opt/ros/humble /usr/bin/cmake --install /home/g1/rokey_c2_ws/build/table_order_interface
[1.114s] DEBUG:colcon.colcon_core.event_handler.log_command:Invoking command in '/home/g1/rokey_c2_ws/build/serving_robot_msgs': CMAKE_PREFIX_PATH=${CMAKE_PREFIX_PATH}:/home/g1/rokey_c2_ws/install/serving_robot:/home/g1/rokey_c2_ws/install/table_order:/home/g1/rokey_c2_ws/install/database:/home/g1/work/turtlebot3_ws/install/turtlebot3_teleop:/home/g1/work/turtlebot3_ws/install/turtlebot3_example:/opt/ros/humble /usr/bin/cmake --install /home/g1/rokey_c2_ws/build/serving_robot_msgs
[1.156s] Level 1:colcon.colcon_core.environment:create_environment_scripts_only(table_order_interface)
[1.158s] DEBUG:colcon.colcon_core.event_handler.log_command:Invoked command in '/home/g1/rokey_c2_ws/build/table_order_interface' returned '0': CMAKE_PREFIX_PATH=${CMAKE_PREFIX_PATH}:/home/g1/rokey_c2_ws/install/serving_robot:/home/g1/rokey_c2_ws/install/table_order:/home/g1/rokey_c2_ws/install/database:/home/g1/work/turtlebot3_ws/install/turtlebot3_teleop:/home/g1/work/turtlebot3_ws/install/turtlebot3_example:/opt/ros/humble /usr/bin/cmake --install /home/g1/rokey_c2_ws/build/table_order_interface
[1.161s] Level 1:colcon.colcon_core.environment:checking '/home/g1/rokey_c2_ws/install/table_order_interface' for CMake module files
[1.161s] Level 1:colcon.colcon_core.environment:checking '/home/g1/rokey_c2_ws/install/table_order_interface' for CMake config files
[1.161s] Level 1:colcon.colcon_core.shell:create_environment_hook('table_order_interface', 'cmake_prefix_path')
[1.162s] INFO:colcon.colcon_core.shell:Creating environment hook '/home/g1/rokey_c2_ws/install/table_order_interface/share/table_order_interface/hook/cmake_prefix_path.ps1'
[1.162s] INFO:colcon.colcon_core.shell:Creating environment descriptor '/home/g1/rokey_c2_ws/install/table_order_interface/share/table_order_interface/hook/cmake_prefix_path.dsv'
[1.162s] INFO:colcon.colcon_core.shell:Creating environment hook '/home/g1/rokey_c2_ws/install/table_order_interface/share/table_order_interface/hook/cmake_prefix_path.sh'
[1.163s] Level 1:colcon.colcon_core.environment:checking '/home/g1/rokey_c2_ws/install/table_order_interface/lib'
[1.163s] Level 1:colcon.colcon_core.shell:create_environment_hook('table_order_interface', 'ld_library_path_lib')
[1.163s] INFO:colcon.colcon_core.shell:Creating environment hook '/home/g1/rokey_c2_ws/install/table_order_interface/share/table_order_interface/hook/ld_library_path_lib.ps1'
[1.164s] INFO:colcon.colcon_core.shell:Creating environment descriptor '/home/g1/rokey_c2_ws/install/table_order_interface/share/table_order_interface/hook/ld_library_path_lib.dsv'
[1.164s] INFO:colcon.colcon_core.shell:Creating environment hook '/home/g1/rokey_c2_ws/install/table_order_interface/share/table_order_interface/hook/ld_library_path_lib.sh'
[1.164s] Level 1:colcon.colcon_core.environment:checking '/home/g1/rokey_c2_ws/install/table_order_interface/bin'
[1.164s] Level 1:colcon.colcon_core.environment:checking '/home/g1/rokey_c2_ws/install/table_order_interface/lib/pkgconfig/table_order_interface.pc'
[1.165s] Level 1:colcon.colcon_core.environment:checking '/home/g1/rokey_c2_ws/install/table_order_interface/lib/python3.10/site-packages'
[1.165s] Level 1:colcon.colcon_core.environment:checking '/home/g1/rokey_c2_ws/install/table_order_interface/bin'
[1.165s] INFO:colcon.colcon_core.shell:Creating package script '/home/g1/rokey_c2_ws/install/table_order_interface/share/table_order_interface/package.ps1'
[1.166s] INFO:colcon.colcon_core.shell:Creating package descriptor '/home/g1/rokey_c2_ws/install/table_order_interface/share/table_order_interface/package.dsv'
[1.166s] INFO:colcon.colcon_core.shell:Creating package script '/home/g1/rokey_c2_ws/install/table_order_interface/share/table_order_interface/package.sh'
[1.167s] INFO:colcon.colcon_core.shell:Creating package script '/home/g1/rokey_c2_ws/install/table_order_interface/share/table_order_interface/package.bash'
[1.168s] INFO:colcon.colcon_core.shell:Creating package script '/home/g1/rokey_c2_ws/install/table_order_interface/share/table_order_interface/package.zsh'
[1.169s] Level 1:colcon.colcon_core.environment:create_file_with_runtime_dependencies(/home/g1/rokey_c2_ws/install/table_order_interface/share/colcon-core/packages/table_order_interface)
[1.203s] Level 1:colcon.colcon_core.environment:create_environment_scripts_only(serving_robot_msgs)
[1.203s] Level 1:colcon.colcon_core.environment:checking '/home/g1/rokey_c2_ws/install/serving_robot_msgs' for CMake module files
[1.204s] DEBUG:colcon.colcon_core.event_handler.log_command:Invoked command in '/home/g1/rokey_c2_ws/build/serving_robot_msgs' returned '0': CMAKE_PREFIX_PATH=${CMAKE_PREFIX_PATH}:/home/g1/rokey_c2_ws/install/serving_robot:/home/g1/rokey_c2_ws/install/table_order:/home/g1/rokey_c2_ws/install/database:/home/g1/work/turtlebot3_ws/install/turtlebot3_teleop:/home/g1/work/turtlebot3_ws/install/turtlebot3_example:/opt/ros/humble /usr/bin/cmake --install /home/g1/rokey_c2_ws/build/serving_robot_msgs
[1.204s] Level 1:colcon.colcon_core.environment:checking '/home/g1/rokey_c2_ws/install/serving_robot_msgs' for CMake config files
[1.205s] Level 1:colcon.colcon_core.shell:create_environment_hook('serving_robot_msgs', 'cmake_prefix_path')
[1.205s] INFO:colcon.colcon_core.shell:Creating environment hook '/home/g1/rokey_c2_ws/install/serving_robot_msgs/share/serving_robot_msgs/hook/cmake_prefix_path.ps1'
[1.206s] INFO:colcon.colcon_core.shell:Creating environment descriptor '/home/g1/rokey_c2_ws/install/serving_robot_msgs/share/serving_robot_msgs/hook/cmake_prefix_path.dsv'
[1.206s] INFO:colcon.colcon_core.shell:Creating environment hook '/home/g1/rokey_c2_ws/install/serving_robot_msgs/share/serving_robot_msgs/hook/cmake_prefix_path.sh'
[1.207s] Level 1:colcon.colcon_core.environment:checking '/home/g1/rokey_c2_ws/install/serving_robot_msgs/lib'
[1.207s] Level 1:colcon.colcon_core.shell:create_environment_hook('serving_robot_msgs', 'ld_library_path_lib')
[1.207s] INFO:colcon.colcon_core.shell:Creating environment hook '/home/g1/rokey_c2_ws/install/serving_robot_msgs/share/serving_robot_msgs/hook/ld_library_path_lib.ps1'
[1.207s] INFO:colcon.colcon_core.shell:Creating environment descriptor '/home/g1/rokey_c2_ws/install/serving_robot_msgs/share/serving_robot_msgs/hook/ld_library_path_lib.dsv'
[1.208s] INFO:colcon.colcon_core.shell:Creating environment hook '/home/g1/rokey_c2_ws/install/serving_robot_msgs/share/serving_robot_msgs/hook/ld_library_path_lib.sh'
[1.208s] Level 1:colcon.colcon_core.environment:checking '/home/g1/rokey_c2_ws/install/serving_robot_msgs/bin'
[1.208s] Level 1:colcon.colcon_core.environment:checking '/home/g1/rokey_c2_ws/install/serving_robot_msgs/lib/pkgconfig/serving_robot_msgs.pc'
[1.209s] Level 1:colcon.colcon_core.environment:checking '/home/g1/rokey_c2_ws/install/serving_robot_msgs/lib/python3.10/site-packages'
[1.209s] Level 1:colcon.colcon_core.environment:checking '/home/g1/rokey_c2_ws/install/serving_robot_msgs/bin'
[1.209s] INFO:colcon.colcon_core.shell:Creating package script '/home/g1/rokey_c2_ws/install/serving_robot_msgs/share/serving_robot_msgs/package.ps1'
[1.210s] INFO:colcon.colcon_core.shell:Creating package descriptor '/home/g1/rokey_c2_ws/install/serving_robot_msgs/share/serving_robot_msgs/package.dsv'
[1.210s] INFO:colcon.colcon_core.shell:Creating package script '/home/g1/rokey_c2_ws/install/serving_robot_msgs/share/serving_robot_msgs/package.sh'
[1.210s] INFO:colcon.colcon_core.shell:Creating package script '/home/g1/rokey_c2_ws/install/serving_robot_msgs/share/serving_robot_msgs/package.bash'
[1.211s] INFO:colcon.colcon_core.shell:Creating package script '/home/g1/rokey_c2_ws/install/serving_robot_msgs/share/serving_robot_msgs/package.zsh'
[1.211s] Level 1:colcon.colcon_core.environment:create_file_with_runtime_dependencies(/home/g1/rokey_c2_ws/install/serving_robot_msgs/share/colcon-core/packages/serving_robot_msgs)
[1.218s] Level 1:colcon.colcon_core.environment:create_environment_scripts_only(table_order_interface)
[1.218s] Level 1:colcon.colcon_core.environment:checking '/home/g1/rokey_c2_ws/install/table_order_interface' for CMake module files
[1.219s] Level 1:colcon.colcon_core.environment:checking '/home/g1/rokey_c2_ws/install/table_order_interface' for CMake config files
[1.219s] Level 1:colcon.colcon_core.shell:create_environment_hook('table_order_interface', 'cmake_prefix_path')
[1.219s] INFO:colcon.colcon_core.shell:Creating environment hook '/home/g1/rokey_c2_ws/install/table_order_interface/share/table_order_interface/hook/cmake_prefix_path.ps1'
[1.219s] INFO:colcon.colcon_core.shell:Creating environment descriptor '/home/g1/rokey_c2_ws/install/table_order_interface/share/table_order_interface/hook/cmake_prefix_path.dsv'
[1.220s] INFO:colcon.colcon_core.shell:Creating environment hook '/home/g1/rokey_c2_ws/install/table_order_interface/share/table_order_interface/hook/cmake_prefix_path.sh'
[1.220s] Level 1:colcon.colcon_core.environment:checking '/home/g1/rokey_c2_ws/install/table_order_interface/lib'
[1.221s] Level 1:colcon.colcon_core.shell:create_environment_hook('table_order_interface', 'ld_library_path_lib')
[1.221s] INFO:colcon.colcon_core.shell:Creating environment hook '/home/g1/rokey_c2_ws/install/table_order_interface/share/table_order_interface/hook/ld_library_path_lib.ps1'
[1.221s] INFO:colcon.colcon_core.shell:Creating environment descriptor '/home/g1/rokey_c2_ws/install/table_order_interface/share/table_order_interface/hook/ld_library_path_lib.dsv'
[1.222s] INFO:colcon.colcon_core.shell:Creating environment hook '/home/g1/rokey_c2_ws/install/table_order_interface/share/table_order_interface/hook/ld_library_path_lib.sh'
[1.222s] Level 1:colcon.colcon_core.environment:checking '/home/g1/rokey_c2_ws/install/table_order_interface/bin'
[1.222s] Level 1:colcon.colcon_core.environment:checking '/home/g1/rokey_c2_ws/install/table_order_interface/lib/pkgconfig/table_order_interface.pc'
[1.222s] Level 1:colcon.colcon_core.environment:checking '/home/g1/rokey_c2_ws/install/table_order_interface/lib/python3.10/site-packages'
[1.222s] Level 1:colcon.colcon_core.environment:checking '/home/g1/rokey_c2_ws/install/table_order_interface/bin'
[1.223s] INFO:colcon.colcon_core.shell:Creating package script '/home/g1/rokey_c2_ws/install/table_order_interface/share/table_order_interface/package.ps1'
[1.223s] INFO:colcon.colcon_core.shell:Creating package descriptor '/home/g1/rokey_c2_ws/install/table_order_interface/share/table_order_interface/package.dsv'
[1.224s] INFO:colcon.colcon_core.shell:Creating package script '/home/g1/rokey_c2_ws/install/table_order_interface/share/table_order_interface/package.sh'
[1.224s] INFO:colcon.colcon_core.shell:Creating package script '/home/g1/rokey_c2_ws/install/table_order_interface/share/table_order_interface/package.bash'
[1.225s] INFO:colcon.colcon_core.shell:Creating package script '/home/g1/rokey_c2_ws/install/table_order_interface/share/table_order_interface/package.zsh'
[1.225s] Level 1:colcon.colcon_core.environment:create_file_with_runtime_dependencies(/home/g1/rokey_c2_ws/install/table_order_interface/share/colcon-core/packages/table_order_interface)
[1.225s] INFO:colcon.colcon_ros.task.ament_python.build:Building ROS package in '/home/g1/rokey_c2_ws/src/table_order' with build type 'ament_python'
[1.225s] Level 1:colcon.colcon_core.shell:create_environment_hook('table_order', 'ament_prefix_path')
[1.226s] INFO:colcon.colcon_core.shell:Creating environment hook '/home/g1/rokey_c2_ws/install/table_order/share/table_order/hook/ament_prefix_path.ps1'
[1.226s] INFO:colcon.colcon_core.shell:Creating environment descriptor '/home/g1/rokey_c2_ws/install/table_order/share/table_order/hook/ament_prefix_path.dsv'
[1.227s] INFO:colcon.colcon_core.shell:Creating environment hook '/home/g1/rokey_c2_ws/install/table_order/share/table_order/hook/ament_prefix_path.sh'
[1.227s] INFO:colcon.colcon_core.shell:Skip shell extension 'powershell' for command environment: Not usable outside of PowerShell
[1.228s] DEBUG:colcon.colcon_core.shell:Skip shell extension 'dsv' for command environment
[1.572s] INFO:colcon.colcon_core.task.python.build:Building Python package in '/home/g1/rokey_c2_ws/src/table_order'
[1.572s] INFO:colcon.colcon_core.shell:Skip shell extension 'powershell' for command environment: Not usable outside of PowerShell
[1.572s] DEBUG:colcon.colcon_core.shell:Skip shell extension 'dsv' for command environment
[1.577s] Level 1:colcon.colcon_core.environment:create_environment_scripts_only(serving_robot_msgs)
[1.578s] Level 1:colcon.colcon_core.environment:checking '/home/g1/rokey_c2_ws/install/serving_robot_msgs' for CMake module files
[1.578s] Level 1:colcon.colcon_core.environment:checking '/home/g1/rokey_c2_ws/install/serving_robot_msgs' for CMake config files
[1.579s] Level 1:colcon.colcon_core.shell:create_environment_hook('serving_robot_msgs', 'cmake_prefix_path')
[1.579s] INFO:colcon.colcon_core.shell:Creating environment hook '/home/g1/rokey_c2_ws/install/serving_robot_msgs/share/serving_robot_msgs/hook/cmake_prefix_path.ps1'
[1.579s] INFO:colcon.colcon_core.shell:Creating environment descriptor '/home/g1/rokey_c2_ws/install/serving_robot_msgs/share/serving_robot_msgs/hook/cmake_prefix_path.dsv'
[1.580s] INFO:colcon.colcon_core.shell:Creating environment hook '/home/g1/rokey_c2_ws/install/serving_robot_msgs/share/serving_robot_msgs/hook/cmake_prefix_path.sh'
[1.580s] Level 1:colcon.colcon_core.environment:checking '/home/g1/rokey_c2_ws/install/serving_robot_msgs/lib'
[1.580s] Level 1:colcon.colcon_core.shell:create_environment_hook('serving_robot_msgs', 'ld_library_path_lib')
[1.581s] INFO:colcon.colcon_core.shell:Creating environment hook '/home/g1/rokey_c2_ws/install/serving_robot_msgs/share/serving_robot_msgs/hook/ld_library_path_lib.ps1'
[1.581s] INFO:colcon.colcon_core.shell:Creating environment descriptor '/home/g1/rokey_c2_ws/install/serving_robot_msgs/share/serving_robot_msgs/hook/ld_library_path_lib.dsv'
[1.581s] INFO:colcon.colcon_core.shell:Creating environment hook '/home/g1/rokey_c2_ws/install/serving_robot_msgs/share/serving_robot_msgs/hook/ld_library_path_lib.sh'
[1.582s] Level 1:colcon.colcon_core.environment:checking '/home/g1/rokey_c2_ws/install/serving_robot_msgs/bin'
[1.582s] Level 1:colcon.colcon_core.environment:checking '/home/g1/rokey_c2_ws/install/serving_robot_msgs/lib/pkgconfig/serving_robot_msgs.pc'
[1.582s] Level 1:colcon.colcon_core.environment:checking '/home/g1/rokey_c2_ws/install/serving_robot_msgs/lib/python3.10/site-packages'
[1.582s] Level 1:colcon.colcon_core.environment:checking '/home/g1/rokey_c2_ws/install/serving_robot_msgs/bin'
[1.583s] INFO:colcon.colcon_core.shell:Creating package script '/home/g1/rokey_c2_ws/install/serving_robot_msgs/share/serving_robot_msgs/package.ps1'
[1.583s] INFO:colcon.colcon_core.shell:Creating package descriptor '/home/g1/rokey_c2_ws/install/serving_robot_msgs/share/serving_robot_msgs/package.dsv'
[1.584s] INFO:colcon.colcon_core.shell:Creating package script '/home/g1/rokey_c2_ws/install/serving_robot_msgs/share/serving_robot_msgs/package.sh'
[1.584s] INFO:colcon.colcon_core.shell:Creating package script '/home/g1/rokey_c2_ws/install/serving_robot_msgs/share/serving_robot_msgs/package.bash'
[1.584s] INFO:colcon.colcon_core.shell:Creating package script '/home/g1/rokey_c2_ws/install/serving_robot_msgs/share/serving_robot_msgs/package.zsh'
[1.585s] Level 1:colcon.colcon_core.environment:create_file_with_runtime_dependencies(/home/g1/rokey_c2_ws/install/serving_robot_msgs/share/colcon-core/packages/serving_robot_msgs)
[1.587s] INFO:colcon.colcon_ros.task.ament_python.build:Building ROS package in '/home/g1/rokey_c2_ws/src/serving_robot' with build type 'ament_python'
[1.587s] Level 1:colcon.colcon_core.shell:create_environment_hook('serving_robot', 'ament_prefix_path')
[1.587s] INFO:colcon.colcon_core.shell:Creating environment hook '/home/g1/rokey_c2_ws/install/serving_robot/share/serving_robot/hook/ament_prefix_path.ps1'
[1.588s] DEBUG:colcon.colcon_core.event_handler.log_command:Invoking command in '/home/g1/rokey_c2_ws/build/database': PYTHONPATH=/home/g1/rokey_c2_ws/build/database/prefix_override:/usr/lib/python3/dist-packages/colcon_core/task/python/colcon_distutils_commands:/home/g1/rokey_c2_ws/install/database/lib/python3.10/site-packages:${PYTHONPATH} /usr/bin/python3 -W ignore:setup.py install is deprecated setup.py develop --editable --build-directory /home/g1/rokey_c2_ws/build/database/build --no-deps symlink_data
[1.588s] INFO:colcon.colcon_core.shell:Creating environment descriptor '/home/g1/rokey_c2_ws/install/serving_robot/share/serving_robot/hook/ament_prefix_path.dsv'
[1.589s] INFO:colcon.colcon_core.shell:Creating environment hook '/home/g1/rokey_c2_ws/install/serving_robot/share/serving_robot/hook/ament_prefix_path.sh'
[1.589s] INFO:colcon.colcon_core.shell:Skip shell extension 'powershell' for command environment: Not usable outside of PowerShell
[1.589s] DEBUG:colcon.colcon_core.shell:Skip shell extension 'dsv' for command environment
[1.933s] INFO:colcon.colcon_core.task.python.build:Building Python package in '/home/g1/rokey_c2_ws/src/serving_robot'
[1.934s] INFO:colcon.colcon_core.shell:Skip shell extension 'powershell' for command environment: Not usable outside of PowerShell
[1.934s] DEBUG:colcon.colcon_core.shell:Skip shell extension 'dsv' for command environment
[2.026s] DEBUG:colcon.colcon_core.event_handler.log_command:Invoking command in '/home/g1/rokey_c2_ws/build/table_order': CMAKE_PREFIX_PATH=/home/g1/rokey_c2_ws/install/table_order_interface:/home/g1/rokey_c2_ws/install/serving_robot_msgs:/home/g1/work/turtlebot3_ws/install/turtlebot3:/home/g1/work/turtlebot3_ws/install/turtlebot3_simulations:/home/g1/work/turtlebot3_ws/install/turtlebot3_bringup:/home/g1/work/turtlebot3_ws/install/turtlebot3_node:/home/g1/work/turtlebot3_ws/install/turtlebot3_navigation2:/home/g1/work/turtlebot3_ws/install/turtlebot3_fake_node:/home/g1/work/turtlebot3_ws/install/turtlebot3_msgs:/home/g1/work/turtlebot3_ws/install/turtlebot3_gazebo:/home/g1/work/turtlebot3_ws/install/turtlebot3_description:/home/g1/work/turtlebot3_ws/install/turtlebot3_cartographer LD_LIBRARY_PATH=/home/g1/rokey_c2_ws/install/table_order_interface/lib:/home/g1/rokey_c2_ws/install/serving_robot_msgs/lib:/home/g1/work/turtlebot3_ws/install/turtlebot3_msgs/lib:/usr/lib/x86_64-linux-gnu/gazebo-11/plugins:/opt/ros/humble/opt/rviz_ogre_vendor/lib:/opt/ros/humble/lib/x86_64-linux-gnu:/opt/ros/humble/lib:/usr/lib/x86_64-linux-gnu/gazebo-11/plugins:/usr/lib/x86_64-linux-gnu/gazebo-11/plugins:/usr/lib/x86_64-linux-gnu/gazebo-11/plugins:/usr/lib/x86_64-linux-gnu/gazebo-11/plugins:/usr/lib/x86_64-linux-gnu/gazebo-11/plugins:/usr/lib/x86_64-linux-gnu/gazebo-11/plugins PYTHONPATH=/home/g1/rokey_c2_ws/build/table_order/prefix_override:/usr/lib/python3/dist-packages/colcon_core/task/python/colcon_distutils_commands:/home/g1/rokey_c2_ws/install/table_order/lib/python3.10/site-packages:${PYTHONPATH} /usr/bin/python3 -W ignore:setup.py install is deprecated setup.py develop --editable --build-directory /home/g1/rokey_c2_ws/build/table_order/build --no-deps symlink_data
[2.215s] Level 1:colcon.colcon_core.shell:create_environment_hook('database', 'pythonpath_develop')
[2.215s] INFO:colcon.colcon_core.shell:Creating environment hook '/home/g1/rokey_c2_ws/build/database/share/database/hook/pythonpath_develop.ps1'
[2.216s] DEBUG:colcon.colcon_core.event_handler.log_command:Invoked command in '/home/g1/rokey_c2_ws/build/database' returned '0': PYTHONPATH=/home/g1/rokey_c2_ws/build/database/prefix_override:/usr/lib/python3/dist-packages/colcon_core/task/python/colcon_distutils_commands:/home/g1/rokey_c2_ws/install/database/lib/python3.10/site-packages:${PYTHONPATH} /usr/bin/python3 -W ignore:setup.py install is deprecated setup.py develop --editable --build-directory /home/g1/rokey_c2_ws/build/database/build --no-deps symlink_data
[2.216s] INFO:colcon.colcon_core.shell:Creating environment descriptor '/home/g1/rokey_c2_ws/build/database/share/database/hook/pythonpath_develop.dsv'
[2.217s] INFO:colcon.colcon_core.shell:Creating environment hook '/home/g1/rokey_c2_ws/build/database/share/database/hook/pythonpath_develop.sh'
[2.217s] Level 1:colcon.colcon_core.environment:checking '/home/g1/rokey_c2_ws/install/database' for CMake module files
[2.218s] Level 1:colcon.colcon_core.environment:checking '/home/g1/rokey_c2_ws/install/database' for CMake config files
[2.218s] Level 1:colcon.colcon_core.environment:checking '/home/g1/rokey_c2_ws/install/database/lib'
[2.218s] Level 1:colcon.colcon_core.environment:checking '/home/g1/rokey_c2_ws/install/database/bin'
[2.218s] Level 1:colcon.colcon_core.environment:checking '/home/g1/rokey_c2_ws/install/database/lib/pkgconfig/database.pc'
[2.218s] Level 1:colcon.colcon_core.environment:checking '/home/g1/rokey_c2_ws/install/database/lib/python3.10/site-packages'
[2.218s] Level 1:colcon.colcon_core.shell:create_environment_hook('database', 'pythonpath')
[2.219s] INFO:colcon.colcon_core.shell:Creating environment hook '/home/g1/rokey_c2_ws/install/database/share/database/hook/pythonpath.ps1'
[2.219s] INFO:colcon.colcon_core.shell:Creating environment descriptor '/home/g1/rokey_c2_ws/install/database/share/database/hook/pythonpath.dsv'
[2.219s] INFO:colcon.colcon_core.shell:Creating environment hook '/home/g1/rokey_c2_ws/install/database/share/database/hook/pythonpath.sh'
[2.220s] Level 1:colcon.colcon_core.environment:checking '/home/g1/rokey_c2_ws/install/database/bin'
[2.220s] Level 1:colcon.colcon_core.environment:create_environment_scripts_only(database)
[2.220s] INFO:colcon.colcon_core.shell:Creating package script '/home/g1/rokey_c2_ws/install/database/share/database/package.ps1'
[2.221s] INFO:colcon.colcon_core.shell:Creating package descriptor '/home/g1/rokey_c2_ws/install/database/share/database/package.dsv'
[2.221s] INFO:colcon.colcon_core.shell:Creating package script '/home/g1/rokey_c2_ws/install/database/share/database/package.sh'
[2.222s] INFO:colcon.colcon_core.shell:Creating package script '/home/g1/rokey_c2_ws/install/database/share/database/package.bash'
[2.222s] INFO:colcon.colcon_core.shell:Creating package script '/home/g1/rokey_c2_ws/install/database/share/database/package.zsh'
[2.222s] Level 1:colcon.colcon_core.environment:create_file_with_runtime_dependencies(/home/g1/rokey_c2_ws/install/database/share/colcon-core/packages/database)
[2.375s] DEBUG:colcon.colcon_core.event_handler.log_command:Invoking command in '/home/g1/rokey_c2_ws/build/serving_robot': LD_LIBRARY_PATH=/home/g1/rokey_c2_ws/install/serving_robot_msgs/lib:/home/g1/rokey_c2_ws/install/table_order_interface/lib:/home/g1/work/turtlebot3_ws/install/turtlebot3_msgs/lib:/usr/lib/x86_64-linux-gnu/gazebo-11/plugins:/opt/ros/humble/opt/rviz_ogre_vendor/lib:/opt/ros/humble/lib/x86_64-linux-gnu:/opt/ros/humble/lib:/usr/lib/x86_64-linux-gnu/gazebo-11/plugins:/usr/lib/x86_64-linux-gnu/gazebo-11/plugins:/usr/lib/x86_64-linux-gnu/gazebo-11/plugins:/usr/lib/x86_64-linux-gnu/gazebo-11/plugins:/usr/lib/x86_64-linux-gnu/gazebo-11/plugins:/usr/lib/x86_64-linux-gnu/gazebo-11/plugins PYTHONPATH=/home/g1/rokey_c2_ws/build/serving_robot/prefix_override:/usr/lib/python3/dist-packages/colcon_core/task/python/colcon_distutils_commands:/home/g1/rokey_c2_ws/install/serving_robot/lib/python3.10/site-packages:${PYTHONPATH} /usr/bin/python3 -W ignore:setup.py install is deprecated setup.py develop --editable --build-directory /home/g1/rokey_c2_ws/build/serving_robot/build --no-deps symlink_data
[2.642s] Level 1:colcon.colcon_core.shell:create_environment_hook('table_order', 'pythonpath_develop')
[2.642s] INFO:colcon.colcon_core.shell:Creating environment hook '/home/g1/rokey_c2_ws/build/table_order/share/table_order/hook/pythonpath_develop.ps1'
[2.643s] DEBUG:colcon.colcon_core.event_handler.log_command:Invoked command in '/home/g1/rokey_c2_ws/build/table_order' returned '0': CMAKE_PREFIX_PATH=/home/g1/rokey_c2_ws/install/table_order_interface:/home/g1/rokey_c2_ws/install/serving_robot_msgs:/home/g1/work/turtlebot3_ws/install/turtlebot3:/home/g1/work/turtlebot3_ws/install/turtlebot3_simulations:/home/g1/work/turtlebot3_ws/install/turtlebot3_bringup:/home/g1/work/turtlebot3_ws/install/turtlebot3_node:/home/g1/work/turtlebot3_ws/install/turtlebot3_navigation2:/home/g1/work/turtlebot3_ws/install/turtlebot3_fake_node:/home/g1/work/turtlebot3_ws/install/turtlebot3_msgs:/home/g1/work/turtlebot3_ws/install/turtlebot3_gazebo:/home/g1/work/turtlebot3_ws/install/turtlebot3_description:/home/g1/work/turtlebot3_ws/install/turtlebot3_cartographer LD_LIBRARY_PATH=/home/g1/rokey_c2_ws/install/table_order_interface/lib:/home/g1/rokey_c2_ws/install/serving_robot_msgs/lib:/home/g1/work/turtlebot3_ws/install/turtlebot3_msgs/lib:/usr/lib/x86_64-linux-gnu/gazebo-11/plugins:/opt/ros/humble/opt/rviz_ogre_vendor/lib:/opt/ros/humble/lib/x86_64-linux-gnu:/opt/ros/humble/lib:/usr/lib/x86_64-linux-gnu/gazebo-11/plugins:/usr/lib/x86_64-linux-gnu/gazebo-11/plugins:/usr/lib/x86_64-linux-gnu/gazebo-11/plugins:/usr/lib/x86_64-linux-gnu/gazebo-11/plugins:/usr/lib/x86_64-linux-gnu/gazebo-11/plugins:/usr/lib/x86_64-linux-gnu/gazebo-11/plugins PYTHONPATH=/home/g1/rokey_c2_ws/build/table_order/prefix_override:/usr/lib/python3/dist-packages/colcon_core/task/python/colcon_distutils_commands:/home/g1/rokey_c2_ws/install/table_order/lib/python3.10/site-packages:${PYTHONPATH} /usr/bin/python3 -W ignore:setup.py install is deprecated setup.py develop --editable --build-directory /home/g1/rokey_c2_ws/build/table_order/build --no-deps symlink_data
[2.644s] INFO:colcon.colcon_core.shell:Creating environment descriptor '/home/g1/rokey_c2_ws/build/table_order/share/table_order/hook/pythonpath_develop.dsv'
[2.644s] INFO:colcon.colcon_core.shell:Creating environment hook '/home/g1/rokey_c2_ws/build/table_order/share/table_order/hook/pythonpath_develop.sh'
[2.644s] Level 1:colcon.colcon_core.environment:checking '/home/g1/rokey_c2_ws/install/table_order' for CMake module files
[2.645s] Level 1:colcon.colcon_core.environment:checking '/home/g1/rokey_c2_ws/install/table_order' for CMake config files
[2.645s] Level 1:colcon.colcon_core.environment:checking '/home/g1/rokey_c2_ws/install/table_order/lib'
[2.645s] Level 1:colcon.colcon_core.environment:checking '/home/g1/rokey_c2_ws/install/table_order/bin'
[2.645s] Level 1:colcon.colcon_core.environment:checking '/home/g1/rokey_c2_ws/install/table_order/lib/pkgconfig/table_order.pc'
[2.646s] Level 1:colcon.colcon_core.environment:checking '/home/g1/rokey_c2_ws/install/table_order/lib/python3.10/site-packages'
[2.646s] Level 1:colcon.colcon_core.shell:create_environment_hook('table_order', 'pythonpath')
[2.646s] INFO:colcon.colcon_core.shell:Creating environment hook '/home/g1/rokey_c2_ws/install/table_order/share/table_order/hook/pythonpath.ps1'
[2.646s] INFO:colcon.colcon_core.shell:Creating environment descriptor '/home/g1/rokey_c2_ws/install/table_order/share/table_order/hook/pythonpath.dsv'
[2.647s] INFO:colcon.colcon_core.shell:Creating environment hook '/home/g1/rokey_c2_ws/install/table_order/share/table_order/hook/pythonpath.sh'
[2.647s] Level 1:colcon.colcon_core.environment:checking '/home/g1/rokey_c2_ws/install/table_order/bin'
[2.647s] Level 1:colcon.colcon_core.environment:create_environment_scripts_only(table_order)
[2.648s] INFO:colcon.colcon_core.shell:Creating package script '/home/g1/rokey_c2_ws/install/table_order/share/table_order/package.ps1'
[2.648s] INFO:colcon.colcon_core.shell:Creating package descriptor '/home/g1/rokey_c2_ws/install/table_order/share/table_order/package.dsv'
[2.648s] INFO:colcon.colcon_core.shell:Creating package script '/home/g1/rokey_c2_ws/install/table_order/share/table_order/package.sh'
[2.649s] INFO:colcon.colcon_core.shell:Creating package script '/home/g1/rokey_c2_ws/install/table_order/share/table_order/package.bash'
[2.649s] INFO:colcon.colcon_core.shell:Creating package script '/home/g1/rokey_c2_ws/install/table_order/share/table_order/package.zsh'
[2.649s] Level 1:colcon.colcon_core.environment:create_file_with_runtime_dependencies(/home/g1/rokey_c2_ws/install/table_order/share/colcon-core/packages/table_order)
[2.976s] Level 1:colcon.colcon_core.shell:create_environment_hook('serving_robot', 'pythonpath_develop')
[2.977s] INFO:colcon.colcon_core.shell:Creating environment hook '/home/g1/rokey_c2_ws/build/serving_robot/share/serving_robot/hook/pythonpath_develop.ps1'
[2.977s] DEBUG:colcon.colcon_core.event_handler.log_command:Invoked command in '/home/g1/rokey_c2_ws/build/serving_robot' returned '0': LD_LIBRARY_PATH=/home/g1/rokey_c2_ws/install/serving_robot_msgs/lib:/home/g1/rokey_c2_ws/install/table_order_interface/lib:/home/g1/work/turtlebot3_ws/install/turtlebot3_msgs/lib:/usr/lib/x86_64-linux-gnu/gazebo-11/plugins:/opt/ros/humble/opt/rviz_ogre_vendor/lib:/opt/ros/humble/lib/x86_64-linux-gnu:/opt/ros/humble/lib:/usr/lib/x86_64-linux-gnu/gazebo-11/plugins:/usr/lib/x86_64-linux-gnu/gazebo-11/plugins:/usr/lib/x86_64-linux-gnu/gazebo-11/plugins:/usr/lib/x86_64-linux-gnu/gazebo-11/plugins:/usr/lib/x86_64-linux-gnu/gazebo-11/plugins:/usr/lib/x86_64-linux-gnu/gazebo-11/plugins PYTHONPATH=/home/g1/rokey_c2_ws/build/serving_robot/prefix_override:/usr/lib/python3/dist-packages/colcon_core/task/python/colcon_distutils_commands:/home/g1/rokey_c2_ws/install/serving_robot/lib/python3.10/site-packages:${PYTHONPATH} /usr/bin/python3 -W ignore:setup.py install is deprecated setup.py develop --editable --build-directory /home/g1/rokey_c2_ws/build/serving_robot/build --no-deps symlink_data
[2.978s] INFO:colcon.colcon_core.shell:Creating environment descriptor '/home/g1/rokey_c2_ws/build/serving_robot/share/serving_robot/hook/pythonpath_develop.dsv'
[2.978s] INFO:colcon.colcon_core.shell:Creating environment hook '/home/g1/rokey_c2_ws/build/serving_robot/share/serving_robot/hook/pythonpath_develop.sh'
[2.979s] Level 1:colcon.colcon_core.environment:checking '/home/g1/rokey_c2_ws/install/serving_robot' for CMake module files
[2.979s] Level 1:colcon.colcon_core.environment:checking '/home/g1/rokey_c2_ws/install/serving_robot' for CMake config files
[2.980s] Level 1:colcon.colcon_core.environment:checking '/home/g1/rokey_c2_ws/install/serving_robot/lib'
[2.980s] Level 1:colcon.colcon_core.environment:checking '/home/g1/rokey_c2_ws/install/serving_robot/bin'
[2.980s] Level 1:colcon.colcon_core.environment:checking '/home/g1/rokey_c2_ws/install/serving_robot/lib/pkgconfig/serving_robot.pc'
[2.980s] Level 1:colcon.colcon_core.environment:checking '/home/g1/rokey_c2_ws/install/serving_robot/lib/python3.10/site-packages'
[2.980s] Level 1:colcon.colcon_core.shell:create_environment_hook('serving_robot', 'pythonpath')
[2.980s] INFO:colcon.colcon_core.shell:Creating environment hook '/home/g1/rokey_c2_ws/install/serving_robot/share/serving_robot/hook/pythonpath.ps1'
[2.981s] INFO:colcon.colcon_core.shell:Creating environment descriptor '/home/g1/rokey_c2_ws/install/serving_robot/share/serving_robot/hook/pythonpath.dsv'
[2.981s] INFO:colcon.colcon_core.shell:Creating environment hook '/home/g1/rokey_c2_ws/install/serving_robot/share/serving_robot/hook/pythonpath.sh'
[2.982s] Level 1:colcon.colcon_core.environment:checking '/home/g1/rokey_c2_ws/install/serving_robot/bin'
[2.982s] Level 1:colcon.colcon_core.environment:create_environment_scripts_only(serving_robot)
[2.982s] INFO:colcon.colcon_core.shell:Creating package script '/home/g1/rokey_c2_ws/install/serving_robot/share/serving_robot/package.ps1'
[2.983s] INFO:colcon.colcon_core.shell:Creating package descriptor '/home/g1/rokey_c2_ws/install/serving_robot/share/serving_robot/package.dsv'
[2.983s] INFO:colcon.colcon_core.shell:Creating package script '/home/g1/rokey_c2_ws/install/serving_robot/share/serving_robot/package.sh'
[2.984s] INFO:colcon.colcon_core.shell:Creating package script '/home/g1/rokey_c2_ws/install/serving_robot/share/serving_robot/package.bash'
[2.984s] INFO:colcon.colcon_core.shell:Creating package script '/home/g1/rokey_c2_ws/install/serving_robot/share/serving_robot/package.zsh'
[2.984s] Level 1:colcon.colcon_core.environment:create_file_with_runtime_dependencies(/home/g1/rokey_c2_ws/install/serving_robot/share/colcon-core/packages/serving_robot)
[2.985s] DEBUG:colcon.colcon_parallel_executor.executor.parallel:closing loop
[2.985s] DEBUG:colcon.colcon_parallel_executor.executor.parallel:loop closed
[2.985s] DEBUG:colcon.colcon_parallel_executor.executor.parallel:run_until_complete finished with '0'
[2.985s] DEBUG:colcon.colcon_core.event_reactor:joining thread
[2.990s] INFO:colcon.colcon_core.plugin_system:Skipping extension 'colcon_notification.desktop_notification.terminal_notifier': Not used on non-Darwin systems
[2.990s] INFO:colcon.colcon_core.plugin_system:Skipping extension 'colcon_notification.desktop_notification.win32': Not used on non-Windows systems
[2.991s] INFO:colcon.colcon_notification.desktop_notification:Sending desktop notification using 'notify2'
[3.000s] DEBUG:colcon.colcon_core.event_reactor:joined thread
[3.000s] INFO:colcon.colcon_core.shell:Creating prefix script '/home/g1/rokey_c2_ws/install/local_setup.ps1'
[3.002s] INFO:colcon.colcon_core.shell:Creating prefix util module '/home/g1/rokey_c2_ws/install/_local_setup_util_ps1.py'
[3.003s] INFO:colcon.colcon_core.shell:Creating prefix chain script '/home/g1/rokey_c2_ws/install/setup.ps1'
[3.005s] INFO:colcon.colcon_core.shell:Creating prefix script '/home/g1/rokey_c2_ws/install/local_setup.sh'
[3.006s] INFO:colcon.colcon_core.shell:Creating prefix util module '/home/g1/rokey_c2_ws/install/_local_setup_util_sh.py'
[3.007s] INFO:colcon.colcon_core.shell:Creating prefix chain script '/home/g1/rokey_c2_ws/install/setup.sh'
[3.009s] INFO:colcon.colcon_core.shell:Creating prefix script '/home/g1/rokey_c2_ws/install/local_setup.bash'
[3.009s] INFO:colcon.colcon_core.shell:Creating prefix chain script '/home/g1/rokey_c2_ws/install/setup.bash'
[3.011s] INFO:colcon.colcon_core.shell:Creating prefix script '/home/g1/rokey_c2_ws/install/local_setup.zsh'
[3.011s] INFO:colcon.colcon_core.shell:Creating prefix chain script '/home/g1/rokey_c2_ws/install/setup.zsh'
