[1.709s] Invoking command in '/home/g1/rokey_c_2_ws/build/table_order': LD_LIBRARY_PATH=/home/g1/rokey_c_2_ws/install/table_order_interface/lib:/home/g1/rokey_c_2_ws/install/serving_robot_msgs/lib:/home/g1/work/turtlebot3_ws/install/turtlebot3_msgs/lib:/usr/lib/x86_64-linux-gnu/gazebo-11/plugins:/opt/ros/humble/opt/rviz_ogre_vendor/lib:/opt/ros/humble/lib/x86_64-linux-gnu:/opt/ros/humble/lib:/usr/lib/x86_64-linux-gnu/gazebo-11/plugins PYTHONPATH=/home/g1/rokey_c_2_ws/build/table_order/prefix_override:/usr/lib/python3/dist-packages/colcon_core/task/python/colcon_distutils_commands:/home/g1/rokey_c_2_ws/install/table_order/lib/python3.10/site-packages:${PYTHONPATH} /usr/bin/python3 -W ignore:setup.py install is deprecated setup.py develop --editable --build-directory /home/g1/rokey_c_2_ws/build/table_order/build --no-deps symlink_data
[2.466s] running develop
[2.902s] running egg_info
[2.902s] creating table_order.egg-info
[2.902s] writing table_order.egg-info/PKG-INFO
[2.903s] writing dependency_links to table_order.egg-info/dependency_links.txt
[2.903s] writing entry points to table_order.egg-info/entry_points.txt
[2.903s] writing requirements to table_order.egg-info/requires.txt
[2.904s] writing top-level names to table_order.egg-info/top_level.txt
[2.904s] writing manifest file 'table_order.egg-info/SOURCES.txt'
[2.907s] reading manifest file 'table_order.egg-info/SOURCES.txt'
[2.909s] writing manifest file 'table_order.egg-info/SOURCES.txt'
[2.916s] running build_ext
[2.916s] Creating /home/g1/rokey_c_2_ws/install/table_order/lib/python3.10/site-packages/table-order.egg-link (link to .)
[2.917s] Installing response_test script to /home/g1/rokey_c_2_ws/install/table_order/lib/table_order
[2.917s] Installing table_order script to /home/g1/rokey_c_2_ws/install/table_order/lib/table_order
[2.917s] Installing table_order_copy script to /home/g1/rokey_c_2_ws/install/table_order/lib/table_order
[2.917s] 
[2.917s] Installed /home/g1/rokey_c_2_ws/build/table_order
[2.917s] running symlink_data
[2.917s] creating /home/g1/rokey_c_2_ws/install/table_order/share/ament_index
[2.917s] creating /home/g1/rokey_c_2_ws/install/table_order/share/ament_index/resource_index
[2.917s] creating /home/g1/rokey_c_2_ws/install/table_order/share/ament_index/resource_index/packages
[2.917s] symbolically linking /home/g1/rokey_c_2_ws/build/table_order/resource/table_order -> /home/g1/rokey_c_2_ws/install/table_order/share/ament_index/resource_index/packages
[2.918s] symbolically linking /home/g1/rokey_c_2_ws/build/table_order/package.xml -> /home/g1/rokey_c_2_ws/install/table_order/share/table_order
[3.007s] Invoked command in '/home/g1/rokey_c_2_ws/build/table_order' returned '0': LD_LIBRARY_PATH=/home/g1/rokey_c_2_ws/install/table_order_interface/lib:/home/g1/rokey_c_2_ws/install/serving_robot_msgs/lib:/home/g1/work/turtlebot3_ws/install/turtlebot3_msgs/lib:/usr/lib/x86_64-linux-gnu/gazebo-11/plugins:/opt/ros/humble/opt/rviz_ogre_vendor/lib:/opt/ros/humble/lib/x86_64-linux-gnu:/opt/ros/humble/lib:/usr/lib/x86_64-linux-gnu/gazebo-11/plugins PYTHONPATH=/home/g1/rokey_c_2_ws/build/table_order/prefix_override:/usr/lib/python3/dist-packages/colcon_core/task/python/colcon_distutils_commands:/home/g1/rokey_c_2_ws/install/table_order/lib/python3.10/site-packages:${PYTHONPATH} /usr/bin/python3 -W ignore:setup.py install is deprecated setup.py develop --editable --build-directory /home/g1/rokey_c_2_ws/build/table_order/build --no-deps symlink_data
