[0.024s] Invoking command in '/home/g1/rokey_c_2_ws/build/table_order_interface': CMAKE_PREFIX_PATH=${CMAKE_PREFIX_PATH}:/home/g1/rokey_c_2_ws/install/table_order:/home/g1/rokey_c_2_ws/install/serving_robot:/home/g1/rokey_c_2_ws/install/database:/home/g1/work/turtlebot3_ws/install/turtlebot3_teleop:/home/g1/work/turtlebot3_ws/install/turtlebot3_example:/opt/ros/humble /usr/bin/cmake /home/g1/rokey_c_2_ws/src/table_order_interface -DAMENT_CMAKE_SYMLINK_INSTALL=1 -DCMAKE_INSTALL_PREFIX=/home/g1/rokey_c_2_ws/install/table_order_interface
[0.452s] -- The C compiler identification is GNU 11.4.0
[0.452s] -- The CXX compiler identification is GNU 11.4.0
[0.452s] -- Detecting C compiler ABI info
[0.452s] -- Detecting C compiler ABI info - done
[0.452s] -- Check for working C compiler: /usr/bin/cc - skipped
[0.452s] -- Detecting C compile features
[0.452s] -- Detecting C compile features - done
[0.452s] -- Detecting CXX compiler ABI info
[0.453s] -- Detecting CXX compiler ABI info - done
[0.453s] -- Check for working CXX compiler: /usr/bin/c++ - skipped
[0.453s] -- Detecting CXX compile features
[0.453s] -- Detecting CXX compile features - done
[0.453s] -- Found ament_cmake: 1.3.10 (/opt/ros/humble/share/ament_cmake/cmake)
[0.511s] -- Found Python3: /usr/bin/python3 (found version "3.10.12") found components: Interpreter 
[0.580s] -- Override CMake install command with custom implementation using symlinks instead of copying resources
[0.636s] -- Found builtin_interfaces: 1.2.1 (/opt/ros/humble/share/builtin_interfaces/cmake)
[0.697s] -- Found rosidl_generator_c: 3.1.5 (/opt/ros/humble/share/rosidl_generator_c/cmake)
[0.707s] -- Found rosidl_adapter: 3.1.5 (/opt/ros/humble/share/rosidl_adapter/cmake)
[0.723s] -- Found rosidl_generator_cpp: 3.1.5 (/opt/ros/humble/share/rosidl_generator_cpp/cmake)
[0.746s] -- Using all available rosidl_typesupport_c: rosidl_typesupport_fastrtps_c;rosidl_typesupport_introspection_c
[0.777s] -- Using all available rosidl_typesupport_cpp: rosidl_typesupport_fastrtps_cpp;rosidl_typesupport_introspection_cpp
[0.807s] -- Found rosidl_default_generators: 1.2.0 (/opt/ros/humble/share/rosidl_default_generators/cmake)
[1.279s] -- Found ament_cmake_ros: 0.10.0 (/opt/ros/humble/share/ament_cmake_ros/cmake)
[1.774s] -- Using all available rosidl_typesupport_c: rosidl_typesupport_fastrtps_c;rosidl_typesupport_introspection_c
[1.894s] -- Using all available rosidl_typesupport_cpp: rosidl_typesupport_fastrtps_cpp;rosidl_typesupport_introspection_cpp
[1.918s] -- Found PythonInterp: /usr/bin/python3 (found suitable version "3.10.12", minimum required is "3.6") 
[1.922s] -- Found python_cmake_module: 0.10.0 (/opt/ros/humble/share/python_cmake_module/cmake)
[1.956s] -- Found PythonLibs: /usr/lib/x86_64-linux-gnu/libpython3.10.so (found suitable version "3.10.12", minimum required is "3.5") 
[1.957s] -- Using PYTHON_EXECUTABLE: /usr/bin/python3
[1.957s] -- Using PYTHON_INCLUDE_DIRS: /usr/include/python3.10
[1.957s] -- Using PYTHON_LIBRARIES: /usr/lib/x86_64-linux-gnu/libpython3.10.so
[2.012s] -- Found PythonExtra: .so  
[2.112s] -- Found ament_lint_auto: 0.12.11 (/opt/ros/humble/share/ament_lint_auto/cmake)
[2.156s] -- Added test 'lint_cmake' to check CMake code style
[2.156s] -- Added test 'xmllint' to check XML markup files
[2.161s] -- Configuring done
[2.217s] -- Generating done
[2.221s] -- Build files have been written to: /home/g1/rokey_c_2_ws/build/table_order_interface
[2.228s] Invoked command in '/home/g1/rokey_c_2_ws/build/table_order_interface' returned '0': CMAKE_PREFIX_PATH=${CMAKE_PREFIX_PATH}:/home/g1/rokey_c_2_ws/install/table_order:/home/g1/rokey_c_2_ws/install/serving_robot:/home/g1/rokey_c_2_ws/install/database:/home/g1/work/turtlebot3_ws/install/turtlebot3_teleop:/home/g1/work/turtlebot3_ws/install/turtlebot3_example:/opt/ros/humble /usr/bin/cmake /home/g1/rokey_c_2_ws/src/table_order_interface -DAMENT_CMAKE_SYMLINK_INSTALL=1 -DCMAKE_INSTALL_PREFIX=/home/g1/rokey_c_2_ws/install/table_order_interface
[2.232s] Invoking command in '/home/g1/rokey_c_2_ws/build/table_order_interface': CMAKE_PREFIX_PATH=${CMAKE_PREFIX_PATH}:/home/g1/rokey_c_2_ws/install/table_order:/home/g1/rokey_c_2_ws/install/serving_robot:/home/g1/rokey_c_2_ws/install/database:/home/g1/work/turtlebot3_ws/install/turtlebot3_teleop:/home/g1/work/turtlebot3_ws/install/turtlebot3_example:/opt/ros/humble /usr/bin/cmake --build /home/g1/rokey_c_2_ws/build/table_order_interface -- -j8 -l8
[2.285s] [  3%] [34m[1mGenerating C code for ROS interfaces[0m
[2.298s] [  6%] [34m[1mGenerating C++ code for ROS interfaces[0m
[2.307s] [  6%] Built target ament_cmake_python_symlink_table_order_interface
[2.933s] running egg_info
[2.935s] creating table_order_interface.egg-info
[2.935s] writing table_order_interface.egg-info/PKG-INFO
[2.935s] writing dependency_links to table_order_interface.egg-info/dependency_links.txt
[2.935s] writing top-level names to table_order_interface.egg-info/top_level.txt
[2.936s] writing manifest file 'table_order_interface.egg-info/SOURCES.txt'
[2.944s] reading manifest file 'table_order_interface.egg-info/SOURCES.txt'
[2.944s] writing manifest file 'table_order_interface.egg-info/SOURCES.txt'
[3.019s] [  6%] Built target ament_cmake_python_build_table_order_interface_egg
[3.042s] [  9%] [32mBuilding C object CMakeFiles/table_order_interface__rosidl_generator_c.dir/rosidl_generator_c/table_order_interface/srv/detail/set_order__functions.c.o[0m
[3.167s] [  9%] Built target table_order_interface__cpp
[3.182s] [ 12%] [32m[1mLinking C shared library libtable_order_interface__rosidl_generator_c.so[0m
[3.183s] [ 16%] [34m[1mGenerating C++ type support for eProsima Fast-RTPS[0m
[3.191s] [ 19%] [34m[1mGenerating C++ type support dispatch for ROS interfaces[0m
[3.199s] [ 22%] [34m[1mGenerating C++ introspection for ROS interfaces[0m
[3.323s] [ 22%] Built target table_order_interface__rosidl_generator_c
[3.346s] [ 25%] [34m[1mGenerating C introspection for ROS interfaces[0m
[3.351s] [ 29%] [34m[1mGenerating C type support for eProsima Fast-RTPS[0m
[3.394s] [ 32%] [34m[1mGenerating C type support dispatch for ROS interfaces[0m
[4.298s] [ 35%] [32mBuilding C object CMakeFiles/table_order_interface__rosidl_typesupport_introspection_c.dir/rosidl_typesupport_introspection_c/table_order_interface/srv/detail/set_order__type_support.c.o[0m
[4.445s] [ 38%] [32m[1mLinking C shared library libtable_order_interface__rosidl_typesupport_introspection_c.so[0m
[4.524s] [ 41%] [32mBuilding CXX object CMakeFiles/table_order_interface__rosidl_typesupport_introspection_cpp.dir/rosidl_typesupport_introspection_cpp/table_order_interface/srv/detail/set_order__type_support.cpp.o[0m
[4.601s] [ 41%] Built target table_order_interface__rosidl_typesupport_introspection_c
[4.663s] [ 45%] [32mBuilding CXX object CMakeFiles/table_order_interface__rosidl_typesupport_cpp.dir/rosidl_typesupport_cpp/table_order_interface/srv/set_order__type_support.cpp.o[0m
[4.737s] [ 48%] [32mBuilding CXX object CMakeFiles/table_order_interface__rosidl_typesupport_fastrtps_cpp.dir/rosidl_typesupport_fastrtps_cpp/table_order_interface/srv/detail/dds_fastrtps/set_order__type_support.cpp.o[0m
[5.035s] [ 51%] [32mBuilding CXX object CMakeFiles/table_order_interface__rosidl_typesupport_c.dir/rosidl_typesupport_c/table_order_interface/srv/set_order__type_support.cpp.o[0m
[5.179s] [ 54%] [32m[1mLinking CXX shared library libtable_order_interface__rosidl_typesupport_c.so[0m
[5.338s] [ 54%] Built target table_order_interface__rosidl_typesupport_c
[5.380s] [ 58%] [32mBuilding CXX object CMakeFiles/table_order_interface__rosidl_typesupport_fastrtps_c.dir/rosidl_typesupport_fastrtps_c/table_order_interface/srv/detail/set_order__type_support_c.cpp.o[0m
[5.960s] [ 61%] [32m[1mLinking CXX shared library libtable_order_interface__rosidl_typesupport_cpp.so[0m
[6.097s] [ 61%] Built target table_order_interface__rosidl_typesupport_cpp
[7.189s] [ 64%] [32m[1mLinking CXX shared library libtable_order_interface__rosidl_typesupport_introspection_cpp.so[0m
[7.366s] [ 67%] [32m[1mLinking CXX shared library libtable_order_interface__rosidl_typesupport_fastrtps_c.so[0m
[7.626s] [ 67%] Built target table_order_interface__rosidl_typesupport_introspection_cpp
[7.708s] [ 67%] Built target table_order_interface__rosidl_typesupport_fastrtps_c
[8.009s] [ 70%] [32m[1mLinking CXX shared library libtable_order_interface__rosidl_typesupport_fastrtps_cpp.so[0m
[8.463s] [ 70%] Built target table_order_interface__rosidl_typesupport_fastrtps_cpp
[8.555s] [ 70%] Built target table_order_interface
[8.655s] [ 74%] [34m[1mGenerating Python code for ROS interfaces[0m
[10.379s] [ 74%] Built target table_order_interface__py
[10.467s] [ 77%] [32mBuilding C object CMakeFiles/table_order_interface__rosidl_generator_py.dir/rosidl_generator_py/table_order_interface/srv/_set_order_s.c.o[0m
[10.753s] [ 80%] [32m[1mLinking C shared library rosidl_generator_py/table_order_interface/libtable_order_interface__rosidl_generator_py.so[0m
[10.846s] [ 80%] Built target table_order_interface__rosidl_generator_py
[10.898s] [ 83%] [32mBuilding C object CMakeFiles/table_order_interface__rosidl_typesupport_fastrtps_c__pyext.dir/rosidl_generator_py/table_order_interface/_table_order_interface_s.ep.rosidl_typesupport_fastrtps_c.c.o[0m
[10.907s] [ 87%] [32mBuilding C object CMakeFiles/table_order_interface__rosidl_typesupport_introspection_c__pyext.dir/rosidl_generator_py/table_order_interface/_table_order_interface_s.ep.rosidl_typesupport_introspection_c.c.o[0m
[10.917s] [ 90%] [32mBuilding C object CMakeFiles/table_order_interface__rosidl_typesupport_c__pyext.dir/rosidl_generator_py/table_order_interface/_table_order_interface_s.ep.rosidl_typesupport_c.c.o[0m
[11.100s] [ 93%] [32m[1mLinking C shared library rosidl_generator_py/table_order_interface/table_order_interface_s__rosidl_typesupport_introspection_c.cpython-310-x86_64-linux-gnu.so[0m
[11.134s] [ 96%] [32m[1mLinking C shared library rosidl_generator_py/table_order_interface/table_order_interface_s__rosidl_typesupport_c.cpython-310-x86_64-linux-gnu.so[0m
[11.168s] [100%] [32m[1mLinking C shared library rosidl_generator_py/table_order_interface/table_order_interface_s__rosidl_typesupport_fastrtps_c.cpython-310-x86_64-linux-gnu.so[0m
[11.213s] [100%] Built target table_order_interface__rosidl_typesupport_introspection_c__pyext
[11.224s] [100%] Built target table_order_interface__rosidl_typesupport_c__pyext
[11.262s] [100%] Built target table_order_interface__rosidl_typesupport_fastrtps_c__pyext
[11.287s] Invoked command in '/home/g1/rokey_c_2_ws/build/table_order_interface' returned '0': CMAKE_PREFIX_PATH=${CMAKE_PREFIX_PATH}:/home/g1/rokey_c_2_ws/install/table_order:/home/g1/rokey_c_2_ws/install/serving_robot:/home/g1/rokey_c_2_ws/install/database:/home/g1/work/turtlebot3_ws/install/turtlebot3_teleop:/home/g1/work/turtlebot3_ws/install/turtlebot3_example:/opt/ros/humble /usr/bin/cmake --build /home/g1/rokey_c_2_ws/build/table_order_interface -- -j8 -l8
[11.396s] Invoking command in '/home/g1/rokey_c_2_ws/build/table_order_interface': CMAKE_PREFIX_PATH=${CMAKE_PREFIX_PATH}:/home/g1/rokey_c_2_ws/install/table_order:/home/g1/rokey_c_2_ws/install/serving_robot:/home/g1/rokey_c_2_ws/install/database:/home/g1/work/turtlebot3_ws/install/turtlebot3_teleop:/home/g1/work/turtlebot3_ws/install/turtlebot3_example:/opt/ros/humble /usr/bin/cmake --install /home/g1/rokey_c_2_ws/build/table_order_interface
[11.406s] -- Install configuration: ""
[11.408s] -- Execute custom install script
[11.409s] -- Symlinking: /home/g1/rokey_c_2_ws/install/table_order_interface/share/ament_index/resource_index/rosidl_interfaces/table_order_interface
[11.422s] -- Symlinking: /home/g1/rokey_c_2_ws/install/table_order_interface/include/table_order_interface/table_order_interface/msg/rosidl_generator_c__visibility_control.h
[11.434s] -- Symlinking: /home/g1/rokey_c_2_ws/install/table_order_interface/include/table_order_interface/table_order_interface/srv/detail/set_order__functions.h
[11.446s] -- Symlinking: /home/g1/rokey_c_2_ws/install/table_order_interface/include/table_order_interface/table_order_interface/srv/detail/set_order__struct.h
[11.459s] -- Symlinking: /home/g1/rokey_c_2_ws/install/table_order_interface/include/table_order_interface/table_order_interface/srv/detail/set_order__type_support.h
[11.475s] -- Symlinking: /home/g1/rokey_c_2_ws/install/table_order_interface/include/table_order_interface/table_order_interface/srv/set_order.h
[11.486s] -- Symlinking: /home/g1/rokey_c_2_ws/install/table_order_interface/share/table_order_interface/environment/library_path.sh
[11.511s] -- Symlinking: /home/g1/rokey_c_2_ws/install/table_order_interface/share/table_order_interface/environment/library_path.dsv
[11.540s] -- Symlinking: /home/g1/rokey_c_2_ws/install/table_order_interface/include/table_order_interface/table_order_interface/msg/rosidl_typesupport_fastrtps_c__visibility_control.h
[11.570s] -- Symlinking: /home/g1/rokey_c_2_ws/install/table_order_interface/include/table_order_interface/table_order_interface/srv/detail/set_order__rosidl_typesupport_fastrtps_c.h
[11.588s] -- Symlinking: /home/g1/rokey_c_2_ws/install/table_order_interface/include/table_order_interface/table_order_interface/srv/detail/set_order__builder.hpp
[11.606s] -- Symlinking: /home/g1/rokey_c_2_ws/install/table_order_interface/include/table_order_interface/table_order_interface/srv/detail/set_order__struct.hpp
[11.618s] -- Symlinking: /home/g1/rokey_c_2_ws/install/table_order_interface/include/table_order_interface/table_order_interface/srv/detail/set_order__traits.hpp
[11.628s] -- Symlinking: /home/g1/rokey_c_2_ws/install/table_order_interface/include/table_order_interface/table_order_interface/srv/set_order.hpp
[11.639s] -- Symlinking: /home/g1/rokey_c_2_ws/install/table_order_interface/include/table_order_interface/table_order_interface/msg/rosidl_typesupport_fastrtps_cpp__visibility_control.h
[11.648s] -- Symlinking: /home/g1/rokey_c_2_ws/install/table_order_interface/include/table_order_interface/table_order_interface/srv/detail/set_order__rosidl_typesupport_fastrtps_cpp.hpp
[11.659s] -- Symlinking: /home/g1/rokey_c_2_ws/install/table_order_interface/include/table_order_interface/table_order_interface/msg/rosidl_typesupport_introspection_c__visibility_control.h
[11.669s] -- Symlinking: /home/g1/rokey_c_2_ws/install/table_order_interface/include/table_order_interface/table_order_interface/srv/detail/set_order__rosidl_typesupport_introspection_c.h
[11.681s] -- Symlinking: /home/g1/rokey_c_2_ws/install/table_order_interface/include/table_order_interface/table_order_interface/srv/detail/set_order__rosidl_typesupport_introspection_cpp.hpp
[11.695s] -- Symlinking: /home/g1/rokey_c_2_ws/install/table_order_interface/share/table_order_interface/environment/pythonpath.sh
[11.712s] -- Symlinking: /home/g1/rokey_c_2_ws/install/table_order_interface/share/table_order_interface/environment/pythonpath.dsv
[11.726s] -- Symlinking: /home/g1/rokey_c_2_ws/install/table_order_interface/local/lib/python3.10/dist-packages/table_order_interface-0.0.0-py3.10.egg-info/PKG-INFO
[11.740s] -- Symlinking: /home/g1/rokey_c_2_ws/install/table_order_interface/local/lib/python3.10/dist-packages/table_order_interface-0.0.0-py3.10.egg-info/SOURCES.txt
[11.756s] -- Symlinking: /home/g1/rokey_c_2_ws/install/table_order_interface/local/lib/python3.10/dist-packages/table_order_interface-0.0.0-py3.10.egg-info/dependency_links.txt
[11.771s] -- Symlinking: /home/g1/rokey_c_2_ws/install/table_order_interface/local/lib/python3.10/dist-packages/table_order_interface-0.0.0-py3.10.egg-info/top_level.txt
[11.788s] -- Symlinking: /home/g1/rokey_c_2_ws/install/table_order_interface/local/lib/python3.10/dist-packages/table_order_interface/__init__.py
[11.801s] -- Symlinking: /home/g1/rokey_c_2_ws/install/table_order_interface/local/lib/python3.10/dist-packages/table_order_interface/_table_order_interface_s.ep.rosidl_typesupport_c.c
[11.815s] -- Symlinking: /home/g1/rokey_c_2_ws/install/table_order_interface/local/lib/python3.10/dist-packages/table_order_interface/_table_order_interface_s.ep.rosidl_typesupport_fastrtps_c.c
[11.829s] -- Symlinking: /home/g1/rokey_c_2_ws/install/table_order_interface/local/lib/python3.10/dist-packages/table_order_interface/_table_order_interface_s.ep.rosidl_typesupport_introspection_c.c
[11.846s] -- Symlinking: /home/g1/rokey_c_2_ws/install/table_order_interface/local/lib/python3.10/dist-packages/table_order_interface/libtable_order_interface__rosidl_generator_py.so
[11.861s] -- Symlinking: /home/g1/rokey_c_2_ws/install/table_order_interface/local/lib/python3.10/dist-packages/table_order_interface/srv/__init__.py
[11.870s] -- Symlinking: /home/g1/rokey_c_2_ws/install/table_order_interface/local/lib/python3.10/dist-packages/table_order_interface/srv/_set_order.py
[11.885s] -- Symlinking: /home/g1/rokey_c_2_ws/install/table_order_interface/local/lib/python3.10/dist-packages/table_order_interface/srv/_set_order_s.c
[11.899s] -- Symlinking: /home/g1/rokey_c_2_ws/install/table_order_interface/local/lib/python3.10/dist-packages/table_order_interface/table_order_interface_s__rosidl_typesupport_c.cpython-310-x86_64-linux-gnu.so
[11.916s] -- Symlinking: /home/g1/rokey_c_2_ws/install/table_order_interface/local/lib/python3.10/dist-packages/table_order_interface/table_order_interface_s__rosidl_typesupport_fastrtps_c.cpython-310-x86_64-linux-gnu.so
[11.931s] -- Symlinking: /home/g1/rokey_c_2_ws/install/table_order_interface/local/lib/python3.10/dist-packages/table_order_interface/table_order_interface_s__rosidl_typesupport_introspection_c.cpython-310-x86_64-linux-gnu.so
[11.946s] -- Up-to-date symlink: /home/g1/rokey_c_2_ws/install/table_order_interface/local/lib/python3.10/dist-packages/table_order_interface/table_order_interface_s__rosidl_typesupport_fastrtps_c.cpython-310-x86_64-linux-gnu.so
[11.946s] -- Up-to-date symlink: /home/g1/rokey_c_2_ws/install/table_order_interface/local/lib/python3.10/dist-packages/table_order_interface/table_order_interface_s__rosidl_typesupport_introspection_c.cpython-310-x86_64-linux-gnu.so
[11.946s] -- Up-to-date symlink: /home/g1/rokey_c_2_ws/install/table_order_interface/local/lib/python3.10/dist-packages/table_order_interface/table_order_interface_s__rosidl_typesupport_c.cpython-310-x86_64-linux-gnu.so
[11.946s] -- Symlinking: /home/g1/rokey_c_2_ws/install/table_order_interface/share/table_order_interface/srv/SetOrder.idl
[11.961s] -- Symlinking: /home/g1/rokey_c_2_ws/install/table_order_interface/share/table_order_interface/srv/SetOrder.srv
[11.976s] -- Symlinking: /home/g1/rokey_c_2_ws/install/table_order_interface/share/table_order_interface/srv/SetOrder_Request.msg
[11.993s] -- Symlinking: /home/g1/rokey_c_2_ws/install/table_order_interface/share/table_order_interface/srv/SetOrder_Response.msg
[12.006s] -- Symlinking: /home/g1/rokey_c_2_ws/install/table_order_interface/share/ament_index/resource_index/package_run_dependencies/table_order_interface
[12.021s] -- Symlinking: /home/g1/rokey_c_2_ws/install/table_order_interface/share/ament_index/resource_index/parent_prefix_path/table_order_interface
[12.036s] -- Symlinking: /home/g1/rokey_c_2_ws/install/table_order_interface/share/table_order_interface/environment/ament_prefix_path.sh
[12.050s] -- Symlinking: /home/g1/rokey_c_2_ws/install/table_order_interface/share/table_order_interface/environment/ament_prefix_path.dsv
[12.061s] -- Symlinking: /home/g1/rokey_c_2_ws/install/table_order_interface/share/table_order_interface/environment/path.sh
[12.075s] -- Symlinking: /home/g1/rokey_c_2_ws/install/table_order_interface/share/table_order_interface/environment/path.dsv
[12.085s] -- Symlinking: /home/g1/rokey_c_2_ws/install/table_order_interface/share/table_order_interface/local_setup.bash
[12.096s] -- Symlinking: /home/g1/rokey_c_2_ws/install/table_order_interface/share/table_order_interface/local_setup.sh
[12.106s] -- Symlinking: /home/g1/rokey_c_2_ws/install/table_order_interface/share/table_order_interface/local_setup.zsh
[12.116s] -- Symlinking: /home/g1/rokey_c_2_ws/install/table_order_interface/share/table_order_interface/local_setup.dsv
[12.131s] -- Symlinking: /home/g1/rokey_c_2_ws/install/table_order_interface/share/table_order_interface/package.dsv
[12.142s] -- Symlinking: /home/g1/rokey_c_2_ws/install/table_order_interface/share/ament_index/resource_index/packages/table_order_interface
[12.154s] -- Symlinking: /home/g1/rokey_c_2_ws/install/table_order_interface/share/table_order_interface/cmake/rosidl_cmake-extras.cmake
[12.165s] -- Symlinking: /home/g1/rokey_c_2_ws/install/table_order_interface/share/table_order_interface/cmake/ament_cmake_export_dependencies-extras.cmake
[12.176s] -- Symlinking: /home/g1/rokey_c_2_ws/install/table_order_interface/share/table_order_interface/cmake/ament_cmake_export_include_directories-extras.cmake
[12.193s] -- Symlinking: /home/g1/rokey_c_2_ws/install/table_order_interface/share/table_order_interface/cmake/ament_cmake_export_libraries-extras.cmake
[12.204s] -- Symlinking: /home/g1/rokey_c_2_ws/install/table_order_interface/share/table_order_interface/cmake/ament_cmake_export_targets-extras.cmake
[12.216s] -- Symlinking: /home/g1/rokey_c_2_ws/install/table_order_interface/share/table_order_interface/cmake/rosidl_cmake_export_typesupport_targets-extras.cmake
[12.226s] -- Symlinking: /home/g1/rokey_c_2_ws/install/table_order_interface/share/table_order_interface/cmake/rosidl_cmake_export_typesupport_libraries-extras.cmake
[12.240s] -- Symlinking: /home/g1/rokey_c_2_ws/install/table_order_interface/share/table_order_interface/cmake/table_order_interfaceConfig.cmake
[12.252s] -- Symlinking: /home/g1/rokey_c_2_ws/install/table_order_interface/share/table_order_interface/cmake/table_order_interfaceConfig-version.cmake
[12.266s] -- Symlinking: /home/g1/rokey_c_2_ws/install/table_order_interface/share/table_order_interface/package.xml
[12.281s] -- Installing: /home/g1/rokey_c_2_ws/install/table_order_interface/lib/libtable_order_interface__rosidl_generator_c.so
[12.282s] -- Set runtime path of "/home/g1/rokey_c_2_ws/install/table_order_interface/lib/libtable_order_interface__rosidl_generator_c.so" to ""
[12.282s] -- Installing: /home/g1/rokey_c_2_ws/install/table_order_interface/lib/libtable_order_interface__rosidl_typesupport_fastrtps_c.so
[12.288s] -- Set runtime path of "/home/g1/rokey_c_2_ws/install/table_order_interface/lib/libtable_order_interface__rosidl_typesupport_fastrtps_c.so" to ""
[12.288s] -- Installing: /home/g1/rokey_c_2_ws/install/table_order_interface/lib/libtable_order_interface__rosidl_typesupport_fastrtps_cpp.so
[12.288s] -- Set runtime path of "/home/g1/rokey_c_2_ws/install/table_order_interface/lib/libtable_order_interface__rosidl_typesupport_fastrtps_cpp.so" to ""
[12.288s] -- Installing: /home/g1/rokey_c_2_ws/install/table_order_interface/lib/libtable_order_interface__rosidl_typesupport_introspection_c.so
[12.288s] -- Set runtime path of "/home/g1/rokey_c_2_ws/install/table_order_interface/lib/libtable_order_interface__rosidl_typesupport_introspection_c.so" to ""
[12.288s] -- Installing: /home/g1/rokey_c_2_ws/install/table_order_interface/lib/libtable_order_interface__rosidl_typesupport_c.so
[12.288s] -- Set runtime path of "/home/g1/rokey_c_2_ws/install/table_order_interface/lib/libtable_order_interface__rosidl_typesupport_c.so" to ""
[12.288s] -- Installing: /home/g1/rokey_c_2_ws/install/table_order_interface/lib/libtable_order_interface__rosidl_typesupport_introspection_cpp.so
[12.289s] -- Set runtime path of "/home/g1/rokey_c_2_ws/install/table_order_interface/lib/libtable_order_interface__rosidl_typesupport_introspection_cpp.so" to ""
[12.289s] -- Installing: /home/g1/rokey_c_2_ws/install/table_order_interface/lib/libtable_order_interface__rosidl_typesupport_cpp.so
[12.289s] -- Set runtime path of "/home/g1/rokey_c_2_ws/install/table_order_interface/lib/libtable_order_interface__rosidl_typesupport_cpp.so" to ""
[12.360s] Listing '/home/g1/rokey_c_2_ws/install/table_order_interface/local/lib/python3.10/dist-packages/table_order_interface'...
[12.361s] Compiling '/home/g1/rokey_c_2_ws/install/table_order_interface/local/lib/python3.10/dist-packages/table_order_interface/__init__.py'...
[12.361s] Listing '/home/g1/rokey_c_2_ws/install/table_order_interface/local/lib/python3.10/dist-packages/table_order_interface/srv'...
[12.361s] Compiling '/home/g1/rokey_c_2_ws/install/table_order_interface/local/lib/python3.10/dist-packages/table_order_interface/srv/__init__.py'...
[12.361s] Compiling '/home/g1/rokey_c_2_ws/install/table_order_interface/local/lib/python3.10/dist-packages/table_order_interface/srv/_set_order.py'...
[12.370s] -- Installing: /home/g1/rokey_c_2_ws/install/table_order_interface/lib/libtable_order_interface__rosidl_generator_py.so
[12.370s] -- Set runtime path of "/home/g1/rokey_c_2_ws/install/table_order_interface/lib/libtable_order_interface__rosidl_generator_py.so" to ""
[12.370s] -- Installing: /home/g1/rokey_c_2_ws/install/table_order_interface/share/table_order_interface/cmake/export_table_order_interface__rosidl_generator_cExport.cmake
[12.371s] -- Installing: /home/g1/rokey_c_2_ws/install/table_order_interface/share/table_order_interface/cmake/export_table_order_interface__rosidl_generator_cExport-noconfig.cmake
[12.371s] -- Installing: /home/g1/rokey_c_2_ws/install/table_order_interface/share/table_order_interface/cmake/export_table_order_interface__rosidl_typesupport_fastrtps_cExport.cmake
[12.371s] -- Installing: /home/g1/rokey_c_2_ws/install/table_order_interface/share/table_order_interface/cmake/export_table_order_interface__rosidl_typesupport_fastrtps_cExport-noconfig.cmake
[12.371s] -- Installing: /home/g1/rokey_c_2_ws/install/table_order_interface/share/table_order_interface/cmake/export_table_order_interface__rosidl_generator_cppExport.cmake
[12.371s] -- Installing: /home/g1/rokey_c_2_ws/install/table_order_interface/share/table_order_interface/cmake/export_table_order_interface__rosidl_typesupport_fastrtps_cppExport.cmake
[12.372s] -- Installing: /home/g1/rokey_c_2_ws/install/table_order_interface/share/table_order_interface/cmake/export_table_order_interface__rosidl_typesupport_fastrtps_cppExport-noconfig.cmake
[12.372s] -- Installing: /home/g1/rokey_c_2_ws/install/table_order_interface/share/table_order_interface/cmake/table_order_interface__rosidl_typesupport_introspection_cExport.cmake
[12.372s] -- Installing: /home/g1/rokey_c_2_ws/install/table_order_interface/share/table_order_interface/cmake/table_order_interface__rosidl_typesupport_introspection_cExport-noconfig.cmake
[12.372s] -- Installing: /home/g1/rokey_c_2_ws/install/table_order_interface/share/table_order_interface/cmake/table_order_interface__rosidl_typesupport_cExport.cmake
[12.372s] -- Installing: /home/g1/rokey_c_2_ws/install/table_order_interface/share/table_order_interface/cmake/table_order_interface__rosidl_typesupport_cExport-noconfig.cmake
[12.374s] -- Installing: /home/g1/rokey_c_2_ws/install/table_order_interface/share/table_order_interface/cmake/table_order_interface__rosidl_typesupport_introspection_cppExport.cmake
[12.374s] -- Installing: /home/g1/rokey_c_2_ws/install/table_order_interface/share/table_order_interface/cmake/table_order_interface__rosidl_typesupport_introspection_cppExport-noconfig.cmake
[12.377s] -- Installing: /home/g1/rokey_c_2_ws/install/table_order_interface/share/table_order_interface/cmake/table_order_interface__rosidl_typesupport_cppExport.cmake
[12.377s] -- Installing: /home/g1/rokey_c_2_ws/install/table_order_interface/share/table_order_interface/cmake/table_order_interface__rosidl_typesupport_cppExport-noconfig.cmake
[12.377s] -- Installing: /home/g1/rokey_c_2_ws/install/table_order_interface/share/table_order_interface/cmake/export_table_order_interface__rosidl_generator_pyExport.cmake
[12.377s] -- Installing: /home/g1/rokey_c_2_ws/install/table_order_interface/share/table_order_interface/cmake/export_table_order_interface__rosidl_generator_pyExport-noconfig.cmake
[12.379s] Invoked command in '/home/g1/rokey_c_2_ws/build/table_order_interface' returned '0': CMAKE_PREFIX_PATH=${CMAKE_PREFIX_PATH}:/home/g1/rokey_c_2_ws/install/table_order:/home/g1/rokey_c_2_ws/install/serving_robot:/home/g1/rokey_c_2_ws/install/database:/home/g1/work/turtlebot3_ws/install/turtlebot3_teleop:/home/g1/work/turtlebot3_ws/install/turtlebot3_example:/opt/ros/humble /usr/bin/cmake --install /home/g1/rokey_c_2_ws/build/table_order_interface
