[0.734s] Invoking command in '/home/psb/rokey_c_2_ws/src/table_order': AMENT_PREFIX_PATH=/home/psb/rokey_c_2_ws/install/table_order_interface:${AMENT_PREFIX_PATH} CMAKE_PREFIX_PATH=/home/psb/rokey_c_2_ws/install/table_order_interface:${CMAKE_PREFIX_PATH} LD_LIBRARY_PATH=/home/psb/rokey_c_2_ws/install/table_order_interface/lib:/home/psb/turtlebot3_ws/install/turtlebot3_msgs/lib:/usr/lib/x86_64-linux-gnu/gazebo-11/plugins:/opt/ros/humble/opt/rviz_ogre_vendor/lib:/opt/ros/humble/lib/x86_64-linux-gnu:/opt/ros/humble/lib:/usr/lib/x86_64-linux-gnu/gazebo-11/plugins PYTHONPATH=/home/psb/rokey_c_2_ws/build/table_order/prefix_override:/usr/lib/python3/dist-packages/colcon_core/task/python/colcon_distutils_commands:/home/psb/rokey_c_2_ws/install/table_order/lib/python3.10/site-packages:/home/psb/rokey_c_2_ws/install/table_order_interface/local/lib/python3.10/dist-packages:${PYTHONPATH} /usr/bin/python3 -W ignore:setup.py install is deprecated setup.py egg_info --egg-base ../../build/table_order build --build-base /home/psb/rokey_c_2_ws/build/table_order/build install --record /home/psb/rokey_c_2_ws/build/table_order/install.log --single-version-externally-managed install_data
[1.139s] running egg_info
[1.140s] writing ../../build/table_order/table_order.egg-info/PKG-INFO
[1.141s] writing dependency_links to ../../build/table_order/table_order.egg-info/dependency_links.txt
[1.141s] writing entry points to ../../build/table_order/table_order.egg-info/entry_points.txt
[1.141s] writing requirements to ../../build/table_order/table_order.egg-info/requires.txt
[1.141s] writing top-level names to ../../build/table_order/table_order.egg-info/top_level.txt
[1.145s] reading manifest file '../../build/table_order/table_order.egg-info/SOURCES.txt'
[1.147s] writing manifest file '../../build/table_order/table_order.egg-info/SOURCES.txt'
[1.147s] running build
[1.148s] running build_py
[1.148s] copying table_order/ImageInsert.py -> /home/psb/rokey_c_2_ws/build/table_order/build/lib/table_order
[1.148s] copying table_order/response_test.py -> /home/psb/rokey_c_2_ws/build/table_order/build/lib/table_order
[1.149s] copying table_order/test_table_server.py -> /home/psb/rokey_c_2_ws/build/table_order/build/lib/table_order
[1.149s] copying table_order/OrderTable.py -> /home/psb/rokey_c_2_ws/build/table_order/build/lib/table_order
[1.149s] running install
[1.151s] running install_lib
[1.151s] copying /home/psb/rokey_c_2_ws/build/table_order/build/lib/table_order/ImageInsert.py -> /home/psb/rokey_c_2_ws/install/table_order/lib/python3.10/site-packages/table_order
[1.151s] copying /home/psb/rokey_c_2_ws/build/table_order/build/lib/table_order/response_test.py -> /home/psb/rokey_c_2_ws/install/table_order/lib/python3.10/site-packages/table_order
[1.152s] copying /home/psb/rokey_c_2_ws/build/table_order/build/lib/table_order/test_table_server.py -> /home/psb/rokey_c_2_ws/install/table_order/lib/python3.10/site-packages/table_order
[1.153s] copying /home/psb/rokey_c_2_ws/build/table_order/build/lib/table_order/OrderTable.py -> /home/psb/rokey_c_2_ws/install/table_order/lib/python3.10/site-packages/table_order
[1.153s] byte-compiling /home/psb/rokey_c_2_ws/install/table_order/lib/python3.10/site-packages/table_order/ImageInsert.py to ImageInsert.cpython-310.pyc
[1.155s] byte-compiling /home/psb/rokey_c_2_ws/install/table_order/lib/python3.10/site-packages/table_order/response_test.py to response_test.cpython-310.pyc
[1.156s] byte-compiling /home/psb/rokey_c_2_ws/install/table_order/lib/python3.10/site-packages/table_order/test_table_server.py to test_table_server.cpython-310.pyc
[1.156s] byte-compiling /home/psb/rokey_c_2_ws/install/table_order/lib/python3.10/site-packages/table_order/OrderTable.py to OrderTable.cpython-310.pyc
[1.159s] running install_data
[1.160s] copying package.xml -> /home/psb/rokey_c_2_ws/install/table_order/share/table_order
[1.160s] running install_egg_info
[1.164s] removing '/home/psb/rokey_c_2_ws/install/table_order/lib/python3.10/site-packages/table_order-0.0.0-py3.10.egg-info' (and everything under it)
[1.166s] Copying ../../build/table_order/table_order.egg-info to /home/psb/rokey_c_2_ws/install/table_order/lib/python3.10/site-packages/table_order-0.0.0-py3.10.egg-info
[1.169s] running install_scripts
[1.200s] Installing response_test script to /home/psb/rokey_c_2_ws/install/table_order/lib/table_order
[1.201s] Installing table_order script to /home/psb/rokey_c_2_ws/install/table_order/lib/table_order
[1.202s] writing list of installed files to '/home/psb/rokey_c_2_ws/build/table_order/install.log'
[1.243s] Invoked command in '/home/psb/rokey_c_2_ws/src/table_order' returned '0': AMENT_PREFIX_PATH=/home/psb/rokey_c_2_ws/install/table_order_interface:${AMENT_PREFIX_PATH} CMAKE_PREFIX_PATH=/home/psb/rokey_c_2_ws/install/table_order_interface:${CMAKE_PREFIX_PATH} LD_LIBRARY_PATH=/home/psb/rokey_c_2_ws/install/table_order_interface/lib:/home/psb/turtlebot3_ws/install/turtlebot3_msgs/lib:/usr/lib/x86_64-linux-gnu/gazebo-11/plugins:/opt/ros/humble/opt/rviz_ogre_vendor/lib:/opt/ros/humble/lib/x86_64-linux-gnu:/opt/ros/humble/lib:/usr/lib/x86_64-linux-gnu/gazebo-11/plugins PYTHONPATH=/home/psb/rokey_c_2_ws/build/table_order/prefix_override:/usr/lib/python3/dist-packages/colcon_core/task/python/colcon_distutils_commands:/home/psb/rokey_c_2_ws/install/table_order/lib/python3.10/site-packages:/home/psb/rokey_c_2_ws/install/table_order_interface/local/lib/python3.10/dist-packages:${PYTHONPATH} /usr/bin/python3 -W ignore:setup.py install is deprecated setup.py egg_info --egg-base ../../build/table_order build --build-base /home/psb/rokey_c_2_ws/build/table_order/build install --record /home/psb/rokey_c_2_ws/build/table_order/install.log --single-version-externally-managed install_data
