[0.117s] DEBUG:colcon:Command line arguments: ['/usr/bin/colcon', 'build', '--symlink-install']
[0.117s] DEBUG:colcon:Parsed command line arguments: Namespace(log_base=None, log_level=None, verb_name='build', build_base='build', install_base='install', merge_install=False, symlink_install=True, test_result_base=None, continue_on_error=False, executor='parallel', parallel_workers=8, event_handlers=None, ignore_user_meta=False, metas=['./colcon.meta'], base_paths=['.'], packages_ignore=None, packages_ignore_regex=None, paths=None, packages_up_to=None, packages_up_to_regex=None, packages_above=None, packages_above_and_dependencies=None, packages_above_depth=None, packages_select_by_dep=None, packages_skip_by_dep=None, packages_skip_up_to=None, packages_select_build_failed=False, packages_skip_build_finished=False, packages_select_test_failures=False, packages_skip_test_passed=False, packages_select=None, packages_skip=None, packages_select_regex=None, packages_skip_regex=None, packages_start=None, packages_end=None, allow_overriding=[], cmake_args=None, cmake_target=None, cmake_target_skip_unavailable=False, cmake_clean_cache=False, cmake_clean_first=False, cmake_force_configure=False, ament_cmake_args=None, catkin_cmake_args=None, catkin_skip_building_tests=False, verb_parser=<colcon_defaults.argument_parser.defaults.DefaultArgumentsDecorator object at 0x798d11046c20>, verb_extension=<colcon_core.verb.build.BuildVerb object at 0x798d11046650>, main=<bound method BuildVerb.main of <colcon_core.verb.build.BuildVerb object at 0x798d11046650>>)
[0.335s] Level 1:colcon.colcon_core.package_discovery:discover_packages(colcon_meta) check parameters
[0.335s] Level 1:colcon.colcon_core.package_discovery:discover_packages(recursive) check parameters
[0.335s] Level 1:colcon.colcon_core.package_discovery:discover_packages(ignore) check parameters
[0.335s] Level 1:colcon.colcon_core.package_discovery:discover_packages(path) check parameters
[0.335s] Level 1:colcon.colcon_core.package_discovery:discover_packages(colcon_meta) discover
[0.335s] Level 1:colcon.colcon_core.package_discovery:discover_packages(recursive) discover
[0.335s] INFO:colcon.colcon_core.package_discovery:Crawling recursively for packages in '/home/g1/rokey_c_2_ws'
[0.335s] Level 1:colcon.colcon_core.package_identification:_identify(.) by extensions ['ignore', 'ignore_ament_install']
[0.335s] Level 1:colcon.colcon_core.package_identification:_identify(.) by extension 'ignore'
[0.335s] Level 1:colcon.colcon_core.package_identification:_identify(.) by extension 'ignore_ament_install'
[0.335s] Level 1:colcon.colcon_core.package_identification:_identify(.) by extensions ['colcon_pkg']
[0.335s] Level 1:colcon.colcon_core.package_identification:_identify(.) by extension 'colcon_pkg'
[0.335s] Level 1:colcon.colcon_core.package_identification:_identify(.) by extensions ['colcon_meta']
[0.335s] Level 1:colcon.colcon_core.package_identification:_identify(.) by extension 'colcon_meta'
[0.336s] Level 1:colcon.colcon_core.package_identification:_identify(.) by extensions ['ros']
[0.336s] Level 1:colcon.colcon_core.package_identification:_identify(.) by extension 'ros'
[0.361s] Level 1:colcon.colcon_core.package_identification:_identify(.) by extensions ['cmake', 'python']
[0.361s] Level 1:colcon.colcon_core.package_identification:_identify(.) by extension 'cmake'
[0.361s] Level 1:colcon.colcon_core.package_identification:_identify(.) by extension 'python'
[0.361s] Level 1:colcon.colcon_core.package_identification:_identify(.) by extensions ['python_setup_py']
[0.361s] Level 1:colcon.colcon_core.package_identification:_identify(.) by extension 'python_setup_py'
[0.361s] Level 1:colcon.colcon_core.package_identification:_identify(build) by extensions ['ignore', 'ignore_ament_install']
[0.361s] Level 1:colcon.colcon_core.package_identification:_identify(build) by extension 'ignore'
[0.361s] Level 1:colcon.colcon_core.package_identification:_identify(build) ignored
[0.361s] Level 1:colcon.colcon_core.package_identification:_identify(install) by extensions ['ignore', 'ignore_ament_install']
[0.362s] Level 1:colcon.colcon_core.package_identification:_identify(install) by extension 'ignore'
[0.362s] Level 1:colcon.colcon_core.package_identification:_identify(install) ignored
[0.362s] Level 1:colcon.colcon_core.package_identification:_identify(log) by extensions ['ignore', 'ignore_ament_install']
[0.362s] Level 1:colcon.colcon_core.package_identification:_identify(log) by extension 'ignore'
[0.362s] Level 1:colcon.colcon_core.package_identification:_identify(log) ignored
[0.362s] Level 1:colcon.colcon_core.package_identification:_identify(src) by extensions ['ignore', 'ignore_ament_install']
[0.362s] Level 1:colcon.colcon_core.package_identification:_identify(src) by extension 'ignore'
[0.362s] Level 1:colcon.colcon_core.package_identification:_identify(src) by extension 'ignore_ament_install'
[0.362s] Level 1:colcon.colcon_core.package_identification:_identify(src) by extensions ['colcon_pkg']
[0.362s] Level 1:colcon.colcon_core.package_identification:_identify(src) by extension 'colcon_pkg'
[0.362s] Level 1:colcon.colcon_core.package_identification:_identify(src) by extensions ['colcon_meta']
[0.362s] Level 1:colcon.colcon_core.package_identification:_identify(src) by extension 'colcon_meta'
[0.362s] Level 1:colcon.colcon_core.package_identification:_identify(src) by extensions ['ros']
[0.362s] Level 1:colcon.colcon_core.package_identification:_identify(src) by extension 'ros'
[0.362s] Level 1:colcon.colcon_core.package_identification:_identify(src) by extensions ['cmake', 'python']
[0.362s] Level 1:colcon.colcon_core.package_identification:_identify(src) by extension 'cmake'
[0.362s] Level 1:colcon.colcon_core.package_identification:_identify(src) by extension 'python'
[0.362s] Level 1:colcon.colcon_core.package_identification:_identify(src) by extensions ['python_setup_py']
[0.362s] Level 1:colcon.colcon_core.package_identification:_identify(src) by extension 'python_setup_py'
[0.363s] Level 1:colcon.colcon_core.package_identification:_identify(src/database) by extensions ['ignore', 'ignore_ament_install']
[0.363s] Level 1:colcon.colcon_core.package_identification:_identify(src/database) by extension 'ignore'
[0.363s] Level 1:colcon.colcon_core.package_identification:_identify(src/database) by extension 'ignore_ament_install'
[0.363s] Level 1:colcon.colcon_core.package_identification:_identify(src/database) by extensions ['colcon_pkg']
[0.363s] Level 1:colcon.colcon_core.package_identification:_identify(src/database) by extension 'colcon_pkg'
[0.363s] Level 1:colcon.colcon_core.package_identification:_identify(src/database) by extensions ['colcon_meta']
[0.363s] Level 1:colcon.colcon_core.package_identification:_identify(src/database) by extension 'colcon_meta'
[0.363s] Level 1:colcon.colcon_core.package_identification:_identify(src/database) by extensions ['ros']
[0.363s] Level 1:colcon.colcon_core.package_identification:_identify(src/database) by extension 'ros'
[0.366s] DEBUG:colcon.colcon_core.package_identification:Package 'src/database' with type 'ros.ament_python' and name 'database'
[0.366s] Level 1:colcon.colcon_core.package_identification:_identify(src/serving_robot) by extensions ['ignore', 'ignore_ament_install']
[0.366s] Level 1:colcon.colcon_core.package_identification:_identify(src/serving_robot) by extension 'ignore'
[0.366s] Level 1:colcon.colcon_core.package_identification:_identify(src/serving_robot) by extension 'ignore_ament_install'
[0.366s] Level 1:colcon.colcon_core.package_identification:_identify(src/serving_robot) by extensions ['colcon_pkg']
[0.366s] Level 1:colcon.colcon_core.package_identification:_identify(src/serving_robot) by extension 'colcon_pkg'
[0.366s] Level 1:colcon.colcon_core.package_identification:_identify(src/serving_robot) by extensions ['colcon_meta']
[0.366s] Level 1:colcon.colcon_core.package_identification:_identify(src/serving_robot) by extension 'colcon_meta'
[0.366s] Level 1:colcon.colcon_core.package_identification:_identify(src/serving_robot) by extensions ['ros']
[0.367s] Level 1:colcon.colcon_core.package_identification:_identify(src/serving_robot) by extension 'ros'
[0.367s] DEBUG:colcon.colcon_core.package_identification:Package 'src/serving_robot' with type 'ros.ament_python' and name 'serving_robot'
[0.367s] Level 1:colcon.colcon_core.package_identification:_identify(src/serving_robot_msgs) by extensions ['ignore', 'ignore_ament_install']
[0.367s] Level 1:colcon.colcon_core.package_identification:_identify(src/serving_robot_msgs) by extension 'ignore'
[0.367s] Level 1:colcon.colcon_core.package_identification:_identify(src/serving_robot_msgs) by extension 'ignore_ament_install'
[0.368s] Level 1:colcon.colcon_core.package_identification:_identify(src/serving_robot_msgs) by extensions ['colcon_pkg']
[0.368s] Level 1:colcon.colcon_core.package_identification:_identify(src/serving_robot_msgs) by extension 'colcon_pkg'
[0.368s] Level 1:colcon.colcon_core.package_identification:_identify(src/serving_robot_msgs) by extensions ['colcon_meta']
[0.368s] Level 1:colcon.colcon_core.package_identification:_identify(src/serving_robot_msgs) by extension 'colcon_meta'
[0.368s] Level 1:colcon.colcon_core.package_identification:_identify(src/serving_robot_msgs) by extensions ['ros']
[0.368s] Level 1:colcon.colcon_core.package_identification:_identify(src/serving_robot_msgs) by extension 'ros'
[0.368s] DEBUG:colcon.colcon_core.package_identification:Package 'src/serving_robot_msgs' with type 'ros.ament_cmake' and name 'serving_robot_msgs'
[0.368s] Level 1:colcon.colcon_core.package_identification:_identify(src/table_order) by extensions ['ignore', 'ignore_ament_install']
[0.368s] Level 1:colcon.colcon_core.package_identification:_identify(src/table_order) by extension 'ignore'
[0.369s] Level 1:colcon.colcon_core.package_identification:_identify(src/table_order) by extension 'ignore_ament_install'
[0.369s] Level 1:colcon.colcon_core.package_identification:_identify(src/table_order) by extensions ['colcon_pkg']
[0.369s] Level 1:colcon.colcon_core.package_identification:_identify(src/table_order) by extension 'colcon_pkg'
[0.369s] Level 1:colcon.colcon_core.package_identification:_identify(src/table_order) by extensions ['colcon_meta']
[0.369s] Level 1:colcon.colcon_core.package_identification:_identify(src/table_order) by extension 'colcon_meta'
[0.369s] Level 1:colcon.colcon_core.package_identification:_identify(src/table_order) by extensions ['ros']
[0.369s] Level 1:colcon.colcon_core.package_identification:_identify(src/table_order) by extension 'ros'
[0.369s] DEBUG:colcon.colcon_core.package_identification:Package 'src/table_order' with type 'ros.ament_python' and name 'table_order'
[0.369s] Level 1:colcon.colcon_core.package_identification:_identify(src/table_order_interface) by extensions ['ignore', 'ignore_ament_install']
[0.370s] Level 1:colcon.colcon_core.package_identification:_identify(src/table_order_interface) by extension 'ignore'
[0.370s] Level 1:colcon.colcon_core.package_identification:_identify(src/table_order_interface) by extension 'ignore_ament_install'
[0.370s] Level 1:colcon.colcon_core.package_identification:_identify(src/table_order_interface) by extensions ['colcon_pkg']
[0.370s] Level 1:colcon.colcon_core.package_identification:_identify(src/table_order_interface) by extension 'colcon_pkg'
[0.370s] Level 1:colcon.colcon_core.package_identification:_identify(src/table_order_interface) by extensions ['colcon_meta']
[0.370s] Level 1:colcon.colcon_core.package_identification:_identify(src/table_order_interface) by extension 'colcon_meta'
[0.370s] Level 1:colcon.colcon_core.package_identification:_identify(src/table_order_interface) by extensions ['ros']
[0.370s] Level 1:colcon.colcon_core.package_identification:_identify(src/table_order_interface) by extension 'ros'
[0.370s] DEBUG:colcon.colcon_core.package_identification:Package 'src/table_order_interface' with type 'ros.ament_cmake' and name 'table_order_interface'
[0.371s] Level 1:colcon.colcon_core.package_discovery:discover_packages(recursive) using defaults
[0.371s] Level 1:colcon.colcon_core.package_discovery:discover_packages(ignore) discover
[0.371s] Level 1:colcon.colcon_core.package_discovery:discover_packages(ignore) using defaults
[0.371s] Level 1:colcon.colcon_core.package_discovery:discover_packages(path) discover
[0.371s] Level 1:colcon.colcon_core.package_discovery:discover_packages(path) using defaults
[0.391s] Level 1:colcon.colcon_core.package_discovery:discover_packages(prefix_path) check parameters
[0.391s] Level 1:colcon.colcon_core.package_discovery:discover_packages(prefix_path) discover
[0.394s] DEBUG:colcon.colcon_installed_package_information.package_discovery:Found 12 installed packages in /home/g1/work/turtlebot3_ws/install
[0.395s] DEBUG:colcon.colcon_installed_package_information.package_discovery:Found 373 installed packages in /opt/ros/humble
[0.397s] Level 1:colcon.colcon_core.package_discovery:discover_packages(prefix_path) using defaults
[0.443s] Level 5:colcon.colcon_core.verb:set package 'database' build argument 'cmake_args' from command line to 'None'
[0.443s] Level 5:colcon.colcon_core.verb:set package 'database' build argument 'cmake_target' from command line to 'None'
[0.443s] Level 5:colcon.colcon_core.verb:set package 'database' build argument 'cmake_target_skip_unavailable' from command line to 'False'
[0.443s] Level 5:colcon.colcon_core.verb:set package 'database' build argument 'cmake_clean_cache' from command line to 'False'
[0.443s] Level 5:colcon.colcon_core.verb:set package 'database' build argument 'cmake_clean_first' from command line to 'False'
[0.443s] Level 5:colcon.colcon_core.verb:set package 'database' build argument 'cmake_force_configure' from command line to 'False'
[0.444s] Level 5:colcon.colcon_core.verb:set package 'database' build argument 'ament_cmake_args' from command line to 'None'
[0.444s] Level 5:colcon.colcon_core.verb:set package 'database' build argument 'catkin_cmake_args' from command line to 'None'
[0.444s] Level 5:colcon.colcon_core.verb:set package 'database' build argument 'catkin_skip_building_tests' from command line to 'False'
[0.444s] DEBUG:colcon.colcon_core.verb:Building package 'database' with the following arguments: {'ament_cmake_args': None, 'build_base': '/home/g1/rokey_c_2_ws/build/database', 'catkin_cmake_args': None, 'catkin_skip_building_tests': False, 'cmake_args': None, 'cmake_clean_cache': False, 'cmake_clean_first': False, 'cmake_force_configure': False, 'cmake_target': None, 'cmake_target_skip_unavailable': False, 'install_base': '/home/g1/rokey_c_2_ws/install/database', 'merge_install': False, 'path': '/home/g1/rokey_c_2_ws/src/database', 'symlink_install': True, 'test_result_base': None}
[0.444s] Level 5:colcon.colcon_core.verb:set package 'serving_robot_msgs' build argument 'cmake_args' from command line to 'None'
[0.444s] Level 5:colcon.colcon_core.verb:set package 'serving_robot_msgs' build argument 'cmake_target' from command line to 'None'
[0.444s] Level 5:colcon.colcon_core.verb:set package 'serving_robot_msgs' build argument 'cmake_target_skip_unavailable' from command line to 'False'
[0.444s] Level 5:colcon.colcon_core.verb:set package 'serving_robot_msgs' build argument 'cmake_clean_cache' from command line to 'False'
[0.444s] Level 5:colcon.colcon_core.verb:set package 'serving_robot_msgs' build argument 'cmake_clean_first' from command line to 'False'
[0.444s] Level 5:colcon.colcon_core.verb:set package 'serving_robot_msgs' build argument 'cmake_force_configure' from command line to 'False'
[0.444s] Level 5:colcon.colcon_core.verb:set package 'serving_robot_msgs' build argument 'ament_cmake_args' from command line to 'None'
[0.444s] Level 5:colcon.colcon_core.verb:set package 'serving_robot_msgs' build argument 'catkin_cmake_args' from command line to 'None'
[0.444s] Level 5:colcon.colcon_core.verb:set package 'serving_robot_msgs' build argument 'catkin_skip_building_tests' from command line to 'False'
[0.444s] DEBUG:colcon.colcon_core.verb:Building package 'serving_robot_msgs' with the following arguments: {'ament_cmake_args': None, 'build_base': '/home/g1/rokey_c_2_ws/build/serving_robot_msgs', 'catkin_cmake_args': None, 'catkin_skip_building_tests': False, 'cmake_args': None, 'cmake_clean_cache': False, 'cmake_clean_first': False, 'cmake_force_configure': False, 'cmake_target': None, 'cmake_target_skip_unavailable': False, 'install_base': '/home/g1/rokey_c_2_ws/install/serving_robot_msgs', 'merge_install': False, 'path': '/home/g1/rokey_c_2_ws/src/serving_robot_msgs', 'symlink_install': True, 'test_result_base': None}
[0.445s] Level 5:colcon.colcon_core.verb:set package 'table_order_interface' build argument 'cmake_args' from command line to 'None'
[0.445s] Level 5:colcon.colcon_core.verb:set package 'table_order_interface' build argument 'cmake_target' from command line to 'None'
[0.445s] Level 5:colcon.colcon_core.verb:set package 'table_order_interface' build argument 'cmake_target_skip_unavailable' from command line to 'False'
[0.445s] Level 5:colcon.colcon_core.verb:set package 'table_order_interface' build argument 'cmake_clean_cache' from command line to 'False'
[0.445s] Level 5:colcon.colcon_core.verb:set package 'table_order_interface' build argument 'cmake_clean_first' from command line to 'False'
[0.445s] Level 5:colcon.colcon_core.verb:set package 'table_order_interface' build argument 'cmake_force_configure' from command line to 'False'
[0.445s] Level 5:colcon.colcon_core.verb:set package 'table_order_interface' build argument 'ament_cmake_args' from command line to 'None'
[0.445s] Level 5:colcon.colcon_core.verb:set package 'table_order_interface' build argument 'catkin_cmake_args' from command line to 'None'
[0.445s] Level 5:colcon.colcon_core.verb:set package 'table_order_interface' build argument 'catkin_skip_building_tests' from command line to 'False'
[0.445s] DEBUG:colcon.colcon_core.verb:Building package 'table_order_interface' with the following arguments: {'ament_cmake_args': None, 'build_base': '/home/g1/rokey_c_2_ws/build/table_order_interface', 'catkin_cmake_args': None, 'catkin_skip_building_tests': False, 'cmake_args': None, 'cmake_clean_cache': False, 'cmake_clean_first': False, 'cmake_force_configure': False, 'cmake_target': None, 'cmake_target_skip_unavailable': False, 'install_base': '/home/g1/rokey_c_2_ws/install/table_order_interface', 'merge_install': False, 'path': '/home/g1/rokey_c_2_ws/src/table_order_interface', 'symlink_install': True, 'test_result_base': None}
[0.445s] Level 5:colcon.colcon_core.verb:set package 'serving_robot' build argument 'cmake_args' from command line to 'None'
[0.445s] Level 5:colcon.colcon_core.verb:set package 'serving_robot' build argument 'cmake_target' from command line to 'None'
[0.445s] Level 5:colcon.colcon_core.verb:set package 'serving_robot' build argument 'cmake_target_skip_unavailable' from command line to 'False'
[0.445s] Level 5:colcon.colcon_core.verb:set package 'serving_robot' build argument 'cmake_clean_cache' from command line to 'False'
[0.445s] Level 5:colcon.colcon_core.verb:set package 'serving_robot' build argument 'cmake_clean_first' from command line to 'False'
[0.445s] Level 5:colcon.colcon_core.verb:set package 'serving_robot' build argument 'cmake_force_configure' from command line to 'False'
[0.445s] Level 5:colcon.colcon_core.verb:set package 'serving_robot' build argument 'ament_cmake_args' from command line to 'None'
[0.445s] Level 5:colcon.colcon_core.verb:set package 'serving_robot' build argument 'catkin_cmake_args' from command line to 'None'
[0.445s] Level 5:colcon.colcon_core.verb:set package 'serving_robot' build argument 'catkin_skip_building_tests' from command line to 'False'
[0.445s] DEBUG:colcon.colcon_core.verb:Building package 'serving_robot' with the following arguments: {'ament_cmake_args': None, 'build_base': '/home/g1/rokey_c_2_ws/build/serving_robot', 'catkin_cmake_args': None, 'catkin_skip_building_tests': False, 'cmake_args': None, 'cmake_clean_cache': False, 'cmake_clean_first': False, 'cmake_force_configure': False, 'cmake_target': None, 'cmake_target_skip_unavailable': False, 'install_base': '/home/g1/rokey_c_2_ws/install/serving_robot', 'merge_install': False, 'path': '/home/g1/rokey_c_2_ws/src/serving_robot', 'symlink_install': True, 'test_result_base': None}
[0.446s] Level 5:colcon.colcon_core.verb:set package 'table_order' build argument 'cmake_args' from command line to 'None'
[0.446s] Level 5:colcon.colcon_core.verb:set package 'table_order' build argument 'cmake_target' from command line to 'None'
[0.446s] Level 5:colcon.colcon_core.verb:set package 'table_order' build argument 'cmake_target_skip_unavailable' from command line to 'False'
[0.446s] Level 5:colcon.colcon_core.verb:set package 'table_order' build argument 'cmake_clean_cache' from command line to 'False'
[0.446s] Level 5:colcon.colcon_core.verb:set package 'table_order' build argument 'cmake_clean_first' from command line to 'False'
[0.446s] Level 5:colcon.colcon_core.verb:set package 'table_order' build argument 'cmake_force_configure' from command line to 'False'
[0.446s] Level 5:colcon.colcon_core.verb:set package 'table_order' build argument 'ament_cmake_args' from command line to 'None'
[0.446s] Level 5:colcon.colcon_core.verb:set package 'table_order' build argument 'catkin_cmake_args' from command line to 'None'
[0.446s] Level 5:colcon.colcon_core.verb:set package 'table_order' build argument 'catkin_skip_building_tests' from command line to 'False'
[0.446s] DEBUG:colcon.colcon_core.verb:Building package 'table_order' with the following arguments: {'ament_cmake_args': None, 'build_base': '/home/g1/rokey_c_2_ws/build/table_order', 'catkin_cmake_args': None, 'catkin_skip_building_tests': False, 'cmake_args': None, 'cmake_clean_cache': False, 'cmake_clean_first': False, 'cmake_force_configure': False, 'cmake_target': None, 'cmake_target_skip_unavailable': False, 'install_base': '/home/g1/rokey_c_2_ws/install/table_order', 'merge_install': False, 'path': '/home/g1/rokey_c_2_ws/src/table_order', 'symlink_install': True, 'test_result_base': None}
[0.446s] INFO:colcon.colcon_core.executor:Executing jobs using 'parallel' executor
[0.447s] DEBUG:colcon.colcon_parallel_executor.executor.parallel:run_until_complete
[0.447s] INFO:colcon.colcon_ros.task.ament_cmake.build:Building ROS package in '/home/g1/rokey_c_2_ws/src/serving_robot_msgs' with build type 'ament_cmake'
[0.447s] INFO:colcon.colcon_cmake.task.cmake.build:Building CMake package in '/home/g1/rokey_c_2_ws/src/serving_robot_msgs'
[0.450s] INFO:colcon.colcon_core.plugin_system:Skipping extension 'colcon_core.shell.bat': Not used on non-Windows systems
[0.450s] INFO:colcon.colcon_core.shell:Skip shell extension 'powershell' for command environment: Not usable outside of PowerShell
[0.450s] DEBUG:colcon.colcon_core.shell:Skip shell extension 'dsv' for command environment
[0.454s] INFO:colcon.colcon_ros.task.ament_cmake.build:Building ROS package in '/home/g1/rokey_c_2_ws/src/table_order_interface' with build type 'ament_cmake'
[0.455s] INFO:colcon.colcon_cmake.task.cmake.build:Building CMake package in '/home/g1/rokey_c_2_ws/src/table_order_interface'
[0.455s] INFO:colcon.colcon_core.shell:Skip shell extension 'powershell' for command environment: Not usable outside of PowerShell
[0.455s] DEBUG:colcon.colcon_core.shell:Skip shell extension 'dsv' for command environment
[0.459s] INFO:colcon.colcon_ros.task.ament_python.build:Building ROS package in '/home/g1/rokey_c_2_ws/src/database' with build type 'ament_python'
[0.459s] Level 1:colcon.colcon_core.shell:create_environment_hook('database', 'ament_prefix_path')
[0.459s] INFO:colcon.colcon_core.shell:Creating environment hook '/home/g1/rokey_c_2_ws/install/database/share/database/hook/ament_prefix_path.ps1'
[0.460s] INFO:colcon.colcon_core.shell:Creating environment descriptor '/home/g1/rokey_c_2_ws/install/database/share/database/hook/ament_prefix_path.dsv'
[0.461s] INFO:colcon.colcon_core.shell:Creating environment hook '/home/g1/rokey_c_2_ws/install/database/share/database/hook/ament_prefix_path.sh'
[0.462s] INFO:colcon.colcon_core.shell:Skip shell extension 'powershell' for command environment: Not usable outside of PowerShell
[0.462s] DEBUG:colcon.colcon_core.shell:Skip shell extension 'dsv' for command environment
[0.468s] DEBUG:colcon.colcon_core.event_handler.log_command:Invoking command in '/home/g1/rokey_c_2_ws/build/serving_robot_msgs': CMAKE_PREFIX_PATH=${CMAKE_PREFIX_PATH}:/home/g1/work/turtlebot3_ws/install/turtlebot3_teleop:/home/g1/work/turtlebot3_ws/install/turtlebot3_example:/opt/ros/humble /usr/bin/cmake /home/g1/rokey_c_2_ws/src/serving_robot_msgs -DAMENT_CMAKE_SYMLINK_INSTALL=1 -DCMAKE_INSTALL_PREFIX=/home/g1/rokey_c_2_ws/install/serving_robot_msgs
[0.472s] DEBUG:colcon.colcon_core.event_handler.log_command:Invoking command in '/home/g1/rokey_c_2_ws/build/table_order_interface': CMAKE_PREFIX_PATH=${CMAKE_PREFIX_PATH}:/home/g1/work/turtlebot3_ws/install/turtlebot3_teleop:/home/g1/work/turtlebot3_ws/install/turtlebot3_example:/opt/ros/humble /usr/bin/cmake /home/g1/rokey_c_2_ws/src/table_order_interface -DAMENT_CMAKE_SYMLINK_INSTALL=1 -DCMAKE_INSTALL_PREFIX=/home/g1/rokey_c_2_ws/install/table_order_interface
[0.868s] INFO:colcon.colcon_core.task.python.build:Building Python package in '/home/g1/rokey_c_2_ws/src/database'
[0.868s] INFO:colcon.colcon_core.shell:Skip shell extension 'powershell' for command environment: Not usable outside of PowerShell
[0.868s] DEBUG:colcon.colcon_core.shell:Skip shell extension 'dsv' for command environment
[1.379s] DEBUG:colcon.colcon_core.event_handler.log_command:Invoking command in '/home/g1/rokey_c_2_ws/build/database': PYTHONPATH=/home/g1/rokey_c_2_ws/build/database/prefix_override:/usr/lib/python3/dist-packages/colcon_core/task/python/colcon_distutils_commands:/home/g1/rokey_c_2_ws/install/database/lib/python3.10/site-packages:${PYTHONPATH} /usr/bin/python3 -W ignore:setup.py install is deprecated setup.py develop --editable --build-directory /home/g1/rokey_c_2_ws/build/database/build --no-deps symlink_data
[1.988s] Level 1:colcon.colcon_core.shell:create_environment_hook('database', 'pythonpath_develop')
[1.988s] INFO:colcon.colcon_core.shell:Creating environment hook '/home/g1/rokey_c_2_ws/build/database/share/database/hook/pythonpath_develop.ps1'
[1.989s] DEBUG:colcon.colcon_core.event_handler.log_command:Invoked command in '/home/g1/rokey_c_2_ws/build/database' returned '0': PYTHONPATH=/home/g1/rokey_c_2_ws/build/database/prefix_override:/usr/lib/python3/dist-packages/colcon_core/task/python/colcon_distutils_commands:/home/g1/rokey_c_2_ws/install/database/lib/python3.10/site-packages:${PYTHONPATH} /usr/bin/python3 -W ignore:setup.py install is deprecated setup.py develop --editable --build-directory /home/g1/rokey_c_2_ws/build/database/build --no-deps symlink_data
[1.989s] INFO:colcon.colcon_core.shell:Creating environment descriptor '/home/g1/rokey_c_2_ws/build/database/share/database/hook/pythonpath_develop.dsv'
[1.989s] INFO:colcon.colcon_core.shell:Creating environment hook '/home/g1/rokey_c_2_ws/build/database/share/database/hook/pythonpath_develop.sh'
[1.993s] Level 1:colcon.colcon_core.environment:checking '/home/g1/rokey_c_2_ws/install/database' for CMake module files
[1.994s] Level 1:colcon.colcon_core.environment:checking '/home/g1/rokey_c_2_ws/install/database' for CMake config files
[1.994s] Level 1:colcon.colcon_core.environment:checking '/home/g1/rokey_c_2_ws/install/database/lib'
[1.994s] Level 1:colcon.colcon_core.environment:checking '/home/g1/rokey_c_2_ws/install/database/bin'
[1.995s] Level 1:colcon.colcon_core.environment:checking '/home/g1/rokey_c_2_ws/install/database/lib/pkgconfig/database.pc'
[1.995s] Level 1:colcon.colcon_core.environment:checking '/home/g1/rokey_c_2_ws/install/database/lib/python3.10/site-packages'
[1.995s] Level 1:colcon.colcon_core.shell:create_environment_hook('database', 'pythonpath')
[1.995s] INFO:colcon.colcon_core.shell:Creating environment hook '/home/g1/rokey_c_2_ws/install/database/share/database/hook/pythonpath.ps1'
[1.995s] INFO:colcon.colcon_core.shell:Creating environment descriptor '/home/g1/rokey_c_2_ws/install/database/share/database/hook/pythonpath.dsv'
[1.996s] INFO:colcon.colcon_core.shell:Creating environment hook '/home/g1/rokey_c_2_ws/install/database/share/database/hook/pythonpath.sh'
[1.996s] Level 1:colcon.colcon_core.environment:checking '/home/g1/rokey_c_2_ws/install/database/bin'
[1.996s] Level 1:colcon.colcon_core.environment:create_environment_scripts_only(database)
[1.997s] INFO:colcon.colcon_core.shell:Creating package script '/home/g1/rokey_c_2_ws/install/database/share/database/package.ps1'
[1.998s] INFO:colcon.colcon_core.shell:Creating package descriptor '/home/g1/rokey_c_2_ws/install/database/share/database/package.dsv'
[1.998s] INFO:colcon.colcon_core.shell:Creating package script '/home/g1/rokey_c_2_ws/install/database/share/database/package.sh'
[1.999s] INFO:colcon.colcon_core.shell:Creating package script '/home/g1/rokey_c_2_ws/install/database/share/database/package.bash'
[2.000s] INFO:colcon.colcon_core.shell:Creating package script '/home/g1/rokey_c_2_ws/install/database/share/database/package.zsh'
[2.001s] Level 1:colcon.colcon_core.environment:create_file_with_runtime_dependencies(/home/g1/rokey_c_2_ws/install/database/share/colcon-core/packages/database)
[2.219s] DEBUG:colcon.colcon_core.event_handler.log_command:Invoked command in '/home/g1/rokey_c_2_ws/build/table_order_interface' returned '0': CMAKE_PREFIX_PATH=${CMAKE_PREFIX_PATH}:/home/g1/work/turtlebot3_ws/install/turtlebot3_teleop:/home/g1/work/turtlebot3_ws/install/turtlebot3_example:/opt/ros/humble /usr/bin/cmake /home/g1/rokey_c_2_ws/src/table_order_interface -DAMENT_CMAKE_SYMLINK_INSTALL=1 -DCMAKE_INSTALL_PREFIX=/home/g1/rokey_c_2_ws/install/table_order_interface
[2.222s] DEBUG:colcon.colcon_core.event_handler.log_command:Invoking command in '/home/g1/rokey_c_2_ws/build/table_order_interface': CMAKE_PREFIX_PATH=${CMAKE_PREFIX_PATH}:/home/g1/work/turtlebot3_ws/install/turtlebot3_teleop:/home/g1/work/turtlebot3_ws/install/turtlebot3_example:/opt/ros/humble /usr/bin/cmake --build /home/g1/rokey_c_2_ws/build/table_order_interface -- -j8 -l8
[2.288s] DEBUG:colcon.colcon_core.event_handler.log_command:Invoked command in '/home/g1/rokey_c_2_ws/build/serving_robot_msgs' returned '0': CMAKE_PREFIX_PATH=${CMAKE_PREFIX_PATH}:/home/g1/work/turtlebot3_ws/install/turtlebot3_teleop:/home/g1/work/turtlebot3_ws/install/turtlebot3_example:/opt/ros/humble /usr/bin/cmake /home/g1/rokey_c_2_ws/src/serving_robot_msgs -DAMENT_CMAKE_SYMLINK_INSTALL=1 -DCMAKE_INSTALL_PREFIX=/home/g1/rokey_c_2_ws/install/serving_robot_msgs
[2.290s] DEBUG:colcon.colcon_core.event_handler.log_command:Invoking command in '/home/g1/rokey_c_2_ws/build/serving_robot_msgs': CMAKE_PREFIX_PATH=${CMAKE_PREFIX_PATH}:/home/g1/work/turtlebot3_ws/install/turtlebot3_teleop:/home/g1/work/turtlebot3_ws/install/turtlebot3_example:/opt/ros/humble /usr/bin/cmake --build /home/g1/rokey_c_2_ws/build/serving_robot_msgs -- -j8 -l8
[7.641s] DEBUG:colcon.colcon_core.event_handler.log_command:Invoked command in '/home/g1/rokey_c_2_ws/build/table_order_interface' returned '0': CMAKE_PREFIX_PATH=${CMAKE_PREFIX_PATH}:/home/g1/work/turtlebot3_ws/install/turtlebot3_teleop:/home/g1/work/turtlebot3_ws/install/turtlebot3_example:/opt/ros/humble /usr/bin/cmake --build /home/g1/rokey_c_2_ws/build/table_order_interface -- -j8 -l8
[7.695s] DEBUG:colcon.colcon_core.event_handler.log_command:Invoking command in '/home/g1/rokey_c_2_ws/build/table_order_interface': CMAKE_PREFIX_PATH=${CMAKE_PREFIX_PATH}:/home/g1/work/turtlebot3_ws/install/turtlebot3_teleop:/home/g1/work/turtlebot3_ws/install/turtlebot3_example:/opt/ros/humble /usr/bin/cmake --install /home/g1/rokey_c_2_ws/build/table_order_interface
[8.223s] Level 1:colcon.colcon_core.environment:create_environment_scripts_only(table_order_interface)
[8.224s] Level 1:colcon.colcon_core.environment:checking '/home/g1/rokey_c_2_ws/install/table_order_interface' for CMake module files
[8.224s] DEBUG:colcon.colcon_core.event_handler.log_command:Invoked command in '/home/g1/rokey_c_2_ws/build/table_order_interface' returned '0': CMAKE_PREFIX_PATH=${CMAKE_PREFIX_PATH}:/home/g1/work/turtlebot3_ws/install/turtlebot3_teleop:/home/g1/work/turtlebot3_ws/install/turtlebot3_example:/opt/ros/humble /usr/bin/cmake --install /home/g1/rokey_c_2_ws/build/table_order_interface
[8.225s] Level 1:colcon.colcon_core.environment:checking '/home/g1/rokey_c_2_ws/install/table_order_interface' for CMake config files
[8.225s] Level 1:colcon.colcon_core.shell:create_environment_hook('table_order_interface', 'cmake_prefix_path')
[8.225s] INFO:colcon.colcon_core.shell:Creating environment hook '/home/g1/rokey_c_2_ws/install/table_order_interface/share/table_order_interface/hook/cmake_prefix_path.ps1'
[8.225s] INFO:colcon.colcon_core.shell:Creating environment descriptor '/home/g1/rokey_c_2_ws/install/table_order_interface/share/table_order_interface/hook/cmake_prefix_path.dsv'
[8.226s] INFO:colcon.colcon_core.shell:Creating environment hook '/home/g1/rokey_c_2_ws/install/table_order_interface/share/table_order_interface/hook/cmake_prefix_path.sh'
[8.226s] Level 1:colcon.colcon_core.environment:checking '/home/g1/rokey_c_2_ws/install/table_order_interface/lib'
[8.226s] Level 1:colcon.colcon_core.shell:create_environment_hook('table_order_interface', 'ld_library_path_lib')
[8.226s] INFO:colcon.colcon_core.shell:Creating environment hook '/home/g1/rokey_c_2_ws/install/table_order_interface/share/table_order_interface/hook/ld_library_path_lib.ps1'
[8.227s] INFO:colcon.colcon_core.shell:Creating environment descriptor '/home/g1/rokey_c_2_ws/install/table_order_interface/share/table_order_interface/hook/ld_library_path_lib.dsv'
[8.227s] INFO:colcon.colcon_core.shell:Creating environment hook '/home/g1/rokey_c_2_ws/install/table_order_interface/share/table_order_interface/hook/ld_library_path_lib.sh'
[8.227s] Level 1:colcon.colcon_core.environment:checking '/home/g1/rokey_c_2_ws/install/table_order_interface/bin'
[8.227s] Level 1:colcon.colcon_core.environment:checking '/home/g1/rokey_c_2_ws/install/table_order_interface/lib/pkgconfig/table_order_interface.pc'
[8.227s] Level 1:colcon.colcon_core.environment:checking '/home/g1/rokey_c_2_ws/install/table_order_interface/lib/python3.10/site-packages'
[8.228s] Level 1:colcon.colcon_core.environment:checking '/home/g1/rokey_c_2_ws/install/table_order_interface/bin'
[8.228s] INFO:colcon.colcon_core.shell:Creating package script '/home/g1/rokey_c_2_ws/install/table_order_interface/share/table_order_interface/package.ps1'
[8.228s] INFO:colcon.colcon_core.shell:Creating package descriptor '/home/g1/rokey_c_2_ws/install/table_order_interface/share/table_order_interface/package.dsv'
[8.229s] INFO:colcon.colcon_core.shell:Creating package script '/home/g1/rokey_c_2_ws/install/table_order_interface/share/table_order_interface/package.sh'
[8.229s] INFO:colcon.colcon_core.shell:Creating package script '/home/g1/rokey_c_2_ws/install/table_order_interface/share/table_order_interface/package.bash'
[8.229s] INFO:colcon.colcon_core.shell:Creating package script '/home/g1/rokey_c_2_ws/install/table_order_interface/share/table_order_interface/package.zsh'
[8.230s] Level 1:colcon.colcon_core.environment:create_file_with_runtime_dependencies(/home/g1/rokey_c_2_ws/install/table_order_interface/share/colcon-core/packages/table_order_interface)
[8.272s] Level 1:colcon.colcon_core.environment:create_environment_scripts_only(table_order_interface)
[8.272s] Level 1:colcon.colcon_core.environment:checking '/home/g1/rokey_c_2_ws/install/table_order_interface' for CMake module files
[8.272s] Level 1:colcon.colcon_core.environment:checking '/home/g1/rokey_c_2_ws/install/table_order_interface' for CMake config files
[8.273s] Level 1:colcon.colcon_core.shell:create_environment_hook('table_order_interface', 'cmake_prefix_path')
[8.273s] INFO:colcon.colcon_core.shell:Creating environment hook '/home/g1/rokey_c_2_ws/install/table_order_interface/share/table_order_interface/hook/cmake_prefix_path.ps1'
[8.273s] INFO:colcon.colcon_core.shell:Creating environment descriptor '/home/g1/rokey_c_2_ws/install/table_order_interface/share/table_order_interface/hook/cmake_prefix_path.dsv'
[8.273s] INFO:colcon.colcon_core.shell:Creating environment hook '/home/g1/rokey_c_2_ws/install/table_order_interface/share/table_order_interface/hook/cmake_prefix_path.sh'
[8.274s] Level 1:colcon.colcon_core.environment:checking '/home/g1/rokey_c_2_ws/install/table_order_interface/lib'
[8.274s] Level 1:colcon.colcon_core.shell:create_environment_hook('table_order_interface', 'ld_library_path_lib')
[8.274s] INFO:colcon.colcon_core.shell:Creating environment hook '/home/g1/rokey_c_2_ws/install/table_order_interface/share/table_order_interface/hook/ld_library_path_lib.ps1'
[8.275s] INFO:colcon.colcon_core.shell:Creating environment descriptor '/home/g1/rokey_c_2_ws/install/table_order_interface/share/table_order_interface/hook/ld_library_path_lib.dsv'
[8.275s] INFO:colcon.colcon_core.shell:Creating environment hook '/home/g1/rokey_c_2_ws/install/table_order_interface/share/table_order_interface/hook/ld_library_path_lib.sh'
[8.275s] Level 1:colcon.colcon_core.environment:checking '/home/g1/rokey_c_2_ws/install/table_order_interface/bin'
[8.275s] Level 1:colcon.colcon_core.environment:checking '/home/g1/rokey_c_2_ws/install/table_order_interface/lib/pkgconfig/table_order_interface.pc'
[8.275s] Level 1:colcon.colcon_core.environment:checking '/home/g1/rokey_c_2_ws/install/table_order_interface/lib/python3.10/site-packages'
[8.276s] Level 1:colcon.colcon_core.environment:checking '/home/g1/rokey_c_2_ws/install/table_order_interface/bin'
[8.276s] INFO:colcon.colcon_core.shell:Creating package script '/home/g1/rokey_c_2_ws/install/table_order_interface/share/table_order_interface/package.ps1'
[8.276s] INFO:colcon.colcon_core.shell:Creating package descriptor '/home/g1/rokey_c_2_ws/install/table_order_interface/share/table_order_interface/package.dsv'
[8.277s] INFO:colcon.colcon_core.shell:Creating package script '/home/g1/rokey_c_2_ws/install/table_order_interface/share/table_order_interface/package.sh'
[8.277s] INFO:colcon.colcon_core.shell:Creating package script '/home/g1/rokey_c_2_ws/install/table_order_interface/share/table_order_interface/package.bash'
[8.278s] INFO:colcon.colcon_core.shell:Creating package script '/home/g1/rokey_c_2_ws/install/table_order_interface/share/table_order_interface/package.zsh'
[8.278s] Level 1:colcon.colcon_core.environment:create_file_with_runtime_dependencies(/home/g1/rokey_c_2_ws/install/table_order_interface/share/colcon-core/packages/table_order_interface)
[8.278s] INFO:colcon.colcon_ros.task.ament_python.build:Building ROS package in '/home/g1/rokey_c_2_ws/src/table_order' with build type 'ament_python'
[8.278s] Level 1:colcon.colcon_core.shell:create_environment_hook('table_order', 'ament_prefix_path')
[8.278s] INFO:colcon.colcon_core.shell:Creating environment hook '/home/g1/rokey_c_2_ws/install/table_order/share/table_order/hook/ament_prefix_path.ps1'
[8.279s] INFO:colcon.colcon_core.shell:Creating environment descriptor '/home/g1/rokey_c_2_ws/install/table_order/share/table_order/hook/ament_prefix_path.dsv'
[8.279s] INFO:colcon.colcon_core.shell:Creating environment hook '/home/g1/rokey_c_2_ws/install/table_order/share/table_order/hook/ament_prefix_path.sh'
[8.280s] INFO:colcon.colcon_core.shell:Skip shell extension 'powershell' for command environment: Not usable outside of PowerShell
[8.280s] DEBUG:colcon.colcon_core.shell:Skip shell extension 'dsv' for command environment
[8.609s] INFO:colcon.colcon_core.task.python.build:Building Python package in '/home/g1/rokey_c_2_ws/src/table_order'
[8.610s] INFO:colcon.colcon_core.shell:Skip shell extension 'powershell' for command environment: Not usable outside of PowerShell
[8.610s] DEBUG:colcon.colcon_core.shell:Skip shell extension 'dsv' for command environment
[9.091s] DEBUG:colcon.colcon_core.event_handler.log_command:Invoking command in '/home/g1/rokey_c_2_ws/build/table_order': AMENT_PREFIX_PATH=/home/g1/rokey_c_2_ws/install/table_order_interface:${AMENT_PREFIX_PATH} CMAKE_PREFIX_PATH=/home/g1/rokey_c_2_ws/install/table_order_interface:${CMAKE_PREFIX_PATH} LD_LIBRARY_PATH=/home/g1/rokey_c_2_ws/install/table_order_interface/lib:/home/g1/work/turtlebot3_ws/install/turtlebot3_msgs/lib:/usr/lib/x86_64-linux-gnu/gazebo-11/plugins:/opt/ros/humble/opt/rviz_ogre_vendor/lib:/opt/ros/humble/lib/x86_64-linux-gnu:/opt/ros/humble/lib:/usr/lib/x86_64-linux-gnu/gazebo-11/plugins PYTHONPATH=/home/g1/rokey_c_2_ws/build/table_order/prefix_override:/usr/lib/python3/dist-packages/colcon_core/task/python/colcon_distutils_commands:/home/g1/rokey_c_2_ws/install/table_order/lib/python3.10/site-packages:/home/g1/rokey_c_2_ws/install/table_order_interface/local/lib/python3.10/dist-packages:${PYTHONPATH} /usr/bin/python3 -W ignore:setup.py install is deprecated setup.py develop --editable --build-directory /home/g1/rokey_c_2_ws/build/table_order/build --no-deps symlink_data
[9.272s] DEBUG:colcon.colcon_core.event_handler.log_command:Invoked command in '/home/g1/rokey_c_2_ws/build/serving_robot_msgs' returned '0': CMAKE_PREFIX_PATH=${CMAKE_PREFIX_PATH}:/home/g1/work/turtlebot3_ws/install/turtlebot3_teleop:/home/g1/work/turtlebot3_ws/install/turtlebot3_example:/opt/ros/humble /usr/bin/cmake --build /home/g1/rokey_c_2_ws/build/serving_robot_msgs -- -j8 -l8
[9.352s] DEBUG:colcon.colcon_core.event_handler.log_command:Invoking command in '/home/g1/rokey_c_2_ws/build/serving_robot_msgs': CMAKE_PREFIX_PATH=${CMAKE_PREFIX_PATH}:/home/g1/work/turtlebot3_ws/install/turtlebot3_teleop:/home/g1/work/turtlebot3_ws/install/turtlebot3_example:/opt/ros/humble /usr/bin/cmake --install /home/g1/rokey_c_2_ws/build/serving_robot_msgs
[9.711s] Level 1:colcon.colcon_core.shell:create_environment_hook('table_order', 'pythonpath_develop')
[9.711s] INFO:colcon.colcon_core.shell:Creating environment hook '/home/g1/rokey_c_2_ws/build/table_order/share/table_order/hook/pythonpath_develop.ps1'
[9.712s] DEBUG:colcon.colcon_core.event_handler.log_command:Invoked command in '/home/g1/rokey_c_2_ws/build/table_order' returned '0': AMENT_PREFIX_PATH=/home/g1/rokey_c_2_ws/install/table_order_interface:${AMENT_PREFIX_PATH} CMAKE_PREFIX_PATH=/home/g1/rokey_c_2_ws/install/table_order_interface:${CMAKE_PREFIX_PATH} LD_LIBRARY_PATH=/home/g1/rokey_c_2_ws/install/table_order_interface/lib:/home/g1/work/turtlebot3_ws/install/turtlebot3_msgs/lib:/usr/lib/x86_64-linux-gnu/gazebo-11/plugins:/opt/ros/humble/opt/rviz_ogre_vendor/lib:/opt/ros/humble/lib/x86_64-linux-gnu:/opt/ros/humble/lib:/usr/lib/x86_64-linux-gnu/gazebo-11/plugins PYTHONPATH=/home/g1/rokey_c_2_ws/build/table_order/prefix_override:/usr/lib/python3/dist-packages/colcon_core/task/python/colcon_distutils_commands:/home/g1/rokey_c_2_ws/install/table_order/lib/python3.10/site-packages:/home/g1/rokey_c_2_ws/install/table_order_interface/local/lib/python3.10/dist-packages:${PYTHONPATH} /usr/bin/python3 -W ignore:setup.py install is deprecated setup.py develop --editable --build-directory /home/g1/rokey_c_2_ws/build/table_order/build --no-deps symlink_data
[9.712s] INFO:colcon.colcon_core.shell:Creating environment descriptor '/home/g1/rokey_c_2_ws/build/table_order/share/table_order/hook/pythonpath_develop.dsv'
[9.713s] INFO:colcon.colcon_core.shell:Creating environment hook '/home/g1/rokey_c_2_ws/build/table_order/share/table_order/hook/pythonpath_develop.sh'
[9.713s] Level 1:colcon.colcon_core.environment:checking '/home/g1/rokey_c_2_ws/install/table_order' for CMake module files
[9.714s] Level 1:colcon.colcon_core.environment:checking '/home/g1/rokey_c_2_ws/install/table_order' for CMake config files
[9.715s] Level 1:colcon.colcon_core.environment:checking '/home/g1/rokey_c_2_ws/install/table_order/lib'
[9.715s] Level 1:colcon.colcon_core.environment:checking '/home/g1/rokey_c_2_ws/install/table_order/bin'
[9.715s] Level 1:colcon.colcon_core.environment:checking '/home/g1/rokey_c_2_ws/install/table_order/lib/pkgconfig/table_order.pc'
[9.715s] Level 1:colcon.colcon_core.environment:checking '/home/g1/rokey_c_2_ws/install/table_order/lib/python3.10/site-packages'
[9.715s] Level 1:colcon.colcon_core.shell:create_environment_hook('table_order', 'pythonpath')
[9.716s] INFO:colcon.colcon_core.shell:Creating environment hook '/home/g1/rokey_c_2_ws/install/table_order/share/table_order/hook/pythonpath.ps1'
[9.716s] INFO:colcon.colcon_core.shell:Creating environment descriptor '/home/g1/rokey_c_2_ws/install/table_order/share/table_order/hook/pythonpath.dsv'
[9.717s] INFO:colcon.colcon_core.shell:Creating environment hook '/home/g1/rokey_c_2_ws/install/table_order/share/table_order/hook/pythonpath.sh'
[9.717s] Level 1:colcon.colcon_core.environment:checking '/home/g1/rokey_c_2_ws/install/table_order/bin'
[9.717s] Level 1:colcon.colcon_core.environment:create_environment_scripts_only(table_order)
[9.718s] INFO:colcon.colcon_core.shell:Creating package script '/home/g1/rokey_c_2_ws/install/table_order/share/table_order/package.ps1'
[9.719s] INFO:colcon.colcon_core.shell:Creating package descriptor '/home/g1/rokey_c_2_ws/install/table_order/share/table_order/package.dsv'
[9.719s] INFO:colcon.colcon_core.shell:Creating package script '/home/g1/rokey_c_2_ws/install/table_order/share/table_order/package.sh'
[9.720s] INFO:colcon.colcon_core.shell:Creating package script '/home/g1/rokey_c_2_ws/install/table_order/share/table_order/package.bash'
[9.720s] INFO:colcon.colcon_core.shell:Creating package script '/home/g1/rokey_c_2_ws/install/table_order/share/table_order/package.zsh'
[9.721s] Level 1:colcon.colcon_core.environment:create_file_with_runtime_dependencies(/home/g1/rokey_c_2_ws/install/table_order/share/colcon-core/packages/table_order)
[10.446s] Level 1:colcon.colcon_core.environment:create_environment_scripts_only(serving_robot_msgs)
[10.447s] Level 1:colcon.colcon_core.environment:checking '/home/g1/rokey_c_2_ws/install/serving_robot_msgs' for CMake module files
[10.448s] DEBUG:colcon.colcon_core.event_handler.log_command:Invoked command in '/home/g1/rokey_c_2_ws/build/serving_robot_msgs' returned '0': CMAKE_PREFIX_PATH=${CMAKE_PREFIX_PATH}:/home/g1/work/turtlebot3_ws/install/turtlebot3_teleop:/home/g1/work/turtlebot3_ws/install/turtlebot3_example:/opt/ros/humble /usr/bin/cmake --install /home/g1/rokey_c_2_ws/build/serving_robot_msgs
[10.448s] Level 1:colcon.colcon_core.environment:checking '/home/g1/rokey_c_2_ws/install/serving_robot_msgs' for CMake config files
[10.449s] Level 1:colcon.colcon_core.shell:create_environment_hook('serving_robot_msgs', 'cmake_prefix_path')
[10.449s] INFO:colcon.colcon_core.shell:Creating environment hook '/home/g1/rokey_c_2_ws/install/serving_robot_msgs/share/serving_robot_msgs/hook/cmake_prefix_path.ps1'
[10.450s] INFO:colcon.colcon_core.shell:Creating environment descriptor '/home/g1/rokey_c_2_ws/install/serving_robot_msgs/share/serving_robot_msgs/hook/cmake_prefix_path.dsv'
[10.450s] INFO:colcon.colcon_core.shell:Creating environment hook '/home/g1/rokey_c_2_ws/install/serving_robot_msgs/share/serving_robot_msgs/hook/cmake_prefix_path.sh'
[10.450s] Level 1:colcon.colcon_core.environment:checking '/home/g1/rokey_c_2_ws/install/serving_robot_msgs/lib'
[10.451s] Level 1:colcon.colcon_core.shell:create_environment_hook('serving_robot_msgs', 'ld_library_path_lib')
[10.451s] INFO:colcon.colcon_core.shell:Creating environment hook '/home/g1/rokey_c_2_ws/install/serving_robot_msgs/share/serving_robot_msgs/hook/ld_library_path_lib.ps1'
[10.451s] INFO:colcon.colcon_core.shell:Creating environment descriptor '/home/g1/rokey_c_2_ws/install/serving_robot_msgs/share/serving_robot_msgs/hook/ld_library_path_lib.dsv'
[10.452s] INFO:colcon.colcon_core.shell:Creating environment hook '/home/g1/rokey_c_2_ws/install/serving_robot_msgs/share/serving_robot_msgs/hook/ld_library_path_lib.sh'
[10.452s] Level 1:colcon.colcon_core.environment:checking '/home/g1/rokey_c_2_ws/install/serving_robot_msgs/bin'
[10.452s] Level 1:colcon.colcon_core.environment:checking '/home/g1/rokey_c_2_ws/install/serving_robot_msgs/lib/pkgconfig/serving_robot_msgs.pc'
[10.452s] Level 1:colcon.colcon_core.environment:checking '/home/g1/rokey_c_2_ws/install/serving_robot_msgs/lib/python3.10/site-packages'
[10.452s] Level 1:colcon.colcon_core.environment:checking '/home/g1/rokey_c_2_ws/install/serving_robot_msgs/bin'
[10.453s] INFO:colcon.colcon_core.shell:Creating package script '/home/g1/rokey_c_2_ws/install/serving_robot_msgs/share/serving_robot_msgs/package.ps1'
[10.454s] INFO:colcon.colcon_core.shell:Creating package descriptor '/home/g1/rokey_c_2_ws/install/serving_robot_msgs/share/serving_robot_msgs/package.dsv'
[10.454s] INFO:colcon.colcon_core.shell:Creating package script '/home/g1/rokey_c_2_ws/install/serving_robot_msgs/share/serving_robot_msgs/package.sh'
[10.455s] INFO:colcon.colcon_core.shell:Creating package script '/home/g1/rokey_c_2_ws/install/serving_robot_msgs/share/serving_robot_msgs/package.bash'
[10.455s] INFO:colcon.colcon_core.shell:Creating package script '/home/g1/rokey_c_2_ws/install/serving_robot_msgs/share/serving_robot_msgs/package.zsh'
[10.455s] Level 1:colcon.colcon_core.environment:create_file_with_runtime_dependencies(/home/g1/rokey_c_2_ws/install/serving_robot_msgs/share/colcon-core/packages/serving_robot_msgs)
[10.576s] Level 1:colcon.colcon_core.environment:create_environment_scripts_only(serving_robot_msgs)
[10.577s] Level 1:colcon.colcon_core.environment:checking '/home/g1/rokey_c_2_ws/install/serving_robot_msgs' for CMake module files
[10.578s] Level 1:colcon.colcon_core.environment:checking '/home/g1/rokey_c_2_ws/install/serving_robot_msgs' for CMake config files
[10.578s] Level 1:colcon.colcon_core.shell:create_environment_hook('serving_robot_msgs', 'cmake_prefix_path')
[10.578s] INFO:colcon.colcon_core.shell:Creating environment hook '/home/g1/rokey_c_2_ws/install/serving_robot_msgs/share/serving_robot_msgs/hook/cmake_prefix_path.ps1'
[10.579s] INFO:colcon.colcon_core.shell:Creating environment descriptor '/home/g1/rokey_c_2_ws/install/serving_robot_msgs/share/serving_robot_msgs/hook/cmake_prefix_path.dsv'
[10.579s] INFO:colcon.colcon_core.shell:Creating environment hook '/home/g1/rokey_c_2_ws/install/serving_robot_msgs/share/serving_robot_msgs/hook/cmake_prefix_path.sh'
[10.580s] Level 1:colcon.colcon_core.environment:checking '/home/g1/rokey_c_2_ws/install/serving_robot_msgs/lib'
[10.580s] Level 1:colcon.colcon_core.shell:create_environment_hook('serving_robot_msgs', 'ld_library_path_lib')
[10.581s] INFO:colcon.colcon_core.shell:Creating environment hook '/home/g1/rokey_c_2_ws/install/serving_robot_msgs/share/serving_robot_msgs/hook/ld_library_path_lib.ps1'
[10.582s] INFO:colcon.colcon_core.shell:Creating environment descriptor '/home/g1/rokey_c_2_ws/install/serving_robot_msgs/share/serving_robot_msgs/hook/ld_library_path_lib.dsv'
[10.583s] INFO:colcon.colcon_core.shell:Creating environment hook '/home/g1/rokey_c_2_ws/install/serving_robot_msgs/share/serving_robot_msgs/hook/ld_library_path_lib.sh'
[10.584s] Level 1:colcon.colcon_core.environment:checking '/home/g1/rokey_c_2_ws/install/serving_robot_msgs/bin'
[10.584s] Level 1:colcon.colcon_core.environment:checking '/home/g1/rokey_c_2_ws/install/serving_robot_msgs/lib/pkgconfig/serving_robot_msgs.pc'
[10.584s] Level 1:colcon.colcon_core.environment:checking '/home/g1/rokey_c_2_ws/install/serving_robot_msgs/lib/python3.10/site-packages'
[10.584s] Level 1:colcon.colcon_core.environment:checking '/home/g1/rokey_c_2_ws/install/serving_robot_msgs/bin'
[10.585s] INFO:colcon.colcon_core.shell:Creating package script '/home/g1/rokey_c_2_ws/install/serving_robot_msgs/share/serving_robot_msgs/package.ps1'
[10.586s] INFO:colcon.colcon_core.shell:Creating package descriptor '/home/g1/rokey_c_2_ws/install/serving_robot_msgs/share/serving_robot_msgs/package.dsv'
[10.586s] INFO:colcon.colcon_core.shell:Creating package script '/home/g1/rokey_c_2_ws/install/serving_robot_msgs/share/serving_robot_msgs/package.sh'
[10.587s] INFO:colcon.colcon_core.shell:Creating package script '/home/g1/rokey_c_2_ws/install/serving_robot_msgs/share/serving_robot_msgs/package.bash'
[10.587s] INFO:colcon.colcon_core.shell:Creating package script '/home/g1/rokey_c_2_ws/install/serving_robot_msgs/share/serving_robot_msgs/package.zsh'
[10.588s] Level 1:colcon.colcon_core.environment:create_file_with_runtime_dependencies(/home/g1/rokey_c_2_ws/install/serving_robot_msgs/share/colcon-core/packages/serving_robot_msgs)
[10.588s] INFO:colcon.colcon_ros.task.ament_python.build:Building ROS package in '/home/g1/rokey_c_2_ws/src/serving_robot' with build type 'ament_python'
[10.588s] Level 1:colcon.colcon_core.shell:create_environment_hook('serving_robot', 'ament_prefix_path')
[10.589s] INFO:colcon.colcon_core.shell:Creating environment hook '/home/g1/rokey_c_2_ws/install/serving_robot/share/serving_robot/hook/ament_prefix_path.ps1'
[10.590s] INFO:colcon.colcon_core.shell:Creating environment descriptor '/home/g1/rokey_c_2_ws/install/serving_robot/share/serving_robot/hook/ament_prefix_path.dsv'
[10.591s] INFO:colcon.colcon_core.shell:Creating environment hook '/home/g1/rokey_c_2_ws/install/serving_robot/share/serving_robot/hook/ament_prefix_path.sh'
[10.592s] INFO:colcon.colcon_core.shell:Skip shell extension 'powershell' for command environment: Not usable outside of PowerShell
[10.592s] DEBUG:colcon.colcon_core.shell:Skip shell extension 'dsv' for command environment
[11.038s] INFO:colcon.colcon_core.task.python.build:Building Python package in '/home/g1/rokey_c_2_ws/src/serving_robot'
[11.038s] INFO:colcon.colcon_core.shell:Skip shell extension 'powershell' for command environment: Not usable outside of PowerShell
[11.038s] DEBUG:colcon.colcon_core.shell:Skip shell extension 'dsv' for command environment
[11.453s] DEBUG:colcon.colcon_core.event_handler.log_command:Invoking command in '/home/g1/rokey_c_2_ws/build/serving_robot': AMENT_PREFIX_PATH=/home/g1/rokey_c_2_ws/install/serving_robot_msgs:${AMENT_PREFIX_PATH} CMAKE_PREFIX_PATH=/home/g1/rokey_c_2_ws/install/serving_robot_msgs:${CMAKE_PREFIX_PATH} LD_LIBRARY_PATH=/home/g1/rokey_c_2_ws/install/serving_robot_msgs/lib:/home/g1/work/turtlebot3_ws/install/turtlebot3_msgs/lib:/usr/lib/x86_64-linux-gnu/gazebo-11/plugins:/opt/ros/humble/opt/rviz_ogre_vendor/lib:/opt/ros/humble/lib/x86_64-linux-gnu:/opt/ros/humble/lib:/usr/lib/x86_64-linux-gnu/gazebo-11/plugins PYTHONPATH=/home/g1/rokey_c_2_ws/build/serving_robot/prefix_override:/usr/lib/python3/dist-packages/colcon_core/task/python/colcon_distutils_commands:/home/g1/rokey_c_2_ws/install/serving_robot/lib/python3.10/site-packages:/home/g1/rokey_c_2_ws/install/serving_robot_msgs/local/lib/python3.10/dist-packages:${PYTHONPATH} /usr/bin/python3 -W ignore:setup.py install is deprecated setup.py develop --editable --build-directory /home/g1/rokey_c_2_ws/build/serving_robot/build --no-deps symlink_data
[12.053s] Level 1:colcon.colcon_core.shell:create_environment_hook('serving_robot', 'pythonpath_develop')
[12.053s] INFO:colcon.colcon_core.shell:Creating environment hook '/home/g1/rokey_c_2_ws/build/serving_robot/share/serving_robot/hook/pythonpath_develop.ps1'
[12.054s] DEBUG:colcon.colcon_core.event_handler.log_command:Invoked command in '/home/g1/rokey_c_2_ws/build/serving_robot' returned '0': AMENT_PREFIX_PATH=/home/g1/rokey_c_2_ws/install/serving_robot_msgs:${AMENT_PREFIX_PATH} CMAKE_PREFIX_PATH=/home/g1/rokey_c_2_ws/install/serving_robot_msgs:${CMAKE_PREFIX_PATH} LD_LIBRARY_PATH=/home/g1/rokey_c_2_ws/install/serving_robot_msgs/lib:/home/g1/work/turtlebot3_ws/install/turtlebot3_msgs/lib:/usr/lib/x86_64-linux-gnu/gazebo-11/plugins:/opt/ros/humble/opt/rviz_ogre_vendor/lib:/opt/ros/humble/lib/x86_64-linux-gnu:/opt/ros/humble/lib:/usr/lib/x86_64-linux-gnu/gazebo-11/plugins PYTHONPATH=/home/g1/rokey_c_2_ws/build/serving_robot/prefix_override:/usr/lib/python3/dist-packages/colcon_core/task/python/colcon_distutils_commands:/home/g1/rokey_c_2_ws/install/serving_robot/lib/python3.10/site-packages:/home/g1/rokey_c_2_ws/install/serving_robot_msgs/local/lib/python3.10/dist-packages:${PYTHONPATH} /usr/bin/python3 -W ignore:setup.py install is deprecated setup.py develop --editable --build-directory /home/g1/rokey_c_2_ws/build/serving_robot/build --no-deps symlink_data
[12.054s] INFO:colcon.colcon_core.shell:Creating environment descriptor '/home/g1/rokey_c_2_ws/build/serving_robot/share/serving_robot/hook/pythonpath_develop.dsv'
[12.055s] INFO:colcon.colcon_core.shell:Creating environment hook '/home/g1/rokey_c_2_ws/build/serving_robot/share/serving_robot/hook/pythonpath_develop.sh'
[12.055s] Level 1:colcon.colcon_core.environment:checking '/home/g1/rokey_c_2_ws/install/serving_robot' for CMake module files
[12.056s] Level 1:colcon.colcon_core.environment:checking '/home/g1/rokey_c_2_ws/install/serving_robot' for CMake config files
[12.056s] Level 1:colcon.colcon_core.environment:checking '/home/g1/rokey_c_2_ws/install/serving_robot/lib'
[12.056s] Level 1:colcon.colcon_core.environment:checking '/home/g1/rokey_c_2_ws/install/serving_robot/bin'
[12.056s] Level 1:colcon.colcon_core.environment:checking '/home/g1/rokey_c_2_ws/install/serving_robot/lib/pkgconfig/serving_robot.pc'
[12.056s] Level 1:colcon.colcon_core.environment:checking '/home/g1/rokey_c_2_ws/install/serving_robot/lib/python3.10/site-packages'
[12.056s] Level 1:colcon.colcon_core.shell:create_environment_hook('serving_robot', 'pythonpath')
[12.057s] INFO:colcon.colcon_core.shell:Creating environment hook '/home/g1/rokey_c_2_ws/install/serving_robot/share/serving_robot/hook/pythonpath.ps1'
[12.057s] INFO:colcon.colcon_core.shell:Creating environment descriptor '/home/g1/rokey_c_2_ws/install/serving_robot/share/serving_robot/hook/pythonpath.dsv'
[12.057s] INFO:colcon.colcon_core.shell:Creating environment hook '/home/g1/rokey_c_2_ws/install/serving_robot/share/serving_robot/hook/pythonpath.sh'
[12.058s] Level 1:colcon.colcon_core.environment:checking '/home/g1/rokey_c_2_ws/install/serving_robot/bin'
[12.058s] Level 1:colcon.colcon_core.environment:create_environment_scripts_only(serving_robot)
[12.058s] INFO:colcon.colcon_core.shell:Creating package script '/home/g1/rokey_c_2_ws/install/serving_robot/share/serving_robot/package.ps1'
[12.059s] INFO:colcon.colcon_core.shell:Creating package descriptor '/home/g1/rokey_c_2_ws/install/serving_robot/share/serving_robot/package.dsv'
[12.059s] INFO:colcon.colcon_core.shell:Creating package script '/home/g1/rokey_c_2_ws/install/serving_robot/share/serving_robot/package.sh'
[12.059s] INFO:colcon.colcon_core.shell:Creating package script '/home/g1/rokey_c_2_ws/install/serving_robot/share/serving_robot/package.bash'
[12.060s] INFO:colcon.colcon_core.shell:Creating package script '/home/g1/rokey_c_2_ws/install/serving_robot/share/serving_robot/package.zsh'
[12.060s] Level 1:colcon.colcon_core.environment:create_file_with_runtime_dependencies(/home/g1/rokey_c_2_ws/install/serving_robot/share/colcon-core/packages/serving_robot)
[12.060s] DEBUG:colcon.colcon_parallel_executor.executor.parallel:closing loop
[12.060s] DEBUG:colcon.colcon_parallel_executor.executor.parallel:loop closed
[12.060s] DEBUG:colcon.colcon_parallel_executor.executor.parallel:run_until_complete finished with '0'
[12.061s] DEBUG:colcon.colcon_core.event_reactor:joining thread
[12.067s] INFO:colcon.colcon_core.plugin_system:Skipping extension 'colcon_notification.desktop_notification.terminal_notifier': Not used on non-Darwin systems
[12.067s] INFO:colcon.colcon_core.plugin_system:Skipping extension 'colcon_notification.desktop_notification.win32': Not used on non-Windows systems
[12.067s] INFO:colcon.colcon_notification.desktop_notification:Sending desktop notification using 'notify2'
[12.095s] DEBUG:colcon.colcon_core.event_reactor:joined thread
[12.096s] INFO:colcon.colcon_core.shell:Creating prefix script '/home/g1/rokey_c_2_ws/install/local_setup.ps1'
[12.097s] INFO:colcon.colcon_core.shell:Creating prefix util module '/home/g1/rokey_c_2_ws/install/_local_setup_util_ps1.py'
[12.098s] INFO:colcon.colcon_core.shell:Creating prefix chain script '/home/g1/rokey_c_2_ws/install/setup.ps1'
[12.100s] INFO:colcon.colcon_core.shell:Creating prefix script '/home/g1/rokey_c_2_ws/install/local_setup.sh'
[12.101s] INFO:colcon.colcon_core.shell:Creating prefix util module '/home/g1/rokey_c_2_ws/install/_local_setup_util_sh.py'
[12.102s] INFO:colcon.colcon_core.shell:Creating prefix chain script '/home/g1/rokey_c_2_ws/install/setup.sh'
[12.104s] INFO:colcon.colcon_core.shell:Creating prefix script '/home/g1/rokey_c_2_ws/install/local_setup.bash'
[12.106s] INFO:colcon.colcon_core.shell:Creating prefix chain script '/home/g1/rokey_c_2_ws/install/setup.bash'
[12.109s] INFO:colcon.colcon_core.shell:Creating prefix script '/home/g1/rokey_c_2_ws/install/local_setup.zsh'
[12.110s] INFO:colcon.colcon_core.shell:Creating prefix chain script '/home/g1/rokey_c_2_ws/install/setup.zsh'
