[0.019s] Invoking command in '/home/g1/rokey_c_2_ws/build/serving_robot_msgs': CMAKE_PREFIX_PATH=${CMAKE_PREFIX_PATH}:/home/g1/rokey_c_2_ws/install/table_order:/home/g1/rokey_c_2_ws/install/serving_robot:/home/g1/rokey_c_2_ws/install/database:/home/g1/.local/share/Trash/files/rokey_c2_ws/install/table_order:/home/g1/.local/share/Trash/files/rokey_c2_ws/install/serving_robot:/home/g1/.local/share/Trash/files/rokey_c2_ws/install/database:/home/g1/rokey_c2_ws/install/table_order:/home/g1/rokey_c2_ws/install/serving_robot:/home/g1/rokey_c2_ws/install/database:/home/g1/work/turtlebot3_ws/install/turtlebot3_teleop:/home/g1/work/turtlebot3_ws/install/turtlebot3_example:/opt/ros/humble /usr/bin/cmake /home/g1/rokey_c_2_ws/src/serving_robot_msgs -DAMENT_CMAKE_SYMLINK_INSTALL=1 -DCMAKE_INSTALL_PREFIX=/home/g1/rokey_c_2_ws/install/serving_robot_msgs
[0.072s] -- The C compiler identification is GNU 11.4.0
[0.125s] -- The CXX compiler identification is GNU 11.4.0
[0.132s] -- Detecting C compiler ABI info
[0.193s] -- Detecting C compiler ABI info - done
[0.202s] -- Check for working C compiler: /usr/bin/cc - skipped
[0.203s] -- Detecting C compile features
[0.203s] -- Detecting C compile features - done
[0.208s] -- Detecting CXX compiler ABI info
[0.290s] -- Detecting CXX compiler ABI info - done
[0.306s] -- Check for working CXX compiler: /usr/bin/c++ - skipped
[0.306s] -- Detecting CXX compile features
[0.307s] -- Detecting CXX compile features - done
[0.311s] -- Found ament_cmake: 1.3.10 (/opt/ros/humble/share/ament_cmake/cmake)
[0.545s] -- Found Python3: /usr/bin/python3 (found version "3.10.12") found components: Interpreter 
[0.615s] -- Override CMake install command with custom implementation using symlinks instead of copying resources
[0.655s] -- Found builtin_interfaces: 1.2.1 (/opt/ros/humble/share/builtin_interfaces/cmake)
[0.695s] -- Found rosidl_generator_c: 3.1.5 (/opt/ros/humble/share/rosidl_generator_c/cmake)
[0.702s] -- Found rosidl_adapter: 3.1.5 (/opt/ros/humble/share/rosidl_adapter/cmake)
[0.712s] -- Found rosidl_generator_cpp: 3.1.5 (/opt/ros/humble/share/rosidl_generator_cpp/cmake)
[0.727s] -- Using all available rosidl_typesupport_c: rosidl_typesupport_fastrtps_c;rosidl_typesupport_introspection_c
[0.747s] -- Using all available rosidl_typesupport_cpp: rosidl_typesupport_fastrtps_cpp;rosidl_typesupport_introspection_cpp
[0.767s] -- Found rosidl_default_generators: 1.2.0 (/opt/ros/humble/share/rosidl_default_generators/cmake)
[1.125s] -- Found ament_cmake_ros: 0.10.0 (/opt/ros/humble/share/ament_cmake_ros/cmake)
[1.520s] -- Using all available rosidl_typesupport_c: rosidl_typesupport_fastrtps_c;rosidl_typesupport_introspection_c
[1.663s] -- Using all available rosidl_typesupport_cpp: rosidl_typesupport_fastrtps_cpp;rosidl_typesupport_introspection_cpp
[1.687s] -- Found PythonInterp: /usr/bin/python3 (found suitable version "3.10.12", minimum required is "3.6") 
[1.689s] -- Found python_cmake_module: 0.10.0 (/opt/ros/humble/share/python_cmake_module/cmake)
[1.718s] -- Found PythonLibs: /usr/lib/x86_64-linux-gnu/libpython3.10.so (found suitable version "3.10.12", minimum required is "3.5") 
[1.718s] -- Using PYTHON_EXECUTABLE: /usr/bin/python3
[1.718s] -- Using PYTHON_INCLUDE_DIRS: /usr/include/python3.10
[1.718s] -- Using PYTHON_LIBRARIES: /usr/lib/x86_64-linux-gnu/libpython3.10.so
[1.745s] -- Found PythonExtra: .so  
[1.807s] -- Found ament_lint_auto: 0.12.11 (/opt/ros/humble/share/ament_lint_auto/cmake)
[1.841s] -- Added test 'lint_cmake' to check CMake code style
[1.843s] -- Added test 'xmllint' to check XML markup files
[1.851s] -- Configuring done
[1.899s] -- Generating done
[1.905s] -- Build files have been written to: /home/g1/rokey_c_2_ws/build/serving_robot_msgs
[1.918s] Invoked command in '/home/g1/rokey_c_2_ws/build/serving_robot_msgs' returned '0': CMAKE_PREFIX_PATH=${CMAKE_PREFIX_PATH}:/home/g1/rokey_c_2_ws/install/table_order:/home/g1/rokey_c_2_ws/install/serving_robot:/home/g1/rokey_c_2_ws/install/database:/home/g1/.local/share/Trash/files/rokey_c2_ws/install/table_order:/home/g1/.local/share/Trash/files/rokey_c2_ws/install/serving_robot:/home/g1/.local/share/Trash/files/rokey_c2_ws/install/database:/home/g1/rokey_c2_ws/install/table_order:/home/g1/rokey_c2_ws/install/serving_robot:/home/g1/rokey_c2_ws/install/database:/home/g1/work/turtlebot3_ws/install/turtlebot3_teleop:/home/g1/work/turtlebot3_ws/install/turtlebot3_example:/opt/ros/humble /usr/bin/cmake /home/g1/rokey_c_2_ws/src/serving_robot_msgs -DAMENT_CMAKE_SYMLINK_INSTALL=1 -DCMAKE_INSTALL_PREFIX=/home/g1/rokey_c_2_ws/install/serving_robot_msgs
[1.923s] Invoking command in '/home/g1/rokey_c_2_ws/build/serving_robot_msgs': CMAKE_PREFIX_PATH=${CMAKE_PREFIX_PATH}:/home/g1/rokey_c_2_ws/install/table_order:/home/g1/rokey_c_2_ws/install/serving_robot:/home/g1/rokey_c_2_ws/install/database:/home/g1/.local/share/Trash/files/rokey_c2_ws/install/table_order:/home/g1/.local/share/Trash/files/rokey_c2_ws/install/serving_robot:/home/g1/.local/share/Trash/files/rokey_c2_ws/install/database:/home/g1/rokey_c2_ws/install/table_order:/home/g1/rokey_c2_ws/install/serving_robot:/home/g1/rokey_c2_ws/install/database:/home/g1/work/turtlebot3_ws/install/turtlebot3_teleop:/home/g1/work/turtlebot3_ws/install/turtlebot3_example:/opt/ros/humble /usr/bin/cmake --build /home/g1/rokey_c_2_ws/build/serving_robot_msgs -- -j8 -l8
[1.983s] [  1%] [34m[1mGenerating C code for ROS interfaces[0m
[1.999s] [  3%] [34m[1mGenerating C++ code for ROS interfaces[0m
[2.015s] [  3%] Built target ament_cmake_python_symlink_serving_robot_msgs
[2.748s] running egg_info
[2.748s] creating serving_robot_msgs.egg-info
[2.749s] writing serving_robot_msgs.egg-info/PKG-INFO
[2.749s] writing dependency_links to serving_robot_msgs.egg-info/dependency_links.txt
[2.749s] writing top-level names to serving_robot_msgs.egg-info/top_level.txt
[2.750s] writing manifest file 'serving_robot_msgs.egg-info/SOURCES.txt'
[2.756s] reading manifest file 'serving_robot_msgs.egg-info/SOURCES.txt'
[2.756s] writing manifest file 'serving_robot_msgs.egg-info/SOURCES.txt'
[2.869s] [  3%] Built target ament_cmake_python_build_serving_robot_msgs_egg
[3.631s] [  5%] [32mBuilding C object CMakeFiles/serving_robot_msgs__rosidl_generator_c.dir/rosidl_generator_c/serving_robot_msgs/srv/detail/t2_c__functions.c.o[0m
[3.631s] [  7%] [32mBuilding C object CMakeFiles/serving_robot_msgs__rosidl_generator_c.dir/rosidl_generator_c/serving_robot_msgs/action/detail/c2_r__functions.c.o[0m
[3.632s] [  9%] [32mBuilding C object CMakeFiles/serving_robot_msgs__rosidl_generator_c.dir/rosidl_generator_c/serving_robot_msgs/msg/detail/robot_state__functions.c.o[0m
[3.639s] [ 10%] [32mBuilding C object CMakeFiles/serving_robot_msgs__rosidl_generator_c.dir/rosidl_generator_c/serving_robot_msgs/msg/detail/total_price2_c__functions.c.o[0m
[3.991s] [ 12%] [32m[1mLinking C shared library libserving_robot_msgs__rosidl_generator_c.so[0m
[4.117s] [ 12%] Built target serving_robot_msgs__cpp
[4.132s] [ 12%] Built target serving_robot_msgs__rosidl_generator_c
[4.147s] [ 14%] [34m[1mGenerating C++ type support dispatch for ROS interfaces[0m
[4.150s] [ 16%] [34m[1mGenerating C++ introspection for ROS interfaces[0m
[4.156s] [ 18%] [34m[1mGenerating C++ type support for eProsima Fast-RTPS[0m
[4.175s] [ 20%] [34m[1mGenerating C type support for eProsima Fast-RTPS[0m
[4.176s] [ 21%] [34m[1mGenerating C introspection for ROS interfaces[0m
[4.215s] [ 23%] [34m[1mGenerating C type support dispatch for ROS interfaces[0m
[5.661s] [ 25%] [32mBuilding CXX object CMakeFiles/serving_robot_msgs__rosidl_typesupport_cpp.dir/rosidl_typesupport_cpp/serving_robot_msgs/msg/robot_state__type_support.cpp.o[0m
[5.661s] [ 27%] [32mBuilding CXX object CMakeFiles/serving_robot_msgs__rosidl_typesupport_cpp.dir/rosidl_typesupport_cpp/serving_robot_msgs/msg/total_price2_c__type_support.cpp.o[0m
[5.675s] [ 29%] [32mBuilding CXX object CMakeFiles/serving_robot_msgs__rosidl_typesupport_cpp.dir/rosidl_typesupport_cpp/serving_robot_msgs/srv/t2_c__type_support.cpp.o[0m
[5.688s] [ 30%] [32mBuilding C object CMakeFiles/serving_robot_msgs__rosidl_typesupport_introspection_c.dir/rosidl_typesupport_introspection_c/serving_robot_msgs/msg/detail/robot_state__type_support.c.o[0m
[5.825s] [ 32%] [32mBuilding C object CMakeFiles/serving_robot_msgs__rosidl_typesupport_introspection_c.dir/rosidl_typesupport_introspection_c/serving_robot_msgs/msg/detail/total_price2_c__type_support.c.o[0m
[5.911s] [ 34%] [32mBuilding CXX object CMakeFiles/serving_robot_msgs__rosidl_typesupport_c.dir/rosidl_typesupport_c/serving_robot_msgs/msg/robot_state__type_support.cpp.o[0m
[5.948s] [ 36%] [32mBuilding C object CMakeFiles/serving_robot_msgs__rosidl_typesupport_introspection_c.dir/rosidl_typesupport_introspection_c/serving_robot_msgs/srv/detail/t2_c__type_support.c.o[0m
[6.004s] [ 38%] [32mBuilding CXX object CMakeFiles/serving_robot_msgs__rosidl_typesupport_c.dir/rosidl_typesupport_c/serving_robot_msgs/msg/total_price2_c__type_support.cpp.o[0m
[6.076s] [ 40%] [32mBuilding C object CMakeFiles/serving_robot_msgs__rosidl_typesupport_introspection_c.dir/rosidl_typesupport_introspection_c/serving_robot_msgs/action/detail/c2_r__type_support.c.o[0m
[6.133s] [ 41%] [32mBuilding CXX object CMakeFiles/serving_robot_msgs__rosidl_typesupport_c.dir/rosidl_typesupport_c/serving_robot_msgs/srv/t2_c__type_support.cpp.o[0m
[6.246s] [ 43%] [32m[1mLinking C shared library libserving_robot_msgs__rosidl_typesupport_introspection_c.so[0m
[6.263s] [ 47%] [32mBuilding CXX object CMakeFiles/serving_robot_msgs__rosidl_typesupport_fastrtps_cpp.dir/rosidl_typesupport_fastrtps_cpp/serving_robot_msgs/msg/detail/dds_fastrtps/robot_state__type_support.cpp.o[0m
[6.263s] [ 47%] [32mBuilding CXX object CMakeFiles/serving_robot_msgs__rosidl_typesupport_c.dir/rosidl_typesupport_c/serving_robot_msgs/action/c2_r__type_support.cpp.o[0m
[6.338s] [ 49%] [32mBuilding CXX object CMakeFiles/serving_robot_msgs__rosidl_typesupport_introspection_cpp.dir/rosidl_typesupport_introspection_cpp/serving_robot_msgs/msg/detail/robot_state__type_support.cpp.o[0m
[6.375s] [ 49%] Built target serving_robot_msgs__rosidl_typesupport_introspection_c
[6.395s] [ 50%] [32mBuilding CXX object CMakeFiles/serving_robot_msgs__rosidl_typesupport_fastrtps_c.dir/rosidl_typesupport_fastrtps_c/serving_robot_msgs/msg/detail/robot_state__type_support_c.cpp.o[0m
[6.397s] [ 52%] [32m[1mLinking CXX shared library libserving_robot_msgs__rosidl_typesupport_c.so[0m
[6.423s] [ 54%] [32mBuilding CXX object CMakeFiles/serving_robot_msgs__rosidl_typesupport_cpp.dir/rosidl_typesupport_cpp/serving_robot_msgs/action/c2_r__type_support.cpp.o[0m
[6.436s] [ 56%] [32mBuilding CXX object CMakeFiles/serving_robot_msgs__rosidl_typesupport_fastrtps_cpp.dir/rosidl_typesupport_fastrtps_cpp/serving_robot_msgs/msg/detail/dds_fastrtps/total_price2_c__type_support.cpp.o[0m
[6.569s] [ 56%] Built target serving_robot_msgs__rosidl_typesupport_c
[6.606s] [ 58%] [32mBuilding CXX object CMakeFiles/serving_robot_msgs__rosidl_typesupport_introspection_cpp.dir/rosidl_typesupport_introspection_cpp/serving_robot_msgs/msg/detail/total_price2_c__type_support.cpp.o[0m
[6.634s] [ 60%] [32mBuilding CXX object CMakeFiles/serving_robot_msgs__rosidl_typesupport_fastrtps_c.dir/rosidl_typesupport_fastrtps_c/serving_robot_msgs/msg/detail/total_price2_c__type_support_c.cpp.o[0m
[6.744s] [ 61%] [32mBuilding CXX object CMakeFiles/serving_robot_msgs__rosidl_typesupport_fastrtps_cpp.dir/rosidl_typesupport_fastrtps_cpp/serving_robot_msgs/srv/detail/dds_fastrtps/t2_c__type_support.cpp.o[0m
[7.176s] [ 63%] [32mBuilding CXX object CMakeFiles/serving_robot_msgs__rosidl_typesupport_fastrtps_cpp.dir/rosidl_typesupport_fastrtps_cpp/serving_robot_msgs/action/detail/dds_fastrtps/c2_r__type_support.cpp.o[0m
[7.594s] [ 65%] [32mBuilding CXX object CMakeFiles/serving_robot_msgs__rosidl_typesupport_introspection_cpp.dir/rosidl_typesupport_introspection_cpp/serving_robot_msgs/srv/detail/t2_c__type_support.cpp.o[0m
[7.847s] [ 67%] [32mBuilding CXX object CMakeFiles/serving_robot_msgs__rosidl_typesupport_fastrtps_c.dir/rosidl_typesupport_fastrtps_c/serving_robot_msgs/srv/detail/t2_c__type_support_c.cpp.o[0m
[7.884s] [ 69%] [32mBuilding CXX object CMakeFiles/serving_robot_msgs__rosidl_typesupport_fastrtps_c.dir/rosidl_typesupport_fastrtps_c/serving_robot_msgs/action/detail/c2_r__type_support_c.cpp.o[0m
[8.021s] [ 70%] [32m[1mLinking CXX shared library libserving_robot_msgs__rosidl_typesupport_cpp.so[0m
[8.072s] [ 72%] [32mBuilding CXX object CMakeFiles/serving_robot_msgs__rosidl_typesupport_introspection_cpp.dir/rosidl_typesupport_introspection_cpp/serving_robot_msgs/action/detail/c2_r__type_support.cpp.o[0m
[8.145s] [ 72%] Built target serving_robot_msgs__rosidl_typesupport_cpp
[8.620s] [ 74%] [32m[1mLinking CXX shared library libserving_robot_msgs__rosidl_typesupport_fastrtps_cpp.so[0m
[8.825s] [ 74%] Built target serving_robot_msgs__rosidl_typesupport_fastrtps_cpp
[8.874s] [ 76%] [32m[1mLinking CXX shared library libserving_robot_msgs__rosidl_typesupport_fastrtps_c.so[0m
[9.020s] [ 76%] Built target serving_robot_msgs__rosidl_typesupport_fastrtps_c
[9.181s] [ 78%] [32m[1mLinking CXX shared library libserving_robot_msgs__rosidl_typesupport_introspection_cpp.so[0m
[9.264s] [ 78%] Built target serving_robot_msgs__rosidl_typesupport_introspection_cpp
[9.282s] [ 78%] Built target serving_robot_msgs
[9.300s] [ 80%] [34m[1mGenerating Python code for ROS interfaces[0m
[10.536s] [ 80%] Built target serving_robot_msgs__py
[10.560s] [ 87%] [32mBuilding C object CMakeFiles/serving_robot_msgs__rosidl_generator_py.dir/rosidl_generator_py/serving_robot_msgs/msg/_robot_state_s.c.o[0m
[10.560s] [ 87%] [32mBuilding C object CMakeFiles/serving_robot_msgs__rosidl_generator_py.dir/rosidl_generator_py/serving_robot_msgs/msg/_total_price2_c_s.c.o[0m
[10.560s] [ 87%] [32mBuilding C object CMakeFiles/serving_robot_msgs__rosidl_generator_py.dir/rosidl_generator_py/serving_robot_msgs/action/_c2_r_s.c.o[0m
[10.560s] [ 87%] [32mBuilding C object CMakeFiles/serving_robot_msgs__rosidl_generator_py.dir/rosidl_generator_py/serving_robot_msgs/srv/_t2_c_s.c.o[0m
[10.760s] [ 89%] [32m[1mLinking C shared library rosidl_generator_py/serving_robot_msgs/libserving_robot_msgs__rosidl_generator_py.so[0m
[10.798s] [ 89%] Built target serving_robot_msgs__rosidl_generator_py
[10.817s] [ 90%] [32mBuilding C object CMakeFiles/serving_robot_msgs__rosidl_typesupport_introspection_c__pyext.dir/rosidl_generator_py/serving_robot_msgs/_serving_robot_msgs_s.ep.rosidl_typesupport_introspection_c.c.o[0m
[10.818s] [ 92%] [32mBuilding C object CMakeFiles/serving_robot_msgs__rosidl_typesupport_c__pyext.dir/rosidl_generator_py/serving_robot_msgs/_serving_robot_msgs_s.ep.rosidl_typesupport_c.c.o[0m
[10.826s] [ 94%] [32mBuilding C object CMakeFiles/serving_robot_msgs__rosidl_typesupport_fastrtps_c__pyext.dir/rosidl_generator_py/serving_robot_msgs/_serving_robot_msgs_s.ep.rosidl_typesupport_fastrtps_c.c.o[0m
[10.975s] [ 96%] [32m[1mLinking C shared library rosidl_generator_py/serving_robot_msgs/serving_robot_msgs_s__rosidl_typesupport_introspection_c.cpython-310-x86_64-linux-gnu.so[0m
[11.020s] [ 96%] Built target serving_robot_msgs__rosidl_typesupport_introspection_c__pyext
[11.049s] [ 98%] [32m[1mLinking C shared library rosidl_generator_py/serving_robot_msgs/serving_robot_msgs_s__rosidl_typesupport_c.cpython-310-x86_64-linux-gnu.so[0m
[11.057s] [100%] [32m[1mLinking C shared library rosidl_generator_py/serving_robot_msgs/serving_robot_msgs_s__rosidl_typesupport_fastrtps_c.cpython-310-x86_64-linux-gnu.so[0m
[11.089s] [100%] Built target serving_robot_msgs__rosidl_typesupport_c__pyext
[11.097s] [100%] Built target serving_robot_msgs__rosidl_typesupport_fastrtps_c__pyext
[11.109s] Invoked command in '/home/g1/rokey_c_2_ws/build/serving_robot_msgs' returned '0': CMAKE_PREFIX_PATH=${CMAKE_PREFIX_PATH}:/home/g1/rokey_c_2_ws/install/table_order:/home/g1/rokey_c_2_ws/install/serving_robot:/home/g1/rokey_c_2_ws/install/database:/home/g1/.local/share/Trash/files/rokey_c2_ws/install/table_order:/home/g1/.local/share/Trash/files/rokey_c2_ws/install/serving_robot:/home/g1/.local/share/Trash/files/rokey_c2_ws/install/database:/home/g1/rokey_c2_ws/install/table_order:/home/g1/rokey_c2_ws/install/serving_robot:/home/g1/rokey_c2_ws/install/database:/home/g1/work/turtlebot3_ws/install/turtlebot3_teleop:/home/g1/work/turtlebot3_ws/install/turtlebot3_example:/opt/ros/humble /usr/bin/cmake --build /home/g1/rokey_c_2_ws/build/serving_robot_msgs -- -j8 -l8
[11.215s] Invoking command in '/home/g1/rokey_c_2_ws/build/serving_robot_msgs': CMAKE_PREFIX_PATH=${CMAKE_PREFIX_PATH}:/home/g1/rokey_c_2_ws/install/table_order:/home/g1/rokey_c_2_ws/install/serving_robot:/home/g1/rokey_c_2_ws/install/database:/home/g1/.local/share/Trash/files/rokey_c2_ws/install/table_order:/home/g1/.local/share/Trash/files/rokey_c2_ws/install/serving_robot:/home/g1/.local/share/Trash/files/rokey_c2_ws/install/database:/home/g1/rokey_c2_ws/install/table_order:/home/g1/rokey_c2_ws/install/serving_robot:/home/g1/rokey_c2_ws/install/database:/home/g1/work/turtlebot3_ws/install/turtlebot3_teleop:/home/g1/work/turtlebot3_ws/install/turtlebot3_example:/opt/ros/humble /usr/bin/cmake --install /home/g1/rokey_c_2_ws/build/serving_robot_msgs
[11.227s] -- Install configuration: ""
[11.228s] -- Execute custom install script
[11.228s] -- Symlinking: /home/g1/rokey_c_2_ws/install/serving_robot_msgs/share/ament_index/resource_index/rosidl_interfaces/serving_robot_msgs
[11.239s] -- Symlinking: /home/g1/rokey_c_2_ws/install/serving_robot_msgs/include/serving_robot_msgs/serving_robot_msgs/action/c2_r.h
[11.248s] -- Symlinking: /home/g1/rokey_c_2_ws/install/serving_robot_msgs/include/serving_robot_msgs/serving_robot_msgs/action/detail/c2_r__functions.h
[11.257s] -- Symlinking: /home/g1/rokey_c_2_ws/install/serving_robot_msgs/include/serving_robot_msgs/serving_robot_msgs/action/detail/c2_r__struct.h
[11.266s] -- Symlinking: /home/g1/rokey_c_2_ws/install/serving_robot_msgs/include/serving_robot_msgs/serving_robot_msgs/action/detail/c2_r__type_support.h
[11.275s] -- Symlinking: /home/g1/rokey_c_2_ws/install/serving_robot_msgs/include/serving_robot_msgs/serving_robot_msgs/msg/detail/robot_state__functions.h
[11.285s] -- Symlinking: /home/g1/rokey_c_2_ws/install/serving_robot_msgs/include/serving_robot_msgs/serving_robot_msgs/msg/detail/robot_state__struct.h
[11.295s] -- Symlinking: /home/g1/rokey_c_2_ws/install/serving_robot_msgs/include/serving_robot_msgs/serving_robot_msgs/msg/detail/robot_state__type_support.h
[11.305s] -- Symlinking: /home/g1/rokey_c_2_ws/install/serving_robot_msgs/include/serving_robot_msgs/serving_robot_msgs/msg/detail/total_price2_c__functions.h
[11.319s] -- Symlinking: /home/g1/rokey_c_2_ws/install/serving_robot_msgs/include/serving_robot_msgs/serving_robot_msgs/msg/detail/total_price2_c__struct.h
[11.329s] -- Symlinking: /home/g1/rokey_c_2_ws/install/serving_robot_msgs/include/serving_robot_msgs/serving_robot_msgs/msg/detail/total_price2_c__type_support.h
[11.339s] -- Symlinking: /home/g1/rokey_c_2_ws/install/serving_robot_msgs/include/serving_robot_msgs/serving_robot_msgs/msg/robot_state.h
[11.348s] -- Symlinking: /home/g1/rokey_c_2_ws/install/serving_robot_msgs/include/serving_robot_msgs/serving_robot_msgs/msg/rosidl_generator_c__visibility_control.h
[11.358s] -- Symlinking: /home/g1/rokey_c_2_ws/install/serving_robot_msgs/include/serving_robot_msgs/serving_robot_msgs/msg/total_price2_c.h
[11.367s] -- Symlinking: /home/g1/rokey_c_2_ws/install/serving_robot_msgs/include/serving_robot_msgs/serving_robot_msgs/srv/detail/t2_c__functions.h
[11.376s] -- Symlinking: /home/g1/rokey_c_2_ws/install/serving_robot_msgs/include/serving_robot_msgs/serving_robot_msgs/srv/detail/t2_c__struct.h
[11.386s] -- Symlinking: /home/g1/rokey_c_2_ws/install/serving_robot_msgs/include/serving_robot_msgs/serving_robot_msgs/srv/detail/t2_c__type_support.h
[11.395s] -- Symlinking: /home/g1/rokey_c_2_ws/install/serving_robot_msgs/include/serving_robot_msgs/serving_robot_msgs/srv/t2_c.h
[11.404s] -- Symlinking: /home/g1/rokey_c_2_ws/install/serving_robot_msgs/share/serving_robot_msgs/environment/library_path.sh
[11.417s] -- Symlinking: /home/g1/rokey_c_2_ws/install/serving_robot_msgs/share/serving_robot_msgs/environment/library_path.dsv
[11.429s] -- Symlinking: /home/g1/rokey_c_2_ws/install/serving_robot_msgs/include/serving_robot_msgs/serving_robot_msgs/action/detail/c2_r__rosidl_typesupport_fastrtps_c.h
[11.439s] -- Symlinking: /home/g1/rokey_c_2_ws/install/serving_robot_msgs/include/serving_robot_msgs/serving_robot_msgs/msg/detail/robot_state__rosidl_typesupport_fastrtps_c.h
[11.448s] -- Symlinking: /home/g1/rokey_c_2_ws/install/serving_robot_msgs/include/serving_robot_msgs/serving_robot_msgs/msg/detail/total_price2_c__rosidl_typesupport_fastrtps_c.h
[11.458s] -- Symlinking: /home/g1/rokey_c_2_ws/install/serving_robot_msgs/include/serving_robot_msgs/serving_robot_msgs/msg/rosidl_typesupport_fastrtps_c__visibility_control.h
[11.472s] -- Symlinking: /home/g1/rokey_c_2_ws/install/serving_robot_msgs/include/serving_robot_msgs/serving_robot_msgs/srv/detail/t2_c__rosidl_typesupport_fastrtps_c.h
[11.485s] -- Symlinking: /home/g1/rokey_c_2_ws/install/serving_robot_msgs/include/serving_robot_msgs/serving_robot_msgs/action/c2_r.hpp
[11.496s] -- Symlinking: /home/g1/rokey_c_2_ws/install/serving_robot_msgs/include/serving_robot_msgs/serving_robot_msgs/action/detail/c2_r__builder.hpp
[11.506s] -- Symlinking: /home/g1/rokey_c_2_ws/install/serving_robot_msgs/include/serving_robot_msgs/serving_robot_msgs/action/detail/c2_r__struct.hpp
[11.519s] -- Symlinking: /home/g1/rokey_c_2_ws/install/serving_robot_msgs/include/serving_robot_msgs/serving_robot_msgs/action/detail/c2_r__traits.hpp
[11.530s] -- Symlinking: /home/g1/rokey_c_2_ws/install/serving_robot_msgs/include/serving_robot_msgs/serving_robot_msgs/msg/detail/robot_state__builder.hpp
[11.539s] -- Symlinking: /home/g1/rokey_c_2_ws/install/serving_robot_msgs/include/serving_robot_msgs/serving_robot_msgs/msg/detail/robot_state__struct.hpp
[11.549s] -- Symlinking: /home/g1/rokey_c_2_ws/install/serving_robot_msgs/include/serving_robot_msgs/serving_robot_msgs/msg/detail/robot_state__traits.hpp
[11.558s] -- Symlinking: /home/g1/rokey_c_2_ws/install/serving_robot_msgs/include/serving_robot_msgs/serving_robot_msgs/msg/detail/total_price2_c__builder.hpp
[11.567s] -- Symlinking: /home/g1/rokey_c_2_ws/install/serving_robot_msgs/include/serving_robot_msgs/serving_robot_msgs/msg/detail/total_price2_c__struct.hpp
[11.576s] -- Symlinking: /home/g1/rokey_c_2_ws/install/serving_robot_msgs/include/serving_robot_msgs/serving_robot_msgs/msg/detail/total_price2_c__traits.hpp
[11.585s] -- Symlinking: /home/g1/rokey_c_2_ws/install/serving_robot_msgs/include/serving_robot_msgs/serving_robot_msgs/msg/robot_state.hpp
[11.595s] -- Symlinking: /home/g1/rokey_c_2_ws/install/serving_robot_msgs/include/serving_robot_msgs/serving_robot_msgs/msg/total_price2_c.hpp
[11.608s] -- Symlinking: /home/g1/rokey_c_2_ws/install/serving_robot_msgs/include/serving_robot_msgs/serving_robot_msgs/srv/detail/t2_c__builder.hpp
[11.620s] -- Symlinking: /home/g1/rokey_c_2_ws/install/serving_robot_msgs/include/serving_robot_msgs/serving_robot_msgs/srv/detail/t2_c__struct.hpp
[11.630s] -- Symlinking: /home/g1/rokey_c_2_ws/install/serving_robot_msgs/include/serving_robot_msgs/serving_robot_msgs/srv/detail/t2_c__traits.hpp
[11.645s] -- Symlinking: /home/g1/rokey_c_2_ws/install/serving_robot_msgs/include/serving_robot_msgs/serving_robot_msgs/srv/t2_c.hpp
[11.655s] -- Symlinking: /home/g1/rokey_c_2_ws/install/serving_robot_msgs/include/serving_robot_msgs/serving_robot_msgs/action/detail/c2_r__rosidl_typesupport_fastrtps_cpp.hpp
[11.669s] -- Symlinking: /home/g1/rokey_c_2_ws/install/serving_robot_msgs/include/serving_robot_msgs/serving_robot_msgs/msg/detail/robot_state__rosidl_typesupport_fastrtps_cpp.hpp
[11.681s] -- Symlinking: /home/g1/rokey_c_2_ws/install/serving_robot_msgs/include/serving_robot_msgs/serving_robot_msgs/msg/detail/total_price2_c__rosidl_typesupport_fastrtps_cpp.hpp
[11.694s] -- Symlinking: /home/g1/rokey_c_2_ws/install/serving_robot_msgs/include/serving_robot_msgs/serving_robot_msgs/msg/rosidl_typesupport_fastrtps_cpp__visibility_control.h
[11.704s] -- Symlinking: /home/g1/rokey_c_2_ws/install/serving_robot_msgs/include/serving_robot_msgs/serving_robot_msgs/srv/detail/t2_c__rosidl_typesupport_fastrtps_cpp.hpp
[11.715s] -- Symlinking: /home/g1/rokey_c_2_ws/install/serving_robot_msgs/include/serving_robot_msgs/serving_robot_msgs/action/detail/c2_r__rosidl_typesupport_introspection_c.h
[11.728s] -- Symlinking: /home/g1/rokey_c_2_ws/install/serving_robot_msgs/include/serving_robot_msgs/serving_robot_msgs/msg/detail/robot_state__rosidl_typesupport_introspection_c.h
[11.739s] -- Symlinking: /home/g1/rokey_c_2_ws/install/serving_robot_msgs/include/serving_robot_msgs/serving_robot_msgs/msg/detail/total_price2_c__rosidl_typesupport_introspection_c.h
[11.752s] -- Symlinking: /home/g1/rokey_c_2_ws/install/serving_robot_msgs/include/serving_robot_msgs/serving_robot_msgs/msg/rosidl_typesupport_introspection_c__visibility_control.h
[11.764s] -- Symlinking: /home/g1/rokey_c_2_ws/install/serving_robot_msgs/include/serving_robot_msgs/serving_robot_msgs/srv/detail/t2_c__rosidl_typesupport_introspection_c.h
[11.777s] -- Symlinking: /home/g1/rokey_c_2_ws/install/serving_robot_msgs/include/serving_robot_msgs/serving_robot_msgs/action/detail/c2_r__rosidl_typesupport_introspection_cpp.hpp
[11.788s] -- Symlinking: /home/g1/rokey_c_2_ws/install/serving_robot_msgs/include/serving_robot_msgs/serving_robot_msgs/msg/detail/robot_state__rosidl_typesupport_introspection_cpp.hpp
[11.799s] -- Symlinking: /home/g1/rokey_c_2_ws/install/serving_robot_msgs/include/serving_robot_msgs/serving_robot_msgs/msg/detail/total_price2_c__rosidl_typesupport_introspection_cpp.hpp
[11.812s] -- Symlinking: /home/g1/rokey_c_2_ws/install/serving_robot_msgs/include/serving_robot_msgs/serving_robot_msgs/srv/detail/t2_c__rosidl_typesupport_introspection_cpp.hpp
[11.824s] -- Symlinking: /home/g1/rokey_c_2_ws/install/serving_robot_msgs/share/serving_robot_msgs/environment/pythonpath.sh
[11.835s] -- Symlinking: /home/g1/rokey_c_2_ws/install/serving_robot_msgs/share/serving_robot_msgs/environment/pythonpath.dsv
[11.848s] -- Symlinking: /home/g1/rokey_c_2_ws/install/serving_robot_msgs/local/lib/python3.10/dist-packages/serving_robot_msgs-0.0.0-py3.10.egg-info/PKG-INFO
[11.861s] -- Symlinking: /home/g1/rokey_c_2_ws/install/serving_robot_msgs/local/lib/python3.10/dist-packages/serving_robot_msgs-0.0.0-py3.10.egg-info/SOURCES.txt
[11.875s] -- Symlinking: /home/g1/rokey_c_2_ws/install/serving_robot_msgs/local/lib/python3.10/dist-packages/serving_robot_msgs-0.0.0-py3.10.egg-info/dependency_links.txt
[11.885s] -- Symlinking: /home/g1/rokey_c_2_ws/install/serving_robot_msgs/local/lib/python3.10/dist-packages/serving_robot_msgs-0.0.0-py3.10.egg-info/top_level.txt
[11.899s] -- Symlinking: /home/g1/rokey_c_2_ws/install/serving_robot_msgs/local/lib/python3.10/dist-packages/serving_robot_msgs/__init__.py
[11.910s] -- Symlinking: /home/g1/rokey_c_2_ws/install/serving_robot_msgs/local/lib/python3.10/dist-packages/serving_robot_msgs/_serving_robot_msgs_s.ep.rosidl_typesupport_c.c
[11.923s] -- Symlinking: /home/g1/rokey_c_2_ws/install/serving_robot_msgs/local/lib/python3.10/dist-packages/serving_robot_msgs/_serving_robot_msgs_s.ep.rosidl_typesupport_fastrtps_c.c
[11.934s] -- Symlinking: /home/g1/rokey_c_2_ws/install/serving_robot_msgs/local/lib/python3.10/dist-packages/serving_robot_msgs/_serving_robot_msgs_s.ep.rosidl_typesupport_introspection_c.c
[11.950s] -- Symlinking: /home/g1/rokey_c_2_ws/install/serving_robot_msgs/local/lib/python3.10/dist-packages/serving_robot_msgs/action/__init__.py
[11.959s] -- Symlinking: /home/g1/rokey_c_2_ws/install/serving_robot_msgs/local/lib/python3.10/dist-packages/serving_robot_msgs/action/_c2_r.py
[11.973s] -- Symlinking: /home/g1/rokey_c_2_ws/install/serving_robot_msgs/local/lib/python3.10/dist-packages/serving_robot_msgs/action/_c2_r_s.c
[11.984s] -- Symlinking: /home/g1/rokey_c_2_ws/install/serving_robot_msgs/local/lib/python3.10/dist-packages/serving_robot_msgs/libserving_robot_msgs__rosidl_generator_py.so
[11.997s] -- Symlinking: /home/g1/rokey_c_2_ws/install/serving_robot_msgs/local/lib/python3.10/dist-packages/serving_robot_msgs/msg/__init__.py
[12.010s] -- Symlinking: /home/g1/rokey_c_2_ws/install/serving_robot_msgs/local/lib/python3.10/dist-packages/serving_robot_msgs/msg/_robot_state.py
[12.022s] -- Symlinking: /home/g1/rokey_c_2_ws/install/serving_robot_msgs/local/lib/python3.10/dist-packages/serving_robot_msgs/msg/_robot_state_s.c
[12.040s] -- Symlinking: /home/g1/rokey_c_2_ws/install/serving_robot_msgs/local/lib/python3.10/dist-packages/serving_robot_msgs/msg/_total_price2_c.py
[12.052s] -- Symlinking: /home/g1/rokey_c_2_ws/install/serving_robot_msgs/local/lib/python3.10/dist-packages/serving_robot_msgs/msg/_total_price2_c_s.c
[12.064s] -- Symlinking: /home/g1/rokey_c_2_ws/install/serving_robot_msgs/local/lib/python3.10/dist-packages/serving_robot_msgs/serving_robot_msgs_s__rosidl_typesupport_c.cpython-310-x86_64-linux-gnu.so
[12.077s] -- Symlinking: /home/g1/rokey_c_2_ws/install/serving_robot_msgs/local/lib/python3.10/dist-packages/serving_robot_msgs/serving_robot_msgs_s__rosidl_typesupport_fastrtps_c.cpython-310-x86_64-linux-gnu.so
[12.090s] -- Symlinking: /home/g1/rokey_c_2_ws/install/serving_robot_msgs/local/lib/python3.10/dist-packages/serving_robot_msgs/serving_robot_msgs_s__rosidl_typesupport_introspection_c.cpython-310-x86_64-linux-gnu.so
[12.100s] -- Symlinking: /home/g1/rokey_c_2_ws/install/serving_robot_msgs/local/lib/python3.10/dist-packages/serving_robot_msgs/srv/__init__.py
[12.112s] -- Symlinking: /home/g1/rokey_c_2_ws/install/serving_robot_msgs/local/lib/python3.10/dist-packages/serving_robot_msgs/srv/_t2_c.py
[12.125s] -- Symlinking: /home/g1/rokey_c_2_ws/install/serving_robot_msgs/local/lib/python3.10/dist-packages/serving_robot_msgs/srv/_t2_c_s.c
[12.136s] -- Up-to-date symlink: /home/g1/rokey_c_2_ws/install/serving_robot_msgs/local/lib/python3.10/dist-packages/serving_robot_msgs/serving_robot_msgs_s__rosidl_typesupport_fastrtps_c.cpython-310-x86_64-linux-gnu.so
[12.136s] -- Up-to-date symlink: /home/g1/rokey_c_2_ws/install/serving_robot_msgs/local/lib/python3.10/dist-packages/serving_robot_msgs/serving_robot_msgs_s__rosidl_typesupport_introspection_c.cpython-310-x86_64-linux-gnu.so
[12.136s] -- Up-to-date symlink: /home/g1/rokey_c_2_ws/install/serving_robot_msgs/local/lib/python3.10/dist-packages/serving_robot_msgs/serving_robot_msgs_s__rosidl_typesupport_c.cpython-310-x86_64-linux-gnu.so
[12.136s] -- Symlinking: /home/g1/rokey_c_2_ws/install/serving_robot_msgs/share/serving_robot_msgs/msg/RobotState.idl
[12.148s] -- Symlinking: /home/g1/rokey_c_2_ws/install/serving_robot_msgs/share/serving_robot_msgs/msg/TotalPrice2C.idl
[12.161s] -- Symlinking: /home/g1/rokey_c_2_ws/install/serving_robot_msgs/share/serving_robot_msgs/srv/T2C.idl
[12.170s] -- Symlinking: /home/g1/rokey_c_2_ws/install/serving_robot_msgs/share/serving_robot_msgs/action/C2R.idl
[12.186s] -- Symlinking: /home/g1/rokey_c_2_ws/install/serving_robot_msgs/share/serving_robot_msgs/msg/RobotState.msg
[12.197s] -- Symlinking: /home/g1/rokey_c_2_ws/install/serving_robot_msgs/share/serving_robot_msgs/msg/TotalPrice2C.msg
[12.210s] -- Symlinking: /home/g1/rokey_c_2_ws/install/serving_robot_msgs/share/serving_robot_msgs/srv/T2C.srv
[12.224s] -- Symlinking: /home/g1/rokey_c_2_ws/install/serving_robot_msgs/share/serving_robot_msgs/srv/T2C_Request.msg
[12.235s] -- Symlinking: /home/g1/rokey_c_2_ws/install/serving_robot_msgs/share/serving_robot_msgs/srv/T2C_Response.msg
[12.248s] -- Symlinking: /home/g1/rokey_c_2_ws/install/serving_robot_msgs/share/serving_robot_msgs/action/C2R.action
[12.265s] -- Symlinking: /home/g1/rokey_c_2_ws/install/serving_robot_msgs/share/ament_index/resource_index/package_run_dependencies/serving_robot_msgs
[12.276s] -- Symlinking: /home/g1/rokey_c_2_ws/install/serving_robot_msgs/share/ament_index/resource_index/parent_prefix_path/serving_robot_msgs
[12.289s] -- Symlinking: /home/g1/rokey_c_2_ws/install/serving_robot_msgs/share/serving_robot_msgs/environment/ament_prefix_path.sh
[12.299s] -- Symlinking: /home/g1/rokey_c_2_ws/install/serving_robot_msgs/share/serving_robot_msgs/environment/ament_prefix_path.dsv
[12.312s] -- Symlinking: /home/g1/rokey_c_2_ws/install/serving_robot_msgs/share/serving_robot_msgs/environment/path.sh
[12.325s] -- Symlinking: /home/g1/rokey_c_2_ws/install/serving_robot_msgs/share/serving_robot_msgs/environment/path.dsv
[12.336s] -- Symlinking: /home/g1/rokey_c_2_ws/install/serving_robot_msgs/share/serving_robot_msgs/local_setup.bash
[12.352s] -- Symlinking: /home/g1/rokey_c_2_ws/install/serving_robot_msgs/share/serving_robot_msgs/local_setup.sh
[12.361s] -- Symlinking: /home/g1/rokey_c_2_ws/install/serving_robot_msgs/share/serving_robot_msgs/local_setup.zsh
[12.373s] -- Symlinking: /home/g1/rokey_c_2_ws/install/serving_robot_msgs/share/serving_robot_msgs/local_setup.dsv
[12.386s] -- Symlinking: /home/g1/rokey_c_2_ws/install/serving_robot_msgs/share/serving_robot_msgs/package.dsv
[12.397s] -- Symlinking: /home/g1/rokey_c_2_ws/install/serving_robot_msgs/share/ament_index/resource_index/packages/serving_robot_msgs
[12.408s] -- Symlinking: /home/g1/rokey_c_2_ws/install/serving_robot_msgs/share/serving_robot_msgs/cmake/rosidl_cmake-extras.cmake
[12.421s] -- Symlinking: /home/g1/rokey_c_2_ws/install/serving_robot_msgs/share/serving_robot_msgs/cmake/ament_cmake_export_dependencies-extras.cmake
[12.431s] -- Symlinking: /home/g1/rokey_c_2_ws/install/serving_robot_msgs/share/serving_robot_msgs/cmake/ament_cmake_export_include_directories-extras.cmake
[12.444s] -- Symlinking: /home/g1/rokey_c_2_ws/install/serving_robot_msgs/share/serving_robot_msgs/cmake/ament_cmake_export_libraries-extras.cmake
[12.455s] -- Symlinking: /home/g1/rokey_c_2_ws/install/serving_robot_msgs/share/serving_robot_msgs/cmake/ament_cmake_export_targets-extras.cmake
[12.465s] -- Symlinking: /home/g1/rokey_c_2_ws/install/serving_robot_msgs/share/serving_robot_msgs/cmake/rosidl_cmake_export_typesupport_targets-extras.cmake
[12.478s] -- Symlinking: /home/g1/rokey_c_2_ws/install/serving_robot_msgs/share/serving_robot_msgs/cmake/rosidl_cmake_export_typesupport_libraries-extras.cmake
[12.489s] -- Symlinking: /home/g1/rokey_c_2_ws/install/serving_robot_msgs/share/serving_robot_msgs/cmake/serving_robot_msgsConfig.cmake
[12.499s] -- Symlinking: /home/g1/rokey_c_2_ws/install/serving_robot_msgs/share/serving_robot_msgs/cmake/serving_robot_msgsConfig-version.cmake
[12.513s] -- Symlinking: /home/g1/rokey_c_2_ws/install/serving_robot_msgs/share/serving_robot_msgs/package.xml
[12.577s] -- Installing: /home/g1/rokey_c_2_ws/install/serving_robot_msgs/lib/libserving_robot_msgs__rosidl_generator_c.so
[12.577s] -- Set runtime path of "/home/g1/rokey_c_2_ws/install/serving_robot_msgs/lib/libserving_robot_msgs__rosidl_generator_c.so" to ""
[12.577s] -- Installing: /home/g1/rokey_c_2_ws/install/serving_robot_msgs/lib/libserving_robot_msgs__rosidl_typesupport_fastrtps_c.so
[12.578s] -- Set runtime path of "/home/g1/rokey_c_2_ws/install/serving_robot_msgs/lib/libserving_robot_msgs__rosidl_typesupport_fastrtps_c.so" to ""
[12.578s] -- Installing: /home/g1/rokey_c_2_ws/install/serving_robot_msgs/lib/libserving_robot_msgs__rosidl_typesupport_fastrtps_cpp.so
[12.579s] -- Set runtime path of "/home/g1/rokey_c_2_ws/install/serving_robot_msgs/lib/libserving_robot_msgs__rosidl_typesupport_fastrtps_cpp.so" to ""
[12.579s] -- Installing: /home/g1/rokey_c_2_ws/install/serving_robot_msgs/lib/libserving_robot_msgs__rosidl_typesupport_introspection_c.so
[12.579s] -- Set runtime path of "/home/g1/rokey_c_2_ws/install/serving_robot_msgs/lib/libserving_robot_msgs__rosidl_typesupport_introspection_c.so" to ""
[12.579s] -- Installing: /home/g1/rokey_c_2_ws/install/serving_robot_msgs/lib/libserving_robot_msgs__rosidl_typesupport_c.so
[12.580s] -- Set runtime path of "/home/g1/rokey_c_2_ws/install/serving_robot_msgs/lib/libserving_robot_msgs__rosidl_typesupport_c.so" to ""
[12.580s] -- Installing: /home/g1/rokey_c_2_ws/install/serving_robot_msgs/lib/libserving_robot_msgs__rosidl_typesupport_introspection_cpp.so
[12.581s] -- Set runtime path of "/home/g1/rokey_c_2_ws/install/serving_robot_msgs/lib/libserving_robot_msgs__rosidl_typesupport_introspection_cpp.so" to ""
[12.581s] -- Installing: /home/g1/rokey_c_2_ws/install/serving_robot_msgs/lib/libserving_robot_msgs__rosidl_typesupport_cpp.so
[12.581s] -- Set runtime path of "/home/g1/rokey_c_2_ws/install/serving_robot_msgs/lib/libserving_robot_msgs__rosidl_typesupport_cpp.so" to ""
[12.651s] Listing '/home/g1/rokey_c_2_ws/install/serving_robot_msgs/local/lib/python3.10/dist-packages/serving_robot_msgs'...
[12.651s] Compiling '/home/g1/rokey_c_2_ws/install/serving_robot_msgs/local/lib/python3.10/dist-packages/serving_robot_msgs/__init__.py'...
[12.651s] Listing '/home/g1/rokey_c_2_ws/install/serving_robot_msgs/local/lib/python3.10/dist-packages/serving_robot_msgs/action'...
[12.651s] Compiling '/home/g1/rokey_c_2_ws/install/serving_robot_msgs/local/lib/python3.10/dist-packages/serving_robot_msgs/action/__init__.py'...
[12.651s] Compiling '/home/g1/rokey_c_2_ws/install/serving_robot_msgs/local/lib/python3.10/dist-packages/serving_robot_msgs/action/_c2_r.py'...
[12.651s] Listing '/home/g1/rokey_c_2_ws/install/serving_robot_msgs/local/lib/python3.10/dist-packages/serving_robot_msgs/msg'...
[12.651s] Compiling '/home/g1/rokey_c_2_ws/install/serving_robot_msgs/local/lib/python3.10/dist-packages/serving_robot_msgs/msg/__init__.py'...
[12.651s] Compiling '/home/g1/rokey_c_2_ws/install/serving_robot_msgs/local/lib/python3.10/dist-packages/serving_robot_msgs/msg/_robot_state.py'...
[12.652s] Compiling '/home/g1/rokey_c_2_ws/install/serving_robot_msgs/local/lib/python3.10/dist-packages/serving_robot_msgs/msg/_total_price2_c.py'...
[12.652s] Listing '/home/g1/rokey_c_2_ws/install/serving_robot_msgs/local/lib/python3.10/dist-packages/serving_robot_msgs/srv'...
[12.652s] Compiling '/home/g1/rokey_c_2_ws/install/serving_robot_msgs/local/lib/python3.10/dist-packages/serving_robot_msgs/srv/__init__.py'...
[12.652s] Compiling '/home/g1/rokey_c_2_ws/install/serving_robot_msgs/local/lib/python3.10/dist-packages/serving_robot_msgs/srv/_t2_c.py'...
[12.666s] -- Installing: /home/g1/rokey_c_2_ws/install/serving_robot_msgs/lib/libserving_robot_msgs__rosidl_generator_py.so
[12.667s] -- Set runtime path of "/home/g1/rokey_c_2_ws/install/serving_robot_msgs/lib/libserving_robot_msgs__rosidl_generator_py.so" to ""
[12.667s] -- Installing: /home/g1/rokey_c_2_ws/install/serving_robot_msgs/share/serving_robot_msgs/cmake/export_serving_robot_msgs__rosidl_generator_cExport.cmake
[12.667s] -- Installing: /home/g1/rokey_c_2_ws/install/serving_robot_msgs/share/serving_robot_msgs/cmake/export_serving_robot_msgs__rosidl_generator_cExport-noconfig.cmake
[12.667s] -- Installing: /home/g1/rokey_c_2_ws/install/serving_robot_msgs/share/serving_robot_msgs/cmake/export_serving_robot_msgs__rosidl_typesupport_fastrtps_cExport.cmake
[12.667s] -- Installing: /home/g1/rokey_c_2_ws/install/serving_robot_msgs/share/serving_robot_msgs/cmake/export_serving_robot_msgs__rosidl_typesupport_fastrtps_cExport-noconfig.cmake
[12.668s] -- Installing: /home/g1/rokey_c_2_ws/install/serving_robot_msgs/share/serving_robot_msgs/cmake/export_serving_robot_msgs__rosidl_generator_cppExport.cmake
[12.668s] -- Installing: /home/g1/rokey_c_2_ws/install/serving_robot_msgs/share/serving_robot_msgs/cmake/export_serving_robot_msgs__rosidl_typesupport_fastrtps_cppExport.cmake
[12.668s] -- Installing: /home/g1/rokey_c_2_ws/install/serving_robot_msgs/share/serving_robot_msgs/cmake/export_serving_robot_msgs__rosidl_typesupport_fastrtps_cppExport-noconfig.cmake
[12.668s] -- Installing: /home/g1/rokey_c_2_ws/install/serving_robot_msgs/share/serving_robot_msgs/cmake/serving_robot_msgs__rosidl_typesupport_introspection_cExport.cmake
[12.668s] -- Installing: /home/g1/rokey_c_2_ws/install/serving_robot_msgs/share/serving_robot_msgs/cmake/serving_robot_msgs__rosidl_typesupport_introspection_cExport-noconfig.cmake
[12.668s] -- Installing: /home/g1/rokey_c_2_ws/install/serving_robot_msgs/share/serving_robot_msgs/cmake/serving_robot_msgs__rosidl_typesupport_cExport.cmake
[12.669s] -- Installing: /home/g1/rokey_c_2_ws/install/serving_robot_msgs/share/serving_robot_msgs/cmake/serving_robot_msgs__rosidl_typesupport_cExport-noconfig.cmake
[12.669s] -- Installing: /home/g1/rokey_c_2_ws/install/serving_robot_msgs/share/serving_robot_msgs/cmake/serving_robot_msgs__rosidl_typesupport_introspection_cppExport.cmake
[12.669s] -- Installing: /home/g1/rokey_c_2_ws/install/serving_robot_msgs/share/serving_robot_msgs/cmake/serving_robot_msgs__rosidl_typesupport_introspection_cppExport-noconfig.cmake
[12.669s] -- Installing: /home/g1/rokey_c_2_ws/install/serving_robot_msgs/share/serving_robot_msgs/cmake/serving_robot_msgs__rosidl_typesupport_cppExport.cmake
[12.669s] -- Installing: /home/g1/rokey_c_2_ws/install/serving_robot_msgs/share/serving_robot_msgs/cmake/serving_robot_msgs__rosidl_typesupport_cppExport-noconfig.cmake
[12.669s] -- Installing: /home/g1/rokey_c_2_ws/install/serving_robot_msgs/share/serving_robot_msgs/cmake/export_serving_robot_msgs__rosidl_generator_pyExport.cmake
[12.670s] -- Installing: /home/g1/rokey_c_2_ws/install/serving_robot_msgs/share/serving_robot_msgs/cmake/export_serving_robot_msgs__rosidl_generator_pyExport-noconfig.cmake
[12.673s] Invoked command in '/home/g1/rokey_c_2_ws/build/serving_robot_msgs' returned '0': CMAKE_PREFIX_PATH=${CMAKE_PREFIX_PATH}:/home/g1/rokey_c_2_ws/install/table_order:/home/g1/rokey_c_2_ws/install/serving_robot:/home/g1/rokey_c_2_ws/install/database:/home/g1/.local/share/Trash/files/rokey_c2_ws/install/table_order:/home/g1/.local/share/Trash/files/rokey_c2_ws/install/serving_robot:/home/g1/.local/share/Trash/files/rokey_c2_ws/install/database:/home/g1/rokey_c2_ws/install/table_order:/home/g1/rokey_c2_ws/install/serving_robot:/home/g1/rokey_c2_ws/install/database:/home/g1/work/turtlebot3_ws/install/turtlebot3_teleop:/home/g1/work/turtlebot3_ws/install/turtlebot3_example:/opt/ros/humble /usr/bin/cmake --install /home/g1/rokey_c_2_ws/build/serving_robot_msgs
