[3.890s] Invoking command in '/home/love/turtlebot3_gui/src/turtlebot3_gui': PYTHONPATH=/home/love/turtlebot3_gui/build/turtlebot3_gui/prefix_override:/usr/lib/python3/dist-packages/colcon_core/task/python/colcon_distutils_commands:/home/love/turtlebot3_gui/install/turtlebot3_gui/lib/python3.10/site-packages:${PYTHONPATH} WSLENV=ELECTRON_RUN_AS_NODE/w: /usr/bin/python3 -W ignore:setup.py install is deprecated setup.py egg_info --egg-base ../../build/turtlebot3_gui build --build-base /home/love/turtlebot3_gui/build/turtlebot3_gui/build install --record /home/love/turtlebot3_gui/build/turtlebot3_gui/install.log --single-version-externally-managed install_data
[5.312s] running egg_info
[5.316s] writing ../../build/turtlebot3_gui/turtlebot3_gui.egg-info/PKG-INFO
[5.319s] writing dependency_links to ../../build/turtlebot3_gui/turtlebot3_gui.egg-info/dependency_links.txt
[5.327s] writing entry points to ../../build/turtlebot3_gui/turtlebot3_gui.egg-info/entry_points.txt
[5.329s] writing requirements to ../../build/turtlebot3_gui/turtlebot3_gui.egg-info/requires.txt
[5.330s] writing top-level names to ../../build/turtlebot3_gui/turtlebot3_gui.egg-info/top_level.txt
[5.338s] reading manifest file '../../build/turtlebot3_gui/turtlebot3_gui.egg-info/SOURCES.txt'
[5.341s] writing manifest file '../../build/turtlebot3_gui/turtlebot3_gui.egg-info/SOURCES.txt'
[5.342s] running build
[5.343s] running build_py
[5.345s] running install
[5.347s] running install_lib
[5.354s] running install_data
[5.356s] running install_egg_info
[5.365s] removing '/home/love/turtlebot3_gui/install/turtlebot3_gui/lib/python3.10/site-packages/turtlebot3_gui-0.0.0-py3.10.egg-info' (and everything under it)
[5.368s] Copying ../../build/turtlebot3_gui/turtlebot3_gui.egg-info to /home/love/turtlebot3_gui/install/turtlebot3_gui/lib/python3.10/site-packages/turtlebot3_gui-0.0.0-py3.10.egg-info
[5.371s] running install_scripts
[5.464s] Installing turtlebot3_gui script to /home/love/turtlebot3_gui/install/turtlebot3_gui/lib/turtlebot3_gui
[5.474s] writing list of installed files to '/home/love/turtlebot3_gui/build/turtlebot3_gui/install.log'
[5.560s] Invoked command in '/home/love/turtlebot3_gui/src/turtlebot3_gui' returned '0': PYTHONPATH=/home/love/turtlebot3_gui/build/turtlebot3_gui/prefix_override:/usr/lib/python3/dist-packages/colcon_core/task/python/colcon_distutils_commands:/home/love/turtlebot3_gui/install/turtlebot3_gui/lib/python3.10/site-packages:${PYTHONPATH} WSLENV=ELECTRON_RUN_AS_NODE/w: /usr/bin/python3 -W ignore:setup.py install is deprecated setup.py egg_info --egg-base ../../build/turtlebot3_gui build --build-base /home/love/turtlebot3_gui/build/turtlebot3_gui/build install --record /home/love/turtlebot3_gui/build/turtlebot3_gui/install.log --single-version-externally-managed install_data
