[1.303s] DEBUG:colcon:Command line arguments: ['/usr/bin/colcon', 'build', '--symlink-install']
[1.305s] DEBUG:colcon:Parsed command line arguments: Namespace(log_base=None, log_level=None, verb_name='build', build_base='build', install_base='install', merge_install=False, symlink_install=True, test_result_base=None, continue_on_error=False, executor='parallel', parallel_workers=8, event_handlers=None, ignore_user_meta=False, metas=['./colcon.meta'], base_paths=['.'], packages_ignore=None, packages_ignore_regex=None, paths=None, packages_up_to=None, packages_up_to_regex=None, packages_above=None, packages_above_and_dependencies=None, packages_above_depth=None, packages_select_by_dep=None, packages_skip_by_dep=None, packages_skip_up_to=None, packages_select_build_failed=False, packages_skip_build_finished=False, packages_select_test_failures=False, packages_skip_test_passed=False, packages_select=None, packages_skip=None, packages_select_regex=None, packages_skip_regex=None, packages_start=None, packages_end=None, allow_overriding=[], cmake_args=None, cmake_target=None, cmake_target_skip_unavailable=False, cmake_clean_cache=False, cmake_clean_first=False, cmake_force_configure=False, ament_cmake_args=None, catkin_cmake_args=None, catkin_skip_building_tests=False, mixin_files=None, mixin=None, verb_parser=<colcon_mixin.mixin.mixin_argument.MixinArgumentDecorator object at 0x7f5c97612530>, verb_extension=<colcon_core.verb.build.BuildVerb object at 0x7f5c97611f30>, main=<bound method BuildVerb.main of <colcon_core.verb.build.BuildVerb object at 0x7f5c97611f30>>, mixin_verb=('build',))
[4.322s] Level 1:colcon.colcon_core.package_discovery:discover_packages(colcon_meta) check parameters
[4.322s] Level 1:colcon.colcon_core.package_discovery:discover_packages(recursive) check parameters
[4.323s] Level 1:colcon.colcon_core.package_discovery:discover_packages(ignore) check parameters
[4.323s] Level 1:colcon.colcon_core.package_discovery:discover_packages(path) check parameters
[4.323s] Level 1:colcon.colcon_core.package_discovery:discover_packages(colcon_meta) discover
[4.323s] Level 1:colcon.colcon_core.package_discovery:discover_packages(recursive) discover
[4.324s] INFO:colcon.colcon_core.package_discovery:Crawling recursively for packages in '/home/love/turtlebot3_gui'
[4.324s] Level 1:colcon.colcon_core.package_identification:_identify(.) by extensions ['ignore', 'ignore_ament_install']
[4.324s] Level 1:colcon.colcon_core.package_identification:_identify(.) by extension 'ignore'
[4.324s] Level 1:colcon.colcon_core.package_identification:_identify(.) by extension 'ignore_ament_install'
[4.325s] Level 1:colcon.colcon_core.package_identification:_identify(.) by extensions ['colcon_pkg']
[4.325s] Level 1:colcon.colcon_core.package_identification:_identify(.) by extension 'colcon_pkg'
[4.325s] Level 1:colcon.colcon_core.package_identification:_identify(.) by extensions ['colcon_meta']
[4.325s] Level 1:colcon.colcon_core.package_identification:_identify(.) by extension 'colcon_meta'
[4.325s] Level 1:colcon.colcon_core.package_identification:_identify(.) by extensions ['ros']
[4.325s] Level 1:colcon.colcon_core.package_identification:_identify(.) by extension 'ros'
[4.443s] Level 1:colcon.colcon_core.package_identification:_identify(.) by extensions ['cmake', 'python']
[4.443s] Level 1:colcon.colcon_core.package_identification:_identify(.) by extension 'cmake'
[4.443s] Level 1:colcon.colcon_core.package_identification:_identify(.) by extension 'python'
[4.444s] Level 1:colcon.colcon_core.package_identification:_identify(.) by extensions ['python_setup_py']
[4.455s] Level 1:colcon.colcon_core.package_identification:_identify(.) by extension 'python_setup_py'
[4.455s] Level 1:colcon.colcon_core.package_identification:_identify(build) by extensions ['ignore', 'ignore_ament_install']
[4.456s] Level 1:colcon.colcon_core.package_identification:_identify(build) by extension 'ignore'
[4.456s] Level 1:colcon.colcon_core.package_identification:_identify(build) ignored
[4.457s] Level 1:colcon.colcon_core.package_identification:_identify(install) by extensions ['ignore', 'ignore_ament_install']
[4.458s] Level 1:colcon.colcon_core.package_identification:_identify(install) by extension 'ignore'
[4.458s] Level 1:colcon.colcon_core.package_identification:_identify(install) ignored
[4.459s] Level 1:colcon.colcon_core.package_identification:_identify(log) by extensions ['ignore', 'ignore_ament_install']
[4.460s] Level 1:colcon.colcon_core.package_identification:_identify(log) by extension 'ignore'
[4.461s] Level 1:colcon.colcon_core.package_identification:_identify(log) ignored
[4.462s] Level 1:colcon.colcon_core.package_identification:_identify(src) by extensions ['ignore', 'ignore_ament_install']
[4.463s] Level 1:colcon.colcon_core.package_identification:_identify(src) by extension 'ignore'
[4.463s] Level 1:colcon.colcon_core.package_identification:_identify(src) by extension 'ignore_ament_install'
[4.463s] Level 1:colcon.colcon_core.package_identification:_identify(src) by extensions ['colcon_pkg']
[4.463s] Level 1:colcon.colcon_core.package_identification:_identify(src) by extension 'colcon_pkg'
[4.464s] Level 1:colcon.colcon_core.package_identification:_identify(src) by extensions ['colcon_meta']
[4.464s] Level 1:colcon.colcon_core.package_identification:_identify(src) by extension 'colcon_meta'
[4.464s] Level 1:colcon.colcon_core.package_identification:_identify(src) by extensions ['ros']
[4.464s] Level 1:colcon.colcon_core.package_identification:_identify(src) by extension 'ros'
[4.465s] Level 1:colcon.colcon_core.package_identification:_identify(src) by extensions ['cmake', 'python']
[4.465s] Level 1:colcon.colcon_core.package_identification:_identify(src) by extension 'cmake'
[4.465s] Level 1:colcon.colcon_core.package_identification:_identify(src) by extension 'python'
[4.465s] Level 1:colcon.colcon_core.package_identification:_identify(src) by extensions ['python_setup_py']
[4.465s] Level 1:colcon.colcon_core.package_identification:_identify(src) by extension 'python_setup_py'
[4.466s] Level 1:colcon.colcon_core.package_identification:_identify(src/turtlebot3_gui) by extensions ['ignore', 'ignore_ament_install']
[4.466s] Level 1:colcon.colcon_core.package_identification:_identify(src/turtlebot3_gui) by extension 'ignore'
[4.466s] Level 1:colcon.colcon_core.package_identification:_identify(src/turtlebot3_gui) by extension 'ignore_ament_install'
[4.468s] Level 1:colcon.colcon_core.package_identification:_identify(src/turtlebot3_gui) by extensions ['colcon_pkg']
[4.469s] Level 1:colcon.colcon_core.package_identification:_identify(src/turtlebot3_gui) by extension 'colcon_pkg'
[4.471s] Level 1:colcon.colcon_core.package_identification:_identify(src/turtlebot3_gui) by extensions ['colcon_meta']
[4.471s] Level 1:colcon.colcon_core.package_identification:_identify(src/turtlebot3_gui) by extension 'colcon_meta'
[4.471s] Level 1:colcon.colcon_core.package_identification:_identify(src/turtlebot3_gui) by extensions ['ros']
[4.472s] Level 1:colcon.colcon_core.package_identification:_identify(src/turtlebot3_gui) by extension 'ros'
[4.486s] DEBUG:colcon.colcon_core.package_identification:Package 'src/turtlebot3_gui' with type 'ros.ament_python' and name 'turtlebot3_gui'
[4.487s] Level 1:colcon.colcon_core.package_discovery:discover_packages(recursive) using defaults
[4.487s] Level 1:colcon.colcon_core.package_discovery:discover_packages(ignore) discover
[4.488s] Level 1:colcon.colcon_core.package_discovery:discover_packages(ignore) using defaults
[4.488s] Level 1:colcon.colcon_core.package_discovery:discover_packages(path) discover
[4.488s] Level 1:colcon.colcon_core.package_discovery:discover_packages(path) using defaults
[4.706s] Level 1:colcon.colcon_core.package_discovery:discover_packages(prefix_path) check parameters
[4.707s] Level 1:colcon.colcon_core.package_discovery:discover_packages(prefix_path) discover
[4.734s] DEBUG:colcon.colcon_installed_package_information.package_discovery:Found 395 installed packages in /opt/ros/humble
[4.742s] Level 1:colcon.colcon_core.package_discovery:discover_packages(prefix_path) using defaults
[5.125s] Level 5:colcon.colcon_core.verb:set package 'turtlebot3_gui' build argument 'cmake_args' from command line to 'None'
[5.126s] Level 5:colcon.colcon_core.verb:set package 'turtlebot3_gui' build argument 'cmake_target' from command line to 'None'
[5.126s] Level 5:colcon.colcon_core.verb:set package 'turtlebot3_gui' build argument 'cmake_target_skip_unavailable' from command line to 'False'
[5.126s] Level 5:colcon.colcon_core.verb:set package 'turtlebot3_gui' build argument 'cmake_clean_cache' from command line to 'False'
[5.127s] Level 5:colcon.colcon_core.verb:set package 'turtlebot3_gui' build argument 'cmake_clean_first' from command line to 'False'
[5.127s] Level 5:colcon.colcon_core.verb:set package 'turtlebot3_gui' build argument 'cmake_force_configure' from command line to 'False'
[5.128s] Level 5:colcon.colcon_core.verb:set package 'turtlebot3_gui' build argument 'ament_cmake_args' from command line to 'None'
[5.128s] Level 5:colcon.colcon_core.verb:set package 'turtlebot3_gui' build argument 'catkin_cmake_args' from command line to 'None'
[5.129s] Level 5:colcon.colcon_core.verb:set package 'turtlebot3_gui' build argument 'catkin_skip_building_tests' from command line to 'False'
[5.129s] DEBUG:colcon.colcon_core.verb:Building package 'turtlebot3_gui' with the following arguments: {'ament_cmake_args': None, 'build_base': '/home/love/turtlebot3_gui/build/turtlebot3_gui', 'catkin_cmake_args': None, 'catkin_skip_building_tests': False, 'cmake_args': None, 'cmake_clean_cache': False, 'cmake_clean_first': False, 'cmake_force_configure': False, 'cmake_target': None, 'cmake_target_skip_unavailable': False, 'install_base': '/home/love/turtlebot3_gui/install/turtlebot3_gui', 'merge_install': False, 'path': '/home/love/turtlebot3_gui/src/turtlebot3_gui', 'symlink_install': True, 'test_result_base': None}
[5.130s] INFO:colcon.colcon_core.executor:Executing jobs using 'parallel' executor
[5.133s] DEBUG:colcon.colcon_parallel_executor.executor.parallel:run_until_complete
[5.134s] INFO:colcon.colcon_ros.task.ament_python.build:Building ROS package in '/home/love/turtlebot3_gui/src/turtlebot3_gui' with build type 'ament_python'
[5.134s] Level 1:colcon.colcon_core.shell:create_environment_hook('turtlebot3_gui', 'ament_prefix_path')
[5.194s] INFO:colcon.colcon_core.plugin_system:Skipping extension 'colcon_core.shell.bat': Not used on non-Windows systems
[5.200s] INFO:colcon.colcon_core.shell:Creating environment hook '/home/love/turtlebot3_gui/install/turtlebot3_gui/share/turtlebot3_gui/hook/ament_prefix_path.ps1'
[5.208s] INFO:colcon.colcon_core.shell:Creating environment descriptor '/home/love/turtlebot3_gui/install/turtlebot3_gui/share/turtlebot3_gui/hook/ament_prefix_path.dsv'
[5.220s] INFO:colcon.colcon_core.shell:Creating environment hook '/home/love/turtlebot3_gui/install/turtlebot3_gui/share/turtlebot3_gui/hook/ament_prefix_path.sh'
[5.223s] INFO:colcon.colcon_core.shell:Skip shell extension 'powershell' for command environment: Not usable outside of PowerShell
[5.224s] DEBUG:colcon.colcon_core.shell:Skip shell extension 'dsv' for command environment
[6.841s] INFO:colcon.colcon_core.task.python.build:Building Python package in '/home/love/turtlebot3_gui/src/turtlebot3_gui'
[6.842s] INFO:colcon.colcon_core.shell:Skip shell extension 'powershell' for command environment: Not usable outside of PowerShell
[6.842s] DEBUG:colcon.colcon_core.shell:Skip shell extension 'dsv' for command environment
[10.765s] DEBUG:colcon.colcon_core.event_handler.log_command:Invoking command in '/home/love/turtlebot3_gui/build/turtlebot3_gui': PYTHONPATH=/home/love/turtlebot3_gui/build/turtlebot3_gui/prefix_override:/usr/lib/python3/dist-packages/colcon_core/task/python/colcon_distutils_commands:/home/love/turtlebot3_gui/install/turtlebot3_gui/lib/python3.10/site-packages:${PYTHONPATH} WSLENV=ELECTRON_RUN_AS_NODE/w: /usr/bin/python3 -W ignore:setup.py install is deprecated setup.py develop --editable --build-directory /home/love/turtlebot3_gui/build/turtlebot3_gui/build --no-deps symlink_data
[13.619s] Level 1:colcon.colcon_core.shell:create_environment_hook('turtlebot3_gui', 'pythonpath_develop')
[13.620s] INFO:colcon.colcon_core.shell:Creating environment hook '/home/love/turtlebot3_gui/build/turtlebot3_gui/share/turtlebot3_gui/hook/pythonpath_develop.ps1'
[13.625s] INFO:colcon.colcon_core.shell:Creating environment descriptor '/home/love/turtlebot3_gui/build/turtlebot3_gui/share/turtlebot3_gui/hook/pythonpath_develop.dsv'
[13.626s] INFO:colcon.colcon_core.shell:Creating environment hook '/home/love/turtlebot3_gui/build/turtlebot3_gui/share/turtlebot3_gui/hook/pythonpath_develop.sh'
[13.629s] DEBUG:colcon.colcon_core.event_handler.log_command:Invoked command in '/home/love/turtlebot3_gui/build/turtlebot3_gui' returned '0': PYTHONPATH=/home/love/turtlebot3_gui/build/turtlebot3_gui/prefix_override:/usr/lib/python3/dist-packages/colcon_core/task/python/colcon_distutils_commands:/home/love/turtlebot3_gui/install/turtlebot3_gui/lib/python3.10/site-packages:${PYTHONPATH} WSLENV=ELECTRON_RUN_AS_NODE/w: /usr/bin/python3 -W ignore:setup.py install is deprecated setup.py develop --editable --build-directory /home/love/turtlebot3_gui/build/turtlebot3_gui/build --no-deps symlink_data
[13.793s] Level 1:colcon.colcon_core.environment:checking '/home/love/turtlebot3_gui/install/turtlebot3_gui' for CMake module files
[13.807s] Level 1:colcon.colcon_core.environment:checking '/home/love/turtlebot3_gui/install/turtlebot3_gui' for CMake config files
[13.821s] Level 1:colcon.colcon_core.environment:checking '/home/love/turtlebot3_gui/install/turtlebot3_gui/lib'
[13.822s] Level 1:colcon.colcon_core.environment:checking '/home/love/turtlebot3_gui/install/turtlebot3_gui/bin'
[13.822s] Level 1:colcon.colcon_core.environment:checking '/home/love/turtlebot3_gui/install/turtlebot3_gui/lib/pkgconfig/turtlebot3_gui.pc'
[13.823s] Level 1:colcon.colcon_core.environment:checking '/home/love/turtlebot3_gui/install/turtlebot3_gui/lib/python3.10/site-packages'
[13.823s] Level 1:colcon.colcon_core.shell:create_environment_hook('turtlebot3_gui', 'pythonpath')
[13.825s] INFO:colcon.colcon_core.shell:Creating environment hook '/home/love/turtlebot3_gui/install/turtlebot3_gui/share/turtlebot3_gui/hook/pythonpath.ps1'
[13.829s] INFO:colcon.colcon_core.shell:Creating environment descriptor '/home/love/turtlebot3_gui/install/turtlebot3_gui/share/turtlebot3_gui/hook/pythonpath.dsv'
[13.831s] INFO:colcon.colcon_core.shell:Creating environment hook '/home/love/turtlebot3_gui/install/turtlebot3_gui/share/turtlebot3_gui/hook/pythonpath.sh'
[13.834s] Level 1:colcon.colcon_core.environment:checking '/home/love/turtlebot3_gui/install/turtlebot3_gui/bin'
[13.835s] Level 1:colcon.colcon_core.environment:create_environment_scripts_only(turtlebot3_gui)
[13.836s] INFO:colcon.colcon_core.shell:Creating package script '/home/love/turtlebot3_gui/install/turtlebot3_gui/share/turtlebot3_gui/package.ps1'
[13.856s] INFO:colcon.colcon_core.shell:Creating package descriptor '/home/love/turtlebot3_gui/install/turtlebot3_gui/share/turtlebot3_gui/package.dsv'
[13.877s] INFO:colcon.colcon_core.shell:Creating package script '/home/love/turtlebot3_gui/install/turtlebot3_gui/share/turtlebot3_gui/package.sh'
[13.901s] INFO:colcon.colcon_core.shell:Creating package script '/home/love/turtlebot3_gui/install/turtlebot3_gui/share/turtlebot3_gui/package.bash'
[13.914s] INFO:colcon.colcon_core.shell:Creating package script '/home/love/turtlebot3_gui/install/turtlebot3_gui/share/turtlebot3_gui/package.zsh'
[13.922s] Level 1:colcon.colcon_core.environment:create_file_with_runtime_dependencies(/home/love/turtlebot3_gui/install/turtlebot3_gui/share/colcon-core/packages/turtlebot3_gui)
[13.934s] DEBUG:colcon.colcon_parallel_executor.executor.parallel:closing loop
[13.934s] DEBUG:colcon.colcon_parallel_executor.executor.parallel:loop closed
[13.934s] DEBUG:colcon.colcon_parallel_executor.executor.parallel:run_until_complete finished with '0'
[13.934s] DEBUG:colcon.colcon_core.event_reactor:joining thread
[14.070s] INFO:colcon.colcon_core.plugin_system:Skipping extension 'colcon_notification.desktop_notification.notify_send': Could not find 'notify-send'
[14.071s] INFO:colcon.colcon_core.plugin_system:Skipping extension 'colcon_notification.desktop_notification.terminal_notifier': Not used on non-Darwin systems
[14.072s] INFO:colcon.colcon_core.plugin_system:Skipping extension 'colcon_notification.desktop_notification.win32': Not used on non-Windows systems
[14.073s] INFO:colcon.colcon_notification.desktop_notification:Sending desktop notification using 'notify2'
[14.073s] DEBUG:colcon.colcon_notification.desktop_notification.notify2:Failed to initialize notify2: org.freedesktop.DBus.Error.FileNotFound: Failed to connect to socket /run/user/1000/bus: No such file or directory
[14.074s] DEBUG:colcon.colcon_core.event_reactor:joined thread
[14.075s] INFO:colcon.colcon_core.shell:Creating prefix script '/home/love/turtlebot3_gui/install/local_setup.ps1'
[14.082s] INFO:colcon.colcon_core.shell:Creating prefix util module '/home/love/turtlebot3_gui/install/_local_setup_util_ps1.py'
[14.090s] INFO:colcon.colcon_core.shell:Creating prefix chain script '/home/love/turtlebot3_gui/install/setup.ps1'
[14.105s] INFO:colcon.colcon_core.shell:Creating prefix script '/home/love/turtlebot3_gui/install/local_setup.sh'
[14.127s] INFO:colcon.colcon_core.shell:Creating prefix util module '/home/love/turtlebot3_gui/install/_local_setup_util_sh.py'
[14.135s] INFO:colcon.colcon_core.shell:Creating prefix chain script '/home/love/turtlebot3_gui/install/setup.sh'
[14.145s] INFO:colcon.colcon_core.shell:Creating prefix script '/home/love/turtlebot3_gui/install/local_setup.bash'
[14.156s] INFO:colcon.colcon_core.shell:Creating prefix chain script '/home/love/turtlebot3_gui/install/setup.bash'
[14.165s] INFO:colcon.colcon_core.shell:Creating prefix script '/home/love/turtlebot3_gui/install/local_setup.zsh'
[14.174s] INFO:colcon.colcon_core.shell:Creating prefix chain script '/home/love/turtlebot3_gui/install/setup.zsh'
