[0.797s] Invoking command in '/home/aaa/rokey_c_2_ws/build/serving_robot': CMAKE_PREFIX_PATH=/home/aaa/rokey_c_2_ws/install/serving_robot_msgs:/home/aaa/rokey_c_2_ws/install/table_order_interface:/home/aaa/serving_robot_ws/install/turtlebot3:/home/aaa/serving_robot_ws/install/turtlebot3_simulations:/home/aaa/serving_robot_ws/install/turtlebot3_bringup:/home/aaa/serving_robot_ws/install/turtlebot3_node:/home/aaa/serving_robot_ws/install/turtlebot3_navigation2:/home/aaa/serving_robot_ws/install/turtlebot3_fake_node:/home/aaa/serving_robot_ws/install/turtlebot3_msgs:/home/aaa/serving_robot_ws/install/turtlebot3_gazebo:/home/aaa/serving_robot_ws/install/turtlebot3_description:/home/aaa/serving_robot_ws/install/turtlebot3_cartographer:/home/aaa/serving_robot_ws/install/serving_robot_msgs:/home/aaa/serving_robot_ws/install/nav_interfaces:/home/aaa/serving_robot_ws/install/calculator_interfaces LD_LIBRARY_PATH=/home/aaa/rokey_c_2_ws/install/serving_robot_msgs/lib:/home/aaa/rokey_c_2_ws/install/table_order_interface/lib:/home/aaa/serving_robot_ws/install/turtlebot3_msgs/lib:/home/aaa/serving_robot_ws/install/serving_robot_msgs/lib:/home/aaa/serving_robot_ws/install/nav_interfaces/lib:/home/aaa/serving_robot_ws/install/calculator_interfaces/lib:/usr/lib/x86_64-linux-gnu/gazebo-11/plugins:/opt/ros/humble/opt/rviz_ogre_vendor/lib:/opt/ros/humble/lib/x86_64-linux-gnu:/opt/ros/humble/lib:/usr/share/gazebo/../../lib/x86_64-linux-gnu/gazebo-11/plugins:/usr/share/gazebo/../../lib/x86_64-linux-gnu/gazebo-11/plugins:/usr/share/gazebo/../../lib/x86_64-linux-gnu/gazebo-11/plugins PYTHONPATH=/home/aaa/rokey_c_2_ws/build/serving_robot/prefix_override:/usr/lib/python3/dist-packages/colcon_core/task/python/colcon_distutils_commands:/home/aaa/rokey_c_2_ws/install/serving_robot/lib/python3.10/site-packages:${PYTHONPATH} /usr/bin/python3 -W ignore:setup.py install is deprecated setup.py develop --editable --build-directory /home/aaa/rokey_c_2_ws/build/serving_robot/build --no-deps symlink_data
[1.087s] running develop
[1.292s] running egg_info
[1.292s] creating serving_robot.egg-info
[1.292s] writing serving_robot.egg-info/PKG-INFO
[1.293s] writing dependency_links to serving_robot.egg-info/dependency_links.txt
[1.293s] writing entry points to serving_robot.egg-info/entry_points.txt
[1.293s] writing requirements to serving_robot.egg-info/requires.txt
[1.293s] writing top-level names to serving_robot.egg-info/top_level.txt
[1.293s] writing manifest file 'serving_robot.egg-info/SOURCES.txt'
[1.296s] reading manifest file 'serving_robot.egg-info/SOURCES.txt'
[1.297s] writing manifest file 'serving_robot.egg-info/SOURCES.txt'
[1.299s] running build_ext
[1.299s] Creating /home/aaa/rokey_c_2_ws/install/serving_robot/lib/python3.10/site-packages/serving-robot.egg-link (link to .)
[1.300s] Installing KitchenGui script to /home/aaa/rokey_c_2_ws/install/serving_robot/lib/serving_robot
[1.300s] Installing action_test script to /home/aaa/rokey_c_2_ws/install/serving_robot/lib/serving_robot
[1.300s] Installing robot_control script to /home/aaa/rokey_c_2_ws/install/serving_robot/lib/serving_robot
[1.300s] 
[1.301s] Installed /home/aaa/rokey_c_2_ws/build/serving_robot
[1.301s] running symlink_data
[1.301s] creating /home/aaa/rokey_c_2_ws/install/serving_robot/share/ament_index
[1.301s] creating /home/aaa/rokey_c_2_ws/install/serving_robot/share/ament_index/resource_index
[1.301s] creating /home/aaa/rokey_c_2_ws/install/serving_robot/share/ament_index/resource_index/packages
[1.301s] symbolically linking /home/aaa/rokey_c_2_ws/build/serving_robot/resource/serving_robot -> /home/aaa/rokey_c_2_ws/install/serving_robot/share/ament_index/resource_index/packages
[1.301s] symbolically linking /home/aaa/rokey_c_2_ws/build/serving_robot/package.xml -> /home/aaa/rokey_c_2_ws/install/serving_robot/share/serving_robot
[1.301s] creating /home/aaa/rokey_c_2_ws/install/serving_robot/share/serving_robot/launch
[1.301s] symbolically linking /home/aaa/rokey_c_2_ws/build/serving_robot/launch/serving_robot.launch.py -> /home/aaa/rokey_c_2_ws/install/serving_robot/share/serving_robot/launch
[1.337s] Invoked command in '/home/aaa/rokey_c_2_ws/build/serving_robot' returned '0': CMAKE_PREFIX_PATH=/home/aaa/rokey_c_2_ws/install/serving_robot_msgs:/home/aaa/rokey_c_2_ws/install/table_order_interface:/home/aaa/serving_robot_ws/install/turtlebot3:/home/aaa/serving_robot_ws/install/turtlebot3_simulations:/home/aaa/serving_robot_ws/install/turtlebot3_bringup:/home/aaa/serving_robot_ws/install/turtlebot3_node:/home/aaa/serving_robot_ws/install/turtlebot3_navigation2:/home/aaa/serving_robot_ws/install/turtlebot3_fake_node:/home/aaa/serving_robot_ws/install/turtlebot3_msgs:/home/aaa/serving_robot_ws/install/turtlebot3_gazebo:/home/aaa/serving_robot_ws/install/turtlebot3_description:/home/aaa/serving_robot_ws/install/turtlebot3_cartographer:/home/aaa/serving_robot_ws/install/serving_robot_msgs:/home/aaa/serving_robot_ws/install/nav_interfaces:/home/aaa/serving_robot_ws/install/calculator_interfaces LD_LIBRARY_PATH=/home/aaa/rokey_c_2_ws/install/serving_robot_msgs/lib:/home/aaa/rokey_c_2_ws/install/table_order_interface/lib:/home/aaa/serving_robot_ws/install/turtlebot3_msgs/lib:/home/aaa/serving_robot_ws/install/serving_robot_msgs/lib:/home/aaa/serving_robot_ws/install/nav_interfaces/lib:/home/aaa/serving_robot_ws/install/calculator_interfaces/lib:/usr/lib/x86_64-linux-gnu/gazebo-11/plugins:/opt/ros/humble/opt/rviz_ogre_vendor/lib:/opt/ros/humble/lib/x86_64-linux-gnu:/opt/ros/humble/lib:/usr/share/gazebo/../../lib/x86_64-linux-gnu/gazebo-11/plugins:/usr/share/gazebo/../../lib/x86_64-linux-gnu/gazebo-11/plugins:/usr/share/gazebo/../../lib/x86_64-linux-gnu/gazebo-11/plugins PYTHONPATH=/home/aaa/rokey_c_2_ws/build/serving_robot/prefix_override:/usr/lib/python3/dist-packages/colcon_core/task/python/colcon_distutils_commands:/home/aaa/rokey_c_2_ws/install/serving_robot/lib/python3.10/site-packages:${PYTHONPATH} /usr/bin/python3 -W ignore:setup.py install is deprecated setup.py develop --editable --build-directory /home/aaa/rokey_c_2_ws/build/serving_robot/build --no-deps symlink_data
