[0.499s] Invoking command in '/home/g1/rokey_c_2_ws/build/nav_interfaces': CMAKE_PREFIX_PATH=${CMAKE_PREFIX_PATH}:/home/g1/rokey_c_2_ws/install/turtlebot3_gui:/home/g1/rokey_c_2_ws/install/table_order:/home/g1/rokey_c_2_ws/install/serving_robot:/home/g1/rokey_c_2_ws/install/database:/home/g1/work/turtlebot3_ws/install/turtlebot3_teleop:/home/g1/work/turtlebot3_ws/install/turtlebot3_example:/opt/ros/humble /usr/bin/cmake --build /home/g1/rokey_c_2_ws/build/nav_interfaces -- -j8 -l8
[0.552s] [  3%] Built target nav_interfaces__cpp
[0.552s] [ 12%] Built target nav_interfaces__rosidl_generator_c
[0.564s] [ 12%] Built target ament_cmake_python_symlink_nav_interfaces
[0.591s] [ 22%] Built target nav_interfaces__rosidl_typesupport_fastrtps_cpp
[0.592s] [ 32%] Built target nav_interfaces__rosidl_typesupport_introspection_cpp
[0.593s] [ 41%] Built target nav_interfaces__rosidl_typesupport_cpp
[0.597s] [ 51%] Built target nav_interfaces__rosidl_typesupport_introspection_c
[0.597s] [ 61%] Built target nav_interfaces__rosidl_typesupport_c
[0.601s] [ 70%] Built target nav_interfaces__rosidl_typesupport_fastrtps_c
[0.620s] [ 70%] Built target nav_interfaces
[0.638s] [ 74%] Built target nav_interfaces__py
[0.658s] [ 80%] Built target nav_interfaces__rosidl_generator_py
[0.679s] [ 87%] Built target nav_interfaces__rosidl_typesupport_fastrtps_c__pyext
[0.680s] [ 93%] Built target nav_interfaces__rosidl_typesupport_introspection_c__pyext
[0.686s] [100%] Built target nav_interfaces__rosidl_typesupport_c__pyext
[0.936s] running egg_info
[0.937s] writing nav_interfaces.egg-info/PKG-INFO
[0.937s] writing dependency_links to nav_interfaces.egg-info/dependency_links.txt
[0.937s] writing top-level names to nav_interfaces.egg-info/top_level.txt
[0.941s] reading manifest file 'nav_interfaces.egg-info/SOURCES.txt'
[0.943s] writing manifest file 'nav_interfaces.egg-info/SOURCES.txt'
[0.982s] [100%] Built target ament_cmake_python_build_nav_interfaces_egg
[0.995s] Invoked command in '/home/g1/rokey_c_2_ws/build/nav_interfaces' returned '0': CMAKE_PREFIX_PATH=${CMAKE_PREFIX_PATH}:/home/g1/rokey_c_2_ws/install/turtlebot3_gui:/home/g1/rokey_c_2_ws/install/table_order:/home/g1/rokey_c_2_ws/install/serving_robot:/home/g1/rokey_c_2_ws/install/database:/home/g1/work/turtlebot3_ws/install/turtlebot3_teleop:/home/g1/work/turtlebot3_ws/install/turtlebot3_example:/opt/ros/humble /usr/bin/cmake --build /home/g1/rokey_c_2_ws/build/nav_interfaces -- -j8 -l8
[1.064s] Invoking command in '/home/g1/rokey_c_2_ws/build/nav_interfaces': CMAKE_PREFIX_PATH=${CMAKE_PREFIX_PATH}:/home/g1/rokey_c_2_ws/install/turtlebot3_gui:/home/g1/rokey_c_2_ws/install/table_order:/home/g1/rokey_c_2_ws/install/serving_robot:/home/g1/rokey_c_2_ws/install/database:/home/g1/work/turtlebot3_ws/install/turtlebot3_teleop:/home/g1/work/turtlebot3_ws/install/turtlebot3_example:/opt/ros/humble /usr/bin/cmake --install /home/g1/rokey_c_2_ws/build/nav_interfaces
[1.073s] -- Install configuration: ""
[1.074s] -- Execute custom install script
[1.074s] -- Up-to-date symlink: /home/g1/rokey_c_2_ws/install/nav_interfaces/share/ament_index/resource_index/rosidl_interfaces/nav_interfaces
[1.075s] -- Up-to-date symlink: /home/g1/rokey_c_2_ws/install/nav_interfaces/include/nav_interfaces/nav_interfaces/action/detail/navigate__functions.h
[1.075s] -- Up-to-date symlink: /home/g1/rokey_c_2_ws/install/nav_interfaces/include/nav_interfaces/nav_interfaces/action/detail/navigate__struct.h
[1.075s] -- Up-to-date symlink: /home/g1/rokey_c_2_ws/install/nav_interfaces/include/nav_interfaces/nav_interfaces/action/detail/navigate__type_support.h
[1.075s] -- Up-to-date symlink: /home/g1/rokey_c_2_ws/install/nav_interfaces/include/nav_interfaces/nav_interfaces/action/navigate.h
[1.076s] -- Up-to-date symlink: /home/g1/rokey_c_2_ws/install/nav_interfaces/include/nav_interfaces/nav_interfaces/msg/rosidl_generator_c__visibility_control.h
[1.076s] -- Up-to-date symlink: /home/g1/rokey_c_2_ws/install/nav_interfaces/share/nav_interfaces/environment/library_path.sh
[1.076s] -- Up-to-date symlink: /home/g1/rokey_c_2_ws/install/nav_interfaces/share/nav_interfaces/environment/library_path.dsv
[1.076s] -- Up-to-date symlink: /home/g1/rokey_c_2_ws/install/nav_interfaces/include/nav_interfaces/nav_interfaces/action/detail/navigate__rosidl_typesupport_fastrtps_c.h
[1.077s] -- Up-to-date symlink: /home/g1/rokey_c_2_ws/install/nav_interfaces/include/nav_interfaces/nav_interfaces/msg/rosidl_typesupport_fastrtps_c__visibility_control.h
[1.077s] -- Up-to-date symlink: /home/g1/rokey_c_2_ws/install/nav_interfaces/include/nav_interfaces/nav_interfaces/action/detail/navigate__rosidl_typesupport_introspection_c.h
[1.077s] -- Up-to-date symlink: /home/g1/rokey_c_2_ws/install/nav_interfaces/include/nav_interfaces/nav_interfaces/msg/rosidl_typesupport_introspection_c__visibility_control.h
[1.077s] -- Up-to-date symlink: /home/g1/rokey_c_2_ws/install/nav_interfaces/include/nav_interfaces/nav_interfaces/action/detail/navigate__builder.hpp
[1.078s] -- Up-to-date symlink: /home/g1/rokey_c_2_ws/install/nav_interfaces/include/nav_interfaces/nav_interfaces/action/detail/navigate__struct.hpp
[1.078s] -- Up-to-date symlink: /home/g1/rokey_c_2_ws/install/nav_interfaces/include/nav_interfaces/nav_interfaces/action/detail/navigate__traits.hpp
[1.079s] -- Up-to-date symlink: /home/g1/rokey_c_2_ws/install/nav_interfaces/include/nav_interfaces/nav_interfaces/action/navigate.hpp
[1.079s] -- Up-to-date symlink: /home/g1/rokey_c_2_ws/install/nav_interfaces/include/nav_interfaces/nav_interfaces/action/detail/navigate__rosidl_typesupport_fastrtps_cpp.hpp
[1.079s] -- Up-to-date symlink: /home/g1/rokey_c_2_ws/install/nav_interfaces/include/nav_interfaces/nav_interfaces/msg/rosidl_typesupport_fastrtps_cpp__visibility_control.h
[1.080s] -- Up-to-date symlink: /home/g1/rokey_c_2_ws/install/nav_interfaces/include/nav_interfaces/nav_interfaces/action/detail/navigate__rosidl_typesupport_introspection_cpp.hpp
[1.081s] -- Up-to-date symlink: /home/g1/rokey_c_2_ws/install/nav_interfaces/share/nav_interfaces/environment/pythonpath.sh
[1.081s] -- Up-to-date symlink: /home/g1/rokey_c_2_ws/install/nav_interfaces/share/nav_interfaces/environment/pythonpath.dsv
[1.081s] -- Up-to-date symlink: /home/g1/rokey_c_2_ws/install/nav_interfaces/local/lib/python3.10/dist-packages/nav_interfaces-0.0.0-py3.10.egg-info/PKG-INFO
[1.081s] -- Up-to-date symlink: /home/g1/rokey_c_2_ws/install/nav_interfaces/local/lib/python3.10/dist-packages/nav_interfaces-0.0.0-py3.10.egg-info/SOURCES.txt
[1.081s] -- Up-to-date symlink: /home/g1/rokey_c_2_ws/install/nav_interfaces/local/lib/python3.10/dist-packages/nav_interfaces-0.0.0-py3.10.egg-info/dependency_links.txt
[1.081s] -- Up-to-date symlink: /home/g1/rokey_c_2_ws/install/nav_interfaces/local/lib/python3.10/dist-packages/nav_interfaces-0.0.0-py3.10.egg-info/top_level.txt
[1.082s] -- Up-to-date symlink: /home/g1/rokey_c_2_ws/install/nav_interfaces/local/lib/python3.10/dist-packages/nav_interfaces/__init__.py
[1.082s] -- Up-to-date symlink: /home/g1/rokey_c_2_ws/install/nav_interfaces/local/lib/python3.10/dist-packages/nav_interfaces/_nav_interfaces_s.ep.rosidl_typesupport_c.c
[1.082s] -- Up-to-date symlink: /home/g1/rokey_c_2_ws/install/nav_interfaces/local/lib/python3.10/dist-packages/nav_interfaces/_nav_interfaces_s.ep.rosidl_typesupport_fastrtps_c.c
[1.082s] -- Up-to-date symlink: /home/g1/rokey_c_2_ws/install/nav_interfaces/local/lib/python3.10/dist-packages/nav_interfaces/_nav_interfaces_s.ep.rosidl_typesupport_introspection_c.c
[1.082s] -- Up-to-date symlink: /home/g1/rokey_c_2_ws/install/nav_interfaces/local/lib/python3.10/dist-packages/nav_interfaces/action/__init__.py
[1.083s] -- Up-to-date symlink: /home/g1/rokey_c_2_ws/install/nav_interfaces/local/lib/python3.10/dist-packages/nav_interfaces/action/_navigate.py
[1.083s] -- Up-to-date symlink: /home/g1/rokey_c_2_ws/install/nav_interfaces/local/lib/python3.10/dist-packages/nav_interfaces/action/_navigate_s.c
[1.083s] -- Up-to-date symlink: /home/g1/rokey_c_2_ws/install/nav_interfaces/local/lib/python3.10/dist-packages/nav_interfaces/libnav_interfaces__rosidl_generator_py.so
[1.084s] -- Up-to-date symlink: /home/g1/rokey_c_2_ws/install/nav_interfaces/local/lib/python3.10/dist-packages/nav_interfaces/nav_interfaces_s__rosidl_typesupport_c.cpython-310-x86_64-linux-gnu.so
[1.084s] -- Up-to-date symlink: /home/g1/rokey_c_2_ws/install/nav_interfaces/local/lib/python3.10/dist-packages/nav_interfaces/nav_interfaces_s__rosidl_typesupport_fastrtps_c.cpython-310-x86_64-linux-gnu.so
[1.084s] -- Up-to-date symlink: /home/g1/rokey_c_2_ws/install/nav_interfaces/local/lib/python3.10/dist-packages/nav_interfaces/nav_interfaces_s__rosidl_typesupport_introspection_c.cpython-310-x86_64-linux-gnu.so
[1.084s] -- Up-to-date symlink: /home/g1/rokey_c_2_ws/install/nav_interfaces/local/lib/python3.10/dist-packages/nav_interfaces/nav_interfaces_s__rosidl_typesupport_fastrtps_c.cpython-310-x86_64-linux-gnu.so
[1.084s] -- Up-to-date symlink: /home/g1/rokey_c_2_ws/install/nav_interfaces/local/lib/python3.10/dist-packages/nav_interfaces/nav_interfaces_s__rosidl_typesupport_introspection_c.cpython-310-x86_64-linux-gnu.so
[1.084s] -- Up-to-date symlink: /home/g1/rokey_c_2_ws/install/nav_interfaces/local/lib/python3.10/dist-packages/nav_interfaces/nav_interfaces_s__rosidl_typesupport_c.cpython-310-x86_64-linux-gnu.so
[1.084s] -- Up-to-date symlink: /home/g1/rokey_c_2_ws/install/nav_interfaces/share/nav_interfaces/action/Navigate.idl
[1.084s] -- Up-to-date symlink: /home/g1/rokey_c_2_ws/install/nav_interfaces/share/nav_interfaces/action/Navigate.action
[1.085s] -- Up-to-date symlink: /home/g1/rokey_c_2_ws/install/nav_interfaces/share/ament_index/resource_index/package_run_dependencies/nav_interfaces
[1.085s] -- Up-to-date symlink: /home/g1/rokey_c_2_ws/install/nav_interfaces/share/ament_index/resource_index/parent_prefix_path/nav_interfaces
[1.085s] -- Up-to-date symlink: /home/g1/rokey_c_2_ws/install/nav_interfaces/share/nav_interfaces/environment/ament_prefix_path.sh
[1.085s] -- Up-to-date symlink: /home/g1/rokey_c_2_ws/install/nav_interfaces/share/nav_interfaces/environment/ament_prefix_path.dsv
[1.085s] -- Up-to-date symlink: /home/g1/rokey_c_2_ws/install/nav_interfaces/share/nav_interfaces/environment/path.sh
[1.085s] -- Up-to-date symlink: /home/g1/rokey_c_2_ws/install/nav_interfaces/share/nav_interfaces/environment/path.dsv
[1.086s] -- Up-to-date symlink: /home/g1/rokey_c_2_ws/install/nav_interfaces/share/nav_interfaces/local_setup.bash
[1.086s] -- Up-to-date symlink: /home/g1/rokey_c_2_ws/install/nav_interfaces/share/nav_interfaces/local_setup.sh
[1.086s] -- Up-to-date symlink: /home/g1/rokey_c_2_ws/install/nav_interfaces/share/nav_interfaces/local_setup.zsh
[1.086s] -- Up-to-date symlink: /home/g1/rokey_c_2_ws/install/nav_interfaces/share/nav_interfaces/local_setup.dsv
[1.087s] -- Symlinking: /home/g1/rokey_c_2_ws/install/nav_interfaces/share/nav_interfaces/package.dsv
[1.097s] -- Up-to-date symlink: /home/g1/rokey_c_2_ws/install/nav_interfaces/share/ament_index/resource_index/packages/nav_interfaces
[1.099s] -- Up-to-date symlink: /home/g1/rokey_c_2_ws/install/nav_interfaces/share/nav_interfaces/cmake/rosidl_cmake-extras.cmake
[1.099s] -- Up-to-date symlink: /home/g1/rokey_c_2_ws/install/nav_interfaces/share/nav_interfaces/cmake/ament_cmake_export_dependencies-extras.cmake
[1.099s] -- Up-to-date symlink: /home/g1/rokey_c_2_ws/install/nav_interfaces/share/nav_interfaces/cmake/ament_cmake_export_include_directories-extras.cmake
[1.099s] -- Up-to-date symlink: /home/g1/rokey_c_2_ws/install/nav_interfaces/share/nav_interfaces/cmake/ament_cmake_export_libraries-extras.cmake
[1.100s] -- Up-to-date symlink: /home/g1/rokey_c_2_ws/install/nav_interfaces/share/nav_interfaces/cmake/ament_cmake_export_targets-extras.cmake
[1.100s] -- Up-to-date symlink: /home/g1/rokey_c_2_ws/install/nav_interfaces/share/nav_interfaces/cmake/rosidl_cmake_export_typesupport_targets-extras.cmake
[1.100s] -- Up-to-date symlink: /home/g1/rokey_c_2_ws/install/nav_interfaces/share/nav_interfaces/cmake/rosidl_cmake_export_typesupport_libraries-extras.cmake
[1.100s] -- Up-to-date symlink: /home/g1/rokey_c_2_ws/install/nav_interfaces/share/nav_interfaces/cmake/nav_interfacesConfig.cmake
[1.100s] -- Up-to-date symlink: /home/g1/rokey_c_2_ws/install/nav_interfaces/share/nav_interfaces/cmake/nav_interfacesConfig-version.cmake
[1.100s] -- Up-to-date symlink: /home/g1/rokey_c_2_ws/install/nav_interfaces/share/nav_interfaces/package.xml
[1.100s] -- Up-to-date: /home/g1/rokey_c_2_ws/install/nav_interfaces/lib/libnav_interfaces__rosidl_generator_c.so
[1.101s] -- Up-to-date: /home/g1/rokey_c_2_ws/install/nav_interfaces/lib/libnav_interfaces__rosidl_typesupport_fastrtps_c.so
[1.101s] -- Up-to-date: /home/g1/rokey_c_2_ws/install/nav_interfaces/lib/libnav_interfaces__rosidl_typesupport_introspection_c.so
[1.101s] -- Up-to-date: /home/g1/rokey_c_2_ws/install/nav_interfaces/lib/libnav_interfaces__rosidl_typesupport_c.so
[1.101s] -- Up-to-date: /home/g1/rokey_c_2_ws/install/nav_interfaces/lib/libnav_interfaces__rosidl_typesupport_fastrtps_cpp.so
[1.102s] -- Up-to-date: /home/g1/rokey_c_2_ws/install/nav_interfaces/lib/libnav_interfaces__rosidl_typesupport_introspection_cpp.so
[1.102s] -- Up-to-date: /home/g1/rokey_c_2_ws/install/nav_interfaces/lib/libnav_interfaces__rosidl_typesupport_cpp.so
[1.146s] Listing '/home/g1/rokey_c_2_ws/install/nav_interfaces/local/lib/python3.10/dist-packages/nav_interfaces'...
[1.146s] Listing '/home/g1/rokey_c_2_ws/install/nav_interfaces/local/lib/python3.10/dist-packages/nav_interfaces/action'...
[1.150s] -- Up-to-date: /home/g1/rokey_c_2_ws/install/nav_interfaces/lib/libnav_interfaces__rosidl_generator_py.so
[1.151s] -- Up-to-date: /home/g1/rokey_c_2_ws/install/nav_interfaces/share/nav_interfaces/cmake/export_nav_interfaces__rosidl_generator_cExport.cmake
[1.152s] -- Up-to-date: /home/g1/rokey_c_2_ws/install/nav_interfaces/share/nav_interfaces/cmake/export_nav_interfaces__rosidl_generator_cExport-noconfig.cmake
[1.152s] -- Up-to-date: /home/g1/rokey_c_2_ws/install/nav_interfaces/share/nav_interfaces/cmake/export_nav_interfaces__rosidl_typesupport_fastrtps_cExport.cmake
[1.152s] -- Up-to-date: /home/g1/rokey_c_2_ws/install/nav_interfaces/share/nav_interfaces/cmake/export_nav_interfaces__rosidl_typesupport_fastrtps_cExport-noconfig.cmake
[1.152s] -- Up-to-date: /home/g1/rokey_c_2_ws/install/nav_interfaces/share/nav_interfaces/cmake/nav_interfaces__rosidl_typesupport_introspection_cExport.cmake
[1.152s] -- Up-to-date: /home/g1/rokey_c_2_ws/install/nav_interfaces/share/nav_interfaces/cmake/nav_interfaces__rosidl_typesupport_introspection_cExport-noconfig.cmake
[1.152s] -- Up-to-date: /home/g1/rokey_c_2_ws/install/nav_interfaces/share/nav_interfaces/cmake/nav_interfaces__rosidl_typesupport_cExport.cmake
[1.152s] -- Up-to-date: /home/g1/rokey_c_2_ws/install/nav_interfaces/share/nav_interfaces/cmake/nav_interfaces__rosidl_typesupport_cExport-noconfig.cmake
[1.153s] -- Up-to-date: /home/g1/rokey_c_2_ws/install/nav_interfaces/share/nav_interfaces/cmake/export_nav_interfaces__rosidl_generator_cppExport.cmake
[1.153s] -- Up-to-date: /home/g1/rokey_c_2_ws/install/nav_interfaces/share/nav_interfaces/cmake/export_nav_interfaces__rosidl_typesupport_fastrtps_cppExport.cmake
[1.153s] -- Up-to-date: /home/g1/rokey_c_2_ws/install/nav_interfaces/share/nav_interfaces/cmake/export_nav_interfaces__rosidl_typesupport_fastrtps_cppExport-noconfig.cmake
[1.153s] -- Up-to-date: /home/g1/rokey_c_2_ws/install/nav_interfaces/share/nav_interfaces/cmake/nav_interfaces__rosidl_typesupport_introspection_cppExport.cmake
[1.153s] -- Up-to-date: /home/g1/rokey_c_2_ws/install/nav_interfaces/share/nav_interfaces/cmake/nav_interfaces__rosidl_typesupport_introspection_cppExport-noconfig.cmake
[1.153s] -- Up-to-date: /home/g1/rokey_c_2_ws/install/nav_interfaces/share/nav_interfaces/cmake/nav_interfaces__rosidl_typesupport_cppExport.cmake
[1.153s] -- Up-to-date: /home/g1/rokey_c_2_ws/install/nav_interfaces/share/nav_interfaces/cmake/nav_interfaces__rosidl_typesupport_cppExport-noconfig.cmake
[1.153s] -- Up-to-date: /home/g1/rokey_c_2_ws/install/nav_interfaces/share/nav_interfaces/cmake/export_nav_interfaces__rosidl_generator_pyExport.cmake
[1.154s] -- Up-to-date: /home/g1/rokey_c_2_ws/install/nav_interfaces/share/nav_interfaces/cmake/export_nav_interfaces__rosidl_generator_pyExport-noconfig.cmake
[1.155s] Invoked command in '/home/g1/rokey_c_2_ws/build/nav_interfaces' returned '0': CMAKE_PREFIX_PATH=${CMAKE_PREFIX_PATH}:/home/g1/rokey_c_2_ws/install/turtlebot3_gui:/home/g1/rokey_c_2_ws/install/table_order:/home/g1/rokey_c_2_ws/install/serving_robot:/home/g1/rokey_c_2_ws/install/database:/home/g1/work/turtlebot3_ws/install/turtlebot3_teleop:/home/g1/work/turtlebot3_ws/install/turtlebot3_example:/opt/ros/humble /usr/bin/cmake --install /home/g1/rokey_c_2_ws/build/nav_interfaces
