[0.016s] Invoking command in '/home/g1/rokey_c2_ws/build/table_order_interface': CMAKE_PREFIX_PATH=${CMAKE_PREFIX_PATH}:/home/g1/rokey_c2_ws/install/serving_robot:/home/g1/rokey_c2_ws/install/table_order:/home/g1/rokey_c2_ws/install/database:/home/g1/work/turtlebot3_ws/install/turtlebot3_teleop:/home/g1/work/turtlebot3_ws/install/turtlebot3_example:/opt/ros/humble /usr/bin/cmake /home/g1/rokey_c2_ws/src/table_order_interface -DAMENT_CMAKE_SYMLINK_INSTALL=1 -DCMAKE_INSTALL_PREFIX=/home/g1/rokey_c2_ws/install/table_order_interface
[0.062s] -- The C compiler identification is GNU 11.4.0
[0.110s] -- The CXX compiler identification is GNU 11.4.0
[0.119s] -- Detecting C compiler ABI info
[0.180s] -- Detecting C compiler ABI info - done
[0.193s] -- Check for working C compiler: /usr/bin/cc - skipped
[0.193s] -- Detecting C compile features
[0.194s] -- Detecting C compile features - done
[0.198s] -- Detecting CXX compiler ABI info
[0.286s] -- Detecting CXX compiler ABI info - done
[0.296s] -- Check for working CXX compiler: /usr/bin/c++ - skipped
[0.297s] -- Detecting CXX compile features
[0.297s] -- Detecting CXX compile features - done
[0.301s] -- Found ament_cmake: 1.3.10 (/opt/ros/humble/share/ament_cmake/cmake)
[0.503s] -- Found Python3: /usr/bin/python3 (found version "3.10.12") found components: Interpreter 
[0.565s] -- Override CMake install command with custom implementation using symlinks instead of copying resources
[0.599s] -- Found builtin_interfaces: 1.2.1 (/opt/ros/humble/share/builtin_interfaces/cmake)
[0.636s] -- Found rosidl_generator_c: 3.1.5 (/opt/ros/humble/share/rosidl_generator_c/cmake)
[0.642s] -- Found rosidl_adapter: 3.1.5 (/opt/ros/humble/share/rosidl_adapter/cmake)
[0.652s] -- Found rosidl_generator_cpp: 3.1.5 (/opt/ros/humble/share/rosidl_generator_cpp/cmake)
[0.664s] -- Using all available rosidl_typesupport_c: rosidl_typesupport_fastrtps_c;rosidl_typesupport_introspection_c
[0.682s] -- Using all available rosidl_typesupport_cpp: rosidl_typesupport_fastrtps_cpp;rosidl_typesupport_introspection_cpp
[0.699s] -- Found rosidl_default_generators: 1.2.0 (/opt/ros/humble/share/rosidl_default_generators/cmake)
[1.108s] -- Found ament_cmake_ros: 0.10.0 (/opt/ros/humble/share/ament_cmake_ros/cmake)
[1.582s] -- Using all available rosidl_typesupport_c: rosidl_typesupport_fastrtps_c;rosidl_typesupport_introspection_c
[1.717s] -- Using all available rosidl_typesupport_cpp: rosidl_typesupport_fastrtps_cpp;rosidl_typesupport_introspection_cpp
[1.741s] -- Found PythonInterp: /usr/bin/python3 (found suitable version "3.10.12", minimum required is "3.6") 
[1.745s] -- Found python_cmake_module: 0.10.0 (/opt/ros/humble/share/python_cmake_module/cmake)
[1.772s] -- Found PythonLibs: /usr/lib/x86_64-linux-gnu/libpython3.10.so (found suitable version "3.10.12", minimum required is "3.5") 
[1.772s] -- Using PYTHON_EXECUTABLE: /usr/bin/python3
[1.772s] -- Using PYTHON_INCLUDE_DIRS: /usr/include/python3.10
[1.772s] -- Using PYTHON_LIBRARIES: /usr/lib/x86_64-linux-gnu/libpython3.10.so
[1.795s] -- Found PythonExtra: .so  
[1.841s] -- Found ament_lint_auto: 0.12.11 (/opt/ros/humble/share/ament_lint_auto/cmake)
[1.865s] -- Added test 'lint_cmake' to check CMake code style
[1.866s] -- Added test 'xmllint' to check XML markup files
[1.870s] -- Configuring done
[1.895s] -- Generating done
[1.898s] -- Build files have been written to: /home/g1/rokey_c2_ws/build/table_order_interface
[1.903s] Invoked command in '/home/g1/rokey_c2_ws/build/table_order_interface' returned '0': CMAKE_PREFIX_PATH=${CMAKE_PREFIX_PATH}:/home/g1/rokey_c2_ws/install/serving_robot:/home/g1/rokey_c2_ws/install/table_order:/home/g1/rokey_c2_ws/install/database:/home/g1/work/turtlebot3_ws/install/turtlebot3_teleop:/home/g1/work/turtlebot3_ws/install/turtlebot3_example:/opt/ros/humble /usr/bin/cmake /home/g1/rokey_c2_ws/src/table_order_interface -DAMENT_CMAKE_SYMLINK_INSTALL=1 -DCMAKE_INSTALL_PREFIX=/home/g1/rokey_c2_ws/install/table_order_interface
[1.906s] Invoking command in '/home/g1/rokey_c2_ws/build/table_order_interface': CMAKE_PREFIX_PATH=${CMAKE_PREFIX_PATH}:/home/g1/rokey_c2_ws/install/serving_robot:/home/g1/rokey_c2_ws/install/table_order:/home/g1/rokey_c2_ws/install/database:/home/g1/work/turtlebot3_ws/install/turtlebot3_teleop:/home/g1/work/turtlebot3_ws/install/turtlebot3_example:/opt/ros/humble /usr/bin/cmake --build /home/g1/rokey_c2_ws/build/table_order_interface -- -j8 -l8
[1.943s] [  3%] [34m[1mGenerating C code for ROS interfaces[0m
[1.955s] [  6%] [34m[1mGenerating C++ code for ROS interfaces[0m
[1.961s] [  6%] Built target ament_cmake_python_symlink_table_order_interface
[2.502s] running egg_info
[2.502s] creating table_order_interface.egg-info
[2.505s] writing table_order_interface.egg-info/PKG-INFO
[2.506s] writing dependency_links to table_order_interface.egg-info/dependency_links.txt
[2.506s] writing top-level names to table_order_interface.egg-info/top_level.txt
[2.507s] writing manifest file 'table_order_interface.egg-info/SOURCES.txt'
[2.515s] reading manifest file 'table_order_interface.egg-info/SOURCES.txt'
[2.518s] writing manifest file 'table_order_interface.egg-info/SOURCES.txt'
[2.589s] [  6%] Built target ament_cmake_python_build_table_order_interface_egg
[2.608s] [  6%] Built target table_order_interface__cpp
[2.628s] [  9%] [34m[1mGenerating C++ type support for eProsima Fast-RTPS[0m
[2.634s] [ 12%] [34m[1mGenerating C++ type support dispatch for ROS interfaces[0m
[2.634s] [ 16%] [34m[1mGenerating C++ introspection for ROS interfaces[0m
[2.662s] [ 19%] [32mBuilding C object CMakeFiles/table_order_interface__rosidl_generator_c.dir/rosidl_generator_c/table_order_interface/srv/detail/set_order__functions.c.o[0m
[2.780s] [ 22%] [32m[1mLinking C shared library libtable_order_interface__rosidl_generator_c.so[0m
[2.856s] [ 22%] Built target table_order_interface__rosidl_generator_c
[2.879s] [ 25%] [34m[1mGenerating C type support for eProsima Fast-RTPS[0m
[2.888s] [ 29%] [34m[1mGenerating C introspection for ROS interfaces[0m
[2.892s] [ 32%] [34m[1mGenerating C type support dispatch for ROS interfaces[0m
[3.522s] [ 35%] [32mBuilding CXX object CMakeFiles/table_order_interface__rosidl_typesupport_cpp.dir/rosidl_typesupport_cpp/table_order_interface/srv/set_order__type_support.cpp.o[0m
[3.547s] [ 38%] [32mBuilding CXX object CMakeFiles/table_order_interface__rosidl_typesupport_introspection_cpp.dir/rosidl_typesupport_introspection_cpp/table_order_interface/srv/detail/set_order__type_support.cpp.o[0m
[3.658s] [ 41%] [32mBuilding C object CMakeFiles/table_order_interface__rosidl_typesupport_introspection_c.dir/rosidl_typesupport_introspection_c/table_order_interface/srv/detail/set_order__type_support.c.o[0m
[3.803s] [ 45%] [32m[1mLinking C shared library libtable_order_interface__rosidl_typesupport_introspection_c.so[0m
[3.830s] [ 48%] [32mBuilding CXX object CMakeFiles/table_order_interface__rosidl_typesupport_fastrtps_cpp.dir/rosidl_typesupport_fastrtps_cpp/table_order_interface/srv/detail/dds_fastrtps/set_order__type_support.cpp.o[0m
[3.923s] [ 48%] Built target table_order_interface__rosidl_typesupport_introspection_c
[3.923s] [ 51%] [32mBuilding CXX object CMakeFiles/table_order_interface__rosidl_typesupport_c.dir/rosidl_typesupport_c/table_order_interface/srv/set_order__type_support.cpp.o[0m
[4.012s] [ 54%] [32mBuilding CXX object CMakeFiles/table_order_interface__rosidl_typesupport_fastrtps_c.dir/rosidl_typesupport_fastrtps_c/table_order_interface/srv/detail/set_order__type_support_c.cpp.o[0m
[4.023s] [ 58%] [32m[1mLinking CXX shared library libtable_order_interface__rosidl_typesupport_c.so[0m
[4.201s] [ 61%] [32m[1mLinking CXX shared library libtable_order_interface__rosidl_typesupport_cpp.so[0m
[4.242s] [ 61%] Built target table_order_interface__rosidl_typesupport_c
[4.322s] [ 61%] Built target table_order_interface__rosidl_typesupport_cpp
[4.726s] [ 64%] [32m[1mLinking CXX shared library libtable_order_interface__rosidl_typesupport_introspection_cpp.so[0m
[4.904s] [ 64%] Built target table_order_interface__rosidl_typesupport_introspection_cpp
[5.041s] [ 67%] [32m[1mLinking CXX shared library libtable_order_interface__rosidl_typesupport_fastrtps_c.so[0m
[5.305s] [ 67%] Built target table_order_interface__rosidl_typesupport_fastrtps_c
[5.624s] [ 70%] [32m[1mLinking CXX shared library libtable_order_interface__rosidl_typesupport_fastrtps_cpp.so[0m
[5.849s] [ 70%] Built target table_order_interface__rosidl_typesupport_fastrtps_cpp
[5.916s] [ 70%] Built target table_order_interface
[5.987s] [ 74%] [34m[1mGenerating Python code for ROS interfaces[0m
[7.545s] [ 74%] Built target table_order_interface__py
[7.566s] [ 77%] [32mBuilding C object CMakeFiles/table_order_interface__rosidl_generator_py.dir/rosidl_generator_py/table_order_interface/srv/_set_order_s.c.o[0m
[7.676s] [ 80%] [32m[1mLinking C shared library rosidl_generator_py/table_order_interface/libtable_order_interface__rosidl_generator_py.so[0m
[7.713s] [ 80%] Built target table_order_interface__rosidl_generator_py
[7.732s] [ 87%] [32mBuilding C object CMakeFiles/table_order_interface__rosidl_typesupport_c__pyext.dir/rosidl_generator_py/table_order_interface/_table_order_interface_s.ep.rosidl_typesupport_c.c.o[0m
[7.732s] [ 87%] [32mBuilding C object CMakeFiles/table_order_interface__rosidl_typesupport_fastrtps_c__pyext.dir/rosidl_generator_py/table_order_interface/_table_order_interface_s.ep.rosidl_typesupport_fastrtps_c.c.o[0m
[7.739s] [ 90%] [32mBuilding C object CMakeFiles/table_order_interface__rosidl_typesupport_introspection_c__pyext.dir/rosidl_generator_py/table_order_interface/_table_order_interface_s.ep.rosidl_typesupport_introspection_c.c.o[0m
[7.823s] [ 93%] [32m[1mLinking C shared library rosidl_generator_py/table_order_interface/table_order_interface_s__rosidl_typesupport_c.cpython-310-x86_64-linux-gnu.so[0m
[7.832s] [ 96%] [32m[1mLinking C shared library rosidl_generator_py/table_order_interface/table_order_interface_s__rosidl_typesupport_introspection_c.cpython-310-x86_64-linux-gnu.so[0m
[7.840s] [100%] [32m[1mLinking C shared library rosidl_generator_py/table_order_interface/table_order_interface_s__rosidl_typesupport_fastrtps_c.cpython-310-x86_64-linux-gnu.so[0m
[7.858s] [100%] Built target table_order_interface__rosidl_typesupport_c__pyext
[7.865s] [100%] Built target table_order_interface__rosidl_typesupport_introspection_c__pyext
[7.873s] [100%] Built target table_order_interface__rosidl_typesupport_fastrtps_c__pyext
[7.884s] Invoked command in '/home/g1/rokey_c2_ws/build/table_order_interface' returned '0': CMAKE_PREFIX_PATH=${CMAKE_PREFIX_PATH}:/home/g1/rokey_c2_ws/install/serving_robot:/home/g1/rokey_c2_ws/install/table_order:/home/g1/rokey_c2_ws/install/database:/home/g1/work/turtlebot3_ws/install/turtlebot3_teleop:/home/g1/work/turtlebot3_ws/install/turtlebot3_example:/opt/ros/humble /usr/bin/cmake --build /home/g1/rokey_c2_ws/build/table_order_interface -- -j8 -l8
[7.938s] Invoking command in '/home/g1/rokey_c2_ws/build/table_order_interface': CMAKE_PREFIX_PATH=${CMAKE_PREFIX_PATH}:/home/g1/rokey_c2_ws/install/serving_robot:/home/g1/rokey_c2_ws/install/table_order:/home/g1/rokey_c2_ws/install/database:/home/g1/work/turtlebot3_ws/install/turtlebot3_teleop:/home/g1/work/turtlebot3_ws/install/turtlebot3_example:/opt/ros/humble /usr/bin/cmake --install /home/g1/rokey_c2_ws/build/table_order_interface
[7.944s] -- Install configuration: ""
[7.945s] -- Execute custom install script
[7.945s] -- Symlinking: /home/g1/rokey_c2_ws/install/table_order_interface/share/ament_index/resource_index/rosidl_interfaces/table_order_interface
[7.953s] -- Symlinking: /home/g1/rokey_c2_ws/install/table_order_interface/include/table_order_interface/table_order_interface/msg/rosidl_generator_c__visibility_control.h
[7.960s] -- Symlinking: /home/g1/rokey_c2_ws/install/table_order_interface/include/table_order_interface/table_order_interface/srv/detail/set_order__functions.h
[7.967s] -- Symlinking: /home/g1/rokey_c2_ws/install/table_order_interface/include/table_order_interface/table_order_interface/srv/detail/set_order__struct.h
[7.975s] -- Symlinking: /home/g1/rokey_c2_ws/install/table_order_interface/include/table_order_interface/table_order_interface/srv/detail/set_order__type_support.h
[7.983s] -- Symlinking: /home/g1/rokey_c2_ws/install/table_order_interface/include/table_order_interface/table_order_interface/srv/set_order.h
[7.990s] -- Symlinking: /home/g1/rokey_c2_ws/install/table_order_interface/share/table_order_interface/environment/library_path.sh
[7.998s] -- Symlinking: /home/g1/rokey_c2_ws/install/table_order_interface/share/table_order_interface/environment/library_path.dsv
[8.006s] -- Symlinking: /home/g1/rokey_c2_ws/install/table_order_interface/include/table_order_interface/table_order_interface/msg/rosidl_typesupport_fastrtps_c__visibility_control.h
[8.014s] -- Symlinking: /home/g1/rokey_c2_ws/install/table_order_interface/include/table_order_interface/table_order_interface/srv/detail/set_order__rosidl_typesupport_fastrtps_c.h
[8.022s] -- Symlinking: /home/g1/rokey_c2_ws/install/table_order_interface/include/table_order_interface/table_order_interface/srv/detail/set_order__builder.hpp
[8.029s] -- Symlinking: /home/g1/rokey_c2_ws/install/table_order_interface/include/table_order_interface/table_order_interface/srv/detail/set_order__struct.hpp
[8.037s] -- Symlinking: /home/g1/rokey_c2_ws/install/table_order_interface/include/table_order_interface/table_order_interface/srv/detail/set_order__traits.hpp
[8.044s] -- Symlinking: /home/g1/rokey_c2_ws/install/table_order_interface/include/table_order_interface/table_order_interface/srv/set_order.hpp
[8.052s] -- Symlinking: /home/g1/rokey_c2_ws/install/table_order_interface/include/table_order_interface/table_order_interface/msg/rosidl_typesupport_fastrtps_cpp__visibility_control.h
[8.060s] -- Symlinking: /home/g1/rokey_c2_ws/install/table_order_interface/include/table_order_interface/table_order_interface/srv/detail/set_order__rosidl_typesupport_fastrtps_cpp.hpp
[8.067s] -- Symlinking: /home/g1/rokey_c2_ws/install/table_order_interface/include/table_order_interface/table_order_interface/msg/rosidl_typesupport_introspection_c__visibility_control.h
[8.075s] -- Symlinking: /home/g1/rokey_c2_ws/install/table_order_interface/include/table_order_interface/table_order_interface/srv/detail/set_order__rosidl_typesupport_introspection_c.h
[8.083s] -- Symlinking: /home/g1/rokey_c2_ws/install/table_order_interface/include/table_order_interface/table_order_interface/srv/detail/set_order__rosidl_typesupport_introspection_cpp.hpp
[8.091s] -- Symlinking: /home/g1/rokey_c2_ws/install/table_order_interface/share/table_order_interface/environment/pythonpath.sh
[8.098s] -- Symlinking: /home/g1/rokey_c2_ws/install/table_order_interface/share/table_order_interface/environment/pythonpath.dsv
[8.107s] -- Symlinking: /home/g1/rokey_c2_ws/install/table_order_interface/local/lib/python3.10/dist-packages/table_order_interface-0.0.0-py3.10.egg-info/PKG-INFO
[8.114s] -- Symlinking: /home/g1/rokey_c2_ws/install/table_order_interface/local/lib/python3.10/dist-packages/table_order_interface-0.0.0-py3.10.egg-info/SOURCES.txt
[8.122s] -- Symlinking: /home/g1/rokey_c2_ws/install/table_order_interface/local/lib/python3.10/dist-packages/table_order_interface-0.0.0-py3.10.egg-info/dependency_links.txt
[8.129s] -- Symlinking: /home/g1/rokey_c2_ws/install/table_order_interface/local/lib/python3.10/dist-packages/table_order_interface-0.0.0-py3.10.egg-info/top_level.txt
[8.137s] -- Symlinking: /home/g1/rokey_c2_ws/install/table_order_interface/local/lib/python3.10/dist-packages/table_order_interface/__init__.py
[8.145s] -- Symlinking: /home/g1/rokey_c2_ws/install/table_order_interface/local/lib/python3.10/dist-packages/table_order_interface/_table_order_interface_s.ep.rosidl_typesupport_c.c
[8.153s] -- Symlinking: /home/g1/rokey_c2_ws/install/table_order_interface/local/lib/python3.10/dist-packages/table_order_interface/_table_order_interface_s.ep.rosidl_typesupport_fastrtps_c.c
[8.160s] -- Symlinking: /home/g1/rokey_c2_ws/install/table_order_interface/local/lib/python3.10/dist-packages/table_order_interface/_table_order_interface_s.ep.rosidl_typesupport_introspection_c.c
[8.168s] -- Symlinking: /home/g1/rokey_c2_ws/install/table_order_interface/local/lib/python3.10/dist-packages/table_order_interface/libtable_order_interface__rosidl_generator_py.so
[8.176s] -- Symlinking: /home/g1/rokey_c2_ws/install/table_order_interface/local/lib/python3.10/dist-packages/table_order_interface/srv/__init__.py
[8.183s] -- Symlinking: /home/g1/rokey_c2_ws/install/table_order_interface/local/lib/python3.10/dist-packages/table_order_interface/srv/_set_order.py
[8.191s] -- Symlinking: /home/g1/rokey_c2_ws/install/table_order_interface/local/lib/python3.10/dist-packages/table_order_interface/srv/_set_order_s.c
[8.198s] -- Symlinking: /home/g1/rokey_c2_ws/install/table_order_interface/local/lib/python3.10/dist-packages/table_order_interface/table_order_interface_s__rosidl_typesupport_c.cpython-310-x86_64-linux-gnu.so
[8.206s] -- Symlinking: /home/g1/rokey_c2_ws/install/table_order_interface/local/lib/python3.10/dist-packages/table_order_interface/table_order_interface_s__rosidl_typesupport_fastrtps_c.cpython-310-x86_64-linux-gnu.so
[8.214s] -- Symlinking: /home/g1/rokey_c2_ws/install/table_order_interface/local/lib/python3.10/dist-packages/table_order_interface/table_order_interface_s__rosidl_typesupport_introspection_c.cpython-310-x86_64-linux-gnu.so
[8.221s] -- Up-to-date symlink: /home/g1/rokey_c2_ws/install/table_order_interface/local/lib/python3.10/dist-packages/table_order_interface/table_order_interface_s__rosidl_typesupport_fastrtps_c.cpython-310-x86_64-linux-gnu.so
[8.222s] -- Up-to-date symlink: /home/g1/rokey_c2_ws/install/table_order_interface/local/lib/python3.10/dist-packages/table_order_interface/table_order_interface_s__rosidl_typesupport_introspection_c.cpython-310-x86_64-linux-gnu.so
[8.222s] -- Up-to-date symlink: /home/g1/rokey_c2_ws/install/table_order_interface/local/lib/python3.10/dist-packages/table_order_interface/table_order_interface_s__rosidl_typesupport_c.cpython-310-x86_64-linux-gnu.so
[8.222s] -- Symlinking: /home/g1/rokey_c2_ws/install/table_order_interface/share/table_order_interface/srv/SetOrder.idl
[8.230s] -- Symlinking: /home/g1/rokey_c2_ws/install/table_order_interface/share/table_order_interface/srv/SetOrder.srv
[8.237s] -- Symlinking: /home/g1/rokey_c2_ws/install/table_order_interface/share/table_order_interface/srv/SetOrder_Request.msg
[8.245s] -- Symlinking: /home/g1/rokey_c2_ws/install/table_order_interface/share/table_order_interface/srv/SetOrder_Response.msg
[8.253s] -- Symlinking: /home/g1/rokey_c2_ws/install/table_order_interface/share/ament_index/resource_index/package_run_dependencies/table_order_interface
[8.260s] -- Symlinking: /home/g1/rokey_c2_ws/install/table_order_interface/share/ament_index/resource_index/parent_prefix_path/table_order_interface
[8.268s] -- Symlinking: /home/g1/rokey_c2_ws/install/table_order_interface/share/table_order_interface/environment/ament_prefix_path.sh
[8.276s] -- Symlinking: /home/g1/rokey_c2_ws/install/table_order_interface/share/table_order_interface/environment/ament_prefix_path.dsv
[8.283s] -- Symlinking: /home/g1/rokey_c2_ws/install/table_order_interface/share/table_order_interface/environment/path.sh
[8.291s] -- Symlinking: /home/g1/rokey_c2_ws/install/table_order_interface/share/table_order_interface/environment/path.dsv
[8.299s] -- Symlinking: /home/g1/rokey_c2_ws/install/table_order_interface/share/table_order_interface/local_setup.bash
[8.307s] -- Symlinking: /home/g1/rokey_c2_ws/install/table_order_interface/share/table_order_interface/local_setup.sh
[8.314s] -- Symlinking: /home/g1/rokey_c2_ws/install/table_order_interface/share/table_order_interface/local_setup.zsh
[8.322s] -- Symlinking: /home/g1/rokey_c2_ws/install/table_order_interface/share/table_order_interface/local_setup.dsv
[8.330s] -- Symlinking: /home/g1/rokey_c2_ws/install/table_order_interface/share/table_order_interface/package.dsv
[8.338s] -- Symlinking: /home/g1/rokey_c2_ws/install/table_order_interface/share/ament_index/resource_index/packages/table_order_interface
[8.346s] -- Symlinking: /home/g1/rokey_c2_ws/install/table_order_interface/share/table_order_interface/cmake/rosidl_cmake-extras.cmake
[8.353s] -- Symlinking: /home/g1/rokey_c2_ws/install/table_order_interface/share/table_order_interface/cmake/ament_cmake_export_dependencies-extras.cmake
[8.361s] -- Symlinking: /home/g1/rokey_c2_ws/install/table_order_interface/share/table_order_interface/cmake/ament_cmake_export_include_directories-extras.cmake
[8.368s] -- Symlinking: /home/g1/rokey_c2_ws/install/table_order_interface/share/table_order_interface/cmake/ament_cmake_export_libraries-extras.cmake
[8.376s] -- Symlinking: /home/g1/rokey_c2_ws/install/table_order_interface/share/table_order_interface/cmake/ament_cmake_export_targets-extras.cmake
[8.384s] -- Symlinking: /home/g1/rokey_c2_ws/install/table_order_interface/share/table_order_interface/cmake/rosidl_cmake_export_typesupport_targets-extras.cmake
[8.391s] -- Symlinking: /home/g1/rokey_c2_ws/install/table_order_interface/share/table_order_interface/cmake/rosidl_cmake_export_typesupport_libraries-extras.cmake
[8.399s] -- Symlinking: /home/g1/rokey_c2_ws/install/table_order_interface/share/table_order_interface/cmake/table_order_interfaceConfig.cmake
[8.407s] -- Symlinking: /home/g1/rokey_c2_ws/install/table_order_interface/share/table_order_interface/cmake/table_order_interfaceConfig-version.cmake
[8.414s] -- Symlinking: /home/g1/rokey_c2_ws/install/table_order_interface/share/table_order_interface/package.xml
[8.422s] -- Installing: /home/g1/rokey_c2_ws/install/table_order_interface/lib/libtable_order_interface__rosidl_generator_c.so
[8.422s] -- Set runtime path of "/home/g1/rokey_c2_ws/install/table_order_interface/lib/libtable_order_interface__rosidl_generator_c.so" to ""
[8.422s] -- Installing: /home/g1/rokey_c2_ws/install/table_order_interface/lib/libtable_order_interface__rosidl_typesupport_fastrtps_c.so
[8.423s] -- Set runtime path of "/home/g1/rokey_c2_ws/install/table_order_interface/lib/libtable_order_interface__rosidl_typesupport_fastrtps_c.so" to ""
[8.423s] -- Installing: /home/g1/rokey_c2_ws/install/table_order_interface/lib/libtable_order_interface__rosidl_typesupport_fastrtps_cpp.so
[8.423s] -- Set runtime path of "/home/g1/rokey_c2_ws/install/table_order_interface/lib/libtable_order_interface__rosidl_typesupport_fastrtps_cpp.so" to ""
[8.423s] -- Installing: /home/g1/rokey_c2_ws/install/table_order_interface/lib/libtable_order_interface__rosidl_typesupport_introspection_c.so
[8.423s] -- Set runtime path of "/home/g1/rokey_c2_ws/install/table_order_interface/lib/libtable_order_interface__rosidl_typesupport_introspection_c.so" to ""
[8.423s] -- Installing: /home/g1/rokey_c2_ws/install/table_order_interface/lib/libtable_order_interface__rosidl_typesupport_c.so
[8.424s] -- Set runtime path of "/home/g1/rokey_c2_ws/install/table_order_interface/lib/libtable_order_interface__rosidl_typesupport_c.so" to ""
[8.424s] -- Installing: /home/g1/rokey_c2_ws/install/table_order_interface/lib/libtable_order_interface__rosidl_typesupport_introspection_cpp.so
[8.424s] -- Set runtime path of "/home/g1/rokey_c2_ws/install/table_order_interface/lib/libtable_order_interface__rosidl_typesupport_introspection_cpp.so" to ""
[8.424s] -- Installing: /home/g1/rokey_c2_ws/install/table_order_interface/lib/libtable_order_interface__rosidl_typesupport_cpp.so
[8.424s] -- Set runtime path of "/home/g1/rokey_c2_ws/install/table_order_interface/lib/libtable_order_interface__rosidl_typesupport_cpp.so" to ""
[8.459s] Listing '/home/g1/rokey_c2_ws/install/table_order_interface/local/lib/python3.10/dist-packages/table_order_interface'...
[8.459s] Compiling '/home/g1/rokey_c2_ws/install/table_order_interface/local/lib/python3.10/dist-packages/table_order_interface/__init__.py'...
[8.459s] Listing '/home/g1/rokey_c2_ws/install/table_order_interface/local/lib/python3.10/dist-packages/table_order_interface/srv'...
[8.459s] Compiling '/home/g1/rokey_c2_ws/install/table_order_interface/local/lib/python3.10/dist-packages/table_order_interface/srv/__init__.py'...
[8.459s] Compiling '/home/g1/rokey_c2_ws/install/table_order_interface/local/lib/python3.10/dist-packages/table_order_interface/srv/_set_order.py'...
[8.463s] -- Installing: /home/g1/rokey_c2_ws/install/table_order_interface/lib/libtable_order_interface__rosidl_generator_py.so
[8.463s] -- Set runtime path of "/home/g1/rokey_c2_ws/install/table_order_interface/lib/libtable_order_interface__rosidl_generator_py.so" to ""
[8.463s] -- Installing: /home/g1/rokey_c2_ws/install/table_order_interface/share/table_order_interface/cmake/export_table_order_interface__rosidl_generator_cExport.cmake
[8.463s] -- Installing: /home/g1/rokey_c2_ws/install/table_order_interface/share/table_order_interface/cmake/export_table_order_interface__rosidl_generator_cExport-noconfig.cmake
[8.463s] -- Installing: /home/g1/rokey_c2_ws/install/table_order_interface/share/table_order_interface/cmake/export_table_order_interface__rosidl_typesupport_fastrtps_cExport.cmake
[8.463s] -- Installing: /home/g1/rokey_c2_ws/install/table_order_interface/share/table_order_interface/cmake/export_table_order_interface__rosidl_typesupport_fastrtps_cExport-noconfig.cmake
[8.463s] -- Installing: /home/g1/rokey_c2_ws/install/table_order_interface/share/table_order_interface/cmake/export_table_order_interface__rosidl_generator_cppExport.cmake
[8.464s] -- Installing: /home/g1/rokey_c2_ws/install/table_order_interface/share/table_order_interface/cmake/export_table_order_interface__rosidl_typesupport_fastrtps_cppExport.cmake
[8.464s] -- Installing: /home/g1/rokey_c2_ws/install/table_order_interface/share/table_order_interface/cmake/export_table_order_interface__rosidl_typesupport_fastrtps_cppExport-noconfig.cmake
[8.464s] -- Installing: /home/g1/rokey_c2_ws/install/table_order_interface/share/table_order_interface/cmake/table_order_interface__rosidl_typesupport_introspection_cExport.cmake
[8.464s] -- Installing: /home/g1/rokey_c2_ws/install/table_order_interface/share/table_order_interface/cmake/table_order_interface__rosidl_typesupport_introspection_cExport-noconfig.cmake
[8.464s] -- Installing: /home/g1/rokey_c2_ws/install/table_order_interface/share/table_order_interface/cmake/table_order_interface__rosidl_typesupport_cExport.cmake
[8.464s] -- Installing: /home/g1/rokey_c2_ws/install/table_order_interface/share/table_order_interface/cmake/table_order_interface__rosidl_typesupport_cExport-noconfig.cmake
[8.464s] -- Installing: /home/g1/rokey_c2_ws/install/table_order_interface/share/table_order_interface/cmake/table_order_interface__rosidl_typesupport_introspection_cppExport.cmake
[8.465s] -- Installing: /home/g1/rokey_c2_ws/install/table_order_interface/share/table_order_interface/cmake/table_order_interface__rosidl_typesupport_introspection_cppExport-noconfig.cmake
[8.465s] -- Installing: /home/g1/rokey_c2_ws/install/table_order_interface/share/table_order_interface/cmake/table_order_interface__rosidl_typesupport_cppExport.cmake
[8.465s] -- Installing: /home/g1/rokey_c2_ws/install/table_order_interface/share/table_order_interface/cmake/table_order_interface__rosidl_typesupport_cppExport-noconfig.cmake
[8.465s] -- Installing: /home/g1/rokey_c2_ws/install/table_order_interface/share/table_order_interface/cmake/export_table_order_interface__rosidl_generator_pyExport.cmake
[8.465s] -- Installing: /home/g1/rokey_c2_ws/install/table_order_interface/share/table_order_interface/cmake/export_table_order_interface__rosidl_generator_pyExport-noconfig.cmake
[8.467s] Invoked command in '/home/g1/rokey_c2_ws/build/table_order_interface' returned '0': CMAKE_PREFIX_PATH=${CMAKE_PREFIX_PATH}:/home/g1/rokey_c2_ws/install/serving_robot:/home/g1/rokey_c2_ws/install/table_order:/home/g1/rokey_c2_ws/install/database:/home/g1/work/turtlebot3_ws/install/turtlebot3_teleop:/home/g1/work/turtlebot3_ws/install/turtlebot3_example:/opt/ros/humble /usr/bin/cmake --install /home/g1/rokey_c2_ws/build/table_order_interface
