[0.908s] Invoking command in '/home/psb/rokey_c_2_ws/src/serving_robot': AMENT_PREFIX_PATH=/home/psb/rokey_c_2_ws/install/serving_robot_msgs:${AMENT_PREFIX_PATH} CMAKE_PREFIX_PATH=/home/psb/rokey_c_2_ws/install/serving_robot_msgs:${CMAKE_PREFIX_PATH} LD_LIBRARY_PATH=/home/psb/rokey_c_2_ws/install/serving_robot_msgs/lib:/home/psb/turtlebot3_ws/install/turtlebot3_msgs/lib:/usr/lib/x86_64-linux-gnu/gazebo-11/plugins:/opt/ros/humble/opt/rviz_ogre_vendor/lib:/opt/ros/humble/lib/x86_64-linux-gnu:/opt/ros/humble/lib:/usr/lib/x86_64-linux-gnu/gazebo-11/plugins PYTHONPATH=/home/psb/rokey_c_2_ws/build/serving_robot/prefix_override:/usr/lib/python3/dist-packages/colcon_core/task/python/colcon_distutils_commands:/home/psb/rokey_c_2_ws/install/serving_robot/lib/python3.10/site-packages:/home/psb/rokey_c_2_ws/install/serving_robot_msgs/local/lib/python3.10/dist-packages:${PYTHONPATH} /usr/bin/python3 -W ignore:setup.py install is deprecated setup.py egg_info --egg-base ../../build/serving_robot build --build-base /home/psb/rokey_c_2_ws/build/serving_robot/build install --record /home/psb/rokey_c_2_ws/build/serving_robot/install.log --single-version-externally-managed install_data
[1.169s] running egg_info
[1.169s] writing ../../build/serving_robot/serving_robot.egg-info/PKG-INFO
[1.170s] writing dependency_links to ../../build/serving_robot/serving_robot.egg-info/dependency_links.txt
[1.170s] writing entry points to ../../build/serving_robot/serving_robot.egg-info/entry_points.txt
[1.170s] writing requirements to ../../build/serving_robot/serving_robot.egg-info/requires.txt
[1.170s] writing top-level names to ../../build/serving_robot/serving_robot.egg-info/top_level.txt
[1.171s] reading manifest file '../../build/serving_robot/serving_robot.egg-info/SOURCES.txt'
[1.172s] writing manifest file '../../build/serving_robot/serving_robot.egg-info/SOURCES.txt'
[1.172s] running build
[1.172s] running build_py
[1.173s] running install
[1.173s] running install_lib
[1.174s] running install_data
[1.174s] running install_egg_info
[1.176s] removing '/home/psb/rokey_c_2_ws/install/serving_robot/lib/python3.10/site-packages/serving_robot-0.0.0-py3.10.egg-info' (and everything under it)
[1.176s] Copying ../../build/serving_robot/serving_robot.egg-info to /home/psb/rokey_c_2_ws/install/serving_robot/lib/python3.10/site-packages/serving_robot-0.0.0-py3.10.egg-info
[1.177s] running install_scripts
[1.195s] Installing action_test script to /home/psb/rokey_c_2_ws/install/serving_robot/lib/serving_robot
[1.195s] Installing main script to /home/psb/rokey_c_2_ws/install/serving_robot/lib/serving_robot
[1.195s] Installing robot script to /home/psb/rokey_c_2_ws/install/serving_robot/lib/serving_robot
[1.195s] Installing serving_robot script to /home/psb/rokey_c_2_ws/install/serving_robot/lib/serving_robot
[1.195s] writing list of installed files to '/home/psb/rokey_c_2_ws/build/serving_robot/install.log'
[1.216s] Invoked command in '/home/psb/rokey_c_2_ws/src/serving_robot' returned '0': AMENT_PREFIX_PATH=/home/psb/rokey_c_2_ws/install/serving_robot_msgs:${AMENT_PREFIX_PATH} CMAKE_PREFIX_PATH=/home/psb/rokey_c_2_ws/install/serving_robot_msgs:${CMAKE_PREFIX_PATH} LD_LIBRARY_PATH=/home/psb/rokey_c_2_ws/install/serving_robot_msgs/lib:/home/psb/turtlebot3_ws/install/turtlebot3_msgs/lib:/usr/lib/x86_64-linux-gnu/gazebo-11/plugins:/opt/ros/humble/opt/rviz_ogre_vendor/lib:/opt/ros/humble/lib/x86_64-linux-gnu:/opt/ros/humble/lib:/usr/lib/x86_64-linux-gnu/gazebo-11/plugins PYTHONPATH=/home/psb/rokey_c_2_ws/build/serving_robot/prefix_override:/usr/lib/python3/dist-packages/colcon_core/task/python/colcon_distutils_commands:/home/psb/rokey_c_2_ws/install/serving_robot/lib/python3.10/site-packages:/home/psb/rokey_c_2_ws/install/serving_robot_msgs/local/lib/python3.10/dist-packages:${PYTHONPATH} /usr/bin/python3 -W ignore:setup.py install is deprecated setup.py egg_info --egg-base ../../build/serving_robot build --build-base /home/psb/rokey_c_2_ws/build/serving_robot/build install --record /home/psb/rokey_c_2_ws/build/serving_robot/install.log --single-version-externally-managed install_data
