/home/psb/rokey_c_2_ws/install/c2_turtle_order_package/lib/python3.10/site-packages/c2_turtle_order_package/__init__.py
/home/psb/rokey_c_2_ws/install/c2_turtle_order_package/lib/python3.10/site-packages/c2_turtle_order_package/order_client_ver2.py
/home/psb/rokey_c_2_ws/install/c2_turtle_order_package/lib/python3.10/site-packages/c2_turtle_order_package/order_saver_ver2.py
/home/psb/rokey_c_2_ws/install/c2_turtle_order_package/lib/python3.10/site-packages/c2_turtle_order_package/order_client.py
/home/psb/rokey_c_2_ws/install/c2_turtle_order_package/lib/python3.10/site-packages/c2_turtle_order_package/test.py
/home/psb/rokey_c_2_ws/install/c2_turtle_order_package/lib/python3.10/site-packages/c2_turtle_order_package/total_sales_client.py
/home/psb/rokey_c_2_ws/install/c2_turtle_order_package/lib/python3.10/site-packages/c2_turtle_order_package/order_saver.py
/home/psb/rokey_c_2_ws/install/c2_turtle_order_package/lib/python3.10/site-packages/c2_turtle_order_package/__pycache__/__init__.cpython-310.pyc
/home/psb/rokey_c_2_ws/install/c2_turtle_order_package/lib/python3.10/site-packages/c2_turtle_order_package/__pycache__/order_client_ver2.cpython-310.pyc
/home/psb/rokey_c_2_ws/install/c2_turtle_order_package/lib/python3.10/site-packages/c2_turtle_order_package/__pycache__/order_saver_ver2.cpython-310.pyc
/home/psb/rokey_c_2_ws/install/c2_turtle_order_package/lib/python3.10/site-packages/c2_turtle_order_package/__pycache__/order_client.cpython-310.pyc
/home/psb/rokey_c_2_ws/install/c2_turtle_order_package/lib/python3.10/site-packages/c2_turtle_order_package/__pycache__/test.cpython-310.pyc
/home/psb/rokey_c_2_ws/install/c2_turtle_order_package/lib/python3.10/site-packages/c2_turtle_order_package/__pycache__/total_sales_client.cpython-310.pyc
/home/psb/rokey_c_2_ws/install/c2_turtle_order_package/lib/python3.10/site-packages/c2_turtle_order_package/__pycache__/order_saver.cpython-310.pyc
/home/psb/rokey_c_2_ws/install/c2_turtle_order_package/share/ament_index/resource_index/packages/c2_turtle_order_package
/home/psb/rokey_c_2_ws/install/c2_turtle_order_package/share/c2_turtle_order_package/package.xml
/home/psb/rokey_c_2_ws/install/c2_turtle_order_package/lib/python3.10/site-packages/c2_turtle_order_package-0.0.0-py3.10.egg-info/SOURCES.txt
/home/psb/rokey_c_2_ws/install/c2_turtle_order_package/lib/python3.10/site-packages/c2_turtle_order_package-0.0.0-py3.10.egg-info/zip-safe
/home/psb/rokey_c_2_ws/install/c2_turtle_order_package/lib/python3.10/site-packages/c2_turtle_order_package-0.0.0-py3.10.egg-info/top_level.txt
/home/psb/rokey_c_2_ws/install/c2_turtle_order_package/lib/python3.10/site-packages/c2_turtle_order_package-0.0.0-py3.10.egg-info/requires.txt
/home/psb/rokey_c_2_ws/install/c2_turtle_order_package/lib/python3.10/site-packages/c2_turtle_order_package-0.0.0-py3.10.egg-info/entry_points.txt
/home/psb/rokey_c_2_ws/install/c2_turtle_order_package/lib/python3.10/site-packages/c2_turtle_order_package-0.0.0-py3.10.egg-info/PKG-INFO
/home/psb/rokey_c_2_ws/install/c2_turtle_order_package/lib/python3.10/site-packages/c2_turtle_order_package-0.0.0-py3.10.egg-info/dependency_links.txt
/home/psb/rokey_c_2_ws/install/c2_turtle_order_package/lib/c2_turtle_order_package/order_client
/home/psb/rokey_c_2_ws/install/c2_turtle_order_package/lib/c2_turtle_order_package/order_saver
/home/psb/rokey_c_2_ws/install/c2_turtle_order_package/lib/c2_turtle_order_package/total_sales_client
