[1.177s] Invoking command in '/home/psb/rokey_c_2_ws/src/turtlebot3_gui': PYTHONPATH=/home/psb/rokey_c_2_ws/build/turtlebot3_gui/prefix_override:/usr/lib/python3/dist-packages/colcon_core/task/python/colcon_distutils_commands:/home/psb/rokey_c_2_ws/install/turtlebot3_gui/lib/python3.10/site-packages:${PYTHONPATH} /usr/bin/python3 -W ignore:setup.py install is deprecated setup.py egg_info --egg-base ../../build/turtlebot3_gui build --build-base /home/psb/rokey_c_2_ws/build/turtlebot3_gui/build install --record /home/psb/rokey_c_2_ws/build/turtlebot3_gui/install.log --single-version-externally-managed install_data
[1.626s] running egg_info
[1.626s] creating ../../build/turtlebot3_gui/turtlebot3_gui.egg-info
[1.627s] writing ../../build/turtlebot3_gui/turtlebot3_gui.egg-info/PKG-INFO
[1.627s] writing dependency_links to ../../build/turtlebot3_gui/turtlebot3_gui.egg-info/dependency_links.txt
[1.627s] writing entry points to ../../build/turtlebot3_gui/turtlebot3_gui.egg-info/entry_points.txt
[1.628s] writing requirements to ../../build/turtlebot3_gui/turtlebot3_gui.egg-info/requires.txt
[1.628s] writing top-level names to ../../build/turtlebot3_gui/turtlebot3_gui.egg-info/top_level.txt
[1.628s] writing manifest file '../../build/turtlebot3_gui/turtlebot3_gui.egg-info/SOURCES.txt'
[1.631s] reading manifest file '../../build/turtlebot3_gui/turtlebot3_gui.egg-info/SOURCES.txt'
[1.632s] writing manifest file '../../build/turtlebot3_gui/turtlebot3_gui.egg-info/SOURCES.txt'
[1.632s] running build
[1.632s] running build_py
[1.633s] creating /home/psb/rokey_c_2_ws/build/turtlebot3_gui/build
[1.633s] creating /home/psb/rokey_c_2_ws/build/turtlebot3_gui/build/lib
[1.633s] creating /home/psb/rokey_c_2_ws/build/turtlebot3_gui/build/lib/turtlebot3_gui
[1.633s] copying turtlebot3_gui/turtlebot3_gui.py -> /home/psb/rokey_c_2_ws/build/turtlebot3_gui/build/lib/turtlebot3_gui
[1.633s] copying turtlebot3_gui/service_server.py -> /home/psb/rokey_c_2_ws/build/turtlebot3_gui/build/lib/turtlebot3_gui
[1.633s] copying turtlebot3_gui/__init__.py -> /home/psb/rokey_c_2_ws/build/turtlebot3_gui/build/lib/turtlebot3_gui
[1.633s] copying turtlebot3_gui/ex1.py -> /home/psb/rokey_c_2_ws/build/turtlebot3_gui/build/lib/turtlebot3_gui
[1.634s] copying turtlebot3_gui/nav_server.py -> /home/psb/rokey_c_2_ws/build/turtlebot3_gui/build/lib/turtlebot3_gui
[1.634s] copying turtlebot3_gui/turtlebot3_point.py -> /home/psb/rokey_c_2_ws/build/turtlebot3_gui/build/lib/turtlebot3_gui
[1.634s] copying turtlebot3_gui/pub_topic.py -> /home/psb/rokey_c_2_ws/build/turtlebot3_gui/build/lib/turtlebot3_gui
[1.634s] copying turtlebot3_gui/turtlebot3_move.py -> /home/psb/rokey_c_2_ws/build/turtlebot3_gui/build/lib/turtlebot3_gui
[1.634s] copying turtlebot3_gui/service_client.py -> /home/psb/rokey_c_2_ws/build/turtlebot3_gui/build/lib/turtlebot3_gui
[1.634s] copying turtlebot3_gui/sub_topic.py -> /home/psb/rokey_c_2_ws/build/turtlebot3_gui/build/lib/turtlebot3_gui
[1.634s] copying turtlebot3_gui/send_goal.py -> /home/psb/rokey_c_2_ws/build/turtlebot3_gui/build/lib/turtlebot3_gui
[1.634s] copying turtlebot3_gui/nav_client.py -> /home/psb/rokey_c_2_ws/build/turtlebot3_gui/build/lib/turtlebot3_gui
[1.635s] copying turtlebot3_gui/ex2.py -> /home/psb/rokey_c_2_ws/build/turtlebot3_gui/build/lib/turtlebot3_gui
[1.635s] copying turtlebot3_gui/turtlebot3_gui_backup.py -> /home/psb/rokey_c_2_ws/build/turtlebot3_gui/build/lib/turtlebot3_gui
[1.635s] running install
[1.636s] running install_lib
[1.637s] creating /home/psb/rokey_c_2_ws/install/turtlebot3_gui/lib/python3.10/site-packages/turtlebot3_gui
[1.637s] copying /home/psb/rokey_c_2_ws/build/turtlebot3_gui/build/lib/turtlebot3_gui/turtlebot3_gui.py -> /home/psb/rokey_c_2_ws/install/turtlebot3_gui/lib/python3.10/site-packages/turtlebot3_gui
[1.637s] copying /home/psb/rokey_c_2_ws/build/turtlebot3_gui/build/lib/turtlebot3_gui/service_server.py -> /home/psb/rokey_c_2_ws/install/turtlebot3_gui/lib/python3.10/site-packages/turtlebot3_gui
[1.638s] copying /home/psb/rokey_c_2_ws/build/turtlebot3_gui/build/lib/turtlebot3_gui/__init__.py -> /home/psb/rokey_c_2_ws/install/turtlebot3_gui/lib/python3.10/site-packages/turtlebot3_gui
[1.638s] copying /home/psb/rokey_c_2_ws/build/turtlebot3_gui/build/lib/turtlebot3_gui/ex1.py -> /home/psb/rokey_c_2_ws/install/turtlebot3_gui/lib/python3.10/site-packages/turtlebot3_gui
[1.638s] copying /home/psb/rokey_c_2_ws/build/turtlebot3_gui/build/lib/turtlebot3_gui/nav_server.py -> /home/psb/rokey_c_2_ws/install/turtlebot3_gui/lib/python3.10/site-packages/turtlebot3_gui
[1.638s] copying /home/psb/rokey_c_2_ws/build/turtlebot3_gui/build/lib/turtlebot3_gui/turtlebot3_point.py -> /home/psb/rokey_c_2_ws/install/turtlebot3_gui/lib/python3.10/site-packages/turtlebot3_gui
[1.638s] copying /home/psb/rokey_c_2_ws/build/turtlebot3_gui/build/lib/turtlebot3_gui/pub_topic.py -> /home/psb/rokey_c_2_ws/install/turtlebot3_gui/lib/python3.10/site-packages/turtlebot3_gui
[1.638s] copying /home/psb/rokey_c_2_ws/build/turtlebot3_gui/build/lib/turtlebot3_gui/turtlebot3_move.py -> /home/psb/rokey_c_2_ws/install/turtlebot3_gui/lib/python3.10/site-packages/turtlebot3_gui
[1.638s] copying /home/psb/rokey_c_2_ws/build/turtlebot3_gui/build/lib/turtlebot3_gui/service_client.py -> /home/psb/rokey_c_2_ws/install/turtlebot3_gui/lib/python3.10/site-packages/turtlebot3_gui
[1.638s] copying /home/psb/rokey_c_2_ws/build/turtlebot3_gui/build/lib/turtlebot3_gui/sub_topic.py -> /home/psb/rokey_c_2_ws/install/turtlebot3_gui/lib/python3.10/site-packages/turtlebot3_gui
[1.639s] copying /home/psb/rokey_c_2_ws/build/turtlebot3_gui/build/lib/turtlebot3_gui/send_goal.py -> /home/psb/rokey_c_2_ws/install/turtlebot3_gui/lib/python3.10/site-packages/turtlebot3_gui
[1.639s] copying /home/psb/rokey_c_2_ws/build/turtlebot3_gui/build/lib/turtlebot3_gui/nav_client.py -> /home/psb/rokey_c_2_ws/install/turtlebot3_gui/lib/python3.10/site-packages/turtlebot3_gui
[1.639s] copying /home/psb/rokey_c_2_ws/build/turtlebot3_gui/build/lib/turtlebot3_gui/ex2.py -> /home/psb/rokey_c_2_ws/install/turtlebot3_gui/lib/python3.10/site-packages/turtlebot3_gui
[1.639s] copying /home/psb/rokey_c_2_ws/build/turtlebot3_gui/build/lib/turtlebot3_gui/turtlebot3_gui_backup.py -> /home/psb/rokey_c_2_ws/install/turtlebot3_gui/lib/python3.10/site-packages/turtlebot3_gui
[1.640s] byte-compiling /home/psb/rokey_c_2_ws/install/turtlebot3_gui/lib/python3.10/site-packages/turtlebot3_gui/turtlebot3_gui.py to turtlebot3_gui.cpython-310.pyc
[1.642s] byte-compiling /home/psb/rokey_c_2_ws/install/turtlebot3_gui/lib/python3.10/site-packages/turtlebot3_gui/service_server.py to service_server.cpython-310.pyc
[1.643s] byte-compiling /home/psb/rokey_c_2_ws/install/turtlebot3_gui/lib/python3.10/site-packages/turtlebot3_gui/__init__.py to __init__.cpython-310.pyc
[1.643s] byte-compiling /home/psb/rokey_c_2_ws/install/turtlebot3_gui/lib/python3.10/site-packages/turtlebot3_gui/ex1.py to ex1.cpython-310.pyc
[1.645s] byte-compiling /home/psb/rokey_c_2_ws/install/turtlebot3_gui/lib/python3.10/site-packages/turtlebot3_gui/nav_server.py to nav_server.cpython-310.pyc
[1.646s] byte-compiling /home/psb/rokey_c_2_ws/install/turtlebot3_gui/lib/python3.10/site-packages/turtlebot3_gui/turtlebot3_point.py to turtlebot3_point.cpython-310.pyc
[1.648s] byte-compiling /home/psb/rokey_c_2_ws/install/turtlebot3_gui/lib/python3.10/site-packages/turtlebot3_gui/pub_topic.py to pub_topic.cpython-310.pyc
[1.648s] byte-compiling /home/psb/rokey_c_2_ws/install/turtlebot3_gui/lib/python3.10/site-packages/turtlebot3_gui/turtlebot3_move.py to turtlebot3_move.cpython-310.pyc
[1.651s] byte-compiling /home/psb/rokey_c_2_ws/install/turtlebot3_gui/lib/python3.10/site-packages/turtlebot3_gui/service_client.py to service_client.cpython-310.pyc
[1.652s] byte-compiling /home/psb/rokey_c_2_ws/install/turtlebot3_gui/lib/python3.10/site-packages/turtlebot3_gui/sub_topic.py to sub_topic.cpython-310.pyc
[1.654s] byte-compiling /home/psb/rokey_c_2_ws/install/turtlebot3_gui/lib/python3.10/site-packages/turtlebot3_gui/send_goal.py to send_goal.cpython-310.pyc
[1.655s] byte-compiling /home/psb/rokey_c_2_ws/install/turtlebot3_gui/lib/python3.10/site-packages/turtlebot3_gui/nav_client.py to nav_client.cpython-310.pyc
[1.656s] byte-compiling /home/psb/rokey_c_2_ws/install/turtlebot3_gui/lib/python3.10/site-packages/turtlebot3_gui/ex2.py to ex2.cpython-310.pyc
[1.656s] byte-compiling /home/psb/rokey_c_2_ws/install/turtlebot3_gui/lib/python3.10/site-packages/turtlebot3_gui/turtlebot3_gui_backup.py to turtlebot3_gui_backup.cpython-310.pyc
[1.659s] running install_data
[1.659s] creating /home/psb/rokey_c_2_ws/install/turtlebot3_gui/share/ament_index
[1.659s] creating /home/psb/rokey_c_2_ws/install/turtlebot3_gui/share/ament_index/resource_index
[1.659s] creating /home/psb/rokey_c_2_ws/install/turtlebot3_gui/share/ament_index/resource_index/packages
[1.660s] copying resource/turtlebot3_gui -> /home/psb/rokey_c_2_ws/install/turtlebot3_gui/share/ament_index/resource_index/packages
[1.660s] copying package.xml -> /home/psb/rokey_c_2_ws/install/turtlebot3_gui/share/turtlebot3_gui
[1.660s] running install_egg_info
[1.662s] Copying ../../build/turtlebot3_gui/turtlebot3_gui.egg-info to /home/psb/rokey_c_2_ws/install/turtlebot3_gui/lib/python3.10/site-packages/turtlebot3_gui-0.0.0-py3.10.egg-info
[1.664s] running install_scripts
[1.689s] Installing nav_client script to /home/psb/rokey_c_2_ws/install/turtlebot3_gui/lib/turtlebot3_gui
[1.689s] Installing nav_server script to /home/psb/rokey_c_2_ws/install/turtlebot3_gui/lib/turtlebot3_gui
[1.689s] Installing pub_topic script to /home/psb/rokey_c_2_ws/install/turtlebot3_gui/lib/turtlebot3_gui
[1.689s] Installing send_goal script to /home/psb/rokey_c_2_ws/install/turtlebot3_gui/lib/turtlebot3_gui
[1.690s] Installing service_client script to /home/psb/rokey_c_2_ws/install/turtlebot3_gui/lib/turtlebot3_gui
[1.690s] Installing service_server script to /home/psb/rokey_c_2_ws/install/turtlebot3_gui/lib/turtlebot3_gui
[1.690s] Installing sub_topic script to /home/psb/rokey_c_2_ws/install/turtlebot3_gui/lib/turtlebot3_gui
[1.690s] Installing turtlebot3_gui script to /home/psb/rokey_c_2_ws/install/turtlebot3_gui/lib/turtlebot3_gui
[1.690s] Installing turtlebot3_move script to /home/psb/rokey_c_2_ws/install/turtlebot3_gui/lib/turtlebot3_gui
[1.690s] Installing turtlebot3_point script to /home/psb/rokey_c_2_ws/install/turtlebot3_gui/lib/turtlebot3_gui
[1.690s] writing list of installed files to '/home/psb/rokey_c_2_ws/build/turtlebot3_gui/install.log'
[1.717s] Invoked command in '/home/psb/rokey_c_2_ws/src/turtlebot3_gui' returned '0': PYTHONPATH=/home/psb/rokey_c_2_ws/build/turtlebot3_gui/prefix_override:/usr/lib/python3/dist-packages/colcon_core/task/python/colcon_distutils_commands:/home/psb/rokey_c_2_ws/install/turtlebot3_gui/lib/python3.10/site-packages:${PYTHONPATH} /usr/bin/python3 -W ignore:setup.py install is deprecated setup.py egg_info --egg-base ../../build/turtlebot3_gui build --build-base /home/psb/rokey_c_2_ws/build/turtlebot3_gui/build install --record /home/psb/rokey_c_2_ws/build/turtlebot3_gui/install.log --single-version-externally-managed install_data
