[0.462s] Invoking command in '/home/g1/rokey_c_2_ws/build/nav_interfaces': CMAKE_PREFIX_PATH=${CMAKE_PREFIX_PATH}:/home/g1/rokey_c_2_ws/install/turtlebot3_gui:/home/g1/rokey_c_2_ws/install/table_order:/home/g1/rokey_c_2_ws/install/serving_robot:/home/g1/rokey_c_2_ws/install/database:/home/g1/work/turtlebot3_ws/install/turtlebot3_teleop:/home/g1/work/turtlebot3_ws/install/turtlebot3_example:/opt/ros/humble /usr/bin/cmake --build /home/g1/rokey_c_2_ws/build/nav_interfaces -- -j8 -l8
[0.513s] [  9%] Built target nav_interfaces__rosidl_generator_c
[0.517s] [ 12%] Built target nav_interfaces__cpp
[0.526s] [ 12%] Built target ament_cmake_python_symlink_nav_interfaces
[0.554s] [ 22%] Built target nav_interfaces__rosidl_typesupport_c
[0.555s] [ 32%] Built target nav_interfaces__rosidl_typesupport_introspection_c
[0.555s] [ 41%] Built target nav_interfaces__rosidl_typesupport_fastrtps_c
[0.558s] [ 51%] Built target nav_interfaces__rosidl_typesupport_cpp
[0.560s] [ 61%] Built target nav_interfaces__rosidl_typesupport_fastrtps_cpp
[0.563s] [ 70%] Built target nav_interfaces__rosidl_typesupport_introspection_cpp
[0.585s] [ 70%] Built target nav_interfaces
[0.603s] [ 74%] Built target nav_interfaces__py
[0.623s] [ 80%] Built target nav_interfaces__rosidl_generator_py
[0.643s] [ 87%] Built target nav_interfaces__rosidl_typesupport_c__pyext
[0.645s] [ 93%] Built target nav_interfaces__rosidl_typesupport_introspection_c__pyext
[0.649s] [100%] Built target nav_interfaces__rosidl_typesupport_fastrtps_c__pyext
[0.860s] running egg_info
[0.861s] writing nav_interfaces.egg-info/PKG-INFO
[0.861s] writing dependency_links to nav_interfaces.egg-info/dependency_links.txt
[0.861s] writing top-level names to nav_interfaces.egg-info/top_level.txt
[0.864s] reading manifest file 'nav_interfaces.egg-info/SOURCES.txt'
[0.865s] writing manifest file 'nav_interfaces.egg-info/SOURCES.txt'
[0.895s] [100%] Built target ament_cmake_python_build_nav_interfaces_egg
[0.908s] Invoked command in '/home/g1/rokey_c_2_ws/build/nav_interfaces' returned '0': CMAKE_PREFIX_PATH=${CMAKE_PREFIX_PATH}:/home/g1/rokey_c_2_ws/install/turtlebot3_gui:/home/g1/rokey_c_2_ws/install/table_order:/home/g1/rokey_c_2_ws/install/serving_robot:/home/g1/rokey_c_2_ws/install/database:/home/g1/work/turtlebot3_ws/install/turtlebot3_teleop:/home/g1/work/turtlebot3_ws/install/turtlebot3_example:/opt/ros/humble /usr/bin/cmake --build /home/g1/rokey_c_2_ws/build/nav_interfaces -- -j8 -l8
[0.967s] Invoking command in '/home/g1/rokey_c_2_ws/build/nav_interfaces': CMAKE_PREFIX_PATH=${CMAKE_PREFIX_PATH}:/home/g1/rokey_c_2_ws/install/turtlebot3_gui:/home/g1/rokey_c_2_ws/install/table_order:/home/g1/rokey_c_2_ws/install/serving_robot:/home/g1/rokey_c_2_ws/install/database:/home/g1/work/turtlebot3_ws/install/turtlebot3_teleop:/home/g1/work/turtlebot3_ws/install/turtlebot3_example:/opt/ros/humble /usr/bin/cmake --install /home/g1/rokey_c_2_ws/build/nav_interfaces
[0.975s] -- Install configuration: ""
[0.975s] -- Execute custom install script
[0.976s] -- Up-to-date symlink: /home/g1/rokey_c_2_ws/install/nav_interfaces/share/ament_index/resource_index/rosidl_interfaces/nav_interfaces
[0.976s] -- Up-to-date symlink: /home/g1/rokey_c_2_ws/install/nav_interfaces/include/nav_interfaces/nav_interfaces/action/detail/navigate__functions.h
[0.977s] -- Up-to-date symlink: /home/g1/rokey_c_2_ws/install/nav_interfaces/include/nav_interfaces/nav_interfaces/action/detail/navigate__struct.h
[0.977s] -- Up-to-date symlink: /home/g1/rokey_c_2_ws/install/nav_interfaces/include/nav_interfaces/nav_interfaces/action/detail/navigate__type_support.h
[0.977s] -- Up-to-date symlink: /home/g1/rokey_c_2_ws/install/nav_interfaces/include/nav_interfaces/nav_interfaces/action/navigate.h
[0.977s] -- Up-to-date symlink: /home/g1/rokey_c_2_ws/install/nav_interfaces/include/nav_interfaces/nav_interfaces/msg/rosidl_generator_c__visibility_control.h
[0.978s] -- Up-to-date symlink: /home/g1/rokey_c_2_ws/install/nav_interfaces/share/nav_interfaces/environment/library_path.sh
[0.978s] -- Up-to-date symlink: /home/g1/rokey_c_2_ws/install/nav_interfaces/share/nav_interfaces/environment/library_path.dsv
[0.978s] -- Up-to-date symlink: /home/g1/rokey_c_2_ws/install/nav_interfaces/include/nav_interfaces/nav_interfaces/action/detail/navigate__rosidl_typesupport_fastrtps_c.h
[0.979s] -- Up-to-date symlink: /home/g1/rokey_c_2_ws/install/nav_interfaces/include/nav_interfaces/nav_interfaces/msg/rosidl_typesupport_fastrtps_c__visibility_control.h
[0.979s] -- Up-to-date symlink: /home/g1/rokey_c_2_ws/install/nav_interfaces/include/nav_interfaces/nav_interfaces/action/detail/navigate__rosidl_typesupport_introspection_c.h
[0.979s] -- Up-to-date symlink: /home/g1/rokey_c_2_ws/install/nav_interfaces/include/nav_interfaces/nav_interfaces/msg/rosidl_typesupport_introspection_c__visibility_control.h
[0.980s] -- Up-to-date symlink: /home/g1/rokey_c_2_ws/install/nav_interfaces/include/nav_interfaces/nav_interfaces/action/detail/navigate__builder.hpp
[0.980s] -- Up-to-date symlink: /home/g1/rokey_c_2_ws/install/nav_interfaces/include/nav_interfaces/nav_interfaces/action/detail/navigate__struct.hpp
[0.980s] -- Up-to-date symlink: /home/g1/rokey_c_2_ws/install/nav_interfaces/include/nav_interfaces/nav_interfaces/action/detail/navigate__traits.hpp
[0.980s] -- Up-to-date symlink: /home/g1/rokey_c_2_ws/install/nav_interfaces/include/nav_interfaces/nav_interfaces/action/navigate.hpp
[0.981s] -- Up-to-date symlink: /home/g1/rokey_c_2_ws/install/nav_interfaces/include/nav_interfaces/nav_interfaces/action/detail/navigate__rosidl_typesupport_fastrtps_cpp.hpp
[0.981s] -- Up-to-date symlink: /home/g1/rokey_c_2_ws/install/nav_interfaces/include/nav_interfaces/nav_interfaces/msg/rosidl_typesupport_fastrtps_cpp__visibility_control.h
[0.981s] -- Up-to-date symlink: /home/g1/rokey_c_2_ws/install/nav_interfaces/include/nav_interfaces/nav_interfaces/action/detail/navigate__rosidl_typesupport_introspection_cpp.hpp
[0.981s] -- Up-to-date symlink: /home/g1/rokey_c_2_ws/install/nav_interfaces/share/nav_interfaces/environment/pythonpath.sh
[0.981s] -- Up-to-date symlink: /home/g1/rokey_c_2_ws/install/nav_interfaces/share/nav_interfaces/environment/pythonpath.dsv
[0.982s] -- Up-to-date symlink: /home/g1/rokey_c_2_ws/install/nav_interfaces/local/lib/python3.10/dist-packages/nav_interfaces-0.0.0-py3.10.egg-info/PKG-INFO
[0.982s] -- Up-to-date symlink: /home/g1/rokey_c_2_ws/install/nav_interfaces/local/lib/python3.10/dist-packages/nav_interfaces-0.0.0-py3.10.egg-info/SOURCES.txt
[0.982s] -- Up-to-date symlink: /home/g1/rokey_c_2_ws/install/nav_interfaces/local/lib/python3.10/dist-packages/nav_interfaces-0.0.0-py3.10.egg-info/dependency_links.txt
[0.982s] -- Up-to-date symlink: /home/g1/rokey_c_2_ws/install/nav_interfaces/local/lib/python3.10/dist-packages/nav_interfaces-0.0.0-py3.10.egg-info/top_level.txt
[0.983s] -- Up-to-date symlink: /home/g1/rokey_c_2_ws/install/nav_interfaces/local/lib/python3.10/dist-packages/nav_interfaces/__init__.py
[0.984s] -- Up-to-date symlink: /home/g1/rokey_c_2_ws/install/nav_interfaces/local/lib/python3.10/dist-packages/nav_interfaces/_nav_interfaces_s.ep.rosidl_typesupport_c.c
[0.984s] -- Up-to-date symlink: /home/g1/rokey_c_2_ws/install/nav_interfaces/local/lib/python3.10/dist-packages/nav_interfaces/_nav_interfaces_s.ep.rosidl_typesupport_fastrtps_c.c
[0.984s] -- Up-to-date symlink: /home/g1/rokey_c_2_ws/install/nav_interfaces/local/lib/python3.10/dist-packages/nav_interfaces/_nav_interfaces_s.ep.rosidl_typesupport_introspection_c.c
[0.984s] -- Up-to-date symlink: /home/g1/rokey_c_2_ws/install/nav_interfaces/local/lib/python3.10/dist-packages/nav_interfaces/action/__init__.py
[0.985s] -- Up-to-date symlink: /home/g1/rokey_c_2_ws/install/nav_interfaces/local/lib/python3.10/dist-packages/nav_interfaces/action/_navigate.py
[0.985s] -- Up-to-date symlink: /home/g1/rokey_c_2_ws/install/nav_interfaces/local/lib/python3.10/dist-packages/nav_interfaces/action/_navigate_s.c
[0.985s] -- Up-to-date symlink: /home/g1/rokey_c_2_ws/install/nav_interfaces/local/lib/python3.10/dist-packages/nav_interfaces/libnav_interfaces__rosidl_generator_py.so
[0.985s] -- Up-to-date symlink: /home/g1/rokey_c_2_ws/install/nav_interfaces/local/lib/python3.10/dist-packages/nav_interfaces/nav_interfaces_s__rosidl_typesupport_c.cpython-310-x86_64-linux-gnu.so
[0.985s] -- Up-to-date symlink: /home/g1/rokey_c_2_ws/install/nav_interfaces/local/lib/python3.10/dist-packages/nav_interfaces/nav_interfaces_s__rosidl_typesupport_fastrtps_c.cpython-310-x86_64-linux-gnu.so
[0.985s] -- Up-to-date symlink: /home/g1/rokey_c_2_ws/install/nav_interfaces/local/lib/python3.10/dist-packages/nav_interfaces/nav_interfaces_s__rosidl_typesupport_introspection_c.cpython-310-x86_64-linux-gnu.so
[0.986s] -- Up-to-date symlink: /home/g1/rokey_c_2_ws/install/nav_interfaces/local/lib/python3.10/dist-packages/nav_interfaces/nav_interfaces_s__rosidl_typesupport_fastrtps_c.cpython-310-x86_64-linux-gnu.so
[0.986s] -- Up-to-date symlink: /home/g1/rokey_c_2_ws/install/nav_interfaces/local/lib/python3.10/dist-packages/nav_interfaces/nav_interfaces_s__rosidl_typesupport_introspection_c.cpython-310-x86_64-linux-gnu.so
[0.986s] -- Up-to-date symlink: /home/g1/rokey_c_2_ws/install/nav_interfaces/local/lib/python3.10/dist-packages/nav_interfaces/nav_interfaces_s__rosidl_typesupport_c.cpython-310-x86_64-linux-gnu.so
[0.986s] -- Up-to-date symlink: /home/g1/rokey_c_2_ws/install/nav_interfaces/share/nav_interfaces/action/Navigate.idl
[0.989s] -- Up-to-date symlink: /home/g1/rokey_c_2_ws/install/nav_interfaces/share/nav_interfaces/action/Navigate.action
[0.989s] -- Up-to-date symlink: /home/g1/rokey_c_2_ws/install/nav_interfaces/share/ament_index/resource_index/package_run_dependencies/nav_interfaces
[0.989s] -- Up-to-date symlink: /home/g1/rokey_c_2_ws/install/nav_interfaces/share/ament_index/resource_index/parent_prefix_path/nav_interfaces
[0.989s] -- Up-to-date symlink: /home/g1/rokey_c_2_ws/install/nav_interfaces/share/nav_interfaces/environment/ament_prefix_path.sh
[0.989s] -- Up-to-date symlink: /home/g1/rokey_c_2_ws/install/nav_interfaces/share/nav_interfaces/environment/ament_prefix_path.dsv
[0.989s] -- Up-to-date symlink: /home/g1/rokey_c_2_ws/install/nav_interfaces/share/nav_interfaces/environment/path.sh
[0.989s] -- Up-to-date symlink: /home/g1/rokey_c_2_ws/install/nav_interfaces/share/nav_interfaces/environment/path.dsv
[0.990s] -- Up-to-date symlink: /home/g1/rokey_c_2_ws/install/nav_interfaces/share/nav_interfaces/local_setup.bash
[0.990s] -- Up-to-date symlink: /home/g1/rokey_c_2_ws/install/nav_interfaces/share/nav_interfaces/local_setup.sh
[0.990s] -- Up-to-date symlink: /home/g1/rokey_c_2_ws/install/nav_interfaces/share/nav_interfaces/local_setup.zsh
[0.990s] -- Up-to-date symlink: /home/g1/rokey_c_2_ws/install/nav_interfaces/share/nav_interfaces/local_setup.dsv
[0.990s] -- Symlinking: /home/g1/rokey_c_2_ws/install/nav_interfaces/share/nav_interfaces/package.dsv
[0.998s] -- Up-to-date symlink: /home/g1/rokey_c_2_ws/install/nav_interfaces/share/ament_index/resource_index/packages/nav_interfaces
[0.998s] -- Up-to-date symlink: /home/g1/rokey_c_2_ws/install/nav_interfaces/share/nav_interfaces/cmake/rosidl_cmake-extras.cmake
[0.999s] -- Up-to-date symlink: /home/g1/rokey_c_2_ws/install/nav_interfaces/share/nav_interfaces/cmake/ament_cmake_export_dependencies-extras.cmake
[0.999s] -- Up-to-date symlink: /home/g1/rokey_c_2_ws/install/nav_interfaces/share/nav_interfaces/cmake/ament_cmake_export_include_directories-extras.cmake
[0.999s] -- Up-to-date symlink: /home/g1/rokey_c_2_ws/install/nav_interfaces/share/nav_interfaces/cmake/ament_cmake_export_libraries-extras.cmake
[1.001s] -- Up-to-date symlink: /home/g1/rokey_c_2_ws/install/nav_interfaces/share/nav_interfaces/cmake/ament_cmake_export_targets-extras.cmake
[1.001s] -- Up-to-date symlink: /home/g1/rokey_c_2_ws/install/nav_interfaces/share/nav_interfaces/cmake/rosidl_cmake_export_typesupport_targets-extras.cmake
[1.001s] -- Up-to-date symlink: /home/g1/rokey_c_2_ws/install/nav_interfaces/share/nav_interfaces/cmake/rosidl_cmake_export_typesupport_libraries-extras.cmake
[1.001s] -- Up-to-date symlink: /home/g1/rokey_c_2_ws/install/nav_interfaces/share/nav_interfaces/cmake/nav_interfacesConfig.cmake
[1.001s] -- Up-to-date symlink: /home/g1/rokey_c_2_ws/install/nav_interfaces/share/nav_interfaces/cmake/nav_interfacesConfig-version.cmake
[1.002s] -- Up-to-date symlink: /home/g1/rokey_c_2_ws/install/nav_interfaces/share/nav_interfaces/package.xml
[1.002s] -- Up-to-date: /home/g1/rokey_c_2_ws/install/nav_interfaces/lib/libnav_interfaces__rosidl_generator_c.so
[1.002s] -- Up-to-date: /home/g1/rokey_c_2_ws/install/nav_interfaces/lib/libnav_interfaces__rosidl_typesupport_fastrtps_c.so
[1.002s] -- Up-to-date: /home/g1/rokey_c_2_ws/install/nav_interfaces/lib/libnav_interfaces__rosidl_typesupport_introspection_c.so
[1.002s] -- Up-to-date: /home/g1/rokey_c_2_ws/install/nav_interfaces/lib/libnav_interfaces__rosidl_typesupport_c.so
[1.002s] -- Up-to-date: /home/g1/rokey_c_2_ws/install/nav_interfaces/lib/libnav_interfaces__rosidl_typesupport_fastrtps_cpp.so
[1.002s] -- Up-to-date: /home/g1/rokey_c_2_ws/install/nav_interfaces/lib/libnav_interfaces__rosidl_typesupport_introspection_cpp.so
[1.003s] -- Up-to-date: /home/g1/rokey_c_2_ws/install/nav_interfaces/lib/libnav_interfaces__rosidl_typesupport_cpp.so
[1.055s] Listing '/home/g1/rokey_c_2_ws/install/nav_interfaces/local/lib/python3.10/dist-packages/nav_interfaces'...
[1.055s] Listing '/home/g1/rokey_c_2_ws/install/nav_interfaces/local/lib/python3.10/dist-packages/nav_interfaces/action'...
[1.061s] -- Up-to-date: /home/g1/rokey_c_2_ws/install/nav_interfaces/lib/libnav_interfaces__rosidl_generator_py.so
[1.062s] -- Up-to-date: /home/g1/rokey_c_2_ws/install/nav_interfaces/share/nav_interfaces/cmake/export_nav_interfaces__rosidl_generator_cExport.cmake
[1.063s] -- Up-to-date: /home/g1/rokey_c_2_ws/install/nav_interfaces/share/nav_interfaces/cmake/export_nav_interfaces__rosidl_generator_cExport-noconfig.cmake
[1.063s] -- Up-to-date: /home/g1/rokey_c_2_ws/install/nav_interfaces/share/nav_interfaces/cmake/export_nav_interfaces__rosidl_typesupport_fastrtps_cExport.cmake
[1.063s] -- Up-to-date: /home/g1/rokey_c_2_ws/install/nav_interfaces/share/nav_interfaces/cmake/export_nav_interfaces__rosidl_typesupport_fastrtps_cExport-noconfig.cmake
[1.063s] -- Up-to-date: /home/g1/rokey_c_2_ws/install/nav_interfaces/share/nav_interfaces/cmake/nav_interfaces__rosidl_typesupport_introspection_cExport.cmake
[1.063s] -- Up-to-date: /home/g1/rokey_c_2_ws/install/nav_interfaces/share/nav_interfaces/cmake/nav_interfaces__rosidl_typesupport_introspection_cExport-noconfig.cmake
[1.063s] -- Up-to-date: /home/g1/rokey_c_2_ws/install/nav_interfaces/share/nav_interfaces/cmake/nav_interfaces__rosidl_typesupport_cExport.cmake
[1.063s] -- Up-to-date: /home/g1/rokey_c_2_ws/install/nav_interfaces/share/nav_interfaces/cmake/nav_interfaces__rosidl_typesupport_cExport-noconfig.cmake
[1.063s] -- Up-to-date: /home/g1/rokey_c_2_ws/install/nav_interfaces/share/nav_interfaces/cmake/export_nav_interfaces__rosidl_generator_cppExport.cmake
[1.064s] -- Up-to-date: /home/g1/rokey_c_2_ws/install/nav_interfaces/share/nav_interfaces/cmake/export_nav_interfaces__rosidl_typesupport_fastrtps_cppExport.cmake
[1.064s] -- Up-to-date: /home/g1/rokey_c_2_ws/install/nav_interfaces/share/nav_interfaces/cmake/export_nav_interfaces__rosidl_typesupport_fastrtps_cppExport-noconfig.cmake
[1.064s] -- Up-to-date: /home/g1/rokey_c_2_ws/install/nav_interfaces/share/nav_interfaces/cmake/nav_interfaces__rosidl_typesupport_introspection_cppExport.cmake
[1.064s] -- Up-to-date: /home/g1/rokey_c_2_ws/install/nav_interfaces/share/nav_interfaces/cmake/nav_interfaces__rosidl_typesupport_introspection_cppExport-noconfig.cmake
[1.064s] -- Up-to-date: /home/g1/rokey_c_2_ws/install/nav_interfaces/share/nav_interfaces/cmake/nav_interfaces__rosidl_typesupport_cppExport.cmake
[1.064s] -- Up-to-date: /home/g1/rokey_c_2_ws/install/nav_interfaces/share/nav_interfaces/cmake/nav_interfaces__rosidl_typesupport_cppExport-noconfig.cmake
[1.064s] -- Up-to-date: /home/g1/rokey_c_2_ws/install/nav_interfaces/share/nav_interfaces/cmake/export_nav_interfaces__rosidl_generator_pyExport.cmake
[1.064s] -- Up-to-date: /home/g1/rokey_c_2_ws/install/nav_interfaces/share/nav_interfaces/cmake/export_nav_interfaces__rosidl_generator_pyExport-noconfig.cmake
[1.066s] Invoked command in '/home/g1/rokey_c_2_ws/build/nav_interfaces' returned '0': CMAKE_PREFIX_PATH=${CMAKE_PREFIX_PATH}:/home/g1/rokey_c_2_ws/install/turtlebot3_gui:/home/g1/rokey_c_2_ws/install/table_order:/home/g1/rokey_c_2_ws/install/serving_robot:/home/g1/rokey_c_2_ws/install/database:/home/g1/work/turtlebot3_ws/install/turtlebot3_teleop:/home/g1/work/turtlebot3_ws/install/turtlebot3_example:/opt/ros/humble /usr/bin/cmake --install /home/g1/rokey_c_2_ws/build/nav_interfaces
