[0.030s] Invoking command in '/home/aaa/rokey_c_2_ws/build/table_order_interface': CMAKE_PREFIX_PATH=${CMAKE_PREFIX_PATH}:/home/aaa/rokey_c_2_ws/install/table_order:/home/aaa/rokey_c_2_ws/install/serving_robot:/home/aaa/rokey_c_2_ws/install/database:/opt/ros/humble /usr/bin/cmake --build /home/aaa/rokey_c_2_ws/build/table_order_interface -- -j11 -l11
[0.098s] [  9%] Built target table_order_interface__rosidl_generator_c
[0.130s] [ 12%] Built target table_order_interface__cpp
[0.130s] [ 12%] Built target ament_cmake_python_symlink_table_order_interface
[0.159s] [ 22%] Built target table_order_interface__rosidl_typesupport_c
[0.159s] [ 32%] Built target table_order_interface__rosidl_typesupport_introspection_c
[0.159s] [ 41%] Built target table_order_interface__rosidl_typesupport_fastrtps_c
[0.191s] [ 51%] Built target table_order_interface__rosidl_typesupport_cpp
[0.191s] [ 61%] Built target table_order_interface__rosidl_typesupport_fastrtps_cpp
[0.192s] [ 70%] Built target table_order_interface__rosidl_typesupport_introspection_cpp
[0.222s] [ 70%] Built target table_order_interface
[0.254s] [ 74%] Built target table_order_interface__py
[0.284s] [ 80%] Built target table_order_interface__rosidl_generator_py
[0.319s] [ 87%] Built target table_order_interface__rosidl_typesupport_introspection_c__pyext
[0.321s] [ 93%] Built target table_order_interface__rosidl_typesupport_c__pyext
[0.332s] [100%] Built target table_order_interface__rosidl_typesupport_fastrtps_c__pyext
[0.528s] running egg_info
[0.528s] writing table_order_interface.egg-info/PKG-INFO
[0.529s] writing dependency_links to table_order_interface.egg-info/dependency_links.txt
[0.529s] writing top-level names to table_order_interface.egg-info/top_level.txt
[0.530s] reading manifest file 'table_order_interface.egg-info/SOURCES.txt'
[0.531s] writing manifest file 'table_order_interface.egg-info/SOURCES.txt'
[0.566s] [100%] Built target ament_cmake_python_build_table_order_interface_egg
[0.580s] Invoked command in '/home/aaa/rokey_c_2_ws/build/table_order_interface' returned '0': CMAKE_PREFIX_PATH=${CMAKE_PREFIX_PATH}:/home/aaa/rokey_c_2_ws/install/table_order:/home/aaa/rokey_c_2_ws/install/serving_robot:/home/aaa/rokey_c_2_ws/install/database:/opt/ros/humble /usr/bin/cmake --build /home/aaa/rokey_c_2_ws/build/table_order_interface -- -j11 -l11
[0.671s] Invoking command in '/home/aaa/rokey_c_2_ws/build/table_order_interface': CMAKE_PREFIX_PATH=${CMAKE_PREFIX_PATH}:/home/aaa/rokey_c_2_ws/install/table_order:/home/aaa/rokey_c_2_ws/install/serving_robot:/home/aaa/rokey_c_2_ws/install/database:/opt/ros/humble /usr/bin/cmake --install /home/aaa/rokey_c_2_ws/build/table_order_interface
[0.682s] -- Install configuration: ""
[0.683s] -- Execute custom install script
[0.683s] -- Up-to-date symlink: /home/aaa/rokey_c_2_ws/install/table_order_interface/share/ament_index/resource_index/rosidl_interfaces/table_order_interface
[0.684s] -- Up-to-date symlink: /home/aaa/rokey_c_2_ws/install/table_order_interface/include/table_order_interface/table_order_interface/msg/rosidl_generator_c__visibility_control.h
[0.684s] -- Up-to-date symlink: /home/aaa/rokey_c_2_ws/install/table_order_interface/include/table_order_interface/table_order_interface/srv/detail/set_order__functions.h
[0.684s] -- Up-to-date symlink: /home/aaa/rokey_c_2_ws/install/table_order_interface/include/table_order_interface/table_order_interface/srv/detail/set_order__struct.h
[0.684s] -- Up-to-date symlink: /home/aaa/rokey_c_2_ws/install/table_order_interface/include/table_order_interface/table_order_interface/srv/detail/set_order__type_support.h
[0.684s] -- Up-to-date symlink: /home/aaa/rokey_c_2_ws/install/table_order_interface/include/table_order_interface/table_order_interface/srv/set_order.h
[0.685s] -- Up-to-date symlink: /home/aaa/rokey_c_2_ws/install/table_order_interface/share/table_order_interface/environment/library_path.sh
[0.685s] -- Up-to-date symlink: /home/aaa/rokey_c_2_ws/install/table_order_interface/share/table_order_interface/environment/library_path.dsv
[0.685s] -- Up-to-date symlink: /home/aaa/rokey_c_2_ws/install/table_order_interface/include/table_order_interface/table_order_interface/msg/rosidl_typesupport_fastrtps_c__visibility_control.h
[0.685s] -- Up-to-date symlink: /home/aaa/rokey_c_2_ws/install/table_order_interface/include/table_order_interface/table_order_interface/srv/detail/set_order__rosidl_typesupport_fastrtps_c.h
[0.686s] -- Up-to-date symlink: /home/aaa/rokey_c_2_ws/install/table_order_interface/include/table_order_interface/table_order_interface/srv/detail/set_order__builder.hpp
[0.686s] -- Up-to-date symlink: /home/aaa/rokey_c_2_ws/install/table_order_interface/include/table_order_interface/table_order_interface/srv/detail/set_order__struct.hpp
[0.686s] -- Up-to-date symlink: /home/aaa/rokey_c_2_ws/install/table_order_interface/include/table_order_interface/table_order_interface/srv/detail/set_order__traits.hpp
[0.686s] -- Up-to-date symlink: /home/aaa/rokey_c_2_ws/install/table_order_interface/include/table_order_interface/table_order_interface/srv/set_order.hpp
[0.686s] -- Up-to-date symlink: /home/aaa/rokey_c_2_ws/install/table_order_interface/include/table_order_interface/table_order_interface/msg/rosidl_typesupport_fastrtps_cpp__visibility_control.h
[0.687s] -- Up-to-date symlink: /home/aaa/rokey_c_2_ws/install/table_order_interface/include/table_order_interface/table_order_interface/srv/detail/set_order__rosidl_typesupport_fastrtps_cpp.hpp
[0.687s] -- Up-to-date symlink: /home/aaa/rokey_c_2_ws/install/table_order_interface/include/table_order_interface/table_order_interface/msg/rosidl_typesupport_introspection_c__visibility_control.h
[0.687s] -- Up-to-date symlink: /home/aaa/rokey_c_2_ws/install/table_order_interface/include/table_order_interface/table_order_interface/srv/detail/set_order__rosidl_typesupport_introspection_c.h
[0.687s] -- Up-to-date symlink: /home/aaa/rokey_c_2_ws/install/table_order_interface/include/table_order_interface/table_order_interface/srv/detail/set_order__rosidl_typesupport_introspection_cpp.hpp
[0.687s] -- Up-to-date symlink: /home/aaa/rokey_c_2_ws/install/table_order_interface/share/table_order_interface/environment/pythonpath.sh
[0.687s] -- Up-to-date symlink: /home/aaa/rokey_c_2_ws/install/table_order_interface/share/table_order_interface/environment/pythonpath.dsv
[0.688s] -- Up-to-date symlink: /home/aaa/rokey_c_2_ws/install/table_order_interface/local/lib/python3.10/dist-packages/table_order_interface-0.0.0-py3.10.egg-info/PKG-INFO
[0.688s] -- Up-to-date symlink: /home/aaa/rokey_c_2_ws/install/table_order_interface/local/lib/python3.10/dist-packages/table_order_interface-0.0.0-py3.10.egg-info/SOURCES.txt
[0.688s] -- Up-to-date symlink: /home/aaa/rokey_c_2_ws/install/table_order_interface/local/lib/python3.10/dist-packages/table_order_interface-0.0.0-py3.10.egg-info/dependency_links.txt
[0.689s] -- Up-to-date symlink: /home/aaa/rokey_c_2_ws/install/table_order_interface/local/lib/python3.10/dist-packages/table_order_interface-0.0.0-py3.10.egg-info/top_level.txt
[0.689s] -- Up-to-date symlink: /home/aaa/rokey_c_2_ws/install/table_order_interface/local/lib/python3.10/dist-packages/table_order_interface/__init__.py
[0.690s] -- Up-to-date symlink: /home/aaa/rokey_c_2_ws/install/table_order_interface/local/lib/python3.10/dist-packages/table_order_interface/_table_order_interface_s.ep.rosidl_typesupport_c.c
[0.690s] -- Up-to-date symlink: /home/aaa/rokey_c_2_ws/install/table_order_interface/local/lib/python3.10/dist-packages/table_order_interface/_table_order_interface_s.ep.rosidl_typesupport_fastrtps_c.c
[0.690s] -- Up-to-date symlink: /home/aaa/rokey_c_2_ws/install/table_order_interface/local/lib/python3.10/dist-packages/table_order_interface/_table_order_interface_s.ep.rosidl_typesupport_introspection_c.c
[0.690s] -- Up-to-date symlink: /home/aaa/rokey_c_2_ws/install/table_order_interface/local/lib/python3.10/dist-packages/table_order_interface/libtable_order_interface__rosidl_generator_py.so
[0.690s] -- Up-to-date symlink: /home/aaa/rokey_c_2_ws/install/table_order_interface/local/lib/python3.10/dist-packages/table_order_interface/srv/__init__.py
[0.691s] -- Up-to-date symlink: /home/aaa/rokey_c_2_ws/install/table_order_interface/local/lib/python3.10/dist-packages/table_order_interface/srv/_set_order.py
[0.691s] -- Up-to-date symlink: /home/aaa/rokey_c_2_ws/install/table_order_interface/local/lib/python3.10/dist-packages/table_order_interface/srv/_set_order_s.c
[0.691s] -- Up-to-date symlink: /home/aaa/rokey_c_2_ws/install/table_order_interface/local/lib/python3.10/dist-packages/table_order_interface/table_order_interface_s__rosidl_typesupport_c.cpython-310-x86_64-linux-gnu.so
[0.691s] -- Up-to-date symlink: /home/aaa/rokey_c_2_ws/install/table_order_interface/local/lib/python3.10/dist-packages/table_order_interface/table_order_interface_s__rosidl_typesupport_fastrtps_c.cpython-310-x86_64-linux-gnu.so
[0.692s] -- Up-to-date symlink: /home/aaa/rokey_c_2_ws/install/table_order_interface/local/lib/python3.10/dist-packages/table_order_interface/table_order_interface_s__rosidl_typesupport_introspection_c.cpython-310-x86_64-linux-gnu.so
[0.692s] -- Up-to-date symlink: /home/aaa/rokey_c_2_ws/install/table_order_interface/local/lib/python3.10/dist-packages/table_order_interface/table_order_interface_s__rosidl_typesupport_fastrtps_c.cpython-310-x86_64-linux-gnu.so
[0.692s] -- Up-to-date symlink: /home/aaa/rokey_c_2_ws/install/table_order_interface/local/lib/python3.10/dist-packages/table_order_interface/table_order_interface_s__rosidl_typesupport_introspection_c.cpython-310-x86_64-linux-gnu.so
[0.693s] -- Up-to-date symlink: /home/aaa/rokey_c_2_ws/install/table_order_interface/local/lib/python3.10/dist-packages/table_order_interface/table_order_interface_s__rosidl_typesupport_c.cpython-310-x86_64-linux-gnu.so
[0.693s] -- Up-to-date symlink: /home/aaa/rokey_c_2_ws/install/table_order_interface/share/table_order_interface/srv/SetOrder.idl
[0.693s] -- Up-to-date symlink: /home/aaa/rokey_c_2_ws/install/table_order_interface/share/table_order_interface/srv/SetOrder.srv
[0.693s] -- Up-to-date symlink: /home/aaa/rokey_c_2_ws/install/table_order_interface/share/table_order_interface/srv/SetOrder_Request.msg
[0.694s] -- Up-to-date symlink: /home/aaa/rokey_c_2_ws/install/table_order_interface/share/table_order_interface/srv/SetOrder_Response.msg
[0.694s] -- Up-to-date symlink: /home/aaa/rokey_c_2_ws/install/table_order_interface/share/ament_index/resource_index/package_run_dependencies/table_order_interface
[0.694s] -- Up-to-date symlink: /home/aaa/rokey_c_2_ws/install/table_order_interface/share/ament_index/resource_index/parent_prefix_path/table_order_interface
[0.694s] -- Up-to-date symlink: /home/aaa/rokey_c_2_ws/install/table_order_interface/share/table_order_interface/environment/ament_prefix_path.sh
[0.695s] -- Up-to-date symlink: /home/aaa/rokey_c_2_ws/install/table_order_interface/share/table_order_interface/environment/ament_prefix_path.dsv
[0.696s] -- Up-to-date symlink: /home/aaa/rokey_c_2_ws/install/table_order_interface/share/table_order_interface/environment/path.sh
[0.696s] -- Up-to-date symlink: /home/aaa/rokey_c_2_ws/install/table_order_interface/share/table_order_interface/environment/path.dsv
[0.696s] -- Up-to-date symlink: /home/aaa/rokey_c_2_ws/install/table_order_interface/share/table_order_interface/local_setup.bash
[0.696s] -- Up-to-date symlink: /home/aaa/rokey_c_2_ws/install/table_order_interface/share/table_order_interface/local_setup.sh
[0.696s] -- Up-to-date symlink: /home/aaa/rokey_c_2_ws/install/table_order_interface/share/table_order_interface/local_setup.zsh
[0.696s] -- Up-to-date symlink: /home/aaa/rokey_c_2_ws/install/table_order_interface/share/table_order_interface/local_setup.dsv
[0.696s] -- Symlinking: /home/aaa/rokey_c_2_ws/install/table_order_interface/share/table_order_interface/package.dsv
[0.707s] -- Up-to-date symlink: /home/aaa/rokey_c_2_ws/install/table_order_interface/share/ament_index/resource_index/packages/table_order_interface
[0.708s] -- Up-to-date symlink: /home/aaa/rokey_c_2_ws/install/table_order_interface/share/table_order_interface/cmake/rosidl_cmake-extras.cmake
[0.708s] -- Up-to-date symlink: /home/aaa/rokey_c_2_ws/install/table_order_interface/share/table_order_interface/cmake/ament_cmake_export_dependencies-extras.cmake
[0.708s] -- Up-to-date symlink: /home/aaa/rokey_c_2_ws/install/table_order_interface/share/table_order_interface/cmake/ament_cmake_export_include_directories-extras.cmake
[0.708s] -- Up-to-date symlink: /home/aaa/rokey_c_2_ws/install/table_order_interface/share/table_order_interface/cmake/ament_cmake_export_libraries-extras.cmake
[0.709s] -- Up-to-date symlink: /home/aaa/rokey_c_2_ws/install/table_order_interface/share/table_order_interface/cmake/ament_cmake_export_targets-extras.cmake
[0.709s] -- Up-to-date symlink: /home/aaa/rokey_c_2_ws/install/table_order_interface/share/table_order_interface/cmake/rosidl_cmake_export_typesupport_targets-extras.cmake
[0.710s] -- Up-to-date symlink: /home/aaa/rokey_c_2_ws/install/table_order_interface/share/table_order_interface/cmake/rosidl_cmake_export_typesupport_libraries-extras.cmake
[0.710s] -- Up-to-date symlink: /home/aaa/rokey_c_2_ws/install/table_order_interface/share/table_order_interface/cmake/table_order_interfaceConfig.cmake
[0.710s] -- Up-to-date symlink: /home/aaa/rokey_c_2_ws/install/table_order_interface/share/table_order_interface/cmake/table_order_interfaceConfig-version.cmake
[0.711s] -- Up-to-date symlink: /home/aaa/rokey_c_2_ws/install/table_order_interface/share/table_order_interface/package.xml
[0.711s] -- Up-to-date: /home/aaa/rokey_c_2_ws/install/table_order_interface/lib/libtable_order_interface__rosidl_generator_c.so
[0.711s] -- Up-to-date: /home/aaa/rokey_c_2_ws/install/table_order_interface/lib/libtable_order_interface__rosidl_typesupport_fastrtps_c.so
[0.711s] -- Up-to-date: /home/aaa/rokey_c_2_ws/install/table_order_interface/lib/libtable_order_interface__rosidl_typesupport_fastrtps_cpp.so
[0.711s] -- Up-to-date: /home/aaa/rokey_c_2_ws/install/table_order_interface/lib/libtable_order_interface__rosidl_typesupport_introspection_c.so
[0.711s] -- Up-to-date: /home/aaa/rokey_c_2_ws/install/table_order_interface/lib/libtable_order_interface__rosidl_typesupport_c.so
[0.711s] -- Up-to-date: /home/aaa/rokey_c_2_ws/install/table_order_interface/lib/libtable_order_interface__rosidl_typesupport_introspection_cpp.so
[0.712s] -- Up-to-date: /home/aaa/rokey_c_2_ws/install/table_order_interface/lib/libtable_order_interface__rosidl_typesupport_cpp.so
[0.757s] Listing '/home/aaa/rokey_c_2_ws/install/table_order_interface/local/lib/python3.10/dist-packages/table_order_interface'...
[0.757s] Listing '/home/aaa/rokey_c_2_ws/install/table_order_interface/local/lib/python3.10/dist-packages/table_order_interface/srv'...
[0.762s] -- Up-to-date: /home/aaa/rokey_c_2_ws/install/table_order_interface/lib/libtable_order_interface__rosidl_generator_py.so
[0.762s] -- Up-to-date: /home/aaa/rokey_c_2_ws/install/table_order_interface/share/table_order_interface/cmake/export_table_order_interface__rosidl_generator_cExport.cmake
[0.762s] -- Up-to-date: /home/aaa/rokey_c_2_ws/install/table_order_interface/share/table_order_interface/cmake/export_table_order_interface__rosidl_generator_cExport-noconfig.cmake
[0.762s] -- Up-to-date: /home/aaa/rokey_c_2_ws/install/table_order_interface/share/table_order_interface/cmake/export_table_order_interface__rosidl_typesupport_fastrtps_cExport.cmake
[0.762s] -- Up-to-date: /home/aaa/rokey_c_2_ws/install/table_order_interface/share/table_order_interface/cmake/export_table_order_interface__rosidl_typesupport_fastrtps_cExport-noconfig.cmake
[0.762s] -- Up-to-date: /home/aaa/rokey_c_2_ws/install/table_order_interface/share/table_order_interface/cmake/export_table_order_interface__rosidl_generator_cppExport.cmake
[0.762s] -- Up-to-date: /home/aaa/rokey_c_2_ws/install/table_order_interface/share/table_order_interface/cmake/export_table_order_interface__rosidl_typesupport_fastrtps_cppExport.cmake
[0.762s] -- Up-to-date: /home/aaa/rokey_c_2_ws/install/table_order_interface/share/table_order_interface/cmake/export_table_order_interface__rosidl_typesupport_fastrtps_cppExport-noconfig.cmake
[0.762s] -- Up-to-date: /home/aaa/rokey_c_2_ws/install/table_order_interface/share/table_order_interface/cmake/table_order_interface__rosidl_typesupport_introspection_cExport.cmake
[0.762s] -- Up-to-date: /home/aaa/rokey_c_2_ws/install/table_order_interface/share/table_order_interface/cmake/table_order_interface__rosidl_typesupport_introspection_cExport-noconfig.cmake
[0.762s] -- Up-to-date: /home/aaa/rokey_c_2_ws/install/table_order_interface/share/table_order_interface/cmake/table_order_interface__rosidl_typesupport_cExport.cmake
[0.763s] -- Up-to-date: /home/aaa/rokey_c_2_ws/install/table_order_interface/share/table_order_interface/cmake/table_order_interface__rosidl_typesupport_cExport-noconfig.cmake
[0.763s] -- Up-to-date: /home/aaa/rokey_c_2_ws/install/table_order_interface/share/table_order_interface/cmake/table_order_interface__rosidl_typesupport_introspection_cppExport.cmake
[0.763s] -- Up-to-date: /home/aaa/rokey_c_2_ws/install/table_order_interface/share/table_order_interface/cmake/table_order_interface__rosidl_typesupport_introspection_cppExport-noconfig.cmake
[0.763s] -- Up-to-date: /home/aaa/rokey_c_2_ws/install/table_order_interface/share/table_order_interface/cmake/table_order_interface__rosidl_typesupport_cppExport.cmake
[0.763s] -- Up-to-date: /home/aaa/rokey_c_2_ws/install/table_order_interface/share/table_order_interface/cmake/table_order_interface__rosidl_typesupport_cppExport-noconfig.cmake
[0.763s] -- Up-to-date: /home/aaa/rokey_c_2_ws/install/table_order_interface/share/table_order_interface/cmake/export_table_order_interface__rosidl_generator_pyExport.cmake
[0.763s] -- Up-to-date: /home/aaa/rokey_c_2_ws/install/table_order_interface/share/table_order_interface/cmake/export_table_order_interface__rosidl_generator_pyExport-noconfig.cmake
[0.765s] Invoked command in '/home/aaa/rokey_c_2_ws/build/table_order_interface' returned '0': CMAKE_PREFIX_PATH=${CMAKE_PREFIX_PATH}:/home/aaa/rokey_c_2_ws/install/table_order:/home/aaa/rokey_c_2_ws/install/serving_robot:/home/aaa/rokey_c_2_ws/install/database:/opt/ros/humble /usr/bin/cmake --install /home/aaa/rokey_c_2_ws/build/table_order_interface
