[0.659s] Invoking command in '/home/psb/rokey_c_2_ws/src/c2_turtle_order_package': PYTHONPATH=/home/psb/rokey_c_2_ws/build/c2_turtle_order_package/prefix_override:/usr/lib/python3/dist-packages/colcon_core/task/python/colcon_distutils_commands:/home/psb/rokey_c_2_ws/install/c2_turtle_order_package/lib/python3.10/site-packages:${PYTHONPATH} /usr/bin/python3 -W ignore:setup.py install is deprecated setup.py egg_info --egg-base ../../build/c2_turtle_order_package build --build-base /home/psb/rokey_c_2_ws/build/c2_turtle_order_package/build install --record /home/psb/rokey_c_2_ws/build/c2_turtle_order_package/install.log --single-version-externally-managed install_data
[0.935s] running egg_info
[0.936s] creating ../../build/c2_turtle_order_package/c2_turtle_order_package.egg-info
[0.936s] writing ../../build/c2_turtle_order_package/c2_turtle_order_package.egg-info/PKG-INFO
[0.936s] writing dependency_links to ../../build/c2_turtle_order_package/c2_turtle_order_package.egg-info/dependency_links.txt
[0.937s] writing entry points to ../../build/c2_turtle_order_package/c2_turtle_order_package.egg-info/entry_points.txt
[0.937s] writing requirements to ../../build/c2_turtle_order_package/c2_turtle_order_package.egg-info/requires.txt
[0.937s] writing top-level names to ../../build/c2_turtle_order_package/c2_turtle_order_package.egg-info/top_level.txt
[0.937s] writing manifest file '../../build/c2_turtle_order_package/c2_turtle_order_package.egg-info/SOURCES.txt'
[0.938s] reading manifest file '../../build/c2_turtle_order_package/c2_turtle_order_package.egg-info/SOURCES.txt'
[0.939s] writing manifest file '../../build/c2_turtle_order_package/c2_turtle_order_package.egg-info/SOURCES.txt'
[0.939s] running build
[0.939s] running build_py
[0.939s] creating /home/psb/rokey_c_2_ws/build/c2_turtle_order_package/build
[0.939s] creating /home/psb/rokey_c_2_ws/build/c2_turtle_order_package/build/lib
[0.939s] creating /home/psb/rokey_c_2_ws/build/c2_turtle_order_package/build/lib/c2_turtle_order_package
[0.939s] copying c2_turtle_order_package/__init__.py -> /home/psb/rokey_c_2_ws/build/c2_turtle_order_package/build/lib/c2_turtle_order_package
[0.940s] copying c2_turtle_order_package/order_client_ver2.py -> /home/psb/rokey_c_2_ws/build/c2_turtle_order_package/build/lib/c2_turtle_order_package
[0.940s] copying c2_turtle_order_package/order_saver_ver2.py -> /home/psb/rokey_c_2_ws/build/c2_turtle_order_package/build/lib/c2_turtle_order_package
[0.940s] copying c2_turtle_order_package/order_client.py -> /home/psb/rokey_c_2_ws/build/c2_turtle_order_package/build/lib/c2_turtle_order_package
[0.940s] copying c2_turtle_order_package/test.py -> /home/psb/rokey_c_2_ws/build/c2_turtle_order_package/build/lib/c2_turtle_order_package
[0.940s] copying c2_turtle_order_package/total_sales_client.py -> /home/psb/rokey_c_2_ws/build/c2_turtle_order_package/build/lib/c2_turtle_order_package
[0.940s] copying c2_turtle_order_package/order_saver.py -> /home/psb/rokey_c_2_ws/build/c2_turtle_order_package/build/lib/c2_turtle_order_package
[0.940s] running install
[0.940s] running install_lib
[0.941s] creating /home/psb/rokey_c_2_ws/install/c2_turtle_order_package/lib/python3.10/site-packages/c2_turtle_order_package
[0.941s] copying /home/psb/rokey_c_2_ws/build/c2_turtle_order_package/build/lib/c2_turtle_order_package/__init__.py -> /home/psb/rokey_c_2_ws/install/c2_turtle_order_package/lib/python3.10/site-packages/c2_turtle_order_package
[0.941s] copying /home/psb/rokey_c_2_ws/build/c2_turtle_order_package/build/lib/c2_turtle_order_package/order_client_ver2.py -> /home/psb/rokey_c_2_ws/install/c2_turtle_order_package/lib/python3.10/site-packages/c2_turtle_order_package
[0.941s] copying /home/psb/rokey_c_2_ws/build/c2_turtle_order_package/build/lib/c2_turtle_order_package/order_saver_ver2.py -> /home/psb/rokey_c_2_ws/install/c2_turtle_order_package/lib/python3.10/site-packages/c2_turtle_order_package
[0.941s] copying /home/psb/rokey_c_2_ws/build/c2_turtle_order_package/build/lib/c2_turtle_order_package/order_client.py -> /home/psb/rokey_c_2_ws/install/c2_turtle_order_package/lib/python3.10/site-packages/c2_turtle_order_package
[0.941s] copying /home/psb/rokey_c_2_ws/build/c2_turtle_order_package/build/lib/c2_turtle_order_package/test.py -> /home/psb/rokey_c_2_ws/install/c2_turtle_order_package/lib/python3.10/site-packages/c2_turtle_order_package
[0.941s] copying /home/psb/rokey_c_2_ws/build/c2_turtle_order_package/build/lib/c2_turtle_order_package/total_sales_client.py -> /home/psb/rokey_c_2_ws/install/c2_turtle_order_package/lib/python3.10/site-packages/c2_turtle_order_package
[0.941s] copying /home/psb/rokey_c_2_ws/build/c2_turtle_order_package/build/lib/c2_turtle_order_package/order_saver.py -> /home/psb/rokey_c_2_ws/install/c2_turtle_order_package/lib/python3.10/site-packages/c2_turtle_order_package
[0.942s] byte-compiling /home/psb/rokey_c_2_ws/install/c2_turtle_order_package/lib/python3.10/site-packages/c2_turtle_order_package/__init__.py to __init__.cpython-310.pyc
[0.942s] byte-compiling /home/psb/rokey_c_2_ws/install/c2_turtle_order_package/lib/python3.10/site-packages/c2_turtle_order_package/order_client_ver2.py to order_client_ver2.cpython-310.pyc
[0.943s] byte-compiling /home/psb/rokey_c_2_ws/install/c2_turtle_order_package/lib/python3.10/site-packages/c2_turtle_order_package/order_saver_ver2.py to order_saver_ver2.cpython-310.pyc
[0.943s] byte-compiling /home/psb/rokey_c_2_ws/install/c2_turtle_order_package/lib/python3.10/site-packages/c2_turtle_order_package/order_client.py to order_client.cpython-310.pyc
[0.944s] byte-compiling /home/psb/rokey_c_2_ws/install/c2_turtle_order_package/lib/python3.10/site-packages/c2_turtle_order_package/test.py to test.cpython-310.pyc
[0.944s] byte-compiling /home/psb/rokey_c_2_ws/install/c2_turtle_order_package/lib/python3.10/site-packages/c2_turtle_order_package/total_sales_client.py to total_sales_client.cpython-310.pyc
[0.944s] byte-compiling /home/psb/rokey_c_2_ws/install/c2_turtle_order_package/lib/python3.10/site-packages/c2_turtle_order_package/order_saver.py to order_saver.cpython-310.pyc
[0.945s] running install_data
[0.945s] creating /home/psb/rokey_c_2_ws/install/c2_turtle_order_package/share/ament_index
[0.945s] creating /home/psb/rokey_c_2_ws/install/c2_turtle_order_package/share/ament_index/resource_index
[0.945s] creating /home/psb/rokey_c_2_ws/install/c2_turtle_order_package/share/ament_index/resource_index/packages
[0.945s] copying resource/c2_turtle_order_package -> /home/psb/rokey_c_2_ws/install/c2_turtle_order_package/share/ament_index/resource_index/packages
[0.945s] copying package.xml -> /home/psb/rokey_c_2_ws/install/c2_turtle_order_package/share/c2_turtle_order_package
[0.945s] running install_egg_info
[0.947s] Copying ../../build/c2_turtle_order_package/c2_turtle_order_package.egg-info to /home/psb/rokey_c_2_ws/install/c2_turtle_order_package/lib/python3.10/site-packages/c2_turtle_order_package-0.0.0-py3.10.egg-info
[0.948s] running install_scripts
[0.965s] Installing order_client script to /home/psb/rokey_c_2_ws/install/c2_turtle_order_package/lib/c2_turtle_order_package
[0.965s] Installing order_saver script to /home/psb/rokey_c_2_ws/install/c2_turtle_order_package/lib/c2_turtle_order_package
[0.966s] Installing total_sales_client script to /home/psb/rokey_c_2_ws/install/c2_turtle_order_package/lib/c2_turtle_order_package
[0.966s] writing list of installed files to '/home/psb/rokey_c_2_ws/build/c2_turtle_order_package/install.log'
