[0.018s] Invoking command in '/home/g1/rokey_c2_ws/build/c2_turtle_interface': CMAKE_PREFIX_PATH=${CMAKE_PREFIX_PATH}:/home/g1/rokey_c2_ws/install/jiwon:/home/g1/rokey_c2_ws/install/c2_turtle_order_package:/opt/ros/humble /usr/bin/cmake /home/g1/rokey_c2_ws/src/c2_turtle_interface -DAMENT_CMAKE_SYMLINK_INSTALL=1 -DCMAKE_INSTALL_PREFIX=/home/g1/rokey_c2_ws/install/c2_turtle_interface
[0.366s] [33mCMake Warning (dev) at CMakeLists.txt:12:
[0.366s]   Syntax Warning in cmake code at column 18
[0.366s] 
[0.366s]   Argument not separated from preceding token by whitespace.
[0.366s] This warning is for project developers.  Use -Wno-dev to suppress it.
[0.366s] [0m
[0.366s] -- The C compiler identification is GNU 11.4.0
[0.367s] -- The CXX compiler identification is GNU 11.4.0
[0.367s] -- Detecting C compiler ABI info
[0.367s] -- Detecting C compiler ABI info - done
[0.367s] -- Check for working C compiler: /usr/bin/cc - skipped
[0.367s] -- Detecting C compile features
[0.367s] -- Detecting C compile features - done
[0.367s] -- Detecting CXX compiler ABI info
[0.367s] -- Detecting CXX compiler ABI info - done
[0.367s] -- Check for working CXX compiler: /usr/bin/c++ - skipped
[0.367s] -- Detecting CXX compile features
[0.367s] -- Detecting CXX compile features - done
[0.367s] -- Found ament_cmake: 1.3.10 (/opt/ros/humble/share/ament_cmake/cmake)
[0.416s] -- Found Python3: /usr/bin/python3 (found version "3.10.12") found components: Interpreter 
[0.474s] -- Override CMake install command with custom implementation using symlinks instead of copying resources
[0.498s] -- Found rosidl_default_generators: 1.2.0 (/opt/ros/humble/share/rosidl_default_generators/cmake)
[0.500s] -- Using all available rosidl_typesupport_c: rosidl_typesupport_fastrtps_c;rosidl_typesupport_introspection_c
[0.506s] -- Found rosidl_adapter: 3.1.5 (/opt/ros/humble/share/rosidl_adapter/cmake)
[0.544s] -- Using all available rosidl_typesupport_cpp: rosidl_typesupport_fastrtps_cpp;rosidl_typesupport_introspection_cpp
[0.574s] [31mCMake Error at /opt/ros/humble/share/rosidl_cmake/cmake/rosidl_generate_interfaces.cmake:93 (message):
[0.574s]   rosidl_generate_interfaces() the passed file ',' doesn't exist relative to
[0.574s]   the CMAKE_CURRENT_SOURCE_DIR '/home/g1/rokey_c2_ws/src/c2_turtle_interface'
[0.574s] Call Stack (most recent call first):
[0.574s]   CMakeLists.txt:11 (rosidl_generate_interfaces)
[0.574s] 
[0.574s] [0m
[0.574s] -- Configuring incomplete, errors occurred!
[0.574s] See also "/home/g1/rokey_c2_ws/build/c2_turtle_interface/CMakeFiles/CMakeOutput.log".
[0.671s] Invoked command in '/home/g1/rokey_c2_ws/build/c2_turtle_interface' returned '1': CMAKE_PREFIX_PATH=${CMAKE_PREFIX_PATH}:/home/g1/rokey_c2_ws/install/jiwon:/home/g1/rokey_c2_ws/install/c2_turtle_order_package:/opt/ros/humble /usr/bin/cmake /home/g1/rokey_c2_ws/src/c2_turtle_interface -DAMENT_CMAKE_SYMLINK_INSTALL=1 -DCMAKE_INSTALL_PREFIX=/home/g1/rokey_c2_ws/install/c2_turtle_interface
