[  9%] Built target table_order_interface__rosidl_generator_c
[ 12%] Built target table_order_interface__cpp
[ 12%] Built target ament_cmake_python_symlink_table_order_interface
[ 22%] Built target table_order_interface__rosidl_typesupport_c
[ 32%] Built target table_order_interface__rosidl_typesupport_introspection_c
[ 41%] Built target table_order_interface__rosidl_typesupport_introspection_cpp
[ 61%] Built target table_order_interface__rosidl_typesupport_fastrtps_cpp
[ 61%] Built target table_order_interface__rosidl_typesupport_fastrtps_c
[ 70%] Built target table_order_interface__rosidl_typesupport_cpp
[ 70%] Built target table_order_interface
[ 74%] Built target table_order_interface__py
[ 80%] Built target table_order_interface__rosidl_generator_py
[ 87%] Built target table_order_interface__rosidl_typesupport_fastrtps_c__pyext
[ 93%] Built target table_order_interface__rosidl_typesupport_c__pyext
[100%] Built target table_order_interface__rosidl_typesupport_introspection_c__pyext
running egg_info
writing table_order_interface.egg-info/PKG-INFO
writing dependency_links to table_order_interface.egg-info/dependency_links.txt
writing top-level names to table_order_interface.egg-info/top_level.txt
reading manifest file 'table_order_interface.egg-info/SOURCES.txt'
writing manifest file 'table_order_interface.egg-info/SOURCES.txt'
[100%] Built target ament_cmake_python_build_table_order_interface_egg
