[0.038s] Invoking command in '/home/g1/rokey_c_2_ws/build/serving_robot_msgs': CMAKE_PREFIX_PATH=${CMAKE_PREFIX_PATH}:/home/g1/rokey_c_2_ws/install/turtlebot3_gui:/home/g1/rokey_c_2_ws/install/table_order:/home/g1/rokey_c_2_ws/install/serving_robot:/home/g1/rokey_c_2_ws/install/database:/home/g1/work/turtlebot3_ws/install/turtlebot3_teleop:/home/g1/work/turtlebot3_ws/install/turtlebot3_example:/opt/ros/humble /usr/bin/cmake --build /home/g1/rokey_c_2_ws/build/serving_robot_msgs -- -j8 -l8
[0.624s] [  1%] Built target serving_robot_msgs__cpp
[0.625s] [ 12%] Built target serving_robot_msgs__rosidl_generator_c
[0.625s] [ 12%] Built target ament_cmake_python_symlink_serving_robot_msgs
[0.625s] [ 23%] Built target serving_robot_msgs__rosidl_typesupport_cpp
[0.625s] [ 34%] Built target serving_robot_msgs__rosidl_typesupport_introspection_cpp
[0.625s] [ 45%] Built target serving_robot_msgs__rosidl_typesupport_introspection_c
[0.626s] [ 56%] Built target serving_robot_msgs__rosidl_typesupport_fastrtps_c
[0.626s] [ 67%] Built target serving_robot_msgs__rosidl_typesupport_fastrtps_cpp
[0.626s] [ 78%] Built target serving_robot_msgs__rosidl_typesupport_c
[0.626s] [ 78%] Built target serving_robot_msgs
[0.626s] [ 80%] Built target serving_robot_msgs__py
[0.626s] [ 89%] Built target serving_robot_msgs__rosidl_generator_py
[0.626s] [ 94%] Built target serving_robot_msgs__rosidl_typesupport_introspection_c__pyext
[0.626s] [ 96%] Built target serving_robot_msgs__rosidl_typesupport_c__pyext
[0.626s] [100%] Built target serving_robot_msgs__rosidl_typesupport_fastrtps_c__pyext
[0.633s] running egg_info
[0.634s] writing serving_robot_msgs.egg-info/PKG-INFO
[0.634s] writing dependency_links to serving_robot_msgs.egg-info/dependency_links.txt
[0.634s] writing top-level names to serving_robot_msgs.egg-info/top_level.txt
[0.638s] reading manifest file 'serving_robot_msgs.egg-info/SOURCES.txt'
[0.639s] writing manifest file 'serving_robot_msgs.egg-info/SOURCES.txt'
[0.681s] [100%] Built target ament_cmake_python_build_serving_robot_msgs_egg
[1.173s] Invoked command in '/home/g1/rokey_c_2_ws/build/serving_robot_msgs' returned '0': CMAKE_PREFIX_PATH=${CMAKE_PREFIX_PATH}:/home/g1/rokey_c_2_ws/install/turtlebot3_gui:/home/g1/rokey_c_2_ws/install/table_order:/home/g1/rokey_c_2_ws/install/serving_robot:/home/g1/rokey_c_2_ws/install/database:/home/g1/work/turtlebot3_ws/install/turtlebot3_teleop:/home/g1/work/turtlebot3_ws/install/turtlebot3_example:/opt/ros/humble /usr/bin/cmake --build /home/g1/rokey_c_2_ws/build/serving_robot_msgs -- -j8 -l8
[1.424s] Invoking command in '/home/g1/rokey_c_2_ws/build/serving_robot_msgs': CMAKE_PREFIX_PATH=${CMAKE_PREFIX_PATH}:/home/g1/rokey_c_2_ws/install/turtlebot3_gui:/home/g1/rokey_c_2_ws/install/table_order:/home/g1/rokey_c_2_ws/install/serving_robot:/home/g1/rokey_c_2_ws/install/database:/home/g1/work/turtlebot3_ws/install/turtlebot3_teleop:/home/g1/work/turtlebot3_ws/install/turtlebot3_example:/opt/ros/humble /usr/bin/cmake --install /home/g1/rokey_c_2_ws/build/serving_robot_msgs
[1.437s] -- Install configuration: ""
[1.438s] -- Execute custom install script
[1.438s] -- Up-to-date symlink: /home/g1/rokey_c_2_ws/install/serving_robot_msgs/share/ament_index/resource_index/rosidl_interfaces/serving_robot_msgs
[1.442s] -- Up-to-date symlink: /home/g1/rokey_c_2_ws/install/serving_robot_msgs/include/serving_robot_msgs/serving_robot_msgs/action/c2_r.h
[1.442s] -- Up-to-date symlink: /home/g1/rokey_c_2_ws/install/serving_robot_msgs/include/serving_robot_msgs/serving_robot_msgs/action/detail/c2_r__functions.h
[1.443s] -- Up-to-date symlink: /home/g1/rokey_c_2_ws/install/serving_robot_msgs/include/serving_robot_msgs/serving_robot_msgs/action/detail/c2_r__struct.h
[1.443s] -- Up-to-date symlink: /home/g1/rokey_c_2_ws/install/serving_robot_msgs/include/serving_robot_msgs/serving_robot_msgs/action/detail/c2_r__type_support.h
[1.443s] -- Up-to-date symlink: /home/g1/rokey_c_2_ws/install/serving_robot_msgs/include/serving_robot_msgs/serving_robot_msgs/msg/detail/robot_state__functions.h
[1.443s] -- Up-to-date symlink: /home/g1/rokey_c_2_ws/install/serving_robot_msgs/include/serving_robot_msgs/serving_robot_msgs/msg/detail/robot_state__struct.h
[1.443s] -- Up-to-date symlink: /home/g1/rokey_c_2_ws/install/serving_robot_msgs/include/serving_robot_msgs/serving_robot_msgs/msg/detail/robot_state__type_support.h
[1.448s] -- Up-to-date symlink: /home/g1/rokey_c_2_ws/install/serving_robot_msgs/include/serving_robot_msgs/serving_robot_msgs/msg/detail/total_price2_c__functions.h
[1.449s] -- Up-to-date symlink: /home/g1/rokey_c_2_ws/install/serving_robot_msgs/include/serving_robot_msgs/serving_robot_msgs/msg/detail/total_price2_c__struct.h
[1.449s] -- Up-to-date symlink: /home/g1/rokey_c_2_ws/install/serving_robot_msgs/include/serving_robot_msgs/serving_robot_msgs/msg/detail/total_price2_c__type_support.h
[1.449s] -- Up-to-date symlink: /home/g1/rokey_c_2_ws/install/serving_robot_msgs/include/serving_robot_msgs/serving_robot_msgs/msg/robot_state.h
[1.450s] -- Up-to-date symlink: /home/g1/rokey_c_2_ws/install/serving_robot_msgs/include/serving_robot_msgs/serving_robot_msgs/msg/rosidl_generator_c__visibility_control.h
[1.450s] -- Up-to-date symlink: /home/g1/rokey_c_2_ws/install/serving_robot_msgs/include/serving_robot_msgs/serving_robot_msgs/msg/total_price2_c.h
[1.450s] -- Up-to-date symlink: /home/g1/rokey_c_2_ws/install/serving_robot_msgs/include/serving_robot_msgs/serving_robot_msgs/srv/detail/t2_c__functions.h
[1.450s] -- Up-to-date symlink: /home/g1/rokey_c_2_ws/install/serving_robot_msgs/include/serving_robot_msgs/serving_robot_msgs/srv/detail/t2_c__struct.h
[1.450s] -- Up-to-date symlink: /home/g1/rokey_c_2_ws/install/serving_robot_msgs/include/serving_robot_msgs/serving_robot_msgs/srv/detail/t2_c__type_support.h
[1.450s] -- Up-to-date symlink: /home/g1/rokey_c_2_ws/install/serving_robot_msgs/include/serving_robot_msgs/serving_robot_msgs/srv/t2_c.h
[1.450s] -- Up-to-date symlink: /home/g1/rokey_c_2_ws/install/serving_robot_msgs/share/serving_robot_msgs/environment/library_path.sh
[1.451s] -- Up-to-date symlink: /home/g1/rokey_c_2_ws/install/serving_robot_msgs/share/serving_robot_msgs/environment/library_path.dsv
[1.451s] -- Up-to-date symlink: /home/g1/rokey_c_2_ws/install/serving_robot_msgs/include/serving_robot_msgs/serving_robot_msgs/action/detail/c2_r__rosidl_typesupport_fastrtps_c.h
[1.451s] -- Up-to-date symlink: /home/g1/rokey_c_2_ws/install/serving_robot_msgs/include/serving_robot_msgs/serving_robot_msgs/msg/detail/robot_state__rosidl_typesupport_fastrtps_c.h
[1.451s] -- Up-to-date symlink: /home/g1/rokey_c_2_ws/install/serving_robot_msgs/include/serving_robot_msgs/serving_robot_msgs/msg/detail/total_price2_c__rosidl_typesupport_fastrtps_c.h
[1.451s] -- Up-to-date symlink: /home/g1/rokey_c_2_ws/install/serving_robot_msgs/include/serving_robot_msgs/serving_robot_msgs/msg/rosidl_typesupport_fastrtps_c__visibility_control.h
[1.451s] -- Up-to-date symlink: /home/g1/rokey_c_2_ws/install/serving_robot_msgs/include/serving_robot_msgs/serving_robot_msgs/srv/detail/t2_c__rosidl_typesupport_fastrtps_c.h
[1.451s] -- Up-to-date symlink: /home/g1/rokey_c_2_ws/install/serving_robot_msgs/include/serving_robot_msgs/serving_robot_msgs/action/c2_r.hpp
[1.451s] -- Up-to-date symlink: /home/g1/rokey_c_2_ws/install/serving_robot_msgs/include/serving_robot_msgs/serving_robot_msgs/action/detail/c2_r__builder.hpp
[1.452s] -- Up-to-date symlink: /home/g1/rokey_c_2_ws/install/serving_robot_msgs/include/serving_robot_msgs/serving_robot_msgs/action/detail/c2_r__struct.hpp
[1.452s] -- Up-to-date symlink: /home/g1/rokey_c_2_ws/install/serving_robot_msgs/include/serving_robot_msgs/serving_robot_msgs/action/detail/c2_r__traits.hpp
[1.452s] -- Up-to-date symlink: /home/g1/rokey_c_2_ws/install/serving_robot_msgs/include/serving_robot_msgs/serving_robot_msgs/msg/detail/robot_state__builder.hpp
[1.452s] -- Up-to-date symlink: /home/g1/rokey_c_2_ws/install/serving_robot_msgs/include/serving_robot_msgs/serving_robot_msgs/msg/detail/robot_state__struct.hpp
[1.452s] -- Up-to-date symlink: /home/g1/rokey_c_2_ws/install/serving_robot_msgs/include/serving_robot_msgs/serving_robot_msgs/msg/detail/robot_state__traits.hpp
[1.452s] -- Up-to-date symlink: /home/g1/rokey_c_2_ws/install/serving_robot_msgs/include/serving_robot_msgs/serving_robot_msgs/msg/detail/total_price2_c__builder.hpp
[1.452s] -- Up-to-date symlink: /home/g1/rokey_c_2_ws/install/serving_robot_msgs/include/serving_robot_msgs/serving_robot_msgs/msg/detail/total_price2_c__struct.hpp
[1.452s] -- Up-to-date symlink: /home/g1/rokey_c_2_ws/install/serving_robot_msgs/include/serving_robot_msgs/serving_robot_msgs/msg/detail/total_price2_c__traits.hpp
[1.452s] -- Up-to-date symlink: /home/g1/rokey_c_2_ws/install/serving_robot_msgs/include/serving_robot_msgs/serving_robot_msgs/msg/robot_state.hpp
[1.453s] -- Up-to-date symlink: /home/g1/rokey_c_2_ws/install/serving_robot_msgs/include/serving_robot_msgs/serving_robot_msgs/msg/total_price2_c.hpp
[1.460s] -- Up-to-date symlink: /home/g1/rokey_c_2_ws/install/serving_robot_msgs/include/serving_robot_msgs/serving_robot_msgs/srv/detail/t2_c__builder.hpp
[1.460s] -- Up-to-date symlink: /home/g1/rokey_c_2_ws/install/serving_robot_msgs/include/serving_robot_msgs/serving_robot_msgs/srv/detail/t2_c__struct.hpp
[1.460s] -- Up-to-date symlink: /home/g1/rokey_c_2_ws/install/serving_robot_msgs/include/serving_robot_msgs/serving_robot_msgs/srv/detail/t2_c__traits.hpp
[1.460s] -- Up-to-date symlink: /home/g1/rokey_c_2_ws/install/serving_robot_msgs/include/serving_robot_msgs/serving_robot_msgs/srv/t2_c.hpp
[1.461s] -- Up-to-date symlink: /home/g1/rokey_c_2_ws/install/serving_robot_msgs/include/serving_robot_msgs/serving_robot_msgs/action/detail/c2_r__rosidl_typesupport_fastrtps_cpp.hpp
[1.461s] -- Up-to-date symlink: /home/g1/rokey_c_2_ws/install/serving_robot_msgs/include/serving_robot_msgs/serving_robot_msgs/msg/detail/robot_state__rosidl_typesupport_fastrtps_cpp.hpp
[1.461s] -- Up-to-date symlink: /home/g1/rokey_c_2_ws/install/serving_robot_msgs/include/serving_robot_msgs/serving_robot_msgs/msg/detail/total_price2_c__rosidl_typesupport_fastrtps_cpp.hpp
[1.461s] -- Up-to-date symlink: /home/g1/rokey_c_2_ws/install/serving_robot_msgs/include/serving_robot_msgs/serving_robot_msgs/msg/rosidl_typesupport_fastrtps_cpp__visibility_control.h
[1.461s] -- Up-to-date symlink: /home/g1/rokey_c_2_ws/install/serving_robot_msgs/include/serving_robot_msgs/serving_robot_msgs/srv/detail/t2_c__rosidl_typesupport_fastrtps_cpp.hpp
[1.461s] -- Up-to-date symlink: /home/g1/rokey_c_2_ws/install/serving_robot_msgs/include/serving_robot_msgs/serving_robot_msgs/action/detail/c2_r__rosidl_typesupport_introspection_c.h
[1.462s] -- Up-to-date symlink: /home/g1/rokey_c_2_ws/install/serving_robot_msgs/include/serving_robot_msgs/serving_robot_msgs/msg/detail/robot_state__rosidl_typesupport_introspection_c.h
[1.462s] -- Up-to-date symlink: /home/g1/rokey_c_2_ws/install/serving_robot_msgs/include/serving_robot_msgs/serving_robot_msgs/msg/detail/total_price2_c__rosidl_typesupport_introspection_c.h
[1.462s] -- Up-to-date symlink: /home/g1/rokey_c_2_ws/install/serving_robot_msgs/include/serving_robot_msgs/serving_robot_msgs/msg/rosidl_typesupport_introspection_c__visibility_control.h
[1.462s] -- Up-to-date symlink: /home/g1/rokey_c_2_ws/install/serving_robot_msgs/include/serving_robot_msgs/serving_robot_msgs/srv/detail/t2_c__rosidl_typesupport_introspection_c.h
[1.462s] -- Up-to-date symlink: /home/g1/rokey_c_2_ws/install/serving_robot_msgs/include/serving_robot_msgs/serving_robot_msgs/action/detail/c2_r__rosidl_typesupport_introspection_cpp.hpp
[1.462s] -- Up-to-date symlink: /home/g1/rokey_c_2_ws/install/serving_robot_msgs/include/serving_robot_msgs/serving_robot_msgs/msg/detail/robot_state__rosidl_typesupport_introspection_cpp.hpp
[1.462s] -- Up-to-date symlink: /home/g1/rokey_c_2_ws/install/serving_robot_msgs/include/serving_robot_msgs/serving_robot_msgs/msg/detail/total_price2_c__rosidl_typesupport_introspection_cpp.hpp
[1.462s] -- Up-to-date symlink: /home/g1/rokey_c_2_ws/install/serving_robot_msgs/include/serving_robot_msgs/serving_robot_msgs/srv/detail/t2_c__rosidl_typesupport_introspection_cpp.hpp
[1.462s] -- Up-to-date symlink: /home/g1/rokey_c_2_ws/install/serving_robot_msgs/share/serving_robot_msgs/environment/pythonpath.sh
[1.463s] -- Up-to-date symlink: /home/g1/rokey_c_2_ws/install/serving_robot_msgs/share/serving_robot_msgs/environment/pythonpath.dsv
[1.463s] -- Up-to-date symlink: /home/g1/rokey_c_2_ws/install/serving_robot_msgs/local/lib/python3.10/dist-packages/serving_robot_msgs-0.0.0-py3.10.egg-info/PKG-INFO
[1.463s] -- Up-to-date symlink: /home/g1/rokey_c_2_ws/install/serving_robot_msgs/local/lib/python3.10/dist-packages/serving_robot_msgs-0.0.0-py3.10.egg-info/SOURCES.txt
[1.463s] -- Up-to-date symlink: /home/g1/rokey_c_2_ws/install/serving_robot_msgs/local/lib/python3.10/dist-packages/serving_robot_msgs-0.0.0-py3.10.egg-info/dependency_links.txt
[1.463s] -- Up-to-date symlink: /home/g1/rokey_c_2_ws/install/serving_robot_msgs/local/lib/python3.10/dist-packages/serving_robot_msgs-0.0.0-py3.10.egg-info/top_level.txt
[1.463s] -- Up-to-date symlink: /home/g1/rokey_c_2_ws/install/serving_robot_msgs/local/lib/python3.10/dist-packages/serving_robot_msgs/__init__.py
[1.463s] -- Up-to-date symlink: /home/g1/rokey_c_2_ws/install/serving_robot_msgs/local/lib/python3.10/dist-packages/serving_robot_msgs/_serving_robot_msgs_s.ep.rosidl_typesupport_c.c
[1.463s] -- Up-to-date symlink: /home/g1/rokey_c_2_ws/install/serving_robot_msgs/local/lib/python3.10/dist-packages/serving_robot_msgs/_serving_robot_msgs_s.ep.rosidl_typesupport_fastrtps_c.c
[1.463s] -- Up-to-date symlink: /home/g1/rokey_c_2_ws/install/serving_robot_msgs/local/lib/python3.10/dist-packages/serving_robot_msgs/_serving_robot_msgs_s.ep.rosidl_typesupport_introspection_c.c
[1.464s] -- Up-to-date symlink: /home/g1/rokey_c_2_ws/install/serving_robot_msgs/local/lib/python3.10/dist-packages/serving_robot_msgs/action/__init__.py
[1.464s] -- Up-to-date symlink: /home/g1/rokey_c_2_ws/install/serving_robot_msgs/local/lib/python3.10/dist-packages/serving_robot_msgs/action/_c2_r.py
[1.464s] -- Up-to-date symlink: /home/g1/rokey_c_2_ws/install/serving_robot_msgs/local/lib/python3.10/dist-packages/serving_robot_msgs/action/_c2_r_s.c
[1.467s] -- Up-to-date symlink: /home/g1/rokey_c_2_ws/install/serving_robot_msgs/local/lib/python3.10/dist-packages/serving_robot_msgs/libserving_robot_msgs__rosidl_generator_py.so
[1.468s] -- Up-to-date symlink: /home/g1/rokey_c_2_ws/install/serving_robot_msgs/local/lib/python3.10/dist-packages/serving_robot_msgs/msg/__init__.py
[1.469s] -- Up-to-date symlink: /home/g1/rokey_c_2_ws/install/serving_robot_msgs/local/lib/python3.10/dist-packages/serving_robot_msgs/msg/_robot_state.py
[1.470s] -- Up-to-date symlink: /home/g1/rokey_c_2_ws/install/serving_robot_msgs/local/lib/python3.10/dist-packages/serving_robot_msgs/msg/_robot_state_s.c
[1.470s] -- Up-to-date symlink: /home/g1/rokey_c_2_ws/install/serving_robot_msgs/local/lib/python3.10/dist-packages/serving_robot_msgs/msg/_total_price2_c.py
[1.470s] -- Up-to-date symlink: /home/g1/rokey_c_2_ws/install/serving_robot_msgs/local/lib/python3.10/dist-packages/serving_robot_msgs/msg/_total_price2_c_s.c
[1.470s] -- Up-to-date symlink: /home/g1/rokey_c_2_ws/install/serving_robot_msgs/local/lib/python3.10/dist-packages/serving_robot_msgs/serving_robot_msgs_s__rosidl_typesupport_c.cpython-310-x86_64-linux-gnu.so
[1.470s] -- Up-to-date symlink: /home/g1/rokey_c_2_ws/install/serving_robot_msgs/local/lib/python3.10/dist-packages/serving_robot_msgs/serving_robot_msgs_s__rosidl_typesupport_fastrtps_c.cpython-310-x86_64-linux-gnu.so
[1.470s] -- Up-to-date symlink: /home/g1/rokey_c_2_ws/install/serving_robot_msgs/local/lib/python3.10/dist-packages/serving_robot_msgs/serving_robot_msgs_s__rosidl_typesupport_introspection_c.cpython-310-x86_64-linux-gnu.so
[1.471s] -- Up-to-date symlink: /home/g1/rokey_c_2_ws/install/serving_robot_msgs/local/lib/python3.10/dist-packages/serving_robot_msgs/srv/__init__.py
[1.471s] -- Up-to-date symlink: /home/g1/rokey_c_2_ws/install/serving_robot_msgs/local/lib/python3.10/dist-packages/serving_robot_msgs/srv/_t2_c.py
[1.471s] -- Up-to-date symlink: /home/g1/rokey_c_2_ws/install/serving_robot_msgs/local/lib/python3.10/dist-packages/serving_robot_msgs/srv/_t2_c_s.c
[1.471s] -- Up-to-date symlink: /home/g1/rokey_c_2_ws/install/serving_robot_msgs/local/lib/python3.10/dist-packages/serving_robot_msgs/serving_robot_msgs_s__rosidl_typesupport_fastrtps_c.cpython-310-x86_64-linux-gnu.so
[1.471s] -- Up-to-date symlink: /home/g1/rokey_c_2_ws/install/serving_robot_msgs/local/lib/python3.10/dist-packages/serving_robot_msgs/serving_robot_msgs_s__rosidl_typesupport_introspection_c.cpython-310-x86_64-linux-gnu.so
[1.471s] -- Up-to-date symlink: /home/g1/rokey_c_2_ws/install/serving_robot_msgs/local/lib/python3.10/dist-packages/serving_robot_msgs/serving_robot_msgs_s__rosidl_typesupport_c.cpython-310-x86_64-linux-gnu.so
[1.471s] -- Up-to-date symlink: /home/g1/rokey_c_2_ws/install/serving_robot_msgs/share/serving_robot_msgs/msg/RobotState.idl
[1.472s] -- Up-to-date symlink: /home/g1/rokey_c_2_ws/install/serving_robot_msgs/share/serving_robot_msgs/msg/TotalPrice2C.idl
[1.472s] -- Up-to-date symlink: /home/g1/rokey_c_2_ws/install/serving_robot_msgs/share/serving_robot_msgs/srv/T2C.idl
[1.472s] -- Up-to-date symlink: /home/g1/rokey_c_2_ws/install/serving_robot_msgs/share/serving_robot_msgs/action/C2R.idl
[1.472s] -- Up-to-date symlink: /home/g1/rokey_c_2_ws/install/serving_robot_msgs/share/serving_robot_msgs/msg/RobotState.msg
[1.472s] -- Up-to-date symlink: /home/g1/rokey_c_2_ws/install/serving_robot_msgs/share/serving_robot_msgs/msg/TotalPrice2C.msg
[1.472s] -- Up-to-date symlink: /home/g1/rokey_c_2_ws/install/serving_robot_msgs/share/serving_robot_msgs/srv/T2C.srv
[1.472s] -- Up-to-date symlink: /home/g1/rokey_c_2_ws/install/serving_robot_msgs/share/serving_robot_msgs/srv/T2C_Request.msg
[1.473s] -- Up-to-date symlink: /home/g1/rokey_c_2_ws/install/serving_robot_msgs/share/serving_robot_msgs/srv/T2C_Response.msg
[1.474s] -- Up-to-date symlink: /home/g1/rokey_c_2_ws/install/serving_robot_msgs/share/serving_robot_msgs/action/C2R.action
[1.474s] -- Up-to-date symlink: /home/g1/rokey_c_2_ws/install/serving_robot_msgs/share/ament_index/resource_index/package_run_dependencies/serving_robot_msgs
[1.474s] -- Up-to-date symlink: /home/g1/rokey_c_2_ws/install/serving_robot_msgs/share/ament_index/resource_index/parent_prefix_path/serving_robot_msgs
[1.474s] -- Up-to-date symlink: /home/g1/rokey_c_2_ws/install/serving_robot_msgs/share/serving_robot_msgs/environment/ament_prefix_path.sh
[1.474s] -- Up-to-date symlink: /home/g1/rokey_c_2_ws/install/serving_robot_msgs/share/serving_robot_msgs/environment/ament_prefix_path.dsv
[1.475s] -- Up-to-date symlink: /home/g1/rokey_c_2_ws/install/serving_robot_msgs/share/serving_robot_msgs/environment/path.sh
[1.476s] -- Up-to-date symlink: /home/g1/rokey_c_2_ws/install/serving_robot_msgs/share/serving_robot_msgs/environment/path.dsv
[1.476s] -- Up-to-date symlink: /home/g1/rokey_c_2_ws/install/serving_robot_msgs/share/serving_robot_msgs/local_setup.bash
[1.476s] -- Up-to-date symlink: /home/g1/rokey_c_2_ws/install/serving_robot_msgs/share/serving_robot_msgs/local_setup.sh
[1.476s] -- Up-to-date symlink: /home/g1/rokey_c_2_ws/install/serving_robot_msgs/share/serving_robot_msgs/local_setup.zsh
[1.477s] -- Up-to-date symlink: /home/g1/rokey_c_2_ws/install/serving_robot_msgs/share/serving_robot_msgs/local_setup.dsv
[1.477s] -- Symlinking: /home/g1/rokey_c_2_ws/install/serving_robot_msgs/share/serving_robot_msgs/package.dsv
[1.519s] -- Up-to-date symlink: /home/g1/rokey_c_2_ws/install/serving_robot_msgs/share/ament_index/resource_index/packages/serving_robot_msgs
[1.519s] -- Up-to-date symlink: /home/g1/rokey_c_2_ws/install/serving_robot_msgs/share/serving_robot_msgs/cmake/rosidl_cmake-extras.cmake
[1.519s] -- Up-to-date symlink: /home/g1/rokey_c_2_ws/install/serving_robot_msgs/share/serving_robot_msgs/cmake/ament_cmake_export_dependencies-extras.cmake
[1.519s] -- Up-to-date symlink: /home/g1/rokey_c_2_ws/install/serving_robot_msgs/share/serving_robot_msgs/cmake/ament_cmake_export_include_directories-extras.cmake
[1.519s] -- Up-to-date symlink: /home/g1/rokey_c_2_ws/install/serving_robot_msgs/share/serving_robot_msgs/cmake/ament_cmake_export_libraries-extras.cmake
[1.519s] -- Up-to-date symlink: /home/g1/rokey_c_2_ws/install/serving_robot_msgs/share/serving_robot_msgs/cmake/ament_cmake_export_targets-extras.cmake
[1.520s] -- Up-to-date symlink: /home/g1/rokey_c_2_ws/install/serving_robot_msgs/share/serving_robot_msgs/cmake/rosidl_cmake_export_typesupport_targets-extras.cmake
[1.520s] -- Up-to-date symlink: /home/g1/rokey_c_2_ws/install/serving_robot_msgs/share/serving_robot_msgs/cmake/rosidl_cmake_export_typesupport_libraries-extras.cmake
[1.520s] -- Up-to-date symlink: /home/g1/rokey_c_2_ws/install/serving_robot_msgs/share/serving_robot_msgs/cmake/serving_robot_msgsConfig.cmake
[1.520s] -- Up-to-date symlink: /home/g1/rokey_c_2_ws/install/serving_robot_msgs/share/serving_robot_msgs/cmake/serving_robot_msgsConfig-version.cmake
[1.520s] -- Up-to-date symlink: /home/g1/rokey_c_2_ws/install/serving_robot_msgs/share/serving_robot_msgs/package.xml
[1.520s] -- Up-to-date: /home/g1/rokey_c_2_ws/install/serving_robot_msgs/lib/libserving_robot_msgs__rosidl_generator_c.so
[1.520s] -- Up-to-date: /home/g1/rokey_c_2_ws/install/serving_robot_msgs/lib/libserving_robot_msgs__rosidl_typesupport_fastrtps_c.so
[1.520s] -- Up-to-date: /home/g1/rokey_c_2_ws/install/serving_robot_msgs/lib/libserving_robot_msgs__rosidl_typesupport_fastrtps_cpp.so
[1.520s] -- Up-to-date: /home/g1/rokey_c_2_ws/install/serving_robot_msgs/lib/libserving_robot_msgs__rosidl_typesupport_introspection_c.so
[1.521s] -- Up-to-date: /home/g1/rokey_c_2_ws/install/serving_robot_msgs/lib/libserving_robot_msgs__rosidl_typesupport_c.so
[1.521s] -- Up-to-date: /home/g1/rokey_c_2_ws/install/serving_robot_msgs/lib/libserving_robot_msgs__rosidl_typesupport_introspection_cpp.so
[1.521s] -- Up-to-date: /home/g1/rokey_c_2_ws/install/serving_robot_msgs/lib/libserving_robot_msgs__rosidl_typesupport_cpp.so
[1.569s] Listing '/home/g1/rokey_c_2_ws/install/serving_robot_msgs/local/lib/python3.10/dist-packages/serving_robot_msgs'...
[1.569s] Listing '/home/g1/rokey_c_2_ws/install/serving_robot_msgs/local/lib/python3.10/dist-packages/serving_robot_msgs/action'...
[1.570s] Listing '/home/g1/rokey_c_2_ws/install/serving_robot_msgs/local/lib/python3.10/dist-packages/serving_robot_msgs/msg'...
[1.570s] Listing '/home/g1/rokey_c_2_ws/install/serving_robot_msgs/local/lib/python3.10/dist-packages/serving_robot_msgs/srv'...
[1.578s] -- Up-to-date: /home/g1/rokey_c_2_ws/install/serving_robot_msgs/lib/libserving_robot_msgs__rosidl_generator_py.so
[1.579s] -- Up-to-date: /home/g1/rokey_c_2_ws/install/serving_robot_msgs/share/serving_robot_msgs/cmake/export_serving_robot_msgs__rosidl_generator_cExport.cmake
[1.580s] -- Up-to-date: /home/g1/rokey_c_2_ws/install/serving_robot_msgs/share/serving_robot_msgs/cmake/export_serving_robot_msgs__rosidl_generator_cExport-noconfig.cmake
[1.580s] -- Up-to-date: /home/g1/rokey_c_2_ws/install/serving_robot_msgs/share/serving_robot_msgs/cmake/export_serving_robot_msgs__rosidl_typesupport_fastrtps_cExport.cmake
[1.580s] -- Up-to-date: /home/g1/rokey_c_2_ws/install/serving_robot_msgs/share/serving_robot_msgs/cmake/export_serving_robot_msgs__rosidl_typesupport_fastrtps_cExport-noconfig.cmake
[1.580s] -- Up-to-date: /home/g1/rokey_c_2_ws/install/serving_robot_msgs/share/serving_robot_msgs/cmake/export_serving_robot_msgs__rosidl_generator_cppExport.cmake
[1.580s] -- Up-to-date: /home/g1/rokey_c_2_ws/install/serving_robot_msgs/share/serving_robot_msgs/cmake/export_serving_robot_msgs__rosidl_typesupport_fastrtps_cppExport.cmake
[1.580s] -- Up-to-date: /home/g1/rokey_c_2_ws/install/serving_robot_msgs/share/serving_robot_msgs/cmake/export_serving_robot_msgs__rosidl_typesupport_fastrtps_cppExport-noconfig.cmake
[1.581s] -- Up-to-date: /home/g1/rokey_c_2_ws/install/serving_robot_msgs/share/serving_robot_msgs/cmake/serving_robot_msgs__rosidl_typesupport_introspection_cExport.cmake
[1.581s] -- Up-to-date: /home/g1/rokey_c_2_ws/install/serving_robot_msgs/share/serving_robot_msgs/cmake/serving_robot_msgs__rosidl_typesupport_introspection_cExport-noconfig.cmake
[1.582s] -- Up-to-date: /home/g1/rokey_c_2_ws/install/serving_robot_msgs/share/serving_robot_msgs/cmake/serving_robot_msgs__rosidl_typesupport_cExport.cmake
[1.582s] -- Up-to-date: /home/g1/rokey_c_2_ws/install/serving_robot_msgs/share/serving_robot_msgs/cmake/serving_robot_msgs__rosidl_typesupport_cExport-noconfig.cmake
[1.582s] -- Up-to-date: /home/g1/rokey_c_2_ws/install/serving_robot_msgs/share/serving_robot_msgs/cmake/serving_robot_msgs__rosidl_typesupport_introspection_cppExport.cmake
[1.582s] -- Up-to-date: /home/g1/rokey_c_2_ws/install/serving_robot_msgs/share/serving_robot_msgs/cmake/serving_robot_msgs__rosidl_typesupport_introspection_cppExport-noconfig.cmake
[1.582s] -- Up-to-date: /home/g1/rokey_c_2_ws/install/serving_robot_msgs/share/serving_robot_msgs/cmake/serving_robot_msgs__rosidl_typesupport_cppExport.cmake
[1.584s] -- Up-to-date: /home/g1/rokey_c_2_ws/install/serving_robot_msgs/share/serving_robot_msgs/cmake/serving_robot_msgs__rosidl_typesupport_cppExport-noconfig.cmake
[1.584s] -- Up-to-date: /home/g1/rokey_c_2_ws/install/serving_robot_msgs/share/serving_robot_msgs/cmake/export_serving_robot_msgs__rosidl_generator_pyExport.cmake
[1.584s] -- Up-to-date: /home/g1/rokey_c_2_ws/install/serving_robot_msgs/share/serving_robot_msgs/cmake/export_serving_robot_msgs__rosidl_generator_pyExport-noconfig.cmake
[1.588s] Invoked command in '/home/g1/rokey_c_2_ws/build/serving_robot_msgs' returned '0': CMAKE_PREFIX_PATH=${CMAKE_PREFIX_PATH}:/home/g1/rokey_c_2_ws/install/turtlebot3_gui:/home/g1/rokey_c_2_ws/install/table_order:/home/g1/rokey_c_2_ws/install/serving_robot:/home/g1/rokey_c_2_ws/install/database:/home/g1/work/turtlebot3_ws/install/turtlebot3_teleop:/home/g1/work/turtlebot3_ws/install/turtlebot3_example:/opt/ros/humble /usr/bin/cmake --install /home/g1/rokey_c_2_ws/build/serving_robot_msgs
