[0.018s] Invoking command in '/home/psb/rokey_c_2_ws/build/table_order_interface': CMAKE_PREFIX_PATH=${CMAKE_PREFIX_PATH}:/home/psb/rokey_c_2_ws/install/table_order:/home/psb/rokey_c_2_ws/install/jiwon:/home/psb/turtlebot3_ws/install/turtlebot3_teleop:/home/psb/turtlebot3_ws/install/turtlebot3_example:/opt/ros/humble /usr/bin/cmake --build /home/psb/rokey_c_2_ws/build/table_order_interface -- -j8 -l8
[0.047s] [  3%] [34m[1mGenerating C code for ROS interfaces[0m
[0.055s] [  6%] [34m[1mGenerating C++ code for ROS interfaces[0m
[0.071s] [  6%] Built target ament_cmake_python_copy_table_order_interface
[0.368s] [  9%] [32mBuilding C object CMakeFiles/table_order_interface__rosidl_generator_c.dir/rosidl_generator_c/table_order_interface/srv/detail/set_order__functions.c.o[0m
[0.422s] [ 12%] [32m[1mLinking C shared library libtable_order_interface__rosidl_generator_c.so[0m
[0.454s] [ 12%] Built target table_order_interface__rosidl_generator_c
[0.463s] [ 16%] [34m[1mGenerating C type support for eProsima Fast-RTPS[0m
[0.467s] [ 22%] [34m[1mGenerating C introspection for ROS interfaces[0m
[0.467s] [ 22%] [34m[1mGenerating C type support dispatch for ROS interfaces[0m
[0.493s] running egg_info
[0.494s] creating table_order_interface.egg-info
[0.494s] writing table_order_interface.egg-info/PKG-INFO
[0.494s] writing dependency_links to table_order_interface.egg-info/dependency_links.txt
[0.494s] writing top-level names to table_order_interface.egg-info/top_level.txt
[0.494s] writing manifest file 'table_order_interface.egg-info/SOURCES.txt'
[0.498s] reading manifest file 'table_order_interface.egg-info/SOURCES.txt'
[0.499s] writing manifest file 'table_order_interface.egg-info/SOURCES.txt'
[0.521s] [ 22%] Built target table_order_interface__cpp
[0.536s] [ 29%] [34m[1mGenerating C++ type support dispatch for ROS interfaces[0m
[0.536s] [ 29%] [34m[1mGenerating C++ introspection for ROS interfaces[0m
[0.536s] [ 32%] [34m[1mGenerating C++ type support for eProsima Fast-RTPS[0m
[0.541s] [ 32%] Built target ament_cmake_python_build_table_order_interface_egg
[0.927s] [ 35%] [32mBuilding CXX object CMakeFiles/table_order_interface__rosidl_typesupport_c.dir/rosidl_typesupport_c/table_order_interface/srv/set_order__type_support.cpp.o[0m
[0.969s] [ 38%] [32mBuilding CXX object CMakeFiles/table_order_interface__rosidl_typesupport_cpp.dir/rosidl_typesupport_cpp/table_order_interface/srv/set_order__type_support.cpp.o[0m
[0.973s] [ 45%] [32m[1mLinking CXX shared library libtable_order_interface__rosidl_typesupport_c.so[0m
[0.973s] [ 45%] [32mBuilding CXX object CMakeFiles/table_order_interface__rosidl_typesupport_fastrtps_c.dir/rosidl_typesupport_fastrtps_c/table_order_interface/srv/detail/set_order__type_support_c.cpp.o[0m
[0.988s] [ 48%] [32mBuilding C object CMakeFiles/table_order_interface__rosidl_typesupport_introspection_c.dir/rosidl_typesupport_introspection_c/table_order_interface/srv/detail/set_order__type_support.c.o[0m
[1.021s] [ 51%] [32mBuilding CXX object CMakeFiles/table_order_interface__rosidl_typesupport_fastrtps_cpp.dir/rosidl_typesupport_fastrtps_cpp/table_order_interface/srv/detail/dds_fastrtps/set_order__type_support.cpp.o[0m
[1.023s] [ 51%] Built target table_order_interface__rosidl_typesupport_c
[1.033s] [ 54%] [32mBuilding CXX object CMakeFiles/table_order_interface__rosidl_typesupport_introspection_cpp.dir/rosidl_typesupport_introspection_cpp/table_order_interface/srv/detail/set_order__type_support.cpp.o[0m
[1.043s] [ 58%] [32m[1mLinking C shared library libtable_order_interface__rosidl_typesupport_introspection_c.so[0m
[1.070s] [ 58%] Built target table_order_interface__rosidl_typesupport_introspection_c
[1.239s] [ 61%] [32m[1mLinking CXX shared library libtable_order_interface__rosidl_typesupport_cpp.so[0m
[1.277s] [ 61%] Built target table_order_interface__rosidl_typesupport_cpp
[1.335s] [ 64%] [32m[1mLinking CXX shared library libtable_order_interface__rosidl_typesupport_fastrtps_c.so[0m
[1.408s] [ 64%] Built target table_order_interface__rosidl_typesupport_fastrtps_c
[1.502s] [ 67%] [32m[1mLinking CXX shared library libtable_order_interface__rosidl_typesupport_introspection_cpp.so[0m
[1.535s] [ 70%] [32m[1mLinking CXX shared library libtable_order_interface__rosidl_typesupport_fastrtps_cpp.so[0m
[1.575s] [ 70%] Built target table_order_interface__rosidl_typesupport_introspection_cpp
[1.607s] [ 70%] Built target table_order_interface__rosidl_typesupport_fastrtps_cpp
[1.626s] [ 70%] Built target table_order_interface
[1.646s] [ 74%] [34m[1mGenerating Python code for ROS interfaces[0m
[2.037s] [ 74%] Built target table_order_interface__py
[2.054s] [ 77%] [32mBuilding C object CMakeFiles/table_order_interface__rosidl_generator_py.dir/rosidl_generator_py/table_order_interface/srv/_set_order_s.c.o[0m
[2.161s] [ 80%] [32m[1mLinking C shared library rosidl_generator_py/table_order_interface/libtable_order_interface__rosidl_generator_py.so[0m
[2.197s] [ 80%] Built target table_order_interface__rosidl_generator_py
[2.216s] [ 90%] [32mBuilding C object CMakeFiles/table_order_interface__rosidl_typesupport_introspection_c__pyext.dir/rosidl_generator_py/table_order_interface/_table_order_interface_s.ep.rosidl_typesupport_introspection_c.c.o[0m
[2.216s] [ 90%] [32mBuilding C object CMakeFiles/table_order_interface__rosidl_typesupport_c__pyext.dir/rosidl_generator_py/table_order_interface/_table_order_interface_s.ep.rosidl_typesupport_c.c.o[0m
[2.216s] [ 90%] [32mBuilding C object CMakeFiles/table_order_interface__rosidl_typesupport_fastrtps_c__pyext.dir/rosidl_generator_py/table_order_interface/_table_order_interface_s.ep.rosidl_typesupport_fastrtps_c.c.o[0m
[2.311s] [100%] [32m[1mLinking C shared library rosidl_generator_py/table_order_interface/table_order_interface_s__rosidl_typesupport_introspection_c.cpython-310-x86_64-linux-gnu.so[0m
[2.311s] [100%] [32m[1mLinking C shared library rosidl_generator_py/table_order_interface/table_order_interface_s__rosidl_typesupport_c.cpython-310-x86_64-linux-gnu.so[0m
[2.311s] [100%] [32m[1mLinking C shared library rosidl_generator_py/table_order_interface/table_order_interface_s__rosidl_typesupport_fastrtps_c.cpython-310-x86_64-linux-gnu.so[0m
[2.345s] [100%] Built target table_order_interface__rosidl_typesupport_fastrtps_c__pyext
[2.345s] [100%] Built target table_order_interface__rosidl_typesupport_introspection_c__pyext
[2.345s] [100%] Built target table_order_interface__rosidl_typesupport_c__pyext
