[0.159s] DEBUG:colcon:Command line arguments: ['/usr/bin/colcon', 'build']
[0.159s] DEBUG:colcon:Parsed command line arguments: Namespace(log_base=None, log_level=None, verb_name='build', build_base='build', install_base='install', merge_install=False, symlink_install=False, test_result_base=None, continue_on_error=False, executor='parallel', parallel_workers=8, event_handlers=None, ignore_user_meta=False, metas=['./colcon.meta'], base_paths=['.'], packages_ignore=None, packages_ignore_regex=None, paths=None, packages_up_to=None, packages_up_to_regex=None, packages_above=None, packages_above_and_dependencies=None, packages_above_depth=None, packages_select_by_dep=None, packages_skip_by_dep=None, packages_skip_up_to=None, packages_select_build_failed=False, packages_skip_build_finished=False, packages_select_test_failures=False, packages_skip_test_passed=False, packages_select=None, packages_skip=None, packages_select_regex=None, packages_skip_regex=None, packages_start=None, packages_end=None, allow_overriding=[], cmake_args=None, cmake_target=None, cmake_target_skip_unavailable=False, cmake_clean_cache=False, cmake_clean_first=False, cmake_force_configure=False, ament_cmake_args=None, catkin_cmake_args=None, catkin_skip_building_tests=False, verb_parser=<colcon_defaults.argument_parser.defaults.DefaultArgumentsDecorator object at 0x7738623b3070>, verb_extension=<colcon_core.verb.build.BuildVerb object at 0x773862489210>, main=<bound method BuildVerb.main of <colcon_core.verb.build.BuildVerb object at 0x773862489210>>)
[0.409s] Level 1:colcon.colcon_core.package_discovery:discover_packages(colcon_meta) check parameters
[0.409s] Level 1:colcon.colcon_core.package_discovery:discover_packages(recursive) check parameters
[0.409s] Level 1:colcon.colcon_core.package_discovery:discover_packages(ignore) check parameters
[0.409s] Level 1:colcon.colcon_core.package_discovery:discover_packages(path) check parameters
[0.409s] Level 1:colcon.colcon_core.package_discovery:discover_packages(colcon_meta) discover
[0.409s] Level 1:colcon.colcon_core.package_discovery:discover_packages(recursive) discover
[0.409s] INFO:colcon.colcon_core.package_discovery:Crawling recursively for packages in '/home/psb/rokey_c_2_ws'
[0.409s] Level 1:colcon.colcon_core.package_identification:_identify(.) by extensions ['ignore', 'ignore_ament_install']
[0.410s] Level 1:colcon.colcon_core.package_identification:_identify(.) by extension 'ignore'
[0.410s] Level 1:colcon.colcon_core.package_identification:_identify(.) by extension 'ignore_ament_install'
[0.410s] Level 1:colcon.colcon_core.package_identification:_identify(.) by extensions ['colcon_pkg']
[0.410s] Level 1:colcon.colcon_core.package_identification:_identify(.) by extension 'colcon_pkg'
[0.410s] Level 1:colcon.colcon_core.package_identification:_identify(.) by extensions ['colcon_meta']
[0.410s] Level 1:colcon.colcon_core.package_identification:_identify(.) by extension 'colcon_meta'
[0.410s] Level 1:colcon.colcon_core.package_identification:_identify(.) by extensions ['ros']
[0.410s] Level 1:colcon.colcon_core.package_identification:_identify(.) by extension 'ros'
[0.423s] Level 1:colcon.colcon_core.package_identification:_identify(.) by extensions ['cmake', 'python']
[0.423s] Level 1:colcon.colcon_core.package_identification:_identify(.) by extension 'cmake'
[0.424s] Level 1:colcon.colcon_core.package_identification:_identify(.) by extension 'python'
[0.424s] Level 1:colcon.colcon_core.package_identification:_identify(.) by extensions ['python_setup_py']
[0.424s] Level 1:colcon.colcon_core.package_identification:_identify(.) by extension 'python_setup_py'
[0.424s] Level 1:colcon.colcon_core.package_identification:_identify(build) by extensions ['ignore', 'ignore_ament_install']
[0.424s] Level 1:colcon.colcon_core.package_identification:_identify(build) by extension 'ignore'
[0.424s] Level 1:colcon.colcon_core.package_identification:_identify(build) ignored
[0.424s] Level 1:colcon.colcon_core.package_identification:_identify(install) by extensions ['ignore', 'ignore_ament_install']
[0.424s] Level 1:colcon.colcon_core.package_identification:_identify(install) by extension 'ignore'
[0.424s] Level 1:colcon.colcon_core.package_identification:_identify(install) ignored
[0.424s] Level 1:colcon.colcon_core.package_identification:_identify(log) by extensions ['ignore', 'ignore_ament_install']
[0.424s] Level 1:colcon.colcon_core.package_identification:_identify(log) by extension 'ignore'
[0.424s] Level 1:colcon.colcon_core.package_identification:_identify(log) ignored
[0.425s] Level 1:colcon.colcon_core.package_identification:_identify(src) by extensions ['ignore', 'ignore_ament_install']
[0.425s] Level 1:colcon.colcon_core.package_identification:_identify(src) by extension 'ignore'
[0.425s] Level 1:colcon.colcon_core.package_identification:_identify(src) by extension 'ignore_ament_install'
[0.425s] Level 1:colcon.colcon_core.package_identification:_identify(src) by extensions ['colcon_pkg']
[0.425s] Level 1:colcon.colcon_core.package_identification:_identify(src) by extension 'colcon_pkg'
[0.425s] Level 1:colcon.colcon_core.package_identification:_identify(src) by extensions ['colcon_meta']
[0.425s] Level 1:colcon.colcon_core.package_identification:_identify(src) by extension 'colcon_meta'
[0.425s] Level 1:colcon.colcon_core.package_identification:_identify(src) by extensions ['ros']
[0.425s] Level 1:colcon.colcon_core.package_identification:_identify(src) by extension 'ros'
[0.425s] Level 1:colcon.colcon_core.package_identification:_identify(src) by extensions ['cmake', 'python']
[0.425s] Level 1:colcon.colcon_core.package_identification:_identify(src) by extension 'cmake'
[0.425s] Level 1:colcon.colcon_core.package_identification:_identify(src) by extension 'python'
[0.425s] Level 1:colcon.colcon_core.package_identification:_identify(src) by extensions ['python_setup_py']
[0.425s] Level 1:colcon.colcon_core.package_identification:_identify(src) by extension 'python_setup_py'
[0.425s] Level 1:colcon.colcon_core.package_identification:_identify(src/c2_turtle_interface) by extensions ['ignore', 'ignore_ament_install']
[0.425s] Level 1:colcon.colcon_core.package_identification:_identify(src/c2_turtle_interface) by extension 'ignore'
[0.425s] Level 1:colcon.colcon_core.package_identification:_identify(src/c2_turtle_interface) by extension 'ignore_ament_install'
[0.425s] Level 1:colcon.colcon_core.package_identification:_identify(src/c2_turtle_interface) by extensions ['colcon_pkg']
[0.425s] Level 1:colcon.colcon_core.package_identification:_identify(src/c2_turtle_interface) by extension 'colcon_pkg'
[0.426s] Level 1:colcon.colcon_core.package_identification:_identify(src/c2_turtle_interface) by extensions ['colcon_meta']
[0.426s] Level 1:colcon.colcon_core.package_identification:_identify(src/c2_turtle_interface) by extension 'colcon_meta'
[0.426s] Level 1:colcon.colcon_core.package_identification:_identify(src/c2_turtle_interface) by extensions ['ros']
[0.426s] Level 1:colcon.colcon_core.package_identification:_identify(src/c2_turtle_interface) by extension 'ros'
[0.426s] Level 1:colcon.colcon_core.package_identification:_identify(src/c2_turtle_interface) by extensions ['cmake', 'python']
[0.426s] Level 1:colcon.colcon_core.package_identification:_identify(src/c2_turtle_interface) by extension 'cmake'
[0.426s] Level 1:colcon.colcon_core.package_identification:_identify(src/c2_turtle_interface) by extension 'python'
[0.426s] Level 1:colcon.colcon_core.package_identification:_identify(src/c2_turtle_interface) by extensions ['python_setup_py']
[0.426s] Level 1:colcon.colcon_core.package_identification:_identify(src/c2_turtle_interface) by extension 'python_setup_py'
[0.426s] Level 1:colcon.colcon_core.package_identification:_identify(src/c2_turtle_interface/srv) by extensions ['ignore', 'ignore_ament_install']
[0.426s] Level 1:colcon.colcon_core.package_identification:_identify(src/c2_turtle_interface/srv) by extension 'ignore'
[0.426s] Level 1:colcon.colcon_core.package_identification:_identify(src/c2_turtle_interface/srv) by extension 'ignore_ament_install'
[0.426s] Level 1:colcon.colcon_core.package_identification:_identify(src/c2_turtle_interface/srv) by extensions ['colcon_pkg']
[0.426s] Level 1:colcon.colcon_core.package_identification:_identify(src/c2_turtle_interface/srv) by extension 'colcon_pkg'
[0.426s] Level 1:colcon.colcon_core.package_identification:_identify(src/c2_turtle_interface/srv) by extensions ['colcon_meta']
[0.426s] Level 1:colcon.colcon_core.package_identification:_identify(src/c2_turtle_interface/srv) by extension 'colcon_meta'
[0.426s] Level 1:colcon.colcon_core.package_identification:_identify(src/c2_turtle_interface/srv) by extensions ['ros']
[0.427s] Level 1:colcon.colcon_core.package_identification:_identify(src/c2_turtle_interface/srv) by extension 'ros'
[0.427s] Level 1:colcon.colcon_core.package_identification:_identify(src/c2_turtle_interface/srv) by extensions ['cmake', 'python']
[0.427s] Level 1:colcon.colcon_core.package_identification:_identify(src/c2_turtle_interface/srv) by extension 'cmake'
[0.427s] Level 1:colcon.colcon_core.package_identification:_identify(src/c2_turtle_interface/srv) by extension 'python'
[0.427s] Level 1:colcon.colcon_core.package_identification:_identify(src/c2_turtle_interface/srv) by extensions ['python_setup_py']
[0.427s] Level 1:colcon.colcon_core.package_identification:_identify(src/c2_turtle_interface/srv) by extension 'python_setup_py'
[0.427s] Level 1:colcon.colcon_core.package_identification:_identify(src/database) by extensions ['ignore', 'ignore_ament_install']
[0.427s] Level 1:colcon.colcon_core.package_identification:_identify(src/database) by extension 'ignore'
[0.427s] Level 1:colcon.colcon_core.package_identification:_identify(src/database) by extension 'ignore_ament_install'
[0.427s] Level 1:colcon.colcon_core.package_identification:_identify(src/database) by extensions ['colcon_pkg']
[0.427s] Level 1:colcon.colcon_core.package_identification:_identify(src/database) by extension 'colcon_pkg'
[0.427s] Level 1:colcon.colcon_core.package_identification:_identify(src/database) by extensions ['colcon_meta']
[0.427s] Level 1:colcon.colcon_core.package_identification:_identify(src/database) by extension 'colcon_meta'
[0.427s] Level 1:colcon.colcon_core.package_identification:_identify(src/database) by extensions ['ros']
[0.427s] Level 1:colcon.colcon_core.package_identification:_identify(src/database) by extension 'ros'
[0.430s] DEBUG:colcon.colcon_core.package_identification:Package 'src/database' with type 'ros.ament_python' and name 'database'
[0.430s] Level 1:colcon.colcon_core.package_identification:_identify(src/nav_interfaces) by extensions ['ignore', 'ignore_ament_install']
[0.430s] Level 1:colcon.colcon_core.package_identification:_identify(src/nav_interfaces) by extension 'ignore'
[0.430s] Level 1:colcon.colcon_core.package_identification:_identify(src/nav_interfaces) by extension 'ignore_ament_install'
[0.431s] Level 1:colcon.colcon_core.package_identification:_identify(src/nav_interfaces) by extensions ['colcon_pkg']
[0.431s] Level 1:colcon.colcon_core.package_identification:_identify(src/nav_interfaces) by extension 'colcon_pkg'
[0.431s] Level 1:colcon.colcon_core.package_identification:_identify(src/nav_interfaces) by extensions ['colcon_meta']
[0.431s] Level 1:colcon.colcon_core.package_identification:_identify(src/nav_interfaces) by extension 'colcon_meta'
[0.431s] Level 1:colcon.colcon_core.package_identification:_identify(src/nav_interfaces) by extensions ['ros']
[0.431s] Level 1:colcon.colcon_core.package_identification:_identify(src/nav_interfaces) by extension 'ros'
[0.432s] DEBUG:colcon.colcon_core.package_identification:Package 'src/nav_interfaces' with type 'ros.ament_cmake' and name 'nav_interfaces'
[0.432s] Level 1:colcon.colcon_core.package_identification:_identify(src/serving_robot) by extensions ['ignore', 'ignore_ament_install']
[0.432s] Level 1:colcon.colcon_core.package_identification:_identify(src/serving_robot) by extension 'ignore'
[0.432s] Level 1:colcon.colcon_core.package_identification:_identify(src/serving_robot) by extension 'ignore_ament_install'
[0.432s] Level 1:colcon.colcon_core.package_identification:_identify(src/serving_robot) by extensions ['colcon_pkg']
[0.432s] Level 1:colcon.colcon_core.package_identification:_identify(src/serving_robot) by extension 'colcon_pkg'
[0.432s] Level 1:colcon.colcon_core.package_identification:_identify(src/serving_robot) by extensions ['colcon_meta']
[0.432s] Level 1:colcon.colcon_core.package_identification:_identify(src/serving_robot) by extension 'colcon_meta'
[0.432s] Level 1:colcon.colcon_core.package_identification:_identify(src/serving_robot) by extensions ['ros']
[0.432s] Level 1:colcon.colcon_core.package_identification:_identify(src/serving_robot) by extension 'ros'
[0.433s] DEBUG:colcon.colcon_core.package_identification:Package 'src/serving_robot' with type 'ros.ament_python' and name 'serving_robot'
[0.433s] Level 1:colcon.colcon_core.package_identification:_identify(src/serving_robot_msgs) by extensions ['ignore', 'ignore_ament_install']
[0.433s] Level 1:colcon.colcon_core.package_identification:_identify(src/serving_robot_msgs) by extension 'ignore'
[0.433s] Level 1:colcon.colcon_core.package_identification:_identify(src/serving_robot_msgs) by extension 'ignore_ament_install'
[0.433s] Level 1:colcon.colcon_core.package_identification:_identify(src/serving_robot_msgs) by extensions ['colcon_pkg']
[0.433s] Level 1:colcon.colcon_core.package_identification:_identify(src/serving_robot_msgs) by extension 'colcon_pkg'
[0.433s] Level 1:colcon.colcon_core.package_identification:_identify(src/serving_robot_msgs) by extensions ['colcon_meta']
[0.433s] Level 1:colcon.colcon_core.package_identification:_identify(src/serving_robot_msgs) by extension 'colcon_meta'
[0.433s] Level 1:colcon.colcon_core.package_identification:_identify(src/serving_robot_msgs) by extensions ['ros']
[0.433s] Level 1:colcon.colcon_core.package_identification:_identify(src/serving_robot_msgs) by extension 'ros'
[0.434s] DEBUG:colcon.colcon_core.package_identification:Package 'src/serving_robot_msgs' with type 'ros.ament_cmake' and name 'serving_robot_msgs'
[0.434s] Level 1:colcon.colcon_core.package_identification:_identify(src/table_order) by extensions ['ignore', 'ignore_ament_install']
[0.434s] Level 1:colcon.colcon_core.package_identification:_identify(src/table_order) by extension 'ignore'
[0.434s] Level 1:colcon.colcon_core.package_identification:_identify(src/table_order) by extension 'ignore_ament_install'
[0.434s] Level 1:colcon.colcon_core.package_identification:_identify(src/table_order) by extensions ['colcon_pkg']
[0.434s] Level 1:colcon.colcon_core.package_identification:_identify(src/table_order) by extension 'colcon_pkg'
[0.435s] Level 1:colcon.colcon_core.package_identification:_identify(src/table_order) by extensions ['colcon_meta']
[0.435s] Level 1:colcon.colcon_core.package_identification:_identify(src/table_order) by extension 'colcon_meta'
[0.435s] Level 1:colcon.colcon_core.package_identification:_identify(src/table_order) by extensions ['ros']
[0.435s] Level 1:colcon.colcon_core.package_identification:_identify(src/table_order) by extension 'ros'
[0.436s] DEBUG:colcon.colcon_core.package_identification:Package 'src/table_order' with type 'ros.ament_python' and name 'table_order'
[0.436s] Level 1:colcon.colcon_core.package_identification:_identify(src/table_order_interface) by extensions ['ignore', 'ignore_ament_install']
[0.436s] Level 1:colcon.colcon_core.package_identification:_identify(src/table_order_interface) by extension 'ignore'
[0.436s] Level 1:colcon.colcon_core.package_identification:_identify(src/table_order_interface) by extension 'ignore_ament_install'
[0.436s] Level 1:colcon.colcon_core.package_identification:_identify(src/table_order_interface) by extensions ['colcon_pkg']
[0.436s] Level 1:colcon.colcon_core.package_identification:_identify(src/table_order_interface) by extension 'colcon_pkg'
[0.436s] Level 1:colcon.colcon_core.package_identification:_identify(src/table_order_interface) by extensions ['colcon_meta']
[0.436s] Level 1:colcon.colcon_core.package_identification:_identify(src/table_order_interface) by extension 'colcon_meta'
[0.436s] Level 1:colcon.colcon_core.package_identification:_identify(src/table_order_interface) by extensions ['ros']
[0.436s] Level 1:colcon.colcon_core.package_identification:_identify(src/table_order_interface) by extension 'ros'
[0.437s] DEBUG:colcon.colcon_core.package_identification:Package 'src/table_order_interface' with type 'ros.ament_cmake' and name 'table_order_interface'
[0.437s] Level 1:colcon.colcon_core.package_identification:_identify(src/turtlebot3_gui) by extensions ['ignore', 'ignore_ament_install']
[0.437s] Level 1:colcon.colcon_core.package_identification:_identify(src/turtlebot3_gui) by extension 'ignore'
[0.437s] Level 1:colcon.colcon_core.package_identification:_identify(src/turtlebot3_gui) by extension 'ignore_ament_install'
[0.437s] Level 1:colcon.colcon_core.package_identification:_identify(src/turtlebot3_gui) by extensions ['colcon_pkg']
[0.437s] Level 1:colcon.colcon_core.package_identification:_identify(src/turtlebot3_gui) by extension 'colcon_pkg'
[0.437s] Level 1:colcon.colcon_core.package_identification:_identify(src/turtlebot3_gui) by extensions ['colcon_meta']
[0.437s] Level 1:colcon.colcon_core.package_identification:_identify(src/turtlebot3_gui) by extension 'colcon_meta'
[0.437s] Level 1:colcon.colcon_core.package_identification:_identify(src/turtlebot3_gui) by extensions ['ros']
[0.437s] Level 1:colcon.colcon_core.package_identification:_identify(src/turtlebot3_gui) by extension 'ros'
[0.438s] DEBUG:colcon.colcon_core.package_identification:Package 'src/turtlebot3_gui' with type 'ros.ament_python' and name 'turtlebot3_gui'
[0.438s] Level 1:colcon.colcon_core.package_discovery:discover_packages(recursive) using defaults
[0.438s] Level 1:colcon.colcon_core.package_discovery:discover_packages(ignore) discover
[0.438s] Level 1:colcon.colcon_core.package_discovery:discover_packages(ignore) using defaults
[0.438s] Level 1:colcon.colcon_core.package_discovery:discover_packages(path) discover
[0.438s] Level 1:colcon.colcon_core.package_discovery:discover_packages(path) using defaults
[0.462s] Level 1:colcon.colcon_core.package_discovery:discover_packages(prefix_path) check parameters
[0.462s] Level 1:colcon.colcon_core.package_discovery:discover_packages(prefix_path) discover
[0.465s] DEBUG:colcon.colcon_installed_package_information.package_discovery:Found 9 installed packages in /home/psb/rokey_c_2_ws/install
[0.466s] DEBUG:colcon.colcon_installed_package_information.package_discovery:Found 12 installed packages in /home/psb/turtlebot3_ws/install
[0.468s] DEBUG:colcon.colcon_installed_package_information.package_discovery:Found 373 installed packages in /opt/ros/humble
[0.471s] Level 1:colcon.colcon_core.package_discovery:discover_packages(prefix_path) using defaults
[0.527s] Level 5:colcon.colcon_core.verb:set package 'database' build argument 'cmake_args' from command line to 'None'
[0.527s] Level 5:colcon.colcon_core.verb:set package 'database' build argument 'cmake_target' from command line to 'None'
[0.527s] Level 5:colcon.colcon_core.verb:set package 'database' build argument 'cmake_target_skip_unavailable' from command line to 'False'
[0.527s] Level 5:colcon.colcon_core.verb:set package 'database' build argument 'cmake_clean_cache' from command line to 'False'
[0.527s] Level 5:colcon.colcon_core.verb:set package 'database' build argument 'cmake_clean_first' from command line to 'False'
[0.527s] Level 5:colcon.colcon_core.verb:set package 'database' build argument 'cmake_force_configure' from command line to 'False'
[0.527s] Level 5:colcon.colcon_core.verb:set package 'database' build argument 'ament_cmake_args' from command line to 'None'
[0.527s] Level 5:colcon.colcon_core.verb:set package 'database' build argument 'catkin_cmake_args' from command line to 'None'
[0.527s] Level 5:colcon.colcon_core.verb:set package 'database' build argument 'catkin_skip_building_tests' from command line to 'False'
[0.527s] DEBUG:colcon.colcon_core.verb:Building package 'database' with the following arguments: {'ament_cmake_args': None, 'build_base': '/home/psb/rokey_c_2_ws/build/database', 'catkin_cmake_args': None, 'catkin_skip_building_tests': False, 'cmake_args': None, 'cmake_clean_cache': False, 'cmake_clean_first': False, 'cmake_force_configure': False, 'cmake_target': None, 'cmake_target_skip_unavailable': False, 'install_base': '/home/psb/rokey_c_2_ws/install/database', 'merge_install': False, 'path': '/home/psb/rokey_c_2_ws/src/database', 'symlink_install': False, 'test_result_base': None}
[0.528s] Level 5:colcon.colcon_core.verb:set package 'nav_interfaces' build argument 'cmake_args' from command line to 'None'
[0.528s] Level 5:colcon.colcon_core.verb:set package 'nav_interfaces' build argument 'cmake_target' from command line to 'None'
[0.528s] Level 5:colcon.colcon_core.verb:set package 'nav_interfaces' build argument 'cmake_target_skip_unavailable' from command line to 'False'
[0.528s] Level 5:colcon.colcon_core.verb:set package 'nav_interfaces' build argument 'cmake_clean_cache' from command line to 'False'
[0.528s] Level 5:colcon.colcon_core.verb:set package 'nav_interfaces' build argument 'cmake_clean_first' from command line to 'False'
[0.528s] Level 5:colcon.colcon_core.verb:set package 'nav_interfaces' build argument 'cmake_force_configure' from command line to 'False'
[0.528s] Level 5:colcon.colcon_core.verb:set package 'nav_interfaces' build argument 'ament_cmake_args' from command line to 'None'
[0.528s] Level 5:colcon.colcon_core.verb:set package 'nav_interfaces' build argument 'catkin_cmake_args' from command line to 'None'
[0.528s] Level 5:colcon.colcon_core.verb:set package 'nav_interfaces' build argument 'catkin_skip_building_tests' from command line to 'False'
[0.528s] DEBUG:colcon.colcon_core.verb:Building package 'nav_interfaces' with the following arguments: {'ament_cmake_args': None, 'build_base': '/home/psb/rokey_c_2_ws/build/nav_interfaces', 'catkin_cmake_args': None, 'catkin_skip_building_tests': False, 'cmake_args': None, 'cmake_clean_cache': False, 'cmake_clean_first': False, 'cmake_force_configure': False, 'cmake_target': None, 'cmake_target_skip_unavailable': False, 'install_base': '/home/psb/rokey_c_2_ws/install/nav_interfaces', 'merge_install': False, 'path': '/home/psb/rokey_c_2_ws/src/nav_interfaces', 'symlink_install': False, 'test_result_base': None}
[0.529s] Level 5:colcon.colcon_core.verb:set package 'serving_robot_msgs' build argument 'cmake_args' from command line to 'None'
[0.529s] Level 5:colcon.colcon_core.verb:set package 'serving_robot_msgs' build argument 'cmake_target' from command line to 'None'
[0.529s] Level 5:colcon.colcon_core.verb:set package 'serving_robot_msgs' build argument 'cmake_target_skip_unavailable' from command line to 'False'
[0.529s] Level 5:colcon.colcon_core.verb:set package 'serving_robot_msgs' build argument 'cmake_clean_cache' from command line to 'False'
[0.529s] Level 5:colcon.colcon_core.verb:set package 'serving_robot_msgs' build argument 'cmake_clean_first' from command line to 'False'
[0.529s] Level 5:colcon.colcon_core.verb:set package 'serving_robot_msgs' build argument 'cmake_force_configure' from command line to 'False'
[0.529s] Level 5:colcon.colcon_core.verb:set package 'serving_robot_msgs' build argument 'ament_cmake_args' from command line to 'None'
[0.529s] Level 5:colcon.colcon_core.verb:set package 'serving_robot_msgs' build argument 'catkin_cmake_args' from command line to 'None'
[0.529s] Level 5:colcon.colcon_core.verb:set package 'serving_robot_msgs' build argument 'catkin_skip_building_tests' from command line to 'False'
[0.529s] DEBUG:colcon.colcon_core.verb:Building package 'serving_robot_msgs' with the following arguments: {'ament_cmake_args': None, 'build_base': '/home/psb/rokey_c_2_ws/build/serving_robot_msgs', 'catkin_cmake_args': None, 'catkin_skip_building_tests': False, 'cmake_args': None, 'cmake_clean_cache': False, 'cmake_clean_first': False, 'cmake_force_configure': False, 'cmake_target': None, 'cmake_target_skip_unavailable': False, 'install_base': '/home/psb/rokey_c_2_ws/install/serving_robot_msgs', 'merge_install': False, 'path': '/home/psb/rokey_c_2_ws/src/serving_robot_msgs', 'symlink_install': False, 'test_result_base': None}
[0.529s] Level 5:colcon.colcon_core.verb:set package 'table_order_interface' build argument 'cmake_args' from command line to 'None'
[0.529s] Level 5:colcon.colcon_core.verb:set package 'table_order_interface' build argument 'cmake_target' from command line to 'None'
[0.529s] Level 5:colcon.colcon_core.verb:set package 'table_order_interface' build argument 'cmake_target_skip_unavailable' from command line to 'False'
[0.530s] Level 5:colcon.colcon_core.verb:set package 'table_order_interface' build argument 'cmake_clean_cache' from command line to 'False'
[0.530s] Level 5:colcon.colcon_core.verb:set package 'table_order_interface' build argument 'cmake_clean_first' from command line to 'False'
[0.530s] Level 5:colcon.colcon_core.verb:set package 'table_order_interface' build argument 'cmake_force_configure' from command line to 'False'
[0.530s] Level 5:colcon.colcon_core.verb:set package 'table_order_interface' build argument 'ament_cmake_args' from command line to 'None'
[0.530s] Level 5:colcon.colcon_core.verb:set package 'table_order_interface' build argument 'catkin_cmake_args' from command line to 'None'
[0.530s] Level 5:colcon.colcon_core.verb:set package 'table_order_interface' build argument 'catkin_skip_building_tests' from command line to 'False'
[0.530s] DEBUG:colcon.colcon_core.verb:Building package 'table_order_interface' with the following arguments: {'ament_cmake_args': None, 'build_base': '/home/psb/rokey_c_2_ws/build/table_order_interface', 'catkin_cmake_args': None, 'catkin_skip_building_tests': False, 'cmake_args': None, 'cmake_clean_cache': False, 'cmake_clean_first': False, 'cmake_force_configure': False, 'cmake_target': None, 'cmake_target_skip_unavailable': False, 'install_base': '/home/psb/rokey_c_2_ws/install/table_order_interface', 'merge_install': False, 'path': '/home/psb/rokey_c_2_ws/src/table_order_interface', 'symlink_install': False, 'test_result_base': None}
[0.530s] Level 5:colcon.colcon_core.verb:set package 'turtlebot3_gui' build argument 'cmake_args' from command line to 'None'
[0.530s] Level 5:colcon.colcon_core.verb:set package 'turtlebot3_gui' build argument 'cmake_target' from command line to 'None'
[0.530s] Level 5:colcon.colcon_core.verb:set package 'turtlebot3_gui' build argument 'cmake_target_skip_unavailable' from command line to 'False'
[0.530s] Level 5:colcon.colcon_core.verb:set package 'turtlebot3_gui' build argument 'cmake_clean_cache' from command line to 'False'
[0.530s] Level 5:colcon.colcon_core.verb:set package 'turtlebot3_gui' build argument 'cmake_clean_first' from command line to 'False'
[0.530s] Level 5:colcon.colcon_core.verb:set package 'turtlebot3_gui' build argument 'cmake_force_configure' from command line to 'False'
[0.530s] Level 5:colcon.colcon_core.verb:set package 'turtlebot3_gui' build argument 'ament_cmake_args' from command line to 'None'
[0.530s] Level 5:colcon.colcon_core.verb:set package 'turtlebot3_gui' build argument 'catkin_cmake_args' from command line to 'None'
[0.530s] Level 5:colcon.colcon_core.verb:set package 'turtlebot3_gui' build argument 'catkin_skip_building_tests' from command line to 'False'
[0.530s] DEBUG:colcon.colcon_core.verb:Building package 'turtlebot3_gui' with the following arguments: {'ament_cmake_args': None, 'build_base': '/home/psb/rokey_c_2_ws/build/turtlebot3_gui', 'catkin_cmake_args': None, 'catkin_skip_building_tests': False, 'cmake_args': None, 'cmake_clean_cache': False, 'cmake_clean_first': False, 'cmake_force_configure': False, 'cmake_target': None, 'cmake_target_skip_unavailable': False, 'install_base': '/home/psb/rokey_c_2_ws/install/turtlebot3_gui', 'merge_install': False, 'path': '/home/psb/rokey_c_2_ws/src/turtlebot3_gui', 'symlink_install': False, 'test_result_base': None}
[0.531s] Level 5:colcon.colcon_core.verb:set package 'serving_robot' build argument 'cmake_args' from command line to 'None'
[0.531s] Level 5:colcon.colcon_core.verb:set package 'serving_robot' build argument 'cmake_target' from command line to 'None'
[0.531s] Level 5:colcon.colcon_core.verb:set package 'serving_robot' build argument 'cmake_target_skip_unavailable' from command line to 'False'
[0.531s] Level 5:colcon.colcon_core.verb:set package 'serving_robot' build argument 'cmake_clean_cache' from command line to 'False'
[0.531s] Level 5:colcon.colcon_core.verb:set package 'serving_robot' build argument 'cmake_clean_first' from command line to 'False'
[0.531s] Level 5:colcon.colcon_core.verb:set package 'serving_robot' build argument 'cmake_force_configure' from command line to 'False'
[0.531s] Level 5:colcon.colcon_core.verb:set package 'serving_robot' build argument 'ament_cmake_args' from command line to 'None'
[0.531s] Level 5:colcon.colcon_core.verb:set package 'serving_robot' build argument 'catkin_cmake_args' from command line to 'None'
[0.531s] Level 5:colcon.colcon_core.verb:set package 'serving_robot' build argument 'catkin_skip_building_tests' from command line to 'False'
[0.531s] DEBUG:colcon.colcon_core.verb:Building package 'serving_robot' with the following arguments: {'ament_cmake_args': None, 'build_base': '/home/psb/rokey_c_2_ws/build/serving_robot', 'catkin_cmake_args': None, 'catkin_skip_building_tests': False, 'cmake_args': None, 'cmake_clean_cache': False, 'cmake_clean_first': False, 'cmake_force_configure': False, 'cmake_target': None, 'cmake_target_skip_unavailable': False, 'install_base': '/home/psb/rokey_c_2_ws/install/serving_robot', 'merge_install': False, 'path': '/home/psb/rokey_c_2_ws/src/serving_robot', 'symlink_install': False, 'test_result_base': None}
[0.531s] Level 5:colcon.colcon_core.verb:set package 'table_order' build argument 'cmake_args' from command line to 'None'
[0.531s] Level 5:colcon.colcon_core.verb:set package 'table_order' build argument 'cmake_target' from command line to 'None'
[0.531s] Level 5:colcon.colcon_core.verb:set package 'table_order' build argument 'cmake_target_skip_unavailable' from command line to 'False'
[0.531s] Level 5:colcon.colcon_core.verb:set package 'table_order' build argument 'cmake_clean_cache' from command line to 'False'
[0.531s] Level 5:colcon.colcon_core.verb:set package 'table_order' build argument 'cmake_clean_first' from command line to 'False'
[0.531s] Level 5:colcon.colcon_core.verb:set package 'table_order' build argument 'cmake_force_configure' from command line to 'False'
[0.531s] Level 5:colcon.colcon_core.verb:set package 'table_order' build argument 'ament_cmake_args' from command line to 'None'
[0.532s] Level 5:colcon.colcon_core.verb:set package 'table_order' build argument 'catkin_cmake_args' from command line to 'None'
[0.532s] Level 5:colcon.colcon_core.verb:set package 'table_order' build argument 'catkin_skip_building_tests' from command line to 'False'
[0.532s] DEBUG:colcon.colcon_core.verb:Building package 'table_order' with the following arguments: {'ament_cmake_args': None, 'build_base': '/home/psb/rokey_c_2_ws/build/table_order', 'catkin_cmake_args': None, 'catkin_skip_building_tests': False, 'cmake_args': None, 'cmake_clean_cache': False, 'cmake_clean_first': False, 'cmake_force_configure': False, 'cmake_target': None, 'cmake_target_skip_unavailable': False, 'install_base': '/home/psb/rokey_c_2_ws/install/table_order', 'merge_install': False, 'path': '/home/psb/rokey_c_2_ws/src/table_order', 'symlink_install': False, 'test_result_base': None}
[0.532s] INFO:colcon.colcon_core.executor:Executing jobs using 'parallel' executor
[0.533s] DEBUG:colcon.colcon_parallel_executor.executor.parallel:run_until_complete
[0.533s] INFO:colcon.colcon_ros.task.ament_cmake.build:Building ROS package in '/home/psb/rokey_c_2_ws/src/serving_robot_msgs' with build type 'ament_cmake'
[0.533s] INFO:colcon.colcon_cmake.task.cmake.build:Building CMake package in '/home/psb/rokey_c_2_ws/src/serving_robot_msgs'
[0.536s] INFO:colcon.colcon_core.plugin_system:Skipping extension 'colcon_core.shell.bat': Not used on non-Windows systems
[0.536s] INFO:colcon.colcon_core.shell:Skip shell extension 'powershell' for command environment: Not usable outside of PowerShell
[0.536s] DEBUG:colcon.colcon_core.shell:Skip shell extension 'dsv' for command environment
[0.542s] INFO:colcon.colcon_ros.task.ament_cmake.build:Building ROS package in '/home/psb/rokey_c_2_ws/src/table_order_interface' with build type 'ament_cmake'
[0.542s] INFO:colcon.colcon_cmake.task.cmake.build:Building CMake package in '/home/psb/rokey_c_2_ws/src/table_order_interface'
[0.542s] INFO:colcon.colcon_core.shell:Skip shell extension 'powershell' for command environment: Not usable outside of PowerShell
[0.542s] DEBUG:colcon.colcon_core.shell:Skip shell extension 'dsv' for command environment
[0.548s] INFO:colcon.colcon_ros.task.ament_python.build:Building ROS package in '/home/psb/rokey_c_2_ws/src/database' with build type 'ament_python'
[0.548s] Level 1:colcon.colcon_core.shell:create_environment_hook('database', 'ament_prefix_path')
[0.548s] INFO:colcon.colcon_core.shell:Creating environment hook '/home/psb/rokey_c_2_ws/install/database/share/database/hook/ament_prefix_path.ps1'
[0.549s] INFO:colcon.colcon_core.shell:Creating environment descriptor '/home/psb/rokey_c_2_ws/install/database/share/database/hook/ament_prefix_path.dsv'
[0.549s] INFO:colcon.colcon_core.shell:Creating environment hook '/home/psb/rokey_c_2_ws/install/database/share/database/hook/ament_prefix_path.sh'
[0.550s] INFO:colcon.colcon_core.shell:Skip shell extension 'powershell' for command environment: Not usable outside of PowerShell
[0.550s] DEBUG:colcon.colcon_core.shell:Skip shell extension 'dsv' for command environment
[0.555s] INFO:colcon.colcon_ros.task.ament_cmake.build:Building ROS package in '/home/psb/rokey_c_2_ws/src/nav_interfaces' with build type 'ament_cmake'
[0.555s] INFO:colcon.colcon_cmake.task.cmake.build:Building CMake package in '/home/psb/rokey_c_2_ws/src/nav_interfaces'
[0.556s] INFO:colcon.colcon_core.shell:Skip shell extension 'powershell' for command environment: Not usable outside of PowerShell
[0.556s] DEBUG:colcon.colcon_core.shell:Skip shell extension 'dsv' for command environment
[0.561s] INFO:colcon.colcon_ros.task.ament_python.build:Building ROS package in '/home/psb/rokey_c_2_ws/src/turtlebot3_gui' with build type 'ament_python'
[0.561s] Level 1:colcon.colcon_core.shell:create_environment_hook('turtlebot3_gui', 'ament_prefix_path')
[0.561s] INFO:colcon.colcon_core.shell:Creating environment hook '/home/psb/rokey_c_2_ws/install/turtlebot3_gui/share/turtlebot3_gui/hook/ament_prefix_path.ps1'
[0.562s] INFO:colcon.colcon_core.shell:Creating environment descriptor '/home/psb/rokey_c_2_ws/install/turtlebot3_gui/share/turtlebot3_gui/hook/ament_prefix_path.dsv'
[0.562s] INFO:colcon.colcon_core.shell:Creating environment hook '/home/psb/rokey_c_2_ws/install/turtlebot3_gui/share/turtlebot3_gui/hook/ament_prefix_path.sh'
[0.563s] INFO:colcon.colcon_core.shell:Skip shell extension 'powershell' for command environment: Not usable outside of PowerShell
[0.563s] DEBUG:colcon.colcon_core.shell:Skip shell extension 'dsv' for command environment
[0.574s] DEBUG:colcon.colcon_core.event_handler.log_command:Invoking command in '/home/psb/rokey_c_2_ws/build/serving_robot_msgs': CMAKE_PREFIX_PATH=${CMAKE_PREFIX_PATH}:/home/psb/rokey_c_2_ws/install/turtlebot3_gui:/home/psb/rokey_c_2_ws/install/table_order:/home/psb/rokey_c_2_ws/install/serving_robot:/home/psb/rokey_c_2_ws/install/database:/home/psb/rokey_c_2_ws/install/c2_turtle_order_package:/home/psb/turtlebot3_ws/install/turtlebot3_teleop:/home/psb/turtlebot3_ws/install/turtlebot3_example:/opt/ros/humble /usr/bin/cmake --build /home/psb/rokey_c_2_ws/build/serving_robot_msgs -- -j8 -l8
[0.577s] DEBUG:colcon.colcon_core.event_handler.log_command:Invoking command in '/home/psb/rokey_c_2_ws/build/table_order_interface': CMAKE_PREFIX_PATH=${CMAKE_PREFIX_PATH}:/home/psb/rokey_c_2_ws/install/turtlebot3_gui:/home/psb/rokey_c_2_ws/install/table_order:/home/psb/rokey_c_2_ws/install/serving_robot:/home/psb/rokey_c_2_ws/install/database:/home/psb/rokey_c_2_ws/install/c2_turtle_order_package:/home/psb/turtlebot3_ws/install/turtlebot3_teleop:/home/psb/turtlebot3_ws/install/turtlebot3_example:/opt/ros/humble /usr/bin/cmake --build /home/psb/rokey_c_2_ws/build/table_order_interface -- -j8 -l8
[1.103s] INFO:colcon.colcon_core.task.python.build:Building Python package in '/home/psb/rokey_c_2_ws/src/database'
[1.104s] INFO:colcon.colcon_core.shell:Skip shell extension 'powershell' for command environment: Not usable outside of PowerShell
[1.104s] DEBUG:colcon.colcon_core.shell:Skip shell extension 'dsv' for command environment
[1.119s] DEBUG:colcon.colcon_core.event_handler.log_command:Invoking command in '/home/psb/rokey_c_2_ws/build/nav_interfaces': CMAKE_PREFIX_PATH=${CMAKE_PREFIX_PATH}:/home/psb/rokey_c_2_ws/install/turtlebot3_gui:/home/psb/rokey_c_2_ws/install/table_order:/home/psb/rokey_c_2_ws/install/serving_robot:/home/psb/rokey_c_2_ws/install/database:/home/psb/rokey_c_2_ws/install/c2_turtle_order_package:/home/psb/turtlebot3_ws/install/turtlebot3_teleop:/home/psb/turtlebot3_ws/install/turtlebot3_example:/opt/ros/humble /usr/bin/cmake --build /home/psb/rokey_c_2_ws/build/nav_interfaces -- -j8 -l8
[1.748s] INFO:colcon.colcon_core.task.python.build:Building Python package in '/home/psb/rokey_c_2_ws/src/turtlebot3_gui'
[1.748s] INFO:colcon.colcon_core.shell:Skip shell extension 'powershell' for command environment: Not usable outside of PowerShell
[1.748s] DEBUG:colcon.colcon_core.shell:Skip shell extension 'dsv' for command environment
[1.765s] DEBUG:colcon.colcon_core.event_handler.log_command:Invoked command in '/home/psb/rokey_c_2_ws/build/serving_robot_msgs' returned '0': CMAKE_PREFIX_PATH=${CMAKE_PREFIX_PATH}:/home/psb/rokey_c_2_ws/install/turtlebot3_gui:/home/psb/rokey_c_2_ws/install/table_order:/home/psb/rokey_c_2_ws/install/serving_robot:/home/psb/rokey_c_2_ws/install/database:/home/psb/rokey_c_2_ws/install/c2_turtle_order_package:/home/psb/turtlebot3_ws/install/turtlebot3_teleop:/home/psb/turtlebot3_ws/install/turtlebot3_example:/opt/ros/humble /usr/bin/cmake --build /home/psb/rokey_c_2_ws/build/serving_robot_msgs -- -j8 -l8
[1.767s] DEBUG:colcon.colcon_core.event_handler.log_command:Invoked command in '/home/psb/rokey_c_2_ws/build/table_order_interface' returned '0': CMAKE_PREFIX_PATH=${CMAKE_PREFIX_PATH}:/home/psb/rokey_c_2_ws/install/turtlebot3_gui:/home/psb/rokey_c_2_ws/install/table_order:/home/psb/rokey_c_2_ws/install/serving_robot:/home/psb/rokey_c_2_ws/install/database:/home/psb/rokey_c_2_ws/install/c2_turtle_order_package:/home/psb/turtlebot3_ws/install/turtlebot3_teleop:/home/psb/turtlebot3_ws/install/turtlebot3_example:/opt/ros/humble /usr/bin/cmake --build /home/psb/rokey_c_2_ws/build/table_order_interface -- -j8 -l8
[1.906s] DEBUG:colcon.colcon_core.event_handler.log_command:Invoking command in '/home/psb/rokey_c_2_ws/build/table_order_interface': CMAKE_PREFIX_PATH=${CMAKE_PREFIX_PATH}:/home/psb/rokey_c_2_ws/install/turtlebot3_gui:/home/psb/rokey_c_2_ws/install/table_order:/home/psb/rokey_c_2_ws/install/serving_robot:/home/psb/rokey_c_2_ws/install/database:/home/psb/rokey_c_2_ws/install/c2_turtle_order_package:/home/psb/turtlebot3_ws/install/turtlebot3_teleop:/home/psb/turtlebot3_ws/install/turtlebot3_example:/opt/ros/humble /usr/bin/cmake --install /home/psb/rokey_c_2_ws/build/table_order_interface
[1.949s] DEBUG:colcon.colcon_core.event_handler.log_command:Invoked command in '/home/psb/rokey_c_2_ws/build/nav_interfaces' returned '0': CMAKE_PREFIX_PATH=${CMAKE_PREFIX_PATH}:/home/psb/rokey_c_2_ws/install/turtlebot3_gui:/home/psb/rokey_c_2_ws/install/table_order:/home/psb/rokey_c_2_ws/install/serving_robot:/home/psb/rokey_c_2_ws/install/database:/home/psb/rokey_c_2_ws/install/c2_turtle_order_package:/home/psb/turtlebot3_ws/install/turtlebot3_teleop:/home/psb/turtlebot3_ws/install/turtlebot3_example:/opt/ros/humble /usr/bin/cmake --build /home/psb/rokey_c_2_ws/build/nav_interfaces -- -j8 -l8
[2.013s] DEBUG:colcon.colcon_core.event_handler.log_command:Invoking command in '/home/psb/rokey_c_2_ws/build/serving_robot_msgs': CMAKE_PREFIX_PATH=${CMAKE_PREFIX_PATH}:/home/psb/rokey_c_2_ws/install/turtlebot3_gui:/home/psb/rokey_c_2_ws/install/table_order:/home/psb/rokey_c_2_ws/install/serving_robot:/home/psb/rokey_c_2_ws/install/database:/home/psb/rokey_c_2_ws/install/c2_turtle_order_package:/home/psb/turtlebot3_ws/install/turtlebot3_teleop:/home/psb/turtlebot3_ws/install/turtlebot3_example:/opt/ros/humble /usr/bin/cmake --install /home/psb/rokey_c_2_ws/build/serving_robot_msgs
[2.028s] Level 1:colcon.colcon_core.environment:create_environment_scripts_only(table_order_interface)
[2.029s] DEBUG:colcon.colcon_core.event_handler.log_command:Invoked command in '/home/psb/rokey_c_2_ws/build/table_order_interface' returned '0': CMAKE_PREFIX_PATH=${CMAKE_PREFIX_PATH}:/home/psb/rokey_c_2_ws/install/turtlebot3_gui:/home/psb/rokey_c_2_ws/install/table_order:/home/psb/rokey_c_2_ws/install/serving_robot:/home/psb/rokey_c_2_ws/install/database:/home/psb/rokey_c_2_ws/install/c2_turtle_order_package:/home/psb/turtlebot3_ws/install/turtlebot3_teleop:/home/psb/turtlebot3_ws/install/turtlebot3_example:/opt/ros/humble /usr/bin/cmake --install /home/psb/rokey_c_2_ws/build/table_order_interface
[2.062s] Level 1:colcon.colcon_core.environment:checking '/home/psb/rokey_c_2_ws/install/table_order_interface' for CMake module files
[2.065s] Level 1:colcon.colcon_core.environment:checking '/home/psb/rokey_c_2_ws/install/table_order_interface' for CMake config files
[2.066s] Level 1:colcon.colcon_core.shell:create_environment_hook('table_order_interface', 'cmake_prefix_path')
[2.067s] INFO:colcon.colcon_core.shell:Creating environment hook '/home/psb/rokey_c_2_ws/install/table_order_interface/share/table_order_interface/hook/cmake_prefix_path.ps1'
[2.068s] INFO:colcon.colcon_core.shell:Creating environment descriptor '/home/psb/rokey_c_2_ws/install/table_order_interface/share/table_order_interface/hook/cmake_prefix_path.dsv'
[2.069s] INFO:colcon.colcon_core.shell:Creating environment hook '/home/psb/rokey_c_2_ws/install/table_order_interface/share/table_order_interface/hook/cmake_prefix_path.sh'
[2.070s] Level 1:colcon.colcon_core.environment:checking '/home/psb/rokey_c_2_ws/install/table_order_interface/lib'
[2.071s] Level 1:colcon.colcon_core.shell:create_environment_hook('table_order_interface', 'ld_library_path_lib')
[2.071s] INFO:colcon.colcon_core.shell:Creating environment hook '/home/psb/rokey_c_2_ws/install/table_order_interface/share/table_order_interface/hook/ld_library_path_lib.ps1'
[2.073s] INFO:colcon.colcon_core.shell:Creating environment descriptor '/home/psb/rokey_c_2_ws/install/table_order_interface/share/table_order_interface/hook/ld_library_path_lib.dsv'
[2.073s] INFO:colcon.colcon_core.shell:Creating environment hook '/home/psb/rokey_c_2_ws/install/table_order_interface/share/table_order_interface/hook/ld_library_path_lib.sh'
[2.074s] Level 1:colcon.colcon_core.environment:checking '/home/psb/rokey_c_2_ws/install/table_order_interface/bin'
[2.074s] Level 1:colcon.colcon_core.environment:checking '/home/psb/rokey_c_2_ws/install/table_order_interface/lib/pkgconfig/table_order_interface.pc'
[2.075s] Level 1:colcon.colcon_core.environment:checking '/home/psb/rokey_c_2_ws/install/table_order_interface/lib/python3.10/site-packages'
[2.076s] Level 1:colcon.colcon_core.environment:checking '/home/psb/rokey_c_2_ws/install/table_order_interface/bin'
[2.077s] INFO:colcon.colcon_core.shell:Creating package script '/home/psb/rokey_c_2_ws/install/table_order_interface/share/table_order_interface/package.ps1'
[2.079s] INFO:colcon.colcon_core.shell:Creating package descriptor '/home/psb/rokey_c_2_ws/install/table_order_interface/share/table_order_interface/package.dsv'
[2.080s] INFO:colcon.colcon_core.shell:Creating package script '/home/psb/rokey_c_2_ws/install/table_order_interface/share/table_order_interface/package.sh'
[2.083s] INFO:colcon.colcon_core.shell:Creating package script '/home/psb/rokey_c_2_ws/install/table_order_interface/share/table_order_interface/package.bash'
[2.085s] INFO:colcon.colcon_core.shell:Creating package script '/home/psb/rokey_c_2_ws/install/table_order_interface/share/table_order_interface/package.zsh'
[2.086s] Level 1:colcon.colcon_core.environment:create_file_with_runtime_dependencies(/home/psb/rokey_c_2_ws/install/table_order_interface/share/colcon-core/packages/table_order_interface)
[2.093s] DEBUG:colcon.colcon_core.event_handler.log_command:Invoking command in '/home/psb/rokey_c_2_ws/build/nav_interfaces': CMAKE_PREFIX_PATH=${CMAKE_PREFIX_PATH}:/home/psb/rokey_c_2_ws/install/turtlebot3_gui:/home/psb/rokey_c_2_ws/install/table_order:/home/psb/rokey_c_2_ws/install/serving_robot:/home/psb/rokey_c_2_ws/install/database:/home/psb/rokey_c_2_ws/install/c2_turtle_order_package:/home/psb/turtlebot3_ws/install/turtlebot3_teleop:/home/psb/turtlebot3_ws/install/turtlebot3_example:/opt/ros/humble /usr/bin/cmake --install /home/psb/rokey_c_2_ws/build/nav_interfaces
[2.156s] Level 1:colcon.colcon_core.environment:create_environment_scripts_only(serving_robot_msgs)
[2.157s] Level 1:colcon.colcon_core.environment:checking '/home/psb/rokey_c_2_ws/install/serving_robot_msgs' for CMake module files
[2.158s] DEBUG:colcon.colcon_core.event_handler.log_command:Invoked command in '/home/psb/rokey_c_2_ws/build/serving_robot_msgs' returned '0': CMAKE_PREFIX_PATH=${CMAKE_PREFIX_PATH}:/home/psb/rokey_c_2_ws/install/turtlebot3_gui:/home/psb/rokey_c_2_ws/install/table_order:/home/psb/rokey_c_2_ws/install/serving_robot:/home/psb/rokey_c_2_ws/install/database:/home/psb/rokey_c_2_ws/install/c2_turtle_order_package:/home/psb/turtlebot3_ws/install/turtlebot3_teleop:/home/psb/turtlebot3_ws/install/turtlebot3_example:/opt/ros/humble /usr/bin/cmake --install /home/psb/rokey_c_2_ws/build/serving_robot_msgs
[2.160s] Level 1:colcon.colcon_core.environment:checking '/home/psb/rokey_c_2_ws/install/serving_robot_msgs' for CMake config files
[2.162s] Level 1:colcon.colcon_core.shell:create_environment_hook('serving_robot_msgs', 'cmake_prefix_path')
[2.162s] INFO:colcon.colcon_core.shell:Creating environment hook '/home/psb/rokey_c_2_ws/install/serving_robot_msgs/share/serving_robot_msgs/hook/cmake_prefix_path.ps1'
[2.163s] INFO:colcon.colcon_core.shell:Creating environment descriptor '/home/psb/rokey_c_2_ws/install/serving_robot_msgs/share/serving_robot_msgs/hook/cmake_prefix_path.dsv'
[2.164s] INFO:colcon.colcon_core.shell:Creating environment hook '/home/psb/rokey_c_2_ws/install/serving_robot_msgs/share/serving_robot_msgs/hook/cmake_prefix_path.sh'
[2.165s] Level 1:colcon.colcon_core.environment:checking '/home/psb/rokey_c_2_ws/install/serving_robot_msgs/lib'
[2.165s] Level 1:colcon.colcon_core.shell:create_environment_hook('serving_robot_msgs', 'ld_library_path_lib')
[2.166s] INFO:colcon.colcon_core.shell:Creating environment hook '/home/psb/rokey_c_2_ws/install/serving_robot_msgs/share/serving_robot_msgs/hook/ld_library_path_lib.ps1'
[2.167s] INFO:colcon.colcon_core.shell:Creating environment descriptor '/home/psb/rokey_c_2_ws/install/serving_robot_msgs/share/serving_robot_msgs/hook/ld_library_path_lib.dsv'
[2.167s] INFO:colcon.colcon_core.shell:Creating environment hook '/home/psb/rokey_c_2_ws/install/serving_robot_msgs/share/serving_robot_msgs/hook/ld_library_path_lib.sh'
[2.168s] Level 1:colcon.colcon_core.environment:checking '/home/psb/rokey_c_2_ws/install/serving_robot_msgs/bin'
[2.168s] Level 1:colcon.colcon_core.environment:checking '/home/psb/rokey_c_2_ws/install/serving_robot_msgs/lib/pkgconfig/serving_robot_msgs.pc'
[2.169s] Level 1:colcon.colcon_core.environment:checking '/home/psb/rokey_c_2_ws/install/serving_robot_msgs/lib/python3.10/site-packages'
[2.169s] Level 1:colcon.colcon_core.environment:checking '/home/psb/rokey_c_2_ws/install/serving_robot_msgs/bin'
[2.171s] INFO:colcon.colcon_core.shell:Creating package script '/home/psb/rokey_c_2_ws/install/serving_robot_msgs/share/serving_robot_msgs/package.ps1'
[2.172s] INFO:colcon.colcon_core.shell:Creating package descriptor '/home/psb/rokey_c_2_ws/install/serving_robot_msgs/share/serving_robot_msgs/package.dsv'
[2.173s] INFO:colcon.colcon_core.shell:Creating package script '/home/psb/rokey_c_2_ws/install/serving_robot_msgs/share/serving_robot_msgs/package.sh'
[2.173s] INFO:colcon.colcon_core.shell:Creating package script '/home/psb/rokey_c_2_ws/install/serving_robot_msgs/share/serving_robot_msgs/package.bash'
[2.174s] INFO:colcon.colcon_core.shell:Creating package script '/home/psb/rokey_c_2_ws/install/serving_robot_msgs/share/serving_robot_msgs/package.zsh'
[2.175s] Level 1:colcon.colcon_core.environment:create_file_with_runtime_dependencies(/home/psb/rokey_c_2_ws/install/serving_robot_msgs/share/colcon-core/packages/serving_robot_msgs)
[2.214s] Level 1:colcon.colcon_core.environment:create_environment_scripts_only(nav_interfaces)
[2.215s] Level 1:colcon.colcon_core.environment:checking '/home/psb/rokey_c_2_ws/install/nav_interfaces' for CMake module files
[2.216s] DEBUG:colcon.colcon_core.event_handler.log_command:Invoked command in '/home/psb/rokey_c_2_ws/build/nav_interfaces' returned '0': CMAKE_PREFIX_PATH=${CMAKE_PREFIX_PATH}:/home/psb/rokey_c_2_ws/install/turtlebot3_gui:/home/psb/rokey_c_2_ws/install/table_order:/home/psb/rokey_c_2_ws/install/serving_robot:/home/psb/rokey_c_2_ws/install/database:/home/psb/rokey_c_2_ws/install/c2_turtle_order_package:/home/psb/turtlebot3_ws/install/turtlebot3_teleop:/home/psb/turtlebot3_ws/install/turtlebot3_example:/opt/ros/humble /usr/bin/cmake --install /home/psb/rokey_c_2_ws/build/nav_interfaces
[2.217s] Level 1:colcon.colcon_core.environment:checking '/home/psb/rokey_c_2_ws/install/nav_interfaces' for CMake config files
[2.219s] Level 1:colcon.colcon_core.shell:create_environment_hook('nav_interfaces', 'cmake_prefix_path')
[2.220s] INFO:colcon.colcon_core.shell:Creating environment hook '/home/psb/rokey_c_2_ws/install/nav_interfaces/share/nav_interfaces/hook/cmake_prefix_path.ps1'
[2.220s] INFO:colcon.colcon_core.shell:Creating environment descriptor '/home/psb/rokey_c_2_ws/install/nav_interfaces/share/nav_interfaces/hook/cmake_prefix_path.dsv'
[2.221s] INFO:colcon.colcon_core.shell:Creating environment hook '/home/psb/rokey_c_2_ws/install/nav_interfaces/share/nav_interfaces/hook/cmake_prefix_path.sh'
[2.222s] Level 1:colcon.colcon_core.environment:checking '/home/psb/rokey_c_2_ws/install/nav_interfaces/lib'
[2.222s] Level 1:colcon.colcon_core.shell:create_environment_hook('nav_interfaces', 'ld_library_path_lib')
[2.223s] INFO:colcon.colcon_core.shell:Creating environment hook '/home/psb/rokey_c_2_ws/install/nav_interfaces/share/nav_interfaces/hook/ld_library_path_lib.ps1'
[2.224s] INFO:colcon.colcon_core.shell:Creating environment descriptor '/home/psb/rokey_c_2_ws/install/nav_interfaces/share/nav_interfaces/hook/ld_library_path_lib.dsv'
[2.224s] INFO:colcon.colcon_core.shell:Creating environment hook '/home/psb/rokey_c_2_ws/install/nav_interfaces/share/nav_interfaces/hook/ld_library_path_lib.sh'
[2.225s] Level 1:colcon.colcon_core.environment:checking '/home/psb/rokey_c_2_ws/install/nav_interfaces/bin'
[2.225s] Level 1:colcon.colcon_core.environment:checking '/home/psb/rokey_c_2_ws/install/nav_interfaces/lib/pkgconfig/nav_interfaces.pc'
[2.226s] Level 1:colcon.colcon_core.environment:checking '/home/psb/rokey_c_2_ws/install/nav_interfaces/lib/python3.10/site-packages'
[2.226s] Level 1:colcon.colcon_core.environment:checking '/home/psb/rokey_c_2_ws/install/nav_interfaces/bin'
[2.227s] INFO:colcon.colcon_core.shell:Creating package script '/home/psb/rokey_c_2_ws/install/nav_interfaces/share/nav_interfaces/package.ps1'
[2.228s] INFO:colcon.colcon_core.shell:Creating package descriptor '/home/psb/rokey_c_2_ws/install/nav_interfaces/share/nav_interfaces/package.dsv'
[2.229s] INFO:colcon.colcon_core.shell:Creating package script '/home/psb/rokey_c_2_ws/install/nav_interfaces/share/nav_interfaces/package.sh'
[2.230s] INFO:colcon.colcon_core.shell:Creating package script '/home/psb/rokey_c_2_ws/install/nav_interfaces/share/nav_interfaces/package.bash'
[2.231s] INFO:colcon.colcon_core.shell:Creating package script '/home/psb/rokey_c_2_ws/install/nav_interfaces/share/nav_interfaces/package.zsh'
[2.232s] Level 1:colcon.colcon_core.environment:create_file_with_runtime_dependencies(/home/psb/rokey_c_2_ws/install/nav_interfaces/share/colcon-core/packages/nav_interfaces)
[2.234s] Level 1:colcon.colcon_core.environment:create_environment_scripts_only(table_order_interface)
[2.235s] Level 1:colcon.colcon_core.environment:checking '/home/psb/rokey_c_2_ws/install/table_order_interface' for CMake module files
[2.236s] Level 1:colcon.colcon_core.environment:checking '/home/psb/rokey_c_2_ws/install/table_order_interface' for CMake config files
[2.238s] Level 1:colcon.colcon_core.shell:create_environment_hook('table_order_interface', 'cmake_prefix_path')
[2.239s] INFO:colcon.colcon_core.shell:Creating environment hook '/home/psb/rokey_c_2_ws/install/table_order_interface/share/table_order_interface/hook/cmake_prefix_path.ps1'
[2.239s] INFO:colcon.colcon_core.shell:Creating environment descriptor '/home/psb/rokey_c_2_ws/install/table_order_interface/share/table_order_interface/hook/cmake_prefix_path.dsv'
[2.240s] INFO:colcon.colcon_core.shell:Creating environment hook '/home/psb/rokey_c_2_ws/install/table_order_interface/share/table_order_interface/hook/cmake_prefix_path.sh'
[2.242s] Level 1:colcon.colcon_core.environment:checking '/home/psb/rokey_c_2_ws/install/table_order_interface/lib'
[2.242s] Level 1:colcon.colcon_core.shell:create_environment_hook('table_order_interface', 'ld_library_path_lib')
[2.242s] INFO:colcon.colcon_core.shell:Creating environment hook '/home/psb/rokey_c_2_ws/install/table_order_interface/share/table_order_interface/hook/ld_library_path_lib.ps1'
[2.243s] INFO:colcon.colcon_core.shell:Creating environment descriptor '/home/psb/rokey_c_2_ws/install/table_order_interface/share/table_order_interface/hook/ld_library_path_lib.dsv'
[2.244s] INFO:colcon.colcon_core.shell:Creating environment hook '/home/psb/rokey_c_2_ws/install/table_order_interface/share/table_order_interface/hook/ld_library_path_lib.sh'
[2.245s] Level 1:colcon.colcon_core.environment:checking '/home/psb/rokey_c_2_ws/install/table_order_interface/bin'
[2.245s] Level 1:colcon.colcon_core.environment:checking '/home/psb/rokey_c_2_ws/install/table_order_interface/lib/pkgconfig/table_order_interface.pc'
[2.245s] Level 1:colcon.colcon_core.environment:checking '/home/psb/rokey_c_2_ws/install/table_order_interface/lib/python3.10/site-packages'
[2.246s] Level 1:colcon.colcon_core.environment:checking '/home/psb/rokey_c_2_ws/install/table_order_interface/bin'
[2.247s] INFO:colcon.colcon_core.shell:Creating package script '/home/psb/rokey_c_2_ws/install/table_order_interface/share/table_order_interface/package.ps1'
[2.248s] INFO:colcon.colcon_core.shell:Creating package descriptor '/home/psb/rokey_c_2_ws/install/table_order_interface/share/table_order_interface/package.dsv'
[2.249s] INFO:colcon.colcon_core.shell:Creating package script '/home/psb/rokey_c_2_ws/install/table_order_interface/share/table_order_interface/package.sh'
[2.251s] INFO:colcon.colcon_core.shell:Creating package script '/home/psb/rokey_c_2_ws/install/table_order_interface/share/table_order_interface/package.bash'
[2.251s] INFO:colcon.colcon_core.shell:Creating package script '/home/psb/rokey_c_2_ws/install/table_order_interface/share/table_order_interface/package.zsh'
[2.252s] Level 1:colcon.colcon_core.environment:create_file_with_runtime_dependencies(/home/psb/rokey_c_2_ws/install/table_order_interface/share/colcon-core/packages/table_order_interface)
[2.253s] INFO:colcon.colcon_ros.task.ament_python.build:Building ROS package in '/home/psb/rokey_c_2_ws/src/table_order' with build type 'ament_python'
[2.254s] Level 1:colcon.colcon_core.shell:create_environment_hook('table_order', 'ament_prefix_path')
[2.254s] INFO:colcon.colcon_core.shell:Creating environment hook '/home/psb/rokey_c_2_ws/install/table_order/share/table_order/hook/ament_prefix_path.ps1'
[2.256s] INFO:colcon.colcon_core.shell:Creating environment descriptor '/home/psb/rokey_c_2_ws/install/table_order/share/table_order/hook/ament_prefix_path.dsv'
[2.256s] INFO:colcon.colcon_core.shell:Creating environment hook '/home/psb/rokey_c_2_ws/install/table_order/share/table_order/hook/ament_prefix_path.sh'
[2.257s] INFO:colcon.colcon_core.shell:Skip shell extension 'powershell' for command environment: Not usable outside of PowerShell
[2.257s] DEBUG:colcon.colcon_core.shell:Skip shell extension 'dsv' for command environment
[2.837s] INFO:colcon.colcon_core.task.python.build:Building Python package in '/home/psb/rokey_c_2_ws/src/table_order'
[2.837s] INFO:colcon.colcon_core.shell:Skip shell extension 'powershell' for command environment: Not usable outside of PowerShell
[2.837s] DEBUG:colcon.colcon_core.shell:Skip shell extension 'dsv' for command environment
[2.845s] Level 1:colcon.colcon_core.environment:create_environment_scripts_only(nav_interfaces)
[2.845s] Level 1:colcon.colcon_core.environment:checking '/home/psb/rokey_c_2_ws/install/nav_interfaces' for CMake module files
[2.846s] Level 1:colcon.colcon_core.environment:checking '/home/psb/rokey_c_2_ws/install/nav_interfaces' for CMake config files
[2.846s] Level 1:colcon.colcon_core.shell:create_environment_hook('nav_interfaces', 'cmake_prefix_path')
[2.847s] INFO:colcon.colcon_core.shell:Creating environment hook '/home/psb/rokey_c_2_ws/install/nav_interfaces/share/nav_interfaces/hook/cmake_prefix_path.ps1'
[2.847s] INFO:colcon.colcon_core.shell:Creating environment descriptor '/home/psb/rokey_c_2_ws/install/nav_interfaces/share/nav_interfaces/hook/cmake_prefix_path.dsv'
[2.847s] INFO:colcon.colcon_core.shell:Creating environment hook '/home/psb/rokey_c_2_ws/install/nav_interfaces/share/nav_interfaces/hook/cmake_prefix_path.sh'
[2.848s] Level 1:colcon.colcon_core.environment:checking '/home/psb/rokey_c_2_ws/install/nav_interfaces/lib'
[2.848s] Level 1:colcon.colcon_core.shell:create_environment_hook('nav_interfaces', 'ld_library_path_lib')
[2.849s] INFO:colcon.colcon_core.shell:Creating environment hook '/home/psb/rokey_c_2_ws/install/nav_interfaces/share/nav_interfaces/hook/ld_library_path_lib.ps1'
[2.849s] INFO:colcon.colcon_core.shell:Creating environment descriptor '/home/psb/rokey_c_2_ws/install/nav_interfaces/share/nav_interfaces/hook/ld_library_path_lib.dsv'
[2.849s] INFO:colcon.colcon_core.shell:Creating environment hook '/home/psb/rokey_c_2_ws/install/nav_interfaces/share/nav_interfaces/hook/ld_library_path_lib.sh'
[2.850s] Level 1:colcon.colcon_core.environment:checking '/home/psb/rokey_c_2_ws/install/nav_interfaces/bin'
[2.850s] Level 1:colcon.colcon_core.environment:checking '/home/psb/rokey_c_2_ws/install/nav_interfaces/lib/pkgconfig/nav_interfaces.pc'
[2.850s] Level 1:colcon.colcon_core.environment:checking '/home/psb/rokey_c_2_ws/install/nav_interfaces/lib/python3.10/site-packages'
[2.851s] Level 1:colcon.colcon_core.environment:checking '/home/psb/rokey_c_2_ws/install/nav_interfaces/bin'
[2.851s] INFO:colcon.colcon_core.shell:Creating package script '/home/psb/rokey_c_2_ws/install/nav_interfaces/share/nav_interfaces/package.ps1'
[2.852s] INFO:colcon.colcon_core.shell:Creating package descriptor '/home/psb/rokey_c_2_ws/install/nav_interfaces/share/nav_interfaces/package.dsv'
[2.852s] INFO:colcon.colcon_core.shell:Creating package script '/home/psb/rokey_c_2_ws/install/nav_interfaces/share/nav_interfaces/package.sh'
[2.853s] INFO:colcon.colcon_core.shell:Creating package script '/home/psb/rokey_c_2_ws/install/nav_interfaces/share/nav_interfaces/package.bash'
[2.853s] INFO:colcon.colcon_core.shell:Creating package script '/home/psb/rokey_c_2_ws/install/nav_interfaces/share/nav_interfaces/package.zsh'
[2.854s] Level 1:colcon.colcon_core.environment:create_file_with_runtime_dependencies(/home/psb/rokey_c_2_ws/install/nav_interfaces/share/colcon-core/packages/nav_interfaces)
[2.854s] Level 1:colcon.colcon_core.environment:create_environment_scripts_only(serving_robot_msgs)
[2.855s] Level 1:colcon.colcon_core.environment:checking '/home/psb/rokey_c_2_ws/install/serving_robot_msgs' for CMake module files
[2.856s] Level 1:colcon.colcon_core.environment:checking '/home/psb/rokey_c_2_ws/install/serving_robot_msgs' for CMake config files
[2.857s] Level 1:colcon.colcon_core.shell:create_environment_hook('serving_robot_msgs', 'cmake_prefix_path')
[2.857s] INFO:colcon.colcon_core.shell:Creating environment hook '/home/psb/rokey_c_2_ws/install/serving_robot_msgs/share/serving_robot_msgs/hook/cmake_prefix_path.ps1'
[2.858s] INFO:colcon.colcon_core.shell:Creating environment descriptor '/home/psb/rokey_c_2_ws/install/serving_robot_msgs/share/serving_robot_msgs/hook/cmake_prefix_path.dsv'
[2.858s] INFO:colcon.colcon_core.shell:Creating environment hook '/home/psb/rokey_c_2_ws/install/serving_robot_msgs/share/serving_robot_msgs/hook/cmake_prefix_path.sh'
[2.859s] Level 1:colcon.colcon_core.environment:checking '/home/psb/rokey_c_2_ws/install/serving_robot_msgs/lib'
[2.859s] Level 1:colcon.colcon_core.shell:create_environment_hook('serving_robot_msgs', 'ld_library_path_lib')
[2.859s] INFO:colcon.colcon_core.shell:Creating environment hook '/home/psb/rokey_c_2_ws/install/serving_robot_msgs/share/serving_robot_msgs/hook/ld_library_path_lib.ps1'
[2.859s] INFO:colcon.colcon_core.shell:Creating environment descriptor '/home/psb/rokey_c_2_ws/install/serving_robot_msgs/share/serving_robot_msgs/hook/ld_library_path_lib.dsv'
[2.860s] INFO:colcon.colcon_core.shell:Creating environment hook '/home/psb/rokey_c_2_ws/install/serving_robot_msgs/share/serving_robot_msgs/hook/ld_library_path_lib.sh'
[2.860s] Level 1:colcon.colcon_core.environment:checking '/home/psb/rokey_c_2_ws/install/serving_robot_msgs/bin'
[2.860s] Level 1:colcon.colcon_core.environment:checking '/home/psb/rokey_c_2_ws/install/serving_robot_msgs/lib/pkgconfig/serving_robot_msgs.pc'
[2.861s] Level 1:colcon.colcon_core.environment:checking '/home/psb/rokey_c_2_ws/install/serving_robot_msgs/lib/python3.10/site-packages'
[2.861s] Level 1:colcon.colcon_core.environment:checking '/home/psb/rokey_c_2_ws/install/serving_robot_msgs/bin'
[2.861s] INFO:colcon.colcon_core.shell:Creating package script '/home/psb/rokey_c_2_ws/install/serving_robot_msgs/share/serving_robot_msgs/package.ps1'
[2.862s] INFO:colcon.colcon_core.shell:Creating package descriptor '/home/psb/rokey_c_2_ws/install/serving_robot_msgs/share/serving_robot_msgs/package.dsv'
[2.862s] INFO:colcon.colcon_core.shell:Creating package script '/home/psb/rokey_c_2_ws/install/serving_robot_msgs/share/serving_robot_msgs/package.sh'
[2.863s] INFO:colcon.colcon_core.shell:Creating package script '/home/psb/rokey_c_2_ws/install/serving_robot_msgs/share/serving_robot_msgs/package.bash'
[2.863s] INFO:colcon.colcon_core.shell:Creating package script '/home/psb/rokey_c_2_ws/install/serving_robot_msgs/share/serving_robot_msgs/package.zsh'
[2.864s] Level 1:colcon.colcon_core.environment:create_file_with_runtime_dependencies(/home/psb/rokey_c_2_ws/install/serving_robot_msgs/share/colcon-core/packages/serving_robot_msgs)
[2.869s] INFO:colcon.colcon_ros.task.ament_python.build:Building ROS package in '/home/psb/rokey_c_2_ws/src/serving_robot' with build type 'ament_python'
[2.869s] Level 1:colcon.colcon_core.shell:create_environment_hook('serving_robot', 'ament_prefix_path')
[2.869s] INFO:colcon.colcon_core.shell:Creating environment hook '/home/psb/rokey_c_2_ws/install/serving_robot/share/serving_robot/hook/ament_prefix_path.ps1'
[2.870s] INFO:colcon.colcon_core.shell:Creating environment descriptor '/home/psb/rokey_c_2_ws/install/serving_robot/share/serving_robot/hook/ament_prefix_path.dsv'
[2.870s] DEBUG:colcon.colcon_core.event_handler.log_command:Invoking command in '/home/psb/rokey_c_2_ws/src/database': PYTHONPATH=/home/psb/rokey_c_2_ws/build/database/prefix_override:/usr/lib/python3/dist-packages/colcon_core/task/python/colcon_distutils_commands:/home/psb/rokey_c_2_ws/install/database/lib/python3.10/site-packages:${PYTHONPATH} /usr/bin/python3 -W ignore:setup.py install is deprecated setup.py egg_info --egg-base ../../build/database build --build-base /home/psb/rokey_c_2_ws/build/database/build install --record /home/psb/rokey_c_2_ws/build/database/install.log --single-version-externally-managed install_data
[2.871s] INFO:colcon.colcon_core.shell:Creating environment hook '/home/psb/rokey_c_2_ws/install/serving_robot/share/serving_robot/hook/ament_prefix_path.sh'
[2.872s] INFO:colcon.colcon_core.shell:Skip shell extension 'powershell' for command environment: Not usable outside of PowerShell
[2.872s] DEBUG:colcon.colcon_core.shell:Skip shell extension 'dsv' for command environment
[2.873s] DEBUG:colcon.colcon_core.event_handler.log_command:Invoking command in '/home/psb/rokey_c_2_ws/src/turtlebot3_gui': PYTHONPATH=/home/psb/rokey_c_2_ws/build/turtlebot3_gui/prefix_override:/usr/lib/python3/dist-packages/colcon_core/task/python/colcon_distutils_commands:/home/psb/rokey_c_2_ws/install/turtlebot3_gui/lib/python3.10/site-packages:${PYTHONPATH} /usr/bin/python3 -W ignore:setup.py install is deprecated setup.py egg_info --egg-base ../../build/turtlebot3_gui build --build-base /home/psb/rokey_c_2_ws/build/turtlebot3_gui/build install --record /home/psb/rokey_c_2_ws/build/turtlebot3_gui/install.log --single-version-externally-managed install_data
[3.492s] INFO:colcon.colcon_core.task.python.build:Building Python package in '/home/psb/rokey_c_2_ws/src/serving_robot'
[3.492s] INFO:colcon.colcon_core.shell:Skip shell extension 'powershell' for command environment: Not usable outside of PowerShell
[3.492s] DEBUG:colcon.colcon_core.shell:Skip shell extension 'dsv' for command environment
[3.534s] Level 1:colcon.colcon_core.environment:checking '/home/psb/rokey_c_2_ws/install/database' for CMake module files
[3.536s] DEBUG:colcon.colcon_core.event_handler.log_command:Invoked command in '/home/psb/rokey_c_2_ws/src/database' returned '0': PYTHONPATH=/home/psb/rokey_c_2_ws/build/database/prefix_override:/usr/lib/python3/dist-packages/colcon_core/task/python/colcon_distutils_commands:/home/psb/rokey_c_2_ws/install/database/lib/python3.10/site-packages:${PYTHONPATH} /usr/bin/python3 -W ignore:setup.py install is deprecated setup.py egg_info --egg-base ../../build/database build --build-base /home/psb/rokey_c_2_ws/build/database/build install --record /home/psb/rokey_c_2_ws/build/database/install.log --single-version-externally-managed install_data
[3.536s] Level 1:colcon.colcon_core.environment:checking '/home/psb/rokey_c_2_ws/install/database' for CMake config files
[3.538s] Level 1:colcon.colcon_core.environment:checking '/home/psb/rokey_c_2_ws/install/database/lib'
[3.538s] Level 1:colcon.colcon_core.environment:checking '/home/psb/rokey_c_2_ws/install/database/bin'
[3.538s] Level 1:colcon.colcon_core.environment:checking '/home/psb/rokey_c_2_ws/install/database/lib/pkgconfig/database.pc'
[3.538s] Level 1:colcon.colcon_core.environment:checking '/home/psb/rokey_c_2_ws/install/database/lib/python3.10/site-packages'
[3.538s] Level 1:colcon.colcon_core.shell:create_environment_hook('database', 'pythonpath')
[3.539s] INFO:colcon.colcon_core.shell:Creating environment hook '/home/psb/rokey_c_2_ws/install/database/share/database/hook/pythonpath.ps1'
[3.540s] INFO:colcon.colcon_core.shell:Creating environment descriptor '/home/psb/rokey_c_2_ws/install/database/share/database/hook/pythonpath.dsv'
[3.540s] INFO:colcon.colcon_core.shell:Creating environment hook '/home/psb/rokey_c_2_ws/install/database/share/database/hook/pythonpath.sh'
[3.541s] Level 1:colcon.colcon_core.environment:checking '/home/psb/rokey_c_2_ws/install/database/bin'
[3.541s] Level 1:colcon.colcon_core.environment:create_environment_scripts_only(database)
[3.542s] INFO:colcon.colcon_core.shell:Creating package script '/home/psb/rokey_c_2_ws/install/database/share/database/package.ps1'
[3.542s] INFO:colcon.colcon_core.shell:Creating package descriptor '/home/psb/rokey_c_2_ws/install/database/share/database/package.dsv'
[3.543s] INFO:colcon.colcon_core.shell:Creating package script '/home/psb/rokey_c_2_ws/install/database/share/database/package.sh'
[3.544s] INFO:colcon.colcon_core.shell:Creating package script '/home/psb/rokey_c_2_ws/install/database/share/database/package.bash'
[3.544s] INFO:colcon.colcon_core.shell:Creating package script '/home/psb/rokey_c_2_ws/install/database/share/database/package.zsh'
[3.544s] Level 1:colcon.colcon_core.environment:create_file_with_runtime_dependencies(/home/psb/rokey_c_2_ws/install/database/share/colcon-core/packages/database)
[3.609s] Level 1:colcon.colcon_core.environment:checking '/home/psb/rokey_c_2_ws/install/turtlebot3_gui' for CMake module files
[3.610s] DEBUG:colcon.colcon_core.event_handler.log_command:Invoked command in '/home/psb/rokey_c_2_ws/src/turtlebot3_gui' returned '0': PYTHONPATH=/home/psb/rokey_c_2_ws/build/turtlebot3_gui/prefix_override:/usr/lib/python3/dist-packages/colcon_core/task/python/colcon_distutils_commands:/home/psb/rokey_c_2_ws/install/turtlebot3_gui/lib/python3.10/site-packages:${PYTHONPATH} /usr/bin/python3 -W ignore:setup.py install is deprecated setup.py egg_info --egg-base ../../build/turtlebot3_gui build --build-base /home/psb/rokey_c_2_ws/build/turtlebot3_gui/build install --record /home/psb/rokey_c_2_ws/build/turtlebot3_gui/install.log --single-version-externally-managed install_data
[3.611s] Level 1:colcon.colcon_core.environment:checking '/home/psb/rokey_c_2_ws/install/turtlebot3_gui' for CMake config files
[3.611s] Level 1:colcon.colcon_core.environment:checking '/home/psb/rokey_c_2_ws/install/turtlebot3_gui/lib'
[3.611s] Level 1:colcon.colcon_core.environment:checking '/home/psb/rokey_c_2_ws/install/turtlebot3_gui/bin'
[3.611s] Level 1:colcon.colcon_core.environment:checking '/home/psb/rokey_c_2_ws/install/turtlebot3_gui/lib/pkgconfig/turtlebot3_gui.pc'
[3.612s] Level 1:colcon.colcon_core.environment:checking '/home/psb/rokey_c_2_ws/install/turtlebot3_gui/lib/python3.10/site-packages'
[3.612s] Level 1:colcon.colcon_core.shell:create_environment_hook('turtlebot3_gui', 'pythonpath')
[3.612s] INFO:colcon.colcon_core.shell:Creating environment hook '/home/psb/rokey_c_2_ws/install/turtlebot3_gui/share/turtlebot3_gui/hook/pythonpath.ps1'
[3.613s] INFO:colcon.colcon_core.shell:Creating environment descriptor '/home/psb/rokey_c_2_ws/install/turtlebot3_gui/share/turtlebot3_gui/hook/pythonpath.dsv'
[3.613s] INFO:colcon.colcon_core.shell:Creating environment hook '/home/psb/rokey_c_2_ws/install/turtlebot3_gui/share/turtlebot3_gui/hook/pythonpath.sh'
[3.614s] Level 1:colcon.colcon_core.environment:checking '/home/psb/rokey_c_2_ws/install/turtlebot3_gui/bin'
[3.614s] Level 1:colcon.colcon_core.environment:create_environment_scripts_only(turtlebot3_gui)
[3.615s] INFO:colcon.colcon_core.shell:Creating package script '/home/psb/rokey_c_2_ws/install/turtlebot3_gui/share/turtlebot3_gui/package.ps1'
[3.616s] INFO:colcon.colcon_core.shell:Creating package descriptor '/home/psb/rokey_c_2_ws/install/turtlebot3_gui/share/turtlebot3_gui/package.dsv'
[3.616s] INFO:colcon.colcon_core.shell:Creating package script '/home/psb/rokey_c_2_ws/install/turtlebot3_gui/share/turtlebot3_gui/package.sh'
[3.617s] INFO:colcon.colcon_core.shell:Creating package script '/home/psb/rokey_c_2_ws/install/turtlebot3_gui/share/turtlebot3_gui/package.bash'
[3.617s] INFO:colcon.colcon_core.shell:Creating package script '/home/psb/rokey_c_2_ws/install/turtlebot3_gui/share/turtlebot3_gui/package.zsh'
[3.618s] Level 1:colcon.colcon_core.environment:create_file_with_runtime_dependencies(/home/psb/rokey_c_2_ws/install/turtlebot3_gui/share/colcon-core/packages/turtlebot3_gui)
[3.828s] DEBUG:colcon.colcon_core.event_handler.log_command:Invoking command in '/home/psb/rokey_c_2_ws/src/table_order': LD_LIBRARY_PATH=/home/psb/rokey_c_2_ws/install/table_order_interface/lib:/home/psb/rokey_c_2_ws/install/serving_robot_msgs/lib:/home/psb/rokey_c_2_ws/install/nav_interfaces/lib:/home/psb/rokey_c_2_ws/install/c2_turtle_interface/lib:/home/psb/turtlebot3_ws/install/turtlebot3_msgs/lib:/usr/lib/x86_64-linux-gnu/gazebo-11/plugins:/opt/ros/humble/opt/rviz_ogre_vendor/lib:/opt/ros/humble/lib/x86_64-linux-gnu:/opt/ros/humble/lib:/usr/lib/x86_64-linux-gnu/gazebo-11/plugins PYTHONPATH=/home/psb/rokey_c_2_ws/build/table_order/prefix_override:/usr/lib/python3/dist-packages/colcon_core/task/python/colcon_distutils_commands:/home/psb/rokey_c_2_ws/install/table_order/lib/python3.10/site-packages:${PYTHONPATH} /usr/bin/python3 -W ignore:setup.py install is deprecated setup.py egg_info --egg-base ../../build/table_order build --build-base /home/psb/rokey_c_2_ws/build/table_order/build install --record /home/psb/rokey_c_2_ws/build/table_order/install.log --single-version-externally-managed install_data
[4.226s] DEBUG:colcon.colcon_core.event_handler.log_command:Invoking command in '/home/psb/rokey_c_2_ws/src/serving_robot': CMAKE_PREFIX_PATH=/home/psb/rokey_c_2_ws/install/serving_robot_msgs:/home/psb/rokey_c_2_ws/install/table_order_interface:/home/psb/rokey_c_2_ws/install/nav_interfaces:/home/psb/rokey_c_2_ws/install/c2_turtle_interface:/home/psb/turtlebot3_ws/install/turtlebot3:/home/psb/turtlebot3_ws/install/turtlebot3_simulations:/home/psb/turtlebot3_ws/install/turtlebot3_bringup:/home/psb/turtlebot3_ws/install/turtlebot3_node:/home/psb/turtlebot3_ws/install/turtlebot3_navigation2:/home/psb/turtlebot3_ws/install/turtlebot3_fake_node:/home/psb/turtlebot3_ws/install/turtlebot3_msgs:/home/psb/turtlebot3_ws/install/turtlebot3_gazebo:/home/psb/turtlebot3_ws/install/turtlebot3_description:/home/psb/turtlebot3_ws/install/turtlebot3_cartographer LD_LIBRARY_PATH=/home/psb/rokey_c_2_ws/install/serving_robot_msgs/lib:/home/psb/rokey_c_2_ws/install/table_order_interface/lib:/home/psb/rokey_c_2_ws/install/nav_interfaces/lib:/home/psb/rokey_c_2_ws/install/c2_turtle_interface/lib:/home/psb/turtlebot3_ws/install/turtlebot3_msgs/lib:/usr/lib/x86_64-linux-gnu/gazebo-11/plugins:/opt/ros/humble/opt/rviz_ogre_vendor/lib:/opt/ros/humble/lib/x86_64-linux-gnu:/opt/ros/humble/lib:/usr/lib/x86_64-linux-gnu/gazebo-11/plugins PYTHONPATH=/home/psb/rokey_c_2_ws/build/serving_robot/prefix_override:/usr/lib/python3/dist-packages/colcon_core/task/python/colcon_distutils_commands:/home/psb/rokey_c_2_ws/install/serving_robot/lib/python3.10/site-packages:${PYTHONPATH} /usr/bin/python3 -W ignore:setup.py install is deprecated setup.py egg_info --egg-base ../../build/serving_robot build --build-base /home/psb/rokey_c_2_ws/build/serving_robot/build install --record /home/psb/rokey_c_2_ws/build/serving_robot/install.log --single-version-externally-managed install_data
[4.334s] Level 1:colcon.colcon_core.environment:checking '/home/psb/rokey_c_2_ws/install/table_order' for CMake module files
[4.335s] DEBUG:colcon.colcon_core.event_handler.log_command:Invoked command in '/home/psb/rokey_c_2_ws/src/table_order' returned '0': LD_LIBRARY_PATH=/home/psb/rokey_c_2_ws/install/table_order_interface/lib:/home/psb/rokey_c_2_ws/install/serving_robot_msgs/lib:/home/psb/rokey_c_2_ws/install/nav_interfaces/lib:/home/psb/rokey_c_2_ws/install/c2_turtle_interface/lib:/home/psb/turtlebot3_ws/install/turtlebot3_msgs/lib:/usr/lib/x86_64-linux-gnu/gazebo-11/plugins:/opt/ros/humble/opt/rviz_ogre_vendor/lib:/opt/ros/humble/lib/x86_64-linux-gnu:/opt/ros/humble/lib:/usr/lib/x86_64-linux-gnu/gazebo-11/plugins PYTHONPATH=/home/psb/rokey_c_2_ws/build/table_order/prefix_override:/usr/lib/python3/dist-packages/colcon_core/task/python/colcon_distutils_commands:/home/psb/rokey_c_2_ws/install/table_order/lib/python3.10/site-packages:${PYTHONPATH} /usr/bin/python3 -W ignore:setup.py install is deprecated setup.py egg_info --egg-base ../../build/table_order build --build-base /home/psb/rokey_c_2_ws/build/table_order/build install --record /home/psb/rokey_c_2_ws/build/table_order/install.log --single-version-externally-managed install_data
[4.335s] Level 1:colcon.colcon_core.environment:checking '/home/psb/rokey_c_2_ws/install/table_order' for CMake config files
[4.336s] Level 1:colcon.colcon_core.environment:checking '/home/psb/rokey_c_2_ws/install/table_order/lib'
[4.336s] Level 1:colcon.colcon_core.environment:checking '/home/psb/rokey_c_2_ws/install/table_order/bin'
[4.336s] Level 1:colcon.colcon_core.environment:checking '/home/psb/rokey_c_2_ws/install/table_order/lib/pkgconfig/table_order.pc'
[4.336s] Level 1:colcon.colcon_core.environment:checking '/home/psb/rokey_c_2_ws/install/table_order/lib/python3.10/site-packages'
[4.336s] Level 1:colcon.colcon_core.shell:create_environment_hook('table_order', 'pythonpath')
[4.336s] INFO:colcon.colcon_core.shell:Creating environment hook '/home/psb/rokey_c_2_ws/install/table_order/share/table_order/hook/pythonpath.ps1'
[4.337s] INFO:colcon.colcon_core.shell:Creating environment descriptor '/home/psb/rokey_c_2_ws/install/table_order/share/table_order/hook/pythonpath.dsv'
[4.337s] INFO:colcon.colcon_core.shell:Creating environment hook '/home/psb/rokey_c_2_ws/install/table_order/share/table_order/hook/pythonpath.sh'
[4.338s] Level 1:colcon.colcon_core.environment:checking '/home/psb/rokey_c_2_ws/install/table_order/bin'
[4.338s] Level 1:colcon.colcon_core.environment:create_environment_scripts_only(table_order)
[4.339s] INFO:colcon.colcon_core.shell:Creating package script '/home/psb/rokey_c_2_ws/install/table_order/share/table_order/package.ps1'
[4.339s] INFO:colcon.colcon_core.shell:Creating package descriptor '/home/psb/rokey_c_2_ws/install/table_order/share/table_order/package.dsv'
[4.340s] INFO:colcon.colcon_core.shell:Creating package script '/home/psb/rokey_c_2_ws/install/table_order/share/table_order/package.sh'
[4.341s] INFO:colcon.colcon_core.shell:Creating package script '/home/psb/rokey_c_2_ws/install/table_order/share/table_order/package.bash'
[4.341s] INFO:colcon.colcon_core.shell:Creating package script '/home/psb/rokey_c_2_ws/install/table_order/share/table_order/package.zsh'
[4.341s] Level 1:colcon.colcon_core.environment:create_file_with_runtime_dependencies(/home/psb/rokey_c_2_ws/install/table_order/share/colcon-core/packages/table_order)
[4.751s] Level 1:colcon.colcon_core.environment:checking '/home/psb/rokey_c_2_ws/install/serving_robot' for CMake module files
[4.752s] DEBUG:colcon.colcon_core.event_handler.log_command:Invoked command in '/home/psb/rokey_c_2_ws/src/serving_robot' returned '0': CMAKE_PREFIX_PATH=/home/psb/rokey_c_2_ws/install/serving_robot_msgs:/home/psb/rokey_c_2_ws/install/table_order_interface:/home/psb/rokey_c_2_ws/install/nav_interfaces:/home/psb/rokey_c_2_ws/install/c2_turtle_interface:/home/psb/turtlebot3_ws/install/turtlebot3:/home/psb/turtlebot3_ws/install/turtlebot3_simulations:/home/psb/turtlebot3_ws/install/turtlebot3_bringup:/home/psb/turtlebot3_ws/install/turtlebot3_node:/home/psb/turtlebot3_ws/install/turtlebot3_navigation2:/home/psb/turtlebot3_ws/install/turtlebot3_fake_node:/home/psb/turtlebot3_ws/install/turtlebot3_msgs:/home/psb/turtlebot3_ws/install/turtlebot3_gazebo:/home/psb/turtlebot3_ws/install/turtlebot3_description:/home/psb/turtlebot3_ws/install/turtlebot3_cartographer LD_LIBRARY_PATH=/home/psb/rokey_c_2_ws/install/serving_robot_msgs/lib:/home/psb/rokey_c_2_ws/install/table_order_interface/lib:/home/psb/rokey_c_2_ws/install/nav_interfaces/lib:/home/psb/rokey_c_2_ws/install/c2_turtle_interface/lib:/home/psb/turtlebot3_ws/install/turtlebot3_msgs/lib:/usr/lib/x86_64-linux-gnu/gazebo-11/plugins:/opt/ros/humble/opt/rviz_ogre_vendor/lib:/opt/ros/humble/lib/x86_64-linux-gnu:/opt/ros/humble/lib:/usr/lib/x86_64-linux-gnu/gazebo-11/plugins PYTHONPATH=/home/psb/rokey_c_2_ws/build/serving_robot/prefix_override:/usr/lib/python3/dist-packages/colcon_core/task/python/colcon_distutils_commands:/home/psb/rokey_c_2_ws/install/serving_robot/lib/python3.10/site-packages:${PYTHONPATH} /usr/bin/python3 -W ignore:setup.py install is deprecated setup.py egg_info --egg-base ../../build/serving_robot build --build-base /home/psb/rokey_c_2_ws/build/serving_robot/build install --record /home/psb/rokey_c_2_ws/build/serving_robot/install.log --single-version-externally-managed install_data
[4.752s] Level 1:colcon.colcon_core.environment:checking '/home/psb/rokey_c_2_ws/install/serving_robot' for CMake config files
[4.752s] Level 1:colcon.colcon_core.environment:checking '/home/psb/rokey_c_2_ws/install/serving_robot/lib'
[4.752s] Level 1:colcon.colcon_core.environment:checking '/home/psb/rokey_c_2_ws/install/serving_robot/bin'
[4.753s] Level 1:colcon.colcon_core.environment:checking '/home/psb/rokey_c_2_ws/install/serving_robot/lib/pkgconfig/serving_robot.pc'
[4.753s] Level 1:colcon.colcon_core.environment:checking '/home/psb/rokey_c_2_ws/install/serving_robot/lib/python3.10/site-packages'
[4.753s] Level 1:colcon.colcon_core.shell:create_environment_hook('serving_robot', 'pythonpath')
[4.753s] INFO:colcon.colcon_core.shell:Creating environment hook '/home/psb/rokey_c_2_ws/install/serving_robot/share/serving_robot/hook/pythonpath.ps1'
[4.754s] INFO:colcon.colcon_core.shell:Creating environment descriptor '/home/psb/rokey_c_2_ws/install/serving_robot/share/serving_robot/hook/pythonpath.dsv'
[4.754s] INFO:colcon.colcon_core.shell:Creating environment hook '/home/psb/rokey_c_2_ws/install/serving_robot/share/serving_robot/hook/pythonpath.sh'
[4.755s] Level 1:colcon.colcon_core.environment:checking '/home/psb/rokey_c_2_ws/install/serving_robot/bin'
[4.755s] Level 1:colcon.colcon_core.environment:create_environment_scripts_only(serving_robot)
[4.755s] INFO:colcon.colcon_core.shell:Creating package script '/home/psb/rokey_c_2_ws/install/serving_robot/share/serving_robot/package.ps1'
[4.755s] INFO:colcon.colcon_core.shell:Creating package descriptor '/home/psb/rokey_c_2_ws/install/serving_robot/share/serving_robot/package.dsv'
[4.756s] INFO:colcon.colcon_core.shell:Creating package script '/home/psb/rokey_c_2_ws/install/serving_robot/share/serving_robot/package.sh'
[4.756s] INFO:colcon.colcon_core.shell:Creating package script '/home/psb/rokey_c_2_ws/install/serving_robot/share/serving_robot/package.bash'
[4.757s] INFO:colcon.colcon_core.shell:Creating package script '/home/psb/rokey_c_2_ws/install/serving_robot/share/serving_robot/package.zsh'
[4.757s] Level 1:colcon.colcon_core.environment:create_file_with_runtime_dependencies(/home/psb/rokey_c_2_ws/install/serving_robot/share/colcon-core/packages/serving_robot)
[4.757s] DEBUG:colcon.colcon_parallel_executor.executor.parallel:closing loop
[4.758s] DEBUG:colcon.colcon_parallel_executor.executor.parallel:loop closed
[4.758s] DEBUG:colcon.colcon_parallel_executor.executor.parallel:run_until_complete finished with '0'
[4.758s] DEBUG:colcon.colcon_core.event_reactor:joining thread
[4.765s] INFO:colcon.colcon_core.plugin_system:Skipping extension 'colcon_notification.desktop_notification.terminal_notifier': Not used on non-Darwin systems
[4.765s] INFO:colcon.colcon_core.plugin_system:Skipping extension 'colcon_notification.desktop_notification.win32': Not used on non-Windows systems
[4.766s] INFO:colcon.colcon_notification.desktop_notification:Sending desktop notification using 'notify2'
[4.779s] DEBUG:colcon.colcon_core.event_reactor:joined thread
[4.779s] INFO:colcon.colcon_core.shell:Creating prefix script '/home/psb/rokey_c_2_ws/install/local_setup.ps1'
[4.780s] INFO:colcon.colcon_core.shell:Creating prefix util module '/home/psb/rokey_c_2_ws/install/_local_setup_util_ps1.py'
[4.782s] INFO:colcon.colcon_core.shell:Creating prefix chain script '/home/psb/rokey_c_2_ws/install/setup.ps1'
[4.785s] INFO:colcon.colcon_core.shell:Creating prefix script '/home/psb/rokey_c_2_ws/install/local_setup.sh'
[4.785s] INFO:colcon.colcon_core.shell:Creating prefix util module '/home/psb/rokey_c_2_ws/install/_local_setup_util_sh.py'
[4.786s] INFO:colcon.colcon_core.shell:Creating prefix chain script '/home/psb/rokey_c_2_ws/install/setup.sh'
[4.788s] INFO:colcon.colcon_core.shell:Creating prefix script '/home/psb/rokey_c_2_ws/install/local_setup.bash'
[4.789s] INFO:colcon.colcon_core.shell:Creating prefix chain script '/home/psb/rokey_c_2_ws/install/setup.bash'
[4.791s] INFO:colcon.colcon_core.shell:Creating prefix script '/home/psb/rokey_c_2_ws/install/local_setup.zsh'
[4.792s] INFO:colcon.colcon_core.shell:Creating prefix chain script '/home/psb/rokey_c_2_ws/install/setup.zsh'
