[0.693s] Invoking command in '/home/psb/rokey_c_2_ws/src/table_order': AMENT_PREFIX_PATH=/home/psb/rokey_c_2_ws/install/table_order_interface:${AMENT_PREFIX_PATH} CMAKE_PREFIX_PATH=/home/psb/rokey_c_2_ws/install/table_order_interface:${CMAKE_PREFIX_PATH} LD_LIBRARY_PATH=/home/psb/rokey_c_2_ws/install/table_order_interface/lib:/home/psb/turtlebot3_ws/install/turtlebot3_msgs/lib:/usr/lib/x86_64-linux-gnu/gazebo-11/plugins:/opt/ros/humble/opt/rviz_ogre_vendor/lib:/opt/ros/humble/lib/x86_64-linux-gnu:/opt/ros/humble/lib:/usr/lib/x86_64-linux-gnu/gazebo-11/plugins PYTHONPATH=/home/psb/rokey_c_2_ws/build/table_order/prefix_override:/usr/lib/python3/dist-packages/colcon_core/task/python/colcon_distutils_commands:/home/psb/rokey_c_2_ws/install/table_order/lib/python3.10/site-packages:/home/psb/rokey_c_2_ws/install/table_order_interface/local/lib/python3.10/dist-packages:${PYTHONPATH} /usr/bin/python3 -W ignore:setup.py install is deprecated setup.py egg_info --egg-base ../../build/table_order build --build-base /home/psb/rokey_c_2_ws/build/table_order/build install --record /home/psb/rokey_c_2_ws/build/table_order/install.log --single-version-externally-managed install_data
[0.936s] running egg_info
[0.937s] writing ../../build/table_order/table_order.egg-info/PKG-INFO
[0.937s] writing dependency_links to ../../build/table_order/table_order.egg-info/dependency_links.txt
[0.937s] writing entry points to ../../build/table_order/table_order.egg-info/entry_points.txt
[0.938s] writing requirements to ../../build/table_order/table_order.egg-info/requires.txt
[0.938s] writing top-level names to ../../build/table_order/table_order.egg-info/top_level.txt
[0.940s] reading manifest file '../../build/table_order/table_order.egg-info/SOURCES.txt'
[0.941s] writing manifest file '../../build/table_order/table_order.egg-info/SOURCES.txt'
[0.941s] running build
[0.941s] running build_py
[0.941s] running install
[0.941s] running install_lib
[0.943s] running install_data
[0.943s] running install_egg_info
[0.945s] removing '/home/psb/rokey_c_2_ws/install/table_order/lib/python3.10/site-packages/table_order-0.0.0-py3.10.egg-info' (and everything under it)
[0.945s] Copying ../../build/table_order/table_order.egg-info to /home/psb/rokey_c_2_ws/install/table_order/lib/python3.10/site-packages/table_order-0.0.0-py3.10.egg-info
[0.946s] running install_scripts
[0.967s] Installing response_test script to /home/psb/rokey_c_2_ws/install/table_order/lib/table_order
[0.967s] Installing table_order script to /home/psb/rokey_c_2_ws/install/table_order/lib/table_order
[0.967s] writing list of installed files to '/home/psb/rokey_c_2_ws/build/table_order/install.log'
[0.991s] Invoked command in '/home/psb/rokey_c_2_ws/src/table_order' returned '0': AMENT_PREFIX_PATH=/home/psb/rokey_c_2_ws/install/table_order_interface:${AMENT_PREFIX_PATH} CMAKE_PREFIX_PATH=/home/psb/rokey_c_2_ws/install/table_order_interface:${CMAKE_PREFIX_PATH} LD_LIBRARY_PATH=/home/psb/rokey_c_2_ws/install/table_order_interface/lib:/home/psb/turtlebot3_ws/install/turtlebot3_msgs/lib:/usr/lib/x86_64-linux-gnu/gazebo-11/plugins:/opt/ros/humble/opt/rviz_ogre_vendor/lib:/opt/ros/humble/lib/x86_64-linux-gnu:/opt/ros/humble/lib:/usr/lib/x86_64-linux-gnu/gazebo-11/plugins PYTHONPATH=/home/psb/rokey_c_2_ws/build/table_order/prefix_override:/usr/lib/python3/dist-packages/colcon_core/task/python/colcon_distutils_commands:/home/psb/rokey_c_2_ws/install/table_order/lib/python3.10/site-packages:/home/psb/rokey_c_2_ws/install/table_order_interface/local/lib/python3.10/dist-packages:${PYTHONPATH} /usr/bin/python3 -W ignore:setup.py install is deprecated setup.py egg_info --egg-base ../../build/table_order build --build-base /home/psb/rokey_c_2_ws/build/table_order/build install --record /home/psb/rokey_c_2_ws/build/table_order/install.log --single-version-externally-managed install_data
