[0.017s] Invoking command in '/home/g1/rokey_c_2_ws/build/table_order_interface': CMAKE_PREFIX_PATH=${CMAKE_PREFIX_PATH}:/home/g1/work/turtlebot3_ws/install/turtlebot3_teleop:/home/g1/work/turtlebot3_ws/install/turtlebot3_example:/opt/ros/humble /usr/bin/cmake /home/g1/rokey_c_2_ws/src/table_order_interface -DAMENT_CMAKE_SYMLINK_INSTALL=1 -DCMAKE_INSTALL_PREFIX=/home/g1/rokey_c_2_ws/install/table_order_interface
[0.108s] -- The C compiler identification is GNU 11.4.0
[0.186s] -- The CXX compiler identification is GNU 11.4.0
[0.195s] -- Detecting C compiler ABI info
[0.259s] -- Detecting C compiler ABI info - done
[0.267s] -- Check for working C compiler: /usr/bin/cc - skipped
[0.267s] -- Detecting C compile features
[0.268s] -- Detecting C compile features - done
[0.273s] -- Detecting CXX compiler ABI info
[0.358s] -- Detecting CXX compiler ABI info - done
[0.374s] -- Check for working CXX compiler: /usr/bin/c++ - skipped
[0.374s] -- Detecting CXX compile features
[0.375s] -- Detecting CXX compile features - done
[0.379s] -- Found ament_cmake: 1.3.10 (/opt/ros/humble/share/ament_cmake/cmake)
[0.577s] -- Found Python3: /usr/bin/python3 (found version "3.10.12") found components: Interpreter 
[0.646s] -- Override CMake install command with custom implementation using symlinks instead of copying resources
[0.691s] -- Found builtin_interfaces: 1.2.1 (/opt/ros/humble/share/builtin_interfaces/cmake)
[0.738s] -- Found rosidl_generator_c: 3.1.5 (/opt/ros/humble/share/rosidl_generator_c/cmake)
[0.746s] -- Found rosidl_adapter: 3.1.5 (/opt/ros/humble/share/rosidl_adapter/cmake)
[0.759s] -- Found rosidl_generator_cpp: 3.1.5 (/opt/ros/humble/share/rosidl_generator_cpp/cmake)
[0.776s] -- Using all available rosidl_typesupport_c: rosidl_typesupport_fastrtps_c;rosidl_typesupport_introspection_c
[0.798s] -- Using all available rosidl_typesupport_cpp: rosidl_typesupport_fastrtps_cpp;rosidl_typesupport_introspection_cpp
[0.820s] -- Found rosidl_default_generators: 1.2.0 (/opt/ros/humble/share/rosidl_default_generators/cmake)
[1.120s] -- Found ament_cmake_ros: 0.10.0 (/opt/ros/humble/share/ament_cmake_ros/cmake)
[1.439s] -- Using all available rosidl_typesupport_c: rosidl_typesupport_fastrtps_c;rosidl_typesupport_introspection_c
[1.562s] -- Using all available rosidl_typesupport_cpp: rosidl_typesupport_fastrtps_cpp;rosidl_typesupport_introspection_cpp
[1.586s] -- Found PythonInterp: /usr/bin/python3 (found suitable version "3.10.12", minimum required is "3.6") 
[1.589s] -- Found python_cmake_module: 0.10.0 (/opt/ros/humble/share/python_cmake_module/cmake)
[1.617s] -- Found PythonLibs: /usr/lib/x86_64-linux-gnu/libpython3.10.so (found suitable version "3.10.12", minimum required is "3.5") 
[1.617s] -- Using PYTHON_EXECUTABLE: /usr/bin/python3
[1.617s] -- Using PYTHON_INCLUDE_DIRS: /usr/include/python3.10
[1.617s] -- Using PYTHON_LIBRARIES: /usr/lib/x86_64-linux-gnu/libpython3.10.so
[1.641s] -- Found PythonExtra: .so  
[1.688s] -- Found ament_lint_auto: 0.12.11 (/opt/ros/humble/share/ament_lint_auto/cmake)
[1.723s] -- Added test 'lint_cmake' to check CMake code style
[1.724s] -- Added test 'xmllint' to check XML markup files
[1.728s] -- Configuring done
[1.756s] -- Generating done
[1.759s] -- Build files have been written to: /home/g1/rokey_c_2_ws/build/table_order_interface
[1.764s] Invoked command in '/home/g1/rokey_c_2_ws/build/table_order_interface' returned '0': CMAKE_PREFIX_PATH=${CMAKE_PREFIX_PATH}:/home/g1/work/turtlebot3_ws/install/turtlebot3_teleop:/home/g1/work/turtlebot3_ws/install/turtlebot3_example:/opt/ros/humble /usr/bin/cmake /home/g1/rokey_c_2_ws/src/table_order_interface -DAMENT_CMAKE_SYMLINK_INSTALL=1 -DCMAKE_INSTALL_PREFIX=/home/g1/rokey_c_2_ws/install/table_order_interface
[1.766s] Invoking command in '/home/g1/rokey_c_2_ws/build/table_order_interface': CMAKE_PREFIX_PATH=${CMAKE_PREFIX_PATH}:/home/g1/work/turtlebot3_ws/install/turtlebot3_teleop:/home/g1/work/turtlebot3_ws/install/turtlebot3_example:/opt/ros/humble /usr/bin/cmake --build /home/g1/rokey_c_2_ws/build/table_order_interface -- -j8 -l8
[1.801s] [  3%] [34m[1mGenerating C code for ROS interfaces[0m
[1.809s] [  6%] [34m[1mGenerating C++ code for ROS interfaces[0m
[1.826s] [  6%] Built target ament_cmake_python_symlink_table_order_interface
[2.297s] running egg_info
[2.298s] creating table_order_interface.egg-info
[2.298s] writing table_order_interface.egg-info/PKG-INFO
[2.299s] writing dependency_links to table_order_interface.egg-info/dependency_links.txt
[2.300s] writing top-level names to table_order_interface.egg-info/top_level.txt
[2.300s] writing manifest file 'table_order_interface.egg-info/SOURCES.txt'
[2.304s] reading manifest file 'table_order_interface.egg-info/SOURCES.txt'
[2.305s] writing manifest file 'table_order_interface.egg-info/SOURCES.txt'
[2.358s] [  6%] Built target ament_cmake_python_build_table_order_interface_egg
[2.360s] [  6%] Built target table_order_interface__cpp
[2.384s] [  9%] [34m[1mGenerating C++ type support dispatch for ROS interfaces[0m
[2.386s] [ 12%] [34m[1mGenerating C++ type support for eProsima Fast-RTPS[0m
[2.391s] [ 16%] [34m[1mGenerating C++ introspection for ROS interfaces[0m
[2.433s] [ 19%] [32mBuilding C object CMakeFiles/table_order_interface__rosidl_generator_c.dir/rosidl_generator_c/table_order_interface/srv/detail/set_order__functions.c.o[0m
[2.601s] [ 22%] [32m[1mLinking C shared library libtable_order_interface__rosidl_generator_c.so[0m
[2.689s] [ 22%] Built target table_order_interface__rosidl_generator_c
[2.728s] [ 25%] [34m[1mGenerating C type support dispatch for ROS interfaces[0m
[2.730s] [ 29%] [34m[1mGenerating C introspection for ROS interfaces[0m
[2.753s] [ 32%] [34m[1mGenerating C type support for eProsima Fast-RTPS[0m
[3.014s] [ 35%] [32mBuilding CXX object CMakeFiles/table_order_interface__rosidl_typesupport_cpp.dir/rosidl_typesupport_cpp/table_order_interface/srv/set_order__type_support.cpp.o[0m
[3.225s] [ 38%] [32mBuilding CXX object CMakeFiles/table_order_interface__rosidl_typesupport_introspection_cpp.dir/rosidl_typesupport_introspection_cpp/table_order_interface/srv/detail/set_order__type_support.cpp.o[0m
[3.227s] [ 41%] [32mBuilding CXX object CMakeFiles/table_order_interface__rosidl_typesupport_fastrtps_cpp.dir/rosidl_typesupport_fastrtps_cpp/table_order_interface/srv/detail/dds_fastrtps/set_order__type_support.cpp.o[0m
[3.705s] [ 45%] [32mBuilding CXX object CMakeFiles/table_order_interface__rosidl_typesupport_c.dir/rosidl_typesupport_c/table_order_interface/srv/set_order__type_support.cpp.o[0m
[3.739s] [ 48%] [32mBuilding C object CMakeFiles/table_order_interface__rosidl_typesupport_introspection_c.dir/rosidl_typesupport_introspection_c/table_order_interface/srv/detail/set_order__type_support.c.o[0m
[3.753s] [ 51%] [32mBuilding CXX object CMakeFiles/table_order_interface__rosidl_typesupport_fastrtps_c.dir/rosidl_typesupport_fastrtps_c/table_order_interface/srv/detail/set_order__type_support_c.cpp.o[0m
[3.801s] [ 54%] [32m[1mLinking CXX shared library libtable_order_interface__rosidl_typesupport_c.so[0m
[3.927s] [ 58%] [32m[1mLinking C shared library libtable_order_interface__rosidl_typesupport_introspection_c.so[0m
[3.947s] [ 58%] Built target table_order_interface__rosidl_typesupport_c
[4.011s] [ 58%] Built target table_order_interface__rosidl_typesupport_introspection_c
[4.049s] [ 61%] [32m[1mLinking CXX shared library libtable_order_interface__rosidl_typesupport_cpp.so[0m
[4.171s] [ 61%] Built target table_order_interface__rosidl_typesupport_cpp
[4.955s] [ 64%] [32m[1mLinking CXX shared library libtable_order_interface__rosidl_typesupport_fastrtps_cpp.so[0m
[4.974s] [ 67%] [32m[1mLinking CXX shared library libtable_order_interface__rosidl_typesupport_introspection_cpp.so[0m
[5.075s] [ 70%] [32m[1mLinking CXX shared library libtable_order_interface__rosidl_typesupport_fastrtps_c.so[0m
[5.206s] [ 70%] Built target table_order_interface__rosidl_typesupport_fastrtps_cpp
[5.240s] [ 70%] Built target table_order_interface__rosidl_typesupport_introspection_cpp
[5.334s] [ 70%] Built target table_order_interface__rosidl_typesupport_fastrtps_c
[5.415s] [ 70%] Built target table_order_interface
[5.464s] [ 74%] [34m[1mGenerating Python code for ROS interfaces[0m
[6.704s] [ 74%] Built target table_order_interface__py
[6.727s] [ 77%] [32mBuilding C object CMakeFiles/table_order_interface__rosidl_generator_py.dir/rosidl_generator_py/table_order_interface/srv/_set_order_s.c.o[0m
[6.935s] [ 80%] [32m[1mLinking C shared library rosidl_generator_py/table_order_interface/libtable_order_interface__rosidl_generator_py.so[0m
[6.982s] [ 80%] Built target table_order_interface__rosidl_generator_py
[7.005s] [ 83%] [32mBuilding C object CMakeFiles/table_order_interface__rosidl_typesupport_c__pyext.dir/rosidl_generator_py/table_order_interface/_table_order_interface_s.ep.rosidl_typesupport_c.c.o[0m
[7.009s] [ 87%] [32mBuilding C object CMakeFiles/table_order_interface__rosidl_typesupport_introspection_c__pyext.dir/rosidl_generator_py/table_order_interface/_table_order_interface_s.ep.rosidl_typesupport_introspection_c.c.o[0m
[7.010s] [ 90%] [32mBuilding C object CMakeFiles/table_order_interface__rosidl_typesupport_fastrtps_c__pyext.dir/rosidl_generator_py/table_order_interface/_table_order_interface_s.ep.rosidl_typesupport_fastrtps_c.c.o[0m
[7.112s] [ 93%] [32m[1mLinking C shared library rosidl_generator_py/table_order_interface/table_order_interface_s__rosidl_typesupport_c.cpython-310-x86_64-linux-gnu.so[0m
[7.129s] [ 96%] [32m[1mLinking C shared library rosidl_generator_py/table_order_interface/table_order_interface_s__rosidl_typesupport_fastrtps_c.cpython-310-x86_64-linux-gnu.so[0m
[7.143s] [100%] [32m[1mLinking C shared library rosidl_generator_py/table_order_interface/table_order_interface_s__rosidl_typesupport_introspection_c.cpython-310-x86_64-linux-gnu.so[0m
[7.144s] [100%] Built target table_order_interface__rosidl_typesupport_c__pyext
[7.162s] [100%] Built target table_order_interface__rosidl_typesupport_fastrtps_c__pyext
[7.175s] [100%] Built target table_order_interface__rosidl_typesupport_introspection_c__pyext
[7.186s] Invoked command in '/home/g1/rokey_c_2_ws/build/table_order_interface' returned '0': CMAKE_PREFIX_PATH=${CMAKE_PREFIX_PATH}:/home/g1/work/turtlebot3_ws/install/turtlebot3_teleop:/home/g1/work/turtlebot3_ws/install/turtlebot3_example:/opt/ros/humble /usr/bin/cmake --build /home/g1/rokey_c_2_ws/build/table_order_interface -- -j8 -l8
[7.240s] Invoking command in '/home/g1/rokey_c_2_ws/build/table_order_interface': CMAKE_PREFIX_PATH=${CMAKE_PREFIX_PATH}:/home/g1/work/turtlebot3_ws/install/turtlebot3_teleop:/home/g1/work/turtlebot3_ws/install/turtlebot3_example:/opt/ros/humble /usr/bin/cmake --install /home/g1/rokey_c_2_ws/build/table_order_interface
[7.247s] -- Install configuration: ""
[7.247s] -- Execute custom install script
[7.248s] -- Symlinking: /home/g1/rokey_c_2_ws/install/table_order_interface/share/ament_index/resource_index/rosidl_interfaces/table_order_interface
[7.256s] -- Symlinking: /home/g1/rokey_c_2_ws/install/table_order_interface/include/table_order_interface/table_order_interface/msg/rosidl_generator_c__visibility_control.h
[7.264s] -- Symlinking: /home/g1/rokey_c_2_ws/install/table_order_interface/include/table_order_interface/table_order_interface/srv/detail/set_order__functions.h
[7.272s] -- Symlinking: /home/g1/rokey_c_2_ws/install/table_order_interface/include/table_order_interface/table_order_interface/srv/detail/set_order__struct.h
[7.280s] -- Symlinking: /home/g1/rokey_c_2_ws/install/table_order_interface/include/table_order_interface/table_order_interface/srv/detail/set_order__type_support.h
[7.288s] -- Symlinking: /home/g1/rokey_c_2_ws/install/table_order_interface/include/table_order_interface/table_order_interface/srv/set_order.h
[7.296s] -- Symlinking: /home/g1/rokey_c_2_ws/install/table_order_interface/share/table_order_interface/environment/library_path.sh
[7.304s] -- Symlinking: /home/g1/rokey_c_2_ws/install/table_order_interface/share/table_order_interface/environment/library_path.dsv
[7.313s] -- Symlinking: /home/g1/rokey_c_2_ws/install/table_order_interface/include/table_order_interface/table_order_interface/msg/rosidl_typesupport_fastrtps_c__visibility_control.h
[7.321s] -- Symlinking: /home/g1/rokey_c_2_ws/install/table_order_interface/include/table_order_interface/table_order_interface/srv/detail/set_order__rosidl_typesupport_fastrtps_c.h
[7.330s] -- Symlinking: /home/g1/rokey_c_2_ws/install/table_order_interface/include/table_order_interface/table_order_interface/srv/detail/set_order__builder.hpp
[7.338s] -- Symlinking: /home/g1/rokey_c_2_ws/install/table_order_interface/include/table_order_interface/table_order_interface/srv/detail/set_order__struct.hpp
[7.346s] -- Symlinking: /home/g1/rokey_c_2_ws/install/table_order_interface/include/table_order_interface/table_order_interface/srv/detail/set_order__traits.hpp
[7.354s] -- Symlinking: /home/g1/rokey_c_2_ws/install/table_order_interface/include/table_order_interface/table_order_interface/srv/set_order.hpp
[7.362s] -- Symlinking: /home/g1/rokey_c_2_ws/install/table_order_interface/include/table_order_interface/table_order_interface/msg/rosidl_typesupport_fastrtps_cpp__visibility_control.h
[7.370s] -- Symlinking: /home/g1/rokey_c_2_ws/install/table_order_interface/include/table_order_interface/table_order_interface/srv/detail/set_order__rosidl_typesupport_fastrtps_cpp.hpp
[7.378s] -- Symlinking: /home/g1/rokey_c_2_ws/install/table_order_interface/include/table_order_interface/table_order_interface/msg/rosidl_typesupport_introspection_c__visibility_control.h
[7.386s] -- Symlinking: /home/g1/rokey_c_2_ws/install/table_order_interface/include/table_order_interface/table_order_interface/srv/detail/set_order__rosidl_typesupport_introspection_c.h
[7.394s] -- Symlinking: /home/g1/rokey_c_2_ws/install/table_order_interface/include/table_order_interface/table_order_interface/srv/detail/set_order__rosidl_typesupport_introspection_cpp.hpp
[7.402s] -- Symlinking: /home/g1/rokey_c_2_ws/install/table_order_interface/share/table_order_interface/environment/pythonpath.sh
[7.410s] -- Symlinking: /home/g1/rokey_c_2_ws/install/table_order_interface/share/table_order_interface/environment/pythonpath.dsv
[7.418s] -- Symlinking: /home/g1/rokey_c_2_ws/install/table_order_interface/local/lib/python3.10/dist-packages/table_order_interface-0.0.0-py3.10.egg-info/PKG-INFO
[7.426s] -- Symlinking: /home/g1/rokey_c_2_ws/install/table_order_interface/local/lib/python3.10/dist-packages/table_order_interface-0.0.0-py3.10.egg-info/SOURCES.txt
[7.433s] -- Symlinking: /home/g1/rokey_c_2_ws/install/table_order_interface/local/lib/python3.10/dist-packages/table_order_interface-0.0.0-py3.10.egg-info/dependency_links.txt
[7.441s] -- Symlinking: /home/g1/rokey_c_2_ws/install/table_order_interface/local/lib/python3.10/dist-packages/table_order_interface-0.0.0-py3.10.egg-info/top_level.txt
[7.449s] -- Symlinking: /home/g1/rokey_c_2_ws/install/table_order_interface/local/lib/python3.10/dist-packages/table_order_interface/__init__.py
[7.456s] -- Symlinking: /home/g1/rokey_c_2_ws/install/table_order_interface/local/lib/python3.10/dist-packages/table_order_interface/_table_order_interface_s.ep.rosidl_typesupport_c.c
[7.463s] -- Symlinking: /home/g1/rokey_c_2_ws/install/table_order_interface/local/lib/python3.10/dist-packages/table_order_interface/_table_order_interface_s.ep.rosidl_typesupport_fastrtps_c.c
[7.470s] -- Symlinking: /home/g1/rokey_c_2_ws/install/table_order_interface/local/lib/python3.10/dist-packages/table_order_interface/_table_order_interface_s.ep.rosidl_typesupport_introspection_c.c
[7.478s] -- Symlinking: /home/g1/rokey_c_2_ws/install/table_order_interface/local/lib/python3.10/dist-packages/table_order_interface/libtable_order_interface__rosidl_generator_py.so
[7.485s] -- Symlinking: /home/g1/rokey_c_2_ws/install/table_order_interface/local/lib/python3.10/dist-packages/table_order_interface/srv/__init__.py
[7.493s] -- Symlinking: /home/g1/rokey_c_2_ws/install/table_order_interface/local/lib/python3.10/dist-packages/table_order_interface/srv/_set_order.py
[7.500s] -- Symlinking: /home/g1/rokey_c_2_ws/install/table_order_interface/local/lib/python3.10/dist-packages/table_order_interface/srv/_set_order_s.c
[7.508s] -- Symlinking: /home/g1/rokey_c_2_ws/install/table_order_interface/local/lib/python3.10/dist-packages/table_order_interface/table_order_interface_s__rosidl_typesupport_c.cpython-310-x86_64-linux-gnu.so
[7.515s] -- Symlinking: /home/g1/rokey_c_2_ws/install/table_order_interface/local/lib/python3.10/dist-packages/table_order_interface/table_order_interface_s__rosidl_typesupport_fastrtps_c.cpython-310-x86_64-linux-gnu.so
[7.522s] -- Symlinking: /home/g1/rokey_c_2_ws/install/table_order_interface/local/lib/python3.10/dist-packages/table_order_interface/table_order_interface_s__rosidl_typesupport_introspection_c.cpython-310-x86_64-linux-gnu.so
[7.530s] -- Up-to-date symlink: /home/g1/rokey_c_2_ws/install/table_order_interface/local/lib/python3.10/dist-packages/table_order_interface/table_order_interface_s__rosidl_typesupport_fastrtps_c.cpython-310-x86_64-linux-gnu.so
[7.530s] -- Up-to-date symlink: /home/g1/rokey_c_2_ws/install/table_order_interface/local/lib/python3.10/dist-packages/table_order_interface/table_order_interface_s__rosidl_typesupport_introspection_c.cpython-310-x86_64-linux-gnu.so
[7.530s] -- Up-to-date symlink: /home/g1/rokey_c_2_ws/install/table_order_interface/local/lib/python3.10/dist-packages/table_order_interface/table_order_interface_s__rosidl_typesupport_c.cpython-310-x86_64-linux-gnu.so
[7.531s] -- Symlinking: /home/g1/rokey_c_2_ws/install/table_order_interface/share/table_order_interface/srv/SetOrder.idl
[7.538s] -- Symlinking: /home/g1/rokey_c_2_ws/install/table_order_interface/share/table_order_interface/srv/SetOrder.srv
[7.545s] -- Symlinking: /home/g1/rokey_c_2_ws/install/table_order_interface/share/table_order_interface/srv/SetOrder_Request.msg
[7.553s] -- Symlinking: /home/g1/rokey_c_2_ws/install/table_order_interface/share/table_order_interface/srv/SetOrder_Response.msg
[7.560s] -- Symlinking: /home/g1/rokey_c_2_ws/install/table_order_interface/share/ament_index/resource_index/package_run_dependencies/table_order_interface
[7.567s] -- Symlinking: /home/g1/rokey_c_2_ws/install/table_order_interface/share/ament_index/resource_index/parent_prefix_path/table_order_interface
[7.575s] -- Symlinking: /home/g1/rokey_c_2_ws/install/table_order_interface/share/table_order_interface/environment/ament_prefix_path.sh
[7.582s] -- Symlinking: /home/g1/rokey_c_2_ws/install/table_order_interface/share/table_order_interface/environment/ament_prefix_path.dsv
[7.590s] -- Symlinking: /home/g1/rokey_c_2_ws/install/table_order_interface/share/table_order_interface/environment/path.sh
[7.597s] -- Symlinking: /home/g1/rokey_c_2_ws/install/table_order_interface/share/table_order_interface/environment/path.dsv
[7.605s] -- Symlinking: /home/g1/rokey_c_2_ws/install/table_order_interface/share/table_order_interface/local_setup.bash
[7.614s] -- Symlinking: /home/g1/rokey_c_2_ws/install/table_order_interface/share/table_order_interface/local_setup.sh
[7.621s] -- Symlinking: /home/g1/rokey_c_2_ws/install/table_order_interface/share/table_order_interface/local_setup.zsh
[7.628s] -- Symlinking: /home/g1/rokey_c_2_ws/install/table_order_interface/share/table_order_interface/local_setup.dsv
[7.636s] -- Symlinking: /home/g1/rokey_c_2_ws/install/table_order_interface/share/table_order_interface/package.dsv
[7.643s] -- Symlinking: /home/g1/rokey_c_2_ws/install/table_order_interface/share/ament_index/resource_index/packages/table_order_interface
[7.650s] -- Symlinking: /home/g1/rokey_c_2_ws/install/table_order_interface/share/table_order_interface/cmake/rosidl_cmake-extras.cmake
[7.659s] -- Symlinking: /home/g1/rokey_c_2_ws/install/table_order_interface/share/table_order_interface/cmake/ament_cmake_export_dependencies-extras.cmake
[7.666s] -- Symlinking: /home/g1/rokey_c_2_ws/install/table_order_interface/share/table_order_interface/cmake/ament_cmake_export_include_directories-extras.cmake
[7.673s] -- Symlinking: /home/g1/rokey_c_2_ws/install/table_order_interface/share/table_order_interface/cmake/ament_cmake_export_libraries-extras.cmake
[7.681s] -- Symlinking: /home/g1/rokey_c_2_ws/install/table_order_interface/share/table_order_interface/cmake/ament_cmake_export_targets-extras.cmake
[7.688s] -- Symlinking: /home/g1/rokey_c_2_ws/install/table_order_interface/share/table_order_interface/cmake/rosidl_cmake_export_typesupport_targets-extras.cmake
[7.696s] -- Symlinking: /home/g1/rokey_c_2_ws/install/table_order_interface/share/table_order_interface/cmake/rosidl_cmake_export_typesupport_libraries-extras.cmake
[7.703s] -- Symlinking: /home/g1/rokey_c_2_ws/install/table_order_interface/share/table_order_interface/cmake/table_order_interfaceConfig.cmake
[7.711s] -- Symlinking: /home/g1/rokey_c_2_ws/install/table_order_interface/share/table_order_interface/cmake/table_order_interfaceConfig-version.cmake
[7.718s] -- Symlinking: /home/g1/rokey_c_2_ws/install/table_order_interface/share/table_order_interface/package.xml
[7.726s] -- Installing: /home/g1/rokey_c_2_ws/install/table_order_interface/lib/libtable_order_interface__rosidl_generator_c.so
[7.726s] -- Set runtime path of "/home/g1/rokey_c_2_ws/install/table_order_interface/lib/libtable_order_interface__rosidl_generator_c.so" to ""
[7.726s] -- Installing: /home/g1/rokey_c_2_ws/install/table_order_interface/lib/libtable_order_interface__rosidl_typesupport_fastrtps_c.so
[7.727s] -- Set runtime path of "/home/g1/rokey_c_2_ws/install/table_order_interface/lib/libtable_order_interface__rosidl_typesupport_fastrtps_c.so" to ""
[7.727s] -- Installing: /home/g1/rokey_c_2_ws/install/table_order_interface/lib/libtable_order_interface__rosidl_typesupport_fastrtps_cpp.so
[7.727s] -- Set runtime path of "/home/g1/rokey_c_2_ws/install/table_order_interface/lib/libtable_order_interface__rosidl_typesupport_fastrtps_cpp.so" to ""
[7.727s] -- Installing: /home/g1/rokey_c_2_ws/install/table_order_interface/lib/libtable_order_interface__rosidl_typesupport_introspection_c.so
[7.727s] -- Set runtime path of "/home/g1/rokey_c_2_ws/install/table_order_interface/lib/libtable_order_interface__rosidl_typesupport_introspection_c.so" to ""
[7.727s] -- Installing: /home/g1/rokey_c_2_ws/install/table_order_interface/lib/libtable_order_interface__rosidl_typesupport_c.so
[7.728s] -- Set runtime path of "/home/g1/rokey_c_2_ws/install/table_order_interface/lib/libtable_order_interface__rosidl_typesupport_c.so" to ""
[7.728s] -- Installing: /home/g1/rokey_c_2_ws/install/table_order_interface/lib/libtable_order_interface__rosidl_typesupport_introspection_cpp.so
[7.728s] -- Set runtime path of "/home/g1/rokey_c_2_ws/install/table_order_interface/lib/libtable_order_interface__rosidl_typesupport_introspection_cpp.so" to ""
[7.728s] -- Installing: /home/g1/rokey_c_2_ws/install/table_order_interface/lib/libtable_order_interface__rosidl_typesupport_cpp.so
[7.728s] -- Set runtime path of "/home/g1/rokey_c_2_ws/install/table_order_interface/lib/libtable_order_interface__rosidl_typesupport_cpp.so" to ""
[7.761s] Listing '/home/g1/rokey_c_2_ws/install/table_order_interface/local/lib/python3.10/dist-packages/table_order_interface'...
[7.761s] Compiling '/home/g1/rokey_c_2_ws/install/table_order_interface/local/lib/python3.10/dist-packages/table_order_interface/__init__.py'...
[7.761s] Listing '/home/g1/rokey_c_2_ws/install/table_order_interface/local/lib/python3.10/dist-packages/table_order_interface/srv'...
[7.761s] Compiling '/home/g1/rokey_c_2_ws/install/table_order_interface/local/lib/python3.10/dist-packages/table_order_interface/srv/__init__.py'...
[7.761s] Compiling '/home/g1/rokey_c_2_ws/install/table_order_interface/local/lib/python3.10/dist-packages/table_order_interface/srv/_set_order.py'...
[7.765s] -- Installing: /home/g1/rokey_c_2_ws/install/table_order_interface/lib/libtable_order_interface__rosidl_generator_py.so
[7.765s] -- Set runtime path of "/home/g1/rokey_c_2_ws/install/table_order_interface/lib/libtable_order_interface__rosidl_generator_py.so" to ""
[7.765s] -- Installing: /home/g1/rokey_c_2_ws/install/table_order_interface/share/table_order_interface/cmake/export_table_order_interface__rosidl_generator_cExport.cmake
[7.765s] -- Installing: /home/g1/rokey_c_2_ws/install/table_order_interface/share/table_order_interface/cmake/export_table_order_interface__rosidl_generator_cExport-noconfig.cmake
[7.765s] -- Installing: /home/g1/rokey_c_2_ws/install/table_order_interface/share/table_order_interface/cmake/export_table_order_interface__rosidl_typesupport_fastrtps_cExport.cmake
[7.765s] -- Installing: /home/g1/rokey_c_2_ws/install/table_order_interface/share/table_order_interface/cmake/export_table_order_interface__rosidl_typesupport_fastrtps_cExport-noconfig.cmake
[7.766s] -- Installing: /home/g1/rokey_c_2_ws/install/table_order_interface/share/table_order_interface/cmake/export_table_order_interface__rosidl_generator_cppExport.cmake
[7.766s] -- Installing: /home/g1/rokey_c_2_ws/install/table_order_interface/share/table_order_interface/cmake/export_table_order_interface__rosidl_typesupport_fastrtps_cppExport.cmake
[7.766s] -- Installing: /home/g1/rokey_c_2_ws/install/table_order_interface/share/table_order_interface/cmake/export_table_order_interface__rosidl_typesupport_fastrtps_cppExport-noconfig.cmake
[7.766s] -- Installing: /home/g1/rokey_c_2_ws/install/table_order_interface/share/table_order_interface/cmake/table_order_interface__rosidl_typesupport_introspection_cExport.cmake
[7.766s] -- Installing: /home/g1/rokey_c_2_ws/install/table_order_interface/share/table_order_interface/cmake/table_order_interface__rosidl_typesupport_introspection_cExport-noconfig.cmake
[7.766s] -- Installing: /home/g1/rokey_c_2_ws/install/table_order_interface/share/table_order_interface/cmake/table_order_interface__rosidl_typesupport_cExport.cmake
[7.766s] -- Installing: /home/g1/rokey_c_2_ws/install/table_order_interface/share/table_order_interface/cmake/table_order_interface__rosidl_typesupport_cExport-noconfig.cmake
[7.766s] -- Installing: /home/g1/rokey_c_2_ws/install/table_order_interface/share/table_order_interface/cmake/table_order_interface__rosidl_typesupport_introspection_cppExport.cmake
[7.766s] -- Installing: /home/g1/rokey_c_2_ws/install/table_order_interface/share/table_order_interface/cmake/table_order_interface__rosidl_typesupport_introspection_cppExport-noconfig.cmake
[7.766s] -- Installing: /home/g1/rokey_c_2_ws/install/table_order_interface/share/table_order_interface/cmake/table_order_interface__rosidl_typesupport_cppExport.cmake
[7.767s] -- Installing: /home/g1/rokey_c_2_ws/install/table_order_interface/share/table_order_interface/cmake/table_order_interface__rosidl_typesupport_cppExport-noconfig.cmake
[7.767s] -- Installing: /home/g1/rokey_c_2_ws/install/table_order_interface/share/table_order_interface/cmake/export_table_order_interface__rosidl_generator_pyExport.cmake
[7.767s] -- Installing: /home/g1/rokey_c_2_ws/install/table_order_interface/share/table_order_interface/cmake/export_table_order_interface__rosidl_generator_pyExport-noconfig.cmake
[7.769s] Invoked command in '/home/g1/rokey_c_2_ws/build/table_order_interface' returned '0': CMAKE_PREFIX_PATH=${CMAKE_PREFIX_PATH}:/home/g1/work/turtlebot3_ws/install/turtlebot3_teleop:/home/g1/work/turtlebot3_ws/install/turtlebot3_example:/opt/ros/humble /usr/bin/cmake --install /home/g1/rokey_c_2_ws/build/table_order_interface
