[1.387s] Invoking command in '/home/psb/rokey_c_2_ws/src/turtlebot3_gui': PYTHONPATH=/home/psb/rokey_c_2_ws/build/turtlebot3_gui/prefix_override:/usr/lib/python3/dist-packages/colcon_core/task/python/colcon_distutils_commands:/home/psb/rokey_c_2_ws/install/turtlebot3_gui/lib/python3.10/site-packages:${PYTHONPATH} /usr/bin/python3 -W ignore:setup.py install is deprecated setup.py egg_info --egg-base ../../build/turtlebot3_gui build --build-base /home/psb/rokey_c_2_ws/build/turtlebot3_gui/build install --record /home/psb/rokey_c_2_ws/build/turtlebot3_gui/install.log --single-version-externally-managed install_data
[1.719s] running egg_info
[1.722s] writing ../../build/turtlebot3_gui/turtlebot3_gui.egg-info/PKG-INFO
[1.722s] writing dependency_links to ../../build/turtlebot3_gui/turtlebot3_gui.egg-info/dependency_links.txt
[1.722s] writing entry points to ../../build/turtlebot3_gui/turtlebot3_gui.egg-info/entry_points.txt
[1.722s] writing requirements to ../../build/turtlebot3_gui/turtlebot3_gui.egg-info/requires.txt
[1.722s] writing top-level names to ../../build/turtlebot3_gui/turtlebot3_gui.egg-info/top_level.txt
[1.726s] reading manifest file '../../build/turtlebot3_gui/turtlebot3_gui.egg-info/SOURCES.txt'
[1.727s] writing manifest file '../../build/turtlebot3_gui/turtlebot3_gui.egg-info/SOURCES.txt'
[1.727s] running build
[1.728s] running build_py
[1.728s] copying turtlebot3_gui/turtlebot3_gui.py -> /home/psb/rokey_c_2_ws/build/turtlebot3_gui/build/lib/turtlebot3_gui
[1.729s] running install
[1.730s] running install_lib
[1.731s] copying /home/psb/rokey_c_2_ws/build/turtlebot3_gui/build/lib/turtlebot3_gui/turtlebot3_gui.py -> /home/psb/rokey_c_2_ws/install/turtlebot3_gui/lib/python3.10/site-packages/turtlebot3_gui
[1.733s] byte-compiling /home/psb/rokey_c_2_ws/install/turtlebot3_gui/lib/python3.10/site-packages/turtlebot3_gui/turtlebot3_gui.py to turtlebot3_gui.cpython-310.pyc
[1.734s] running install_data
[1.734s] running install_egg_info
[1.737s] removing '/home/psb/rokey_c_2_ws/install/turtlebot3_gui/lib/python3.10/site-packages/turtlebot3_gui-0.0.0-py3.10.egg-info' (and everything under it)
[1.737s] Copying ../../build/turtlebot3_gui/turtlebot3_gui.egg-info to /home/psb/rokey_c_2_ws/install/turtlebot3_gui/lib/python3.10/site-packages/turtlebot3_gui-0.0.0-py3.10.egg-info
[1.738s] running install_scripts
[1.763s] Installing nav_client script to /home/psb/rokey_c_2_ws/install/turtlebot3_gui/lib/turtlebot3_gui
[1.763s] Installing nav_server script to /home/psb/rokey_c_2_ws/install/turtlebot3_gui/lib/turtlebot3_gui
[1.764s] Installing pub_topic script to /home/psb/rokey_c_2_ws/install/turtlebot3_gui/lib/turtlebot3_gui
[1.764s] Installing send_goal script to /home/psb/rokey_c_2_ws/install/turtlebot3_gui/lib/turtlebot3_gui
[1.764s] Installing service_client script to /home/psb/rokey_c_2_ws/install/turtlebot3_gui/lib/turtlebot3_gui
[1.764s] Installing service_server script to /home/psb/rokey_c_2_ws/install/turtlebot3_gui/lib/turtlebot3_gui
[1.764s] Installing sub_topic script to /home/psb/rokey_c_2_ws/install/turtlebot3_gui/lib/turtlebot3_gui
[1.764s] Installing turtlebot3_gui script to /home/psb/rokey_c_2_ws/install/turtlebot3_gui/lib/turtlebot3_gui
[1.764s] Installing turtlebot3_move script to /home/psb/rokey_c_2_ws/install/turtlebot3_gui/lib/turtlebot3_gui
[1.764s] Installing turtlebot3_point script to /home/psb/rokey_c_2_ws/install/turtlebot3_gui/lib/turtlebot3_gui
[1.765s] writing list of installed files to '/home/psb/rokey_c_2_ws/build/turtlebot3_gui/install.log'
[1.793s] Invoked command in '/home/psb/rokey_c_2_ws/src/turtlebot3_gui' returned '0': PYTHONPATH=/home/psb/rokey_c_2_ws/build/turtlebot3_gui/prefix_override:/usr/lib/python3/dist-packages/colcon_core/task/python/colcon_distutils_commands:/home/psb/rokey_c_2_ws/install/turtlebot3_gui/lib/python3.10/site-packages:${PYTHONPATH} /usr/bin/python3 -W ignore:setup.py install is deprecated setup.py egg_info --egg-base ../../build/turtlebot3_gui build --build-base /home/psb/rokey_c_2_ws/build/turtlebot3_gui/build install --record /home/psb/rokey_c_2_ws/build/turtlebot3_gui/install.log --single-version-externally-managed install_data
