[0.131s] DEBUG:colcon:Command line arguments: ['/usr/bin/colcon', 'build', '--symlink-install']
[0.132s] DEBUG:colcon:Parsed command line arguments: Namespace(log_base=None, log_level=None, verb_name='build', build_base='build', install_base='install', merge_install=False, symlink_install=True, test_result_base=None, continue_on_error=False, executor='parallel', parallel_workers=11, event_handlers=None, ignore_user_meta=False, metas=['./colcon.meta'], base_paths=['.'], packages_ignore=None, packages_ignore_regex=None, paths=None, packages_up_to=None, packages_up_to_regex=None, packages_above=None, packages_above_and_dependencies=None, packages_above_depth=None, packages_select_by_dep=None, packages_skip_by_dep=None, packages_skip_up_to=None, packages_select_build_failed=False, packages_skip_build_finished=False, packages_select_test_failures=False, packages_skip_test_passed=False, packages_select=None, packages_skip=None, packages_select_regex=None, packages_skip_regex=None, packages_start=None, packages_end=None, allow_overriding=[], cmake_args=None, cmake_target=None, cmake_target_skip_unavailable=False, cmake_clean_cache=False, cmake_clean_first=False, cmake_force_configure=False, ament_cmake_args=None, catkin_cmake_args=None, catkin_skip_building_tests=False, mixin_files=None, mixin=None, verb_parser=<colcon_mixin.mixin.mixin_argument.MixinArgumentDecorator object at 0x7408b97d3ca0>, verb_extension=<colcon_core.verb.build.BuildVerb object at 0x7408b99885e0>, main=<bound method BuildVerb.main of <colcon_core.verb.build.BuildVerb object at 0x7408b99885e0>>, mixin_verb=('build',))
[0.335s] Level 1:colcon.colcon_core.package_discovery:discover_packages(colcon_meta) check parameters
[0.335s] Level 1:colcon.colcon_core.package_discovery:discover_packages(recursive) check parameters
[0.335s] Level 1:colcon.colcon_core.package_discovery:discover_packages(ignore) check parameters
[0.335s] Level 1:colcon.colcon_core.package_discovery:discover_packages(path) check parameters
[0.335s] Level 1:colcon.colcon_core.package_discovery:discover_packages(colcon_meta) discover
[0.335s] Level 1:colcon.colcon_core.package_discovery:discover_packages(recursive) discover
[0.335s] INFO:colcon.colcon_core.package_discovery:Crawling recursively for packages in '/home/aaa/rokey_c_2_ws'
[0.335s] Level 1:colcon.colcon_core.package_identification:_identify(.) by extensions ['ignore', 'ignore_ament_install']
[0.335s] Level 1:colcon.colcon_core.package_identification:_identify(.) by extension 'ignore'
[0.335s] Level 1:colcon.colcon_core.package_identification:_identify(.) by extension 'ignore_ament_install'
[0.335s] Level 1:colcon.colcon_core.package_identification:_identify(.) by extensions ['colcon_pkg']
[0.335s] Level 1:colcon.colcon_core.package_identification:_identify(.) by extension 'colcon_pkg'
[0.335s] Level 1:colcon.colcon_core.package_identification:_identify(.) by extensions ['colcon_meta']
[0.335s] Level 1:colcon.colcon_core.package_identification:_identify(.) by extension 'colcon_meta'
[0.335s] Level 1:colcon.colcon_core.package_identification:_identify(.) by extensions ['ros']
[0.335s] Level 1:colcon.colcon_core.package_identification:_identify(.) by extension 'ros'
[0.352s] Level 1:colcon.colcon_core.package_identification:_identify(.) by extensions ['cmake', 'python']
[0.352s] Level 1:colcon.colcon_core.package_identification:_identify(.) by extension 'cmake'
[0.352s] Level 1:colcon.colcon_core.package_identification:_identify(.) by extension 'python'
[0.352s] Level 1:colcon.colcon_core.package_identification:_identify(.) by extensions ['python_setup_py']
[0.352s] Level 1:colcon.colcon_core.package_identification:_identify(.) by extension 'python_setup_py'
[0.353s] Level 1:colcon.colcon_core.package_identification:_identify(build) by extensions ['ignore', 'ignore_ament_install']
[0.353s] Level 1:colcon.colcon_core.package_identification:_identify(build) by extension 'ignore'
[0.353s] Level 1:colcon.colcon_core.package_identification:_identify(build) ignored
[0.353s] Level 1:colcon.colcon_core.package_identification:_identify(install) by extensions ['ignore', 'ignore_ament_install']
[0.353s] Level 1:colcon.colcon_core.package_identification:_identify(install) by extension 'ignore'
[0.353s] Level 1:colcon.colcon_core.package_identification:_identify(install) ignored
[0.353s] Level 1:colcon.colcon_core.package_identification:_identify(log) by extensions ['ignore', 'ignore_ament_install']
[0.353s] Level 1:colcon.colcon_core.package_identification:_identify(log) by extension 'ignore'
[0.353s] Level 1:colcon.colcon_core.package_identification:_identify(log) ignored
[0.353s] Level 1:colcon.colcon_core.package_identification:_identify(src) by extensions ['ignore', 'ignore_ament_install']
[0.353s] Level 1:colcon.colcon_core.package_identification:_identify(src) by extension 'ignore'
[0.353s] Level 1:colcon.colcon_core.package_identification:_identify(src) by extension 'ignore_ament_install'
[0.353s] Level 1:colcon.colcon_core.package_identification:_identify(src) by extensions ['colcon_pkg']
[0.353s] Level 1:colcon.colcon_core.package_identification:_identify(src) by extension 'colcon_pkg'
[0.353s] Level 1:colcon.colcon_core.package_identification:_identify(src) by extensions ['colcon_meta']
[0.353s] Level 1:colcon.colcon_core.package_identification:_identify(src) by extension 'colcon_meta'
[0.353s] Level 1:colcon.colcon_core.package_identification:_identify(src) by extensions ['ros']
[0.353s] Level 1:colcon.colcon_core.package_identification:_identify(src) by extension 'ros'
[0.353s] Level 1:colcon.colcon_core.package_identification:_identify(src) by extensions ['cmake', 'python']
[0.353s] Level 1:colcon.colcon_core.package_identification:_identify(src) by extension 'cmake'
[0.353s] Level 1:colcon.colcon_core.package_identification:_identify(src) by extension 'python'
[0.353s] Level 1:colcon.colcon_core.package_identification:_identify(src) by extensions ['python_setup_py']
[0.353s] Level 1:colcon.colcon_core.package_identification:_identify(src) by extension 'python_setup_py'
[0.353s] Level 1:colcon.colcon_core.package_identification:_identify(src/database) by extensions ['ignore', 'ignore_ament_install']
[0.354s] Level 1:colcon.colcon_core.package_identification:_identify(src/database) by extension 'ignore'
[0.354s] Level 1:colcon.colcon_core.package_identification:_identify(src/database) by extension 'ignore_ament_install'
[0.354s] Level 1:colcon.colcon_core.package_identification:_identify(src/database) by extensions ['colcon_pkg']
[0.354s] Level 1:colcon.colcon_core.package_identification:_identify(src/database) by extension 'colcon_pkg'
[0.354s] Level 1:colcon.colcon_core.package_identification:_identify(src/database) by extensions ['colcon_meta']
[0.354s] Level 1:colcon.colcon_core.package_identification:_identify(src/database) by extension 'colcon_meta'
[0.354s] Level 1:colcon.colcon_core.package_identification:_identify(src/database) by extensions ['ros']
[0.354s] Level 1:colcon.colcon_core.package_identification:_identify(src/database) by extension 'ros'
[0.356s] DEBUG:colcon.colcon_core.package_identification:Package 'src/database' with type 'ros.ament_python' and name 'database'
[0.356s] Level 1:colcon.colcon_core.package_identification:_identify(src/serving_robot) by extensions ['ignore', 'ignore_ament_install']
[0.356s] Level 1:colcon.colcon_core.package_identification:_identify(src/serving_robot) by extension 'ignore'
[0.356s] Level 1:colcon.colcon_core.package_identification:_identify(src/serving_robot) by extension 'ignore_ament_install'
[0.356s] Level 1:colcon.colcon_core.package_identification:_identify(src/serving_robot) by extensions ['colcon_pkg']
[0.356s] Level 1:colcon.colcon_core.package_identification:_identify(src/serving_robot) by extension 'colcon_pkg'
[0.356s] Level 1:colcon.colcon_core.package_identification:_identify(src/serving_robot) by extensions ['colcon_meta']
[0.356s] Level 1:colcon.colcon_core.package_identification:_identify(src/serving_robot) by extension 'colcon_meta'
[0.356s] Level 1:colcon.colcon_core.package_identification:_identify(src/serving_robot) by extensions ['ros']
[0.356s] Level 1:colcon.colcon_core.package_identification:_identify(src/serving_robot) by extension 'ros'
[0.357s] DEBUG:colcon.colcon_core.package_identification:Package 'src/serving_robot' with type 'ros.ament_python' and name 'serving_robot'
[0.357s] Level 1:colcon.colcon_core.package_identification:_identify(src/serving_robot_msgs) by extensions ['ignore', 'ignore_ament_install']
[0.357s] Level 1:colcon.colcon_core.package_identification:_identify(src/serving_robot_msgs) by extension 'ignore'
[0.357s] Level 1:colcon.colcon_core.package_identification:_identify(src/serving_robot_msgs) by extension 'ignore_ament_install'
[0.357s] Level 1:colcon.colcon_core.package_identification:_identify(src/serving_robot_msgs) by extensions ['colcon_pkg']
[0.357s] Level 1:colcon.colcon_core.package_identification:_identify(src/serving_robot_msgs) by extension 'colcon_pkg'
[0.357s] Level 1:colcon.colcon_core.package_identification:_identify(src/serving_robot_msgs) by extensions ['colcon_meta']
[0.357s] Level 1:colcon.colcon_core.package_identification:_identify(src/serving_robot_msgs) by extension 'colcon_meta'
[0.357s] Level 1:colcon.colcon_core.package_identification:_identify(src/serving_robot_msgs) by extensions ['ros']
[0.357s] Level 1:colcon.colcon_core.package_identification:_identify(src/serving_robot_msgs) by extension 'ros'
[0.357s] DEBUG:colcon.colcon_core.package_identification:Package 'src/serving_robot_msgs' with type 'ros.ament_cmake' and name 'serving_robot_msgs'
[0.358s] Level 1:colcon.colcon_core.package_identification:_identify(src/table_order) by extensions ['ignore', 'ignore_ament_install']
[0.358s] Level 1:colcon.colcon_core.package_identification:_identify(src/table_order) by extension 'ignore'
[0.358s] Level 1:colcon.colcon_core.package_identification:_identify(src/table_order) by extension 'ignore_ament_install'
[0.358s] Level 1:colcon.colcon_core.package_identification:_identify(src/table_order) by extensions ['colcon_pkg']
[0.358s] Level 1:colcon.colcon_core.package_identification:_identify(src/table_order) by extension 'colcon_pkg'
[0.358s] Level 1:colcon.colcon_core.package_identification:_identify(src/table_order) by extensions ['colcon_meta']
[0.358s] Level 1:colcon.colcon_core.package_identification:_identify(src/table_order) by extension 'colcon_meta'
[0.358s] Level 1:colcon.colcon_core.package_identification:_identify(src/table_order) by extensions ['ros']
[0.358s] Level 1:colcon.colcon_core.package_identification:_identify(src/table_order) by extension 'ros'
[0.359s] DEBUG:colcon.colcon_core.package_identification:Package 'src/table_order' with type 'ros.ament_python' and name 'table_order'
[0.359s] Level 1:colcon.colcon_core.package_identification:_identify(src/table_order_interface) by extensions ['ignore', 'ignore_ament_install']
[0.359s] Level 1:colcon.colcon_core.package_identification:_identify(src/table_order_interface) by extension 'ignore'
[0.359s] Level 1:colcon.colcon_core.package_identification:_identify(src/table_order_interface) by extension 'ignore_ament_install'
[0.359s] Level 1:colcon.colcon_core.package_identification:_identify(src/table_order_interface) by extensions ['colcon_pkg']
[0.359s] Level 1:colcon.colcon_core.package_identification:_identify(src/table_order_interface) by extension 'colcon_pkg'
[0.359s] Level 1:colcon.colcon_core.package_identification:_identify(src/table_order_interface) by extensions ['colcon_meta']
[0.359s] Level 1:colcon.colcon_core.package_identification:_identify(src/table_order_interface) by extension 'colcon_meta'
[0.359s] Level 1:colcon.colcon_core.package_identification:_identify(src/table_order_interface) by extensions ['ros']
[0.359s] Level 1:colcon.colcon_core.package_identification:_identify(src/table_order_interface) by extension 'ros'
[0.360s] DEBUG:colcon.colcon_core.package_identification:Package 'src/table_order_interface' with type 'ros.ament_cmake' and name 'table_order_interface'
[0.360s] Level 1:colcon.colcon_core.package_discovery:discover_packages(recursive) using defaults
[0.360s] Level 1:colcon.colcon_core.package_discovery:discover_packages(ignore) discover
[0.360s] Level 1:colcon.colcon_core.package_discovery:discover_packages(ignore) using defaults
[0.360s] Level 1:colcon.colcon_core.package_discovery:discover_packages(path) discover
[0.360s] Level 1:colcon.colcon_core.package_discovery:discover_packages(path) using defaults
[0.384s] Level 1:colcon.colcon_core.package_discovery:discover_packages(prefix_path) check parameters
[0.384s] Level 1:colcon.colcon_core.package_discovery:discover_packages(prefix_path) discover
[0.385s] WARNING:colcon.colcon_ros.prefix_path.ament:The path '/home/aaa/rokey_c_2_ws/install/table_order' in the environment variable AMENT_PREFIX_PATH doesn't exist
[0.386s] WARNING:colcon.colcon_ros.prefix_path.ament:The path '/home/aaa/rokey_c_2_ws/install/table_order_interface' in the environment variable AMENT_PREFIX_PATH doesn't exist
[0.386s] WARNING:colcon.colcon_ros.prefix_path.ament:The path '/home/aaa/rokey_c_2_ws/install/serving_robot' in the environment variable AMENT_PREFIX_PATH doesn't exist
[0.386s] WARNING:colcon.colcon_ros.prefix_path.ament:The path '/home/aaa/rokey_c_2_ws/install/serving_robot_msgs' in the environment variable AMENT_PREFIX_PATH doesn't exist
[0.386s] WARNING:colcon.colcon_ros.prefix_path.ament:The path '/home/aaa/rokey_c_2_ws/install/database' in the environment variable AMENT_PREFIX_PATH doesn't exist
[0.387s] WARNING:colcon.colcon_ros.prefix_path.catkin:The path '/home/aaa/rokey_c_2_ws/install/table_order_interface' in the environment variable CMAKE_PREFIX_PATH doesn't exist
[0.387s] WARNING:colcon.colcon_ros.prefix_path.catkin:The path '/home/aaa/rokey_c_2_ws/install/serving_robot_msgs' in the environment variable CMAKE_PREFIX_PATH doesn't exist
[0.387s] DEBUG:colcon.colcon_installed_package_information.package_discovery:Found 0 installed packages in /home/aaa/rokey_c_2_ws/install
[0.388s] DEBUG:colcon.colcon_installed_package_information.package_discovery:Found 17 installed packages in /home/aaa/serving_robot_ws/install
[0.390s] DEBUG:colcon.colcon_installed_package_information.package_discovery:Found 374 installed packages in /opt/ros/humble
[0.392s] Level 1:colcon.colcon_core.package_discovery:discover_packages(prefix_path) using defaults
[0.444s] Level 5:colcon.colcon_core.verb:set package 'database' build argument 'cmake_args' from command line to 'None'
[0.444s] Level 5:colcon.colcon_core.verb:set package 'database' build argument 'cmake_target' from command line to 'None'
[0.444s] Level 5:colcon.colcon_core.verb:set package 'database' build argument 'cmake_target_skip_unavailable' from command line to 'False'
[0.444s] Level 5:colcon.colcon_core.verb:set package 'database' build argument 'cmake_clean_cache' from command line to 'False'
[0.444s] Level 5:colcon.colcon_core.verb:set package 'database' build argument 'cmake_clean_first' from command line to 'False'
[0.444s] Level 5:colcon.colcon_core.verb:set package 'database' build argument 'cmake_force_configure' from command line to 'False'
[0.444s] Level 5:colcon.colcon_core.verb:set package 'database' build argument 'ament_cmake_args' from command line to 'None'
[0.444s] Level 5:colcon.colcon_core.verb:set package 'database' build argument 'catkin_cmake_args' from command line to 'None'
[0.444s] Level 5:colcon.colcon_core.verb:set package 'database' build argument 'catkin_skip_building_tests' from command line to 'False'
[0.444s] DEBUG:colcon.colcon_core.verb:Building package 'database' with the following arguments: {'ament_cmake_args': None, 'build_base': '/home/aaa/rokey_c_2_ws/build/database', 'catkin_cmake_args': None, 'catkin_skip_building_tests': False, 'cmake_args': None, 'cmake_clean_cache': False, 'cmake_clean_first': False, 'cmake_force_configure': False, 'cmake_target': None, 'cmake_target_skip_unavailable': False, 'install_base': '/home/aaa/rokey_c_2_ws/install/database', 'merge_install': False, 'path': '/home/aaa/rokey_c_2_ws/src/database', 'symlink_install': True, 'test_result_base': None}
[0.445s] Level 5:colcon.colcon_core.verb:set package 'serving_robot_msgs' build argument 'cmake_args' from command line to 'None'
[0.445s] Level 5:colcon.colcon_core.verb:set package 'serving_robot_msgs' build argument 'cmake_target' from command line to 'None'
[0.445s] Level 5:colcon.colcon_core.verb:set package 'serving_robot_msgs' build argument 'cmake_target_skip_unavailable' from command line to 'False'
[0.445s] Level 5:colcon.colcon_core.verb:set package 'serving_robot_msgs' build argument 'cmake_clean_cache' from command line to 'False'
[0.445s] Level 5:colcon.colcon_core.verb:set package 'serving_robot_msgs' build argument 'cmake_clean_first' from command line to 'False'
[0.445s] Level 5:colcon.colcon_core.verb:set package 'serving_robot_msgs' build argument 'cmake_force_configure' from command line to 'False'
[0.445s] Level 5:colcon.colcon_core.verb:set package 'serving_robot_msgs' build argument 'ament_cmake_args' from command line to 'None'
[0.445s] Level 5:colcon.colcon_core.verb:set package 'serving_robot_msgs' build argument 'catkin_cmake_args' from command line to 'None'
[0.445s] Level 5:colcon.colcon_core.verb:set package 'serving_robot_msgs' build argument 'catkin_skip_building_tests' from command line to 'False'
[0.445s] DEBUG:colcon.colcon_core.verb:Building package 'serving_robot_msgs' with the following arguments: {'ament_cmake_args': None, 'build_base': '/home/aaa/rokey_c_2_ws/build/serving_robot_msgs', 'catkin_cmake_args': None, 'catkin_skip_building_tests': False, 'cmake_args': None, 'cmake_clean_cache': False, 'cmake_clean_first': False, 'cmake_force_configure': False, 'cmake_target': None, 'cmake_target_skip_unavailable': False, 'install_base': '/home/aaa/rokey_c_2_ws/install/serving_robot_msgs', 'merge_install': False, 'path': '/home/aaa/rokey_c_2_ws/src/serving_robot_msgs', 'symlink_install': True, 'test_result_base': None}
[0.445s] Level 5:colcon.colcon_core.verb:set package 'table_order_interface' build argument 'cmake_args' from command line to 'None'
[0.445s] Level 5:colcon.colcon_core.verb:set package 'table_order_interface' build argument 'cmake_target' from command line to 'None'
[0.445s] Level 5:colcon.colcon_core.verb:set package 'table_order_interface' build argument 'cmake_target_skip_unavailable' from command line to 'False'
[0.445s] Level 5:colcon.colcon_core.verb:set package 'table_order_interface' build argument 'cmake_clean_cache' from command line to 'False'
[0.445s] Level 5:colcon.colcon_core.verb:set package 'table_order_interface' build argument 'cmake_clean_first' from command line to 'False'
[0.445s] Level 5:colcon.colcon_core.verb:set package 'table_order_interface' build argument 'cmake_force_configure' from command line to 'False'
[0.445s] Level 5:colcon.colcon_core.verb:set package 'table_order_interface' build argument 'ament_cmake_args' from command line to 'None'
[0.445s] Level 5:colcon.colcon_core.verb:set package 'table_order_interface' build argument 'catkin_cmake_args' from command line to 'None'
[0.445s] Level 5:colcon.colcon_core.verb:set package 'table_order_interface' build argument 'catkin_skip_building_tests' from command line to 'False'
[0.445s] DEBUG:colcon.colcon_core.verb:Building package 'table_order_interface' with the following arguments: {'ament_cmake_args': None, 'build_base': '/home/aaa/rokey_c_2_ws/build/table_order_interface', 'catkin_cmake_args': None, 'catkin_skip_building_tests': False, 'cmake_args': None, 'cmake_clean_cache': False, 'cmake_clean_first': False, 'cmake_force_configure': False, 'cmake_target': None, 'cmake_target_skip_unavailable': False, 'install_base': '/home/aaa/rokey_c_2_ws/install/table_order_interface', 'merge_install': False, 'path': '/home/aaa/rokey_c_2_ws/src/table_order_interface', 'symlink_install': True, 'test_result_base': None}
[0.446s] Level 5:colcon.colcon_core.verb:set package 'serving_robot' build argument 'cmake_args' from command line to 'None'
[0.446s] Level 5:colcon.colcon_core.verb:set package 'serving_robot' build argument 'cmake_target' from command line to 'None'
[0.446s] Level 5:colcon.colcon_core.verb:set package 'serving_robot' build argument 'cmake_target_skip_unavailable' from command line to 'False'
[0.446s] Level 5:colcon.colcon_core.verb:set package 'serving_robot' build argument 'cmake_clean_cache' from command line to 'False'
[0.446s] Level 5:colcon.colcon_core.verb:set package 'serving_robot' build argument 'cmake_clean_first' from command line to 'False'
[0.446s] Level 5:colcon.colcon_core.verb:set package 'serving_robot' build argument 'cmake_force_configure' from command line to 'False'
[0.446s] Level 5:colcon.colcon_core.verb:set package 'serving_robot' build argument 'ament_cmake_args' from command line to 'None'
[0.446s] Level 5:colcon.colcon_core.verb:set package 'serving_robot' build argument 'catkin_cmake_args' from command line to 'None'
[0.446s] Level 5:colcon.colcon_core.verb:set package 'serving_robot' build argument 'catkin_skip_building_tests' from command line to 'False'
[0.446s] DEBUG:colcon.colcon_core.verb:Building package 'serving_robot' with the following arguments: {'ament_cmake_args': None, 'build_base': '/home/aaa/rokey_c_2_ws/build/serving_robot', 'catkin_cmake_args': None, 'catkin_skip_building_tests': False, 'cmake_args': None, 'cmake_clean_cache': False, 'cmake_clean_first': False, 'cmake_force_configure': False, 'cmake_target': None, 'cmake_target_skip_unavailable': False, 'install_base': '/home/aaa/rokey_c_2_ws/install/serving_robot', 'merge_install': False, 'path': '/home/aaa/rokey_c_2_ws/src/serving_robot', 'symlink_install': True, 'test_result_base': None}
[0.446s] Level 5:colcon.colcon_core.verb:set package 'table_order' build argument 'cmake_args' from command line to 'None'
[0.446s] Level 5:colcon.colcon_core.verb:set package 'table_order' build argument 'cmake_target' from command line to 'None'
[0.446s] Level 5:colcon.colcon_core.verb:set package 'table_order' build argument 'cmake_target_skip_unavailable' from command line to 'False'
[0.446s] Level 5:colcon.colcon_core.verb:set package 'table_order' build argument 'cmake_clean_cache' from command line to 'False'
[0.446s] Level 5:colcon.colcon_core.verb:set package 'table_order' build argument 'cmake_clean_first' from command line to 'False'
[0.446s] Level 5:colcon.colcon_core.verb:set package 'table_order' build argument 'cmake_force_configure' from command line to 'False'
[0.446s] Level 5:colcon.colcon_core.verb:set package 'table_order' build argument 'ament_cmake_args' from command line to 'None'
[0.446s] Level 5:colcon.colcon_core.verb:set package 'table_order' build argument 'catkin_cmake_args' from command line to 'None'
[0.446s] Level 5:colcon.colcon_core.verb:set package 'table_order' build argument 'catkin_skip_building_tests' from command line to 'False'
[0.446s] DEBUG:colcon.colcon_core.verb:Building package 'table_order' with the following arguments: {'ament_cmake_args': None, 'build_base': '/home/aaa/rokey_c_2_ws/build/table_order', 'catkin_cmake_args': None, 'catkin_skip_building_tests': False, 'cmake_args': None, 'cmake_clean_cache': False, 'cmake_clean_first': False, 'cmake_force_configure': False, 'cmake_target': None, 'cmake_target_skip_unavailable': False, 'install_base': '/home/aaa/rokey_c_2_ws/install/table_order', 'merge_install': False, 'path': '/home/aaa/rokey_c_2_ws/src/table_order', 'symlink_install': True, 'test_result_base': None}
[0.446s] INFO:colcon.colcon_core.executor:Executing jobs using 'parallel' executor
[0.447s] DEBUG:colcon.colcon_parallel_executor.executor.parallel:run_until_complete
[0.448s] INFO:colcon.colcon_ros.task.ament_cmake.build:Building ROS package in '/home/aaa/rokey_c_2_ws/src/serving_robot_msgs' with build type 'ament_cmake'
[0.448s] INFO:colcon.colcon_cmake.task.cmake.build:Building CMake package in '/home/aaa/rokey_c_2_ws/src/serving_robot_msgs'
[0.451s] INFO:colcon.colcon_core.plugin_system:Skipping extension 'colcon_core.shell.bat': Not used on non-Windows systems
[0.451s] INFO:colcon.colcon_core.shell:Skip shell extension 'powershell' for command environment: Not usable outside of PowerShell
[0.451s] DEBUG:colcon.colcon_core.shell:Skip shell extension 'dsv' for command environment
[0.457s] INFO:colcon.colcon_ros.task.ament_cmake.build:Building ROS package in '/home/aaa/rokey_c_2_ws/src/table_order_interface' with build type 'ament_cmake'
[0.457s] INFO:colcon.colcon_cmake.task.cmake.build:Building CMake package in '/home/aaa/rokey_c_2_ws/src/table_order_interface'
[0.458s] INFO:colcon.colcon_core.shell:Skip shell extension 'powershell' for command environment: Not usable outside of PowerShell
[0.458s] DEBUG:colcon.colcon_core.shell:Skip shell extension 'dsv' for command environment
[0.467s] INFO:colcon.colcon_ros.task.ament_python.build:Building ROS package in '/home/aaa/rokey_c_2_ws/src/database' with build type 'ament_python'
[0.468s] Level 1:colcon.colcon_core.shell:create_environment_hook('database', 'ament_prefix_path')
[0.468s] INFO:colcon.colcon_core.shell:Creating environment hook '/home/aaa/rokey_c_2_ws/install/database/share/database/hook/ament_prefix_path.ps1'
[0.469s] INFO:colcon.colcon_core.shell:Creating environment descriptor '/home/aaa/rokey_c_2_ws/install/database/share/database/hook/ament_prefix_path.dsv'
[0.469s] INFO:colcon.colcon_core.shell:Creating environment hook '/home/aaa/rokey_c_2_ws/install/database/share/database/hook/ament_prefix_path.sh'
[0.470s] INFO:colcon.colcon_core.shell:Skip shell extension 'powershell' for command environment: Not usable outside of PowerShell
[0.471s] DEBUG:colcon.colcon_core.shell:Skip shell extension 'dsv' for command environment
[0.480s] DEBUG:colcon.colcon_core.event_handler.log_command:Invoking command in '/home/aaa/rokey_c_2_ws/build/serving_robot_msgs': CMAKE_PREFIX_PATH=${CMAKE_PREFIX_PATH}:/home/aaa/rokey_c_2_ws/install/table_order:/home/aaa/rokey_c_2_ws/install/serving_robot:/home/aaa/rokey_c_2_ws/install/database:/home/aaa/serving_robot_ws/install/turtlebot3_teleop:/home/aaa/serving_robot_ws/install/turtlebot3_example:/home/aaa/serving_robot_ws/install/turtlebot3_gui:/home/aaa/serving_robot_ws/install/serving_robot:/opt/ros/humble /usr/bin/cmake /home/aaa/rokey_c_2_ws/src/serving_robot_msgs -DAMENT_CMAKE_SYMLINK_INSTALL=1 -DCMAKE_INSTALL_PREFIX=/home/aaa/rokey_c_2_ws/install/serving_robot_msgs
[0.491s] DEBUG:colcon.colcon_core.event_handler.log_command:Invoking command in '/home/aaa/rokey_c_2_ws/build/table_order_interface': CMAKE_PREFIX_PATH=${CMAKE_PREFIX_PATH}:/home/aaa/rokey_c_2_ws/install/table_order:/home/aaa/rokey_c_2_ws/install/serving_robot:/home/aaa/rokey_c_2_ws/install/database:/home/aaa/serving_robot_ws/install/turtlebot3_teleop:/home/aaa/serving_robot_ws/install/turtlebot3_example:/home/aaa/serving_robot_ws/install/turtlebot3_gui:/home/aaa/serving_robot_ws/install/serving_robot:/opt/ros/humble /usr/bin/cmake /home/aaa/rokey_c_2_ws/src/table_order_interface -DAMENT_CMAKE_SYMLINK_INSTALL=1 -DCMAKE_INSTALL_PREFIX=/home/aaa/rokey_c_2_ws/install/table_order_interface
[0.877s] INFO:colcon.colcon_core.task.python.build:Building Python package in '/home/aaa/rokey_c_2_ws/src/database'
[0.877s] INFO:colcon.colcon_core.shell:Skip shell extension 'powershell' for command environment: Not usable outside of PowerShell
[0.877s] DEBUG:colcon.colcon_core.shell:Skip shell extension 'dsv' for command environment
[1.324s] DEBUG:colcon.colcon_core.event_handler.log_command:Invoking command in '/home/aaa/rokey_c_2_ws/build/database': PYTHONPATH=/home/aaa/rokey_c_2_ws/build/database/prefix_override:/usr/lib/python3/dist-packages/colcon_core/task/python/colcon_distutils_commands:/home/aaa/rokey_c_2_ws/install/database/lib/python3.10/site-packages:${PYTHONPATH} /usr/bin/python3 -W ignore:setup.py install is deprecated setup.py develop --editable --build-directory /home/aaa/rokey_c_2_ws/build/database/build --no-deps symlink_data
[1.930s] Level 1:colcon.colcon_core.shell:create_environment_hook('database', 'pythonpath_develop')
[1.930s] DEBUG:colcon.colcon_core.event_handler.log_command:Invoked command in '/home/aaa/rokey_c_2_ws/build/database' returned '0': PYTHONPATH=/home/aaa/rokey_c_2_ws/build/database/prefix_override:/usr/lib/python3/dist-packages/colcon_core/task/python/colcon_distutils_commands:/home/aaa/rokey_c_2_ws/install/database/lib/python3.10/site-packages:${PYTHONPATH} /usr/bin/python3 -W ignore:setup.py install is deprecated setup.py develop --editable --build-directory /home/aaa/rokey_c_2_ws/build/database/build --no-deps symlink_data
[1.931s] INFO:colcon.colcon_core.shell:Creating environment hook '/home/aaa/rokey_c_2_ws/build/database/share/database/hook/pythonpath_develop.ps1'
[1.931s] INFO:colcon.colcon_core.shell:Creating environment descriptor '/home/aaa/rokey_c_2_ws/build/database/share/database/hook/pythonpath_develop.dsv'
[1.932s] INFO:colcon.colcon_core.shell:Creating environment hook '/home/aaa/rokey_c_2_ws/build/database/share/database/hook/pythonpath_develop.sh'
[1.935s] Level 1:colcon.colcon_core.environment:checking '/home/aaa/rokey_c_2_ws/install/database' for CMake module files
[1.936s] Level 1:colcon.colcon_core.environment:checking '/home/aaa/rokey_c_2_ws/install/database' for CMake config files
[1.936s] Level 1:colcon.colcon_core.environment:checking '/home/aaa/rokey_c_2_ws/install/database/lib'
[1.936s] Level 1:colcon.colcon_core.environment:checking '/home/aaa/rokey_c_2_ws/install/database/bin'
[1.936s] Level 1:colcon.colcon_core.environment:checking '/home/aaa/rokey_c_2_ws/install/database/lib/pkgconfig/database.pc'
[1.937s] Level 1:colcon.colcon_core.environment:checking '/home/aaa/rokey_c_2_ws/install/database/lib/python3.10/site-packages'
[1.937s] Level 1:colcon.colcon_core.shell:create_environment_hook('database', 'pythonpath')
[1.937s] INFO:colcon.colcon_core.shell:Creating environment hook '/home/aaa/rokey_c_2_ws/install/database/share/database/hook/pythonpath.ps1'
[1.937s] INFO:colcon.colcon_core.shell:Creating environment descriptor '/home/aaa/rokey_c_2_ws/install/database/share/database/hook/pythonpath.dsv'
[1.937s] INFO:colcon.colcon_core.shell:Creating environment hook '/home/aaa/rokey_c_2_ws/install/database/share/database/hook/pythonpath.sh'
[1.938s] Level 1:colcon.colcon_core.environment:checking '/home/aaa/rokey_c_2_ws/install/database/bin'
[1.938s] Level 1:colcon.colcon_core.environment:create_environment_scripts_only(database)
[1.939s] INFO:colcon.colcon_core.shell:Creating package script '/home/aaa/rokey_c_2_ws/install/database/share/database/package.ps1'
[1.939s] INFO:colcon.colcon_core.shell:Creating package descriptor '/home/aaa/rokey_c_2_ws/install/database/share/database/package.dsv'
[1.940s] INFO:colcon.colcon_core.shell:Creating package script '/home/aaa/rokey_c_2_ws/install/database/share/database/package.sh'
[1.940s] INFO:colcon.colcon_core.shell:Creating package script '/home/aaa/rokey_c_2_ws/install/database/share/database/package.bash'
[1.941s] INFO:colcon.colcon_core.shell:Creating package script '/home/aaa/rokey_c_2_ws/install/database/share/database/package.zsh'
[1.941s] Level 1:colcon.colcon_core.environment:create_file_with_runtime_dependencies(/home/aaa/rokey_c_2_ws/install/database/share/colcon-core/packages/database)
[2.718s] DEBUG:colcon.colcon_core.event_handler.log_command:Invoked command in '/home/aaa/rokey_c_2_ws/build/table_order_interface' returned '0': CMAKE_PREFIX_PATH=${CMAKE_PREFIX_PATH}:/home/aaa/rokey_c_2_ws/install/table_order:/home/aaa/rokey_c_2_ws/install/serving_robot:/home/aaa/rokey_c_2_ws/install/database:/home/aaa/serving_robot_ws/install/turtlebot3_teleop:/home/aaa/serving_robot_ws/install/turtlebot3_example:/home/aaa/serving_robot_ws/install/turtlebot3_gui:/home/aaa/serving_robot_ws/install/serving_robot:/opt/ros/humble /usr/bin/cmake /home/aaa/rokey_c_2_ws/src/table_order_interface -DAMENT_CMAKE_SYMLINK_INSTALL=1 -DCMAKE_INSTALL_PREFIX=/home/aaa/rokey_c_2_ws/install/table_order_interface
[2.720s] DEBUG:colcon.colcon_core.event_handler.log_command:Invoking command in '/home/aaa/rokey_c_2_ws/build/table_order_interface': CMAKE_PREFIX_PATH=${CMAKE_PREFIX_PATH}:/home/aaa/rokey_c_2_ws/install/table_order:/home/aaa/rokey_c_2_ws/install/serving_robot:/home/aaa/rokey_c_2_ws/install/database:/home/aaa/serving_robot_ws/install/turtlebot3_teleop:/home/aaa/serving_robot_ws/install/turtlebot3_example:/home/aaa/serving_robot_ws/install/turtlebot3_gui:/home/aaa/serving_robot_ws/install/serving_robot:/opt/ros/humble /usr/bin/cmake --build /home/aaa/rokey_c_2_ws/build/table_order_interface -- -j11 -l11
[2.763s] DEBUG:colcon.colcon_core.event_handler.log_command:Invoked command in '/home/aaa/rokey_c_2_ws/build/serving_robot_msgs' returned '0': CMAKE_PREFIX_PATH=${CMAKE_PREFIX_PATH}:/home/aaa/rokey_c_2_ws/install/table_order:/home/aaa/rokey_c_2_ws/install/serving_robot:/home/aaa/rokey_c_2_ws/install/database:/home/aaa/serving_robot_ws/install/turtlebot3_teleop:/home/aaa/serving_robot_ws/install/turtlebot3_example:/home/aaa/serving_robot_ws/install/turtlebot3_gui:/home/aaa/serving_robot_ws/install/serving_robot:/opt/ros/humble /usr/bin/cmake /home/aaa/rokey_c_2_ws/src/serving_robot_msgs -DAMENT_CMAKE_SYMLINK_INSTALL=1 -DCMAKE_INSTALL_PREFIX=/home/aaa/rokey_c_2_ws/install/serving_robot_msgs
[2.765s] DEBUG:colcon.colcon_core.event_handler.log_command:Invoking command in '/home/aaa/rokey_c_2_ws/build/serving_robot_msgs': CMAKE_PREFIX_PATH=${CMAKE_PREFIX_PATH}:/home/aaa/rokey_c_2_ws/install/table_order:/home/aaa/rokey_c_2_ws/install/serving_robot:/home/aaa/rokey_c_2_ws/install/database:/home/aaa/serving_robot_ws/install/turtlebot3_teleop:/home/aaa/serving_robot_ws/install/turtlebot3_example:/home/aaa/serving_robot_ws/install/turtlebot3_gui:/home/aaa/serving_robot_ws/install/serving_robot:/opt/ros/humble /usr/bin/cmake --build /home/aaa/rokey_c_2_ws/build/serving_robot_msgs -- -j11 -l11
[6.897s] DEBUG:colcon.colcon_core.event_handler.log_command:Invoked command in '/home/aaa/rokey_c_2_ws/build/table_order_interface' returned '0': CMAKE_PREFIX_PATH=${CMAKE_PREFIX_PATH}:/home/aaa/rokey_c_2_ws/install/table_order:/home/aaa/rokey_c_2_ws/install/serving_robot:/home/aaa/rokey_c_2_ws/install/database:/home/aaa/serving_robot_ws/install/turtlebot3_teleop:/home/aaa/serving_robot_ws/install/turtlebot3_example:/home/aaa/serving_robot_ws/install/turtlebot3_gui:/home/aaa/serving_robot_ws/install/serving_robot:/opt/ros/humble /usr/bin/cmake --build /home/aaa/rokey_c_2_ws/build/table_order_interface -- -j11 -l11
[6.984s] DEBUG:colcon.colcon_core.event_handler.log_command:Invoking command in '/home/aaa/rokey_c_2_ws/build/table_order_interface': CMAKE_PREFIX_PATH=${CMAKE_PREFIX_PATH}:/home/aaa/rokey_c_2_ws/install/table_order:/home/aaa/rokey_c_2_ws/install/serving_robot:/home/aaa/rokey_c_2_ws/install/database:/home/aaa/serving_robot_ws/install/turtlebot3_teleop:/home/aaa/serving_robot_ws/install/turtlebot3_example:/home/aaa/serving_robot_ws/install/turtlebot3_gui:/home/aaa/serving_robot_ws/install/serving_robot:/opt/ros/humble /usr/bin/cmake --install /home/aaa/rokey_c_2_ws/build/table_order_interface
[7.658s] Level 1:colcon.colcon_core.environment:create_environment_scripts_only(table_order_interface)
[7.660s] Level 1:colcon.colcon_core.environment:checking '/home/aaa/rokey_c_2_ws/install/table_order_interface' for CMake module files
[7.660s] DEBUG:colcon.colcon_core.event_handler.log_command:Invoked command in '/home/aaa/rokey_c_2_ws/build/table_order_interface' returned '0': CMAKE_PREFIX_PATH=${CMAKE_PREFIX_PATH}:/home/aaa/rokey_c_2_ws/install/table_order:/home/aaa/rokey_c_2_ws/install/serving_robot:/home/aaa/rokey_c_2_ws/install/database:/home/aaa/serving_robot_ws/install/turtlebot3_teleop:/home/aaa/serving_robot_ws/install/turtlebot3_example:/home/aaa/serving_robot_ws/install/turtlebot3_gui:/home/aaa/serving_robot_ws/install/serving_robot:/opt/ros/humble /usr/bin/cmake --install /home/aaa/rokey_c_2_ws/build/table_order_interface
[7.661s] Level 1:colcon.colcon_core.environment:checking '/home/aaa/rokey_c_2_ws/install/table_order_interface' for CMake config files
[7.661s] Level 1:colcon.colcon_core.shell:create_environment_hook('table_order_interface', 'cmake_prefix_path')
[7.662s] INFO:colcon.colcon_core.shell:Creating environment hook '/home/aaa/rokey_c_2_ws/install/table_order_interface/share/table_order_interface/hook/cmake_prefix_path.ps1'
[7.662s] INFO:colcon.colcon_core.shell:Creating environment descriptor '/home/aaa/rokey_c_2_ws/install/table_order_interface/share/table_order_interface/hook/cmake_prefix_path.dsv'
[7.663s] INFO:colcon.colcon_core.shell:Creating environment hook '/home/aaa/rokey_c_2_ws/install/table_order_interface/share/table_order_interface/hook/cmake_prefix_path.sh'
[7.664s] Level 1:colcon.colcon_core.environment:checking '/home/aaa/rokey_c_2_ws/install/table_order_interface/lib'
[7.664s] Level 1:colcon.colcon_core.shell:create_environment_hook('table_order_interface', 'ld_library_path_lib')
[7.664s] INFO:colcon.colcon_core.shell:Creating environment hook '/home/aaa/rokey_c_2_ws/install/table_order_interface/share/table_order_interface/hook/ld_library_path_lib.ps1'
[7.665s] INFO:colcon.colcon_core.shell:Creating environment descriptor '/home/aaa/rokey_c_2_ws/install/table_order_interface/share/table_order_interface/hook/ld_library_path_lib.dsv'
[7.665s] INFO:colcon.colcon_core.shell:Creating environment hook '/home/aaa/rokey_c_2_ws/install/table_order_interface/share/table_order_interface/hook/ld_library_path_lib.sh'
[7.665s] Level 1:colcon.colcon_core.environment:checking '/home/aaa/rokey_c_2_ws/install/table_order_interface/bin'
[7.665s] Level 1:colcon.colcon_core.environment:checking '/home/aaa/rokey_c_2_ws/install/table_order_interface/lib/pkgconfig/table_order_interface.pc'
[7.666s] Level 1:colcon.colcon_core.environment:checking '/home/aaa/rokey_c_2_ws/install/table_order_interface/lib/python3.10/site-packages'
[7.666s] Level 1:colcon.colcon_core.environment:checking '/home/aaa/rokey_c_2_ws/install/table_order_interface/bin'
[7.667s] INFO:colcon.colcon_core.shell:Creating package script '/home/aaa/rokey_c_2_ws/install/table_order_interface/share/table_order_interface/package.ps1'
[7.667s] INFO:colcon.colcon_core.shell:Creating package descriptor '/home/aaa/rokey_c_2_ws/install/table_order_interface/share/table_order_interface/package.dsv'
[7.668s] INFO:colcon.colcon_core.shell:Creating package script '/home/aaa/rokey_c_2_ws/install/table_order_interface/share/table_order_interface/package.sh'
[7.668s] INFO:colcon.colcon_core.shell:Creating package script '/home/aaa/rokey_c_2_ws/install/table_order_interface/share/table_order_interface/package.bash'
[7.669s] INFO:colcon.colcon_core.shell:Creating package script '/home/aaa/rokey_c_2_ws/install/table_order_interface/share/table_order_interface/package.zsh'
[7.669s] Level 1:colcon.colcon_core.environment:create_file_with_runtime_dependencies(/home/aaa/rokey_c_2_ws/install/table_order_interface/share/colcon-core/packages/table_order_interface)
[7.742s] Level 1:colcon.colcon_core.environment:create_environment_scripts_only(table_order_interface)
[7.743s] Level 1:colcon.colcon_core.environment:checking '/home/aaa/rokey_c_2_ws/install/table_order_interface' for CMake module files
[7.743s] Level 1:colcon.colcon_core.environment:checking '/home/aaa/rokey_c_2_ws/install/table_order_interface' for CMake config files
[7.743s] Level 1:colcon.colcon_core.shell:create_environment_hook('table_order_interface', 'cmake_prefix_path')
[7.744s] INFO:colcon.colcon_core.shell:Creating environment hook '/home/aaa/rokey_c_2_ws/install/table_order_interface/share/table_order_interface/hook/cmake_prefix_path.ps1'
[7.744s] INFO:colcon.colcon_core.shell:Creating environment descriptor '/home/aaa/rokey_c_2_ws/install/table_order_interface/share/table_order_interface/hook/cmake_prefix_path.dsv'
[7.745s] INFO:colcon.colcon_core.shell:Creating environment hook '/home/aaa/rokey_c_2_ws/install/table_order_interface/share/table_order_interface/hook/cmake_prefix_path.sh'
[7.745s] Level 1:colcon.colcon_core.environment:checking '/home/aaa/rokey_c_2_ws/install/table_order_interface/lib'
[7.745s] Level 1:colcon.colcon_core.shell:create_environment_hook('table_order_interface', 'ld_library_path_lib')
[7.745s] INFO:colcon.colcon_core.shell:Creating environment hook '/home/aaa/rokey_c_2_ws/install/table_order_interface/share/table_order_interface/hook/ld_library_path_lib.ps1'
[7.746s] INFO:colcon.colcon_core.shell:Creating environment descriptor '/home/aaa/rokey_c_2_ws/install/table_order_interface/share/table_order_interface/hook/ld_library_path_lib.dsv'
[7.746s] INFO:colcon.colcon_core.shell:Creating environment hook '/home/aaa/rokey_c_2_ws/install/table_order_interface/share/table_order_interface/hook/ld_library_path_lib.sh'
[7.746s] Level 1:colcon.colcon_core.environment:checking '/home/aaa/rokey_c_2_ws/install/table_order_interface/bin'
[7.746s] Level 1:colcon.colcon_core.environment:checking '/home/aaa/rokey_c_2_ws/install/table_order_interface/lib/pkgconfig/table_order_interface.pc'
[7.747s] Level 1:colcon.colcon_core.environment:checking '/home/aaa/rokey_c_2_ws/install/table_order_interface/lib/python3.10/site-packages'
[7.747s] Level 1:colcon.colcon_core.environment:checking '/home/aaa/rokey_c_2_ws/install/table_order_interface/bin'
[7.747s] INFO:colcon.colcon_core.shell:Creating package script '/home/aaa/rokey_c_2_ws/install/table_order_interface/share/table_order_interface/package.ps1'
[7.748s] INFO:colcon.colcon_core.shell:Creating package descriptor '/home/aaa/rokey_c_2_ws/install/table_order_interface/share/table_order_interface/package.dsv'
[7.748s] INFO:colcon.colcon_core.shell:Creating package script '/home/aaa/rokey_c_2_ws/install/table_order_interface/share/table_order_interface/package.sh'
[7.749s] INFO:colcon.colcon_core.shell:Creating package script '/home/aaa/rokey_c_2_ws/install/table_order_interface/share/table_order_interface/package.bash'
[7.749s] INFO:colcon.colcon_core.shell:Creating package script '/home/aaa/rokey_c_2_ws/install/table_order_interface/share/table_order_interface/package.zsh'
[7.749s] Level 1:colcon.colcon_core.environment:create_file_with_runtime_dependencies(/home/aaa/rokey_c_2_ws/install/table_order_interface/share/colcon-core/packages/table_order_interface)
[7.750s] INFO:colcon.colcon_ros.task.ament_python.build:Building ROS package in '/home/aaa/rokey_c_2_ws/src/table_order' with build type 'ament_python'
[7.750s] Level 1:colcon.colcon_core.shell:create_environment_hook('table_order', 'ament_prefix_path')
[7.750s] INFO:colcon.colcon_core.shell:Creating environment hook '/home/aaa/rokey_c_2_ws/install/table_order/share/table_order/hook/ament_prefix_path.ps1'
[7.753s] INFO:colcon.colcon_core.shell:Creating environment descriptor '/home/aaa/rokey_c_2_ws/install/table_order/share/table_order/hook/ament_prefix_path.dsv'
[7.753s] INFO:colcon.colcon_core.shell:Creating environment hook '/home/aaa/rokey_c_2_ws/install/table_order/share/table_order/hook/ament_prefix_path.sh'
[7.754s] INFO:colcon.colcon_core.shell:Skip shell extension 'powershell' for command environment: Not usable outside of PowerShell
[7.754s] DEBUG:colcon.colcon_core.shell:Skip shell extension 'dsv' for command environment
[8.130s] INFO:colcon.colcon_core.task.python.build:Building Python package in '/home/aaa/rokey_c_2_ws/src/table_order'
[8.130s] INFO:colcon.colcon_core.shell:Skip shell extension 'powershell' for command environment: Not usable outside of PowerShell
[8.130s] DEBUG:colcon.colcon_core.shell:Skip shell extension 'dsv' for command environment
[8.466s] DEBUG:colcon.colcon_core.event_handler.log_command:Invoked command in '/home/aaa/rokey_c_2_ws/build/serving_robot_msgs' returned '0': CMAKE_PREFIX_PATH=${CMAKE_PREFIX_PATH}:/home/aaa/rokey_c_2_ws/install/table_order:/home/aaa/rokey_c_2_ws/install/serving_robot:/home/aaa/rokey_c_2_ws/install/database:/home/aaa/serving_robot_ws/install/turtlebot3_teleop:/home/aaa/serving_robot_ws/install/turtlebot3_example:/home/aaa/serving_robot_ws/install/turtlebot3_gui:/home/aaa/serving_robot_ws/install/serving_robot:/opt/ros/humble /usr/bin/cmake --build /home/aaa/rokey_c_2_ws/build/serving_robot_msgs -- -j11 -l11
[8.609s] DEBUG:colcon.colcon_core.event_handler.log_command:Invoking command in '/home/aaa/rokey_c_2_ws/build/serving_robot_msgs': CMAKE_PREFIX_PATH=${CMAKE_PREFIX_PATH}:/home/aaa/rokey_c_2_ws/install/table_order:/home/aaa/rokey_c_2_ws/install/serving_robot:/home/aaa/rokey_c_2_ws/install/database:/home/aaa/serving_robot_ws/install/turtlebot3_teleop:/home/aaa/serving_robot_ws/install/turtlebot3_example:/home/aaa/serving_robot_ws/install/turtlebot3_gui:/home/aaa/serving_robot_ws/install/serving_robot:/opt/ros/humble /usr/bin/cmake --install /home/aaa/rokey_c_2_ws/build/serving_robot_msgs
[8.616s] DEBUG:colcon.colcon_core.event_handler.log_command:Invoking command in '/home/aaa/rokey_c_2_ws/build/table_order': LD_LIBRARY_PATH=/home/aaa/rokey_c_2_ws/install/table_order_interface/lib:/home/aaa/rokey_c_2_ws/install/serving_robot_msgs/lib:/home/aaa/serving_robot_ws/install/turtlebot3_msgs/lib:/home/aaa/serving_robot_ws/install/serving_robot_msgs/lib:/home/aaa/serving_robot_ws/install/nav_interfaces/lib:/home/aaa/serving_robot_ws/install/calculator_interfaces/lib:/usr/lib/x86_64-linux-gnu/gazebo-11/plugins:/opt/ros/humble/opt/rviz_ogre_vendor/lib:/opt/ros/humble/lib/x86_64-linux-gnu:/opt/ros/humble/lib:/usr/share/gazebo/../../lib/x86_64-linux-gnu/gazebo-11/plugins:/usr/share/gazebo/../../lib/x86_64-linux-gnu/gazebo-11/plugins:/usr/share/gazebo/../../lib/x86_64-linux-gnu/gazebo-11/plugins PYTHONPATH=/home/aaa/rokey_c_2_ws/build/table_order/prefix_override:/usr/lib/python3/dist-packages/colcon_core/task/python/colcon_distutils_commands:/home/aaa/rokey_c_2_ws/install/table_order/lib/python3.10/site-packages:${PYTHONPATH} /usr/bin/python3 -W ignore:setup.py install is deprecated setup.py develop --editable --build-directory /home/aaa/rokey_c_2_ws/build/table_order/build --no-deps symlink_data
[9.229s] Level 1:colcon.colcon_core.shell:create_environment_hook('table_order', 'pythonpath_develop')
[9.230s] INFO:colcon.colcon_core.shell:Creating environment hook '/home/aaa/rokey_c_2_ws/build/table_order/share/table_order/hook/pythonpath_develop.ps1'
[9.231s] DEBUG:colcon.colcon_core.event_handler.log_command:Invoked command in '/home/aaa/rokey_c_2_ws/build/table_order' returned '0': LD_LIBRARY_PATH=/home/aaa/rokey_c_2_ws/install/table_order_interface/lib:/home/aaa/rokey_c_2_ws/install/serving_robot_msgs/lib:/home/aaa/serving_robot_ws/install/turtlebot3_msgs/lib:/home/aaa/serving_robot_ws/install/serving_robot_msgs/lib:/home/aaa/serving_robot_ws/install/nav_interfaces/lib:/home/aaa/serving_robot_ws/install/calculator_interfaces/lib:/usr/lib/x86_64-linux-gnu/gazebo-11/plugins:/opt/ros/humble/opt/rviz_ogre_vendor/lib:/opt/ros/humble/lib/x86_64-linux-gnu:/opt/ros/humble/lib:/usr/share/gazebo/../../lib/x86_64-linux-gnu/gazebo-11/plugins:/usr/share/gazebo/../../lib/x86_64-linux-gnu/gazebo-11/plugins:/usr/share/gazebo/../../lib/x86_64-linux-gnu/gazebo-11/plugins PYTHONPATH=/home/aaa/rokey_c_2_ws/build/table_order/prefix_override:/usr/lib/python3/dist-packages/colcon_core/task/python/colcon_distutils_commands:/home/aaa/rokey_c_2_ws/install/table_order/lib/python3.10/site-packages:${PYTHONPATH} /usr/bin/python3 -W ignore:setup.py install is deprecated setup.py develop --editable --build-directory /home/aaa/rokey_c_2_ws/build/table_order/build --no-deps symlink_data
[9.231s] INFO:colcon.colcon_core.shell:Creating environment descriptor '/home/aaa/rokey_c_2_ws/build/table_order/share/table_order/hook/pythonpath_develop.dsv'
[9.231s] INFO:colcon.colcon_core.shell:Creating environment hook '/home/aaa/rokey_c_2_ws/build/table_order/share/table_order/hook/pythonpath_develop.sh'
[9.232s] Level 1:colcon.colcon_core.environment:checking '/home/aaa/rokey_c_2_ws/install/table_order' for CMake module files
[9.232s] Level 1:colcon.colcon_core.environment:checking '/home/aaa/rokey_c_2_ws/install/table_order' for CMake config files
[9.233s] Level 1:colcon.colcon_core.environment:checking '/home/aaa/rokey_c_2_ws/install/table_order/lib'
[9.233s] Level 1:colcon.colcon_core.environment:checking '/home/aaa/rokey_c_2_ws/install/table_order/bin'
[9.233s] Level 1:colcon.colcon_core.environment:checking '/home/aaa/rokey_c_2_ws/install/table_order/lib/pkgconfig/table_order.pc'
[9.233s] Level 1:colcon.colcon_core.environment:checking '/home/aaa/rokey_c_2_ws/install/table_order/lib/python3.10/site-packages'
[9.233s] Level 1:colcon.colcon_core.shell:create_environment_hook('table_order', 'pythonpath')
[9.233s] INFO:colcon.colcon_core.shell:Creating environment hook '/home/aaa/rokey_c_2_ws/install/table_order/share/table_order/hook/pythonpath.ps1'
[9.234s] INFO:colcon.colcon_core.shell:Creating environment descriptor '/home/aaa/rokey_c_2_ws/install/table_order/share/table_order/hook/pythonpath.dsv'
[9.234s] INFO:colcon.colcon_core.shell:Creating environment hook '/home/aaa/rokey_c_2_ws/install/table_order/share/table_order/hook/pythonpath.sh'
[9.235s] Level 1:colcon.colcon_core.environment:checking '/home/aaa/rokey_c_2_ws/install/table_order/bin'
[9.235s] Level 1:colcon.colcon_core.environment:create_environment_scripts_only(table_order)
[9.235s] INFO:colcon.colcon_core.shell:Creating package script '/home/aaa/rokey_c_2_ws/install/table_order/share/table_order/package.ps1'
[9.235s] INFO:colcon.colcon_core.shell:Creating package descriptor '/home/aaa/rokey_c_2_ws/install/table_order/share/table_order/package.dsv'
[9.236s] INFO:colcon.colcon_core.shell:Creating package script '/home/aaa/rokey_c_2_ws/install/table_order/share/table_order/package.sh'
[9.236s] INFO:colcon.colcon_core.shell:Creating package script '/home/aaa/rokey_c_2_ws/install/table_order/share/table_order/package.bash'
[9.237s] INFO:colcon.colcon_core.shell:Creating package script '/home/aaa/rokey_c_2_ws/install/table_order/share/table_order/package.zsh'
[9.237s] Level 1:colcon.colcon_core.environment:create_file_with_runtime_dependencies(/home/aaa/rokey_c_2_ws/install/table_order/share/colcon-core/packages/table_order)
[9.848s] Level 1:colcon.colcon_core.environment:create_environment_scripts_only(serving_robot_msgs)
[9.849s] Level 1:colcon.colcon_core.environment:checking '/home/aaa/rokey_c_2_ws/install/serving_robot_msgs' for CMake module files
[9.850s] DEBUG:colcon.colcon_core.event_handler.log_command:Invoked command in '/home/aaa/rokey_c_2_ws/build/serving_robot_msgs' returned '0': CMAKE_PREFIX_PATH=${CMAKE_PREFIX_PATH}:/home/aaa/rokey_c_2_ws/install/table_order:/home/aaa/rokey_c_2_ws/install/serving_robot:/home/aaa/rokey_c_2_ws/install/database:/home/aaa/serving_robot_ws/install/turtlebot3_teleop:/home/aaa/serving_robot_ws/install/turtlebot3_example:/home/aaa/serving_robot_ws/install/turtlebot3_gui:/home/aaa/serving_robot_ws/install/serving_robot:/opt/ros/humble /usr/bin/cmake --install /home/aaa/rokey_c_2_ws/build/serving_robot_msgs
[9.850s] Level 1:colcon.colcon_core.environment:checking '/home/aaa/rokey_c_2_ws/install/serving_robot_msgs' for CMake config files
[9.850s] Level 1:colcon.colcon_core.shell:create_environment_hook('serving_robot_msgs', 'cmake_prefix_path')
[9.851s] INFO:colcon.colcon_core.shell:Creating environment hook '/home/aaa/rokey_c_2_ws/install/serving_robot_msgs/share/serving_robot_msgs/hook/cmake_prefix_path.ps1'
[9.851s] INFO:colcon.colcon_core.shell:Creating environment descriptor '/home/aaa/rokey_c_2_ws/install/serving_robot_msgs/share/serving_robot_msgs/hook/cmake_prefix_path.dsv'
[9.851s] INFO:colcon.colcon_core.shell:Creating environment hook '/home/aaa/rokey_c_2_ws/install/serving_robot_msgs/share/serving_robot_msgs/hook/cmake_prefix_path.sh'
[9.852s] Level 1:colcon.colcon_core.environment:checking '/home/aaa/rokey_c_2_ws/install/serving_robot_msgs/lib'
[9.852s] Level 1:colcon.colcon_core.shell:create_environment_hook('serving_robot_msgs', 'ld_library_path_lib')
[9.852s] INFO:colcon.colcon_core.shell:Creating environment hook '/home/aaa/rokey_c_2_ws/install/serving_robot_msgs/share/serving_robot_msgs/hook/ld_library_path_lib.ps1'
[9.852s] INFO:colcon.colcon_core.shell:Creating environment descriptor '/home/aaa/rokey_c_2_ws/install/serving_robot_msgs/share/serving_robot_msgs/hook/ld_library_path_lib.dsv'
[9.853s] INFO:colcon.colcon_core.shell:Creating environment hook '/home/aaa/rokey_c_2_ws/install/serving_robot_msgs/share/serving_robot_msgs/hook/ld_library_path_lib.sh'
[9.853s] Level 1:colcon.colcon_core.environment:checking '/home/aaa/rokey_c_2_ws/install/serving_robot_msgs/bin'
[9.853s] Level 1:colcon.colcon_core.environment:checking '/home/aaa/rokey_c_2_ws/install/serving_robot_msgs/lib/pkgconfig/serving_robot_msgs.pc'
[9.853s] Level 1:colcon.colcon_core.environment:checking '/home/aaa/rokey_c_2_ws/install/serving_robot_msgs/lib/python3.10/site-packages'
[9.853s] Level 1:colcon.colcon_core.environment:checking '/home/aaa/rokey_c_2_ws/install/serving_robot_msgs/bin'
[9.853s] INFO:colcon.colcon_core.shell:Creating package script '/home/aaa/rokey_c_2_ws/install/serving_robot_msgs/share/serving_robot_msgs/package.ps1'
[9.854s] INFO:colcon.colcon_core.shell:Creating package descriptor '/home/aaa/rokey_c_2_ws/install/serving_robot_msgs/share/serving_robot_msgs/package.dsv'
[9.854s] INFO:colcon.colcon_core.shell:Creating package script '/home/aaa/rokey_c_2_ws/install/serving_robot_msgs/share/serving_robot_msgs/package.sh'
[9.855s] INFO:colcon.colcon_core.shell:Creating package script '/home/aaa/rokey_c_2_ws/install/serving_robot_msgs/share/serving_robot_msgs/package.bash'
[9.855s] INFO:colcon.colcon_core.shell:Creating package script '/home/aaa/rokey_c_2_ws/install/serving_robot_msgs/share/serving_robot_msgs/package.zsh'
[9.855s] Level 1:colcon.colcon_core.environment:create_file_with_runtime_dependencies(/home/aaa/rokey_c_2_ws/install/serving_robot_msgs/share/colcon-core/packages/serving_robot_msgs)
[10.016s] Level 1:colcon.colcon_core.environment:create_environment_scripts_only(serving_robot_msgs)
[10.016s] Level 1:colcon.colcon_core.environment:checking '/home/aaa/rokey_c_2_ws/install/serving_robot_msgs' for CMake module files
[10.017s] Level 1:colcon.colcon_core.environment:checking '/home/aaa/rokey_c_2_ws/install/serving_robot_msgs' for CMake config files
[10.017s] Level 1:colcon.colcon_core.shell:create_environment_hook('serving_robot_msgs', 'cmake_prefix_path')
[10.017s] INFO:colcon.colcon_core.shell:Creating environment hook '/home/aaa/rokey_c_2_ws/install/serving_robot_msgs/share/serving_robot_msgs/hook/cmake_prefix_path.ps1'
[10.018s] INFO:colcon.colcon_core.shell:Creating environment descriptor '/home/aaa/rokey_c_2_ws/install/serving_robot_msgs/share/serving_robot_msgs/hook/cmake_prefix_path.dsv'
[10.019s] INFO:colcon.colcon_core.shell:Creating environment hook '/home/aaa/rokey_c_2_ws/install/serving_robot_msgs/share/serving_robot_msgs/hook/cmake_prefix_path.sh'
[10.020s] Level 1:colcon.colcon_core.environment:checking '/home/aaa/rokey_c_2_ws/install/serving_robot_msgs/lib'
[10.020s] Level 1:colcon.colcon_core.shell:create_environment_hook('serving_robot_msgs', 'ld_library_path_lib')
[10.020s] INFO:colcon.colcon_core.shell:Creating environment hook '/home/aaa/rokey_c_2_ws/install/serving_robot_msgs/share/serving_robot_msgs/hook/ld_library_path_lib.ps1'
[10.020s] INFO:colcon.colcon_core.shell:Creating environment descriptor '/home/aaa/rokey_c_2_ws/install/serving_robot_msgs/share/serving_robot_msgs/hook/ld_library_path_lib.dsv'
[10.021s] INFO:colcon.colcon_core.shell:Creating environment hook '/home/aaa/rokey_c_2_ws/install/serving_robot_msgs/share/serving_robot_msgs/hook/ld_library_path_lib.sh'
[10.021s] Level 1:colcon.colcon_core.environment:checking '/home/aaa/rokey_c_2_ws/install/serving_robot_msgs/bin'
[10.021s] Level 1:colcon.colcon_core.environment:checking '/home/aaa/rokey_c_2_ws/install/serving_robot_msgs/lib/pkgconfig/serving_robot_msgs.pc'
[10.022s] Level 1:colcon.colcon_core.environment:checking '/home/aaa/rokey_c_2_ws/install/serving_robot_msgs/lib/python3.10/site-packages'
[10.022s] Level 1:colcon.colcon_core.environment:checking '/home/aaa/rokey_c_2_ws/install/serving_robot_msgs/bin'
[10.022s] INFO:colcon.colcon_core.shell:Creating package script '/home/aaa/rokey_c_2_ws/install/serving_robot_msgs/share/serving_robot_msgs/package.ps1'
[10.023s] INFO:colcon.colcon_core.shell:Creating package descriptor '/home/aaa/rokey_c_2_ws/install/serving_robot_msgs/share/serving_robot_msgs/package.dsv'
[10.023s] INFO:colcon.colcon_core.shell:Creating package script '/home/aaa/rokey_c_2_ws/install/serving_robot_msgs/share/serving_robot_msgs/package.sh'
[10.023s] INFO:colcon.colcon_core.shell:Creating package script '/home/aaa/rokey_c_2_ws/install/serving_robot_msgs/share/serving_robot_msgs/package.bash'
[10.024s] INFO:colcon.colcon_core.shell:Creating package script '/home/aaa/rokey_c_2_ws/install/serving_robot_msgs/share/serving_robot_msgs/package.zsh'
[10.024s] Level 1:colcon.colcon_core.environment:create_file_with_runtime_dependencies(/home/aaa/rokey_c_2_ws/install/serving_robot_msgs/share/colcon-core/packages/serving_robot_msgs)
[10.025s] INFO:colcon.colcon_ros.task.ament_python.build:Building ROS package in '/home/aaa/rokey_c_2_ws/src/serving_robot' with build type 'ament_python'
[10.025s] Level 1:colcon.colcon_core.shell:create_environment_hook('serving_robot', 'ament_prefix_path')
[10.025s] INFO:colcon.colcon_core.shell:Creating environment hook '/home/aaa/rokey_c_2_ws/install/serving_robot/share/serving_robot/hook/ament_prefix_path.ps1'
[10.027s] INFO:colcon.colcon_core.shell:Creating environment descriptor '/home/aaa/rokey_c_2_ws/install/serving_robot/share/serving_robot/hook/ament_prefix_path.dsv'
[10.028s] INFO:colcon.colcon_core.shell:Creating environment hook '/home/aaa/rokey_c_2_ws/install/serving_robot/share/serving_robot/hook/ament_prefix_path.sh'
[10.028s] INFO:colcon.colcon_core.shell:Skip shell extension 'powershell' for command environment: Not usable outside of PowerShell
[10.028s] DEBUG:colcon.colcon_core.shell:Skip shell extension 'dsv' for command environment
[10.373s] INFO:colcon.colcon_core.task.python.build:Building Python package in '/home/aaa/rokey_c_2_ws/src/serving_robot'
[10.373s] INFO:colcon.colcon_core.shell:Skip shell extension 'powershell' for command environment: Not usable outside of PowerShell
[10.373s] DEBUG:colcon.colcon_core.shell:Skip shell extension 'dsv' for command environment
[10.825s] DEBUG:colcon.colcon_core.event_handler.log_command:Invoking command in '/home/aaa/rokey_c_2_ws/build/serving_robot': CMAKE_PREFIX_PATH=/home/aaa/rokey_c_2_ws/install/serving_robot_msgs:/home/aaa/rokey_c_2_ws/install/table_order_interface:/home/aaa/serving_robot_ws/install/turtlebot3:/home/aaa/serving_robot_ws/install/turtlebot3_simulations:/home/aaa/serving_robot_ws/install/turtlebot3_bringup:/home/aaa/serving_robot_ws/install/turtlebot3_node:/home/aaa/serving_robot_ws/install/turtlebot3_navigation2:/home/aaa/serving_robot_ws/install/turtlebot3_fake_node:/home/aaa/serving_robot_ws/install/turtlebot3_msgs:/home/aaa/serving_robot_ws/install/turtlebot3_gazebo:/home/aaa/serving_robot_ws/install/turtlebot3_description:/home/aaa/serving_robot_ws/install/turtlebot3_cartographer:/home/aaa/serving_robot_ws/install/serving_robot_msgs:/home/aaa/serving_robot_ws/install/nav_interfaces:/home/aaa/serving_robot_ws/install/calculator_interfaces LD_LIBRARY_PATH=/home/aaa/rokey_c_2_ws/install/serving_robot_msgs/lib:/home/aaa/rokey_c_2_ws/install/table_order_interface/lib:/home/aaa/serving_robot_ws/install/turtlebot3_msgs/lib:/home/aaa/serving_robot_ws/install/serving_robot_msgs/lib:/home/aaa/serving_robot_ws/install/nav_interfaces/lib:/home/aaa/serving_robot_ws/install/calculator_interfaces/lib:/usr/lib/x86_64-linux-gnu/gazebo-11/plugins:/opt/ros/humble/opt/rviz_ogre_vendor/lib:/opt/ros/humble/lib/x86_64-linux-gnu:/opt/ros/humble/lib:/usr/share/gazebo/../../lib/x86_64-linux-gnu/gazebo-11/plugins:/usr/share/gazebo/../../lib/x86_64-linux-gnu/gazebo-11/plugins:/usr/share/gazebo/../../lib/x86_64-linux-gnu/gazebo-11/plugins PYTHONPATH=/home/aaa/rokey_c_2_ws/build/serving_robot/prefix_override:/usr/lib/python3/dist-packages/colcon_core/task/python/colcon_distutils_commands:/home/aaa/rokey_c_2_ws/install/serving_robot/lib/python3.10/site-packages:${PYTHONPATH} /usr/bin/python3 -W ignore:setup.py install is deprecated setup.py develop --editable --build-directory /home/aaa/rokey_c_2_ws/build/serving_robot/build --no-deps symlink_data
[11.364s] Level 1:colcon.colcon_core.shell:create_environment_hook('serving_robot', 'pythonpath_develop')
[11.364s] INFO:colcon.colcon_core.shell:Creating environment hook '/home/aaa/rokey_c_2_ws/build/serving_robot/share/serving_robot/hook/pythonpath_develop.ps1'
[11.365s] DEBUG:colcon.colcon_core.event_handler.log_command:Invoked command in '/home/aaa/rokey_c_2_ws/build/serving_robot' returned '0': CMAKE_PREFIX_PATH=/home/aaa/rokey_c_2_ws/install/serving_robot_msgs:/home/aaa/rokey_c_2_ws/install/table_order_interface:/home/aaa/serving_robot_ws/install/turtlebot3:/home/aaa/serving_robot_ws/install/turtlebot3_simulations:/home/aaa/serving_robot_ws/install/turtlebot3_bringup:/home/aaa/serving_robot_ws/install/turtlebot3_node:/home/aaa/serving_robot_ws/install/turtlebot3_navigation2:/home/aaa/serving_robot_ws/install/turtlebot3_fake_node:/home/aaa/serving_robot_ws/install/turtlebot3_msgs:/home/aaa/serving_robot_ws/install/turtlebot3_gazebo:/home/aaa/serving_robot_ws/install/turtlebot3_description:/home/aaa/serving_robot_ws/install/turtlebot3_cartographer:/home/aaa/serving_robot_ws/install/serving_robot_msgs:/home/aaa/serving_robot_ws/install/nav_interfaces:/home/aaa/serving_robot_ws/install/calculator_interfaces LD_LIBRARY_PATH=/home/aaa/rokey_c_2_ws/install/serving_robot_msgs/lib:/home/aaa/rokey_c_2_ws/install/table_order_interface/lib:/home/aaa/serving_robot_ws/install/turtlebot3_msgs/lib:/home/aaa/serving_robot_ws/install/serving_robot_msgs/lib:/home/aaa/serving_robot_ws/install/nav_interfaces/lib:/home/aaa/serving_robot_ws/install/calculator_interfaces/lib:/usr/lib/x86_64-linux-gnu/gazebo-11/plugins:/opt/ros/humble/opt/rviz_ogre_vendor/lib:/opt/ros/humble/lib/x86_64-linux-gnu:/opt/ros/humble/lib:/usr/share/gazebo/../../lib/x86_64-linux-gnu/gazebo-11/plugins:/usr/share/gazebo/../../lib/x86_64-linux-gnu/gazebo-11/plugins:/usr/share/gazebo/../../lib/x86_64-linux-gnu/gazebo-11/plugins PYTHONPATH=/home/aaa/rokey_c_2_ws/build/serving_robot/prefix_override:/usr/lib/python3/dist-packages/colcon_core/task/python/colcon_distutils_commands:/home/aaa/rokey_c_2_ws/install/serving_robot/lib/python3.10/site-packages:${PYTHONPATH} /usr/bin/python3 -W ignore:setup.py install is deprecated setup.py develop --editable --build-directory /home/aaa/rokey_c_2_ws/build/serving_robot/build --no-deps symlink_data
[11.365s] INFO:colcon.colcon_core.shell:Creating environment descriptor '/home/aaa/rokey_c_2_ws/build/serving_robot/share/serving_robot/hook/pythonpath_develop.dsv'
[11.366s] INFO:colcon.colcon_core.shell:Creating environment hook '/home/aaa/rokey_c_2_ws/build/serving_robot/share/serving_robot/hook/pythonpath_develop.sh'
[11.366s] Level 1:colcon.colcon_core.environment:checking '/home/aaa/rokey_c_2_ws/install/serving_robot' for CMake module files
[11.366s] Level 1:colcon.colcon_core.environment:checking '/home/aaa/rokey_c_2_ws/install/serving_robot' for CMake config files
[11.367s] Level 1:colcon.colcon_core.environment:checking '/home/aaa/rokey_c_2_ws/install/serving_robot/lib'
[11.367s] Level 1:colcon.colcon_core.environment:checking '/home/aaa/rokey_c_2_ws/install/serving_robot/bin'
[11.367s] Level 1:colcon.colcon_core.environment:checking '/home/aaa/rokey_c_2_ws/install/serving_robot/lib/pkgconfig/serving_robot.pc'
[11.367s] Level 1:colcon.colcon_core.environment:checking '/home/aaa/rokey_c_2_ws/install/serving_robot/lib/python3.10/site-packages'
[11.367s] Level 1:colcon.colcon_core.shell:create_environment_hook('serving_robot', 'pythonpath')
[11.367s] INFO:colcon.colcon_core.shell:Creating environment hook '/home/aaa/rokey_c_2_ws/install/serving_robot/share/serving_robot/hook/pythonpath.ps1'
[11.368s] INFO:colcon.colcon_core.shell:Creating environment descriptor '/home/aaa/rokey_c_2_ws/install/serving_robot/share/serving_robot/hook/pythonpath.dsv'
[11.368s] INFO:colcon.colcon_core.shell:Creating environment hook '/home/aaa/rokey_c_2_ws/install/serving_robot/share/serving_robot/hook/pythonpath.sh'
[11.368s] Level 1:colcon.colcon_core.environment:checking '/home/aaa/rokey_c_2_ws/install/serving_robot/bin'
[11.369s] Level 1:colcon.colcon_core.environment:create_environment_scripts_only(serving_robot)
[11.369s] INFO:colcon.colcon_core.shell:Creating package script '/home/aaa/rokey_c_2_ws/install/serving_robot/share/serving_robot/package.ps1'
[11.369s] INFO:colcon.colcon_core.shell:Creating package descriptor '/home/aaa/rokey_c_2_ws/install/serving_robot/share/serving_robot/package.dsv'
[11.370s] INFO:colcon.colcon_core.shell:Creating package script '/home/aaa/rokey_c_2_ws/install/serving_robot/share/serving_robot/package.sh'
[11.370s] INFO:colcon.colcon_core.shell:Creating package script '/home/aaa/rokey_c_2_ws/install/serving_robot/share/serving_robot/package.bash'
[11.370s] INFO:colcon.colcon_core.shell:Creating package script '/home/aaa/rokey_c_2_ws/install/serving_robot/share/serving_robot/package.zsh'
[11.371s] Level 1:colcon.colcon_core.environment:create_file_with_runtime_dependencies(/home/aaa/rokey_c_2_ws/install/serving_robot/share/colcon-core/packages/serving_robot)
[11.371s] DEBUG:colcon.colcon_parallel_executor.executor.parallel:closing loop
[11.371s] DEBUG:colcon.colcon_parallel_executor.executor.parallel:loop closed
[11.371s] DEBUG:colcon.colcon_parallel_executor.executor.parallel:run_until_complete finished with '0'
[11.371s] DEBUG:colcon.colcon_core.event_reactor:joining thread
[11.379s] INFO:colcon.colcon_core.plugin_system:Skipping extension 'colcon_notification.desktop_notification.terminal_notifier': Not used on non-Darwin systems
[11.380s] INFO:colcon.colcon_core.plugin_system:Skipping extension 'colcon_notification.desktop_notification.win32': Not used on non-Windows systems
[11.380s] INFO:colcon.colcon_notification.desktop_notification:Sending desktop notification using 'notify2'
[11.396s] DEBUG:colcon.colcon_core.event_reactor:joined thread
[11.397s] INFO:colcon.colcon_core.shell:Creating prefix script '/home/aaa/rokey_c_2_ws/install/local_setup.ps1'
[11.398s] INFO:colcon.colcon_core.shell:Creating prefix util module '/home/aaa/rokey_c_2_ws/install/_local_setup_util_ps1.py'
[11.399s] INFO:colcon.colcon_core.shell:Creating prefix chain script '/home/aaa/rokey_c_2_ws/install/setup.ps1'
[11.400s] INFO:colcon.colcon_core.shell:Creating prefix script '/home/aaa/rokey_c_2_ws/install/local_setup.sh'
[11.401s] INFO:colcon.colcon_core.shell:Creating prefix util module '/home/aaa/rokey_c_2_ws/install/_local_setup_util_sh.py'
[11.401s] INFO:colcon.colcon_core.shell:Creating prefix chain script '/home/aaa/rokey_c_2_ws/install/setup.sh'
[11.405s] INFO:colcon.colcon_core.shell:Creating prefix script '/home/aaa/rokey_c_2_ws/install/local_setup.bash'
[11.408s] INFO:colcon.colcon_core.shell:Creating prefix chain script '/home/aaa/rokey_c_2_ws/install/setup.bash'
[11.411s] INFO:colcon.colcon_core.shell:Creating prefix script '/home/aaa/rokey_c_2_ws/install/local_setup.zsh'
[11.412s] INFO:colcon.colcon_core.shell:Creating prefix chain script '/home/aaa/rokey_c_2_ws/install/setup.zsh'
