[0.852s] Invoking command in '/home/psb/rokey_c_2_ws/build/nav_interfaces': CMAKE_PREFIX_PATH=${CMAKE_PREFIX_PATH}:/home/psb/turtlebot3_ws/install/turtlebot3_teleop:/home/psb/turtlebot3_ws/install/turtlebot3_example:/opt/ros/humble /usr/bin/cmake --build /home/psb/rokey_c_2_ws/build/nav_interfaces -- -j8 -l8
[0.950s] [  9%] Built target nav_interfaces__rosidl_generator_c
[0.952s] [ 12%] Built target nav_interfaces__cpp
[0.980s] [ 12%] Built target ament_cmake_python_copy_nav_interfaces
[0.998s] [ 22%] Built target nav_interfaces__rosidl_typesupport_introspection_c
[1.009s] [ 32%] Built target nav_interfaces__rosidl_typesupport_c
[1.013s] [ 41%] Built target nav_interfaces__rosidl_typesupport_fastrtps_c
[1.036s] [ 51%] Built target nav_interfaces__rosidl_typesupport_introspection_cpp
[1.060s] [ 61%] Built target nav_interfaces__rosidl_typesupport_fastrtps_cpp
[1.077s] [ 70%] Built target nav_interfaces__rosidl_typesupport_cpp
[1.117s] [ 70%] Built target nav_interfaces
[1.158s] [ 74%] Built target nav_interfaces__py
[1.201s] [ 80%] Built target nav_interfaces__rosidl_generator_py
[1.258s] [ 87%] Built target nav_interfaces__rosidl_typesupport_fastrtps_c__pyext
[1.261s] [ 93%] Built target nav_interfaces__rosidl_typesupport_introspection_c__pyext
[1.265s] [100%] Built target nav_interfaces__rosidl_typesupport_c__pyext
[1.715s] running egg_info
[1.716s] writing nav_interfaces.egg-info/PKG-INFO
[1.717s] writing dependency_links to nav_interfaces.egg-info/dependency_links.txt
[1.717s] writing top-level names to nav_interfaces.egg-info/top_level.txt
[1.726s] reading manifest file 'nav_interfaces.egg-info/SOURCES.txt'
[1.728s] writing manifest file 'nav_interfaces.egg-info/SOURCES.txt'
[1.802s] [100%] Built target ament_cmake_python_build_nav_interfaces_egg
[1.848s] Invoked command in '/home/psb/rokey_c_2_ws/build/nav_interfaces' returned '0': CMAKE_PREFIX_PATH=${CMAKE_PREFIX_PATH}:/home/psb/turtlebot3_ws/install/turtlebot3_teleop:/home/psb/turtlebot3_ws/install/turtlebot3_example:/opt/ros/humble /usr/bin/cmake --build /home/psb/rokey_c_2_ws/build/nav_interfaces -- -j8 -l8
[2.073s] Invoking command in '/home/psb/rokey_c_2_ws/build/nav_interfaces': CMAKE_PREFIX_PATH=${CMAKE_PREFIX_PATH}:/home/psb/turtlebot3_ws/install/turtlebot3_teleop:/home/psb/turtlebot3_ws/install/turtlebot3_example:/opt/ros/humble /usr/bin/cmake --install /home/psb/rokey_c_2_ws/build/nav_interfaces
[2.106s] -- Install configuration: ""
[2.106s] -- Up-to-date: /home/psb/rokey_c_2_ws/install/nav_interfaces/share/ament_index/resource_index/rosidl_interfaces/nav_interfaces
[2.107s] -- Up-to-date: /home/psb/rokey_c_2_ws/install/nav_interfaces/include/nav_interfaces/nav_interfaces
[2.107s] -- Up-to-date: /home/psb/rokey_c_2_ws/install/nav_interfaces/include/nav_interfaces/nav_interfaces/msg
[2.107s] -- Up-to-date: /home/psb/rokey_c_2_ws/install/nav_interfaces/include/nav_interfaces/nav_interfaces/msg/rosidl_generator_c__visibility_control.h
[2.108s] -- Up-to-date: /home/psb/rokey_c_2_ws/install/nav_interfaces/include/nav_interfaces/nav_interfaces/action
[2.108s] -- Up-to-date: /home/psb/rokey_c_2_ws/install/nav_interfaces/include/nav_interfaces/nav_interfaces/action/navigate.h
[2.109s] -- Up-to-date: /home/psb/rokey_c_2_ws/install/nav_interfaces/include/nav_interfaces/nav_interfaces/action/detail
[2.109s] -- Up-to-date: /home/psb/rokey_c_2_ws/install/nav_interfaces/include/nav_interfaces/nav_interfaces/action/detail/navigate__struct.h
[2.109s] -- Up-to-date: /home/psb/rokey_c_2_ws/install/nav_interfaces/include/nav_interfaces/nav_interfaces/action/detail/navigate__type_support.h
[2.110s] -- Up-to-date: /home/psb/rokey_c_2_ws/install/nav_interfaces/include/nav_interfaces/nav_interfaces/action/detail/navigate__functions.h
[2.110s] -- Up-to-date: /home/psb/rokey_c_2_ws/install/nav_interfaces/include/nav_interfaces/nav_interfaces/action/detail/navigate__functions.c
[2.110s] -- Up-to-date: /home/psb/rokey_c_2_ws/install/nav_interfaces/share/nav_interfaces/environment/library_path.sh
[2.110s] -- Up-to-date: /home/psb/rokey_c_2_ws/install/nav_interfaces/share/nav_interfaces/environment/library_path.dsv
[2.111s] -- Up-to-date: /home/psb/rokey_c_2_ws/install/nav_interfaces/lib/libnav_interfaces__rosidl_generator_c.so
[2.111s] -- Up-to-date: /home/psb/rokey_c_2_ws/install/nav_interfaces/include/nav_interfaces/nav_interfaces
[2.112s] -- Up-to-date: /home/psb/rokey_c_2_ws/install/nav_interfaces/include/nav_interfaces/nav_interfaces/msg
[2.112s] -- Up-to-date: /home/psb/rokey_c_2_ws/install/nav_interfaces/include/nav_interfaces/nav_interfaces/msg/rosidl_typesupport_fastrtps_c__visibility_control.h
[2.112s] -- Up-to-date: /home/psb/rokey_c_2_ws/install/nav_interfaces/include/nav_interfaces/nav_interfaces/action
[2.113s] -- Up-to-date: /home/psb/rokey_c_2_ws/install/nav_interfaces/include/nav_interfaces/nav_interfaces/action/detail
[2.113s] -- Up-to-date: /home/psb/rokey_c_2_ws/install/nav_interfaces/include/nav_interfaces/nav_interfaces/action/detail/navigate__rosidl_typesupport_fastrtps_c.h
[2.113s] -- Up-to-date: /home/psb/rokey_c_2_ws/install/nav_interfaces/lib/libnav_interfaces__rosidl_typesupport_fastrtps_c.so
[2.114s] -- Up-to-date: /home/psb/rokey_c_2_ws/install/nav_interfaces/include/nav_interfaces/nav_interfaces
[2.114s] -- Up-to-date: /home/psb/rokey_c_2_ws/install/nav_interfaces/include/nav_interfaces/nav_interfaces/msg
[2.114s] -- Up-to-date: /home/psb/rokey_c_2_ws/install/nav_interfaces/include/nav_interfaces/nav_interfaces/msg/rosidl_typesupport_introspection_c__visibility_control.h
[2.115s] -- Up-to-date: /home/psb/rokey_c_2_ws/install/nav_interfaces/include/nav_interfaces/nav_interfaces/action
[2.115s] -- Up-to-date: /home/psb/rokey_c_2_ws/install/nav_interfaces/include/nav_interfaces/nav_interfaces/action/detail
[2.115s] -- Up-to-date: /home/psb/rokey_c_2_ws/install/nav_interfaces/include/nav_interfaces/nav_interfaces/action/detail/navigate__type_support.c
[2.116s] -- Up-to-date: /home/psb/rokey_c_2_ws/install/nav_interfaces/include/nav_interfaces/nav_interfaces/action/detail/navigate__rosidl_typesupport_introspection_c.h
[2.118s] -- Up-to-date: /home/psb/rokey_c_2_ws/install/nav_interfaces/lib/libnav_interfaces__rosidl_typesupport_introspection_c.so
[2.119s] -- Up-to-date: /home/psb/rokey_c_2_ws/install/nav_interfaces/lib/libnav_interfaces__rosidl_typesupport_c.so
[2.119s] -- Up-to-date: /home/psb/rokey_c_2_ws/install/nav_interfaces/include/nav_interfaces/nav_interfaces
[2.119s] -- Up-to-date: /home/psb/rokey_c_2_ws/install/nav_interfaces/include/nav_interfaces/nav_interfaces/action
[2.120s] -- Up-to-date: /home/psb/rokey_c_2_ws/install/nav_interfaces/include/nav_interfaces/nav_interfaces/action/detail
[2.120s] -- Up-to-date: /home/psb/rokey_c_2_ws/install/nav_interfaces/include/nav_interfaces/nav_interfaces/action/detail/navigate__struct.hpp
[2.120s] -- Up-to-date: /home/psb/rokey_c_2_ws/install/nav_interfaces/include/nav_interfaces/nav_interfaces/action/detail/navigate__traits.hpp
[2.120s] -- Up-to-date: /home/psb/rokey_c_2_ws/install/nav_interfaces/include/nav_interfaces/nav_interfaces/action/detail/navigate__builder.hpp
[2.121s] -- Up-to-date: /home/psb/rokey_c_2_ws/install/nav_interfaces/include/nav_interfaces/nav_interfaces/action/navigate.hpp
[2.121s] -- Up-to-date: /home/psb/rokey_c_2_ws/install/nav_interfaces/include/nav_interfaces/nav_interfaces
[2.121s] -- Up-to-date: /home/psb/rokey_c_2_ws/install/nav_interfaces/include/nav_interfaces/nav_interfaces/msg
[2.122s] -- Up-to-date: /home/psb/rokey_c_2_ws/install/nav_interfaces/include/nav_interfaces/nav_interfaces/msg/rosidl_typesupport_fastrtps_cpp__visibility_control.h
[2.122s] -- Up-to-date: /home/psb/rokey_c_2_ws/install/nav_interfaces/include/nav_interfaces/nav_interfaces/action
[2.122s] -- Up-to-date: /home/psb/rokey_c_2_ws/install/nav_interfaces/include/nav_interfaces/nav_interfaces/action/detail
[2.123s] -- Up-to-date: /home/psb/rokey_c_2_ws/install/nav_interfaces/include/nav_interfaces/nav_interfaces/action/detail/dds_fastrtps
[2.123s] -- Up-to-date: /home/psb/rokey_c_2_ws/install/nav_interfaces/include/nav_interfaces/nav_interfaces/action/detail/navigate__rosidl_typesupport_fastrtps_cpp.hpp
[2.123s] -- Up-to-date: /home/psb/rokey_c_2_ws/install/nav_interfaces/lib/libnav_interfaces__rosidl_typesupport_fastrtps_cpp.so
[2.123s] -- Up-to-date: /home/psb/rokey_c_2_ws/install/nav_interfaces/include/nav_interfaces/nav_interfaces
[2.124s] -- Up-to-date: /home/psb/rokey_c_2_ws/install/nav_interfaces/include/nav_interfaces/nav_interfaces/action
[2.124s] -- Up-to-date: /home/psb/rokey_c_2_ws/install/nav_interfaces/include/nav_interfaces/nav_interfaces/action/detail
[2.124s] -- Up-to-date: /home/psb/rokey_c_2_ws/install/nav_interfaces/include/nav_interfaces/nav_interfaces/action/detail/navigate__type_support.cpp
[2.124s] -- Up-to-date: /home/psb/rokey_c_2_ws/install/nav_interfaces/include/nav_interfaces/nav_interfaces/action/detail/navigate__rosidl_typesupport_introspection_cpp.hpp
[2.125s] -- Up-to-date: /home/psb/rokey_c_2_ws/install/nav_interfaces/lib/libnav_interfaces__rosidl_typesupport_introspection_cpp.so
[2.125s] -- Up-to-date: /home/psb/rokey_c_2_ws/install/nav_interfaces/lib/libnav_interfaces__rosidl_typesupport_cpp.so
[2.125s] -- Up-to-date: /home/psb/rokey_c_2_ws/install/nav_interfaces/share/nav_interfaces/environment/pythonpath.sh
[2.126s] -- Up-to-date: /home/psb/rokey_c_2_ws/install/nav_interfaces/share/nav_interfaces/environment/pythonpath.dsv
[2.126s] -- Up-to-date: /home/psb/rokey_c_2_ws/install/nav_interfaces/local/lib/python3.10/dist-packages/nav_interfaces-0.0.0-py3.10.egg-info
[2.126s] -- Installing: /home/psb/rokey_c_2_ws/install/nav_interfaces/local/lib/python3.10/dist-packages/nav_interfaces-0.0.0-py3.10.egg-info/SOURCES.txt
[2.127s] -- Installing: /home/psb/rokey_c_2_ws/install/nav_interfaces/local/lib/python3.10/dist-packages/nav_interfaces-0.0.0-py3.10.egg-info/top_level.txt
[2.127s] -- Installing: /home/psb/rokey_c_2_ws/install/nav_interfaces/local/lib/python3.10/dist-packages/nav_interfaces-0.0.0-py3.10.egg-info/PKG-INFO
[2.127s] -- Installing: /home/psb/rokey_c_2_ws/install/nav_interfaces/local/lib/python3.10/dist-packages/nav_interfaces-0.0.0-py3.10.egg-info/dependency_links.txt
[2.128s] -- Up-to-date: /home/psb/rokey_c_2_ws/install/nav_interfaces/local/lib/python3.10/dist-packages/nav_interfaces
[2.128s] -- Up-to-date: /home/psb/rokey_c_2_ws/install/nav_interfaces/local/lib/python3.10/dist-packages/nav_interfaces/__init__.py
[2.128s] -- Up-to-date: /home/psb/rokey_c_2_ws/install/nav_interfaces/local/lib/python3.10/dist-packages/nav_interfaces/_nav_interfaces_s.ep.rosidl_typesupport_introspection_c.c
[2.128s] -- Up-to-date: /home/psb/rokey_c_2_ws/install/nav_interfaces/local/lib/python3.10/dist-packages/nav_interfaces/nav_interfaces_s__rosidl_typesupport_introspection_c.cpython-310-x86_64-linux-gnu.so
[2.129s] -- Up-to-date: /home/psb/rokey_c_2_ws/install/nav_interfaces/local/lib/python3.10/dist-packages/nav_interfaces/nav_interfaces_s__rosidl_typesupport_fastrtps_c.cpython-310-x86_64-linux-gnu.so
[2.129s] -- Up-to-date: /home/psb/rokey_c_2_ws/install/nav_interfaces/local/lib/python3.10/dist-packages/nav_interfaces/libnav_interfaces__rosidl_generator_py.so
[2.129s] -- Up-to-date: /home/psb/rokey_c_2_ws/install/nav_interfaces/local/lib/python3.10/dist-packages/nav_interfaces/nav_interfaces_s__rosidl_typesupport_c.cpython-310-x86_64-linux-gnu.so
[2.130s] -- Up-to-date: /home/psb/rokey_c_2_ws/install/nav_interfaces/local/lib/python3.10/dist-packages/nav_interfaces/_nav_interfaces_s.ep.rosidl_typesupport_fastrtps_c.c
[2.130s] -- Up-to-date: /home/psb/rokey_c_2_ws/install/nav_interfaces/local/lib/python3.10/dist-packages/nav_interfaces/_nav_interfaces_s.ep.rosidl_typesupport_c.c
[2.130s] -- Up-to-date: /home/psb/rokey_c_2_ws/install/nav_interfaces/local/lib/python3.10/dist-packages/nav_interfaces/action
[2.131s] -- Up-to-date: /home/psb/rokey_c_2_ws/install/nav_interfaces/local/lib/python3.10/dist-packages/nav_interfaces/action/__init__.py
[2.131s] -- Up-to-date: /home/psb/rokey_c_2_ws/install/nav_interfaces/local/lib/python3.10/dist-packages/nav_interfaces/action/_navigate_s.c
[2.131s] -- Up-to-date: /home/psb/rokey_c_2_ws/install/nav_interfaces/local/lib/python3.10/dist-packages/nav_interfaces/action/_navigate.py
[2.231s] Listing '/home/psb/rokey_c_2_ws/install/nav_interfaces/local/lib/python3.10/dist-packages/nav_interfaces'...
[2.233s] Listing '/home/psb/rokey_c_2_ws/install/nav_interfaces/local/lib/python3.10/dist-packages/nav_interfaces/action'...
[2.245s] -- Up-to-date: /home/psb/rokey_c_2_ws/install/nav_interfaces/local/lib/python3.10/dist-packages/nav_interfaces/nav_interfaces_s__rosidl_typesupport_fastrtps_c.cpython-310-x86_64-linux-gnu.so
[2.245s] -- Up-to-date: /home/psb/rokey_c_2_ws/install/nav_interfaces/local/lib/python3.10/dist-packages/nav_interfaces/nav_interfaces_s__rosidl_typesupport_introspection_c.cpython-310-x86_64-linux-gnu.so
[2.246s] -- Up-to-date: /home/psb/rokey_c_2_ws/install/nav_interfaces/local/lib/python3.10/dist-packages/nav_interfaces/nav_interfaces_s__rosidl_typesupport_c.cpython-310-x86_64-linux-gnu.so
[2.247s] -- Up-to-date: /home/psb/rokey_c_2_ws/install/nav_interfaces/lib/libnav_interfaces__rosidl_generator_py.so
[2.248s] -- Up-to-date: /home/psb/rokey_c_2_ws/install/nav_interfaces/share/nav_interfaces/action/Navigate.idl
[2.251s] -- Up-to-date: /home/psb/rokey_c_2_ws/install/nav_interfaces/share/nav_interfaces/action/Navigate.action
[2.251s] -- Up-to-date: /home/psb/rokey_c_2_ws/install/nav_interfaces/share/ament_index/resource_index/package_run_dependencies/nav_interfaces
[2.252s] -- Up-to-date: /home/psb/rokey_c_2_ws/install/nav_interfaces/share/ament_index/resource_index/parent_prefix_path/nav_interfaces
[2.252s] -- Up-to-date: /home/psb/rokey_c_2_ws/install/nav_interfaces/share/nav_interfaces/environment/ament_prefix_path.sh
[2.252s] -- Up-to-date: /home/psb/rokey_c_2_ws/install/nav_interfaces/share/nav_interfaces/environment/ament_prefix_path.dsv
[2.254s] -- Up-to-date: /home/psb/rokey_c_2_ws/install/nav_interfaces/share/nav_interfaces/environment/path.sh
[2.254s] -- Up-to-date: /home/psb/rokey_c_2_ws/install/nav_interfaces/share/nav_interfaces/environment/path.dsv
[2.255s] -- Up-to-date: /home/psb/rokey_c_2_ws/install/nav_interfaces/share/nav_interfaces/local_setup.bash
[2.255s] -- Up-to-date: /home/psb/rokey_c_2_ws/install/nav_interfaces/share/nav_interfaces/local_setup.sh
[2.255s] -- Up-to-date: /home/psb/rokey_c_2_ws/install/nav_interfaces/share/nav_interfaces/local_setup.zsh
[2.256s] -- Up-to-date: /home/psb/rokey_c_2_ws/install/nav_interfaces/share/nav_interfaces/local_setup.dsv
[2.256s] -- Installing: /home/psb/rokey_c_2_ws/install/nav_interfaces/share/nav_interfaces/package.dsv
[2.256s] -- Up-to-date: /home/psb/rokey_c_2_ws/install/nav_interfaces/share/ament_index/resource_index/packages/nav_interfaces
[2.257s] -- Up-to-date: /home/psb/rokey_c_2_ws/install/nav_interfaces/share/nav_interfaces/cmake/export_nav_interfaces__rosidl_generator_cExport.cmake
[2.257s] -- Up-to-date: /home/psb/rokey_c_2_ws/install/nav_interfaces/share/nav_interfaces/cmake/export_nav_interfaces__rosidl_generator_cExport-noconfig.cmake
[2.257s] -- Up-to-date: /home/psb/rokey_c_2_ws/install/nav_interfaces/share/nav_interfaces/cmake/export_nav_interfaces__rosidl_typesupport_fastrtps_cExport.cmake
[2.258s] -- Up-to-date: /home/psb/rokey_c_2_ws/install/nav_interfaces/share/nav_interfaces/cmake/export_nav_interfaces__rosidl_typesupport_fastrtps_cExport-noconfig.cmake
[2.258s] -- Up-to-date: /home/psb/rokey_c_2_ws/install/nav_interfaces/share/nav_interfaces/cmake/nav_interfaces__rosidl_typesupport_introspection_cExport.cmake
[2.258s] -- Up-to-date: /home/psb/rokey_c_2_ws/install/nav_interfaces/share/nav_interfaces/cmake/nav_interfaces__rosidl_typesupport_introspection_cExport-noconfig.cmake
[2.258s] -- Up-to-date: /home/psb/rokey_c_2_ws/install/nav_interfaces/share/nav_interfaces/cmake/nav_interfaces__rosidl_typesupport_cExport.cmake
[2.259s] -- Up-to-date: /home/psb/rokey_c_2_ws/install/nav_interfaces/share/nav_interfaces/cmake/nav_interfaces__rosidl_typesupport_cExport-noconfig.cmake
[2.259s] -- Up-to-date: /home/psb/rokey_c_2_ws/install/nav_interfaces/share/nav_interfaces/cmake/export_nav_interfaces__rosidl_generator_cppExport.cmake
[2.259s] -- Up-to-date: /home/psb/rokey_c_2_ws/install/nav_interfaces/share/nav_interfaces/cmake/export_nav_interfaces__rosidl_typesupport_fastrtps_cppExport.cmake
[2.260s] -- Up-to-date: /home/psb/rokey_c_2_ws/install/nav_interfaces/share/nav_interfaces/cmake/export_nav_interfaces__rosidl_typesupport_fastrtps_cppExport-noconfig.cmake
[2.260s] -- Up-to-date: /home/psb/rokey_c_2_ws/install/nav_interfaces/share/nav_interfaces/cmake/nav_interfaces__rosidl_typesupport_introspection_cppExport.cmake
[2.260s] -- Up-to-date: /home/psb/rokey_c_2_ws/install/nav_interfaces/share/nav_interfaces/cmake/nav_interfaces__rosidl_typesupport_introspection_cppExport-noconfig.cmake
[2.260s] -- Up-to-date: /home/psb/rokey_c_2_ws/install/nav_interfaces/share/nav_interfaces/cmake/nav_interfaces__rosidl_typesupport_cppExport.cmake
[2.261s] -- Up-to-date: /home/psb/rokey_c_2_ws/install/nav_interfaces/share/nav_interfaces/cmake/nav_interfaces__rosidl_typesupport_cppExport-noconfig.cmake
[2.261s] -- Up-to-date: /home/psb/rokey_c_2_ws/install/nav_interfaces/share/nav_interfaces/cmake/export_nav_interfaces__rosidl_generator_pyExport.cmake
[2.261s] -- Up-to-date: /home/psb/rokey_c_2_ws/install/nav_interfaces/share/nav_interfaces/cmake/export_nav_interfaces__rosidl_generator_pyExport-noconfig.cmake
[2.262s] -- Up-to-date: /home/psb/rokey_c_2_ws/install/nav_interfaces/share/nav_interfaces/cmake/rosidl_cmake-extras.cmake
[2.262s] -- Up-to-date: /home/psb/rokey_c_2_ws/install/nav_interfaces/share/nav_interfaces/cmake/ament_cmake_export_dependencies-extras.cmake
[2.262s] -- Up-to-date: /home/psb/rokey_c_2_ws/install/nav_interfaces/share/nav_interfaces/cmake/ament_cmake_export_include_directories-extras.cmake
[2.263s] -- Up-to-date: /home/psb/rokey_c_2_ws/install/nav_interfaces/share/nav_interfaces/cmake/ament_cmake_export_libraries-extras.cmake
[2.263s] -- Up-to-date: /home/psb/rokey_c_2_ws/install/nav_interfaces/share/nav_interfaces/cmake/ament_cmake_export_targets-extras.cmake
[2.263s] -- Up-to-date: /home/psb/rokey_c_2_ws/install/nav_interfaces/share/nav_interfaces/cmake/rosidl_cmake_export_typesupport_targets-extras.cmake
[2.263s] -- Up-to-date: /home/psb/rokey_c_2_ws/install/nav_interfaces/share/nav_interfaces/cmake/rosidl_cmake_export_typesupport_libraries-extras.cmake
[2.264s] -- Up-to-date: /home/psb/rokey_c_2_ws/install/nav_interfaces/share/nav_interfaces/cmake/nav_interfacesConfig.cmake
[2.264s] -- Up-to-date: /home/psb/rokey_c_2_ws/install/nav_interfaces/share/nav_interfaces/cmake/nav_interfacesConfig-version.cmake
[2.264s] -- Up-to-date: /home/psb/rokey_c_2_ws/install/nav_interfaces/share/nav_interfaces/package.xml
[2.275s] Invoked command in '/home/psb/rokey_c_2_ws/build/nav_interfaces' returned '0': CMAKE_PREFIX_PATH=${CMAKE_PREFIX_PATH}:/home/psb/turtlebot3_ws/install/turtlebot3_teleop:/home/psb/turtlebot3_ws/install/turtlebot3_example:/opt/ros/humble /usr/bin/cmake --install /home/psb/rokey_c_2_ws/build/nav_interfaces
