[0.074s] DEBUG:colcon:Command line arguments: ['/usr/bin/colcon', 'build', '--symlink-install']
[0.074s] DEBUG:colcon:Parsed command line arguments: Namespace(log_base=None, log_level=None, verb_name='build', build_base='build', install_base='install', merge_install=False, symlink_install=True, test_result_base=None, continue_on_error=False, executor='parallel', parallel_workers=16, event_handlers=None, ignore_user_meta=False, metas=['./colcon.meta'], base_paths=['.'], packages_ignore=None, packages_ignore_regex=None, paths=None, packages_up_to=None, packages_up_to_regex=None, packages_above=None, packages_above_and_dependencies=None, packages_above_depth=None, packages_select_by_dep=None, packages_skip_by_dep=None, packages_skip_up_to=None, packages_select_build_failed=False, packages_skip_build_finished=False, packages_select_test_failures=False, packages_skip_test_passed=False, packages_select=None, packages_skip=None, packages_select_regex=None, packages_skip_regex=None, packages_start=None, packages_end=None, allow_overriding=[], cmake_args=None, cmake_target=None, cmake_target_skip_unavailable=False, cmake_clean_cache=False, cmake_clean_first=False, cmake_force_configure=False, ament_cmake_args=None, catkin_cmake_args=None, catkin_skip_building_tests=False, mixin_files=None, mixin=None, verb_parser=<colcon_mixin.mixin.mixin_argument.MixinArgumentDecorator object at 0x77192d3377c0>, verb_extension=<colcon_core.verb.build.BuildVerb object at 0x77192d46c1c0>, main=<bound method BuildVerb.main of <colcon_core.verb.build.BuildVerb object at 0x77192d46c1c0>>, mixin_verb=('build',))
[0.195s] Level 1:colcon.colcon_core.package_discovery:discover_packages(colcon_meta) check parameters
[0.195s] Level 1:colcon.colcon_core.package_discovery:discover_packages(recursive) check parameters
[0.195s] Level 1:colcon.colcon_core.package_discovery:discover_packages(ignore) check parameters
[0.195s] Level 1:colcon.colcon_core.package_discovery:discover_packages(path) check parameters
[0.195s] Level 1:colcon.colcon_core.package_discovery:discover_packages(colcon_meta) discover
[0.195s] Level 1:colcon.colcon_core.package_discovery:discover_packages(recursive) discover
[0.195s] INFO:colcon.colcon_core.package_discovery:Crawling recursively for packages in '/home/robot/turtlebot3_gui'
[0.195s] Level 1:colcon.colcon_core.package_identification:_identify(.) by extensions ['ignore', 'ignore_ament_install']
[0.195s] Level 1:colcon.colcon_core.package_identification:_identify(.) by extension 'ignore'
[0.195s] Level 1:colcon.colcon_core.package_identification:_identify(.) by extension 'ignore_ament_install'
[0.195s] Level 1:colcon.colcon_core.package_identification:_identify(.) by extensions ['colcon_pkg']
[0.195s] Level 1:colcon.colcon_core.package_identification:_identify(.) by extension 'colcon_pkg'
[0.195s] Level 1:colcon.colcon_core.package_identification:_identify(.) by extensions ['colcon_meta']
[0.195s] Level 1:colcon.colcon_core.package_identification:_identify(.) by extension 'colcon_meta'
[0.195s] Level 1:colcon.colcon_core.package_identification:_identify(.) by extensions ['ros']
[0.195s] Level 1:colcon.colcon_core.package_identification:_identify(.) by extension 'ros'
[0.208s] Level 1:colcon.colcon_core.package_identification:_identify(.) by extensions ['cmake', 'python']
[0.208s] Level 1:colcon.colcon_core.package_identification:_identify(.) by extension 'cmake'
[0.208s] Level 1:colcon.colcon_core.package_identification:_identify(.) by extension 'python'
[0.208s] Level 1:colcon.colcon_core.package_identification:_identify(.) by extensions ['python_setup_py']
[0.208s] Level 1:colcon.colcon_core.package_identification:_identify(.) by extension 'python_setup_py'
[0.209s] Level 1:colcon.colcon_core.package_identification:_identify(build) by extensions ['ignore', 'ignore_ament_install']
[0.209s] Level 1:colcon.colcon_core.package_identification:_identify(build) by extension 'ignore'
[0.209s] Level 1:colcon.colcon_core.package_identification:_identify(build) ignored
[0.209s] Level 1:colcon.colcon_core.package_identification:_identify(install) by extensions ['ignore', 'ignore_ament_install']
[0.209s] Level 1:colcon.colcon_core.package_identification:_identify(install) by extension 'ignore'
[0.209s] Level 1:colcon.colcon_core.package_identification:_identify(install) ignored
[0.209s] Level 1:colcon.colcon_core.package_identification:_identify(log) by extensions ['ignore', 'ignore_ament_install']
[0.209s] Level 1:colcon.colcon_core.package_identification:_identify(log) by extension 'ignore'
[0.209s] Level 1:colcon.colcon_core.package_identification:_identify(log) ignored
[0.209s] Level 1:colcon.colcon_core.package_identification:_identify(src) by extensions ['ignore', 'ignore_ament_install']
[0.209s] Level 1:colcon.colcon_core.package_identification:_identify(src) by extension 'ignore'
[0.209s] Level 1:colcon.colcon_core.package_identification:_identify(src) by extension 'ignore_ament_install'
[0.209s] Level 1:colcon.colcon_core.package_identification:_identify(src) by extensions ['colcon_pkg']
[0.209s] Level 1:colcon.colcon_core.package_identification:_identify(src) by extension 'colcon_pkg'
[0.209s] Level 1:colcon.colcon_core.package_identification:_identify(src) by extensions ['colcon_meta']
[0.209s] Level 1:colcon.colcon_core.package_identification:_identify(src) by extension 'colcon_meta'
[0.209s] Level 1:colcon.colcon_core.package_identification:_identify(src) by extensions ['ros']
[0.209s] Level 1:colcon.colcon_core.package_identification:_identify(src) by extension 'ros'
[0.209s] Level 1:colcon.colcon_core.package_identification:_identify(src) by extensions ['cmake', 'python']
[0.209s] Level 1:colcon.colcon_core.package_identification:_identify(src) by extension 'cmake'
[0.209s] Level 1:colcon.colcon_core.package_identification:_identify(src) by extension 'python'
[0.209s] Level 1:colcon.colcon_core.package_identification:_identify(src) by extensions ['python_setup_py']
[0.209s] Level 1:colcon.colcon_core.package_identification:_identify(src) by extension 'python_setup_py'
[0.209s] Level 1:colcon.colcon_core.package_identification:_identify(src/calculator_interfaces) by extensions ['ignore', 'ignore_ament_install']
[0.209s] Level 1:colcon.colcon_core.package_identification:_identify(src/calculator_interfaces) by extension 'ignore'
[0.209s] Level 1:colcon.colcon_core.package_identification:_identify(src/calculator_interfaces) by extension 'ignore_ament_install'
[0.209s] Level 1:colcon.colcon_core.package_identification:_identify(src/calculator_interfaces) by extensions ['colcon_pkg']
[0.209s] Level 1:colcon.colcon_core.package_identification:_identify(src/calculator_interfaces) by extension 'colcon_pkg'
[0.209s] Level 1:colcon.colcon_core.package_identification:_identify(src/calculator_interfaces) by extensions ['colcon_meta']
[0.209s] Level 1:colcon.colcon_core.package_identification:_identify(src/calculator_interfaces) by extension 'colcon_meta'
[0.209s] Level 1:colcon.colcon_core.package_identification:_identify(src/calculator_interfaces) by extensions ['ros']
[0.209s] Level 1:colcon.colcon_core.package_identification:_identify(src/calculator_interfaces) by extension 'ros'
[0.211s] DEBUG:colcon.colcon_core.package_identification:Package 'src/calculator_interfaces' with type 'ros.ament_cmake' and name 'calculator_interfaces'
[0.211s] Level 1:colcon.colcon_core.package_identification:_identify(src/turtlebot3_gui) by extensions ['ignore', 'ignore_ament_install']
[0.211s] Level 1:colcon.colcon_core.package_identification:_identify(src/turtlebot3_gui) by extension 'ignore'
[0.211s] Level 1:colcon.colcon_core.package_identification:_identify(src/turtlebot3_gui) by extension 'ignore_ament_install'
[0.211s] Level 1:colcon.colcon_core.package_identification:_identify(src/turtlebot3_gui) by extensions ['colcon_pkg']
[0.211s] Level 1:colcon.colcon_core.package_identification:_identify(src/turtlebot3_gui) by extension 'colcon_pkg'
[0.211s] Level 1:colcon.colcon_core.package_identification:_identify(src/turtlebot3_gui) by extensions ['colcon_meta']
[0.211s] Level 1:colcon.colcon_core.package_identification:_identify(src/turtlebot3_gui) by extension 'colcon_meta'
[0.211s] Level 1:colcon.colcon_core.package_identification:_identify(src/turtlebot3_gui) by extensions ['ros']
[0.212s] Level 1:colcon.colcon_core.package_identification:_identify(src/turtlebot3_gui) by extension 'ros'
[0.212s] DEBUG:colcon.colcon_core.package_identification:Package 'src/turtlebot3_gui' with type 'ros.ament_python' and name 'turtlebot3_gui'
[0.212s] Level 1:colcon.colcon_core.package_discovery:discover_packages(recursive) using defaults
[0.212s] Level 1:colcon.colcon_core.package_discovery:discover_packages(ignore) discover
[0.212s] Level 1:colcon.colcon_core.package_discovery:discover_packages(ignore) using defaults
[0.212s] Level 1:colcon.colcon_core.package_discovery:discover_packages(path) discover
[0.212s] Level 1:colcon.colcon_core.package_discovery:discover_packages(path) using defaults
[0.226s] Level 1:colcon.colcon_core.package_discovery:discover_packages(prefix_path) check parameters
[0.226s] Level 1:colcon.colcon_core.package_discovery:discover_packages(prefix_path) discover
[0.227s] DEBUG:colcon.colcon_installed_package_information.package_discovery:Found 1 installed packages in /home/robot/project_ws/install
[0.228s] DEBUG:colcon.colcon_installed_package_information.package_discovery:Found 11 installed packages in /home/robot/turtlebot3_ws/install
[0.229s] DEBUG:colcon.colcon_installed_package_information.package_discovery:Found 372 installed packages in /opt/ros/humble
[0.230s] Level 1:colcon.colcon_core.package_discovery:discover_packages(prefix_path) using defaults
[0.257s] Level 5:colcon.colcon_core.verb:set package 'calculator_interfaces' build argument 'cmake_args' from command line to 'None'
[0.258s] Level 5:colcon.colcon_core.verb:set package 'calculator_interfaces' build argument 'cmake_target' from command line to 'None'
[0.258s] Level 5:colcon.colcon_core.verb:set package 'calculator_interfaces' build argument 'cmake_target_skip_unavailable' from command line to 'False'
[0.258s] Level 5:colcon.colcon_core.verb:set package 'calculator_interfaces' build argument 'cmake_clean_cache' from command line to 'False'
[0.258s] Level 5:colcon.colcon_core.verb:set package 'calculator_interfaces' build argument 'cmake_clean_first' from command line to 'False'
[0.258s] Level 5:colcon.colcon_core.verb:set package 'calculator_interfaces' build argument 'cmake_force_configure' from command line to 'False'
[0.258s] Level 5:colcon.colcon_core.verb:set package 'calculator_interfaces' build argument 'ament_cmake_args' from command line to 'None'
[0.258s] Level 5:colcon.colcon_core.verb:set package 'calculator_interfaces' build argument 'catkin_cmake_args' from command line to 'None'
[0.258s] Level 5:colcon.colcon_core.verb:set package 'calculator_interfaces' build argument 'catkin_skip_building_tests' from command line to 'False'
[0.258s] DEBUG:colcon.colcon_core.verb:Building package 'calculator_interfaces' with the following arguments: {'ament_cmake_args': None, 'build_base': '/home/robot/turtlebot3_gui/build/calculator_interfaces', 'catkin_cmake_args': None, 'catkin_skip_building_tests': False, 'cmake_args': None, 'cmake_clean_cache': False, 'cmake_clean_first': False, 'cmake_force_configure': False, 'cmake_target': None, 'cmake_target_skip_unavailable': False, 'install_base': '/home/robot/turtlebot3_gui/install/calculator_interfaces', 'merge_install': False, 'path': '/home/robot/turtlebot3_gui/src/calculator_interfaces', 'symlink_install': True, 'test_result_base': None}
[0.258s] Level 5:colcon.colcon_core.verb:set package 'turtlebot3_gui' build argument 'cmake_args' from command line to 'None'
[0.258s] Level 5:colcon.colcon_core.verb:set package 'turtlebot3_gui' build argument 'cmake_target' from command line to 'None'
[0.258s] Level 5:colcon.colcon_core.verb:set package 'turtlebot3_gui' build argument 'cmake_target_skip_unavailable' from command line to 'False'
[0.258s] Level 5:colcon.colcon_core.verb:set package 'turtlebot3_gui' build argument 'cmake_clean_cache' from command line to 'False'
[0.258s] Level 5:colcon.colcon_core.verb:set package 'turtlebot3_gui' build argument 'cmake_clean_first' from command line to 'False'
[0.258s] Level 5:colcon.colcon_core.verb:set package 'turtlebot3_gui' build argument 'cmake_force_configure' from command line to 'False'
[0.258s] Level 5:colcon.colcon_core.verb:set package 'turtlebot3_gui' build argument 'ament_cmake_args' from command line to 'None'
[0.258s] Level 5:colcon.colcon_core.verb:set package 'turtlebot3_gui' build argument 'catkin_cmake_args' from command line to 'None'
[0.258s] Level 5:colcon.colcon_core.verb:set package 'turtlebot3_gui' build argument 'catkin_skip_building_tests' from command line to 'False'
[0.258s] DEBUG:colcon.colcon_core.verb:Building package 'turtlebot3_gui' with the following arguments: {'ament_cmake_args': None, 'build_base': '/home/robot/turtlebot3_gui/build/turtlebot3_gui', 'catkin_cmake_args': None, 'catkin_skip_building_tests': False, 'cmake_args': None, 'cmake_clean_cache': False, 'cmake_clean_first': False, 'cmake_force_configure': False, 'cmake_target': None, 'cmake_target_skip_unavailable': False, 'install_base': '/home/robot/turtlebot3_gui/install/turtlebot3_gui', 'merge_install': False, 'path': '/home/robot/turtlebot3_gui/src/turtlebot3_gui', 'symlink_install': True, 'test_result_base': None}
[0.258s] INFO:colcon.colcon_core.executor:Executing jobs using 'parallel' executor
[0.259s] DEBUG:colcon.colcon_parallel_executor.executor.parallel:run_until_complete
[0.259s] INFO:colcon.colcon_ros.task.ament_cmake.build:Building ROS package in '/home/robot/turtlebot3_gui/src/calculator_interfaces' with build type 'ament_cmake'
[0.259s] INFO:colcon.colcon_cmake.task.cmake.build:Building CMake package in '/home/robot/turtlebot3_gui/src/calculator_interfaces'
[0.261s] INFO:colcon.colcon_core.plugin_system:Skipping extension 'colcon_core.shell.bat': Not used on non-Windows systems
[0.262s] INFO:colcon.colcon_core.shell:Skip shell extension 'powershell' for command environment: Not usable outside of PowerShell
[0.262s] DEBUG:colcon.colcon_core.shell:Skip shell extension 'dsv' for command environment
[0.265s] INFO:colcon.colcon_ros.task.ament_python.build:Building ROS package in '/home/robot/turtlebot3_gui/src/turtlebot3_gui' with build type 'ament_python'
[0.265s] Level 1:colcon.colcon_core.shell:create_environment_hook('turtlebot3_gui', 'ament_prefix_path')
[0.265s] INFO:colcon.colcon_core.shell:Creating environment hook '/home/robot/turtlebot3_gui/install/turtlebot3_gui/share/turtlebot3_gui/hook/ament_prefix_path.ps1'
[0.265s] INFO:colcon.colcon_core.shell:Creating environment descriptor '/home/robot/turtlebot3_gui/install/turtlebot3_gui/share/turtlebot3_gui/hook/ament_prefix_path.dsv'
[0.266s] INFO:colcon.colcon_core.shell:Creating environment hook '/home/robot/turtlebot3_gui/install/turtlebot3_gui/share/turtlebot3_gui/hook/ament_prefix_path.sh'
[0.266s] INFO:colcon.colcon_core.shell:Skip shell extension 'powershell' for command environment: Not usable outside of PowerShell
[0.266s] DEBUG:colcon.colcon_core.shell:Skip shell extension 'dsv' for command environment
[0.272s] DEBUG:colcon.colcon_core.event_handler.log_command:Invoking command in '/home/robot/turtlebot3_gui/build/calculator_interfaces': CMAKE_PREFIX_PATH=${CMAKE_PREFIX_PATH}:/home/robot/project_ws/install/turtlebot:/home/robot/turtlebot3_ws/install/turtlebot3_teleop:/home/robot/turtlebot3_ws/install/turtlebot3_example:/opt/ros/humble /usr/bin/cmake /home/robot/turtlebot3_gui/src/calculator_interfaces -DAMENT_CMAKE_SYMLINK_INSTALL=1 -DCMAKE_INSTALL_PREFIX=/home/robot/turtlebot3_gui/install/calculator_interfaces
[0.458s] INFO:colcon.colcon_core.task.python.build:Building Python package in '/home/robot/turtlebot3_gui/src/turtlebot3_gui'
[0.458s] INFO:colcon.colcon_core.shell:Skip shell extension 'powershell' for command environment: Not usable outside of PowerShell
[0.458s] DEBUG:colcon.colcon_core.shell:Skip shell extension 'dsv' for command environment
[0.732s] DEBUG:colcon.colcon_core.event_handler.log_command:Invoking command in '/home/robot/turtlebot3_gui/build/turtlebot3_gui': PYTHONPATH=/home/robot/turtlebot3_gui/build/turtlebot3_gui/prefix_override:/usr/lib/python3/dist-packages/colcon_core/task/python/colcon_distutils_commands:/home/robot/turtlebot3_gui/install/turtlebot3_gui/lib/python3.10/site-packages:${PYTHONPATH} /usr/bin/python3 -W ignore:setup.py install is deprecated setup.py develop --editable --build-directory /home/robot/turtlebot3_gui/build/turtlebot3_gui/build --no-deps symlink_data
[1.059s] Level 1:colcon.colcon_core.shell:create_environment_hook('turtlebot3_gui', 'pythonpath_develop')
[1.059s] INFO:colcon.colcon_core.shell:Creating environment hook '/home/robot/turtlebot3_gui/build/turtlebot3_gui/share/turtlebot3_gui/hook/pythonpath_develop.ps1'
[1.060s] DEBUG:colcon.colcon_core.event_handler.log_command:Invoked command in '/home/robot/turtlebot3_gui/build/turtlebot3_gui' returned '0': PYTHONPATH=/home/robot/turtlebot3_gui/build/turtlebot3_gui/prefix_override:/usr/lib/python3/dist-packages/colcon_core/task/python/colcon_distutils_commands:/home/robot/turtlebot3_gui/install/turtlebot3_gui/lib/python3.10/site-packages:${PYTHONPATH} /usr/bin/python3 -W ignore:setup.py install is deprecated setup.py develop --editable --build-directory /home/robot/turtlebot3_gui/build/turtlebot3_gui/build --no-deps symlink_data
[1.060s] INFO:colcon.colcon_core.shell:Creating environment descriptor '/home/robot/turtlebot3_gui/build/turtlebot3_gui/share/turtlebot3_gui/hook/pythonpath_develop.dsv'
[1.061s] INFO:colcon.colcon_core.shell:Creating environment hook '/home/robot/turtlebot3_gui/build/turtlebot3_gui/share/turtlebot3_gui/hook/pythonpath_develop.sh'
[1.063s] Level 1:colcon.colcon_core.environment:checking '/home/robot/turtlebot3_gui/install/turtlebot3_gui' for CMake module files
[1.063s] Level 1:colcon.colcon_core.environment:checking '/home/robot/turtlebot3_gui/install/turtlebot3_gui' for CMake config files
[1.063s] Level 1:colcon.colcon_core.environment:checking '/home/robot/turtlebot3_gui/install/turtlebot3_gui/lib'
[1.063s] Level 1:colcon.colcon_core.environment:checking '/home/robot/turtlebot3_gui/install/turtlebot3_gui/bin'
[1.063s] Level 1:colcon.colcon_core.environment:checking '/home/robot/turtlebot3_gui/install/turtlebot3_gui/lib/pkgconfig/turtlebot3_gui.pc'
[1.064s] Level 1:colcon.colcon_core.environment:checking '/home/robot/turtlebot3_gui/install/turtlebot3_gui/lib/python3.10/site-packages'
[1.064s] Level 1:colcon.colcon_core.shell:create_environment_hook('turtlebot3_gui', 'pythonpath')
[1.064s] INFO:colcon.colcon_core.shell:Creating environment hook '/home/robot/turtlebot3_gui/install/turtlebot3_gui/share/turtlebot3_gui/hook/pythonpath.ps1'
[1.064s] INFO:colcon.colcon_core.shell:Creating environment descriptor '/home/robot/turtlebot3_gui/install/turtlebot3_gui/share/turtlebot3_gui/hook/pythonpath.dsv'
[1.064s] INFO:colcon.colcon_core.shell:Creating environment hook '/home/robot/turtlebot3_gui/install/turtlebot3_gui/share/turtlebot3_gui/hook/pythonpath.sh'
[1.065s] Level 1:colcon.colcon_core.environment:checking '/home/robot/turtlebot3_gui/install/turtlebot3_gui/bin'
[1.065s] Level 1:colcon.colcon_core.environment:create_environment_scripts_only(turtlebot3_gui)
[1.065s] INFO:colcon.colcon_core.shell:Creating package script '/home/robot/turtlebot3_gui/install/turtlebot3_gui/share/turtlebot3_gui/package.ps1'
[1.066s] INFO:colcon.colcon_core.shell:Creating package descriptor '/home/robot/turtlebot3_gui/install/turtlebot3_gui/share/turtlebot3_gui/package.dsv'
[1.066s] INFO:colcon.colcon_core.shell:Creating package script '/home/robot/turtlebot3_gui/install/turtlebot3_gui/share/turtlebot3_gui/package.sh'
[1.066s] INFO:colcon.colcon_core.shell:Creating package script '/home/robot/turtlebot3_gui/install/turtlebot3_gui/share/turtlebot3_gui/package.bash'
[1.067s] INFO:colcon.colcon_core.shell:Creating package script '/home/robot/turtlebot3_gui/install/turtlebot3_gui/share/turtlebot3_gui/package.zsh'
[1.067s] Level 1:colcon.colcon_core.environment:create_file_with_runtime_dependencies(/home/robot/turtlebot3_gui/install/turtlebot3_gui/share/colcon-core/packages/turtlebot3_gui)
[1.120s] DEBUG:colcon.colcon_core.event_handler.log_command:Invoked command in '/home/robot/turtlebot3_gui/build/calculator_interfaces' returned '0': CMAKE_PREFIX_PATH=${CMAKE_PREFIX_PATH}:/home/robot/project_ws/install/turtlebot:/home/robot/turtlebot3_ws/install/turtlebot3_teleop:/home/robot/turtlebot3_ws/install/turtlebot3_example:/opt/ros/humble /usr/bin/cmake /home/robot/turtlebot3_gui/src/calculator_interfaces -DAMENT_CMAKE_SYMLINK_INSTALL=1 -DCMAKE_INSTALL_PREFIX=/home/robot/turtlebot3_gui/install/calculator_interfaces
[1.122s] DEBUG:colcon.colcon_core.event_handler.log_command:Invoking command in '/home/robot/turtlebot3_gui/build/calculator_interfaces': CMAKE_PREFIX_PATH=${CMAKE_PREFIX_PATH}:/home/robot/project_ws/install/turtlebot:/home/robot/turtlebot3_ws/install/turtlebot3_teleop:/home/robot/turtlebot3_ws/install/turtlebot3_example:/opt/ros/humble /usr/bin/cmake --build /home/robot/turtlebot3_gui/build/calculator_interfaces -- -j16 -l16
[2.664s] DEBUG:colcon.colcon_core.event_handler.log_command:Invoked command in '/home/robot/turtlebot3_gui/build/calculator_interfaces' returned '0': CMAKE_PREFIX_PATH=${CMAKE_PREFIX_PATH}:/home/robot/project_ws/install/turtlebot:/home/robot/turtlebot3_ws/install/turtlebot3_teleop:/home/robot/turtlebot3_ws/install/turtlebot3_example:/opt/ros/humble /usr/bin/cmake --build /home/robot/turtlebot3_gui/build/calculator_interfaces -- -j16 -l16
[2.758s] DEBUG:colcon.colcon_core.event_handler.log_command:Invoking command in '/home/robot/turtlebot3_gui/build/calculator_interfaces': CMAKE_PREFIX_PATH=${CMAKE_PREFIX_PATH}:/home/robot/project_ws/install/turtlebot:/home/robot/turtlebot3_ws/install/turtlebot3_teleop:/home/robot/turtlebot3_ws/install/turtlebot3_example:/opt/ros/humble /usr/bin/cmake --install /home/robot/turtlebot3_gui/build/calculator_interfaces
[3.416s] Level 1:colcon.colcon_core.environment:create_environment_scripts_only(calculator_interfaces)
[3.416s] Level 1:colcon.colcon_core.environment:checking '/home/robot/turtlebot3_gui/install/calculator_interfaces' for CMake module files
[3.417s] DEBUG:colcon.colcon_core.event_handler.log_command:Invoked command in '/home/robot/turtlebot3_gui/build/calculator_interfaces' returned '0': CMAKE_PREFIX_PATH=${CMAKE_PREFIX_PATH}:/home/robot/project_ws/install/turtlebot:/home/robot/turtlebot3_ws/install/turtlebot3_teleop:/home/robot/turtlebot3_ws/install/turtlebot3_example:/opt/ros/humble /usr/bin/cmake --install /home/robot/turtlebot3_gui/build/calculator_interfaces
[3.417s] Level 1:colcon.colcon_core.environment:checking '/home/robot/turtlebot3_gui/install/calculator_interfaces' for CMake config files
[3.417s] Level 1:colcon.colcon_core.shell:create_environment_hook('calculator_interfaces', 'cmake_prefix_path')
[3.417s] INFO:colcon.colcon_core.shell:Creating environment hook '/home/robot/turtlebot3_gui/install/calculator_interfaces/share/calculator_interfaces/hook/cmake_prefix_path.ps1'
[3.418s] INFO:colcon.colcon_core.shell:Creating environment descriptor '/home/robot/turtlebot3_gui/install/calculator_interfaces/share/calculator_interfaces/hook/cmake_prefix_path.dsv'
[3.418s] INFO:colcon.colcon_core.shell:Creating environment hook '/home/robot/turtlebot3_gui/install/calculator_interfaces/share/calculator_interfaces/hook/cmake_prefix_path.sh'
[3.418s] Level 1:colcon.colcon_core.environment:checking '/home/robot/turtlebot3_gui/install/calculator_interfaces/lib'
[3.418s] Level 1:colcon.colcon_core.shell:create_environment_hook('calculator_interfaces', 'ld_library_path_lib')
[3.418s] INFO:colcon.colcon_core.shell:Creating environment hook '/home/robot/turtlebot3_gui/install/calculator_interfaces/share/calculator_interfaces/hook/ld_library_path_lib.ps1'
[3.418s] INFO:colcon.colcon_core.shell:Creating environment descriptor '/home/robot/turtlebot3_gui/install/calculator_interfaces/share/calculator_interfaces/hook/ld_library_path_lib.dsv'
[3.419s] INFO:colcon.colcon_core.shell:Creating environment hook '/home/robot/turtlebot3_gui/install/calculator_interfaces/share/calculator_interfaces/hook/ld_library_path_lib.sh'
[3.419s] Level 1:colcon.colcon_core.environment:checking '/home/robot/turtlebot3_gui/install/calculator_interfaces/bin'
[3.419s] Level 1:colcon.colcon_core.environment:checking '/home/robot/turtlebot3_gui/install/calculator_interfaces/lib/pkgconfig/calculator_interfaces.pc'
[3.419s] Level 1:colcon.colcon_core.environment:checking '/home/robot/turtlebot3_gui/install/calculator_interfaces/lib/python3.10/site-packages'
[3.419s] Level 1:colcon.colcon_core.environment:checking '/home/robot/turtlebot3_gui/install/calculator_interfaces/bin'
[3.419s] INFO:colcon.colcon_core.shell:Creating package script '/home/robot/turtlebot3_gui/install/calculator_interfaces/share/calculator_interfaces/package.ps1'
[3.420s] INFO:colcon.colcon_core.shell:Creating package descriptor '/home/robot/turtlebot3_gui/install/calculator_interfaces/share/calculator_interfaces/package.dsv'
[3.420s] INFO:colcon.colcon_core.shell:Creating package script '/home/robot/turtlebot3_gui/install/calculator_interfaces/share/calculator_interfaces/package.sh'
[3.420s] INFO:colcon.colcon_core.shell:Creating package script '/home/robot/turtlebot3_gui/install/calculator_interfaces/share/calculator_interfaces/package.bash'
[3.420s] INFO:colcon.colcon_core.shell:Creating package script '/home/robot/turtlebot3_gui/install/calculator_interfaces/share/calculator_interfaces/package.zsh'
[3.420s] Level 1:colcon.colcon_core.environment:create_file_with_runtime_dependencies(/home/robot/turtlebot3_gui/install/calculator_interfaces/share/colcon-core/packages/calculator_interfaces)
[3.509s] Level 1:colcon.colcon_core.environment:create_environment_scripts_only(calculator_interfaces)
[3.509s] Level 1:colcon.colcon_core.environment:checking '/home/robot/turtlebot3_gui/install/calculator_interfaces' for CMake module files
[3.510s] Level 1:colcon.colcon_core.environment:checking '/home/robot/turtlebot3_gui/install/calculator_interfaces' for CMake config files
[3.511s] Level 1:colcon.colcon_core.shell:create_environment_hook('calculator_interfaces', 'cmake_prefix_path')
[3.511s] INFO:colcon.colcon_core.shell:Creating environment hook '/home/robot/turtlebot3_gui/install/calculator_interfaces/share/calculator_interfaces/hook/cmake_prefix_path.ps1'
[3.512s] INFO:colcon.colcon_core.shell:Creating environment descriptor '/home/robot/turtlebot3_gui/install/calculator_interfaces/share/calculator_interfaces/hook/cmake_prefix_path.dsv'
[3.512s] INFO:colcon.colcon_core.shell:Creating environment hook '/home/robot/turtlebot3_gui/install/calculator_interfaces/share/calculator_interfaces/hook/cmake_prefix_path.sh'
[3.513s] Level 1:colcon.colcon_core.environment:checking '/home/robot/turtlebot3_gui/install/calculator_interfaces/lib'
[3.513s] Level 1:colcon.colcon_core.shell:create_environment_hook('calculator_interfaces', 'ld_library_path_lib')
[3.513s] INFO:colcon.colcon_core.shell:Creating environment hook '/home/robot/turtlebot3_gui/install/calculator_interfaces/share/calculator_interfaces/hook/ld_library_path_lib.ps1'
[3.514s] INFO:colcon.colcon_core.shell:Creating environment descriptor '/home/robot/turtlebot3_gui/install/calculator_interfaces/share/calculator_interfaces/hook/ld_library_path_lib.dsv'
[3.514s] INFO:colcon.colcon_core.shell:Creating environment hook '/home/robot/turtlebot3_gui/install/calculator_interfaces/share/calculator_interfaces/hook/ld_library_path_lib.sh'
[3.514s] Level 1:colcon.colcon_core.environment:checking '/home/robot/turtlebot3_gui/install/calculator_interfaces/bin'
[3.514s] Level 1:colcon.colcon_core.environment:checking '/home/robot/turtlebot3_gui/install/calculator_interfaces/lib/pkgconfig/calculator_interfaces.pc'
[3.515s] Level 1:colcon.colcon_core.environment:checking '/home/robot/turtlebot3_gui/install/calculator_interfaces/lib/python3.10/site-packages'
[3.515s] Level 1:colcon.colcon_core.environment:checking '/home/robot/turtlebot3_gui/install/calculator_interfaces/bin'
[3.515s] INFO:colcon.colcon_core.shell:Creating package script '/home/robot/turtlebot3_gui/install/calculator_interfaces/share/calculator_interfaces/package.ps1'
[3.516s] INFO:colcon.colcon_core.shell:Creating package descriptor '/home/robot/turtlebot3_gui/install/calculator_interfaces/share/calculator_interfaces/package.dsv'
[3.516s] INFO:colcon.colcon_core.shell:Creating package script '/home/robot/turtlebot3_gui/install/calculator_interfaces/share/calculator_interfaces/package.sh'
[3.517s] INFO:colcon.colcon_core.shell:Creating package script '/home/robot/turtlebot3_gui/install/calculator_interfaces/share/calculator_interfaces/package.bash'
[3.518s] INFO:colcon.colcon_core.shell:Creating package script '/home/robot/turtlebot3_gui/install/calculator_interfaces/share/calculator_interfaces/package.zsh'
[3.518s] Level 1:colcon.colcon_core.environment:create_file_with_runtime_dependencies(/home/robot/turtlebot3_gui/install/calculator_interfaces/share/colcon-core/packages/calculator_interfaces)
[3.518s] DEBUG:colcon.colcon_parallel_executor.executor.parallel:closing loop
[3.519s] DEBUG:colcon.colcon_parallel_executor.executor.parallel:loop closed
[3.519s] DEBUG:colcon.colcon_parallel_executor.executor.parallel:run_until_complete finished with '0'
[3.519s] DEBUG:colcon.colcon_core.event_reactor:joining thread
[3.526s] INFO:colcon.colcon_core.plugin_system:Skipping extension 'colcon_notification.desktop_notification.terminal_notifier': Not used on non-Darwin systems
[3.526s] INFO:colcon.colcon_core.plugin_system:Skipping extension 'colcon_notification.desktop_notification.win32': Not used on non-Windows systems
[3.526s] INFO:colcon.colcon_notification.desktop_notification:Sending desktop notification using 'notify2'
[3.542s] DEBUG:colcon.colcon_core.event_reactor:joined thread
[3.542s] INFO:colcon.colcon_core.shell:Creating prefix script '/home/robot/turtlebot3_gui/install/local_setup.ps1'
[3.544s] INFO:colcon.colcon_core.shell:Creating prefix util module '/home/robot/turtlebot3_gui/install/_local_setup_util_ps1.py'
[3.546s] INFO:colcon.colcon_core.shell:Creating prefix chain script '/home/robot/turtlebot3_gui/install/setup.ps1'
[3.547s] INFO:colcon.colcon_core.shell:Creating prefix script '/home/robot/turtlebot3_gui/install/local_setup.sh'
[3.548s] INFO:colcon.colcon_core.shell:Creating prefix util module '/home/robot/turtlebot3_gui/install/_local_setup_util_sh.py'
[3.548s] INFO:colcon.colcon_core.shell:Creating prefix chain script '/home/robot/turtlebot3_gui/install/setup.sh'
[3.550s] INFO:colcon.colcon_core.shell:Creating prefix script '/home/robot/turtlebot3_gui/install/local_setup.bash'
[3.550s] INFO:colcon.colcon_core.shell:Creating prefix chain script '/home/robot/turtlebot3_gui/install/setup.bash'
[3.551s] INFO:colcon.colcon_core.shell:Creating prefix script '/home/robot/turtlebot3_gui/install/local_setup.zsh'
[3.552s] INFO:colcon.colcon_core.shell:Creating prefix chain script '/home/robot/turtlebot3_gui/install/setup.zsh'
