[0.017s] Invoking command in '/home/g1/rokey_c2_ws/build/c2_turtle_interface': CMAKE_PREFIX_PATH=${CMAKE_PREFIX_PATH}:/home/g1/rokey_c2_ws/install/jiwon:/home/g1/rokey_c2_ws/install/c2_turtle_order_package:/opt/ros/humble /usr/bin/cmake /home/g1/rokey_c2_ws/src/c2_turtle_interface -DAMENT_CMAKE_SYMLINK_INSTALL=1 -DCMAKE_INSTALL_PREFIX=/home/g1/rokey_c2_ws/install/c2_turtle_interface
[0.380s] -- The C compiler identification is GNU 11.4.0
[0.380s] -- The CXX compiler identification is GNU 11.4.0
[0.380s] -- Detecting C compiler ABI info
[0.380s] -- Detecting C compiler ABI info - done
[0.380s] -- Check for working C compiler: /usr/bin/cc - skipped
[0.380s] -- Detecting C compile features
[0.380s] -- Detecting C compile features - done
[0.380s] -- Detecting CXX compiler ABI info
[0.381s] -- Detecting CXX compiler ABI info - done
[0.381s] -- Check for working CXX compiler: /usr/bin/c++ - skipped
[0.381s] -- Detecting CXX compile features
[0.381s] -- Detecting CXX compile features - done
[0.384s] -- Found ament_cmake: 1.3.10 (/opt/ros/humble/share/ament_cmake/cmake)
[0.543s] -- Found Python3: /usr/bin/python3 (found version "3.10.12") found components: Interpreter 
[0.604s] -- Override CMake install command with custom implementation using symlinks instead of copying resources
[0.637s] -- Found rosidl_default_generators: 1.2.0 (/opt/ros/humble/share/rosidl_default_generators/cmake)
[0.640s] -- Using all available rosidl_typesupport_c: rosidl_typesupport_fastrtps_c;rosidl_typesupport_introspection_c
[0.648s] -- Found rosidl_adapter: 3.1.5 (/opt/ros/humble/share/rosidl_adapter/cmake)
[0.695s] -- Using all available rosidl_typesupport_cpp: rosidl_typesupport_fastrtps_cpp;rosidl_typesupport_introspection_cpp
[1.021s] -- Found ament_cmake_ros: 0.10.0 (/opt/ros/humble/share/ament_cmake_ros/cmake)
[1.260s] -- Using all available rosidl_typesupport_c: rosidl_typesupport_fastrtps_c;rosidl_typesupport_introspection_c
[1.522s] -- Using all available rosidl_typesupport_cpp: rosidl_typesupport_fastrtps_cpp;rosidl_typesupport_introspection_cpp
[1.547s] -- Found PythonInterp: /usr/bin/python3 (found suitable version "3.10.12", minimum required is "3.6") 
[1.549s] -- Found python_cmake_module: 0.10.0 (/opt/ros/humble/share/python_cmake_module/cmake)
[1.577s] -- Found PythonLibs: /usr/lib/x86_64-linux-gnu/libpython3.10.so (found suitable version "3.10.12", minimum required is "3.5") 
[1.578s] -- Using PYTHON_EXECUTABLE: /usr/bin/python3
[1.578s] -- Using PYTHON_INCLUDE_DIRS: /usr/include/python3.10
[1.578s] -- Using PYTHON_LIBRARIES: /usr/lib/x86_64-linux-gnu/libpython3.10.so
[1.603s] -- Found PythonExtra: .so  
[1.642s] -- Found ament_lint_auto: 0.12.11 (/opt/ros/humble/share/ament_lint_auto/cmake)
[1.670s] -- Added test 'lint_cmake' to check CMake code style
[1.672s] -- Added test 'xmllint' to check XML markup files
[1.678s] -- Configuring done
[1.716s] -- Generating done
[1.718s] -- Build files have been written to: /home/g1/rokey_c2_ws/build/c2_turtle_interface
[1.724s] Invoked command in '/home/g1/rokey_c2_ws/build/c2_turtle_interface' returned '0': CMAKE_PREFIX_PATH=${CMAKE_PREFIX_PATH}:/home/g1/rokey_c2_ws/install/jiwon:/home/g1/rokey_c2_ws/install/c2_turtle_order_package:/opt/ros/humble /usr/bin/cmake /home/g1/rokey_c2_ws/src/c2_turtle_interface -DAMENT_CMAKE_SYMLINK_INSTALL=1 -DCMAKE_INSTALL_PREFIX=/home/g1/rokey_c2_ws/install/c2_turtle_interface
[1.726s] Invoking command in '/home/g1/rokey_c2_ws/build/c2_turtle_interface': CMAKE_PREFIX_PATH=${CMAKE_PREFIX_PATH}:/home/g1/rokey_c2_ws/install/jiwon:/home/g1/rokey_c2_ws/install/c2_turtle_order_package:/opt/ros/humble /usr/bin/cmake --build /home/g1/rokey_c2_ws/build/c2_turtle_interface -- -j8 -l8
[1.763s] [  2%] [34m[1mGenerating C code for ROS interfaces[0m
[1.768s] [  5%] [34m[1mGenerating C++ code for ROS interfaces[0m
[1.781s] [  5%] Built target ament_cmake_python_symlink_c2_turtle_interface
[2.188s] running egg_info
[2.189s] creating c2_turtle_interface.egg-info
[2.189s] writing c2_turtle_interface.egg-info/PKG-INFO
[2.189s] writing dependency_links to c2_turtle_interface.egg-info/dependency_links.txt
[2.189s] writing top-level names to c2_turtle_interface.egg-info/top_level.txt
[2.190s] writing manifest file 'c2_turtle_interface.egg-info/SOURCES.txt'
[2.193s] reading manifest file 'c2_turtle_interface.egg-info/SOURCES.txt'
[2.194s] writing manifest file 'c2_turtle_interface.egg-info/SOURCES.txt'
[2.249s] [  5%] Built target ament_cmake_python_build_c2_turtle_interface_egg
[2.284s] [  5%] Built target c2_turtle_interface__cpp
[2.296s] [  7%] [34m[1mGenerating C++ type support for eProsima Fast-RTPS[0m
[2.298s] [ 10%] [34m[1mGenerating C++ type support dispatch for ROS interfaces[0m
[2.298s] [ 12%] [34m[1mGenerating C++ introspection for ROS interfaces[0m
[2.427s] [ 17%] [32mBuilding C object CMakeFiles/c2_turtle_interface__rosidl_generator_c.dir/rosidl_generator_c/c2_turtle_interface/srv/detail/get_total_sales__functions.c.o[0m
[2.427s] [ 17%] [32mBuilding C object CMakeFiles/c2_turtle_interface__rosidl_generator_c.dir/rosidl_generator_c/c2_turtle_interface/srv/detail/order__functions.c.o[0m
[2.530s] [ 20%] [32m[1mLinking C shared library libc2_turtle_interface__rosidl_generator_c.so[0m
[2.585s] [ 20%] Built target c2_turtle_interface__rosidl_generator_c
[2.599s] [ 25%] [34m[1mGenerating C type support dispatch for ROS interfaces[0m
[2.600s] [ 25%] [34m[1mGenerating C introspection for ROS interfaces[0m
[2.600s] [ 28%] [34m[1mGenerating C type support for eProsima Fast-RTPS[0m
[2.815s] [ 30%] [32mBuilding CXX object CMakeFiles/c2_turtle_interface__rosidl_typesupport_cpp.dir/rosidl_typesupport_cpp/c2_turtle_interface/srv/order__type_support.cpp.o[0m
[2.826s] [ 33%] [32mBuilding CXX object CMakeFiles/c2_turtle_interface__rosidl_typesupport_cpp.dir/rosidl_typesupport_cpp/c2_turtle_interface/srv/get_total_sales__type_support.cpp.o[0m
[2.912s] [ 35%] [32mBuilding CXX object CMakeFiles/c2_turtle_interface__rosidl_typesupport_introspection_cpp.dir/rosidl_typesupport_introspection_cpp/c2_turtle_interface/srv/detail/order__type_support.cpp.o[0m
[2.912s] [ 38%] [32mBuilding CXX object CMakeFiles/c2_turtle_interface__rosidl_typesupport_introspection_cpp.dir/rosidl_typesupport_introspection_cpp/c2_turtle_interface/srv/detail/get_total_sales__type_support.cpp.o[0m
[3.007s] [ 41%] [32mBuilding CXX object CMakeFiles/c2_turtle_interface__rosidl_typesupport_fastrtps_cpp.dir/rosidl_typesupport_fastrtps_cpp/c2_turtle_interface/srv/detail/dds_fastrtps/order__type_support.cpp.o[0m
[3.314s] [ 43%] [32mBuilding CXX object CMakeFiles/c2_turtle_interface__rosidl_typesupport_c.dir/rosidl_typesupport_c/c2_turtle_interface/srv/order__type_support.cpp.o[0m
[3.392s] [ 46%] [32mBuilding CXX object CMakeFiles/c2_turtle_interface__rosidl_typesupport_fastrtps_c.dir/rosidl_typesupport_fastrtps_c/c2_turtle_interface/srv/detail/order__type_support_c.cpp.o[0m
[3.427s] [ 48%] [32mBuilding CXX object CMakeFiles/c2_turtle_interface__rosidl_typesupport_c.dir/rosidl_typesupport_c/c2_turtle_interface/srv/get_total_sales__type_support.cpp.o[0m
[3.432s] [ 51%] [32mBuilding C object CMakeFiles/c2_turtle_interface__rosidl_typesupport_introspection_c.dir/rosidl_typesupport_introspection_c/c2_turtle_interface/srv/detail/order__type_support.c.o[0m
[3.507s] [ 53%] [32mBuilding C object CMakeFiles/c2_turtle_interface__rosidl_typesupport_introspection_c.dir/rosidl_typesupport_introspection_c/c2_turtle_interface/srv/detail/get_total_sales__type_support.c.o[0m
[3.514s] [ 56%] [32mBuilding CXX object CMakeFiles/c2_turtle_interface__rosidl_typesupport_fastrtps_c.dir/rosidl_typesupport_fastrtps_c/c2_turtle_interface/srv/detail/get_total_sales__type_support_c.cpp.o[0m
[3.516s] [ 58%] [32m[1mLinking CXX shared library libc2_turtle_interface__rosidl_typesupport_c.so[0m
[3.569s] [ 61%] [32m[1mLinking CXX shared library libc2_turtle_interface__rosidl_typesupport_cpp.so[0m
[3.588s] [ 64%] [32m[1mLinking C shared library libc2_turtle_interface__rosidl_typesupport_introspection_c.so[0m
[3.594s] [ 64%] Built target c2_turtle_interface__rosidl_typesupport_c
[3.610s] [ 66%] [32mBuilding CXX object CMakeFiles/c2_turtle_interface__rosidl_typesupport_fastrtps_cpp.dir/rosidl_typesupport_fastrtps_cpp/c2_turtle_interface/srv/detail/dds_fastrtps/get_total_sales__type_support.cpp.o[0m
[3.660s] [ 66%] Built target c2_turtle_interface__rosidl_typesupport_introspection_c
[3.668s] [ 66%] Built target c2_turtle_interface__rosidl_typesupport_cpp
[3.802s] [ 69%] [32m[1mLinking CXX shared library libc2_turtle_interface__rosidl_typesupport_introspection_cpp.so[0m
[3.862s] [ 69%] Built target c2_turtle_interface__rosidl_typesupport_introspection_cpp
[3.967s] [ 71%] [32m[1mLinking CXX shared library libc2_turtle_interface__rosidl_typesupport_fastrtps_c.so[0m
[4.031s] [ 71%] Built target c2_turtle_interface__rosidl_typesupport_fastrtps_c
[4.065s] [ 74%] [32m[1mLinking CXX shared library libc2_turtle_interface__rosidl_typesupport_fastrtps_cpp.so[0m
[4.125s] [ 74%] Built target c2_turtle_interface__rosidl_typesupport_fastrtps_cpp
[4.140s] [ 74%] Built target c2_turtle_interface
[4.157s] [ 76%] [34m[1mGenerating Python code for ROS interfaces[0m
[4.695s] [ 76%] Built target c2_turtle_interface__py
[4.711s] [ 82%] [32mBuilding C object CMakeFiles/c2_turtle_interface__rosidl_generator_py.dir/rosidl_generator_py/c2_turtle_interface/srv/_get_total_sales_s.c.o[0m
[4.711s] [ 82%] [32mBuilding C object CMakeFiles/c2_turtle_interface__rosidl_generator_py.dir/rosidl_generator_py/c2_turtle_interface/srv/_order_s.c.o[0m
[4.821s] [ 84%] [32m[1mLinking C shared library rosidl_generator_py/c2_turtle_interface/libc2_turtle_interface__rosidl_generator_py.so[0m
[4.852s] [ 84%] Built target c2_turtle_interface__rosidl_generator_py
[4.868s] [ 92%] [32mBuilding C object CMakeFiles/c2_turtle_interface__rosidl_typesupport_fastrtps_c__pyext.dir/rosidl_generator_py/c2_turtle_interface/_c2_turtle_interface_s.ep.rosidl_typesupport_fastrtps_c.c.o[0m
[4.868s] [ 92%] [32mBuilding C object CMakeFiles/c2_turtle_interface__rosidl_typesupport_introspection_c__pyext.dir/rosidl_generator_py/c2_turtle_interface/_c2_turtle_interface_s.ep.rosidl_typesupport_introspection_c.c.o[0m
[4.868s] [ 92%] [32mBuilding C object CMakeFiles/c2_turtle_interface__rosidl_typesupport_c__pyext.dir/rosidl_generator_py/c2_turtle_interface/_c2_turtle_interface_s.ep.rosidl_typesupport_c.c.o[0m
[4.954s] [ 94%] [32m[1mLinking C shared library rosidl_generator_py/c2_turtle_interface/c2_turtle_interface_s__rosidl_typesupport_c.cpython-310-x86_64-linux-gnu.so[0m
[4.955s] [ 97%] [32m[1mLinking C shared library rosidl_generator_py/c2_turtle_interface/c2_turtle_interface_s__rosidl_typesupport_introspection_c.cpython-310-x86_64-linux-gnu.so[0m
[4.959s] [100%] [32m[1mLinking C shared library rosidl_generator_py/c2_turtle_interface/c2_turtle_interface_s__rosidl_typesupport_fastrtps_c.cpython-310-x86_64-linux-gnu.so[0m
[4.982s] [100%] Built target c2_turtle_interface__rosidl_typesupport_introspection_c__pyext
[4.982s] [100%] Built target c2_turtle_interface__rosidl_typesupport_c__pyext
[4.987s] [100%] Built target c2_turtle_interface__rosidl_typesupport_fastrtps_c__pyext
[4.997s] Invoked command in '/home/g1/rokey_c2_ws/build/c2_turtle_interface' returned '0': CMAKE_PREFIX_PATH=${CMAKE_PREFIX_PATH}:/home/g1/rokey_c2_ws/install/jiwon:/home/g1/rokey_c2_ws/install/c2_turtle_order_package:/opt/ros/humble /usr/bin/cmake --build /home/g1/rokey_c2_ws/build/c2_turtle_interface -- -j8 -l8
[5.058s] Invoking command in '/home/g1/rokey_c2_ws/build/c2_turtle_interface': CMAKE_PREFIX_PATH=${CMAKE_PREFIX_PATH}:/home/g1/rokey_c2_ws/install/jiwon:/home/g1/rokey_c2_ws/install/c2_turtle_order_package:/opt/ros/humble /usr/bin/cmake --install /home/g1/rokey_c2_ws/build/c2_turtle_interface
[5.063s] -- Install configuration: ""
[5.064s] -- Execute custom install script
[5.064s] -- Symlinking: /home/g1/rokey_c2_ws/install/c2_turtle_interface/share/ament_index/resource_index/rosidl_interfaces/c2_turtle_interface
[5.071s] -- Symlinking: /home/g1/rokey_c2_ws/install/c2_turtle_interface/include/c2_turtle_interface/c2_turtle_interface/msg/rosidl_generator_c__visibility_control.h
[5.078s] -- Symlinking: /home/g1/rokey_c2_ws/install/c2_turtle_interface/include/c2_turtle_interface/c2_turtle_interface/srv/detail/get_total_sales__functions.h
[5.085s] -- Symlinking: /home/g1/rokey_c2_ws/install/c2_turtle_interface/include/c2_turtle_interface/c2_turtle_interface/srv/detail/get_total_sales__struct.h
[5.091s] -- Symlinking: /home/g1/rokey_c2_ws/install/c2_turtle_interface/include/c2_turtle_interface/c2_turtle_interface/srv/detail/get_total_sales__type_support.h
[5.098s] -- Symlinking: /home/g1/rokey_c2_ws/install/c2_turtle_interface/include/c2_turtle_interface/c2_turtle_interface/srv/detail/order__functions.h
[5.105s] -- Symlinking: /home/g1/rokey_c2_ws/install/c2_turtle_interface/include/c2_turtle_interface/c2_turtle_interface/srv/detail/order__struct.h
[5.112s] -- Symlinking: /home/g1/rokey_c2_ws/install/c2_turtle_interface/include/c2_turtle_interface/c2_turtle_interface/srv/detail/order__type_support.h
[5.118s] -- Symlinking: /home/g1/rokey_c2_ws/install/c2_turtle_interface/include/c2_turtle_interface/c2_turtle_interface/srv/get_total_sales.h
[5.125s] -- Symlinking: /home/g1/rokey_c2_ws/install/c2_turtle_interface/include/c2_turtle_interface/c2_turtle_interface/srv/order.h
[5.132s] -- Symlinking: /home/g1/rokey_c2_ws/install/c2_turtle_interface/share/c2_turtle_interface/environment/library_path.sh
[5.139s] -- Symlinking: /home/g1/rokey_c2_ws/install/c2_turtle_interface/share/c2_turtle_interface/environment/library_path.dsv
[5.146s] -- Symlinking: /home/g1/rokey_c2_ws/install/c2_turtle_interface/include/c2_turtle_interface/c2_turtle_interface/msg/rosidl_typesupport_fastrtps_c__visibility_control.h
[5.153s] -- Symlinking: /home/g1/rokey_c2_ws/install/c2_turtle_interface/include/c2_turtle_interface/c2_turtle_interface/srv/detail/get_total_sales__rosidl_typesupport_fastrtps_c.h
[5.160s] -- Symlinking: /home/g1/rokey_c2_ws/install/c2_turtle_interface/include/c2_turtle_interface/c2_turtle_interface/srv/detail/order__rosidl_typesupport_fastrtps_c.h
[5.167s] -- Symlinking: /home/g1/rokey_c2_ws/install/c2_turtle_interface/include/c2_turtle_interface/c2_turtle_interface/msg/rosidl_typesupport_introspection_c__visibility_control.h
[5.173s] -- Symlinking: /home/g1/rokey_c2_ws/install/c2_turtle_interface/include/c2_turtle_interface/c2_turtle_interface/srv/detail/get_total_sales__rosidl_typesupport_introspection_c.h
[5.180s] -- Symlinking: /home/g1/rokey_c2_ws/install/c2_turtle_interface/include/c2_turtle_interface/c2_turtle_interface/srv/detail/order__rosidl_typesupport_introspection_c.h
[5.187s] -- Symlinking: /home/g1/rokey_c2_ws/install/c2_turtle_interface/include/c2_turtle_interface/c2_turtle_interface/srv/detail/get_total_sales__builder.hpp
[5.193s] -- Symlinking: /home/g1/rokey_c2_ws/install/c2_turtle_interface/include/c2_turtle_interface/c2_turtle_interface/srv/detail/get_total_sales__struct.hpp
[5.200s] -- Symlinking: /home/g1/rokey_c2_ws/install/c2_turtle_interface/include/c2_turtle_interface/c2_turtle_interface/srv/detail/get_total_sales__traits.hpp
[5.207s] -- Symlinking: /home/g1/rokey_c2_ws/install/c2_turtle_interface/include/c2_turtle_interface/c2_turtle_interface/srv/detail/order__builder.hpp
[5.213s] -- Symlinking: /home/g1/rokey_c2_ws/install/c2_turtle_interface/include/c2_turtle_interface/c2_turtle_interface/srv/detail/order__struct.hpp
[5.220s] -- Symlinking: /home/g1/rokey_c2_ws/install/c2_turtle_interface/include/c2_turtle_interface/c2_turtle_interface/srv/detail/order__traits.hpp
[5.227s] -- Symlinking: /home/g1/rokey_c2_ws/install/c2_turtle_interface/include/c2_turtle_interface/c2_turtle_interface/srv/get_total_sales.hpp
[5.233s] -- Symlinking: /home/g1/rokey_c2_ws/install/c2_turtle_interface/include/c2_turtle_interface/c2_turtle_interface/srv/order.hpp
[5.241s] -- Symlinking: /home/g1/rokey_c2_ws/install/c2_turtle_interface/include/c2_turtle_interface/c2_turtle_interface/msg/rosidl_typesupport_fastrtps_cpp__visibility_control.h
[5.247s] -- Symlinking: /home/g1/rokey_c2_ws/install/c2_turtle_interface/include/c2_turtle_interface/c2_turtle_interface/srv/detail/get_total_sales__rosidl_typesupport_fastrtps_cpp.hpp
[5.254s] -- Symlinking: /home/g1/rokey_c2_ws/install/c2_turtle_interface/include/c2_turtle_interface/c2_turtle_interface/srv/detail/order__rosidl_typesupport_fastrtps_cpp.hpp
[5.261s] -- Symlinking: /home/g1/rokey_c2_ws/install/c2_turtle_interface/include/c2_turtle_interface/c2_turtle_interface/srv/detail/get_total_sales__rosidl_typesupport_introspection_cpp.hpp
[5.268s] -- Symlinking: /home/g1/rokey_c2_ws/install/c2_turtle_interface/include/c2_turtle_interface/c2_turtle_interface/srv/detail/order__rosidl_typesupport_introspection_cpp.hpp
[5.275s] -- Symlinking: /home/g1/rokey_c2_ws/install/c2_turtle_interface/share/c2_turtle_interface/environment/pythonpath.sh
[5.281s] -- Symlinking: /home/g1/rokey_c2_ws/install/c2_turtle_interface/share/c2_turtle_interface/environment/pythonpath.dsv
[5.289s] -- Symlinking: /home/g1/rokey_c2_ws/install/c2_turtle_interface/local/lib/python3.10/dist-packages/c2_turtle_interface-0.0.0-py3.10.egg-info/PKG-INFO
[5.295s] -- Symlinking: /home/g1/rokey_c2_ws/install/c2_turtle_interface/local/lib/python3.10/dist-packages/c2_turtle_interface-0.0.0-py3.10.egg-info/SOURCES.txt
[5.302s] -- Symlinking: /home/g1/rokey_c2_ws/install/c2_turtle_interface/local/lib/python3.10/dist-packages/c2_turtle_interface-0.0.0-py3.10.egg-info/dependency_links.txt
[5.309s] -- Symlinking: /home/g1/rokey_c2_ws/install/c2_turtle_interface/local/lib/python3.10/dist-packages/c2_turtle_interface-0.0.0-py3.10.egg-info/top_level.txt
[5.316s] -- Symlinking: /home/g1/rokey_c2_ws/install/c2_turtle_interface/local/lib/python3.10/dist-packages/c2_turtle_interface/__init__.py
[5.323s] -- Symlinking: /home/g1/rokey_c2_ws/install/c2_turtle_interface/local/lib/python3.10/dist-packages/c2_turtle_interface/_c2_turtle_interface_s.ep.rosidl_typesupport_c.c
[5.329s] -- Symlinking: /home/g1/rokey_c2_ws/install/c2_turtle_interface/local/lib/python3.10/dist-packages/c2_turtle_interface/_c2_turtle_interface_s.ep.rosidl_typesupport_fastrtps_c.c
[5.336s] -- Symlinking: /home/g1/rokey_c2_ws/install/c2_turtle_interface/local/lib/python3.10/dist-packages/c2_turtle_interface/_c2_turtle_interface_s.ep.rosidl_typesupport_introspection_c.c
[5.343s] -- Symlinking: /home/g1/rokey_c2_ws/install/c2_turtle_interface/local/lib/python3.10/dist-packages/c2_turtle_interface/c2_turtle_interface_s__rosidl_typesupport_c.cpython-310-x86_64-linux-gnu.so
[5.350s] -- Symlinking: /home/g1/rokey_c2_ws/install/c2_turtle_interface/local/lib/python3.10/dist-packages/c2_turtle_interface/c2_turtle_interface_s__rosidl_typesupport_fastrtps_c.cpython-310-x86_64-linux-gnu.so
[5.357s] -- Symlinking: /home/g1/rokey_c2_ws/install/c2_turtle_interface/local/lib/python3.10/dist-packages/c2_turtle_interface/c2_turtle_interface_s__rosidl_typesupport_introspection_c.cpython-310-x86_64-linux-gnu.so
[5.364s] -- Symlinking: /home/g1/rokey_c2_ws/install/c2_turtle_interface/local/lib/python3.10/dist-packages/c2_turtle_interface/libc2_turtle_interface__rosidl_generator_py.so
[5.370s] -- Symlinking: /home/g1/rokey_c2_ws/install/c2_turtle_interface/local/lib/python3.10/dist-packages/c2_turtle_interface/srv/__init__.py
[5.378s] -- Symlinking: /home/g1/rokey_c2_ws/install/c2_turtle_interface/local/lib/python3.10/dist-packages/c2_turtle_interface/srv/_get_total_sales.py
[5.384s] -- Symlinking: /home/g1/rokey_c2_ws/install/c2_turtle_interface/local/lib/python3.10/dist-packages/c2_turtle_interface/srv/_get_total_sales_s.c
[5.391s] -- Symlinking: /home/g1/rokey_c2_ws/install/c2_turtle_interface/local/lib/python3.10/dist-packages/c2_turtle_interface/srv/_order.py
[5.398s] -- Symlinking: /home/g1/rokey_c2_ws/install/c2_turtle_interface/local/lib/python3.10/dist-packages/c2_turtle_interface/srv/_order_s.c
[5.404s] -- Up-to-date symlink: /home/g1/rokey_c2_ws/install/c2_turtle_interface/local/lib/python3.10/dist-packages/c2_turtle_interface/c2_turtle_interface_s__rosidl_typesupport_fastrtps_c.cpython-310-x86_64-linux-gnu.so
[5.405s] -- Up-to-date symlink: /home/g1/rokey_c2_ws/install/c2_turtle_interface/local/lib/python3.10/dist-packages/c2_turtle_interface/c2_turtle_interface_s__rosidl_typesupport_introspection_c.cpython-310-x86_64-linux-gnu.so
[5.405s] -- Up-to-date symlink: /home/g1/rokey_c2_ws/install/c2_turtle_interface/local/lib/python3.10/dist-packages/c2_turtle_interface/c2_turtle_interface_s__rosidl_typesupport_c.cpython-310-x86_64-linux-gnu.so
[5.405s] -- Symlinking: /home/g1/rokey_c2_ws/install/c2_turtle_interface/share/c2_turtle_interface/srv/Order.idl
[5.412s] -- Symlinking: /home/g1/rokey_c2_ws/install/c2_turtle_interface/share/c2_turtle_interface/srv/GetTotalSales.idl
[5.419s] -- Symlinking: /home/g1/rokey_c2_ws/install/c2_turtle_interface/share/c2_turtle_interface/srv/Order.srv
[5.425s] -- Symlinking: /home/g1/rokey_c2_ws/install/c2_turtle_interface/share/c2_turtle_interface/srv/Order_Request.msg
[5.432s] -- Symlinking: /home/g1/rokey_c2_ws/install/c2_turtle_interface/share/c2_turtle_interface/srv/Order_Response.msg
[5.439s] -- Symlinking: /home/g1/rokey_c2_ws/install/c2_turtle_interface/share/c2_turtle_interface/srv/GetTotalSales.srv
[5.446s] -- Symlinking: /home/g1/rokey_c2_ws/install/c2_turtle_interface/share/c2_turtle_interface/srv/GetTotalSales_Request.msg
[5.453s] -- Symlinking: /home/g1/rokey_c2_ws/install/c2_turtle_interface/share/c2_turtle_interface/srv/GetTotalSales_Response.msg
[5.460s] -- Symlinking: /home/g1/rokey_c2_ws/install/c2_turtle_interface/share/ament_index/resource_index/package_run_dependencies/c2_turtle_interface
[5.467s] -- Symlinking: /home/g1/rokey_c2_ws/install/c2_turtle_interface/share/ament_index/resource_index/parent_prefix_path/c2_turtle_interface
[5.474s] -- Symlinking: /home/g1/rokey_c2_ws/install/c2_turtle_interface/share/c2_turtle_interface/environment/ament_prefix_path.sh
[5.481s] -- Symlinking: /home/g1/rokey_c2_ws/install/c2_turtle_interface/share/c2_turtle_interface/environment/ament_prefix_path.dsv
[5.487s] -- Symlinking: /home/g1/rokey_c2_ws/install/c2_turtle_interface/share/c2_turtle_interface/environment/path.sh
[5.494s] -- Symlinking: /home/g1/rokey_c2_ws/install/c2_turtle_interface/share/c2_turtle_interface/environment/path.dsv
[5.501s] -- Symlinking: /home/g1/rokey_c2_ws/install/c2_turtle_interface/share/c2_turtle_interface/local_setup.bash
[5.508s] -- Symlinking: /home/g1/rokey_c2_ws/install/c2_turtle_interface/share/c2_turtle_interface/local_setup.sh
[5.515s] -- Symlinking: /home/g1/rokey_c2_ws/install/c2_turtle_interface/share/c2_turtle_interface/local_setup.zsh
[5.521s] -- Symlinking: /home/g1/rokey_c2_ws/install/c2_turtle_interface/share/c2_turtle_interface/local_setup.dsv
[5.528s] -- Symlinking: /home/g1/rokey_c2_ws/install/c2_turtle_interface/share/c2_turtle_interface/package.dsv
[5.535s] -- Symlinking: /home/g1/rokey_c2_ws/install/c2_turtle_interface/share/ament_index/resource_index/packages/c2_turtle_interface
[5.542s] -- Symlinking: /home/g1/rokey_c2_ws/install/c2_turtle_interface/share/c2_turtle_interface/cmake/rosidl_cmake-extras.cmake
[5.548s] -- Symlinking: /home/g1/rokey_c2_ws/install/c2_turtle_interface/share/c2_turtle_interface/cmake/ament_cmake_export_include_directories-extras.cmake
[5.556s] -- Symlinking: /home/g1/rokey_c2_ws/install/c2_turtle_interface/share/c2_turtle_interface/cmake/ament_cmake_export_libraries-extras.cmake
[5.563s] -- Symlinking: /home/g1/rokey_c2_ws/install/c2_turtle_interface/share/c2_turtle_interface/cmake/ament_cmake_export_targets-extras.cmake
[5.570s] -- Symlinking: /home/g1/rokey_c2_ws/install/c2_turtle_interface/share/c2_turtle_interface/cmake/rosidl_cmake_export_typesupport_targets-extras.cmake
[5.576s] -- Symlinking: /home/g1/rokey_c2_ws/install/c2_turtle_interface/share/c2_turtle_interface/cmake/ament_cmake_export_dependencies-extras.cmake
[5.583s] -- Symlinking: /home/g1/rokey_c2_ws/install/c2_turtle_interface/share/c2_turtle_interface/cmake/rosidl_cmake_export_typesupport_libraries-extras.cmake
[5.590s] -- Symlinking: /home/g1/rokey_c2_ws/install/c2_turtle_interface/share/c2_turtle_interface/cmake/c2_turtle_interfaceConfig.cmake
[5.597s] -- Symlinking: /home/g1/rokey_c2_ws/install/c2_turtle_interface/share/c2_turtle_interface/cmake/c2_turtle_interfaceConfig-version.cmake
[5.603s] -- Symlinking: /home/g1/rokey_c2_ws/install/c2_turtle_interface/share/c2_turtle_interface/package.xml
[5.610s] -- Installing: /home/g1/rokey_c2_ws/install/c2_turtle_interface/lib/libc2_turtle_interface__rosidl_generator_c.so
[5.610s] -- Set runtime path of "/home/g1/rokey_c2_ws/install/c2_turtle_interface/lib/libc2_turtle_interface__rosidl_generator_c.so" to ""
[5.610s] -- Installing: /home/g1/rokey_c2_ws/install/c2_turtle_interface/lib/libc2_turtle_interface__rosidl_typesupport_fastrtps_c.so
[5.610s] -- Set runtime path of "/home/g1/rokey_c2_ws/install/c2_turtle_interface/lib/libc2_turtle_interface__rosidl_typesupport_fastrtps_c.so" to ""
[5.611s] -- Installing: /home/g1/rokey_c2_ws/install/c2_turtle_interface/lib/libc2_turtle_interface__rosidl_typesupport_introspection_c.so
[5.611s] -- Set runtime path of "/home/g1/rokey_c2_ws/install/c2_turtle_interface/lib/libc2_turtle_interface__rosidl_typesupport_introspection_c.so" to ""
[5.611s] -- Installing: /home/g1/rokey_c2_ws/install/c2_turtle_interface/lib/libc2_turtle_interface__rosidl_typesupport_c.so
[5.611s] -- Set runtime path of "/home/g1/rokey_c2_ws/install/c2_turtle_interface/lib/libc2_turtle_interface__rosidl_typesupport_c.so" to ""
[5.611s] -- Installing: /home/g1/rokey_c2_ws/install/c2_turtle_interface/lib/libc2_turtle_interface__rosidl_typesupport_fastrtps_cpp.so
[5.611s] -- Set runtime path of "/home/g1/rokey_c2_ws/install/c2_turtle_interface/lib/libc2_turtle_interface__rosidl_typesupport_fastrtps_cpp.so" to ""
[5.611s] -- Installing: /home/g1/rokey_c2_ws/install/c2_turtle_interface/lib/libc2_turtle_interface__rosidl_typesupport_introspection_cpp.so
[5.612s] -- Set runtime path of "/home/g1/rokey_c2_ws/install/c2_turtle_interface/lib/libc2_turtle_interface__rosidl_typesupport_introspection_cpp.so" to ""
[5.612s] -- Installing: /home/g1/rokey_c2_ws/install/c2_turtle_interface/lib/libc2_turtle_interface__rosidl_typesupport_cpp.so
[5.612s] -- Set runtime path of "/home/g1/rokey_c2_ws/install/c2_turtle_interface/lib/libc2_turtle_interface__rosidl_typesupport_cpp.so" to ""
[5.646s] Listing '/home/g1/rokey_c2_ws/install/c2_turtle_interface/local/lib/python3.10/dist-packages/c2_turtle_interface'...
[5.646s] Compiling '/home/g1/rokey_c2_ws/install/c2_turtle_interface/local/lib/python3.10/dist-packages/c2_turtle_interface/__init__.py'...
[5.646s] Listing '/home/g1/rokey_c2_ws/install/c2_turtle_interface/local/lib/python3.10/dist-packages/c2_turtle_interface/srv'...
[5.646s] Compiling '/home/g1/rokey_c2_ws/install/c2_turtle_interface/local/lib/python3.10/dist-packages/c2_turtle_interface/srv/__init__.py'...
[5.646s] Compiling '/home/g1/rokey_c2_ws/install/c2_turtle_interface/local/lib/python3.10/dist-packages/c2_turtle_interface/srv/_get_total_sales.py'...
[5.646s] Compiling '/home/g1/rokey_c2_ws/install/c2_turtle_interface/local/lib/python3.10/dist-packages/c2_turtle_interface/srv/_order.py'...
[5.649s] -- Installing: /home/g1/rokey_c2_ws/install/c2_turtle_interface/lib/libc2_turtle_interface__rosidl_generator_py.so
[5.650s] -- Set runtime path of "/home/g1/rokey_c2_ws/install/c2_turtle_interface/lib/libc2_turtle_interface__rosidl_generator_py.so" to ""
[5.650s] -- Installing: /home/g1/rokey_c2_ws/install/c2_turtle_interface/share/c2_turtle_interface/cmake/export_c2_turtle_interface__rosidl_generator_cExport.cmake
[5.650s] -- Installing: /home/g1/rokey_c2_ws/install/c2_turtle_interface/share/c2_turtle_interface/cmake/export_c2_turtle_interface__rosidl_generator_cExport-noconfig.cmake
[5.650s] -- Installing: /home/g1/rokey_c2_ws/install/c2_turtle_interface/share/c2_turtle_interface/cmake/export_c2_turtle_interface__rosidl_typesupport_fastrtps_cExport.cmake
[5.650s] -- Installing: /home/g1/rokey_c2_ws/install/c2_turtle_interface/share/c2_turtle_interface/cmake/export_c2_turtle_interface__rosidl_typesupport_fastrtps_cExport-noconfig.cmake
[5.650s] -- Installing: /home/g1/rokey_c2_ws/install/c2_turtle_interface/share/c2_turtle_interface/cmake/c2_turtle_interface__rosidl_typesupport_introspection_cExport.cmake
[5.651s] -- Installing: /home/g1/rokey_c2_ws/install/c2_turtle_interface/share/c2_turtle_interface/cmake/c2_turtle_interface__rosidl_typesupport_introspection_cExport-noconfig.cmake
[5.651s] -- Installing: /home/g1/rokey_c2_ws/install/c2_turtle_interface/share/c2_turtle_interface/cmake/c2_turtle_interface__rosidl_typesupport_cExport.cmake
[5.651s] -- Installing: /home/g1/rokey_c2_ws/install/c2_turtle_interface/share/c2_turtle_interface/cmake/c2_turtle_interface__rosidl_typesupport_cExport-noconfig.cmake
[5.651s] -- Installing: /home/g1/rokey_c2_ws/install/c2_turtle_interface/share/c2_turtle_interface/cmake/export_c2_turtle_interface__rosidl_generator_cppExport.cmake
[5.651s] -- Installing: /home/g1/rokey_c2_ws/install/c2_turtle_interface/share/c2_turtle_interface/cmake/export_c2_turtle_interface__rosidl_typesupport_fastrtps_cppExport.cmake
[5.651s] -- Installing: /home/g1/rokey_c2_ws/install/c2_turtle_interface/share/c2_turtle_interface/cmake/export_c2_turtle_interface__rosidl_typesupport_fastrtps_cppExport-noconfig.cmake
[5.651s] -- Installing: /home/g1/rokey_c2_ws/install/c2_turtle_interface/share/c2_turtle_interface/cmake/c2_turtle_interface__rosidl_typesupport_introspection_cppExport.cmake
[5.651s] -- Installing: /home/g1/rokey_c2_ws/install/c2_turtle_interface/share/c2_turtle_interface/cmake/c2_turtle_interface__rosidl_typesupport_introspection_cppExport-noconfig.cmake
[5.652s] -- Installing: /home/g1/rokey_c2_ws/install/c2_turtle_interface/share/c2_turtle_interface/cmake/c2_turtle_interface__rosidl_typesupport_cppExport.cmake
[5.652s] -- Installing: /home/g1/rokey_c2_ws/install/c2_turtle_interface/share/c2_turtle_interface/cmake/c2_turtle_interface__rosidl_typesupport_cppExport-noconfig.cmake
[5.652s] -- Installing: /home/g1/rokey_c2_ws/install/c2_turtle_interface/share/c2_turtle_interface/cmake/export_c2_turtle_interface__rosidl_generator_pyExport.cmake
[5.652s] -- Installing: /home/g1/rokey_c2_ws/install/c2_turtle_interface/share/c2_turtle_interface/cmake/export_c2_turtle_interface__rosidl_generator_pyExport-noconfig.cmake
[5.654s] Invoked command in '/home/g1/rokey_c2_ws/build/c2_turtle_interface' returned '0': CMAKE_PREFIX_PATH=${CMAKE_PREFIX_PATH}:/home/g1/rokey_c2_ws/install/jiwon:/home/g1/rokey_c2_ws/install/c2_turtle_order_package:/opt/ros/humble /usr/bin/cmake --install /home/g1/rokey_c2_ws/build/c2_turtle_interface
