[0.108s] DEBUG:colcon:Command line arguments: ['/usr/bin/colcon', 'build', '--symlink-install']
[0.108s] DEBUG:colcon:Parsed command line arguments: Namespace(log_base=None, log_level=None, verb_name='build', build_base='build', install_base='install', merge_install=False, symlink_install=True, test_result_base=None, continue_on_error=False, executor='parallel', parallel_workers=8, event_handlers=None, ignore_user_meta=False, metas=['./colcon.meta'], base_paths=['.'], packages_ignore=None, packages_ignore_regex=None, paths=None, packages_up_to=None, packages_up_to_regex=None, packages_above=None, packages_above_and_dependencies=None, packages_above_depth=None, packages_select_by_dep=None, packages_skip_by_dep=None, packages_skip_up_to=None, packages_select_build_failed=False, packages_skip_build_finished=False, packages_select_test_failures=False, packages_skip_test_passed=False, packages_select=None, packages_skip=None, packages_select_regex=None, packages_skip_regex=None, packages_start=None, packages_end=None, allow_overriding=[], cmake_args=None, cmake_target=None, cmake_target_skip_unavailable=False, cmake_clean_cache=False, cmake_clean_first=False, cmake_force_configure=False, ament_cmake_args=None, catkin_cmake_args=None, catkin_skip_building_tests=False, verb_parser=<colcon_defaults.argument_parser.defaults.DefaultArgumentsDecorator object at 0x72b172774250>, verb_extension=<colcon_core.verb.build.BuildVerb object at 0x72b17273bc40>, main=<bound method BuildVerb.main of <colcon_core.verb.build.BuildVerb object at 0x72b17273bc40>>)
[0.326s] Level 1:colcon.colcon_core.package_discovery:discover_packages(colcon_meta) check parameters
[0.326s] Level 1:colcon.colcon_core.package_discovery:discover_packages(recursive) check parameters
[0.326s] Level 1:colcon.colcon_core.package_discovery:discover_packages(ignore) check parameters
[0.326s] Level 1:colcon.colcon_core.package_discovery:discover_packages(path) check parameters
[0.326s] Level 1:colcon.colcon_core.package_discovery:discover_packages(colcon_meta) discover
[0.326s] Level 1:colcon.colcon_core.package_discovery:discover_packages(recursive) discover
[0.326s] INFO:colcon.colcon_core.package_discovery:Crawling recursively for packages in '/home/g1/rokey_c2_ws'
[0.326s] Level 1:colcon.colcon_core.package_identification:_identify(.) by extensions ['ignore', 'ignore_ament_install']
[0.326s] Level 1:colcon.colcon_core.package_identification:_identify(.) by extension 'ignore'
[0.326s] Level 1:colcon.colcon_core.package_identification:_identify(.) by extension 'ignore_ament_install'
[0.326s] Level 1:colcon.colcon_core.package_identification:_identify(.) by extensions ['colcon_pkg']
[0.326s] Level 1:colcon.colcon_core.package_identification:_identify(.) by extension 'colcon_pkg'
[0.326s] Level 1:colcon.colcon_core.package_identification:_identify(.) by extensions ['colcon_meta']
[0.326s] Level 1:colcon.colcon_core.package_identification:_identify(.) by extension 'colcon_meta'
[0.327s] Level 1:colcon.colcon_core.package_identification:_identify(.) by extensions ['ros']
[0.327s] Level 1:colcon.colcon_core.package_identification:_identify(.) by extension 'ros'
[0.344s] Level 1:colcon.colcon_core.package_identification:_identify(.) by extensions ['cmake', 'python']
[0.344s] Level 1:colcon.colcon_core.package_identification:_identify(.) by extension 'cmake'
[0.344s] Level 1:colcon.colcon_core.package_identification:_identify(.) by extension 'python'
[0.344s] Level 1:colcon.colcon_core.package_identification:_identify(.) by extensions ['python_setup_py']
[0.344s] Level 1:colcon.colcon_core.package_identification:_identify(.) by extension 'python_setup_py'
[0.345s] Level 1:colcon.colcon_core.package_identification:_identify(build) by extensions ['ignore', 'ignore_ament_install']
[0.345s] Level 1:colcon.colcon_core.package_identification:_identify(build) by extension 'ignore'
[0.345s] Level 1:colcon.colcon_core.package_identification:_identify(build) ignored
[0.345s] Level 1:colcon.colcon_core.package_identification:_identify(install) by extensions ['ignore', 'ignore_ament_install']
[0.345s] Level 1:colcon.colcon_core.package_identification:_identify(install) by extension 'ignore'
[0.345s] Level 1:colcon.colcon_core.package_identification:_identify(install) ignored
[0.345s] Level 1:colcon.colcon_core.package_identification:_identify(log) by extensions ['ignore', 'ignore_ament_install']
[0.345s] Level 1:colcon.colcon_core.package_identification:_identify(log) by extension 'ignore'
[0.345s] Level 1:colcon.colcon_core.package_identification:_identify(log) ignored
[0.345s] Level 1:colcon.colcon_core.package_identification:_identify(src) by extensions ['ignore', 'ignore_ament_install']
[0.345s] Level 1:colcon.colcon_core.package_identification:_identify(src) by extension 'ignore'
[0.345s] Level 1:colcon.colcon_core.package_identification:_identify(src) by extension 'ignore_ament_install'
[0.345s] Level 1:colcon.colcon_core.package_identification:_identify(src) by extensions ['colcon_pkg']
[0.345s] Level 1:colcon.colcon_core.package_identification:_identify(src) by extension 'colcon_pkg'
[0.345s] Level 1:colcon.colcon_core.package_identification:_identify(src) by extensions ['colcon_meta']
[0.345s] Level 1:colcon.colcon_core.package_identification:_identify(src) by extension 'colcon_meta'
[0.346s] Level 1:colcon.colcon_core.package_identification:_identify(src) by extensions ['ros']
[0.346s] Level 1:colcon.colcon_core.package_identification:_identify(src) by extension 'ros'
[0.346s] Level 1:colcon.colcon_core.package_identification:_identify(src) by extensions ['cmake', 'python']
[0.346s] Level 1:colcon.colcon_core.package_identification:_identify(src) by extension 'cmake'
[0.346s] Level 1:colcon.colcon_core.package_identification:_identify(src) by extension 'python'
[0.346s] Level 1:colcon.colcon_core.package_identification:_identify(src) by extensions ['python_setup_py']
[0.346s] Level 1:colcon.colcon_core.package_identification:_identify(src) by extension 'python_setup_py'
[0.346s] Level 1:colcon.colcon_core.package_identification:_identify(src/database) by extensions ['ignore', 'ignore_ament_install']
[0.346s] Level 1:colcon.colcon_core.package_identification:_identify(src/database) by extension 'ignore'
[0.346s] Level 1:colcon.colcon_core.package_identification:_identify(src/database) by extension 'ignore_ament_install'
[0.346s] Level 1:colcon.colcon_core.package_identification:_identify(src/database) by extensions ['colcon_pkg']
[0.346s] Level 1:colcon.colcon_core.package_identification:_identify(src/database) by extension 'colcon_pkg'
[0.346s] Level 1:colcon.colcon_core.package_identification:_identify(src/database) by extensions ['colcon_meta']
[0.346s] Level 1:colcon.colcon_core.package_identification:_identify(src/database) by extension 'colcon_meta'
[0.346s] Level 1:colcon.colcon_core.package_identification:_identify(src/database) by extensions ['ros']
[0.346s] Level 1:colcon.colcon_core.package_identification:_identify(src/database) by extension 'ros'
[0.349s] DEBUG:colcon.colcon_core.package_identification:Package 'src/database' with type 'ros.ament_python' and name 'database'
[0.349s] Level 1:colcon.colcon_core.package_identification:_identify(src/serving_robot) by extensions ['ignore', 'ignore_ament_install']
[0.349s] Level 1:colcon.colcon_core.package_identification:_identify(src/serving_robot) by extension 'ignore'
[0.349s] Level 1:colcon.colcon_core.package_identification:_identify(src/serving_robot) by extension 'ignore_ament_install'
[0.349s] Level 1:colcon.colcon_core.package_identification:_identify(src/serving_robot) by extensions ['colcon_pkg']
[0.349s] Level 1:colcon.colcon_core.package_identification:_identify(src/serving_robot) by extension 'colcon_pkg'
[0.349s] Level 1:colcon.colcon_core.package_identification:_identify(src/serving_robot) by extensions ['colcon_meta']
[0.349s] Level 1:colcon.colcon_core.package_identification:_identify(src/serving_robot) by extension 'colcon_meta'
[0.349s] Level 1:colcon.colcon_core.package_identification:_identify(src/serving_robot) by extensions ['ros']
[0.349s] Level 1:colcon.colcon_core.package_identification:_identify(src/serving_robot) by extension 'ros'
[0.350s] DEBUG:colcon.colcon_core.package_identification:Package 'src/serving_robot' with type 'ros.ament_python' and name 'serving_robot'
[0.350s] Level 1:colcon.colcon_core.package_identification:_identify(src/serving_robot_msgs) by extensions ['ignore', 'ignore_ament_install']
[0.350s] Level 1:colcon.colcon_core.package_identification:_identify(src/serving_robot_msgs) by extension 'ignore'
[0.350s] Level 1:colcon.colcon_core.package_identification:_identify(src/serving_robot_msgs) by extension 'ignore_ament_install'
[0.350s] Level 1:colcon.colcon_core.package_identification:_identify(src/serving_robot_msgs) by extensions ['colcon_pkg']
[0.350s] Level 1:colcon.colcon_core.package_identification:_identify(src/serving_robot_msgs) by extension 'colcon_pkg'
[0.350s] Level 1:colcon.colcon_core.package_identification:_identify(src/serving_robot_msgs) by extensions ['colcon_meta']
[0.350s] Level 1:colcon.colcon_core.package_identification:_identify(src/serving_robot_msgs) by extension 'colcon_meta'
[0.350s] Level 1:colcon.colcon_core.package_identification:_identify(src/serving_robot_msgs) by extensions ['ros']
[0.350s] Level 1:colcon.colcon_core.package_identification:_identify(src/serving_robot_msgs) by extension 'ros'
[0.351s] DEBUG:colcon.colcon_core.package_identification:Package 'src/serving_robot_msgs' with type 'ros.ament_cmake' and name 'serving_robot_msgs'
[0.351s] Level 1:colcon.colcon_core.package_identification:_identify(src/table_order) by extensions ['ignore', 'ignore_ament_install']
[0.351s] Level 1:colcon.colcon_core.package_identification:_identify(src/table_order) by extension 'ignore'
[0.351s] Level 1:colcon.colcon_core.package_identification:_identify(src/table_order) by extension 'ignore_ament_install'
[0.351s] Level 1:colcon.colcon_core.package_identification:_identify(src/table_order) by extensions ['colcon_pkg']
[0.351s] Level 1:colcon.colcon_core.package_identification:_identify(src/table_order) by extension 'colcon_pkg'
[0.351s] Level 1:colcon.colcon_core.package_identification:_identify(src/table_order) by extensions ['colcon_meta']
[0.351s] Level 1:colcon.colcon_core.package_identification:_identify(src/table_order) by extension 'colcon_meta'
[0.351s] Level 1:colcon.colcon_core.package_identification:_identify(src/table_order) by extensions ['ros']
[0.351s] Level 1:colcon.colcon_core.package_identification:_identify(src/table_order) by extension 'ros'
[0.352s] DEBUG:colcon.colcon_core.package_identification:Package 'src/table_order' with type 'ros.ament_python' and name 'table_order'
[0.352s] Level 1:colcon.colcon_core.package_identification:_identify(src/table_order_interface) by extensions ['ignore', 'ignore_ament_install']
[0.352s] Level 1:colcon.colcon_core.package_identification:_identify(src/table_order_interface) by extension 'ignore'
[0.352s] Level 1:colcon.colcon_core.package_identification:_identify(src/table_order_interface) by extension 'ignore_ament_install'
[0.352s] Level 1:colcon.colcon_core.package_identification:_identify(src/table_order_interface) by extensions ['colcon_pkg']
[0.352s] Level 1:colcon.colcon_core.package_identification:_identify(src/table_order_interface) by extension 'colcon_pkg'
[0.352s] Level 1:colcon.colcon_core.package_identification:_identify(src/table_order_interface) by extensions ['colcon_meta']
[0.352s] Level 1:colcon.colcon_core.package_identification:_identify(src/table_order_interface) by extension 'colcon_meta'
[0.352s] Level 1:colcon.colcon_core.package_identification:_identify(src/table_order_interface) by extensions ['ros']
[0.352s] Level 1:colcon.colcon_core.package_identification:_identify(src/table_order_interface) by extension 'ros'
[0.353s] DEBUG:colcon.colcon_core.package_identification:Package 'src/table_order_interface' with type 'ros.ament_cmake' and name 'table_order_interface'
[0.353s] Level 1:colcon.colcon_core.package_discovery:discover_packages(recursive) using defaults
[0.353s] Level 1:colcon.colcon_core.package_discovery:discover_packages(ignore) discover
[0.353s] Level 1:colcon.colcon_core.package_discovery:discover_packages(ignore) using defaults
[0.353s] Level 1:colcon.colcon_core.package_discovery:discover_packages(path) discover
[0.353s] Level 1:colcon.colcon_core.package_discovery:discover_packages(path) using defaults
[0.374s] Level 1:colcon.colcon_core.package_discovery:discover_packages(prefix_path) check parameters
[0.374s] Level 1:colcon.colcon_core.package_discovery:discover_packages(prefix_path) discover
[0.376s] DEBUG:colcon.colcon_installed_package_information.package_discovery:Found 5 installed packages in /home/g1/rokey_c2_ws/install
[0.377s] DEBUG:colcon.colcon_installed_package_information.package_discovery:Found 12 installed packages in /home/g1/work/turtlebot3_ws/install
[0.378s] DEBUG:colcon.colcon_installed_package_information.package_discovery:Found 373 installed packages in /opt/ros/humble
[0.380s] Level 1:colcon.colcon_core.package_discovery:discover_packages(prefix_path) using defaults
[0.424s] Level 5:colcon.colcon_core.verb:set package 'database' build argument 'cmake_args' from command line to 'None'
[0.424s] Level 5:colcon.colcon_core.verb:set package 'database' build argument 'cmake_target' from command line to 'None'
[0.424s] Level 5:colcon.colcon_core.verb:set package 'database' build argument 'cmake_target_skip_unavailable' from command line to 'False'
[0.424s] Level 5:colcon.colcon_core.verb:set package 'database' build argument 'cmake_clean_cache' from command line to 'False'
[0.424s] Level 5:colcon.colcon_core.verb:set package 'database' build argument 'cmake_clean_first' from command line to 'False'
[0.424s] Level 5:colcon.colcon_core.verb:set package 'database' build argument 'cmake_force_configure' from command line to 'False'
[0.424s] Level 5:colcon.colcon_core.verb:set package 'database' build argument 'ament_cmake_args' from command line to 'None'
[0.424s] Level 5:colcon.colcon_core.verb:set package 'database' build argument 'catkin_cmake_args' from command line to 'None'
[0.424s] Level 5:colcon.colcon_core.verb:set package 'database' build argument 'catkin_skip_building_tests' from command line to 'False'
[0.424s] DEBUG:colcon.colcon_core.verb:Building package 'database' with the following arguments: {'ament_cmake_args': None, 'build_base': '/home/g1/rokey_c2_ws/build/database', 'catkin_cmake_args': None, 'catkin_skip_building_tests': False, 'cmake_args': None, 'cmake_clean_cache': False, 'cmake_clean_first': False, 'cmake_force_configure': False, 'cmake_target': None, 'cmake_target_skip_unavailable': False, 'install_base': '/home/g1/rokey_c2_ws/install/database', 'merge_install': False, 'path': '/home/g1/rokey_c2_ws/src/database', 'symlink_install': True, 'test_result_base': None}
[0.425s] Level 5:colcon.colcon_core.verb:set package 'serving_robot_msgs' build argument 'cmake_args' from command line to 'None'
[0.425s] Level 5:colcon.colcon_core.verb:set package 'serving_robot_msgs' build argument 'cmake_target' from command line to 'None'
[0.425s] Level 5:colcon.colcon_core.verb:set package 'serving_robot_msgs' build argument 'cmake_target_skip_unavailable' from command line to 'False'
[0.425s] Level 5:colcon.colcon_core.verb:set package 'serving_robot_msgs' build argument 'cmake_clean_cache' from command line to 'False'
[0.425s] Level 5:colcon.colcon_core.verb:set package 'serving_robot_msgs' build argument 'cmake_clean_first' from command line to 'False'
[0.425s] Level 5:colcon.colcon_core.verb:set package 'serving_robot_msgs' build argument 'cmake_force_configure' from command line to 'False'
[0.425s] Level 5:colcon.colcon_core.verb:set package 'serving_robot_msgs' build argument 'ament_cmake_args' from command line to 'None'
[0.425s] Level 5:colcon.colcon_core.verb:set package 'serving_robot_msgs' build argument 'catkin_cmake_args' from command line to 'None'
[0.425s] Level 5:colcon.colcon_core.verb:set package 'serving_robot_msgs' build argument 'catkin_skip_building_tests' from command line to 'False'
[0.425s] DEBUG:colcon.colcon_core.verb:Building package 'serving_robot_msgs' with the following arguments: {'ament_cmake_args': None, 'build_base': '/home/g1/rokey_c2_ws/build/serving_robot_msgs', 'catkin_cmake_args': None, 'catkin_skip_building_tests': False, 'cmake_args': None, 'cmake_clean_cache': False, 'cmake_clean_first': False, 'cmake_force_configure': False, 'cmake_target': None, 'cmake_target_skip_unavailable': False, 'install_base': '/home/g1/rokey_c2_ws/install/serving_robot_msgs', 'merge_install': False, 'path': '/home/g1/rokey_c2_ws/src/serving_robot_msgs', 'symlink_install': True, 'test_result_base': None}
[0.425s] Level 5:colcon.colcon_core.verb:set package 'table_order_interface' build argument 'cmake_args' from command line to 'None'
[0.425s] Level 5:colcon.colcon_core.verb:set package 'table_order_interface' build argument 'cmake_target' from command line to 'None'
[0.425s] Level 5:colcon.colcon_core.verb:set package 'table_order_interface' build argument 'cmake_target_skip_unavailable' from command line to 'False'
[0.426s] Level 5:colcon.colcon_core.verb:set package 'table_order_interface' build argument 'cmake_clean_cache' from command line to 'False'
[0.426s] Level 5:colcon.colcon_core.verb:set package 'table_order_interface' build argument 'cmake_clean_first' from command line to 'False'
[0.426s] Level 5:colcon.colcon_core.verb:set package 'table_order_interface' build argument 'cmake_force_configure' from command line to 'False'
[0.426s] Level 5:colcon.colcon_core.verb:set package 'table_order_interface' build argument 'ament_cmake_args' from command line to 'None'
[0.426s] Level 5:colcon.colcon_core.verb:set package 'table_order_interface' build argument 'catkin_cmake_args' from command line to 'None'
[0.426s] Level 5:colcon.colcon_core.verb:set package 'table_order_interface' build argument 'catkin_skip_building_tests' from command line to 'False'
[0.426s] DEBUG:colcon.colcon_core.verb:Building package 'table_order_interface' with the following arguments: {'ament_cmake_args': None, 'build_base': '/home/g1/rokey_c2_ws/build/table_order_interface', 'catkin_cmake_args': None, 'catkin_skip_building_tests': False, 'cmake_args': None, 'cmake_clean_cache': False, 'cmake_clean_first': False, 'cmake_force_configure': False, 'cmake_target': None, 'cmake_target_skip_unavailable': False, 'install_base': '/home/g1/rokey_c2_ws/install/table_order_interface', 'merge_install': False, 'path': '/home/g1/rokey_c2_ws/src/table_order_interface', 'symlink_install': True, 'test_result_base': None}
[0.426s] Level 5:colcon.colcon_core.verb:set package 'serving_robot' build argument 'cmake_args' from command line to 'None'
[0.426s] Level 5:colcon.colcon_core.verb:set package 'serving_robot' build argument 'cmake_target' from command line to 'None'
[0.426s] Level 5:colcon.colcon_core.verb:set package 'serving_robot' build argument 'cmake_target_skip_unavailable' from command line to 'False'
[0.426s] Level 5:colcon.colcon_core.verb:set package 'serving_robot' build argument 'cmake_clean_cache' from command line to 'False'
[0.426s] Level 5:colcon.colcon_core.verb:set package 'serving_robot' build argument 'cmake_clean_first' from command line to 'False'
[0.426s] Level 5:colcon.colcon_core.verb:set package 'serving_robot' build argument 'cmake_force_configure' from command line to 'False'
[0.426s] Level 5:colcon.colcon_core.verb:set package 'serving_robot' build argument 'ament_cmake_args' from command line to 'None'
[0.426s] Level 5:colcon.colcon_core.verb:set package 'serving_robot' build argument 'catkin_cmake_args' from command line to 'None'
[0.426s] Level 5:colcon.colcon_core.verb:set package 'serving_robot' build argument 'catkin_skip_building_tests' from command line to 'False'
[0.426s] DEBUG:colcon.colcon_core.verb:Building package 'serving_robot' with the following arguments: {'ament_cmake_args': None, 'build_base': '/home/g1/rokey_c2_ws/build/serving_robot', 'catkin_cmake_args': None, 'catkin_skip_building_tests': False, 'cmake_args': None, 'cmake_clean_cache': False, 'cmake_clean_first': False, 'cmake_force_configure': False, 'cmake_target': None, 'cmake_target_skip_unavailable': False, 'install_base': '/home/g1/rokey_c2_ws/install/serving_robot', 'merge_install': False, 'path': '/home/g1/rokey_c2_ws/src/serving_robot', 'symlink_install': True, 'test_result_base': None}
[0.427s] Level 5:colcon.colcon_core.verb:set package 'table_order' build argument 'cmake_args' from command line to 'None'
[0.427s] Level 5:colcon.colcon_core.verb:set package 'table_order' build argument 'cmake_target' from command line to 'None'
[0.427s] Level 5:colcon.colcon_core.verb:set package 'table_order' build argument 'cmake_target_skip_unavailable' from command line to 'False'
[0.427s] Level 5:colcon.colcon_core.verb:set package 'table_order' build argument 'cmake_clean_cache' from command line to 'False'
[0.427s] Level 5:colcon.colcon_core.verb:set package 'table_order' build argument 'cmake_clean_first' from command line to 'False'
[0.427s] Level 5:colcon.colcon_core.verb:set package 'table_order' build argument 'cmake_force_configure' from command line to 'False'
[0.427s] Level 5:colcon.colcon_core.verb:set package 'table_order' build argument 'ament_cmake_args' from command line to 'None'
[0.427s] Level 5:colcon.colcon_core.verb:set package 'table_order' build argument 'catkin_cmake_args' from command line to 'None'
[0.427s] Level 5:colcon.colcon_core.verb:set package 'table_order' build argument 'catkin_skip_building_tests' from command line to 'False'
[0.427s] DEBUG:colcon.colcon_core.verb:Building package 'table_order' with the following arguments: {'ament_cmake_args': None, 'build_base': '/home/g1/rokey_c2_ws/build/table_order', 'catkin_cmake_args': None, 'catkin_skip_building_tests': False, 'cmake_args': None, 'cmake_clean_cache': False, 'cmake_clean_first': False, 'cmake_force_configure': False, 'cmake_target': None, 'cmake_target_skip_unavailable': False, 'install_base': '/home/g1/rokey_c2_ws/install/table_order', 'merge_install': False, 'path': '/home/g1/rokey_c2_ws/src/table_order', 'symlink_install': True, 'test_result_base': None}
[0.427s] INFO:colcon.colcon_core.executor:Executing jobs using 'parallel' executor
[0.428s] DEBUG:colcon.colcon_parallel_executor.executor.parallel:run_until_complete
[0.428s] INFO:colcon.colcon_ros.task.ament_cmake.build:Building ROS package in '/home/g1/rokey_c2_ws/src/serving_robot_msgs' with build type 'ament_cmake'
[0.428s] INFO:colcon.colcon_cmake.task.cmake.build:Building CMake package in '/home/g1/rokey_c2_ws/src/serving_robot_msgs'
[0.430s] INFO:colcon.colcon_core.plugin_system:Skipping extension 'colcon_core.shell.bat': Not used on non-Windows systems
[0.430s] INFO:colcon.colcon_core.shell:Skip shell extension 'powershell' for command environment: Not usable outside of PowerShell
[0.430s] DEBUG:colcon.colcon_core.shell:Skip shell extension 'dsv' for command environment
[0.435s] INFO:colcon.colcon_ros.task.ament_cmake.build:Building ROS package in '/home/g1/rokey_c2_ws/src/table_order_interface' with build type 'ament_cmake'
[0.435s] INFO:colcon.colcon_cmake.task.cmake.build:Building CMake package in '/home/g1/rokey_c2_ws/src/table_order_interface'
[0.435s] INFO:colcon.colcon_core.shell:Skip shell extension 'powershell' for command environment: Not usable outside of PowerShell
[0.435s] DEBUG:colcon.colcon_core.shell:Skip shell extension 'dsv' for command environment
[0.439s] INFO:colcon.colcon_ros.task.ament_python.build:Building ROS package in '/home/g1/rokey_c2_ws/src/database' with build type 'ament_python'
[0.439s] Level 1:colcon.colcon_core.shell:create_environment_hook('database', 'ament_prefix_path')
[0.440s] INFO:colcon.colcon_core.shell:Creating environment hook '/home/g1/rokey_c2_ws/install/database/share/database/hook/ament_prefix_path.ps1'
[0.441s] INFO:colcon.colcon_core.shell:Creating environment descriptor '/home/g1/rokey_c2_ws/install/database/share/database/hook/ament_prefix_path.dsv'
[0.441s] INFO:colcon.colcon_core.shell:Creating environment hook '/home/g1/rokey_c2_ws/install/database/share/database/hook/ament_prefix_path.sh'
[0.443s] INFO:colcon.colcon_core.shell:Skip shell extension 'powershell' for command environment: Not usable outside of PowerShell
[0.443s] DEBUG:colcon.colcon_core.shell:Skip shell extension 'dsv' for command environment
[0.452s] DEBUG:colcon.colcon_core.event_handler.log_command:Invoking command in '/home/g1/rokey_c2_ws/build/serving_robot_msgs': CMAKE_PREFIX_PATH=${CMAKE_PREFIX_PATH}:/home/g1/rokey_c2_ws/install/serving_robot:/home/g1/rokey_c2_ws/install/table_order:/home/g1/rokey_c2_ws/install/database:/home/g1/work/turtlebot3_ws/install/turtlebot3_teleop:/home/g1/work/turtlebot3_ws/install/turtlebot3_example:/opt/ros/humble /usr/bin/cmake --build /home/g1/rokey_c2_ws/build/serving_robot_msgs -- -j8 -l8
[0.456s] DEBUG:colcon.colcon_core.event_handler.log_command:Invoking command in '/home/g1/rokey_c2_ws/build/table_order_interface': CMAKE_PREFIX_PATH=${CMAKE_PREFIX_PATH}:/home/g1/rokey_c2_ws/install/serving_robot:/home/g1/rokey_c2_ws/install/table_order:/home/g1/rokey_c2_ws/install/database:/home/g1/work/turtlebot3_ws/install/turtlebot3_teleop:/home/g1/work/turtlebot3_ws/install/turtlebot3_example:/opt/ros/humble /usr/bin/cmake --build /home/g1/rokey_c2_ws/build/table_order_interface -- -j8 -l8
[0.992s] INFO:colcon.colcon_core.task.python.build:Building Python package in '/home/g1/rokey_c2_ws/src/database'
[0.992s] INFO:colcon.colcon_core.shell:Skip shell extension 'powershell' for command environment: Not usable outside of PowerShell
[0.992s] DEBUG:colcon.colcon_core.shell:Skip shell extension 'dsv' for command environment
[0.998s] DEBUG:colcon.colcon_core.event_handler.log_command:Invoked command in '/home/g1/rokey_c2_ws/build/serving_robot_msgs' returned '0': CMAKE_PREFIX_PATH=${CMAKE_PREFIX_PATH}:/home/g1/rokey_c2_ws/install/serving_robot:/home/g1/rokey_c2_ws/install/table_order:/home/g1/rokey_c2_ws/install/database:/home/g1/work/turtlebot3_ws/install/turtlebot3_teleop:/home/g1/work/turtlebot3_ws/install/turtlebot3_example:/opt/ros/humble /usr/bin/cmake --build /home/g1/rokey_c2_ws/build/serving_robot_msgs -- -j8 -l8
[1.054s] DEBUG:colcon.colcon_core.event_handler.log_command:Invoked command in '/home/g1/rokey_c2_ws/build/table_order_interface' returned '0': CMAKE_PREFIX_PATH=${CMAKE_PREFIX_PATH}:/home/g1/rokey_c2_ws/install/serving_robot:/home/g1/rokey_c2_ws/install/table_order:/home/g1/rokey_c2_ws/install/database:/home/g1/work/turtlebot3_ws/install/turtlebot3_teleop:/home/g1/work/turtlebot3_ws/install/turtlebot3_example:/opt/ros/humble /usr/bin/cmake --build /home/g1/rokey_c2_ws/build/table_order_interface -- -j8 -l8
[1.085s] DEBUG:colcon.colcon_core.event_handler.log_command:Invoking command in '/home/g1/rokey_c2_ws/build/serving_robot_msgs': CMAKE_PREFIX_PATH=${CMAKE_PREFIX_PATH}:/home/g1/rokey_c2_ws/install/serving_robot:/home/g1/rokey_c2_ws/install/table_order:/home/g1/rokey_c2_ws/install/database:/home/g1/work/turtlebot3_ws/install/turtlebot3_teleop:/home/g1/work/turtlebot3_ws/install/turtlebot3_example:/opt/ros/humble /usr/bin/cmake --install /home/g1/rokey_c2_ws/build/serving_robot_msgs
[1.104s] DEBUG:colcon.colcon_core.event_handler.log_command:Invoking command in '/home/g1/rokey_c2_ws/build/table_order_interface': CMAKE_PREFIX_PATH=${CMAKE_PREFIX_PATH}:/home/g1/rokey_c2_ws/install/serving_robot:/home/g1/rokey_c2_ws/install/table_order:/home/g1/rokey_c2_ws/install/database:/home/g1/work/turtlebot3_ws/install/turtlebot3_teleop:/home/g1/work/turtlebot3_ws/install/turtlebot3_example:/opt/ros/humble /usr/bin/cmake --install /home/g1/rokey_c2_ws/build/table_order_interface
[1.170s] Level 1:colcon.colcon_core.environment:create_environment_scripts_only(serving_robot_msgs)
[1.171s] DEBUG:colcon.colcon_core.event_handler.log_command:Invoked command in '/home/g1/rokey_c2_ws/build/serving_robot_msgs' returned '0': CMAKE_PREFIX_PATH=${CMAKE_PREFIX_PATH}:/home/g1/rokey_c2_ws/install/serving_robot:/home/g1/rokey_c2_ws/install/table_order:/home/g1/rokey_c2_ws/install/database:/home/g1/work/turtlebot3_ws/install/turtlebot3_teleop:/home/g1/work/turtlebot3_ws/install/turtlebot3_example:/opt/ros/humble /usr/bin/cmake --install /home/g1/rokey_c2_ws/build/serving_robot_msgs
[1.174s] Level 1:colcon.colcon_core.environment:checking '/home/g1/rokey_c2_ws/install/serving_robot_msgs' for CMake module files
[1.176s] Level 1:colcon.colcon_core.environment:checking '/home/g1/rokey_c2_ws/install/serving_robot_msgs' for CMake config files
[1.178s] Level 1:colcon.colcon_core.shell:create_environment_hook('serving_robot_msgs', 'cmake_prefix_path')
[1.178s] INFO:colcon.colcon_core.shell:Creating environment hook '/home/g1/rokey_c2_ws/install/serving_robot_msgs/share/serving_robot_msgs/hook/cmake_prefix_path.ps1'
[1.178s] INFO:colcon.colcon_core.shell:Creating environment descriptor '/home/g1/rokey_c2_ws/install/serving_robot_msgs/share/serving_robot_msgs/hook/cmake_prefix_path.dsv'
[1.179s] INFO:colcon.colcon_core.shell:Creating environment hook '/home/g1/rokey_c2_ws/install/serving_robot_msgs/share/serving_robot_msgs/hook/cmake_prefix_path.sh'
[1.179s] Level 1:colcon.colcon_core.environment:checking '/home/g1/rokey_c2_ws/install/serving_robot_msgs/lib'
[1.179s] Level 1:colcon.colcon_core.shell:create_environment_hook('serving_robot_msgs', 'ld_library_path_lib')
[1.180s] INFO:colcon.colcon_core.shell:Creating environment hook '/home/g1/rokey_c2_ws/install/serving_robot_msgs/share/serving_robot_msgs/hook/ld_library_path_lib.ps1'
[1.180s] INFO:colcon.colcon_core.shell:Creating environment descriptor '/home/g1/rokey_c2_ws/install/serving_robot_msgs/share/serving_robot_msgs/hook/ld_library_path_lib.dsv'
[1.180s] INFO:colcon.colcon_core.shell:Creating environment hook '/home/g1/rokey_c2_ws/install/serving_robot_msgs/share/serving_robot_msgs/hook/ld_library_path_lib.sh'
[1.181s] Level 1:colcon.colcon_core.environment:checking '/home/g1/rokey_c2_ws/install/serving_robot_msgs/bin'
[1.181s] Level 1:colcon.colcon_core.environment:checking '/home/g1/rokey_c2_ws/install/serving_robot_msgs/lib/pkgconfig/serving_robot_msgs.pc'
[1.181s] Level 1:colcon.colcon_core.environment:checking '/home/g1/rokey_c2_ws/install/serving_robot_msgs/lib/python3.10/site-packages'
[1.181s] Level 1:colcon.colcon_core.environment:checking '/home/g1/rokey_c2_ws/install/serving_robot_msgs/bin'
[1.181s] INFO:colcon.colcon_core.shell:Creating package script '/home/g1/rokey_c2_ws/install/serving_robot_msgs/share/serving_robot_msgs/package.ps1'
[1.182s] INFO:colcon.colcon_core.shell:Creating package descriptor '/home/g1/rokey_c2_ws/install/serving_robot_msgs/share/serving_robot_msgs/package.dsv'
[1.183s] INFO:colcon.colcon_core.shell:Creating package script '/home/g1/rokey_c2_ws/install/serving_robot_msgs/share/serving_robot_msgs/package.sh'
[1.183s] INFO:colcon.colcon_core.shell:Creating package script '/home/g1/rokey_c2_ws/install/serving_robot_msgs/share/serving_robot_msgs/package.bash'
[1.184s] INFO:colcon.colcon_core.shell:Creating package script '/home/g1/rokey_c2_ws/install/serving_robot_msgs/share/serving_robot_msgs/package.zsh'
[1.185s] Level 1:colcon.colcon_core.environment:create_file_with_runtime_dependencies(/home/g1/rokey_c2_ws/install/serving_robot_msgs/share/colcon-core/packages/serving_robot_msgs)
[1.186s] Level 1:colcon.colcon_core.environment:create_environment_scripts_only(table_order_interface)
[1.186s] Level 1:colcon.colcon_core.environment:checking '/home/g1/rokey_c2_ws/install/table_order_interface' for CMake module files
[1.187s] DEBUG:colcon.colcon_core.event_handler.log_command:Invoked command in '/home/g1/rokey_c2_ws/build/table_order_interface' returned '0': CMAKE_PREFIX_PATH=${CMAKE_PREFIX_PATH}:/home/g1/rokey_c2_ws/install/serving_robot:/home/g1/rokey_c2_ws/install/table_order:/home/g1/rokey_c2_ws/install/database:/home/g1/work/turtlebot3_ws/install/turtlebot3_teleop:/home/g1/work/turtlebot3_ws/install/turtlebot3_example:/opt/ros/humble /usr/bin/cmake --install /home/g1/rokey_c2_ws/build/table_order_interface
[1.187s] Level 1:colcon.colcon_core.environment:checking '/home/g1/rokey_c2_ws/install/table_order_interface' for CMake config files
[1.187s] Level 1:colcon.colcon_core.shell:create_environment_hook('table_order_interface', 'cmake_prefix_path')
[1.188s] INFO:colcon.colcon_core.shell:Creating environment hook '/home/g1/rokey_c2_ws/install/table_order_interface/share/table_order_interface/hook/cmake_prefix_path.ps1'
[1.188s] INFO:colcon.colcon_core.shell:Creating environment descriptor '/home/g1/rokey_c2_ws/install/table_order_interface/share/table_order_interface/hook/cmake_prefix_path.dsv'
[1.188s] INFO:colcon.colcon_core.shell:Creating environment hook '/home/g1/rokey_c2_ws/install/table_order_interface/share/table_order_interface/hook/cmake_prefix_path.sh'
[1.189s] Level 1:colcon.colcon_core.environment:checking '/home/g1/rokey_c2_ws/install/table_order_interface/lib'
[1.189s] Level 1:colcon.colcon_core.shell:create_environment_hook('table_order_interface', 'ld_library_path_lib')
[1.189s] INFO:colcon.colcon_core.shell:Creating environment hook '/home/g1/rokey_c2_ws/install/table_order_interface/share/table_order_interface/hook/ld_library_path_lib.ps1'
[1.190s] INFO:colcon.colcon_core.shell:Creating environment descriptor '/home/g1/rokey_c2_ws/install/table_order_interface/share/table_order_interface/hook/ld_library_path_lib.dsv'
[1.190s] INFO:colcon.colcon_core.shell:Creating environment hook '/home/g1/rokey_c2_ws/install/table_order_interface/share/table_order_interface/hook/ld_library_path_lib.sh'
[1.190s] Level 1:colcon.colcon_core.environment:checking '/home/g1/rokey_c2_ws/install/table_order_interface/bin'
[1.190s] Level 1:colcon.colcon_core.environment:checking '/home/g1/rokey_c2_ws/install/table_order_interface/lib/pkgconfig/table_order_interface.pc'
[1.191s] Level 1:colcon.colcon_core.environment:checking '/home/g1/rokey_c2_ws/install/table_order_interface/lib/python3.10/site-packages'
[1.191s] Level 1:colcon.colcon_core.environment:checking '/home/g1/rokey_c2_ws/install/table_order_interface/bin'
[1.191s] INFO:colcon.colcon_core.shell:Creating package script '/home/g1/rokey_c2_ws/install/table_order_interface/share/table_order_interface/package.ps1'
[1.192s] INFO:colcon.colcon_core.shell:Creating package descriptor '/home/g1/rokey_c2_ws/install/table_order_interface/share/table_order_interface/package.dsv'
[1.192s] INFO:colcon.colcon_core.shell:Creating package script '/home/g1/rokey_c2_ws/install/table_order_interface/share/table_order_interface/package.sh'
[1.192s] INFO:colcon.colcon_core.shell:Creating package script '/home/g1/rokey_c2_ws/install/table_order_interface/share/table_order_interface/package.bash'
[1.193s] INFO:colcon.colcon_core.shell:Creating package script '/home/g1/rokey_c2_ws/install/table_order_interface/share/table_order_interface/package.zsh'
[1.193s] Level 1:colcon.colcon_core.environment:create_file_with_runtime_dependencies(/home/g1/rokey_c2_ws/install/table_order_interface/share/colcon-core/packages/table_order_interface)
[1.240s] Level 1:colcon.colcon_core.environment:create_environment_scripts_only(table_order_interface)
[1.240s] Level 1:colcon.colcon_core.environment:checking '/home/g1/rokey_c2_ws/install/table_order_interface' for CMake module files
[1.241s] Level 1:colcon.colcon_core.environment:checking '/home/g1/rokey_c2_ws/install/table_order_interface' for CMake config files
[1.241s] Level 1:colcon.colcon_core.shell:create_environment_hook('table_order_interface', 'cmake_prefix_path')
[1.241s] INFO:colcon.colcon_core.shell:Creating environment hook '/home/g1/rokey_c2_ws/install/table_order_interface/share/table_order_interface/hook/cmake_prefix_path.ps1'
[1.242s] INFO:colcon.colcon_core.shell:Creating environment descriptor '/home/g1/rokey_c2_ws/install/table_order_interface/share/table_order_interface/hook/cmake_prefix_path.dsv'
[1.242s] INFO:colcon.colcon_core.shell:Creating environment hook '/home/g1/rokey_c2_ws/install/table_order_interface/share/table_order_interface/hook/cmake_prefix_path.sh'
[1.243s] Level 1:colcon.colcon_core.environment:checking '/home/g1/rokey_c2_ws/install/table_order_interface/lib'
[1.243s] Level 1:colcon.colcon_core.shell:create_environment_hook('table_order_interface', 'ld_library_path_lib')
[1.243s] INFO:colcon.colcon_core.shell:Creating environment hook '/home/g1/rokey_c2_ws/install/table_order_interface/share/table_order_interface/hook/ld_library_path_lib.ps1'
[1.243s] INFO:colcon.colcon_core.shell:Creating environment descriptor '/home/g1/rokey_c2_ws/install/table_order_interface/share/table_order_interface/hook/ld_library_path_lib.dsv'
[1.244s] INFO:colcon.colcon_core.shell:Creating environment hook '/home/g1/rokey_c2_ws/install/table_order_interface/share/table_order_interface/hook/ld_library_path_lib.sh'
[1.244s] Level 1:colcon.colcon_core.environment:checking '/home/g1/rokey_c2_ws/install/table_order_interface/bin'
[1.244s] Level 1:colcon.colcon_core.environment:checking '/home/g1/rokey_c2_ws/install/table_order_interface/lib/pkgconfig/table_order_interface.pc'
[1.244s] Level 1:colcon.colcon_core.environment:checking '/home/g1/rokey_c2_ws/install/table_order_interface/lib/python3.10/site-packages'
[1.245s] Level 1:colcon.colcon_core.environment:checking '/home/g1/rokey_c2_ws/install/table_order_interface/bin'
[1.245s] INFO:colcon.colcon_core.shell:Creating package script '/home/g1/rokey_c2_ws/install/table_order_interface/share/table_order_interface/package.ps1'
[1.246s] INFO:colcon.colcon_core.shell:Creating package descriptor '/home/g1/rokey_c2_ws/install/table_order_interface/share/table_order_interface/package.dsv'
[1.246s] INFO:colcon.colcon_core.shell:Creating package script '/home/g1/rokey_c2_ws/install/table_order_interface/share/table_order_interface/package.sh'
[1.247s] INFO:colcon.colcon_core.shell:Creating package script '/home/g1/rokey_c2_ws/install/table_order_interface/share/table_order_interface/package.bash'
[1.247s] INFO:colcon.colcon_core.shell:Creating package script '/home/g1/rokey_c2_ws/install/table_order_interface/share/table_order_interface/package.zsh'
[1.247s] Level 1:colcon.colcon_core.environment:create_file_with_runtime_dependencies(/home/g1/rokey_c2_ws/install/table_order_interface/share/colcon-core/packages/table_order_interface)
[1.248s] INFO:colcon.colcon_ros.task.ament_python.build:Building ROS package in '/home/g1/rokey_c2_ws/src/table_order' with build type 'ament_python'
[1.248s] Level 1:colcon.colcon_core.shell:create_environment_hook('table_order', 'ament_prefix_path')
[1.248s] INFO:colcon.colcon_core.shell:Creating environment hook '/home/g1/rokey_c2_ws/install/table_order/share/table_order/hook/ament_prefix_path.ps1'
[1.249s] INFO:colcon.colcon_core.shell:Creating environment descriptor '/home/g1/rokey_c2_ws/install/table_order/share/table_order/hook/ament_prefix_path.dsv'
[1.249s] INFO:colcon.colcon_core.shell:Creating environment hook '/home/g1/rokey_c2_ws/install/table_order/share/table_order/hook/ament_prefix_path.sh'
[1.250s] INFO:colcon.colcon_core.shell:Skip shell extension 'powershell' for command environment: Not usable outside of PowerShell
[1.250s] DEBUG:colcon.colcon_core.shell:Skip shell extension 'dsv' for command environment
[1.575s] INFO:colcon.colcon_core.task.python.build:Building Python package in '/home/g1/rokey_c2_ws/src/table_order'
[1.575s] INFO:colcon.colcon_core.shell:Skip shell extension 'powershell' for command environment: Not usable outside of PowerShell
[1.575s] DEBUG:colcon.colcon_core.shell:Skip shell extension 'dsv' for command environment
[1.580s] Level 1:colcon.colcon_core.environment:create_environment_scripts_only(serving_robot_msgs)
[1.580s] Level 1:colcon.colcon_core.environment:checking '/home/g1/rokey_c2_ws/install/serving_robot_msgs' for CMake module files
[1.581s] Level 1:colcon.colcon_core.environment:checking '/home/g1/rokey_c2_ws/install/serving_robot_msgs' for CMake config files
[1.581s] Level 1:colcon.colcon_core.shell:create_environment_hook('serving_robot_msgs', 'cmake_prefix_path')
[1.581s] INFO:colcon.colcon_core.shell:Creating environment hook '/home/g1/rokey_c2_ws/install/serving_robot_msgs/share/serving_robot_msgs/hook/cmake_prefix_path.ps1'
[1.582s] INFO:colcon.colcon_core.shell:Creating environment descriptor '/home/g1/rokey_c2_ws/install/serving_robot_msgs/share/serving_robot_msgs/hook/cmake_prefix_path.dsv'
[1.582s] INFO:colcon.colcon_core.shell:Creating environment hook '/home/g1/rokey_c2_ws/install/serving_robot_msgs/share/serving_robot_msgs/hook/cmake_prefix_path.sh'
[1.583s] Level 1:colcon.colcon_core.environment:checking '/home/g1/rokey_c2_ws/install/serving_robot_msgs/lib'
[1.583s] Level 1:colcon.colcon_core.shell:create_environment_hook('serving_robot_msgs', 'ld_library_path_lib')
[1.583s] INFO:colcon.colcon_core.shell:Creating environment hook '/home/g1/rokey_c2_ws/install/serving_robot_msgs/share/serving_robot_msgs/hook/ld_library_path_lib.ps1'
[1.583s] INFO:colcon.colcon_core.shell:Creating environment descriptor '/home/g1/rokey_c2_ws/install/serving_robot_msgs/share/serving_robot_msgs/hook/ld_library_path_lib.dsv'
[1.583s] INFO:colcon.colcon_core.shell:Creating environment hook '/home/g1/rokey_c2_ws/install/serving_robot_msgs/share/serving_robot_msgs/hook/ld_library_path_lib.sh'
[1.584s] Level 1:colcon.colcon_core.environment:checking '/home/g1/rokey_c2_ws/install/serving_robot_msgs/bin'
[1.584s] Level 1:colcon.colcon_core.environment:checking '/home/g1/rokey_c2_ws/install/serving_robot_msgs/lib/pkgconfig/serving_robot_msgs.pc'
[1.584s] Level 1:colcon.colcon_core.environment:checking '/home/g1/rokey_c2_ws/install/serving_robot_msgs/lib/python3.10/site-packages'
[1.584s] Level 1:colcon.colcon_core.environment:checking '/home/g1/rokey_c2_ws/install/serving_robot_msgs/bin'
[1.585s] INFO:colcon.colcon_core.shell:Creating package script '/home/g1/rokey_c2_ws/install/serving_robot_msgs/share/serving_robot_msgs/package.ps1'
[1.585s] INFO:colcon.colcon_core.shell:Creating package descriptor '/home/g1/rokey_c2_ws/install/serving_robot_msgs/share/serving_robot_msgs/package.dsv'
[1.586s] INFO:colcon.colcon_core.shell:Creating package script '/home/g1/rokey_c2_ws/install/serving_robot_msgs/share/serving_robot_msgs/package.sh'
[1.586s] INFO:colcon.colcon_core.shell:Creating package script '/home/g1/rokey_c2_ws/install/serving_robot_msgs/share/serving_robot_msgs/package.bash'
[1.586s] INFO:colcon.colcon_core.shell:Creating package script '/home/g1/rokey_c2_ws/install/serving_robot_msgs/share/serving_robot_msgs/package.zsh'
[1.587s] Level 1:colcon.colcon_core.environment:create_file_with_runtime_dependencies(/home/g1/rokey_c2_ws/install/serving_robot_msgs/share/colcon-core/packages/serving_robot_msgs)
[1.589s] INFO:colcon.colcon_ros.task.ament_python.build:Building ROS package in '/home/g1/rokey_c2_ws/src/serving_robot' with build type 'ament_python'
[1.589s] Level 1:colcon.colcon_core.shell:create_environment_hook('serving_robot', 'ament_prefix_path')
[1.589s] INFO:colcon.colcon_core.shell:Creating environment hook '/home/g1/rokey_c2_ws/install/serving_robot/share/serving_robot/hook/ament_prefix_path.ps1'
[1.590s] DEBUG:colcon.colcon_core.event_handler.log_command:Invoking command in '/home/g1/rokey_c2_ws/build/database': PYTHONPATH=/home/g1/rokey_c2_ws/build/database/prefix_override:/usr/lib/python3/dist-packages/colcon_core/task/python/colcon_distutils_commands:/home/g1/rokey_c2_ws/install/database/lib/python3.10/site-packages:${PYTHONPATH} /usr/bin/python3 -W ignore:setup.py install is deprecated setup.py develop --editable --build-directory /home/g1/rokey_c2_ws/build/database/build --no-deps symlink_data
[1.590s] INFO:colcon.colcon_core.shell:Creating environment descriptor '/home/g1/rokey_c2_ws/install/serving_robot/share/serving_robot/hook/ament_prefix_path.dsv'
[1.590s] INFO:colcon.colcon_core.shell:Creating environment hook '/home/g1/rokey_c2_ws/install/serving_robot/share/serving_robot/hook/ament_prefix_path.sh'
[1.591s] INFO:colcon.colcon_core.shell:Skip shell extension 'powershell' for command environment: Not usable outside of PowerShell
[1.591s] DEBUG:colcon.colcon_core.shell:Skip shell extension 'dsv' for command environment
[1.926s] INFO:colcon.colcon_core.task.python.build:Building Python package in '/home/g1/rokey_c2_ws/src/serving_robot'
[1.926s] INFO:colcon.colcon_core.shell:Skip shell extension 'powershell' for command environment: Not usable outside of PowerShell
[1.926s] DEBUG:colcon.colcon_core.shell:Skip shell extension 'dsv' for command environment
[2.025s] DEBUG:colcon.colcon_core.event_handler.log_command:Invoking command in '/home/g1/rokey_c2_ws/build/table_order': CMAKE_PREFIX_PATH=/home/g1/rokey_c2_ws/install/table_order_interface:/home/g1/rokey_c2_ws/install/serving_robot_msgs:/home/g1/work/turtlebot3_ws/install/turtlebot3:/home/g1/work/turtlebot3_ws/install/turtlebot3_simulations:/home/g1/work/turtlebot3_ws/install/turtlebot3_bringup:/home/g1/work/turtlebot3_ws/install/turtlebot3_node:/home/g1/work/turtlebot3_ws/install/turtlebot3_navigation2:/home/g1/work/turtlebot3_ws/install/turtlebot3_fake_node:/home/g1/work/turtlebot3_ws/install/turtlebot3_msgs:/home/g1/work/turtlebot3_ws/install/turtlebot3_gazebo:/home/g1/work/turtlebot3_ws/install/turtlebot3_description:/home/g1/work/turtlebot3_ws/install/turtlebot3_cartographer LD_LIBRARY_PATH=/home/g1/rokey_c2_ws/install/table_order_interface/lib:/home/g1/rokey_c2_ws/install/serving_robot_msgs/lib:/home/g1/work/turtlebot3_ws/install/turtlebot3_msgs/lib:/usr/lib/x86_64-linux-gnu/gazebo-11/plugins:/opt/ros/humble/opt/rviz_ogre_vendor/lib:/opt/ros/humble/lib/x86_64-linux-gnu:/opt/ros/humble/lib:/usr/lib/x86_64-linux-gnu/gazebo-11/plugins:/usr/lib/x86_64-linux-gnu/gazebo-11/plugins:/usr/lib/x86_64-linux-gnu/gazebo-11/plugins:/usr/lib/x86_64-linux-gnu/gazebo-11/plugins:/usr/lib/x86_64-linux-gnu/gazebo-11/plugins:/usr/lib/x86_64-linux-gnu/gazebo-11/plugins PYTHONPATH=/home/g1/rokey_c2_ws/build/table_order/prefix_override:/usr/lib/python3/dist-packages/colcon_core/task/python/colcon_distutils_commands:/home/g1/rokey_c2_ws/install/table_order/lib/python3.10/site-packages:${PYTHONPATH} /usr/bin/python3 -W ignore:setup.py install is deprecated setup.py develop --editable --build-directory /home/g1/rokey_c2_ws/build/table_order/build --no-deps symlink_data
[2.214s] Level 1:colcon.colcon_core.shell:create_environment_hook('database', 'pythonpath_develop')
[2.215s] INFO:colcon.colcon_core.shell:Creating environment hook '/home/g1/rokey_c2_ws/build/database/share/database/hook/pythonpath_develop.ps1'
[2.215s] DEBUG:colcon.colcon_core.event_handler.log_command:Invoked command in '/home/g1/rokey_c2_ws/build/database' returned '0': PYTHONPATH=/home/g1/rokey_c2_ws/build/database/prefix_override:/usr/lib/python3/dist-packages/colcon_core/task/python/colcon_distutils_commands:/home/g1/rokey_c2_ws/install/database/lib/python3.10/site-packages:${PYTHONPATH} /usr/bin/python3 -W ignore:setup.py install is deprecated setup.py develop --editable --build-directory /home/g1/rokey_c2_ws/build/database/build --no-deps symlink_data
[2.216s] INFO:colcon.colcon_core.shell:Creating environment descriptor '/home/g1/rokey_c2_ws/build/database/share/database/hook/pythonpath_develop.dsv'
[2.216s] INFO:colcon.colcon_core.shell:Creating environment hook '/home/g1/rokey_c2_ws/build/database/share/database/hook/pythonpath_develop.sh'
[2.217s] Level 1:colcon.colcon_core.environment:checking '/home/g1/rokey_c2_ws/install/database' for CMake module files
[2.217s] Level 1:colcon.colcon_core.environment:checking '/home/g1/rokey_c2_ws/install/database' for CMake config files
[2.217s] Level 1:colcon.colcon_core.environment:checking '/home/g1/rokey_c2_ws/install/database/lib'
[2.218s] Level 1:colcon.colcon_core.environment:checking '/home/g1/rokey_c2_ws/install/database/bin'
[2.218s] Level 1:colcon.colcon_core.environment:checking '/home/g1/rokey_c2_ws/install/database/lib/pkgconfig/database.pc'
[2.218s] Level 1:colcon.colcon_core.environment:checking '/home/g1/rokey_c2_ws/install/database/lib/python3.10/site-packages'
[2.218s] Level 1:colcon.colcon_core.shell:create_environment_hook('database', 'pythonpath')
[2.218s] INFO:colcon.colcon_core.shell:Creating environment hook '/home/g1/rokey_c2_ws/install/database/share/database/hook/pythonpath.ps1'
[2.219s] INFO:colcon.colcon_core.shell:Creating environment descriptor '/home/g1/rokey_c2_ws/install/database/share/database/hook/pythonpath.dsv'
[2.219s] INFO:colcon.colcon_core.shell:Creating environment hook '/home/g1/rokey_c2_ws/install/database/share/database/hook/pythonpath.sh'
[2.220s] Level 1:colcon.colcon_core.environment:checking '/home/g1/rokey_c2_ws/install/database/bin'
[2.220s] Level 1:colcon.colcon_core.environment:create_environment_scripts_only(database)
[2.220s] INFO:colcon.colcon_core.shell:Creating package script '/home/g1/rokey_c2_ws/install/database/share/database/package.ps1'
[2.221s] INFO:colcon.colcon_core.shell:Creating package descriptor '/home/g1/rokey_c2_ws/install/database/share/database/package.dsv'
[2.221s] INFO:colcon.colcon_core.shell:Creating package script '/home/g1/rokey_c2_ws/install/database/share/database/package.sh'
[2.222s] INFO:colcon.colcon_core.shell:Creating package script '/home/g1/rokey_c2_ws/install/database/share/database/package.bash'
[2.222s] INFO:colcon.colcon_core.shell:Creating package script '/home/g1/rokey_c2_ws/install/database/share/database/package.zsh'
[2.222s] Level 1:colcon.colcon_core.environment:create_file_with_runtime_dependencies(/home/g1/rokey_c2_ws/install/database/share/colcon-core/packages/database)
[2.372s] DEBUG:colcon.colcon_core.event_handler.log_command:Invoking command in '/home/g1/rokey_c2_ws/build/serving_robot': LD_LIBRARY_PATH=/home/g1/rokey_c2_ws/install/serving_robot_msgs/lib:/home/g1/rokey_c2_ws/install/table_order_interface/lib:/home/g1/work/turtlebot3_ws/install/turtlebot3_msgs/lib:/usr/lib/x86_64-linux-gnu/gazebo-11/plugins:/opt/ros/humble/opt/rviz_ogre_vendor/lib:/opt/ros/humble/lib/x86_64-linux-gnu:/opt/ros/humble/lib:/usr/lib/x86_64-linux-gnu/gazebo-11/plugins:/usr/lib/x86_64-linux-gnu/gazebo-11/plugins:/usr/lib/x86_64-linux-gnu/gazebo-11/plugins:/usr/lib/x86_64-linux-gnu/gazebo-11/plugins:/usr/lib/x86_64-linux-gnu/gazebo-11/plugins:/usr/lib/x86_64-linux-gnu/gazebo-11/plugins PYTHONPATH=/home/g1/rokey_c2_ws/build/serving_robot/prefix_override:/usr/lib/python3/dist-packages/colcon_core/task/python/colcon_distutils_commands:/home/g1/rokey_c2_ws/install/serving_robot/lib/python3.10/site-packages:${PYTHONPATH} /usr/bin/python3 -W ignore:setup.py install is deprecated setup.py develop --editable --build-directory /home/g1/rokey_c2_ws/build/serving_robot/build --no-deps symlink_data
[2.648s] Level 1:colcon.colcon_core.shell:create_environment_hook('table_order', 'pythonpath_develop')
[2.648s] INFO:colcon.colcon_core.shell:Creating environment hook '/home/g1/rokey_c2_ws/build/table_order/share/table_order/hook/pythonpath_develop.ps1'
[2.649s] DEBUG:colcon.colcon_core.event_handler.log_command:Invoked command in '/home/g1/rokey_c2_ws/build/table_order' returned '0': CMAKE_PREFIX_PATH=/home/g1/rokey_c2_ws/install/table_order_interface:/home/g1/rokey_c2_ws/install/serving_robot_msgs:/home/g1/work/turtlebot3_ws/install/turtlebot3:/home/g1/work/turtlebot3_ws/install/turtlebot3_simulations:/home/g1/work/turtlebot3_ws/install/turtlebot3_bringup:/home/g1/work/turtlebot3_ws/install/turtlebot3_node:/home/g1/work/turtlebot3_ws/install/turtlebot3_navigation2:/home/g1/work/turtlebot3_ws/install/turtlebot3_fake_node:/home/g1/work/turtlebot3_ws/install/turtlebot3_msgs:/home/g1/work/turtlebot3_ws/install/turtlebot3_gazebo:/home/g1/work/turtlebot3_ws/install/turtlebot3_description:/home/g1/work/turtlebot3_ws/install/turtlebot3_cartographer LD_LIBRARY_PATH=/home/g1/rokey_c2_ws/install/table_order_interface/lib:/home/g1/rokey_c2_ws/install/serving_robot_msgs/lib:/home/g1/work/turtlebot3_ws/install/turtlebot3_msgs/lib:/usr/lib/x86_64-linux-gnu/gazebo-11/plugins:/opt/ros/humble/opt/rviz_ogre_vendor/lib:/opt/ros/humble/lib/x86_64-linux-gnu:/opt/ros/humble/lib:/usr/lib/x86_64-linux-gnu/gazebo-11/plugins:/usr/lib/x86_64-linux-gnu/gazebo-11/plugins:/usr/lib/x86_64-linux-gnu/gazebo-11/plugins:/usr/lib/x86_64-linux-gnu/gazebo-11/plugins:/usr/lib/x86_64-linux-gnu/gazebo-11/plugins:/usr/lib/x86_64-linux-gnu/gazebo-11/plugins PYTHONPATH=/home/g1/rokey_c2_ws/build/table_order/prefix_override:/usr/lib/python3/dist-packages/colcon_core/task/python/colcon_distutils_commands:/home/g1/rokey_c2_ws/install/table_order/lib/python3.10/site-packages:${PYTHONPATH} /usr/bin/python3 -W ignore:setup.py install is deprecated setup.py develop --editable --build-directory /home/g1/rokey_c2_ws/build/table_order/build --no-deps symlink_data
[2.649s] INFO:colcon.colcon_core.shell:Creating environment descriptor '/home/g1/rokey_c2_ws/build/table_order/share/table_order/hook/pythonpath_develop.dsv'
[2.649s] INFO:colcon.colcon_core.shell:Creating environment hook '/home/g1/rokey_c2_ws/build/table_order/share/table_order/hook/pythonpath_develop.sh'
[2.650s] Level 1:colcon.colcon_core.environment:checking '/home/g1/rokey_c2_ws/install/table_order' for CMake module files
[2.650s] Level 1:colcon.colcon_core.environment:checking '/home/g1/rokey_c2_ws/install/table_order' for CMake config files
[2.651s] Level 1:colcon.colcon_core.environment:checking '/home/g1/rokey_c2_ws/install/table_order/lib'
[2.651s] Level 1:colcon.colcon_core.environment:checking '/home/g1/rokey_c2_ws/install/table_order/bin'
[2.651s] Level 1:colcon.colcon_core.environment:checking '/home/g1/rokey_c2_ws/install/table_order/lib/pkgconfig/table_order.pc'
[2.651s] Level 1:colcon.colcon_core.environment:checking '/home/g1/rokey_c2_ws/install/table_order/lib/python3.10/site-packages'
[2.651s] Level 1:colcon.colcon_core.shell:create_environment_hook('table_order', 'pythonpath')
[2.651s] INFO:colcon.colcon_core.shell:Creating environment hook '/home/g1/rokey_c2_ws/install/table_order/share/table_order/hook/pythonpath.ps1'
[2.652s] INFO:colcon.colcon_core.shell:Creating environment descriptor '/home/g1/rokey_c2_ws/install/table_order/share/table_order/hook/pythonpath.dsv'
[2.652s] INFO:colcon.colcon_core.shell:Creating environment hook '/home/g1/rokey_c2_ws/install/table_order/share/table_order/hook/pythonpath.sh'
[2.652s] Level 1:colcon.colcon_core.environment:checking '/home/g1/rokey_c2_ws/install/table_order/bin'
[2.653s] Level 1:colcon.colcon_core.environment:create_environment_scripts_only(table_order)
[2.653s] INFO:colcon.colcon_core.shell:Creating package script '/home/g1/rokey_c2_ws/install/table_order/share/table_order/package.ps1'
[2.653s] INFO:colcon.colcon_core.shell:Creating package descriptor '/home/g1/rokey_c2_ws/install/table_order/share/table_order/package.dsv'
[2.654s] INFO:colcon.colcon_core.shell:Creating package script '/home/g1/rokey_c2_ws/install/table_order/share/table_order/package.sh'
[2.654s] INFO:colcon.colcon_core.shell:Creating package script '/home/g1/rokey_c2_ws/install/table_order/share/table_order/package.bash'
[2.655s] INFO:colcon.colcon_core.shell:Creating package script '/home/g1/rokey_c2_ws/install/table_order/share/table_order/package.zsh'
[2.655s] Level 1:colcon.colcon_core.environment:create_file_with_runtime_dependencies(/home/g1/rokey_c2_ws/install/table_order/share/colcon-core/packages/table_order)
[2.975s] Level 1:colcon.colcon_core.shell:create_environment_hook('serving_robot', 'pythonpath_develop')
[2.975s] INFO:colcon.colcon_core.shell:Creating environment hook '/home/g1/rokey_c2_ws/build/serving_robot/share/serving_robot/hook/pythonpath_develop.ps1'
[2.976s] DEBUG:colcon.colcon_core.event_handler.log_command:Invoked command in '/home/g1/rokey_c2_ws/build/serving_robot' returned '0': LD_LIBRARY_PATH=/home/g1/rokey_c2_ws/install/serving_robot_msgs/lib:/home/g1/rokey_c2_ws/install/table_order_interface/lib:/home/g1/work/turtlebot3_ws/install/turtlebot3_msgs/lib:/usr/lib/x86_64-linux-gnu/gazebo-11/plugins:/opt/ros/humble/opt/rviz_ogre_vendor/lib:/opt/ros/humble/lib/x86_64-linux-gnu:/opt/ros/humble/lib:/usr/lib/x86_64-linux-gnu/gazebo-11/plugins:/usr/lib/x86_64-linux-gnu/gazebo-11/plugins:/usr/lib/x86_64-linux-gnu/gazebo-11/plugins:/usr/lib/x86_64-linux-gnu/gazebo-11/plugins:/usr/lib/x86_64-linux-gnu/gazebo-11/plugins:/usr/lib/x86_64-linux-gnu/gazebo-11/plugins PYTHONPATH=/home/g1/rokey_c2_ws/build/serving_robot/prefix_override:/usr/lib/python3/dist-packages/colcon_core/task/python/colcon_distutils_commands:/home/g1/rokey_c2_ws/install/serving_robot/lib/python3.10/site-packages:${PYTHONPATH} /usr/bin/python3 -W ignore:setup.py install is deprecated setup.py develop --editable --build-directory /home/g1/rokey_c2_ws/build/serving_robot/build --no-deps symlink_data
[2.976s] INFO:colcon.colcon_core.shell:Creating environment descriptor '/home/g1/rokey_c2_ws/build/serving_robot/share/serving_robot/hook/pythonpath_develop.dsv'
[2.976s] INFO:colcon.colcon_core.shell:Creating environment hook '/home/g1/rokey_c2_ws/build/serving_robot/share/serving_robot/hook/pythonpath_develop.sh'
[2.977s] Level 1:colcon.colcon_core.environment:checking '/home/g1/rokey_c2_ws/install/serving_robot' for CMake module files
[2.977s] Level 1:colcon.colcon_core.environment:checking '/home/g1/rokey_c2_ws/install/serving_robot' for CMake config files
[2.978s] Level 1:colcon.colcon_core.environment:checking '/home/g1/rokey_c2_ws/install/serving_robot/lib'
[2.978s] Level 1:colcon.colcon_core.environment:checking '/home/g1/rokey_c2_ws/install/serving_robot/bin'
[2.978s] Level 1:colcon.colcon_core.environment:checking '/home/g1/rokey_c2_ws/install/serving_robot/lib/pkgconfig/serving_robot.pc'
[2.978s] Level 1:colcon.colcon_core.environment:checking '/home/g1/rokey_c2_ws/install/serving_robot/lib/python3.10/site-packages'
[2.978s] Level 1:colcon.colcon_core.shell:create_environment_hook('serving_robot', 'pythonpath')
[2.979s] INFO:colcon.colcon_core.shell:Creating environment hook '/home/g1/rokey_c2_ws/install/serving_robot/share/serving_robot/hook/pythonpath.ps1'
[2.979s] INFO:colcon.colcon_core.shell:Creating environment descriptor '/home/g1/rokey_c2_ws/install/serving_robot/share/serving_robot/hook/pythonpath.dsv'
[2.979s] INFO:colcon.colcon_core.shell:Creating environment hook '/home/g1/rokey_c2_ws/install/serving_robot/share/serving_robot/hook/pythonpath.sh'
[2.980s] Level 1:colcon.colcon_core.environment:checking '/home/g1/rokey_c2_ws/install/serving_robot/bin'
[2.980s] Level 1:colcon.colcon_core.environment:create_environment_scripts_only(serving_robot)
[2.980s] INFO:colcon.colcon_core.shell:Creating package script '/home/g1/rokey_c2_ws/install/serving_robot/share/serving_robot/package.ps1'
[2.981s] INFO:colcon.colcon_core.shell:Creating package descriptor '/home/g1/rokey_c2_ws/install/serving_robot/share/serving_robot/package.dsv'
[2.981s] INFO:colcon.colcon_core.shell:Creating package script '/home/g1/rokey_c2_ws/install/serving_robot/share/serving_robot/package.sh'
[2.982s] INFO:colcon.colcon_core.shell:Creating package script '/home/g1/rokey_c2_ws/install/serving_robot/share/serving_robot/package.bash'
[2.982s] INFO:colcon.colcon_core.shell:Creating package script '/home/g1/rokey_c2_ws/install/serving_robot/share/serving_robot/package.zsh'
[2.983s] Level 1:colcon.colcon_core.environment:create_file_with_runtime_dependencies(/home/g1/rokey_c2_ws/install/serving_robot/share/colcon-core/packages/serving_robot)
[2.983s] DEBUG:colcon.colcon_parallel_executor.executor.parallel:closing loop
[2.983s] DEBUG:colcon.colcon_parallel_executor.executor.parallel:loop closed
[2.983s] DEBUG:colcon.colcon_parallel_executor.executor.parallel:run_until_complete finished with '0'
[2.983s] DEBUG:colcon.colcon_core.event_reactor:joining thread
[2.989s] INFO:colcon.colcon_core.plugin_system:Skipping extension 'colcon_notification.desktop_notification.terminal_notifier': Not used on non-Darwin systems
[2.989s] INFO:colcon.colcon_core.plugin_system:Skipping extension 'colcon_notification.desktop_notification.win32': Not used on non-Windows systems
[2.989s] INFO:colcon.colcon_notification.desktop_notification:Sending desktop notification using 'notify2'
[3.000s] DEBUG:colcon.colcon_core.event_reactor:joined thread
[3.000s] INFO:colcon.colcon_core.shell:Creating prefix script '/home/g1/rokey_c2_ws/install/local_setup.ps1'
[3.001s] INFO:colcon.colcon_core.shell:Creating prefix util module '/home/g1/rokey_c2_ws/install/_local_setup_util_ps1.py'
[3.003s] INFO:colcon.colcon_core.shell:Creating prefix chain script '/home/g1/rokey_c2_ws/install/setup.ps1'
[3.005s] INFO:colcon.colcon_core.shell:Creating prefix script '/home/g1/rokey_c2_ws/install/local_setup.sh'
[3.006s] INFO:colcon.colcon_core.shell:Creating prefix util module '/home/g1/rokey_c2_ws/install/_local_setup_util_sh.py'
[3.007s] INFO:colcon.colcon_core.shell:Creating prefix chain script '/home/g1/rokey_c2_ws/install/setup.sh'
[3.009s] INFO:colcon.colcon_core.shell:Creating prefix script '/home/g1/rokey_c2_ws/install/local_setup.bash'
[3.009s] INFO:colcon.colcon_core.shell:Creating prefix chain script '/home/g1/rokey_c2_ws/install/setup.bash'
[3.011s] INFO:colcon.colcon_core.shell:Creating prefix script '/home/g1/rokey_c2_ws/install/local_setup.zsh'
[3.012s] INFO:colcon.colcon_core.shell:Creating prefix chain script '/home/g1/rokey_c2_ws/install/setup.zsh'
