[0.020s] Invoking command in '/home/g1/rokey_c_2_ws/build/table_order_interface': CMAKE_PREFIX_PATH=${CMAKE_PREFIX_PATH}:/home/g1/rokey_c_2_ws/install/table_order:/home/g1/rokey_c_2_ws/install/serving_robot:/home/g1/rokey_c_2_ws/install/database:/home/g1/.local/share/Trash/files/rokey_c2_ws/install/table_order:/home/g1/.local/share/Trash/files/rokey_c2_ws/install/serving_robot:/home/g1/.local/share/Trash/files/rokey_c2_ws/install/database:/home/g1/rokey_c2_ws/install/table_order:/home/g1/rokey_c2_ws/install/serving_robot:/home/g1/rokey_c2_ws/install/database:/home/g1/work/turtlebot3_ws/install/turtlebot3_teleop:/home/g1/work/turtlebot3_ws/install/turtlebot3_example:/opt/ros/humble /usr/bin/cmake --build /home/g1/rokey_c_2_ws/build/table_order_interface -- -j8 -l8
[0.089s] [35m[1mConsolidate compiler generated dependencies of target table_order_interface__rosidl_generator_c[0m
[0.102s] [  3%] Built target table_order_interface__cpp
[0.102s] [ 12%] Built target table_order_interface__rosidl_generator_c
[0.116s] [ 12%] Built target ament_cmake_python_symlink_table_order_interface
[0.132s] [35m[1mConsolidate compiler generated dependencies of target table_order_interface__rosidl_typesupport_cpp[0m
[0.134s] [35m[1mConsolidate compiler generated dependencies of target table_order_interface__rosidl_typesupport_fastrtps_c[0m
[0.137s] [35m[1mConsolidate compiler generated dependencies of target table_order_interface__rosidl_typesupport_introspection_cpp[0m
[0.141s] [35m[1mConsolidate compiler generated dependencies of target table_order_interface__rosidl_typesupport_introspection_c[0m
[0.141s] [35m[1mConsolidate compiler generated dependencies of target table_order_interface__rosidl_typesupport_c[0m
[0.149s] [35m[1mConsolidate compiler generated dependencies of target table_order_interface__rosidl_typesupport_fastrtps_cpp[0m
[0.169s] [ 29%] Built target table_order_interface__rosidl_typesupport_fastrtps_c
[0.171s] [ 32%] Built target table_order_interface__rosidl_typesupport_cpp
[0.181s] [ 41%] Built target table_order_interface__rosidl_typesupport_introspection_cpp
[0.181s] [ 51%] Built target table_order_interface__rosidl_typesupport_introspection_c
[0.184s] [ 61%] Built target table_order_interface__rosidl_typesupport_fastrtps_cpp
[0.185s] [ 70%] Built target table_order_interface__rosidl_typesupport_c
[0.220s] [ 70%] Built target table_order_interface
[0.257s] [ 74%] Built target table_order_interface__py
[0.293s] [35m[1mConsolidate compiler generated dependencies of target table_order_interface__rosidl_generator_py[0m
[0.348s] [ 80%] Built target table_order_interface__rosidl_generator_py
[0.375s] [35m[1mConsolidate compiler generated dependencies of target table_order_interface__rosidl_typesupport_fastrtps_c__pyext[0m
[0.375s] [35m[1mConsolidate compiler generated dependencies of target table_order_interface__rosidl_typesupport_introspection_c__pyext[0m
[0.383s] [35m[1mConsolidate compiler generated dependencies of target table_order_interface__rosidl_typesupport_c__pyext[0m
[0.397s] [ 87%] Built target table_order_interface__rosidl_typesupport_introspection_c__pyext
[0.397s] [ 93%] Built target table_order_interface__rosidl_typesupport_fastrtps_c__pyext
[0.406s] [100%] Built target table_order_interface__rosidl_typesupport_c__pyext
[0.628s] running egg_info
[0.629s] writing table_order_interface.egg-info/PKG-INFO
[0.629s] writing dependency_links to table_order_interface.egg-info/dependency_links.txt
[0.630s] writing top-level names to table_order_interface.egg-info/top_level.txt
[0.633s] reading manifest file 'table_order_interface.egg-info/SOURCES.txt'
[0.634s] writing manifest file 'table_order_interface.egg-info/SOURCES.txt'
[0.665s] [100%] Built target ament_cmake_python_build_table_order_interface_egg
[0.676s] Invoked command in '/home/g1/rokey_c_2_ws/build/table_order_interface' returned '0': CMAKE_PREFIX_PATH=${CMAKE_PREFIX_PATH}:/home/g1/rokey_c_2_ws/install/table_order:/home/g1/rokey_c_2_ws/install/serving_robot:/home/g1/rokey_c_2_ws/install/database:/home/g1/.local/share/Trash/files/rokey_c2_ws/install/table_order:/home/g1/.local/share/Trash/files/rokey_c2_ws/install/serving_robot:/home/g1/.local/share/Trash/files/rokey_c2_ws/install/database:/home/g1/rokey_c2_ws/install/table_order:/home/g1/rokey_c2_ws/install/serving_robot:/home/g1/rokey_c2_ws/install/database:/home/g1/work/turtlebot3_ws/install/turtlebot3_teleop:/home/g1/work/turtlebot3_ws/install/turtlebot3_example:/opt/ros/humble /usr/bin/cmake --build /home/g1/rokey_c_2_ws/build/table_order_interface -- -j8 -l8
[0.741s] Invoking command in '/home/g1/rokey_c_2_ws/build/table_order_interface': CMAKE_PREFIX_PATH=${CMAKE_PREFIX_PATH}:/home/g1/rokey_c_2_ws/install/table_order:/home/g1/rokey_c_2_ws/install/serving_robot:/home/g1/rokey_c_2_ws/install/database:/home/g1/.local/share/Trash/files/rokey_c2_ws/install/table_order:/home/g1/.local/share/Trash/files/rokey_c2_ws/install/serving_robot:/home/g1/.local/share/Trash/files/rokey_c2_ws/install/database:/home/g1/rokey_c2_ws/install/table_order:/home/g1/rokey_c2_ws/install/serving_robot:/home/g1/rokey_c2_ws/install/database:/home/g1/work/turtlebot3_ws/install/turtlebot3_teleop:/home/g1/work/turtlebot3_ws/install/turtlebot3_example:/opt/ros/humble /usr/bin/cmake --install /home/g1/rokey_c_2_ws/build/table_order_interface
[0.748s] -- Install configuration: ""
[0.749s] -- Execute custom install script
[0.749s] -- Up-to-date symlink: /home/g1/rokey_c_2_ws/install/table_order_interface/share/ament_index/resource_index/rosidl_interfaces/table_order_interface
[0.750s] -- Up-to-date symlink: /home/g1/rokey_c_2_ws/install/table_order_interface/include/table_order_interface/table_order_interface/msg/rosidl_generator_c__visibility_control.h
[0.750s] -- Up-to-date symlink: /home/g1/rokey_c_2_ws/install/table_order_interface/include/table_order_interface/table_order_interface/srv/detail/set_order__functions.h
[0.750s] -- Up-to-date symlink: /home/g1/rokey_c_2_ws/install/table_order_interface/include/table_order_interface/table_order_interface/srv/detail/set_order__struct.h
[0.750s] -- Up-to-date symlink: /home/g1/rokey_c_2_ws/install/table_order_interface/include/table_order_interface/table_order_interface/srv/detail/set_order__type_support.h
[0.750s] -- Up-to-date symlink: /home/g1/rokey_c_2_ws/install/table_order_interface/include/table_order_interface/table_order_interface/srv/set_order.h
[0.750s] -- Up-to-date symlink: /home/g1/rokey_c_2_ws/install/table_order_interface/share/table_order_interface/environment/library_path.sh
[0.750s] -- Up-to-date symlink: /home/g1/rokey_c_2_ws/install/table_order_interface/share/table_order_interface/environment/library_path.dsv
[0.751s] -- Up-to-date symlink: /home/g1/rokey_c_2_ws/install/table_order_interface/include/table_order_interface/table_order_interface/msg/rosidl_typesupport_fastrtps_c__visibility_control.h
[0.751s] -- Up-to-date symlink: /home/g1/rokey_c_2_ws/install/table_order_interface/include/table_order_interface/table_order_interface/srv/detail/set_order__rosidl_typesupport_fastrtps_c.h
[0.751s] -- Up-to-date symlink: /home/g1/rokey_c_2_ws/install/table_order_interface/include/table_order_interface/table_order_interface/srv/detail/set_order__builder.hpp
[0.751s] -- Up-to-date symlink: /home/g1/rokey_c_2_ws/install/table_order_interface/include/table_order_interface/table_order_interface/srv/detail/set_order__struct.hpp
[0.752s] -- Up-to-date symlink: /home/g1/rokey_c_2_ws/install/table_order_interface/include/table_order_interface/table_order_interface/srv/detail/set_order__traits.hpp
[0.752s] -- Up-to-date symlink: /home/g1/rokey_c_2_ws/install/table_order_interface/include/table_order_interface/table_order_interface/srv/set_order.hpp
[0.752s] -- Up-to-date symlink: /home/g1/rokey_c_2_ws/install/table_order_interface/include/table_order_interface/table_order_interface/msg/rosidl_typesupport_fastrtps_cpp__visibility_control.h
[0.752s] -- Up-to-date symlink: /home/g1/rokey_c_2_ws/install/table_order_interface/include/table_order_interface/table_order_interface/srv/detail/set_order__rosidl_typesupport_fastrtps_cpp.hpp
[0.753s] -- Up-to-date symlink: /home/g1/rokey_c_2_ws/install/table_order_interface/include/table_order_interface/table_order_interface/msg/rosidl_typesupport_introspection_c__visibility_control.h
[0.753s] -- Up-to-date symlink: /home/g1/rokey_c_2_ws/install/table_order_interface/include/table_order_interface/table_order_interface/srv/detail/set_order__rosidl_typesupport_introspection_c.h
[0.753s] -- Up-to-date symlink: /home/g1/rokey_c_2_ws/install/table_order_interface/include/table_order_interface/table_order_interface/srv/detail/set_order__rosidl_typesupport_introspection_cpp.hpp
[0.753s] -- Up-to-date symlink: /home/g1/rokey_c_2_ws/install/table_order_interface/share/table_order_interface/environment/pythonpath.sh
[0.754s] -- Up-to-date symlink: /home/g1/rokey_c_2_ws/install/table_order_interface/share/table_order_interface/environment/pythonpath.dsv
[0.754s] -- Up-to-date symlink: /home/g1/rokey_c_2_ws/install/table_order_interface/local/lib/python3.10/dist-packages/table_order_interface-0.0.0-py3.10.egg-info/PKG-INFO
[0.754s] -- Up-to-date symlink: /home/g1/rokey_c_2_ws/install/table_order_interface/local/lib/python3.10/dist-packages/table_order_interface-0.0.0-py3.10.egg-info/SOURCES.txt
[0.754s] -- Up-to-date symlink: /home/g1/rokey_c_2_ws/install/table_order_interface/local/lib/python3.10/dist-packages/table_order_interface-0.0.0-py3.10.egg-info/dependency_links.txt
[0.754s] -- Up-to-date symlink: /home/g1/rokey_c_2_ws/install/table_order_interface/local/lib/python3.10/dist-packages/table_order_interface-0.0.0-py3.10.egg-info/top_level.txt
[0.755s] -- Up-to-date symlink: /home/g1/rokey_c_2_ws/install/table_order_interface/local/lib/python3.10/dist-packages/table_order_interface/__init__.py
[0.755s] -- Up-to-date symlink: /home/g1/rokey_c_2_ws/install/table_order_interface/local/lib/python3.10/dist-packages/table_order_interface/_table_order_interface_s.ep.rosidl_typesupport_c.c
[0.755s] -- Up-to-date symlink: /home/g1/rokey_c_2_ws/install/table_order_interface/local/lib/python3.10/dist-packages/table_order_interface/_table_order_interface_s.ep.rosidl_typesupport_fastrtps_c.c
[0.755s] -- Up-to-date symlink: /home/g1/rokey_c_2_ws/install/table_order_interface/local/lib/python3.10/dist-packages/table_order_interface/_table_order_interface_s.ep.rosidl_typesupport_introspection_c.c
[0.755s] -- Up-to-date symlink: /home/g1/rokey_c_2_ws/install/table_order_interface/local/lib/python3.10/dist-packages/table_order_interface/libtable_order_interface__rosidl_generator_py.so
[0.756s] -- Up-to-date symlink: /home/g1/rokey_c_2_ws/install/table_order_interface/local/lib/python3.10/dist-packages/table_order_interface/srv/__init__.py
[0.756s] -- Up-to-date symlink: /home/g1/rokey_c_2_ws/install/table_order_interface/local/lib/python3.10/dist-packages/table_order_interface/srv/_set_order.py
[0.756s] -- Up-to-date symlink: /home/g1/rokey_c_2_ws/install/table_order_interface/local/lib/python3.10/dist-packages/table_order_interface/srv/_set_order_s.c
[0.756s] -- Up-to-date symlink: /home/g1/rokey_c_2_ws/install/table_order_interface/local/lib/python3.10/dist-packages/table_order_interface/table_order_interface_s__rosidl_typesupport_c.cpython-310-x86_64-linux-gnu.so
[0.756s] -- Up-to-date symlink: /home/g1/rokey_c_2_ws/install/table_order_interface/local/lib/python3.10/dist-packages/table_order_interface/table_order_interface_s__rosidl_typesupport_fastrtps_c.cpython-310-x86_64-linux-gnu.so
[0.756s] -- Up-to-date symlink: /home/g1/rokey_c_2_ws/install/table_order_interface/local/lib/python3.10/dist-packages/table_order_interface/table_order_interface_s__rosidl_typesupport_introspection_c.cpython-310-x86_64-linux-gnu.so
[0.757s] -- Up-to-date symlink: /home/g1/rokey_c_2_ws/install/table_order_interface/local/lib/python3.10/dist-packages/table_order_interface/table_order_interface_s__rosidl_typesupport_fastrtps_c.cpython-310-x86_64-linux-gnu.so
[0.757s] -- Up-to-date symlink: /home/g1/rokey_c_2_ws/install/table_order_interface/local/lib/python3.10/dist-packages/table_order_interface/table_order_interface_s__rosidl_typesupport_introspection_c.cpython-310-x86_64-linux-gnu.so
[0.757s] -- Up-to-date symlink: /home/g1/rokey_c_2_ws/install/table_order_interface/local/lib/python3.10/dist-packages/table_order_interface/table_order_interface_s__rosidl_typesupport_c.cpython-310-x86_64-linux-gnu.so
[0.757s] -- Up-to-date symlink: /home/g1/rokey_c_2_ws/install/table_order_interface/share/table_order_interface/srv/SetOrder.idl
[0.758s] -- Up-to-date symlink: /home/g1/rokey_c_2_ws/install/table_order_interface/share/table_order_interface/srv/SetOrder.srv
[0.758s] -- Up-to-date symlink: /home/g1/rokey_c_2_ws/install/table_order_interface/share/table_order_interface/srv/SetOrder_Request.msg
[0.758s] -- Up-to-date symlink: /home/g1/rokey_c_2_ws/install/table_order_interface/share/table_order_interface/srv/SetOrder_Response.msg
[0.758s] -- Up-to-date symlink: /home/g1/rokey_c_2_ws/install/table_order_interface/share/ament_index/resource_index/package_run_dependencies/table_order_interface
[0.758s] -- Up-to-date symlink: /home/g1/rokey_c_2_ws/install/table_order_interface/share/ament_index/resource_index/parent_prefix_path/table_order_interface
[0.758s] -- Up-to-date symlink: /home/g1/rokey_c_2_ws/install/table_order_interface/share/table_order_interface/environment/ament_prefix_path.sh
[0.759s] -- Up-to-date symlink: /home/g1/rokey_c_2_ws/install/table_order_interface/share/table_order_interface/environment/ament_prefix_path.dsv
[0.759s] -- Up-to-date symlink: /home/g1/rokey_c_2_ws/install/table_order_interface/share/table_order_interface/environment/path.sh
[0.759s] -- Up-to-date symlink: /home/g1/rokey_c_2_ws/install/table_order_interface/share/table_order_interface/environment/path.dsv
[0.759s] -- Up-to-date symlink: /home/g1/rokey_c_2_ws/install/table_order_interface/share/table_order_interface/local_setup.bash
[0.759s] -- Up-to-date symlink: /home/g1/rokey_c_2_ws/install/table_order_interface/share/table_order_interface/local_setup.sh
[0.759s] -- Up-to-date symlink: /home/g1/rokey_c_2_ws/install/table_order_interface/share/table_order_interface/local_setup.zsh
[0.760s] -- Up-to-date symlink: /home/g1/rokey_c_2_ws/install/table_order_interface/share/table_order_interface/local_setup.dsv
[0.760s] -- Symlinking: /home/g1/rokey_c_2_ws/install/table_order_interface/share/table_order_interface/package.dsv
[0.769s] -- Up-to-date symlink: /home/g1/rokey_c_2_ws/install/table_order_interface/share/ament_index/resource_index/packages/table_order_interface
[0.769s] -- Up-to-date symlink: /home/g1/rokey_c_2_ws/install/table_order_interface/share/table_order_interface/cmake/rosidl_cmake-extras.cmake
[0.769s] -- Up-to-date symlink: /home/g1/rokey_c_2_ws/install/table_order_interface/share/table_order_interface/cmake/ament_cmake_export_dependencies-extras.cmake
[0.769s] -- Up-to-date symlink: /home/g1/rokey_c_2_ws/install/table_order_interface/share/table_order_interface/cmake/ament_cmake_export_include_directories-extras.cmake
[0.769s] -- Up-to-date symlink: /home/g1/rokey_c_2_ws/install/table_order_interface/share/table_order_interface/cmake/ament_cmake_export_libraries-extras.cmake
[0.770s] -- Up-to-date symlink: /home/g1/rokey_c_2_ws/install/table_order_interface/share/table_order_interface/cmake/ament_cmake_export_targets-extras.cmake
[0.770s] -- Up-to-date symlink: /home/g1/rokey_c_2_ws/install/table_order_interface/share/table_order_interface/cmake/rosidl_cmake_export_typesupport_targets-extras.cmake
[0.770s] -- Up-to-date symlink: /home/g1/rokey_c_2_ws/install/table_order_interface/share/table_order_interface/cmake/rosidl_cmake_export_typesupport_libraries-extras.cmake
[0.770s] -- Up-to-date symlink: /home/g1/rokey_c_2_ws/install/table_order_interface/share/table_order_interface/cmake/table_order_interfaceConfig.cmake
[0.770s] -- Up-to-date symlink: /home/g1/rokey_c_2_ws/install/table_order_interface/share/table_order_interface/cmake/table_order_interfaceConfig-version.cmake
[0.770s] -- Up-to-date symlink: /home/g1/rokey_c_2_ws/install/table_order_interface/share/table_order_interface/package.xml
[0.771s] -- Up-to-date: /home/g1/rokey_c_2_ws/install/table_order_interface/lib/libtable_order_interface__rosidl_generator_c.so
[0.771s] -- Up-to-date: /home/g1/rokey_c_2_ws/install/table_order_interface/lib/libtable_order_interface__rosidl_typesupport_fastrtps_c.so
[0.771s] -- Up-to-date: /home/g1/rokey_c_2_ws/install/table_order_interface/lib/libtable_order_interface__rosidl_typesupport_fastrtps_cpp.so
[0.771s] -- Up-to-date: /home/g1/rokey_c_2_ws/install/table_order_interface/lib/libtable_order_interface__rosidl_typesupport_introspection_c.so
[0.772s] -- Up-to-date: /home/g1/rokey_c_2_ws/install/table_order_interface/lib/libtable_order_interface__rosidl_typesupport_c.so
[0.772s] -- Up-to-date: /home/g1/rokey_c_2_ws/install/table_order_interface/lib/libtable_order_interface__rosidl_typesupport_introspection_cpp.so
[0.772s] -- Up-to-date: /home/g1/rokey_c_2_ws/install/table_order_interface/lib/libtable_order_interface__rosidl_typesupport_cpp.so
[0.812s] Listing '/home/g1/rokey_c_2_ws/install/table_order_interface/local/lib/python3.10/dist-packages/table_order_interface'...
[0.812s] Listing '/home/g1/rokey_c_2_ws/install/table_order_interface/local/lib/python3.10/dist-packages/table_order_interface/srv'...
[0.817s] -- Up-to-date: /home/g1/rokey_c_2_ws/install/table_order_interface/lib/libtable_order_interface__rosidl_generator_py.so
[0.818s] -- Up-to-date: /home/g1/rokey_c_2_ws/install/table_order_interface/share/table_order_interface/cmake/export_table_order_interface__rosidl_generator_cExport.cmake
[0.818s] -- Up-to-date: /home/g1/rokey_c_2_ws/install/table_order_interface/share/table_order_interface/cmake/export_table_order_interface__rosidl_generator_cExport-noconfig.cmake
[0.818s] -- Up-to-date: /home/g1/rokey_c_2_ws/install/table_order_interface/share/table_order_interface/cmake/export_table_order_interface__rosidl_typesupport_fastrtps_cExport.cmake
[0.818s] -- Up-to-date: /home/g1/rokey_c_2_ws/install/table_order_interface/share/table_order_interface/cmake/export_table_order_interface__rosidl_typesupport_fastrtps_cExport-noconfig.cmake
[0.818s] -- Up-to-date: /home/g1/rokey_c_2_ws/install/table_order_interface/share/table_order_interface/cmake/export_table_order_interface__rosidl_generator_cppExport.cmake
[0.818s] -- Up-to-date: /home/g1/rokey_c_2_ws/install/table_order_interface/share/table_order_interface/cmake/export_table_order_interface__rosidl_typesupport_fastrtps_cppExport.cmake
[0.818s] -- Up-to-date: /home/g1/rokey_c_2_ws/install/table_order_interface/share/table_order_interface/cmake/export_table_order_interface__rosidl_typesupport_fastrtps_cppExport-noconfig.cmake
[0.818s] -- Up-to-date: /home/g1/rokey_c_2_ws/install/table_order_interface/share/table_order_interface/cmake/table_order_interface__rosidl_typesupport_introspection_cExport.cmake
[0.818s] -- Up-to-date: /home/g1/rokey_c_2_ws/install/table_order_interface/share/table_order_interface/cmake/table_order_interface__rosidl_typesupport_introspection_cExport-noconfig.cmake
[0.819s] -- Up-to-date: /home/g1/rokey_c_2_ws/install/table_order_interface/share/table_order_interface/cmake/table_order_interface__rosidl_typesupport_cExport.cmake
[0.819s] -- Up-to-date: /home/g1/rokey_c_2_ws/install/table_order_interface/share/table_order_interface/cmake/table_order_interface__rosidl_typesupport_cExport-noconfig.cmake
[0.819s] -- Up-to-date: /home/g1/rokey_c_2_ws/install/table_order_interface/share/table_order_interface/cmake/table_order_interface__rosidl_typesupport_introspection_cppExport.cmake
[0.819s] -- Up-to-date: /home/g1/rokey_c_2_ws/install/table_order_interface/share/table_order_interface/cmake/table_order_interface__rosidl_typesupport_introspection_cppExport-noconfig.cmake
[0.819s] -- Up-to-date: /home/g1/rokey_c_2_ws/install/table_order_interface/share/table_order_interface/cmake/table_order_interface__rosidl_typesupport_cppExport.cmake
[0.819s] -- Up-to-date: /home/g1/rokey_c_2_ws/install/table_order_interface/share/table_order_interface/cmake/table_order_interface__rosidl_typesupport_cppExport-noconfig.cmake
[0.819s] -- Up-to-date: /home/g1/rokey_c_2_ws/install/table_order_interface/share/table_order_interface/cmake/export_table_order_interface__rosidl_generator_pyExport.cmake
[0.820s] -- Up-to-date: /home/g1/rokey_c_2_ws/install/table_order_interface/share/table_order_interface/cmake/export_table_order_interface__rosidl_generator_pyExport-noconfig.cmake
[0.822s] Invoked command in '/home/g1/rokey_c_2_ws/build/table_order_interface' returned '0': CMAKE_PREFIX_PATH=${CMAKE_PREFIX_PATH}:/home/g1/rokey_c_2_ws/install/table_order:/home/g1/rokey_c_2_ws/install/serving_robot:/home/g1/rokey_c_2_ws/install/database:/home/g1/.local/share/Trash/files/rokey_c2_ws/install/table_order:/home/g1/.local/share/Trash/files/rokey_c2_ws/install/serving_robot:/home/g1/.local/share/Trash/files/rokey_c2_ws/install/database:/home/g1/rokey_c2_ws/install/table_order:/home/g1/rokey_c2_ws/install/serving_robot:/home/g1/rokey_c2_ws/install/database:/home/g1/work/turtlebot3_ws/install/turtlebot3_teleop:/home/g1/work/turtlebot3_ws/install/turtlebot3_example:/opt/ros/humble /usr/bin/cmake --install /home/g1/rokey_c_2_ws/build/table_order_interface
