[0.570s] Invoking command in '/home/g1/rokey_c_2_ws/build/nav_interfaces': CMAKE_PREFIX_PATH=${CMAKE_PREFIX_PATH}:/home/g1/rokey_c_2_ws/install/turtlebot3_gui:/home/g1/rokey_c_2_ws/install/table_order:/home/g1/rokey_c_2_ws/install/serving_robot:/home/g1/rokey_c_2_ws/install/database:/home/g1/work/turtlebot3_ws/install/turtlebot3_teleop:/home/g1/work/turtlebot3_ws/install/turtlebot3_example:/opt/ros/humble /usr/bin/cmake --build /home/g1/rokey_c_2_ws/build/nav_interfaces -- -j8 -l8
[0.635s] [  3%] Built target nav_interfaces__cpp
[0.638s] [ 12%] Built target nav_interfaces__rosidl_generator_c
[0.650s] [ 12%] Built target ament_cmake_python_symlink_nav_interfaces
[0.667s] [ 22%] Built target nav_interfaces__rosidl_typesupport_cpp
[0.667s] [ 41%] Built target nav_interfaces__rosidl_typesupport_introspection_c
[0.667s] [ 51%] Built target nav_interfaces__rosidl_typesupport_fastrtps_cpp
[0.668s] [ 41%] Built target nav_interfaces__rosidl_typesupport_introspection_cpp
[0.670s] [ 61%] Built target nav_interfaces__rosidl_typesupport_fastrtps_c
[0.670s] [ 70%] Built target nav_interfaces__rosidl_typesupport_c
[0.692s] [ 70%] Built target nav_interfaces
[0.711s] [ 74%] Built target nav_interfaces__py
[0.731s] [ 80%] Built target nav_interfaces__rosidl_generator_py
[0.753s] [ 93%] Built target nav_interfaces__rosidl_typesupport_introspection_c__pyext
[0.753s] [ 93%] Built target nav_interfaces__rosidl_typesupport_fastrtps_c__pyext
[0.757s] [100%] Built target nav_interfaces__rosidl_typesupport_c__pyext
[1.031s] running egg_info
[1.032s] writing nav_interfaces.egg-info/PKG-INFO
[1.032s] writing dependency_links to nav_interfaces.egg-info/dependency_links.txt
[1.033s] writing top-level names to nav_interfaces.egg-info/top_level.txt
[1.037s] reading manifest file 'nav_interfaces.egg-info/SOURCES.txt'
[1.038s] writing manifest file 'nav_interfaces.egg-info/SOURCES.txt'
[1.078s] [100%] Built target ament_cmake_python_build_nav_interfaces_egg
[1.095s] Invoked command in '/home/g1/rokey_c_2_ws/build/nav_interfaces' returned '0': CMAKE_PREFIX_PATH=${CMAKE_PREFIX_PATH}:/home/g1/rokey_c_2_ws/install/turtlebot3_gui:/home/g1/rokey_c_2_ws/install/table_order:/home/g1/rokey_c_2_ws/install/serving_robot:/home/g1/rokey_c_2_ws/install/database:/home/g1/work/turtlebot3_ws/install/turtlebot3_teleop:/home/g1/work/turtlebot3_ws/install/turtlebot3_example:/opt/ros/humble /usr/bin/cmake --build /home/g1/rokey_c_2_ws/build/nav_interfaces -- -j8 -l8
[1.155s] Invoking command in '/home/g1/rokey_c_2_ws/build/nav_interfaces': CMAKE_PREFIX_PATH=${CMAKE_PREFIX_PATH}:/home/g1/rokey_c_2_ws/install/turtlebot3_gui:/home/g1/rokey_c_2_ws/install/table_order:/home/g1/rokey_c_2_ws/install/serving_robot:/home/g1/rokey_c_2_ws/install/database:/home/g1/work/turtlebot3_ws/install/turtlebot3_teleop:/home/g1/work/turtlebot3_ws/install/turtlebot3_example:/opt/ros/humble /usr/bin/cmake --install /home/g1/rokey_c_2_ws/build/nav_interfaces
[1.164s] -- Install configuration: ""
[1.165s] -- Execute custom install script
[1.165s] -- Up-to-date symlink: /home/g1/rokey_c_2_ws/install/nav_interfaces/share/ament_index/resource_index/rosidl_interfaces/nav_interfaces
[1.165s] -- Up-to-date symlink: /home/g1/rokey_c_2_ws/install/nav_interfaces/include/nav_interfaces/nav_interfaces/action/detail/navigate__functions.h
[1.165s] -- Up-to-date symlink: /home/g1/rokey_c_2_ws/install/nav_interfaces/include/nav_interfaces/nav_interfaces/action/detail/navigate__struct.h
[1.166s] -- Up-to-date symlink: /home/g1/rokey_c_2_ws/install/nav_interfaces/include/nav_interfaces/nav_interfaces/action/detail/navigate__type_support.h
[1.166s] -- Up-to-date symlink: /home/g1/rokey_c_2_ws/install/nav_interfaces/include/nav_interfaces/nav_interfaces/action/navigate.h
[1.166s] -- Up-to-date symlink: /home/g1/rokey_c_2_ws/install/nav_interfaces/include/nav_interfaces/nav_interfaces/msg/rosidl_generator_c__visibility_control.h
[1.166s] -- Up-to-date symlink: /home/g1/rokey_c_2_ws/install/nav_interfaces/share/nav_interfaces/environment/library_path.sh
[1.166s] -- Up-to-date symlink: /home/g1/rokey_c_2_ws/install/nav_interfaces/share/nav_interfaces/environment/library_path.dsv
[1.167s] -- Up-to-date symlink: /home/g1/rokey_c_2_ws/install/nav_interfaces/include/nav_interfaces/nav_interfaces/action/detail/navigate__rosidl_typesupport_fastrtps_c.h
[1.168s] -- Up-to-date symlink: /home/g1/rokey_c_2_ws/install/nav_interfaces/include/nav_interfaces/nav_interfaces/msg/rosidl_typesupport_fastrtps_c__visibility_control.h
[1.168s] -- Up-to-date symlink: /home/g1/rokey_c_2_ws/install/nav_interfaces/include/nav_interfaces/nav_interfaces/action/detail/navigate__rosidl_typesupport_introspection_c.h
[1.168s] -- Up-to-date symlink: /home/g1/rokey_c_2_ws/install/nav_interfaces/include/nav_interfaces/nav_interfaces/msg/rosidl_typesupport_introspection_c__visibility_control.h
[1.168s] -- Up-to-date symlink: /home/g1/rokey_c_2_ws/install/nav_interfaces/include/nav_interfaces/nav_interfaces/action/detail/navigate__builder.hpp
[1.168s] -- Up-to-date symlink: /home/g1/rokey_c_2_ws/install/nav_interfaces/include/nav_interfaces/nav_interfaces/action/detail/navigate__struct.hpp
[1.168s] -- Up-to-date symlink: /home/g1/rokey_c_2_ws/install/nav_interfaces/include/nav_interfaces/nav_interfaces/action/detail/navigate__traits.hpp
[1.169s] -- Up-to-date symlink: /home/g1/rokey_c_2_ws/install/nav_interfaces/include/nav_interfaces/nav_interfaces/action/navigate.hpp
[1.169s] -- Up-to-date symlink: /home/g1/rokey_c_2_ws/install/nav_interfaces/include/nav_interfaces/nav_interfaces/action/detail/navigate__rosidl_typesupport_fastrtps_cpp.hpp
[1.170s] -- Up-to-date symlink: /home/g1/rokey_c_2_ws/install/nav_interfaces/include/nav_interfaces/nav_interfaces/msg/rosidl_typesupport_fastrtps_cpp__visibility_control.h
[1.170s] -- Up-to-date symlink: /home/g1/rokey_c_2_ws/install/nav_interfaces/include/nav_interfaces/nav_interfaces/action/detail/navigate__rosidl_typesupport_introspection_cpp.hpp
[1.171s] -- Up-to-date symlink: /home/g1/rokey_c_2_ws/install/nav_interfaces/share/nav_interfaces/environment/pythonpath.sh
[1.171s] -- Up-to-date symlink: /home/g1/rokey_c_2_ws/install/nav_interfaces/share/nav_interfaces/environment/pythonpath.dsv
[1.171s] -- Up-to-date symlink: /home/g1/rokey_c_2_ws/install/nav_interfaces/local/lib/python3.10/dist-packages/nav_interfaces-0.0.0-py3.10.egg-info/PKG-INFO
[1.171s] -- Up-to-date symlink: /home/g1/rokey_c_2_ws/install/nav_interfaces/local/lib/python3.10/dist-packages/nav_interfaces-0.0.0-py3.10.egg-info/SOURCES.txt
[1.171s] -- Up-to-date symlink: /home/g1/rokey_c_2_ws/install/nav_interfaces/local/lib/python3.10/dist-packages/nav_interfaces-0.0.0-py3.10.egg-info/dependency_links.txt
[1.171s] -- Up-to-date symlink: /home/g1/rokey_c_2_ws/install/nav_interfaces/local/lib/python3.10/dist-packages/nav_interfaces-0.0.0-py3.10.egg-info/top_level.txt
[1.172s] -- Up-to-date symlink: /home/g1/rokey_c_2_ws/install/nav_interfaces/local/lib/python3.10/dist-packages/nav_interfaces/__init__.py
[1.172s] -- Up-to-date symlink: /home/g1/rokey_c_2_ws/install/nav_interfaces/local/lib/python3.10/dist-packages/nav_interfaces/_nav_interfaces_s.ep.rosidl_typesupport_c.c
[1.173s] -- Up-to-date symlink: /home/g1/rokey_c_2_ws/install/nav_interfaces/local/lib/python3.10/dist-packages/nav_interfaces/_nav_interfaces_s.ep.rosidl_typesupport_fastrtps_c.c
[1.173s] -- Up-to-date symlink: /home/g1/rokey_c_2_ws/install/nav_interfaces/local/lib/python3.10/dist-packages/nav_interfaces/_nav_interfaces_s.ep.rosidl_typesupport_introspection_c.c
[1.173s] -- Up-to-date symlink: /home/g1/rokey_c_2_ws/install/nav_interfaces/local/lib/python3.10/dist-packages/nav_interfaces/action/__init__.py
[1.173s] -- Up-to-date symlink: /home/g1/rokey_c_2_ws/install/nav_interfaces/local/lib/python3.10/dist-packages/nav_interfaces/action/_navigate.py
[1.174s] -- Up-to-date symlink: /home/g1/rokey_c_2_ws/install/nav_interfaces/local/lib/python3.10/dist-packages/nav_interfaces/action/_navigate_s.c
[1.174s] -- Up-to-date symlink: /home/g1/rokey_c_2_ws/install/nav_interfaces/local/lib/python3.10/dist-packages/nav_interfaces/libnav_interfaces__rosidl_generator_py.so
[1.174s] -- Up-to-date symlink: /home/g1/rokey_c_2_ws/install/nav_interfaces/local/lib/python3.10/dist-packages/nav_interfaces/nav_interfaces_s__rosidl_typesupport_c.cpython-310-x86_64-linux-gnu.so
[1.174s] -- Up-to-date symlink: /home/g1/rokey_c_2_ws/install/nav_interfaces/local/lib/python3.10/dist-packages/nav_interfaces/nav_interfaces_s__rosidl_typesupport_fastrtps_c.cpython-310-x86_64-linux-gnu.so
[1.175s] -- Up-to-date symlink: /home/g1/rokey_c_2_ws/install/nav_interfaces/local/lib/python3.10/dist-packages/nav_interfaces/nav_interfaces_s__rosidl_typesupport_introspection_c.cpython-310-x86_64-linux-gnu.so
[1.175s] -- Up-to-date symlink: /home/g1/rokey_c_2_ws/install/nav_interfaces/local/lib/python3.10/dist-packages/nav_interfaces/nav_interfaces_s__rosidl_typesupport_fastrtps_c.cpython-310-x86_64-linux-gnu.so
[1.176s] -- Up-to-date symlink: /home/g1/rokey_c_2_ws/install/nav_interfaces/local/lib/python3.10/dist-packages/nav_interfaces/nav_interfaces_s__rosidl_typesupport_introspection_c.cpython-310-x86_64-linux-gnu.so
[1.178s] -- Up-to-date symlink: /home/g1/rokey_c_2_ws/install/nav_interfaces/local/lib/python3.10/dist-packages/nav_interfaces/nav_interfaces_s__rosidl_typesupport_c.cpython-310-x86_64-linux-gnu.so
[1.178s] -- Up-to-date symlink: /home/g1/rokey_c_2_ws/install/nav_interfaces/share/nav_interfaces/action/Navigate.idl
[1.178s] -- Up-to-date symlink: /home/g1/rokey_c_2_ws/install/nav_interfaces/share/nav_interfaces/action/Navigate.action
[1.178s] -- Up-to-date symlink: /home/g1/rokey_c_2_ws/install/nav_interfaces/share/ament_index/resource_index/package_run_dependencies/nav_interfaces
[1.178s] -- Up-to-date symlink: /home/g1/rokey_c_2_ws/install/nav_interfaces/share/ament_index/resource_index/parent_prefix_path/nav_interfaces
[1.179s] -- Up-to-date symlink: /home/g1/rokey_c_2_ws/install/nav_interfaces/share/nav_interfaces/environment/ament_prefix_path.sh
[1.179s] -- Up-to-date symlink: /home/g1/rokey_c_2_ws/install/nav_interfaces/share/nav_interfaces/environment/ament_prefix_path.dsv
[1.179s] -- Up-to-date symlink: /home/g1/rokey_c_2_ws/install/nav_interfaces/share/nav_interfaces/environment/path.sh
[1.179s] -- Up-to-date symlink: /home/g1/rokey_c_2_ws/install/nav_interfaces/share/nav_interfaces/environment/path.dsv
[1.179s] -- Up-to-date symlink: /home/g1/rokey_c_2_ws/install/nav_interfaces/share/nav_interfaces/local_setup.bash
[1.179s] -- Up-to-date symlink: /home/g1/rokey_c_2_ws/install/nav_interfaces/share/nav_interfaces/local_setup.sh
[1.179s] -- Up-to-date symlink: /home/g1/rokey_c_2_ws/install/nav_interfaces/share/nav_interfaces/local_setup.zsh
[1.179s] -- Up-to-date symlink: /home/g1/rokey_c_2_ws/install/nav_interfaces/share/nav_interfaces/local_setup.dsv
[1.180s] -- Symlinking: /home/g1/rokey_c_2_ws/install/nav_interfaces/share/nav_interfaces/package.dsv
[1.185s] -- Up-to-date symlink: /home/g1/rokey_c_2_ws/install/nav_interfaces/share/ament_index/resource_index/packages/nav_interfaces
[1.186s] -- Up-to-date symlink: /home/g1/rokey_c_2_ws/install/nav_interfaces/share/nav_interfaces/cmake/rosidl_cmake-extras.cmake
[1.186s] -- Up-to-date symlink: /home/g1/rokey_c_2_ws/install/nav_interfaces/share/nav_interfaces/cmake/ament_cmake_export_dependencies-extras.cmake
[1.187s] -- Up-to-date symlink: /home/g1/rokey_c_2_ws/install/nav_interfaces/share/nav_interfaces/cmake/ament_cmake_export_include_directories-extras.cmake
[1.187s] -- Up-to-date symlink: /home/g1/rokey_c_2_ws/install/nav_interfaces/share/nav_interfaces/cmake/ament_cmake_export_libraries-extras.cmake
[1.188s] -- Up-to-date symlink: /home/g1/rokey_c_2_ws/install/nav_interfaces/share/nav_interfaces/cmake/ament_cmake_export_targets-extras.cmake
[1.188s] -- Up-to-date symlink: /home/g1/rokey_c_2_ws/install/nav_interfaces/share/nav_interfaces/cmake/rosidl_cmake_export_typesupport_targets-extras.cmake
[1.188s] -- Up-to-date symlink: /home/g1/rokey_c_2_ws/install/nav_interfaces/share/nav_interfaces/cmake/rosidl_cmake_export_typesupport_libraries-extras.cmake
[1.188s] -- Up-to-date symlink: /home/g1/rokey_c_2_ws/install/nav_interfaces/share/nav_interfaces/cmake/nav_interfacesConfig.cmake
[1.188s] -- Up-to-date symlink: /home/g1/rokey_c_2_ws/install/nav_interfaces/share/nav_interfaces/cmake/nav_interfacesConfig-version.cmake
[1.188s] -- Up-to-date symlink: /home/g1/rokey_c_2_ws/install/nav_interfaces/share/nav_interfaces/package.xml
[1.188s] -- Up-to-date: /home/g1/rokey_c_2_ws/install/nav_interfaces/lib/libnav_interfaces__rosidl_generator_c.so
[1.189s] -- Up-to-date: /home/g1/rokey_c_2_ws/install/nav_interfaces/lib/libnav_interfaces__rosidl_typesupport_fastrtps_c.so
[1.189s] -- Up-to-date: /home/g1/rokey_c_2_ws/install/nav_interfaces/lib/libnav_interfaces__rosidl_typesupport_introspection_c.so
[1.189s] -- Up-to-date: /home/g1/rokey_c_2_ws/install/nav_interfaces/lib/libnav_interfaces__rosidl_typesupport_c.so
[1.189s] -- Up-to-date: /home/g1/rokey_c_2_ws/install/nav_interfaces/lib/libnav_interfaces__rosidl_typesupport_fastrtps_cpp.so
[1.190s] -- Up-to-date: /home/g1/rokey_c_2_ws/install/nav_interfaces/lib/libnav_interfaces__rosidl_typesupport_introspection_cpp.so
[1.190s] -- Up-to-date: /home/g1/rokey_c_2_ws/install/nav_interfaces/lib/libnav_interfaces__rosidl_typesupport_cpp.so
[1.238s] Listing '/home/g1/rokey_c_2_ws/install/nav_interfaces/local/lib/python3.10/dist-packages/nav_interfaces'...
[1.238s] Listing '/home/g1/rokey_c_2_ws/install/nav_interfaces/local/lib/python3.10/dist-packages/nav_interfaces/action'...
[1.245s] -- Up-to-date: /home/g1/rokey_c_2_ws/install/nav_interfaces/lib/libnav_interfaces__rosidl_generator_py.so
[1.245s] -- Up-to-date: /home/g1/rokey_c_2_ws/install/nav_interfaces/share/nav_interfaces/cmake/export_nav_interfaces__rosidl_generator_cExport.cmake
[1.245s] -- Up-to-date: /home/g1/rokey_c_2_ws/install/nav_interfaces/share/nav_interfaces/cmake/export_nav_interfaces__rosidl_generator_cExport-noconfig.cmake
[1.246s] -- Up-to-date: /home/g1/rokey_c_2_ws/install/nav_interfaces/share/nav_interfaces/cmake/export_nav_interfaces__rosidl_typesupport_fastrtps_cExport.cmake
[1.246s] -- Up-to-date: /home/g1/rokey_c_2_ws/install/nav_interfaces/share/nav_interfaces/cmake/export_nav_interfaces__rosidl_typesupport_fastrtps_cExport-noconfig.cmake
[1.246s] -- Up-to-date: /home/g1/rokey_c_2_ws/install/nav_interfaces/share/nav_interfaces/cmake/nav_interfaces__rosidl_typesupport_introspection_cExport.cmake
[1.246s] -- Up-to-date: /home/g1/rokey_c_2_ws/install/nav_interfaces/share/nav_interfaces/cmake/nav_interfaces__rosidl_typesupport_introspection_cExport-noconfig.cmake
[1.246s] -- Up-to-date: /home/g1/rokey_c_2_ws/install/nav_interfaces/share/nav_interfaces/cmake/nav_interfaces__rosidl_typesupport_cExport.cmake
[1.246s] -- Up-to-date: /home/g1/rokey_c_2_ws/install/nav_interfaces/share/nav_interfaces/cmake/nav_interfaces__rosidl_typesupport_cExport-noconfig.cmake
[1.246s] -- Up-to-date: /home/g1/rokey_c_2_ws/install/nav_interfaces/share/nav_interfaces/cmake/export_nav_interfaces__rosidl_generator_cppExport.cmake
[1.247s] -- Up-to-date: /home/g1/rokey_c_2_ws/install/nav_interfaces/share/nav_interfaces/cmake/export_nav_interfaces__rosidl_typesupport_fastrtps_cppExport.cmake
[1.247s] -- Up-to-date: /home/g1/rokey_c_2_ws/install/nav_interfaces/share/nav_interfaces/cmake/export_nav_interfaces__rosidl_typesupport_fastrtps_cppExport-noconfig.cmake
[1.247s] -- Up-to-date: /home/g1/rokey_c_2_ws/install/nav_interfaces/share/nav_interfaces/cmake/nav_interfaces__rosidl_typesupport_introspection_cppExport.cmake
[1.247s] -- Up-to-date: /home/g1/rokey_c_2_ws/install/nav_interfaces/share/nav_interfaces/cmake/nav_interfaces__rosidl_typesupport_introspection_cppExport-noconfig.cmake
[1.247s] -- Up-to-date: /home/g1/rokey_c_2_ws/install/nav_interfaces/share/nav_interfaces/cmake/nav_interfaces__rosidl_typesupport_cppExport.cmake
[1.247s] -- Up-to-date: /home/g1/rokey_c_2_ws/install/nav_interfaces/share/nav_interfaces/cmake/nav_interfaces__rosidl_typesupport_cppExport-noconfig.cmake
[1.247s] -- Up-to-date: /home/g1/rokey_c_2_ws/install/nav_interfaces/share/nav_interfaces/cmake/export_nav_interfaces__rosidl_generator_pyExport.cmake
[1.247s] -- Up-to-date: /home/g1/rokey_c_2_ws/install/nav_interfaces/share/nav_interfaces/cmake/export_nav_interfaces__rosidl_generator_pyExport-noconfig.cmake
[1.658s] Invoked command in '/home/g1/rokey_c_2_ws/build/nav_interfaces' returned '0': CMAKE_PREFIX_PATH=${CMAKE_PREFIX_PATH}:/home/g1/rokey_c_2_ws/install/turtlebot3_gui:/home/g1/rokey_c_2_ws/install/table_order:/home/g1/rokey_c_2_ws/install/serving_robot:/home/g1/rokey_c_2_ws/install/database:/home/g1/work/turtlebot3_ws/install/turtlebot3_teleop:/home/g1/work/turtlebot3_ws/install/turtlebot3_example:/opt/ros/humble /usr/bin/cmake --install /home/g1/rokey_c_2_ws/build/nav_interfaces
