[3.321s] Invoking command in '/home/psb/rokey_c_2_ws/src/table_order': LD_LIBRARY_PATH=/home/psb/rokey_c_2_ws/install/table_order_interface/lib:/home/psb/rokey_c_2_ws/install/serving_robot_msgs/lib:/home/psb/rokey_c_2_ws/install/nav_interfaces/lib:/home/psb/rokey_c_2_ws/install/c2_turtle_interface/lib:/home/psb/turtlebot3_ws/install/turtlebot3_msgs/lib:/usr/lib/x86_64-linux-gnu/gazebo-11/plugins:/opt/ros/humble/opt/rviz_ogre_vendor/lib:/opt/ros/humble/lib/x86_64-linux-gnu:/opt/ros/humble/lib:/usr/lib/x86_64-linux-gnu/gazebo-11/plugins PYTHONPATH=/home/psb/rokey_c_2_ws/build/table_order/prefix_override:/usr/lib/python3/dist-packages/colcon_core/task/python/colcon_distutils_commands:/home/psb/rokey_c_2_ws/install/table_order/lib/python3.10/site-packages:${PYTHONPATH} /usr/bin/python3 -W ignore:setup.py install is deprecated setup.py egg_info --egg-base ../../build/table_order build --build-base /home/psb/rokey_c_2_ws/build/table_order/build install --record /home/psb/rokey_c_2_ws/build/table_order/install.log --single-version-externally-managed install_data
[4.516s] running egg_info
[4.519s] writing ../../build/table_order/table_order.egg-info/PKG-INFO
[4.519s] writing dependency_links to ../../build/table_order/table_order.egg-info/dependency_links.txt
[4.520s] writing entry points to ../../build/table_order/table_order.egg-info/entry_points.txt
[4.521s] writing requirements to ../../build/table_order/table_order.egg-info/requires.txt
[4.521s] writing top-level names to ../../build/table_order/table_order.egg-info/top_level.txt
[4.527s] reading manifest file '../../build/table_order/table_order.egg-info/SOURCES.txt'
[4.531s] writing manifest file '../../build/table_order/table_order.egg-info/SOURCES.txt'
[4.531s] running build
[4.531s] running build_py
[4.532s] running install
[4.533s] running install_lib
[4.539s] running install_data
[4.539s] running install_egg_info
[4.550s] removing '/home/psb/rokey_c_2_ws/install/table_order/lib/python3.10/site-packages/table_order-0.0.0-py3.10.egg-info' (and everything under it)
[4.550s] Copying ../../build/table_order/table_order.egg-info to /home/psb/rokey_c_2_ws/install/table_order/lib/python3.10/site-packages/table_order-0.0.0-py3.10.egg-info
[4.552s] running install_scripts
[4.643s] Installing response_test script to /home/psb/rokey_c_2_ws/install/table_order/lib/table_order
[4.644s] Installing table_order script to /home/psb/rokey_c_2_ws/install/table_order/lib/table_order
[4.645s] Installing table_order_copy script to /home/psb/rokey_c_2_ws/install/table_order/lib/table_order
[4.646s] writing list of installed files to '/home/psb/rokey_c_2_ws/build/table_order/install.log'
[4.737s] Invoked command in '/home/psb/rokey_c_2_ws/src/table_order' returned '0': LD_LIBRARY_PATH=/home/psb/rokey_c_2_ws/install/table_order_interface/lib:/home/psb/rokey_c_2_ws/install/serving_robot_msgs/lib:/home/psb/rokey_c_2_ws/install/nav_interfaces/lib:/home/psb/rokey_c_2_ws/install/c2_turtle_interface/lib:/home/psb/turtlebot3_ws/install/turtlebot3_msgs/lib:/usr/lib/x86_64-linux-gnu/gazebo-11/plugins:/opt/ros/humble/opt/rviz_ogre_vendor/lib:/opt/ros/humble/lib/x86_64-linux-gnu:/opt/ros/humble/lib:/usr/lib/x86_64-linux-gnu/gazebo-11/plugins PYTHONPATH=/home/psb/rokey_c_2_ws/build/table_order/prefix_override:/usr/lib/python3/dist-packages/colcon_core/task/python/colcon_distutils_commands:/home/psb/rokey_c_2_ws/install/table_order/lib/python3.10/site-packages:${PYTHONPATH} /usr/bin/python3 -W ignore:setup.py install is deprecated setup.py egg_info --egg-base ../../build/table_order build --build-base /home/psb/rokey_c_2_ws/build/table_order/build install --record /home/psb/rokey_c_2_ws/build/table_order/install.log --single-version-externally-managed install_data
