[0.014s] Invoking command in '/home/psb/rokey_c_2_ws/build/c2_turtle_interface': CMAKE_PREFIX_PATH=${CMAKE_PREFIX_PATH}:/home/psb/rokey_c_2_ws/install/table_order:/home/psb/rokey_c_2_ws/install/jiwon:/home/psb/turtlebot3_ws/install/turtlebot3_teleop:/home/psb/turtlebot3_ws/install/turtlebot3_example:/opt/ros/humble /usr/bin/cmake /home/psb/rokey_c_2_ws/src/c2_turtle_interface -DCMAKE_INSTALL_PREFIX=/home/psb/rokey_c_2_ws/install/c2_turtle_interface
[0.023s] -- Found ament_cmake: 1.3.10 (/opt/ros/humble/share/ament_cmake/cmake)
[0.137s] -- Found rosidl_default_generators: 1.2.0 (/opt/ros/humble/share/rosidl_default_generators/cmake)
[0.139s] -- Using all available rosidl_typesupport_c: rosidl_typesupport_fastrtps_c;rosidl_typesupport_introspection_c
[0.142s] -- Found rosidl_adapter: 3.1.5 (/opt/ros/humble/share/rosidl_adapter/cmake)
[0.168s] -- Using all available rosidl_typesupport_cpp: rosidl_typesupport_fastrtps_cpp;rosidl_typesupport_introspection_cpp
[0.360s] [31mCMake Error at /opt/ros/humble/share/rosidl_adapter/cmake/rosidl_adapt_interfaces.cmake:59 (message):
[0.360s]   execute_process(/usr/bin/python3 -m rosidl_adapter --package-name
[0.360s]   c2_turtle_interface --arguments-file
[0.360s]   /home/psb/rokey_c_2_ws/build/c2_turtle_interface/rosidl_adapter__arguments__c2_turtle_interface.json
[0.360s]   --output-dir
[0.361s]   /home/psb/rokey_c_2_ws/build/c2_turtle_interface/rosidl_adapter/c2_turtle_interface
[0.361s]   --output-file
[0.361s]   /home/psb/rokey_c_2_ws/build/c2_turtle_interface/rosidl_adapter/c2_turtle_interface.idls)
[0.361s]   returned error code 1:
[0.361s] 
[0.361s]   Traceback (most recent call last):
[0.361s] 
[0.361s]     File "/usr/lib/python3.10/runpy.py", line 196, in _run_module_as_main
[0.361s]       return _run_code(code, main_globals, None,
[0.361s]     File "/usr/lib/python3.10/runpy.py", line 86, in _run_code
[0.361s]       exec(code, run_globals)
[0.361s]     File "/opt/ros/humble/local/lib/python3.10/dist-packages/rosidl_adapter/__main__.py", line 19, in <module>
[0.362s]       sys.exit(main())
[0.362s]     File "/opt/ros/humble/local/lib/python3.10/dist-packages/rosidl_adapter/main.py", line 53, in main
[0.362s]       abs_idl_file = convert_to_idl(
[0.362s]     File "/opt/ros/humble/local/lib/python3.10/dist-packages/rosidl_adapter/__init__.py", line 24, in convert_to_idl
[0.362s]       return convert_srv_to_idl(
[0.362s]     File "/opt/ros/humble/local/lib/python3.10/dist-packages/rosidl_adapter/srv/__init__.py", line 28, in convert_srv_to_idl
[0.362s]       srv = parse_service_string(package_name, input_file.stem, content)
[0.362s]     File "/opt/ros/humble/local/lib/python3.10/dist-packages/rosidl_adapter/parser.py", line 859, in parse_service_string
[0.362s]       request_message = parse_message_string(
[0.362s]     File "/opt/ros/humble/local/lib/python3.10/dist-packages/rosidl_adapter/parser.py", line 544, in parse_message_string
[0.362s]       msg = MessageSpecification(pkg_name, msg_name, fields, constants)
[0.362s]     File "/opt/ros/humble/local/lib/python3.10/dist-packages/rosidl_adapter/parser.py", line 388, in __init__
[0.362s]       self.base_type = BaseType(
[0.362s]     File "/opt/ros/humble/local/lib/python3.10/dist-packages/rosidl_adapter/parser.py", line 205, in __init__
[0.362s]       raise InvalidResourceName(
[0.362s] 
[0.362s]   rosidl_adapter.parser.InvalidResourceName: 'Order_ver2_Request' is an
[0.362s]   invalid message name.  It should have the pattern '^[A-Z][A-Za-z0-9]*$'
[0.363s] 
[0.363s] Call Stack (most recent call first):
[0.363s]   /opt/ros/humble/share/rosidl_cmake/cmake/rosidl_generate_interfaces.cmake:130 (rosidl_adapt_interfaces)
[0.363s]   CMakeLists.txt:11 (rosidl_generate_interfaces)
[0.363s] 
[0.363s] [0m
[0.363s] -- Configuring incomplete, errors occurred!
[0.363s] See also "/home/psb/rokey_c_2_ws/build/c2_turtle_interface/CMakeFiles/CMakeOutput.log".
[0.366s] Invoked command in '/home/psb/rokey_c_2_ws/build/c2_turtle_interface' returned '1': CMAKE_PREFIX_PATH=${CMAKE_PREFIX_PATH}:/home/psb/rokey_c_2_ws/install/table_order:/home/psb/rokey_c_2_ws/install/jiwon:/home/psb/turtlebot3_ws/install/turtlebot3_teleop:/home/psb/turtlebot3_ws/install/turtlebot3_example:/opt/ros/humble /usr/bin/cmake /home/psb/rokey_c_2_ws/src/c2_turtle_interface -DCMAKE_INSTALL_PREFIX=/home/psb/rokey_c_2_ws/install/c2_turtle_interface
