[0.639s] DEBUG:colcon:Command line arguments: ['/usr/bin/colcon', 'build', '--symlink-install']
[0.639s] DEBUG:colcon:Parsed command line arguments: Namespace(log_base=None, log_level=None, verb_name='build', build_base='build', install_base='install', merge_install=False, symlink_install=True, test_result_base=None, continue_on_error=False, executor='parallel', parallel_workers=11, event_handlers=None, ignore_user_meta=False, metas=['./colcon.meta'], base_paths=['.'], packages_ignore=None, packages_ignore_regex=None, paths=None, packages_up_to=None, packages_up_to_regex=None, packages_above=None, packages_above_and_dependencies=None, packages_above_depth=None, packages_select_by_dep=None, packages_skip_by_dep=None, packages_skip_up_to=None, packages_select_build_failed=False, packages_skip_build_finished=False, packages_select_test_failures=False, packages_skip_test_passed=False, packages_select=None, packages_skip=None, packages_select_regex=None, packages_skip_regex=None, packages_start=None, packages_end=None, allow_overriding=[], cmake_args=None, cmake_target=None, cmake_target_skip_unavailable=False, cmake_clean_cache=False, cmake_clean_first=False, cmake_force_configure=False, ament_cmake_args=None, catkin_cmake_args=None, catkin_skip_building_tests=False, mixin_files=None, mixin=None, verb_parser=<colcon_mixin.mixin.mixin_argument.MixinArgumentDecorator object at 0x7d2f5182cd90>, verb_extension=<colcon_core.verb.build.BuildVerb object at 0x7d2f51999b10>, main=<bound method BuildVerb.main of <colcon_core.verb.build.BuildVerb object at 0x7d2f51999b10>>, mixin_verb=('build',))
[1.109s] Level 1:colcon.colcon_core.package_discovery:discover_packages(colcon_meta) check parameters
[1.110s] Level 1:colcon.colcon_core.package_discovery:discover_packages(recursive) check parameters
[1.110s] Level 1:colcon.colcon_core.package_discovery:discover_packages(ignore) check parameters
[1.110s] Level 1:colcon.colcon_core.package_discovery:discover_packages(path) check parameters
[1.110s] Level 1:colcon.colcon_core.package_discovery:discover_packages(colcon_meta) discover
[1.110s] Level 1:colcon.colcon_core.package_discovery:discover_packages(recursive) discover
[1.110s] INFO:colcon.colcon_core.package_discovery:Crawling recursively for packages in '/home/aaa/rokey_c_2_ws'
[1.110s] Level 1:colcon.colcon_core.package_identification:_identify(.) by extensions ['ignore', 'ignore_ament_install']
[1.110s] Level 1:colcon.colcon_core.package_identification:_identify(.) by extension 'ignore'
[1.110s] Level 1:colcon.colcon_core.package_identification:_identify(.) by extension 'ignore_ament_install'
[1.110s] Level 1:colcon.colcon_core.package_identification:_identify(.) by extensions ['colcon_pkg']
[1.110s] Level 1:colcon.colcon_core.package_identification:_identify(.) by extension 'colcon_pkg'
[1.110s] Level 1:colcon.colcon_core.package_identification:_identify(.) by extensions ['colcon_meta']
[1.110s] Level 1:colcon.colcon_core.package_identification:_identify(.) by extension 'colcon_meta'
[1.110s] Level 1:colcon.colcon_core.package_identification:_identify(.) by extensions ['ros']
[1.110s] Level 1:colcon.colcon_core.package_identification:_identify(.) by extension 'ros'
[1.140s] Level 1:colcon.colcon_core.package_identification:_identify(.) by extensions ['cmake', 'python']
[1.140s] Level 1:colcon.colcon_core.package_identification:_identify(.) by extension 'cmake'
[1.140s] Level 1:colcon.colcon_core.package_identification:_identify(.) by extension 'python'
[1.140s] Level 1:colcon.colcon_core.package_identification:_identify(.) by extensions ['python_setup_py']
[1.140s] Level 1:colcon.colcon_core.package_identification:_identify(.) by extension 'python_setup_py'
[1.140s] Level 1:colcon.colcon_core.package_identification:_identify(build) by extensions ['ignore', 'ignore_ament_install']
[1.140s] Level 1:colcon.colcon_core.package_identification:_identify(build) by extension 'ignore'
[1.140s] Level 1:colcon.colcon_core.package_identification:_identify(build) ignored
[1.140s] Level 1:colcon.colcon_core.package_identification:_identify(install) by extensions ['ignore', 'ignore_ament_install']
[1.140s] Level 1:colcon.colcon_core.package_identification:_identify(install) by extension 'ignore'
[1.140s] Level 1:colcon.colcon_core.package_identification:_identify(install) ignored
[1.140s] Level 1:colcon.colcon_core.package_identification:_identify(log) by extensions ['ignore', 'ignore_ament_install']
[1.140s] Level 1:colcon.colcon_core.package_identification:_identify(log) by extension 'ignore'
[1.141s] Level 1:colcon.colcon_core.package_identification:_identify(log) ignored
[1.141s] Level 1:colcon.colcon_core.package_identification:_identify(src) by extensions ['ignore', 'ignore_ament_install']
[1.141s] Level 1:colcon.colcon_core.package_identification:_identify(src) by extension 'ignore'
[1.142s] Level 1:colcon.colcon_core.package_identification:_identify(src) by extension 'ignore_ament_install'
[1.142s] Level 1:colcon.colcon_core.package_identification:_identify(src) by extensions ['colcon_pkg']
[1.142s] Level 1:colcon.colcon_core.package_identification:_identify(src) by extension 'colcon_pkg'
[1.142s] Level 1:colcon.colcon_core.package_identification:_identify(src) by extensions ['colcon_meta']
[1.142s] Level 1:colcon.colcon_core.package_identification:_identify(src) by extension 'colcon_meta'
[1.142s] Level 1:colcon.colcon_core.package_identification:_identify(src) by extensions ['ros']
[1.142s] Level 1:colcon.colcon_core.package_identification:_identify(src) by extension 'ros'
[1.142s] Level 1:colcon.colcon_core.package_identification:_identify(src) by extensions ['cmake', 'python']
[1.142s] Level 1:colcon.colcon_core.package_identification:_identify(src) by extension 'cmake'
[1.142s] Level 1:colcon.colcon_core.package_identification:_identify(src) by extension 'python'
[1.142s] Level 1:colcon.colcon_core.package_identification:_identify(src) by extensions ['python_setup_py']
[1.142s] Level 1:colcon.colcon_core.package_identification:_identify(src) by extension 'python_setup_py'
[1.143s] Level 1:colcon.colcon_core.package_identification:_identify(src/database) by extensions ['ignore', 'ignore_ament_install']
[1.143s] Level 1:colcon.colcon_core.package_identification:_identify(src/database) by extension 'ignore'
[1.143s] Level 1:colcon.colcon_core.package_identification:_identify(src/database) by extension 'ignore_ament_install'
[1.143s] Level 1:colcon.colcon_core.package_identification:_identify(src/database) by extensions ['colcon_pkg']
[1.143s] Level 1:colcon.colcon_core.package_identification:_identify(src/database) by extension 'colcon_pkg'
[1.143s] Level 1:colcon.colcon_core.package_identification:_identify(src/database) by extensions ['colcon_meta']
[1.143s] Level 1:colcon.colcon_core.package_identification:_identify(src/database) by extension 'colcon_meta'
[1.143s] Level 1:colcon.colcon_core.package_identification:_identify(src/database) by extensions ['ros']
[1.143s] Level 1:colcon.colcon_core.package_identification:_identify(src/database) by extension 'ros'
[1.148s] DEBUG:colcon.colcon_core.package_identification:Package 'src/database' with type 'ros.ament_python' and name 'database'
[1.149s] Level 1:colcon.colcon_core.package_identification:_identify(src/serving_robot) by extensions ['ignore', 'ignore_ament_install']
[1.149s] Level 1:colcon.colcon_core.package_identification:_identify(src/serving_robot) by extension 'ignore'
[1.150s] Level 1:colcon.colcon_core.package_identification:_identify(src/serving_robot) by extension 'ignore_ament_install'
[1.150s] Level 1:colcon.colcon_core.package_identification:_identify(src/serving_robot) by extensions ['colcon_pkg']
[1.150s] Level 1:colcon.colcon_core.package_identification:_identify(src/serving_robot) by extension 'colcon_pkg'
[1.150s] Level 1:colcon.colcon_core.package_identification:_identify(src/serving_robot) by extensions ['colcon_meta']
[1.150s] Level 1:colcon.colcon_core.package_identification:_identify(src/serving_robot) by extension 'colcon_meta'
[1.150s] Level 1:colcon.colcon_core.package_identification:_identify(src/serving_robot) by extensions ['ros']
[1.150s] Level 1:colcon.colcon_core.package_identification:_identify(src/serving_robot) by extension 'ros'
[1.152s] DEBUG:colcon.colcon_core.package_identification:Package 'src/serving_robot' with type 'ros.ament_python' and name 'serving_robot'
[1.153s] Level 1:colcon.colcon_core.package_identification:_identify(src/serving_robot_msgs) by extensions ['ignore', 'ignore_ament_install']
[1.153s] Level 1:colcon.colcon_core.package_identification:_identify(src/serving_robot_msgs) by extension 'ignore'
[1.153s] Level 1:colcon.colcon_core.package_identification:_identify(src/serving_robot_msgs) by extension 'ignore_ament_install'
[1.153s] Level 1:colcon.colcon_core.package_identification:_identify(src/serving_robot_msgs) by extensions ['colcon_pkg']
[1.153s] Level 1:colcon.colcon_core.package_identification:_identify(src/serving_robot_msgs) by extension 'colcon_pkg'
[1.153s] Level 1:colcon.colcon_core.package_identification:_identify(src/serving_robot_msgs) by extensions ['colcon_meta']
[1.153s] Level 1:colcon.colcon_core.package_identification:_identify(src/serving_robot_msgs) by extension 'colcon_meta'
[1.153s] Level 1:colcon.colcon_core.package_identification:_identify(src/serving_robot_msgs) by extensions ['ros']
[1.153s] Level 1:colcon.colcon_core.package_identification:_identify(src/serving_robot_msgs) by extension 'ros'
[1.154s] DEBUG:colcon.colcon_core.package_identification:Package 'src/serving_robot_msgs' with type 'ros.ament_cmake' and name 'serving_robot_msgs'
[1.155s] Level 1:colcon.colcon_core.package_identification:_identify(src/table_order) by extensions ['ignore', 'ignore_ament_install']
[1.155s] Level 1:colcon.colcon_core.package_identification:_identify(src/table_order) by extension 'ignore'
[1.155s] Level 1:colcon.colcon_core.package_identification:_identify(src/table_order) by extension 'ignore_ament_install'
[1.155s] Level 1:colcon.colcon_core.package_identification:_identify(src/table_order) by extensions ['colcon_pkg']
[1.155s] Level 1:colcon.colcon_core.package_identification:_identify(src/table_order) by extension 'colcon_pkg'
[1.155s] Level 1:colcon.colcon_core.package_identification:_identify(src/table_order) by extensions ['colcon_meta']
[1.155s] Level 1:colcon.colcon_core.package_identification:_identify(src/table_order) by extension 'colcon_meta'
[1.155s] Level 1:colcon.colcon_core.package_identification:_identify(src/table_order) by extensions ['ros']
[1.155s] Level 1:colcon.colcon_core.package_identification:_identify(src/table_order) by extension 'ros'
[1.157s] DEBUG:colcon.colcon_core.package_identification:Package 'src/table_order' with type 'ros.ament_python' and name 'table_order'
[1.157s] Level 1:colcon.colcon_core.package_identification:_identify(src/table_order_interface) by extensions ['ignore', 'ignore_ament_install']
[1.157s] Level 1:colcon.colcon_core.package_identification:_identify(src/table_order_interface) by extension 'ignore'
[1.157s] Level 1:colcon.colcon_core.package_identification:_identify(src/table_order_interface) by extension 'ignore_ament_install'
[1.158s] Level 1:colcon.colcon_core.package_identification:_identify(src/table_order_interface) by extensions ['colcon_pkg']
[1.158s] Level 1:colcon.colcon_core.package_identification:_identify(src/table_order_interface) by extension 'colcon_pkg'
[1.158s] Level 1:colcon.colcon_core.package_identification:_identify(src/table_order_interface) by extensions ['colcon_meta']
[1.158s] Level 1:colcon.colcon_core.package_identification:_identify(src/table_order_interface) by extension 'colcon_meta'
[1.158s] Level 1:colcon.colcon_core.package_identification:_identify(src/table_order_interface) by extensions ['ros']
[1.158s] Level 1:colcon.colcon_core.package_identification:_identify(src/table_order_interface) by extension 'ros'
[1.159s] DEBUG:colcon.colcon_core.package_identification:Package 'src/table_order_interface' with type 'ros.ament_cmake' and name 'table_order_interface'
[1.159s] Level 1:colcon.colcon_core.package_discovery:discover_packages(recursive) using defaults
[1.159s] Level 1:colcon.colcon_core.package_discovery:discover_packages(ignore) discover
[1.159s] Level 1:colcon.colcon_core.package_discovery:discover_packages(ignore) using defaults
[1.159s] Level 1:colcon.colcon_core.package_discovery:discover_packages(path) discover
[1.159s] Level 1:colcon.colcon_core.package_discovery:discover_packages(path) using defaults
[1.202s] Level 1:colcon.colcon_core.package_discovery:discover_packages(prefix_path) check parameters
[1.202s] Level 1:colcon.colcon_core.package_discovery:discover_packages(prefix_path) discover
[1.209s] DEBUG:colcon.colcon_installed_package_information.package_discovery:Found 374 installed packages in /opt/ros/humble
[1.211s] Level 1:colcon.colcon_core.package_discovery:discover_packages(prefix_path) using defaults
[1.251s] Level 5:colcon.colcon_core.verb:set package 'database' build argument 'cmake_args' from command line to 'None'
[1.251s] Level 5:colcon.colcon_core.verb:set package 'database' build argument 'cmake_target' from command line to 'None'
[1.251s] Level 5:colcon.colcon_core.verb:set package 'database' build argument 'cmake_target_skip_unavailable' from command line to 'False'
[1.251s] Level 5:colcon.colcon_core.verb:set package 'database' build argument 'cmake_clean_cache' from command line to 'False'
[1.251s] Level 5:colcon.colcon_core.verb:set package 'database' build argument 'cmake_clean_first' from command line to 'False'
[1.251s] Level 5:colcon.colcon_core.verb:set package 'database' build argument 'cmake_force_configure' from command line to 'False'
[1.251s] Level 5:colcon.colcon_core.verb:set package 'database' build argument 'ament_cmake_args' from command line to 'None'
[1.251s] Level 5:colcon.colcon_core.verb:set package 'database' build argument 'catkin_cmake_args' from command line to 'None'
[1.251s] Level 5:colcon.colcon_core.verb:set package 'database' build argument 'catkin_skip_building_tests' from command line to 'False'
[1.251s] DEBUG:colcon.colcon_core.verb:Building package 'database' with the following arguments: {'ament_cmake_args': None, 'build_base': '/home/aaa/rokey_c_2_ws/build/database', 'catkin_cmake_args': None, 'catkin_skip_building_tests': False, 'cmake_args': None, 'cmake_clean_cache': False, 'cmake_clean_first': False, 'cmake_force_configure': False, 'cmake_target': None, 'cmake_target_skip_unavailable': False, 'install_base': '/home/aaa/rokey_c_2_ws/install/database', 'merge_install': False, 'path': '/home/aaa/rokey_c_2_ws/src/database', 'symlink_install': True, 'test_result_base': None}
[1.251s] Level 5:colcon.colcon_core.verb:set package 'serving_robot_msgs' build argument 'cmake_args' from command line to 'None'
[1.251s] Level 5:colcon.colcon_core.verb:set package 'serving_robot_msgs' build argument 'cmake_target' from command line to 'None'
[1.251s] Level 5:colcon.colcon_core.verb:set package 'serving_robot_msgs' build argument 'cmake_target_skip_unavailable' from command line to 'False'
[1.251s] Level 5:colcon.colcon_core.verb:set package 'serving_robot_msgs' build argument 'cmake_clean_cache' from command line to 'False'
[1.251s] Level 5:colcon.colcon_core.verb:set package 'serving_robot_msgs' build argument 'cmake_clean_first' from command line to 'False'
[1.251s] Level 5:colcon.colcon_core.verb:set package 'serving_robot_msgs' build argument 'cmake_force_configure' from command line to 'False'
[1.251s] Level 5:colcon.colcon_core.verb:set package 'serving_robot_msgs' build argument 'ament_cmake_args' from command line to 'None'
[1.251s] Level 5:colcon.colcon_core.verb:set package 'serving_robot_msgs' build argument 'catkin_cmake_args' from command line to 'None'
[1.251s] Level 5:colcon.colcon_core.verb:set package 'serving_robot_msgs' build argument 'catkin_skip_building_tests' from command line to 'False'
[1.251s] DEBUG:colcon.colcon_core.verb:Building package 'serving_robot_msgs' with the following arguments: {'ament_cmake_args': None, 'build_base': '/home/aaa/rokey_c_2_ws/build/serving_robot_msgs', 'catkin_cmake_args': None, 'catkin_skip_building_tests': False, 'cmake_args': None, 'cmake_clean_cache': False, 'cmake_clean_first': False, 'cmake_force_configure': False, 'cmake_target': None, 'cmake_target_skip_unavailable': False, 'install_base': '/home/aaa/rokey_c_2_ws/install/serving_robot_msgs', 'merge_install': False, 'path': '/home/aaa/rokey_c_2_ws/src/serving_robot_msgs', 'symlink_install': True, 'test_result_base': None}
[1.252s] Level 5:colcon.colcon_core.verb:set package 'table_order_interface' build argument 'cmake_args' from command line to 'None'
[1.252s] Level 5:colcon.colcon_core.verb:set package 'table_order_interface' build argument 'cmake_target' from command line to 'None'
[1.252s] Level 5:colcon.colcon_core.verb:set package 'table_order_interface' build argument 'cmake_target_skip_unavailable' from command line to 'False'
[1.252s] Level 5:colcon.colcon_core.verb:set package 'table_order_interface' build argument 'cmake_clean_cache' from command line to 'False'
[1.252s] Level 5:colcon.colcon_core.verb:set package 'table_order_interface' build argument 'cmake_clean_first' from command line to 'False'
[1.252s] Level 5:colcon.colcon_core.verb:set package 'table_order_interface' build argument 'cmake_force_configure' from command line to 'False'
[1.252s] Level 5:colcon.colcon_core.verb:set package 'table_order_interface' build argument 'ament_cmake_args' from command line to 'None'
[1.252s] Level 5:colcon.colcon_core.verb:set package 'table_order_interface' build argument 'catkin_cmake_args' from command line to 'None'
[1.252s] Level 5:colcon.colcon_core.verb:set package 'table_order_interface' build argument 'catkin_skip_building_tests' from command line to 'False'
[1.252s] DEBUG:colcon.colcon_core.verb:Building package 'table_order_interface' with the following arguments: {'ament_cmake_args': None, 'build_base': '/home/aaa/rokey_c_2_ws/build/table_order_interface', 'catkin_cmake_args': None, 'catkin_skip_building_tests': False, 'cmake_args': None, 'cmake_clean_cache': False, 'cmake_clean_first': False, 'cmake_force_configure': False, 'cmake_target': None, 'cmake_target_skip_unavailable': False, 'install_base': '/home/aaa/rokey_c_2_ws/install/table_order_interface', 'merge_install': False, 'path': '/home/aaa/rokey_c_2_ws/src/table_order_interface', 'symlink_install': True, 'test_result_base': None}
[1.252s] Level 5:colcon.colcon_core.verb:set package 'serving_robot' build argument 'cmake_args' from command line to 'None'
[1.252s] Level 5:colcon.colcon_core.verb:set package 'serving_robot' build argument 'cmake_target' from command line to 'None'
[1.252s] Level 5:colcon.colcon_core.verb:set package 'serving_robot' build argument 'cmake_target_skip_unavailable' from command line to 'False'
[1.252s] Level 5:colcon.colcon_core.verb:set package 'serving_robot' build argument 'cmake_clean_cache' from command line to 'False'
[1.252s] Level 5:colcon.colcon_core.verb:set package 'serving_robot' build argument 'cmake_clean_first' from command line to 'False'
[1.252s] Level 5:colcon.colcon_core.verb:set package 'serving_robot' build argument 'cmake_force_configure' from command line to 'False'
[1.252s] Level 5:colcon.colcon_core.verb:set package 'serving_robot' build argument 'ament_cmake_args' from command line to 'None'
[1.252s] Level 5:colcon.colcon_core.verb:set package 'serving_robot' build argument 'catkin_cmake_args' from command line to 'None'
[1.252s] Level 5:colcon.colcon_core.verb:set package 'serving_robot' build argument 'catkin_skip_building_tests' from command line to 'False'
[1.252s] DEBUG:colcon.colcon_core.verb:Building package 'serving_robot' with the following arguments: {'ament_cmake_args': None, 'build_base': '/home/aaa/rokey_c_2_ws/build/serving_robot', 'catkin_cmake_args': None, 'catkin_skip_building_tests': False, 'cmake_args': None, 'cmake_clean_cache': False, 'cmake_clean_first': False, 'cmake_force_configure': False, 'cmake_target': None, 'cmake_target_skip_unavailable': False, 'install_base': '/home/aaa/rokey_c_2_ws/install/serving_robot', 'merge_install': False, 'path': '/home/aaa/rokey_c_2_ws/src/serving_robot', 'symlink_install': True, 'test_result_base': None}
[1.253s] Level 5:colcon.colcon_core.verb:set package 'table_order' build argument 'cmake_args' from command line to 'None'
[1.253s] Level 5:colcon.colcon_core.verb:set package 'table_order' build argument 'cmake_target' from command line to 'None'
[1.253s] Level 5:colcon.colcon_core.verb:set package 'table_order' build argument 'cmake_target_skip_unavailable' from command line to 'False'
[1.253s] Level 5:colcon.colcon_core.verb:set package 'table_order' build argument 'cmake_clean_cache' from command line to 'False'
[1.253s] Level 5:colcon.colcon_core.verb:set package 'table_order' build argument 'cmake_clean_first' from command line to 'False'
[1.253s] Level 5:colcon.colcon_core.verb:set package 'table_order' build argument 'cmake_force_configure' from command line to 'False'
[1.253s] Level 5:colcon.colcon_core.verb:set package 'table_order' build argument 'ament_cmake_args' from command line to 'None'
[1.253s] Level 5:colcon.colcon_core.verb:set package 'table_order' build argument 'catkin_cmake_args' from command line to 'None'
[1.253s] Level 5:colcon.colcon_core.verb:set package 'table_order' build argument 'catkin_skip_building_tests' from command line to 'False'
[1.253s] DEBUG:colcon.colcon_core.verb:Building package 'table_order' with the following arguments: {'ament_cmake_args': None, 'build_base': '/home/aaa/rokey_c_2_ws/build/table_order', 'catkin_cmake_args': None, 'catkin_skip_building_tests': False, 'cmake_args': None, 'cmake_clean_cache': False, 'cmake_clean_first': False, 'cmake_force_configure': False, 'cmake_target': None, 'cmake_target_skip_unavailable': False, 'install_base': '/home/aaa/rokey_c_2_ws/install/table_order', 'merge_install': False, 'path': '/home/aaa/rokey_c_2_ws/src/table_order', 'symlink_install': True, 'test_result_base': None}
[1.253s] INFO:colcon.colcon_core.executor:Executing jobs using 'parallel' executor
[1.254s] DEBUG:colcon.colcon_parallel_executor.executor.parallel:run_until_complete
[1.254s] INFO:colcon.colcon_ros.task.ament_cmake.build:Building ROS package in '/home/aaa/rokey_c_2_ws/src/serving_robot_msgs' with build type 'ament_cmake'
[1.254s] INFO:colcon.colcon_cmake.task.cmake.build:Building CMake package in '/home/aaa/rokey_c_2_ws/src/serving_robot_msgs'
[1.267s] INFO:colcon.colcon_core.plugin_system:Skipping extension 'colcon_core.shell.bat': Not used on non-Windows systems
[1.267s] INFO:colcon.colcon_core.shell:Skip shell extension 'powershell' for command environment: Not usable outside of PowerShell
[1.267s] DEBUG:colcon.colcon_core.shell:Skip shell extension 'dsv' for command environment
[1.272s] INFO:colcon.colcon_ros.task.ament_cmake.build:Building ROS package in '/home/aaa/rokey_c_2_ws/src/table_order_interface' with build type 'ament_cmake'
[1.272s] INFO:colcon.colcon_cmake.task.cmake.build:Building CMake package in '/home/aaa/rokey_c_2_ws/src/table_order_interface'
[1.273s] INFO:colcon.colcon_core.shell:Skip shell extension 'powershell' for command environment: Not usable outside of PowerShell
[1.273s] DEBUG:colcon.colcon_core.shell:Skip shell extension 'dsv' for command environment
[1.277s] INFO:colcon.colcon_ros.task.ament_python.build:Building ROS package in '/home/aaa/rokey_c_2_ws/src/database' with build type 'ament_python'
[1.277s] Level 1:colcon.colcon_core.shell:create_environment_hook('database', 'ament_prefix_path')
[1.278s] INFO:colcon.colcon_core.shell:Creating environment hook '/home/aaa/rokey_c_2_ws/install/database/share/database/hook/ament_prefix_path.ps1'
[1.282s] INFO:colcon.colcon_core.shell:Creating environment descriptor '/home/aaa/rokey_c_2_ws/install/database/share/database/hook/ament_prefix_path.dsv'
[1.284s] INFO:colcon.colcon_core.shell:Creating environment hook '/home/aaa/rokey_c_2_ws/install/database/share/database/hook/ament_prefix_path.sh'
[1.286s] INFO:colcon.colcon_core.shell:Skip shell extension 'powershell' for command environment: Not usable outside of PowerShell
[1.286s] DEBUG:colcon.colcon_core.shell:Skip shell extension 'dsv' for command environment
[1.300s] DEBUG:colcon.colcon_core.event_handler.log_command:Invoking command in '/home/aaa/rokey_c_2_ws/build/serving_robot_msgs': CMAKE_PREFIX_PATH=/opt/ros/humble /usr/bin/cmake --build /home/aaa/rokey_c_2_ws/build/serving_robot_msgs -- -j11 -l11
[1.312s] DEBUG:colcon.colcon_core.event_handler.log_command:Invoking command in '/home/aaa/rokey_c_2_ws/build/table_order_interface': CMAKE_PREFIX_PATH=/opt/ros/humble /usr/bin/cmake --build /home/aaa/rokey_c_2_ws/build/table_order_interface -- -j11 -l11
[1.701s] INFO:colcon.colcon_core.task.python.build:Building Python package in '/home/aaa/rokey_c_2_ws/src/database'
[1.702s] INFO:colcon.colcon_core.shell:Skip shell extension 'powershell' for command environment: Not usable outside of PowerShell
[1.702s] DEBUG:colcon.colcon_core.shell:Skip shell extension 'dsv' for command environment
[1.903s] DEBUG:colcon.colcon_core.event_handler.log_command:Invoked command in '/home/aaa/rokey_c_2_ws/build/serving_robot_msgs' returned '0': CMAKE_PREFIX_PATH=/opt/ros/humble /usr/bin/cmake --build /home/aaa/rokey_c_2_ws/build/serving_robot_msgs -- -j11 -l11
[1.906s] DEBUG:colcon.colcon_core.event_handler.log_command:Invoked command in '/home/aaa/rokey_c_2_ws/build/table_order_interface' returned '0': CMAKE_PREFIX_PATH=/opt/ros/humble /usr/bin/cmake --build /home/aaa/rokey_c_2_ws/build/table_order_interface -- -j11 -l11
[1.984s] DEBUG:colcon.colcon_core.event_handler.log_command:Invoking command in '/home/aaa/rokey_c_2_ws/build/table_order_interface': CMAKE_PREFIX_PATH=/opt/ros/humble /usr/bin/cmake --install /home/aaa/rokey_c_2_ws/build/table_order_interface
[2.039s] DEBUG:colcon.colcon_core.event_handler.log_command:Invoking command in '/home/aaa/rokey_c_2_ws/build/serving_robot_msgs': CMAKE_PREFIX_PATH=/opt/ros/humble /usr/bin/cmake --install /home/aaa/rokey_c_2_ws/build/serving_robot_msgs
[2.117s] Level 1:colcon.colcon_core.environment:create_environment_scripts_only(table_order_interface)
[2.118s] DEBUG:colcon.colcon_core.event_handler.log_command:Invoked command in '/home/aaa/rokey_c_2_ws/build/table_order_interface' returned '0': CMAKE_PREFIX_PATH=/opt/ros/humble /usr/bin/cmake --install /home/aaa/rokey_c_2_ws/build/table_order_interface
[2.129s] Level 1:colcon.colcon_core.environment:checking '/home/aaa/rokey_c_2_ws/install/table_order_interface' for CMake module files
[2.130s] Level 1:colcon.colcon_core.environment:checking '/home/aaa/rokey_c_2_ws/install/table_order_interface' for CMake config files
[2.131s] Level 1:colcon.colcon_core.shell:create_environment_hook('table_order_interface', 'cmake_prefix_path')
[2.131s] INFO:colcon.colcon_core.shell:Creating environment hook '/home/aaa/rokey_c_2_ws/install/table_order_interface/share/table_order_interface/hook/cmake_prefix_path.ps1'
[2.132s] INFO:colcon.colcon_core.shell:Creating environment descriptor '/home/aaa/rokey_c_2_ws/install/table_order_interface/share/table_order_interface/hook/cmake_prefix_path.dsv'
[2.132s] INFO:colcon.colcon_core.shell:Creating environment hook '/home/aaa/rokey_c_2_ws/install/table_order_interface/share/table_order_interface/hook/cmake_prefix_path.sh'
[2.133s] Level 1:colcon.colcon_core.environment:checking '/home/aaa/rokey_c_2_ws/install/table_order_interface/lib'
[2.133s] Level 1:colcon.colcon_core.shell:create_environment_hook('table_order_interface', 'ld_library_path_lib')
[2.134s] INFO:colcon.colcon_core.shell:Creating environment hook '/home/aaa/rokey_c_2_ws/install/table_order_interface/share/table_order_interface/hook/ld_library_path_lib.ps1'
[2.134s] INFO:colcon.colcon_core.shell:Creating environment descriptor '/home/aaa/rokey_c_2_ws/install/table_order_interface/share/table_order_interface/hook/ld_library_path_lib.dsv'
[2.135s] INFO:colcon.colcon_core.shell:Creating environment hook '/home/aaa/rokey_c_2_ws/install/table_order_interface/share/table_order_interface/hook/ld_library_path_lib.sh'
[2.135s] Level 1:colcon.colcon_core.environment:checking '/home/aaa/rokey_c_2_ws/install/table_order_interface/bin'
[2.135s] Level 1:colcon.colcon_core.environment:checking '/home/aaa/rokey_c_2_ws/install/table_order_interface/lib/pkgconfig/table_order_interface.pc'
[2.136s] Level 1:colcon.colcon_core.environment:checking '/home/aaa/rokey_c_2_ws/install/table_order_interface/lib/python3.10/site-packages'
[2.136s] Level 1:colcon.colcon_core.environment:checking '/home/aaa/rokey_c_2_ws/install/table_order_interface/bin'
[2.136s] INFO:colcon.colcon_core.shell:Creating package script '/home/aaa/rokey_c_2_ws/install/table_order_interface/share/table_order_interface/package.ps1'
[2.137s] INFO:colcon.colcon_core.shell:Creating package descriptor '/home/aaa/rokey_c_2_ws/install/table_order_interface/share/table_order_interface/package.dsv'
[2.138s] INFO:colcon.colcon_core.shell:Creating package script '/home/aaa/rokey_c_2_ws/install/table_order_interface/share/table_order_interface/package.sh'
[2.139s] INFO:colcon.colcon_core.shell:Creating package script '/home/aaa/rokey_c_2_ws/install/table_order_interface/share/table_order_interface/package.bash'
[2.141s] INFO:colcon.colcon_core.shell:Creating package script '/home/aaa/rokey_c_2_ws/install/table_order_interface/share/table_order_interface/package.zsh'
[2.142s] Level 1:colcon.colcon_core.environment:create_file_with_runtime_dependencies(/home/aaa/rokey_c_2_ws/install/table_order_interface/share/colcon-core/packages/table_order_interface)
[2.185s] Level 1:colcon.colcon_core.environment:create_environment_scripts_only(serving_robot_msgs)
[2.186s] Level 1:colcon.colcon_core.environment:checking '/home/aaa/rokey_c_2_ws/install/serving_robot_msgs' for CMake module files
[2.186s] DEBUG:colcon.colcon_core.event_handler.log_command:Invoked command in '/home/aaa/rokey_c_2_ws/build/serving_robot_msgs' returned '0': CMAKE_PREFIX_PATH=/opt/ros/humble /usr/bin/cmake --install /home/aaa/rokey_c_2_ws/build/serving_robot_msgs
[2.187s] Level 1:colcon.colcon_core.environment:checking '/home/aaa/rokey_c_2_ws/install/serving_robot_msgs' for CMake config files
[2.187s] Level 1:colcon.colcon_core.shell:create_environment_hook('serving_robot_msgs', 'cmake_prefix_path')
[2.188s] INFO:colcon.colcon_core.shell:Creating environment hook '/home/aaa/rokey_c_2_ws/install/serving_robot_msgs/share/serving_robot_msgs/hook/cmake_prefix_path.ps1'
[2.189s] INFO:colcon.colcon_core.shell:Creating environment descriptor '/home/aaa/rokey_c_2_ws/install/serving_robot_msgs/share/serving_robot_msgs/hook/cmake_prefix_path.dsv'
[2.189s] INFO:colcon.colcon_core.shell:Creating environment hook '/home/aaa/rokey_c_2_ws/install/serving_robot_msgs/share/serving_robot_msgs/hook/cmake_prefix_path.sh'
[2.190s] Level 1:colcon.colcon_core.environment:checking '/home/aaa/rokey_c_2_ws/install/serving_robot_msgs/lib'
[2.190s] Level 1:colcon.colcon_core.shell:create_environment_hook('serving_robot_msgs', 'ld_library_path_lib')
[2.191s] INFO:colcon.colcon_core.shell:Creating environment hook '/home/aaa/rokey_c_2_ws/install/serving_robot_msgs/share/serving_robot_msgs/hook/ld_library_path_lib.ps1'
[2.191s] INFO:colcon.colcon_core.shell:Creating environment descriptor '/home/aaa/rokey_c_2_ws/install/serving_robot_msgs/share/serving_robot_msgs/hook/ld_library_path_lib.dsv'
[2.192s] INFO:colcon.colcon_core.shell:Creating environment hook '/home/aaa/rokey_c_2_ws/install/serving_robot_msgs/share/serving_robot_msgs/hook/ld_library_path_lib.sh'
[2.192s] Level 1:colcon.colcon_core.environment:checking '/home/aaa/rokey_c_2_ws/install/serving_robot_msgs/bin'
[2.192s] Level 1:colcon.colcon_core.environment:checking '/home/aaa/rokey_c_2_ws/install/serving_robot_msgs/lib/pkgconfig/serving_robot_msgs.pc'
[2.193s] Level 1:colcon.colcon_core.environment:checking '/home/aaa/rokey_c_2_ws/install/serving_robot_msgs/lib/python3.10/site-packages'
[2.193s] Level 1:colcon.colcon_core.environment:checking '/home/aaa/rokey_c_2_ws/install/serving_robot_msgs/bin'
[2.194s] INFO:colcon.colcon_core.shell:Creating package script '/home/aaa/rokey_c_2_ws/install/serving_robot_msgs/share/serving_robot_msgs/package.ps1'
[2.194s] INFO:colcon.colcon_core.shell:Creating package descriptor '/home/aaa/rokey_c_2_ws/install/serving_robot_msgs/share/serving_robot_msgs/package.dsv'
[2.195s] INFO:colcon.colcon_core.shell:Creating package script '/home/aaa/rokey_c_2_ws/install/serving_robot_msgs/share/serving_robot_msgs/package.sh'
[2.196s] INFO:colcon.colcon_core.shell:Creating package script '/home/aaa/rokey_c_2_ws/install/serving_robot_msgs/share/serving_robot_msgs/package.bash'
[2.196s] INFO:colcon.colcon_core.shell:Creating package script '/home/aaa/rokey_c_2_ws/install/serving_robot_msgs/share/serving_robot_msgs/package.zsh'
[2.197s] Level 1:colcon.colcon_core.environment:create_file_with_runtime_dependencies(/home/aaa/rokey_c_2_ws/install/serving_robot_msgs/share/colcon-core/packages/serving_robot_msgs)
[2.214s] Level 1:colcon.colcon_core.environment:create_environment_scripts_only(table_order_interface)
[2.214s] Level 1:colcon.colcon_core.environment:checking '/home/aaa/rokey_c_2_ws/install/table_order_interface' for CMake module files
[2.216s] DEBUG:colcon.colcon_core.event_handler.log_command:Invoking command in '/home/aaa/rokey_c_2_ws/build/database': PYTHONPATH=/home/aaa/rokey_c_2_ws/build/database/prefix_override:/usr/lib/python3/dist-packages/colcon_core/task/python/colcon_distutils_commands:/home/aaa/rokey_c_2_ws/install/database/lib/python3.10/site-packages:${PYTHONPATH} /usr/bin/python3 -W ignore:setup.py install is deprecated setup.py develop --editable --build-directory /home/aaa/rokey_c_2_ws/build/database/build --no-deps symlink_data
[2.216s] Level 1:colcon.colcon_core.environment:checking '/home/aaa/rokey_c_2_ws/install/table_order_interface' for CMake config files
[2.216s] Level 1:colcon.colcon_core.shell:create_environment_hook('table_order_interface', 'cmake_prefix_path')
[2.217s] INFO:colcon.colcon_core.shell:Creating environment hook '/home/aaa/rokey_c_2_ws/install/table_order_interface/share/table_order_interface/hook/cmake_prefix_path.ps1'
[2.217s] INFO:colcon.colcon_core.shell:Creating environment descriptor '/home/aaa/rokey_c_2_ws/install/table_order_interface/share/table_order_interface/hook/cmake_prefix_path.dsv'
[2.218s] INFO:colcon.colcon_core.shell:Creating environment hook '/home/aaa/rokey_c_2_ws/install/table_order_interface/share/table_order_interface/hook/cmake_prefix_path.sh'
[2.219s] Level 1:colcon.colcon_core.environment:checking '/home/aaa/rokey_c_2_ws/install/table_order_interface/lib'
[2.219s] Level 1:colcon.colcon_core.shell:create_environment_hook('table_order_interface', 'ld_library_path_lib')
[2.219s] INFO:colcon.colcon_core.shell:Creating environment hook '/home/aaa/rokey_c_2_ws/install/table_order_interface/share/table_order_interface/hook/ld_library_path_lib.ps1'
[2.219s] INFO:colcon.colcon_core.shell:Creating environment descriptor '/home/aaa/rokey_c_2_ws/install/table_order_interface/share/table_order_interface/hook/ld_library_path_lib.dsv'
[2.220s] INFO:colcon.colcon_core.shell:Creating environment hook '/home/aaa/rokey_c_2_ws/install/table_order_interface/share/table_order_interface/hook/ld_library_path_lib.sh'
[2.220s] Level 1:colcon.colcon_core.environment:checking '/home/aaa/rokey_c_2_ws/install/table_order_interface/bin'
[2.220s] Level 1:colcon.colcon_core.environment:checking '/home/aaa/rokey_c_2_ws/install/table_order_interface/lib/pkgconfig/table_order_interface.pc'
[2.221s] Level 1:colcon.colcon_core.environment:checking '/home/aaa/rokey_c_2_ws/install/table_order_interface/lib/python3.10/site-packages'
[2.221s] Level 1:colcon.colcon_core.environment:checking '/home/aaa/rokey_c_2_ws/install/table_order_interface/bin'
[2.222s] INFO:colcon.colcon_core.shell:Creating package script '/home/aaa/rokey_c_2_ws/install/table_order_interface/share/table_order_interface/package.ps1'
[2.222s] INFO:colcon.colcon_core.shell:Creating package descriptor '/home/aaa/rokey_c_2_ws/install/table_order_interface/share/table_order_interface/package.dsv'
[2.223s] INFO:colcon.colcon_core.shell:Creating package script '/home/aaa/rokey_c_2_ws/install/table_order_interface/share/table_order_interface/package.sh'
[2.224s] INFO:colcon.colcon_core.shell:Creating package script '/home/aaa/rokey_c_2_ws/install/table_order_interface/share/table_order_interface/package.bash'
[2.224s] INFO:colcon.colcon_core.shell:Creating package script '/home/aaa/rokey_c_2_ws/install/table_order_interface/share/table_order_interface/package.zsh'
[2.225s] Level 1:colcon.colcon_core.environment:create_file_with_runtime_dependencies(/home/aaa/rokey_c_2_ws/install/table_order_interface/share/colcon-core/packages/table_order_interface)
[2.225s] INFO:colcon.colcon_ros.task.ament_python.build:Building ROS package in '/home/aaa/rokey_c_2_ws/src/table_order' with build type 'ament_python'
[2.226s] Level 1:colcon.colcon_core.shell:create_environment_hook('table_order', 'ament_prefix_path')
[2.226s] INFO:colcon.colcon_core.shell:Creating environment hook '/home/aaa/rokey_c_2_ws/install/table_order/share/table_order/hook/ament_prefix_path.ps1'
[2.228s] INFO:colcon.colcon_core.shell:Creating environment descriptor '/home/aaa/rokey_c_2_ws/install/table_order/share/table_order/hook/ament_prefix_path.dsv'
[2.228s] INFO:colcon.colcon_core.shell:Creating environment hook '/home/aaa/rokey_c_2_ws/install/table_order/share/table_order/hook/ament_prefix_path.sh'
[2.229s] INFO:colcon.colcon_core.shell:Skip shell extension 'powershell' for command environment: Not usable outside of PowerShell
[2.229s] DEBUG:colcon.colcon_core.shell:Skip shell extension 'dsv' for command environment
[2.537s] INFO:colcon.colcon_core.task.python.build:Building Python package in '/home/aaa/rokey_c_2_ws/src/table_order'
[2.537s] INFO:colcon.colcon_core.shell:Skip shell extension 'powershell' for command environment: Not usable outside of PowerShell
[2.537s] DEBUG:colcon.colcon_core.shell:Skip shell extension 'dsv' for command environment
[2.541s] Level 1:colcon.colcon_core.environment:create_environment_scripts_only(serving_robot_msgs)
[2.541s] Level 1:colcon.colcon_core.environment:checking '/home/aaa/rokey_c_2_ws/install/serving_robot_msgs' for CMake module files
[2.542s] Level 1:colcon.colcon_core.environment:checking '/home/aaa/rokey_c_2_ws/install/serving_robot_msgs' for CMake config files
[2.542s] Level 1:colcon.colcon_core.shell:create_environment_hook('serving_robot_msgs', 'cmake_prefix_path')
[2.542s] INFO:colcon.colcon_core.shell:Creating environment hook '/home/aaa/rokey_c_2_ws/install/serving_robot_msgs/share/serving_robot_msgs/hook/cmake_prefix_path.ps1'
[2.543s] INFO:colcon.colcon_core.shell:Creating environment descriptor '/home/aaa/rokey_c_2_ws/install/serving_robot_msgs/share/serving_robot_msgs/hook/cmake_prefix_path.dsv'
[2.544s] INFO:colcon.colcon_core.shell:Creating environment hook '/home/aaa/rokey_c_2_ws/install/serving_robot_msgs/share/serving_robot_msgs/hook/cmake_prefix_path.sh'
[2.545s] Level 1:colcon.colcon_core.environment:checking '/home/aaa/rokey_c_2_ws/install/serving_robot_msgs/lib'
[2.545s] Level 1:colcon.colcon_core.shell:create_environment_hook('serving_robot_msgs', 'ld_library_path_lib')
[2.545s] INFO:colcon.colcon_core.shell:Creating environment hook '/home/aaa/rokey_c_2_ws/install/serving_robot_msgs/share/serving_robot_msgs/hook/ld_library_path_lib.ps1'
[2.546s] INFO:colcon.colcon_core.shell:Creating environment descriptor '/home/aaa/rokey_c_2_ws/install/serving_robot_msgs/share/serving_robot_msgs/hook/ld_library_path_lib.dsv'
[2.546s] INFO:colcon.colcon_core.shell:Creating environment hook '/home/aaa/rokey_c_2_ws/install/serving_robot_msgs/share/serving_robot_msgs/hook/ld_library_path_lib.sh'
[2.547s] Level 1:colcon.colcon_core.environment:checking '/home/aaa/rokey_c_2_ws/install/serving_robot_msgs/bin'
[2.547s] Level 1:colcon.colcon_core.environment:checking '/home/aaa/rokey_c_2_ws/install/serving_robot_msgs/lib/pkgconfig/serving_robot_msgs.pc'
[2.547s] Level 1:colcon.colcon_core.environment:checking '/home/aaa/rokey_c_2_ws/install/serving_robot_msgs/lib/python3.10/site-packages'
[2.547s] Level 1:colcon.colcon_core.environment:checking '/home/aaa/rokey_c_2_ws/install/serving_robot_msgs/bin'
[2.548s] INFO:colcon.colcon_core.shell:Creating package script '/home/aaa/rokey_c_2_ws/install/serving_robot_msgs/share/serving_robot_msgs/package.ps1'
[2.548s] INFO:colcon.colcon_core.shell:Creating package descriptor '/home/aaa/rokey_c_2_ws/install/serving_robot_msgs/share/serving_robot_msgs/package.dsv'
[2.549s] INFO:colcon.colcon_core.shell:Creating package script '/home/aaa/rokey_c_2_ws/install/serving_robot_msgs/share/serving_robot_msgs/package.sh'
[2.550s] INFO:colcon.colcon_core.shell:Creating package script '/home/aaa/rokey_c_2_ws/install/serving_robot_msgs/share/serving_robot_msgs/package.bash'
[2.550s] INFO:colcon.colcon_core.shell:Creating package script '/home/aaa/rokey_c_2_ws/install/serving_robot_msgs/share/serving_robot_msgs/package.zsh'
[2.551s] Level 1:colcon.colcon_core.environment:create_file_with_runtime_dependencies(/home/aaa/rokey_c_2_ws/install/serving_robot_msgs/share/colcon-core/packages/serving_robot_msgs)
[2.552s] INFO:colcon.colcon_ros.task.ament_python.build:Building ROS package in '/home/aaa/rokey_c_2_ws/src/serving_robot' with build type 'ament_python'
[2.552s] Level 1:colcon.colcon_core.shell:create_environment_hook('serving_robot', 'ament_prefix_path')
[2.553s] INFO:colcon.colcon_core.shell:Creating environment hook '/home/aaa/rokey_c_2_ws/install/serving_robot/share/serving_robot/hook/ament_prefix_path.ps1'
[2.555s] INFO:colcon.colcon_core.shell:Creating environment descriptor '/home/aaa/rokey_c_2_ws/install/serving_robot/share/serving_robot/hook/ament_prefix_path.dsv'
[2.555s] INFO:colcon.colcon_core.shell:Creating environment hook '/home/aaa/rokey_c_2_ws/install/serving_robot/share/serving_robot/hook/ament_prefix_path.sh'
[2.556s] INFO:colcon.colcon_core.shell:Skip shell extension 'powershell' for command environment: Not usable outside of PowerShell
[2.556s] DEBUG:colcon.colcon_core.shell:Skip shell extension 'dsv' for command environment
[2.875s] INFO:colcon.colcon_core.task.python.build:Building Python package in '/home/aaa/rokey_c_2_ws/src/serving_robot'
[2.875s] INFO:colcon.colcon_core.shell:Skip shell extension 'powershell' for command environment: Not usable outside of PowerShell
[2.875s] DEBUG:colcon.colcon_core.shell:Skip shell extension 'dsv' for command environment
[2.879s] Level 1:colcon.colcon_core.shell:create_environment_hook('database', 'pythonpath_develop')
[2.879s] INFO:colcon.colcon_core.shell:Creating environment hook '/home/aaa/rokey_c_2_ws/build/database/share/database/hook/pythonpath_develop.ps1'
[2.879s] DEBUG:colcon.colcon_core.event_handler.log_command:Invoked command in '/home/aaa/rokey_c_2_ws/build/database' returned '0': PYTHONPATH=/home/aaa/rokey_c_2_ws/build/database/prefix_override:/usr/lib/python3/dist-packages/colcon_core/task/python/colcon_distutils_commands:/home/aaa/rokey_c_2_ws/install/database/lib/python3.10/site-packages:${PYTHONPATH} /usr/bin/python3 -W ignore:setup.py install is deprecated setup.py develop --editable --build-directory /home/aaa/rokey_c_2_ws/build/database/build --no-deps symlink_data
[2.881s] INFO:colcon.colcon_core.shell:Creating environment descriptor '/home/aaa/rokey_c_2_ws/build/database/share/database/hook/pythonpath_develop.dsv'
[2.881s] INFO:colcon.colcon_core.shell:Creating environment hook '/home/aaa/rokey_c_2_ws/build/database/share/database/hook/pythonpath_develop.sh'
[2.882s] Level 1:colcon.colcon_core.environment:checking '/home/aaa/rokey_c_2_ws/install/database' for CMake module files
[2.883s] Level 1:colcon.colcon_core.environment:checking '/home/aaa/rokey_c_2_ws/install/database' for CMake config files
[2.884s] Level 1:colcon.colcon_core.environment:checking '/home/aaa/rokey_c_2_ws/install/database/lib'
[2.884s] Level 1:colcon.colcon_core.environment:checking '/home/aaa/rokey_c_2_ws/install/database/bin'
[2.884s] Level 1:colcon.colcon_core.environment:checking '/home/aaa/rokey_c_2_ws/install/database/lib/pkgconfig/database.pc'
[2.884s] Level 1:colcon.colcon_core.environment:checking '/home/aaa/rokey_c_2_ws/install/database/lib/python3.10/site-packages'
[2.884s] Level 1:colcon.colcon_core.shell:create_environment_hook('database', 'pythonpath')
[2.885s] INFO:colcon.colcon_core.shell:Creating environment hook '/home/aaa/rokey_c_2_ws/install/database/share/database/hook/pythonpath.ps1'
[2.885s] INFO:colcon.colcon_core.shell:Creating environment descriptor '/home/aaa/rokey_c_2_ws/install/database/share/database/hook/pythonpath.dsv'
[2.886s] INFO:colcon.colcon_core.shell:Creating environment hook '/home/aaa/rokey_c_2_ws/install/database/share/database/hook/pythonpath.sh'
[2.887s] Level 1:colcon.colcon_core.environment:checking '/home/aaa/rokey_c_2_ws/install/database/bin'
[2.887s] Level 1:colcon.colcon_core.environment:create_environment_scripts_only(database)
[2.887s] INFO:colcon.colcon_core.shell:Creating package script '/home/aaa/rokey_c_2_ws/install/database/share/database/package.ps1'
[2.888s] INFO:colcon.colcon_core.shell:Creating package descriptor '/home/aaa/rokey_c_2_ws/install/database/share/database/package.dsv'
[2.888s] INFO:colcon.colcon_core.shell:Creating package script '/home/aaa/rokey_c_2_ws/install/database/share/database/package.sh'
[2.889s] INFO:colcon.colcon_core.shell:Creating package script '/home/aaa/rokey_c_2_ws/install/database/share/database/package.bash'
[2.889s] INFO:colcon.colcon_core.shell:Creating package script '/home/aaa/rokey_c_2_ws/install/database/share/database/package.zsh'
[2.889s] Level 1:colcon.colcon_core.environment:create_file_with_runtime_dependencies(/home/aaa/rokey_c_2_ws/install/database/share/colcon-core/packages/database)
[3.022s] DEBUG:colcon.colcon_core.event_handler.log_command:Invoking command in '/home/aaa/rokey_c_2_ws/build/table_order': AMENT_PREFIX_PATH=/home/aaa/rokey_c_2_ws/install/table_order_interface:${AMENT_PREFIX_PATH} CMAKE_PREFIX_PATH=/home/aaa/rokey_c_2_ws/install/table_order_interface LD_LIBRARY_PATH=/home/aaa/rokey_c_2_ws/install/table_order_interface/lib:/usr/lib/x86_64-linux-gnu/gazebo-11/plugins:/opt/ros/humble/opt/rviz_ogre_vendor/lib:/opt/ros/humble/lib/x86_64-linux-gnu:/opt/ros/humble/lib:/usr/share/gazebo/../../lib/x86_64-linux-gnu/gazebo-11/plugins:/usr/share/gazebo/../../lib/x86_64-linux-gnu/gazebo-11/plugins:/usr/share/gazebo/../../lib/x86_64-linux-gnu/gazebo-11/plugins PYTHONPATH=/home/aaa/rokey_c_2_ws/build/table_order/prefix_override:/usr/lib/python3/dist-packages/colcon_core/task/python/colcon_distutils_commands:/home/aaa/rokey_c_2_ws/install/table_order/lib/python3.10/site-packages:/home/aaa/rokey_c_2_ws/install/table_order_interface/local/lib/python3.10/dist-packages:${PYTHONPATH} /usr/bin/python3 -W ignore:setup.py install is deprecated setup.py develop --editable --build-directory /home/aaa/rokey_c_2_ws/build/table_order/build --no-deps symlink_data
[3.282s] DEBUG:colcon.colcon_core.event_handler.log_command:Invoking command in '/home/aaa/rokey_c_2_ws/build/serving_robot': AMENT_PREFIX_PATH=/home/aaa/rokey_c_2_ws/install/serving_robot_msgs:${AMENT_PREFIX_PATH} CMAKE_PREFIX_PATH=/home/aaa/rokey_c_2_ws/install/serving_robot_msgs LD_LIBRARY_PATH=/home/aaa/rokey_c_2_ws/install/serving_robot_msgs/lib:/usr/lib/x86_64-linux-gnu/gazebo-11/plugins:/opt/ros/humble/opt/rviz_ogre_vendor/lib:/opt/ros/humble/lib/x86_64-linux-gnu:/opt/ros/humble/lib:/usr/share/gazebo/../../lib/x86_64-linux-gnu/gazebo-11/plugins:/usr/share/gazebo/../../lib/x86_64-linux-gnu/gazebo-11/plugins:/usr/share/gazebo/../../lib/x86_64-linux-gnu/gazebo-11/plugins PYTHONPATH=/home/aaa/rokey_c_2_ws/build/serving_robot/prefix_override:/usr/lib/python3/dist-packages/colcon_core/task/python/colcon_distutils_commands:/home/aaa/rokey_c_2_ws/install/serving_robot/lib/python3.10/site-packages:/home/aaa/rokey_c_2_ws/install/serving_robot_msgs/local/lib/python3.10/dist-packages:${PYTHONPATH} /usr/bin/python3 -W ignore:setup.py install is deprecated setup.py develop --editable --build-directory /home/aaa/rokey_c_2_ws/build/serving_robot/build --no-deps symlink_data
[3.562s] Level 1:colcon.colcon_core.shell:create_environment_hook('table_order', 'pythonpath_develop')
[3.563s] DEBUG:colcon.colcon_core.event_handler.log_command:Invoked command in '/home/aaa/rokey_c_2_ws/build/table_order' returned '0': AMENT_PREFIX_PATH=/home/aaa/rokey_c_2_ws/install/table_order_interface:${AMENT_PREFIX_PATH} CMAKE_PREFIX_PATH=/home/aaa/rokey_c_2_ws/install/table_order_interface LD_LIBRARY_PATH=/home/aaa/rokey_c_2_ws/install/table_order_interface/lib:/usr/lib/x86_64-linux-gnu/gazebo-11/plugins:/opt/ros/humble/opt/rviz_ogre_vendor/lib:/opt/ros/humble/lib/x86_64-linux-gnu:/opt/ros/humble/lib:/usr/share/gazebo/../../lib/x86_64-linux-gnu/gazebo-11/plugins:/usr/share/gazebo/../../lib/x86_64-linux-gnu/gazebo-11/plugins:/usr/share/gazebo/../../lib/x86_64-linux-gnu/gazebo-11/plugins PYTHONPATH=/home/aaa/rokey_c_2_ws/build/table_order/prefix_override:/usr/lib/python3/dist-packages/colcon_core/task/python/colcon_distutils_commands:/home/aaa/rokey_c_2_ws/install/table_order/lib/python3.10/site-packages:/home/aaa/rokey_c_2_ws/install/table_order_interface/local/lib/python3.10/dist-packages:${PYTHONPATH} /usr/bin/python3 -W ignore:setup.py install is deprecated setup.py develop --editable --build-directory /home/aaa/rokey_c_2_ws/build/table_order/build --no-deps symlink_data
[3.563s] INFO:colcon.colcon_core.shell:Creating environment hook '/home/aaa/rokey_c_2_ws/build/table_order/share/table_order/hook/pythonpath_develop.ps1'
[3.565s] INFO:colcon.colcon_core.shell:Creating environment descriptor '/home/aaa/rokey_c_2_ws/build/table_order/share/table_order/hook/pythonpath_develop.dsv'
[3.566s] INFO:colcon.colcon_core.shell:Creating environment hook '/home/aaa/rokey_c_2_ws/build/table_order/share/table_order/hook/pythonpath_develop.sh'
[3.567s] Level 1:colcon.colcon_core.environment:checking '/home/aaa/rokey_c_2_ws/install/table_order' for CMake module files
[3.567s] Level 1:colcon.colcon_core.environment:checking '/home/aaa/rokey_c_2_ws/install/table_order' for CMake config files
[3.568s] Level 1:colcon.colcon_core.environment:checking '/home/aaa/rokey_c_2_ws/install/table_order/lib'
[3.568s] Level 1:colcon.colcon_core.environment:checking '/home/aaa/rokey_c_2_ws/install/table_order/bin'
[3.568s] Level 1:colcon.colcon_core.environment:checking '/home/aaa/rokey_c_2_ws/install/table_order/lib/pkgconfig/table_order.pc'
[3.569s] Level 1:colcon.colcon_core.environment:checking '/home/aaa/rokey_c_2_ws/install/table_order/lib/python3.10/site-packages'
[3.569s] Level 1:colcon.colcon_core.shell:create_environment_hook('table_order', 'pythonpath')
[3.569s] INFO:colcon.colcon_core.shell:Creating environment hook '/home/aaa/rokey_c_2_ws/install/table_order/share/table_order/hook/pythonpath.ps1'
[3.569s] INFO:colcon.colcon_core.shell:Creating environment descriptor '/home/aaa/rokey_c_2_ws/install/table_order/share/table_order/hook/pythonpath.dsv'
[3.570s] INFO:colcon.colcon_core.shell:Creating environment hook '/home/aaa/rokey_c_2_ws/install/table_order/share/table_order/hook/pythonpath.sh'
[3.570s] Level 1:colcon.colcon_core.environment:checking '/home/aaa/rokey_c_2_ws/install/table_order/bin'
[3.571s] Level 1:colcon.colcon_core.environment:create_environment_scripts_only(table_order)
[3.571s] INFO:colcon.colcon_core.shell:Creating package script '/home/aaa/rokey_c_2_ws/install/table_order/share/table_order/package.ps1'
[3.572s] INFO:colcon.colcon_core.shell:Creating package descriptor '/home/aaa/rokey_c_2_ws/install/table_order/share/table_order/package.dsv'
[3.573s] INFO:colcon.colcon_core.shell:Creating package script '/home/aaa/rokey_c_2_ws/install/table_order/share/table_order/package.sh'
[3.573s] INFO:colcon.colcon_core.shell:Creating package script '/home/aaa/rokey_c_2_ws/install/table_order/share/table_order/package.bash'
[3.573s] INFO:colcon.colcon_core.shell:Creating package script '/home/aaa/rokey_c_2_ws/install/table_order/share/table_order/package.zsh'
[3.574s] Level 1:colcon.colcon_core.environment:create_file_with_runtime_dependencies(/home/aaa/rokey_c_2_ws/install/table_order/share/colcon-core/packages/table_order)
[3.854s] Level 1:colcon.colcon_core.shell:create_environment_hook('serving_robot', 'pythonpath_develop')
[3.854s] INFO:colcon.colcon_core.shell:Creating environment hook '/home/aaa/rokey_c_2_ws/build/serving_robot/share/serving_robot/hook/pythonpath_develop.ps1'
[3.854s] DEBUG:colcon.colcon_core.event_handler.log_command:Invoked command in '/home/aaa/rokey_c_2_ws/build/serving_robot' returned '0': AMENT_PREFIX_PATH=/home/aaa/rokey_c_2_ws/install/serving_robot_msgs:${AMENT_PREFIX_PATH} CMAKE_PREFIX_PATH=/home/aaa/rokey_c_2_ws/install/serving_robot_msgs LD_LIBRARY_PATH=/home/aaa/rokey_c_2_ws/install/serving_robot_msgs/lib:/usr/lib/x86_64-linux-gnu/gazebo-11/plugins:/opt/ros/humble/opt/rviz_ogre_vendor/lib:/opt/ros/humble/lib/x86_64-linux-gnu:/opt/ros/humble/lib:/usr/share/gazebo/../../lib/x86_64-linux-gnu/gazebo-11/plugins:/usr/share/gazebo/../../lib/x86_64-linux-gnu/gazebo-11/plugins:/usr/share/gazebo/../../lib/x86_64-linux-gnu/gazebo-11/plugins PYTHONPATH=/home/aaa/rokey_c_2_ws/build/serving_robot/prefix_override:/usr/lib/python3/dist-packages/colcon_core/task/python/colcon_distutils_commands:/home/aaa/rokey_c_2_ws/install/serving_robot/lib/python3.10/site-packages:/home/aaa/rokey_c_2_ws/install/serving_robot_msgs/local/lib/python3.10/dist-packages:${PYTHONPATH} /usr/bin/python3 -W ignore:setup.py install is deprecated setup.py develop --editable --build-directory /home/aaa/rokey_c_2_ws/build/serving_robot/build --no-deps symlink_data
[3.856s] INFO:colcon.colcon_core.shell:Creating environment descriptor '/home/aaa/rokey_c_2_ws/build/serving_robot/share/serving_robot/hook/pythonpath_develop.dsv'
[3.856s] INFO:colcon.colcon_core.shell:Creating environment hook '/home/aaa/rokey_c_2_ws/build/serving_robot/share/serving_robot/hook/pythonpath_develop.sh'
[3.857s] Level 1:colcon.colcon_core.environment:checking '/home/aaa/rokey_c_2_ws/install/serving_robot' for CMake module files
[3.857s] Level 1:colcon.colcon_core.environment:checking '/home/aaa/rokey_c_2_ws/install/serving_robot' for CMake config files
[3.858s] Level 1:colcon.colcon_core.environment:checking '/home/aaa/rokey_c_2_ws/install/serving_robot/lib'
[3.858s] Level 1:colcon.colcon_core.environment:checking '/home/aaa/rokey_c_2_ws/install/serving_robot/bin'
[3.858s] Level 1:colcon.colcon_core.environment:checking '/home/aaa/rokey_c_2_ws/install/serving_robot/lib/pkgconfig/serving_robot.pc'
[3.858s] Level 1:colcon.colcon_core.environment:checking '/home/aaa/rokey_c_2_ws/install/serving_robot/lib/python3.10/site-packages'
[3.858s] Level 1:colcon.colcon_core.shell:create_environment_hook('serving_robot', 'pythonpath')
[3.859s] INFO:colcon.colcon_core.shell:Creating environment hook '/home/aaa/rokey_c_2_ws/install/serving_robot/share/serving_robot/hook/pythonpath.ps1'
[3.859s] INFO:colcon.colcon_core.shell:Creating environment descriptor '/home/aaa/rokey_c_2_ws/install/serving_robot/share/serving_robot/hook/pythonpath.dsv'
[3.859s] INFO:colcon.colcon_core.shell:Creating environment hook '/home/aaa/rokey_c_2_ws/install/serving_robot/share/serving_robot/hook/pythonpath.sh'
[3.860s] Level 1:colcon.colcon_core.environment:checking '/home/aaa/rokey_c_2_ws/install/serving_robot/bin'
[3.860s] Level 1:colcon.colcon_core.environment:create_environment_scripts_only(serving_robot)
[3.860s] INFO:colcon.colcon_core.shell:Creating package script '/home/aaa/rokey_c_2_ws/install/serving_robot/share/serving_robot/package.ps1'
[3.861s] INFO:colcon.colcon_core.shell:Creating package descriptor '/home/aaa/rokey_c_2_ws/install/serving_robot/share/serving_robot/package.dsv'
[3.861s] INFO:colcon.colcon_core.shell:Creating package script '/home/aaa/rokey_c_2_ws/install/serving_robot/share/serving_robot/package.sh'
[3.862s] INFO:colcon.colcon_core.shell:Creating package script '/home/aaa/rokey_c_2_ws/install/serving_robot/share/serving_robot/package.bash'
[3.862s] INFO:colcon.colcon_core.shell:Creating package script '/home/aaa/rokey_c_2_ws/install/serving_robot/share/serving_robot/package.zsh'
[3.863s] Level 1:colcon.colcon_core.environment:create_file_with_runtime_dependencies(/home/aaa/rokey_c_2_ws/install/serving_robot/share/colcon-core/packages/serving_robot)
[3.863s] DEBUG:colcon.colcon_parallel_executor.executor.parallel:closing loop
[3.863s] DEBUG:colcon.colcon_parallel_executor.executor.parallel:loop closed
[3.864s] DEBUG:colcon.colcon_parallel_executor.executor.parallel:run_until_complete finished with '0'
[3.864s] DEBUG:colcon.colcon_core.event_reactor:joining thread
[3.872s] INFO:colcon.colcon_core.plugin_system:Skipping extension 'colcon_notification.desktop_notification.terminal_notifier': Not used on non-Darwin systems
[3.872s] INFO:colcon.colcon_core.plugin_system:Skipping extension 'colcon_notification.desktop_notification.win32': Not used on non-Windows systems
[3.872s] INFO:colcon.colcon_notification.desktop_notification:Sending desktop notification using 'notify2'
[3.898s] DEBUG:colcon.colcon_core.event_reactor:joined thread
[3.899s] INFO:colcon.colcon_core.shell:Creating prefix script '/home/aaa/rokey_c_2_ws/install/local_setup.ps1'
[3.901s] INFO:colcon.colcon_core.shell:Creating prefix util module '/home/aaa/rokey_c_2_ws/install/_local_setup_util_ps1.py'
[3.904s] INFO:colcon.colcon_core.shell:Creating prefix chain script '/home/aaa/rokey_c_2_ws/install/setup.ps1'
[3.907s] INFO:colcon.colcon_core.shell:Creating prefix script '/home/aaa/rokey_c_2_ws/install/local_setup.sh'
[3.909s] INFO:colcon.colcon_core.shell:Creating prefix util module '/home/aaa/rokey_c_2_ws/install/_local_setup_util_sh.py'
[3.910s] INFO:colcon.colcon_core.shell:Creating prefix chain script '/home/aaa/rokey_c_2_ws/install/setup.sh'
[3.912s] INFO:colcon.colcon_core.shell:Creating prefix script '/home/aaa/rokey_c_2_ws/install/local_setup.bash'
[3.913s] INFO:colcon.colcon_core.shell:Creating prefix chain script '/home/aaa/rokey_c_2_ws/install/setup.bash'
[3.915s] INFO:colcon.colcon_core.shell:Creating prefix script '/home/aaa/rokey_c_2_ws/install/local_setup.zsh'
[3.916s] INFO:colcon.colcon_core.shell:Creating prefix chain script '/home/aaa/rokey_c_2_ws/install/setup.zsh'
