[0.020s] Invoking command in '/home/g1/rokey_c2_ws/build/table_order_interface': CMAKE_PREFIX_PATH=${CMAKE_PREFIX_PATH}:/home/g1/rokey_c2_ws/install/serving_robot:/home/g1/rokey_c2_ws/install/table_order:/home/g1/rokey_c2_ws/install/database:/home/g1/work/turtlebot3_ws/install/turtlebot3_teleop:/home/g1/work/turtlebot3_ws/install/turtlebot3_example:/opt/ros/humble /usr/bin/cmake --build /home/g1/rokey_c2_ws/build/table_order_interface -- -j8 -l8
[0.071s] [  9%] Built target table_order_interface__rosidl_generator_c
[0.074s] [ 12%] Built target table_order_interface__cpp
[0.090s] [ 12%] Built target ament_cmake_python_symlink_table_order_interface
[0.122s] [ 22%] Built target table_order_interface__rosidl_typesupport_fastrtps_c
[0.126s] [ 32%] Built target table_order_interface__rosidl_typesupport_introspection_c
[0.134s] [ 41%] Built target table_order_interface__rosidl_typesupport_c
[0.139s] [ 51%] Built target table_order_interface__rosidl_typesupport_fastrtps_cpp
[0.142s] [ 61%] Built target table_order_interface__rosidl_typesupport_introspection_cpp
[0.142s] [ 70%] Built target table_order_interface__rosidl_typesupport_cpp
[0.166s] [ 70%] Built target table_order_interface
[0.194s] [ 74%] Built target table_order_interface__py
[0.220s] [ 80%] Built target table_order_interface__rosidl_generator_py
[0.260s] [ 87%] Built target table_order_interface__rosidl_typesupport_c__pyext
[0.278s] [ 93%] Built target table_order_interface__rosidl_typesupport_fastrtps_c__pyext
[0.287s] [100%] Built target table_order_interface__rosidl_typesupport_introspection_c__pyext
[0.640s] running egg_info
[0.641s] writing table_order_interface.egg-info/PKG-INFO
[0.641s] writing dependency_links to table_order_interface.egg-info/dependency_links.txt
[0.641s] writing top-level names to table_order_interface.egg-info/top_level.txt
[0.643s] reading manifest file 'table_order_interface.egg-info/SOURCES.txt'
[0.644s] writing manifest file 'table_order_interface.egg-info/SOURCES.txt'
[0.673s] [100%] Built target ament_cmake_python_build_table_order_interface_egg
[0.683s] Invoked command in '/home/g1/rokey_c2_ws/build/table_order_interface' returned '0': CMAKE_PREFIX_PATH=${CMAKE_PREFIX_PATH}:/home/g1/rokey_c2_ws/install/serving_robot:/home/g1/rokey_c2_ws/install/table_order:/home/g1/rokey_c2_ws/install/database:/home/g1/work/turtlebot3_ws/install/turtlebot3_teleop:/home/g1/work/turtlebot3_ws/install/turtlebot3_example:/opt/ros/humble /usr/bin/cmake --build /home/g1/rokey_c2_ws/build/table_order_interface -- -j8 -l8
[0.742s] Invoking command in '/home/g1/rokey_c2_ws/build/table_order_interface': CMAKE_PREFIX_PATH=${CMAKE_PREFIX_PATH}:/home/g1/rokey_c2_ws/install/serving_robot:/home/g1/rokey_c2_ws/install/table_order:/home/g1/rokey_c2_ws/install/database:/home/g1/work/turtlebot3_ws/install/turtlebot3_teleop:/home/g1/work/turtlebot3_ws/install/turtlebot3_example:/opt/ros/humble /usr/bin/cmake --install /home/g1/rokey_c2_ws/build/table_order_interface
[0.749s] -- Install configuration: ""
[0.750s] -- Execute custom install script
[0.750s] -- Up-to-date symlink: /home/g1/rokey_c2_ws/install/table_order_interface/share/ament_index/resource_index/rosidl_interfaces/table_order_interface
[0.751s] -- Up-to-date symlink: /home/g1/rokey_c2_ws/install/table_order_interface/include/table_order_interface/table_order_interface/msg/rosidl_generator_c__visibility_control.h
[0.752s] -- Up-to-date symlink: /home/g1/rokey_c2_ws/install/table_order_interface/include/table_order_interface/table_order_interface/srv/detail/set_order__functions.h
[0.752s] -- Up-to-date symlink: /home/g1/rokey_c2_ws/install/table_order_interface/include/table_order_interface/table_order_interface/srv/detail/set_order__struct.h
[0.752s] -- Up-to-date symlink: /home/g1/rokey_c2_ws/install/table_order_interface/include/table_order_interface/table_order_interface/srv/detail/set_order__type_support.h
[0.752s] -- Up-to-date symlink: /home/g1/rokey_c2_ws/install/table_order_interface/include/table_order_interface/table_order_interface/srv/set_order.h
[0.752s] -- Up-to-date symlink: /home/g1/rokey_c2_ws/install/table_order_interface/share/table_order_interface/environment/library_path.sh
[0.752s] -- Up-to-date symlink: /home/g1/rokey_c2_ws/install/table_order_interface/share/table_order_interface/environment/library_path.dsv
[0.753s] -- Up-to-date symlink: /home/g1/rokey_c2_ws/install/table_order_interface/include/table_order_interface/table_order_interface/msg/rosidl_typesupport_fastrtps_c__visibility_control.h
[0.753s] -- Up-to-date symlink: /home/g1/rokey_c2_ws/install/table_order_interface/include/table_order_interface/table_order_interface/srv/detail/set_order__rosidl_typesupport_fastrtps_c.h
[0.753s] -- Up-to-date symlink: /home/g1/rokey_c2_ws/install/table_order_interface/include/table_order_interface/table_order_interface/srv/detail/set_order__builder.hpp
[0.753s] -- Up-to-date symlink: /home/g1/rokey_c2_ws/install/table_order_interface/include/table_order_interface/table_order_interface/srv/detail/set_order__struct.hpp
[0.754s] -- Up-to-date symlink: /home/g1/rokey_c2_ws/install/table_order_interface/include/table_order_interface/table_order_interface/srv/detail/set_order__traits.hpp
[0.754s] -- Up-to-date symlink: /home/g1/rokey_c2_ws/install/table_order_interface/include/table_order_interface/table_order_interface/srv/set_order.hpp
[0.754s] -- Up-to-date symlink: /home/g1/rokey_c2_ws/install/table_order_interface/include/table_order_interface/table_order_interface/msg/rosidl_typesupport_fastrtps_cpp__visibility_control.h
[0.755s] -- Up-to-date symlink: /home/g1/rokey_c2_ws/install/table_order_interface/include/table_order_interface/table_order_interface/srv/detail/set_order__rosidl_typesupport_fastrtps_cpp.hpp
[0.755s] -- Up-to-date symlink: /home/g1/rokey_c2_ws/install/table_order_interface/include/table_order_interface/table_order_interface/msg/rosidl_typesupport_introspection_c__visibility_control.h
[0.755s] -- Up-to-date symlink: /home/g1/rokey_c2_ws/install/table_order_interface/include/table_order_interface/table_order_interface/srv/detail/set_order__rosidl_typesupport_introspection_c.h
[0.756s] -- Up-to-date symlink: /home/g1/rokey_c2_ws/install/table_order_interface/include/table_order_interface/table_order_interface/srv/detail/set_order__rosidl_typesupport_introspection_cpp.hpp
[0.756s] -- Up-to-date symlink: /home/g1/rokey_c2_ws/install/table_order_interface/share/table_order_interface/environment/pythonpath.sh
[0.756s] -- Up-to-date symlink: /home/g1/rokey_c2_ws/install/table_order_interface/share/table_order_interface/environment/pythonpath.dsv
[0.756s] -- Up-to-date symlink: /home/g1/rokey_c2_ws/install/table_order_interface/local/lib/python3.10/dist-packages/table_order_interface-0.0.0-py3.10.egg-info/PKG-INFO
[0.757s] -- Up-to-date symlink: /home/g1/rokey_c2_ws/install/table_order_interface/local/lib/python3.10/dist-packages/table_order_interface-0.0.0-py3.10.egg-info/SOURCES.txt
[0.757s] -- Up-to-date symlink: /home/g1/rokey_c2_ws/install/table_order_interface/local/lib/python3.10/dist-packages/table_order_interface-0.0.0-py3.10.egg-info/dependency_links.txt
[0.757s] -- Up-to-date symlink: /home/g1/rokey_c2_ws/install/table_order_interface/local/lib/python3.10/dist-packages/table_order_interface-0.0.0-py3.10.egg-info/top_level.txt
[0.758s] -- Up-to-date symlink: /home/g1/rokey_c2_ws/install/table_order_interface/local/lib/python3.10/dist-packages/table_order_interface/__init__.py
[0.758s] -- Up-to-date symlink: /home/g1/rokey_c2_ws/install/table_order_interface/local/lib/python3.10/dist-packages/table_order_interface/_table_order_interface_s.ep.rosidl_typesupport_c.c
[0.758s] -- Up-to-date symlink: /home/g1/rokey_c2_ws/install/table_order_interface/local/lib/python3.10/dist-packages/table_order_interface/_table_order_interface_s.ep.rosidl_typesupport_fastrtps_c.c
[0.759s] -- Up-to-date symlink: /home/g1/rokey_c2_ws/install/table_order_interface/local/lib/python3.10/dist-packages/table_order_interface/_table_order_interface_s.ep.rosidl_typesupport_introspection_c.c
[0.759s] -- Up-to-date symlink: /home/g1/rokey_c2_ws/install/table_order_interface/local/lib/python3.10/dist-packages/table_order_interface/libtable_order_interface__rosidl_generator_py.so
[0.759s] -- Up-to-date symlink: /home/g1/rokey_c2_ws/install/table_order_interface/local/lib/python3.10/dist-packages/table_order_interface/srv/__init__.py
[0.759s] -- Up-to-date symlink: /home/g1/rokey_c2_ws/install/table_order_interface/local/lib/python3.10/dist-packages/table_order_interface/srv/_set_order.py
[0.759s] -- Up-to-date symlink: /home/g1/rokey_c2_ws/install/table_order_interface/local/lib/python3.10/dist-packages/table_order_interface/srv/_set_order_s.c
[0.759s] -- Up-to-date symlink: /home/g1/rokey_c2_ws/install/table_order_interface/local/lib/python3.10/dist-packages/table_order_interface/table_order_interface_s__rosidl_typesupport_c.cpython-310-x86_64-linux-gnu.so
[0.760s] -- Up-to-date symlink: /home/g1/rokey_c2_ws/install/table_order_interface/local/lib/python3.10/dist-packages/table_order_interface/table_order_interface_s__rosidl_typesupport_fastrtps_c.cpython-310-x86_64-linux-gnu.so
[0.760s] -- Up-to-date symlink: /home/g1/rokey_c2_ws/install/table_order_interface/local/lib/python3.10/dist-packages/table_order_interface/table_order_interface_s__rosidl_typesupport_introspection_c.cpython-310-x86_64-linux-gnu.so
[0.760s] -- Up-to-date symlink: /home/g1/rokey_c2_ws/install/table_order_interface/local/lib/python3.10/dist-packages/table_order_interface/table_order_interface_s__rosidl_typesupport_fastrtps_c.cpython-310-x86_64-linux-gnu.so
[0.760s] -- Up-to-date symlink: /home/g1/rokey_c2_ws/install/table_order_interface/local/lib/python3.10/dist-packages/table_order_interface/table_order_interface_s__rosidl_typesupport_introspection_c.cpython-310-x86_64-linux-gnu.so
[0.760s] -- Up-to-date symlink: /home/g1/rokey_c2_ws/install/table_order_interface/local/lib/python3.10/dist-packages/table_order_interface/table_order_interface_s__rosidl_typesupport_c.cpython-310-x86_64-linux-gnu.so
[0.761s] -- Up-to-date symlink: /home/g1/rokey_c2_ws/install/table_order_interface/share/table_order_interface/srv/SetOrder.idl
[0.761s] -- Up-to-date symlink: /home/g1/rokey_c2_ws/install/table_order_interface/share/table_order_interface/srv/SetOrder.srv
[0.761s] -- Up-to-date symlink: /home/g1/rokey_c2_ws/install/table_order_interface/share/table_order_interface/srv/SetOrder_Request.msg
[0.762s] -- Up-to-date symlink: /home/g1/rokey_c2_ws/install/table_order_interface/share/table_order_interface/srv/SetOrder_Response.msg
[0.762s] -- Up-to-date symlink: /home/g1/rokey_c2_ws/install/table_order_interface/share/ament_index/resource_index/package_run_dependencies/table_order_interface
[0.762s] -- Up-to-date symlink: /home/g1/rokey_c2_ws/install/table_order_interface/share/ament_index/resource_index/parent_prefix_path/table_order_interface
[0.762s] -- Up-to-date symlink: /home/g1/rokey_c2_ws/install/table_order_interface/share/table_order_interface/environment/ament_prefix_path.sh
[0.763s] -- Up-to-date symlink: /home/g1/rokey_c2_ws/install/table_order_interface/share/table_order_interface/environment/ament_prefix_path.dsv
[0.763s] -- Up-to-date symlink: /home/g1/rokey_c2_ws/install/table_order_interface/share/table_order_interface/environment/path.sh
[0.763s] -- Up-to-date symlink: /home/g1/rokey_c2_ws/install/table_order_interface/share/table_order_interface/environment/path.dsv
[0.763s] -- Up-to-date symlink: /home/g1/rokey_c2_ws/install/table_order_interface/share/table_order_interface/local_setup.bash
[0.763s] -- Up-to-date symlink: /home/g1/rokey_c2_ws/install/table_order_interface/share/table_order_interface/local_setup.sh
[0.764s] -- Up-to-date symlink: /home/g1/rokey_c2_ws/install/table_order_interface/share/table_order_interface/local_setup.zsh
[0.764s] -- Up-to-date symlink: /home/g1/rokey_c2_ws/install/table_order_interface/share/table_order_interface/local_setup.dsv
[0.764s] -- Symlinking: /home/g1/rokey_c2_ws/install/table_order_interface/share/table_order_interface/package.dsv
[0.776s] -- Up-to-date symlink: /home/g1/rokey_c2_ws/install/table_order_interface/share/ament_index/resource_index/packages/table_order_interface
[0.776s] -- Up-to-date symlink: /home/g1/rokey_c2_ws/install/table_order_interface/share/table_order_interface/cmake/rosidl_cmake-extras.cmake
[0.776s] -- Up-to-date symlink: /home/g1/rokey_c2_ws/install/table_order_interface/share/table_order_interface/cmake/ament_cmake_export_dependencies-extras.cmake
[0.777s] -- Up-to-date symlink: /home/g1/rokey_c2_ws/install/table_order_interface/share/table_order_interface/cmake/ament_cmake_export_include_directories-extras.cmake
[0.777s] -- Up-to-date symlink: /home/g1/rokey_c2_ws/install/table_order_interface/share/table_order_interface/cmake/ament_cmake_export_libraries-extras.cmake
[0.777s] -- Up-to-date symlink: /home/g1/rokey_c2_ws/install/table_order_interface/share/table_order_interface/cmake/ament_cmake_export_targets-extras.cmake
[0.777s] -- Up-to-date symlink: /home/g1/rokey_c2_ws/install/table_order_interface/share/table_order_interface/cmake/rosidl_cmake_export_typesupport_targets-extras.cmake
[0.777s] -- Up-to-date symlink: /home/g1/rokey_c2_ws/install/table_order_interface/share/table_order_interface/cmake/rosidl_cmake_export_typesupport_libraries-extras.cmake
[0.778s] -- Up-to-date symlink: /home/g1/rokey_c2_ws/install/table_order_interface/share/table_order_interface/cmake/table_order_interfaceConfig.cmake
[0.778s] -- Up-to-date symlink: /home/g1/rokey_c2_ws/install/table_order_interface/share/table_order_interface/cmake/table_order_interfaceConfig-version.cmake
[0.778s] -- Up-to-date symlink: /home/g1/rokey_c2_ws/install/table_order_interface/share/table_order_interface/package.xml
[0.778s] -- Up-to-date: /home/g1/rokey_c2_ws/install/table_order_interface/lib/libtable_order_interface__rosidl_generator_c.so
[0.778s] -- Up-to-date: /home/g1/rokey_c2_ws/install/table_order_interface/lib/libtable_order_interface__rosidl_typesupport_fastrtps_c.so
[0.779s] -- Up-to-date: /home/g1/rokey_c2_ws/install/table_order_interface/lib/libtable_order_interface__rosidl_typesupport_fastrtps_cpp.so
[0.779s] -- Up-to-date: /home/g1/rokey_c2_ws/install/table_order_interface/lib/libtable_order_interface__rosidl_typesupport_introspection_c.so
[0.779s] -- Up-to-date: /home/g1/rokey_c2_ws/install/table_order_interface/lib/libtable_order_interface__rosidl_typesupport_c.so
[0.779s] -- Up-to-date: /home/g1/rokey_c2_ws/install/table_order_interface/lib/libtable_order_interface__rosidl_typesupport_introspection_cpp.so
[0.780s] -- Up-to-date: /home/g1/rokey_c2_ws/install/table_order_interface/lib/libtable_order_interface__rosidl_typesupport_cpp.so
[0.817s] Listing '/home/g1/rokey_c2_ws/install/table_order_interface/local/lib/python3.10/dist-packages/table_order_interface'...
[0.817s] Listing '/home/g1/rokey_c2_ws/install/table_order_interface/local/lib/python3.10/dist-packages/table_order_interface/srv'...
[0.821s] -- Up-to-date: /home/g1/rokey_c2_ws/install/table_order_interface/lib/libtable_order_interface__rosidl_generator_py.so
[0.821s] -- Up-to-date: /home/g1/rokey_c2_ws/install/table_order_interface/share/table_order_interface/cmake/export_table_order_interface__rosidl_generator_cExport.cmake
[0.822s] -- Up-to-date: /home/g1/rokey_c2_ws/install/table_order_interface/share/table_order_interface/cmake/export_table_order_interface__rosidl_generator_cExport-noconfig.cmake
[0.822s] -- Up-to-date: /home/g1/rokey_c2_ws/install/table_order_interface/share/table_order_interface/cmake/export_table_order_interface__rosidl_typesupport_fastrtps_cExport.cmake
[0.822s] -- Up-to-date: /home/g1/rokey_c2_ws/install/table_order_interface/share/table_order_interface/cmake/export_table_order_interface__rosidl_typesupport_fastrtps_cExport-noconfig.cmake
[0.822s] -- Up-to-date: /home/g1/rokey_c2_ws/install/table_order_interface/share/table_order_interface/cmake/export_table_order_interface__rosidl_generator_cppExport.cmake
[0.822s] -- Up-to-date: /home/g1/rokey_c2_ws/install/table_order_interface/share/table_order_interface/cmake/export_table_order_interface__rosidl_typesupport_fastrtps_cppExport.cmake
[0.822s] -- Up-to-date: /home/g1/rokey_c2_ws/install/table_order_interface/share/table_order_interface/cmake/export_table_order_interface__rosidl_typesupport_fastrtps_cppExport-noconfig.cmake
[0.822s] -- Up-to-date: /home/g1/rokey_c2_ws/install/table_order_interface/share/table_order_interface/cmake/table_order_interface__rosidl_typesupport_introspection_cExport.cmake
[0.822s] -- Up-to-date: /home/g1/rokey_c2_ws/install/table_order_interface/share/table_order_interface/cmake/table_order_interface__rosidl_typesupport_introspection_cExport-noconfig.cmake
[0.823s] -- Up-to-date: /home/g1/rokey_c2_ws/install/table_order_interface/share/table_order_interface/cmake/table_order_interface__rosidl_typesupport_cExport.cmake
[0.823s] -- Up-to-date: /home/g1/rokey_c2_ws/install/table_order_interface/share/table_order_interface/cmake/table_order_interface__rosidl_typesupport_cExport-noconfig.cmake
[0.823s] -- Up-to-date: /home/g1/rokey_c2_ws/install/table_order_interface/share/table_order_interface/cmake/table_order_interface__rosidl_typesupport_introspection_cppExport.cmake
[0.823s] -- Up-to-date: /home/g1/rokey_c2_ws/install/table_order_interface/share/table_order_interface/cmake/table_order_interface__rosidl_typesupport_introspection_cppExport-noconfig.cmake
[0.823s] -- Up-to-date: /home/g1/rokey_c2_ws/install/table_order_interface/share/table_order_interface/cmake/table_order_interface__rosidl_typesupport_cppExport.cmake
[0.823s] -- Up-to-date: /home/g1/rokey_c2_ws/install/table_order_interface/share/table_order_interface/cmake/table_order_interface__rosidl_typesupport_cppExport-noconfig.cmake
[0.823s] -- Up-to-date: /home/g1/rokey_c2_ws/install/table_order_interface/share/table_order_interface/cmake/export_table_order_interface__rosidl_generator_pyExport.cmake
[0.823s] -- Up-to-date: /home/g1/rokey_c2_ws/install/table_order_interface/share/table_order_interface/cmake/export_table_order_interface__rosidl_generator_pyExport-noconfig.cmake
[0.824s] Invoked command in '/home/g1/rokey_c2_ws/build/table_order_interface' returned '0': CMAKE_PREFIX_PATH=${CMAKE_PREFIX_PATH}:/home/g1/rokey_c2_ws/install/serving_robot:/home/g1/rokey_c2_ws/install/table_order:/home/g1/rokey_c2_ws/install/database:/home/g1/work/turtlebot3_ws/install/turtlebot3_teleop:/home/g1/work/turtlebot3_ws/install/turtlebot3_example:/opt/ros/humble /usr/bin/cmake --install /home/g1/rokey_c2_ws/build/table_order_interface
