-- Found ament_cmake: 1.3.10 (/opt/ros/humble/share/ament_cmake/cmake)
-- Found rosidl_default_generators: 1.2.0 (/opt/ros/humble/share/rosidl_default_generators/cmake)
-- Using all available rosidl_typesupport_c: rosidl_typesupport_fastrtps_c;rosidl_typesupport_introspection_c
-- Found rosidl_adapter: 3.1.5 (/opt/ros/humble/share/rosidl_adapter/cmake)
-- Using all available rosidl_typesupport_cpp: rosidl_typesupport_fastrtps_cpp;rosidl_typesupport_introspection_cpp
-- Found ament_cmake_ros: 0.10.0 (/opt/ros/humble/share/ament_cmake_ros/cmake)
-- Using all available rosidl_typesupport_c: rosidl_typesupport_fastrtps_c;rosidl_typesupport_introspection_c
-- Using all available rosidl_typesupport_cpp: rosidl_typesupport_fastrtps_cpp;rosidl_typesupport_introspection_cpp
-- Found PythonInterp: /usr/bin/python3 (found suitable version "3.10.12", minimum required is "3.6") 
-- Found python_cmake_module: 0.10.0 (/opt/ros/humble/share/python_cmake_module/cmake)
-- Found PythonLibs: /usr/lib/x86_64-linux-gnu/libpython3.10.so (found suitable version "3.10.12", minimum required is "3.5") 
-- Using PYTHON_EXECUTABLE: /usr/bin/python3
-- Using PYTHON_INCLUDE_DIRS: /usr/include/python3.10
-- Using PYTHON_LIBRARIES: /usr/lib/x86_64-linux-gnu/libpython3.10.so
-- Found PythonExtra: .so  
-- Found ament_lint_auto: 0.12.11 (/opt/ros/humble/share/ament_lint_auto/cmake)
-- Added test 'lint_cmake' to check CMake code style
-- Added test 'xmllint' to check XML markup files
-- Configuring done
-- Generating done
-- Build files have been written to: /home/psb/rokey_c_2_ws/build/c2_turtle_interface
[  1%] [34m[1mGenerating C code for ROS interfaces[0m
[  1%] Built target ament_cmake_python_copy_c2_turtle_interface
[  3%] [34m[1mGenerating C++ code for ROS interfaces[0m
running egg_info
creating c2_turtle_interface.egg-info
writing c2_turtle_interface.egg-info/PKG-INFO
writing dependency_links to c2_turtle_interface.egg-info/dependency_links.txt
writing top-level names to c2_turtle_interface.egg-info/top_level.txt
writing manifest file 'c2_turtle_interface.egg-info/SOURCES.txt'
reading manifest file 'c2_turtle_interface.egg-info/SOURCES.txt'
writing manifest file 'c2_turtle_interface.egg-info/SOURCES.txt'
[  3%] Built target ament_cmake_python_build_c2_turtle_interface_egg
[  9%] [32mBuilding C object CMakeFiles/c2_turtle_interface__rosidl_generator_c.dir/rosidl_generator_c/c2_turtle_interface/srv/detail/order__functions.c.o[0m
[  9%] [32mBuilding C object CMakeFiles/c2_turtle_interface__rosidl_generator_c.dir/rosidl_generator_c/c2_turtle_interface/srv/detail/get_total_sales__functions.c.o[0m
[  9%] [32mBuilding C object CMakeFiles/c2_turtle_interface__rosidl_generator_c.dir/rosidl_generator_c/c2_turtle_interface/msg/detail/order_item__functions.c.o[0m
[ 10%] [32mBuilding C object CMakeFiles/c2_turtle_interface__rosidl_generator_c.dir/rosidl_generator_c/c2_turtle_interface/srv/detail/orderver2__functions.c.o[0m
[ 10%] Built target c2_turtle_interface__cpp
[ 12%] [32m[1mLinking C shared library libc2_turtle_interface__rosidl_generator_c.so[0m
[ 18%] [34m[1mGenerating C++ type support dispatch for ROS interfaces[0m
[ 18%] [34m[1mGenerating C++ introspection for ROS interfaces[0m
[ 18%] [34m[1mGenerating C++ type support for eProsima Fast-RTPS[0m
[ 18%] Built target c2_turtle_interface__rosidl_generator_c
[ 20%] [34m[1mGenerating C type support for eProsima Fast-RTPS[0m
[ 23%] [34m[1mGenerating C type support dispatch for ROS interfaces[0m
[ 23%] [34m[1mGenerating C introspection for ROS interfaces[0m
[ 27%] [32mBuilding CXX object CMakeFiles/c2_turtle_interface__rosidl_typesupport_introspection_cpp.dir/rosidl_typesupport_introspection_cpp/c2_turtle_interface/srv/detail/orderver2__type_support.cpp.o[0m
[ 27%] [32mBuilding CXX object CMakeFiles/c2_turtle_interface__rosidl_typesupport_introspection_cpp.dir/rosidl_typesupport_introspection_cpp/c2_turtle_interface/srv/detail/get_total_sales__type_support.cpp.o[0m
[ 29%] [32mBuilding CXX object CMakeFiles/c2_turtle_interface__rosidl_typesupport_introspection_cpp.dir/rosidl_typesupport_introspection_cpp/c2_turtle_interface/srv/detail/order__type_support.cpp.o[0m
[ 30%] [32mBuilding CXX object CMakeFiles/c2_turtle_interface__rosidl_typesupport_fastrtps_cpp.dir/rosidl_typesupport_fastrtps_cpp/c2_turtle_interface/srv/detail/dds_fastrtps/order__type_support.cpp.o[0m
[ 32%] [32mBuilding CXX object CMakeFiles/c2_turtle_interface__rosidl_typesupport_cpp.dir/rosidl_typesupport_cpp/c2_turtle_interface/srv/order__type_support.cpp.o[0m
[ 34%] [32mBuilding CXX object CMakeFiles/c2_turtle_interface__rosidl_typesupport_c.dir/rosidl_typesupport_c/c2_turtle_interface/srv/order__type_support.cpp.o[0m
[ 36%] [32mBuilding CXX object CMakeFiles/c2_turtle_interface__rosidl_typesupport_c.dir/rosidl_typesupport_c/c2_turtle_interface/srv/orderver2__type_support.cpp.o[0m
[ 38%] [32mBuilding CXX object CMakeFiles/c2_turtle_interface__rosidl_typesupport_c.dir/rosidl_typesupport_c/c2_turtle_interface/srv/get_total_sales__type_support.cpp.o[0m
[ 40%] [32mBuilding CXX object CMakeFiles/c2_turtle_interface__rosidl_typesupport_c.dir/rosidl_typesupport_c/c2_turtle_interface/msg/order_item__type_support.cpp.o[0m
[ 41%] [32m[1mLinking CXX shared library libc2_turtle_interface__rosidl_typesupport_c.so[0m
[ 43%] [32mBuilding C object CMakeFiles/c2_turtle_interface__rosidl_typesupport_introspection_c.dir/rosidl_typesupport_introspection_c/c2_turtle_interface/srv/detail/order__type_support.c.o[0m
[ 45%] [32mBuilding CXX object CMakeFiles/c2_turtle_interface__rosidl_typesupport_fastrtps_c.dir/rosidl_typesupport_fastrtps_c/c2_turtle_interface/srv/detail/order__type_support_c.cpp.o[0m
[ 45%] Built target c2_turtle_interface__rosidl_typesupport_c
[ 47%] [32mBuilding CXX object CMakeFiles/c2_turtle_interface__rosidl_typesupport_cpp.dir/rosidl_typesupport_cpp/c2_turtle_interface/srv/orderver2__type_support.cpp.o[0m
[ 49%] [32mBuilding C object CMakeFiles/c2_turtle_interface__rosidl_typesupport_introspection_c.dir/rosidl_typesupport_introspection_c/c2_turtle_interface/srv/detail/orderver2__type_support.c.o[0m
[ 50%] [32mBuilding C object CMakeFiles/c2_turtle_interface__rosidl_typesupport_introspection_c.dir/rosidl_typesupport_introspection_c/c2_turtle_interface/srv/detail/get_total_sales__type_support.c.o[0m
[ 52%] [32mBuilding C object CMakeFiles/c2_turtle_interface__rosidl_typesupport_introspection_c.dir/rosidl_typesupport_introspection_c/c2_turtle_interface/msg/detail/order_item__type_support.c.o[0m
[ 54%] [32mBuilding CXX object CMakeFiles/c2_turtle_interface__rosidl_typesupport_fastrtps_c.dir/rosidl_typesupport_fastrtps_c/c2_turtle_interface/srv/detail/orderver2__type_support_c.cpp.o[0m
[ 56%] [32mBuilding CXX object CMakeFiles/c2_turtle_interface__rosidl_typesupport_fastrtps_cpp.dir/rosidl_typesupport_fastrtps_cpp/c2_turtle_interface/srv/detail/dds_fastrtps/orderver2__type_support.cpp.o[0m
[ 58%] [32m[1mLinking C shared library libc2_turtle_interface__rosidl_typesupport_introspection_c.so[0m
[ 58%] Built target c2_turtle_interface__rosidl_typesupport_introspection_c
[ 60%] [32mBuilding CXX object CMakeFiles/c2_turtle_interface__rosidl_typesupport_fastrtps_c.dir/rosidl_typesupport_fastrtps_c/c2_turtle_interface/srv/detail/get_total_sales__type_support_c.cpp.o[0m
[ 61%] [32mBuilding CXX object CMakeFiles/c2_turtle_interface__rosidl_typesupport_cpp.dir/rosidl_typesupport_cpp/c2_turtle_interface/srv/get_total_sales__type_support.cpp.o[0m
[ 63%] [32mBuilding CXX object CMakeFiles/c2_turtle_interface__rosidl_typesupport_introspection_cpp.dir/rosidl_typesupport_introspection_cpp/c2_turtle_interface/msg/detail/order_item__type_support.cpp.o[0m
[ 65%] [32mBuilding CXX object CMakeFiles/c2_turtle_interface__rosidl_typesupport_fastrtps_c.dir/rosidl_typesupport_fastrtps_c/c2_turtle_interface/msg/detail/order_item__type_support_c.cpp.o[0m
[ 67%] [32mBuilding CXX object CMakeFiles/c2_turtle_interface__rosidl_typesupport_cpp.dir/rosidl_typesupport_cpp/c2_turtle_interface/msg/order_item__type_support.cpp.o[0m
[ 69%] [32mBuilding CXX object CMakeFiles/c2_turtle_interface__rosidl_typesupport_fastrtps_cpp.dir/rosidl_typesupport_fastrtps_cpp/c2_turtle_interface/srv/detail/dds_fastrtps/get_total_sales__type_support.cpp.o[0m
[ 70%] [32mBuilding CXX object CMakeFiles/c2_turtle_interface__rosidl_typesupport_fastrtps_cpp.dir/rosidl_typesupport_fastrtps_cpp/c2_turtle_interface/msg/detail/dds_fastrtps/order_item__type_support.cpp.o[0m
[ 72%] [32m[1mLinking CXX shared library libc2_turtle_interface__rosidl_typesupport_introspection_cpp.so[0m
[ 74%] [32m[1mLinking CXX shared library libc2_turtle_interface__rosidl_typesupport_cpp.so[0m
[ 76%] [32m[1mLinking CXX shared library libc2_turtle_interface__rosidl_typesupport_fastrtps_c.so[0m
[ 76%] Built target c2_turtle_interface__rosidl_typesupport_cpp
[ 76%] Built target c2_turtle_interface__rosidl_typesupport_introspection_cpp
[ 76%] Built target c2_turtle_interface__rosidl_typesupport_fastrtps_c
[ 78%] [32m[1mLinking CXX shared library libc2_turtle_interface__rosidl_typesupport_fastrtps_cpp.so[0m
[ 78%] Built target c2_turtle_interface__rosidl_typesupport_fastrtps_cpp
[ 78%] Built target c2_turtle_interface
[ 80%] [34m[1mGenerating Python code for ROS interfaces[0m
[ 80%] Built target c2_turtle_interface__py
[ 85%] [32mBuilding C object CMakeFiles/c2_turtle_interface__rosidl_generator_py.dir/rosidl_generator_py/c2_turtle_interface/srv/_get_total_sales_s.c.o[0m
[ 85%] [32mBuilding C object CMakeFiles/c2_turtle_interface__rosidl_generator_py.dir/rosidl_generator_py/c2_turtle_interface/srv/_order_s.c.o[0m
[ 85%] [32mBuilding C object CMakeFiles/c2_turtle_interface__rosidl_generator_py.dir/rosidl_generator_py/c2_turtle_interface/srv/_orderver2_s.c.o[0m
[ 87%] [32mBuilding C object CMakeFiles/c2_turtle_interface__rosidl_generator_py.dir/rosidl_generator_py/c2_turtle_interface/msg/_order_item_s.c.o[0m
[ 89%] [32m[1mLinking C shared library rosidl_generator_py/c2_turtle_interface/libc2_turtle_interface__rosidl_generator_py.so[0m
[ 89%] Built target c2_turtle_interface__rosidl_generator_py
[ 94%] [32mBuilding C object CMakeFiles/c2_turtle_interface__rosidl_typesupport_fastrtps_c__pyext.dir/rosidl_generator_py/c2_turtle_interface/_c2_turtle_interface_s.ep.rosidl_typesupport_fastrtps_c.c.o[0m
[ 94%] [32mBuilding C object CMakeFiles/c2_turtle_interface__rosidl_typesupport_c__pyext.dir/rosidl_generator_py/c2_turtle_interface/_c2_turtle_interface_s.ep.rosidl_typesupport_c.c.o[0m
[ 94%] [32mBuilding C object CMakeFiles/c2_turtle_interface__rosidl_typesupport_introspection_c__pyext.dir/rosidl_generator_py/c2_turtle_interface/_c2_turtle_interface_s.ep.rosidl_typesupport_introspection_c.c.o[0m
[ 98%] [32m[1mLinking C shared library rosidl_generator_py/c2_turtle_interface/c2_turtle_interface_s__rosidl_typesupport_c.cpython-310-x86_64-linux-gnu.so[0m
[ 98%] [32m[1mLinking C shared library rosidl_generator_py/c2_turtle_interface/c2_turtle_interface_s__rosidl_typesupport_introspection_c.cpython-310-x86_64-linux-gnu.so[0m
[100%] [32m[1mLinking C shared library rosidl_generator_py/c2_turtle_interface/c2_turtle_interface_s__rosidl_typesupport_fastrtps_c.cpython-310-x86_64-linux-gnu.so[0m
[100%] Built target c2_turtle_interface__rosidl_typesupport_c__pyext
[100%] Built target c2_turtle_interface__rosidl_typesupport_introspection_c__pyext
[100%] Built target c2_turtle_interface__rosidl_typesupport_fastrtps_c__pyext
-- Install configuration: ""
-- Installing: /home/psb/rokey_c_2_ws/install/c2_turtle_interface/share/ament_index/resource_index/rosidl_interfaces/c2_turtle_interface
-- Installing: /home/psb/rokey_c_2_ws/install/c2_turtle_interface/include/c2_turtle_interface/c2_turtle_interface
-- Installing: /home/psb/rokey_c_2_ws/install/c2_turtle_interface/include/c2_turtle_interface/c2_turtle_interface/msg
-- Installing: /home/psb/rokey_c_2_ws/install/c2_turtle_interface/include/c2_turtle_interface/c2_turtle_interface/msg/rosidl_generator_c__visibility_control.h
-- Installing: /home/psb/rokey_c_2_ws/install/c2_turtle_interface/include/c2_turtle_interface/c2_turtle_interface/msg/order_item.h
-- Installing: /home/psb/rokey_c_2_ws/install/c2_turtle_interface/include/c2_turtle_interface/c2_turtle_interface/msg/detail
-- Installing: /home/psb/rokey_c_2_ws/install/c2_turtle_interface/include/c2_turtle_interface/c2_turtle_interface/msg/detail/order_item__functions.h
-- Installing: /home/psb/rokey_c_2_ws/install/c2_turtle_interface/include/c2_turtle_interface/c2_turtle_interface/msg/detail/order_item__type_support.h
-- Installing: /home/psb/rokey_c_2_ws/install/c2_turtle_interface/include/c2_turtle_interface/c2_turtle_interface/msg/detail/order_item__functions.c
-- Installing: /home/psb/rokey_c_2_ws/install/c2_turtle_interface/include/c2_turtle_interface/c2_turtle_interface/msg/detail/order_item__struct.h
-- Installing: /home/psb/rokey_c_2_ws/install/c2_turtle_interface/include/c2_turtle_interface/c2_turtle_interface/srv
-- Installing: /home/psb/rokey_c_2_ws/install/c2_turtle_interface/include/c2_turtle_interface/c2_turtle_interface/srv/get_total_sales.h
-- Installing: /home/psb/rokey_c_2_ws/install/c2_turtle_interface/include/c2_turtle_interface/c2_turtle_interface/srv/detail
-- Installing: /home/psb/rokey_c_2_ws/install/c2_turtle_interface/include/c2_turtle_interface/c2_turtle_interface/srv/detail/get_total_sales__struct.h
-- Installing: /home/psb/rokey_c_2_ws/install/c2_turtle_interface/include/c2_turtle_interface/c2_turtle_interface/srv/detail/get_total_sales__functions.h
-- Installing: /home/psb/rokey_c_2_ws/install/c2_turtle_interface/include/c2_turtle_interface/c2_turtle_interface/srv/detail/order__struct.h
-- Installing: /home/psb/rokey_c_2_ws/install/c2_turtle_interface/include/c2_turtle_interface/c2_turtle_interface/srv/detail/order__functions.c
-- Installing: /home/psb/rokey_c_2_ws/install/c2_turtle_interface/include/c2_turtle_interface/c2_turtle_interface/srv/detail/get_total_sales__functions.c
-- Installing: /home/psb/rokey_c_2_ws/install/c2_turtle_interface/include/c2_turtle_interface/c2_turtle_interface/srv/detail/orderver2__type_support.h
-- Installing: /home/psb/rokey_c_2_ws/install/c2_turtle_interface/include/c2_turtle_interface/c2_turtle_interface/srv/detail/order__functions.h
-- Installing: /home/psb/rokey_c_2_ws/install/c2_turtle_interface/include/c2_turtle_interface/c2_turtle_interface/srv/detail/get_total_sales__type_support.h
-- Installing: /home/psb/rokey_c_2_ws/install/c2_turtle_interface/include/c2_turtle_interface/c2_turtle_interface/srv/detail/orderver2__functions.c
-- Installing: /home/psb/rokey_c_2_ws/install/c2_turtle_interface/include/c2_turtle_interface/c2_turtle_interface/srv/detail/order__type_support.h
-- Installing: /home/psb/rokey_c_2_ws/install/c2_turtle_interface/include/c2_turtle_interface/c2_turtle_interface/srv/detail/orderver2__functions.h
-- Installing: /home/psb/rokey_c_2_ws/install/c2_turtle_interface/include/c2_turtle_interface/c2_turtle_interface/srv/detail/orderver2__struct.h
-- Installing: /home/psb/rokey_c_2_ws/install/c2_turtle_interface/include/c2_turtle_interface/c2_turtle_interface/srv/order.h
-- Installing: /home/psb/rokey_c_2_ws/install/c2_turtle_interface/include/c2_turtle_interface/c2_turtle_interface/srv/orderver2.h
-- Installing: /home/psb/rokey_c_2_ws/install/c2_turtle_interface/share/c2_turtle_interface/environment/library_path.sh
-- Installing: /home/psb/rokey_c_2_ws/install/c2_turtle_interface/share/c2_turtle_interface/environment/library_path.dsv
-- Installing: /home/psb/rokey_c_2_ws/install/c2_turtle_interface/lib/libc2_turtle_interface__rosidl_generator_c.so
-- Set runtime path of "/home/psb/rokey_c_2_ws/install/c2_turtle_interface/lib/libc2_turtle_interface__rosidl_generator_c.so" to ""
-- Up-to-date: /home/psb/rokey_c_2_ws/install/c2_turtle_interface/include/c2_turtle_interface/c2_turtle_interface
-- Up-to-date: /home/psb/rokey_c_2_ws/install/c2_turtle_interface/include/c2_turtle_interface/c2_turtle_interface/msg
-- Installing: /home/psb/rokey_c_2_ws/install/c2_turtle_interface/include/c2_turtle_interface/c2_turtle_interface/msg/rosidl_typesupport_fastrtps_c__visibility_control.h
-- Up-to-date: /home/psb/rokey_c_2_ws/install/c2_turtle_interface/include/c2_turtle_interface/c2_turtle_interface/msg/detail
-- Installing: /home/psb/rokey_c_2_ws/install/c2_turtle_interface/include/c2_turtle_interface/c2_turtle_interface/msg/detail/order_item__rosidl_typesupport_fastrtps_c.h
-- Up-to-date: /home/psb/rokey_c_2_ws/install/c2_turtle_interface/include/c2_turtle_interface/c2_turtle_interface/srv
-- Up-to-date: /home/psb/rokey_c_2_ws/install/c2_turtle_interface/include/c2_turtle_interface/c2_turtle_interface/srv/detail
-- Installing: /home/psb/rokey_c_2_ws/install/c2_turtle_interface/include/c2_turtle_interface/c2_turtle_interface/srv/detail/orderver2__rosidl_typesupport_fastrtps_c.h
-- Installing: /home/psb/rokey_c_2_ws/install/c2_turtle_interface/include/c2_turtle_interface/c2_turtle_interface/srv/detail/get_total_sales__rosidl_typesupport_fastrtps_c.h
-- Installing: /home/psb/rokey_c_2_ws/install/c2_turtle_interface/include/c2_turtle_interface/c2_turtle_interface/srv/detail/order__rosidl_typesupport_fastrtps_c.h
-- Installing: /home/psb/rokey_c_2_ws/install/c2_turtle_interface/lib/libc2_turtle_interface__rosidl_typesupport_fastrtps_c.so
-- Set runtime path of "/home/psb/rokey_c_2_ws/install/c2_turtle_interface/lib/libc2_turtle_interface__rosidl_typesupport_fastrtps_c.so" to ""
-- Up-to-date: /home/psb/rokey_c_2_ws/install/c2_turtle_interface/include/c2_turtle_interface/c2_turtle_interface
-- Up-to-date: /home/psb/rokey_c_2_ws/install/c2_turtle_interface/include/c2_turtle_interface/c2_turtle_interface/msg
-- Installing: /home/psb/rokey_c_2_ws/install/c2_turtle_interface/include/c2_turtle_interface/c2_turtle_interface/msg/rosidl_typesupport_introspection_c__visibility_control.h
-- Up-to-date: /home/psb/rokey_c_2_ws/install/c2_turtle_interface/include/c2_turtle_interface/c2_turtle_interface/msg/detail
-- Installing: /home/psb/rokey_c_2_ws/install/c2_turtle_interface/include/c2_turtle_interface/c2_turtle_interface/msg/detail/order_item__type_support.c
-- Installing: /home/psb/rokey_c_2_ws/install/c2_turtle_interface/include/c2_turtle_interface/c2_turtle_interface/msg/detail/order_item__rosidl_typesupport_introspection_c.h
-- Up-to-date: /home/psb/rokey_c_2_ws/install/c2_turtle_interface/include/c2_turtle_interface/c2_turtle_interface/srv
-- Up-to-date: /home/psb/rokey_c_2_ws/install/c2_turtle_interface/include/c2_turtle_interface/c2_turtle_interface/srv/detail
-- Installing: /home/psb/rokey_c_2_ws/install/c2_turtle_interface/include/c2_turtle_interface/c2_turtle_interface/srv/detail/order__type_support.c
-- Installing: /home/psb/rokey_c_2_ws/install/c2_turtle_interface/include/c2_turtle_interface/c2_turtle_interface/srv/detail/orderver2__type_support.c
-- Installing: /home/psb/rokey_c_2_ws/install/c2_turtle_interface/include/c2_turtle_interface/c2_turtle_interface/srv/detail/orderver2__rosidl_typesupport_introspection_c.h
-- Installing: /home/psb/rokey_c_2_ws/install/c2_turtle_interface/include/c2_turtle_interface/c2_turtle_interface/srv/detail/get_total_sales__rosidl_typesupport_introspection_c.h
-- Installing: /home/psb/rokey_c_2_ws/install/c2_turtle_interface/include/c2_turtle_interface/c2_turtle_interface/srv/detail/order__rosidl_typesupport_introspection_c.h
-- Installing: /home/psb/rokey_c_2_ws/install/c2_turtle_interface/include/c2_turtle_interface/c2_turtle_interface/srv/detail/get_total_sales__type_support.c
-- Installing: /home/psb/rokey_c_2_ws/install/c2_turtle_interface/lib/libc2_turtle_interface__rosidl_typesupport_introspection_c.so
-- Set runtime path of "/home/psb/rokey_c_2_ws/install/c2_turtle_interface/lib/libc2_turtle_interface__rosidl_typesupport_introspection_c.so" to ""
-- Installing: /home/psb/rokey_c_2_ws/install/c2_turtle_interface/lib/libc2_turtle_interface__rosidl_typesupport_c.so
-- Set runtime path of "/home/psb/rokey_c_2_ws/install/c2_turtle_interface/lib/libc2_turtle_interface__rosidl_typesupport_c.so" to ""
-- Up-to-date: /home/psb/rokey_c_2_ws/install/c2_turtle_interface/include/c2_turtle_interface/c2_turtle_interface
-- Up-to-date: /home/psb/rokey_c_2_ws/install/c2_turtle_interface/include/c2_turtle_interface/c2_turtle_interface/msg
-- Installing: /home/psb/rokey_c_2_ws/install/c2_turtle_interface/include/c2_turtle_interface/c2_turtle_interface/msg/order_item.hpp
-- Up-to-date: /home/psb/rokey_c_2_ws/install/c2_turtle_interface/include/c2_turtle_interface/c2_turtle_interface/msg/detail
-- Installing: /home/psb/rokey_c_2_ws/install/c2_turtle_interface/include/c2_turtle_interface/c2_turtle_interface/msg/detail/order_item__traits.hpp
-- Installing: /home/psb/rokey_c_2_ws/install/c2_turtle_interface/include/c2_turtle_interface/c2_turtle_interface/msg/detail/order_item__builder.hpp
-- Installing: /home/psb/rokey_c_2_ws/install/c2_turtle_interface/include/c2_turtle_interface/c2_turtle_interface/msg/detail/order_item__struct.hpp
-- Up-to-date: /home/psb/rokey_c_2_ws/install/c2_turtle_interface/include/c2_turtle_interface/c2_turtle_interface/srv
-- Up-to-date: /home/psb/rokey_c_2_ws/install/c2_turtle_interface/include/c2_turtle_interface/c2_turtle_interface/srv/detail
-- Installing: /home/psb/rokey_c_2_ws/install/c2_turtle_interface/include/c2_turtle_interface/c2_turtle_interface/srv/detail/order__builder.hpp
-- Installing: /home/psb/rokey_c_2_ws/install/c2_turtle_interface/include/c2_turtle_interface/c2_turtle_interface/srv/detail/order__struct.hpp
-- Installing: /home/psb/rokey_c_2_ws/install/c2_turtle_interface/include/c2_turtle_interface/c2_turtle_interface/srv/detail/orderver2__traits.hpp
-- Installing: /home/psb/rokey_c_2_ws/install/c2_turtle_interface/include/c2_turtle_interface/c2_turtle_interface/srv/detail/get_total_sales__builder.hpp
-- Installing: /home/psb/rokey_c_2_ws/install/c2_turtle_interface/include/c2_turtle_interface/c2_turtle_interface/srv/detail/orderver2__builder.hpp
-- Installing: /home/psb/rokey_c_2_ws/install/c2_turtle_interface/include/c2_turtle_interface/c2_turtle_interface/srv/detail/order__traits.hpp
-- Installing: /home/psb/rokey_c_2_ws/install/c2_turtle_interface/include/c2_turtle_interface/c2_turtle_interface/srv/detail/get_total_sales__struct.hpp
-- Installing: /home/psb/rokey_c_2_ws/install/c2_turtle_interface/include/c2_turtle_interface/c2_turtle_interface/srv/detail/orderver2__struct.hpp
-- Installing: /home/psb/rokey_c_2_ws/install/c2_turtle_interface/include/c2_turtle_interface/c2_turtle_interface/srv/detail/get_total_sales__traits.hpp
-- Installing: /home/psb/rokey_c_2_ws/install/c2_turtle_interface/include/c2_turtle_interface/c2_turtle_interface/srv/get_total_sales.hpp
-- Installing: /home/psb/rokey_c_2_ws/install/c2_turtle_interface/include/c2_turtle_interface/c2_turtle_interface/srv/orderver2.hpp
-- Installing: /home/psb/rokey_c_2_ws/install/c2_turtle_interface/include/c2_turtle_interface/c2_turtle_interface/srv/order.hpp
-- Up-to-date: /home/psb/rokey_c_2_ws/install/c2_turtle_interface/include/c2_turtle_interface/c2_turtle_interface
-- Up-to-date: /home/psb/rokey_c_2_ws/install/c2_turtle_interface/include/c2_turtle_interface/c2_turtle_interface/msg
-- Installing: /home/psb/rokey_c_2_ws/install/c2_turtle_interface/include/c2_turtle_interface/c2_turtle_interface/msg/rosidl_typesupport_fastrtps_cpp__visibility_control.h
-- Up-to-date: /home/psb/rokey_c_2_ws/install/c2_turtle_interface/include/c2_turtle_interface/c2_turtle_interface/msg/detail
-- Installing: /home/psb/rokey_c_2_ws/install/c2_turtle_interface/include/c2_turtle_interface/c2_turtle_interface/msg/detail/dds_fastrtps
-- Installing: /home/psb/rokey_c_2_ws/install/c2_turtle_interface/include/c2_turtle_interface/c2_turtle_interface/msg/detail/order_item__rosidl_typesupport_fastrtps_cpp.hpp
-- Up-to-date: /home/psb/rokey_c_2_ws/install/c2_turtle_interface/include/c2_turtle_interface/c2_turtle_interface/srv
-- Up-to-date: /home/psb/rokey_c_2_ws/install/c2_turtle_interface/include/c2_turtle_interface/c2_turtle_interface/srv/detail
-- Installing: /home/psb/rokey_c_2_ws/install/c2_turtle_interface/include/c2_turtle_interface/c2_turtle_interface/srv/detail/order__rosidl_typesupport_fastrtps_cpp.hpp
-- Installing: /home/psb/rokey_c_2_ws/install/c2_turtle_interface/include/c2_turtle_interface/c2_turtle_interface/srv/detail/dds_fastrtps
-- Installing: /home/psb/rokey_c_2_ws/install/c2_turtle_interface/include/c2_turtle_interface/c2_turtle_interface/srv/detail/get_total_sales__rosidl_typesupport_fastrtps_cpp.hpp
-- Installing: /home/psb/rokey_c_2_ws/install/c2_turtle_interface/include/c2_turtle_interface/c2_turtle_interface/srv/detail/orderver2__rosidl_typesupport_fastrtps_cpp.hpp
-- Installing: /home/psb/rokey_c_2_ws/install/c2_turtle_interface/lib/libc2_turtle_interface__rosidl_typesupport_fastrtps_cpp.so
-- Set runtime path of "/home/psb/rokey_c_2_ws/install/c2_turtle_interface/lib/libc2_turtle_interface__rosidl_typesupport_fastrtps_cpp.so" to ""
-- Up-to-date: /home/psb/rokey_c_2_ws/install/c2_turtle_interface/include/c2_turtle_interface/c2_turtle_interface
-- Up-to-date: /home/psb/rokey_c_2_ws/install/c2_turtle_interface/include/c2_turtle_interface/c2_turtle_interface/msg
-- Up-to-date: /home/psb/rokey_c_2_ws/install/c2_turtle_interface/include/c2_turtle_interface/c2_turtle_interface/msg/detail
-- Installing: /home/psb/rokey_c_2_ws/install/c2_turtle_interface/include/c2_turtle_interface/c2_turtle_interface/msg/detail/order_item__rosidl_typesupport_introspection_cpp.hpp
-- Installing: /home/psb/rokey_c_2_ws/install/c2_turtle_interface/include/c2_turtle_interface/c2_turtle_interface/msg/detail/order_item__type_support.cpp
-- Up-to-date: /home/psb/rokey_c_2_ws/install/c2_turtle_interface/include/c2_turtle_interface/c2_turtle_interface/srv
-- Up-to-date: /home/psb/rokey_c_2_ws/install/c2_turtle_interface/include/c2_turtle_interface/c2_turtle_interface/srv/detail
-- Installing: /home/psb/rokey_c_2_ws/install/c2_turtle_interface/include/c2_turtle_interface/c2_turtle_interface/srv/detail/get_total_sales__rosidl_typesupport_introspection_cpp.hpp
-- Installing: /home/psb/rokey_c_2_ws/install/c2_turtle_interface/include/c2_turtle_interface/c2_turtle_interface/srv/detail/orderver2__type_support.cpp
-- Installing: /home/psb/rokey_c_2_ws/install/c2_turtle_interface/include/c2_turtle_interface/c2_turtle_interface/srv/detail/get_total_sales__type_support.cpp
-- Installing: /home/psb/rokey_c_2_ws/install/c2_turtle_interface/include/c2_turtle_interface/c2_turtle_interface/srv/detail/orderver2__rosidl_typesupport_introspection_cpp.hpp
-- Installing: /home/psb/rokey_c_2_ws/install/c2_turtle_interface/include/c2_turtle_interface/c2_turtle_interface/srv/detail/order__rosidl_typesupport_introspection_cpp.hpp
-- Installing: /home/psb/rokey_c_2_ws/install/c2_turtle_interface/include/c2_turtle_interface/c2_turtle_interface/srv/detail/order__type_support.cpp
-- Installing: /home/psb/rokey_c_2_ws/install/c2_turtle_interface/lib/libc2_turtle_interface__rosidl_typesupport_introspection_cpp.so
-- Set runtime path of "/home/psb/rokey_c_2_ws/install/c2_turtle_interface/lib/libc2_turtle_interface__rosidl_typesupport_introspection_cpp.so" to ""
-- Installing: /home/psb/rokey_c_2_ws/install/c2_turtle_interface/lib/libc2_turtle_interface__rosidl_typesupport_cpp.so
-- Set runtime path of "/home/psb/rokey_c_2_ws/install/c2_turtle_interface/lib/libc2_turtle_interface__rosidl_typesupport_cpp.so" to ""
-- Installing: /home/psb/rokey_c_2_ws/install/c2_turtle_interface/share/c2_turtle_interface/environment/pythonpath.sh
-- Installing: /home/psb/rokey_c_2_ws/install/c2_turtle_interface/share/c2_turtle_interface/environment/pythonpath.dsv
-- Installing: /home/psb/rokey_c_2_ws/install/c2_turtle_interface/local/lib/python3.10/dist-packages/c2_turtle_interface-0.0.0-py3.10.egg-info
-- Installing: /home/psb/rokey_c_2_ws/install/c2_turtle_interface/local/lib/python3.10/dist-packages/c2_turtle_interface-0.0.0-py3.10.egg-info/SOURCES.txt
-- Installing: /home/psb/rokey_c_2_ws/install/c2_turtle_interface/local/lib/python3.10/dist-packages/c2_turtle_interface-0.0.0-py3.10.egg-info/top_level.txt
-- Installing: /home/psb/rokey_c_2_ws/install/c2_turtle_interface/local/lib/python3.10/dist-packages/c2_turtle_interface-0.0.0-py3.10.egg-info/PKG-INFO
-- Installing: /home/psb/rokey_c_2_ws/install/c2_turtle_interface/local/lib/python3.10/dist-packages/c2_turtle_interface-0.0.0-py3.10.egg-info/dependency_links.txt
-- Installing: /home/psb/rokey_c_2_ws/install/c2_turtle_interface/local/lib/python3.10/dist-packages/c2_turtle_interface
-- Installing: /home/psb/rokey_c_2_ws/install/c2_turtle_interface/local/lib/python3.10/dist-packages/c2_turtle_interface/__init__.py
-- Installing: /home/psb/rokey_c_2_ws/install/c2_turtle_interface/local/lib/python3.10/dist-packages/c2_turtle_interface/c2_turtle_interface_s__rosidl_typesupport_fastrtps_c.cpython-310-x86_64-linux-gnu.so
-- Installing: /home/psb/rokey_c_2_ws/install/c2_turtle_interface/local/lib/python3.10/dist-packages/c2_turtle_interface/_c2_turtle_interface_s.ep.rosidl_typesupport_c.c
-- Installing: /home/psb/rokey_c_2_ws/install/c2_turtle_interface/local/lib/python3.10/dist-packages/c2_turtle_interface/_c2_turtle_interface_s.ep.rosidl_typesupport_fastrtps_c.c
-- Installing: /home/psb/rokey_c_2_ws/install/c2_turtle_interface/local/lib/python3.10/dist-packages/c2_turtle_interface/msg
-- Installing: /home/psb/rokey_c_2_ws/install/c2_turtle_interface/local/lib/python3.10/dist-packages/c2_turtle_interface/msg/__init__.py
-- Installing: /home/psb/rokey_c_2_ws/install/c2_turtle_interface/local/lib/python3.10/dist-packages/c2_turtle_interface/msg/_order_item_s.c
-- Installing: /home/psb/rokey_c_2_ws/install/c2_turtle_interface/local/lib/python3.10/dist-packages/c2_turtle_interface/msg/_order_item.py
-- Installing: /home/psb/rokey_c_2_ws/install/c2_turtle_interface/local/lib/python3.10/dist-packages/c2_turtle_interface/_c2_turtle_interface_s.ep.rosidl_typesupport_introspection_c.c
-- Installing: /home/psb/rokey_c_2_ws/install/c2_turtle_interface/local/lib/python3.10/dist-packages/c2_turtle_interface/srv
-- Installing: /home/psb/rokey_c_2_ws/install/c2_turtle_interface/local/lib/python3.10/dist-packages/c2_turtle_interface/srv/__init__.py
-- Installing: /home/psb/rokey_c_2_ws/install/c2_turtle_interface/local/lib/python3.10/dist-packages/c2_turtle_interface/srv/_order.py
-- Installing: /home/psb/rokey_c_2_ws/install/c2_turtle_interface/local/lib/python3.10/dist-packages/c2_turtle_interface/srv/_get_total_sales_s.c
-- Installing: /home/psb/rokey_c_2_ws/install/c2_turtle_interface/local/lib/python3.10/dist-packages/c2_turtle_interface/srv/_orderver2_s.c
-- Installing: /home/psb/rokey_c_2_ws/install/c2_turtle_interface/local/lib/python3.10/dist-packages/c2_turtle_interface/srv/_order_s.c
-- Installing: /home/psb/rokey_c_2_ws/install/c2_turtle_interface/local/lib/python3.10/dist-packages/c2_turtle_interface/srv/_get_total_sales.py
-- Installing: /home/psb/rokey_c_2_ws/install/c2_turtle_interface/local/lib/python3.10/dist-packages/c2_turtle_interface/srv/_orderver2.py
-- Installing: /home/psb/rokey_c_2_ws/install/c2_turtle_interface/local/lib/python3.10/dist-packages/c2_turtle_interface/c2_turtle_interface_s__rosidl_typesupport_introspection_c.cpython-310-x86_64-linux-gnu.so
-- Installing: /home/psb/rokey_c_2_ws/install/c2_turtle_interface/local/lib/python3.10/dist-packages/c2_turtle_interface/c2_turtle_interface_s__rosidl_typesupport_c.cpython-310-x86_64-linux-gnu.so
-- Installing: /home/psb/rokey_c_2_ws/install/c2_turtle_interface/local/lib/python3.10/dist-packages/c2_turtle_interface/libc2_turtle_interface__rosidl_generator_py.so
Listing '/home/psb/rokey_c_2_ws/install/c2_turtle_interface/local/lib/python3.10/dist-packages/c2_turtle_interface'...
Compiling '/home/psb/rokey_c_2_ws/install/c2_turtle_interface/local/lib/python3.10/dist-packages/c2_turtle_interface/__init__.py'...
Listing '/home/psb/rokey_c_2_ws/install/c2_turtle_interface/local/lib/python3.10/dist-packages/c2_turtle_interface/msg'...
Compiling '/home/psb/rokey_c_2_ws/install/c2_turtle_interface/local/lib/python3.10/dist-packages/c2_turtle_interface/msg/__init__.py'...
Compiling '/home/psb/rokey_c_2_ws/install/c2_turtle_interface/local/lib/python3.10/dist-packages/c2_turtle_interface/msg/_order_item.py'...
Listing '/home/psb/rokey_c_2_ws/install/c2_turtle_interface/local/lib/python3.10/dist-packages/c2_turtle_interface/srv'...
Compiling '/home/psb/rokey_c_2_ws/install/c2_turtle_interface/local/lib/python3.10/dist-packages/c2_turtle_interface/srv/__init__.py'...
Compiling '/home/psb/rokey_c_2_ws/install/c2_turtle_interface/local/lib/python3.10/dist-packages/c2_turtle_interface/srv/_get_total_sales.py'...
Compiling '/home/psb/rokey_c_2_ws/install/c2_turtle_interface/local/lib/python3.10/dist-packages/c2_turtle_interface/srv/_order.py'...
Compiling '/home/psb/rokey_c_2_ws/install/c2_turtle_interface/local/lib/python3.10/dist-packages/c2_turtle_interface/srv/_orderver2.py'...
-- Installing: /home/psb/rokey_c_2_ws/install/c2_turtle_interface/local/lib/python3.10/dist-packages/c2_turtle_interface/c2_turtle_interface_s__rosidl_typesupport_fastrtps_c.cpython-310-x86_64-linux-gnu.so
-- Set runtime path of "/home/psb/rokey_c_2_ws/install/c2_turtle_interface/local/lib/python3.10/dist-packages/c2_turtle_interface/c2_turtle_interface_s__rosidl_typesupport_fastrtps_c.cpython-310-x86_64-linux-gnu.so" to ""
-- Installing: /home/psb/rokey_c_2_ws/install/c2_turtle_interface/local/lib/python3.10/dist-packages/c2_turtle_interface/c2_turtle_interface_s__rosidl_typesupport_introspection_c.cpython-310-x86_64-linux-gnu.so
-- Set runtime path of "/home/psb/rokey_c_2_ws/install/c2_turtle_interface/local/lib/python3.10/dist-packages/c2_turtle_interface/c2_turtle_interface_s__rosidl_typesupport_introspection_c.cpython-310-x86_64-linux-gnu.so" to ""
-- Installing: /home/psb/rokey_c_2_ws/install/c2_turtle_interface/local/lib/python3.10/dist-packages/c2_turtle_interface/c2_turtle_interface_s__rosidl_typesupport_c.cpython-310-x86_64-linux-gnu.so
-- Set runtime path of "/home/psb/rokey_c_2_ws/install/c2_turtle_interface/local/lib/python3.10/dist-packages/c2_turtle_interface/c2_turtle_interface_s__rosidl_typesupport_c.cpython-310-x86_64-linux-gnu.so" to ""
-- Installing: /home/psb/rokey_c_2_ws/install/c2_turtle_interface/lib/libc2_turtle_interface__rosidl_generator_py.so
-- Set runtime path of "/home/psb/rokey_c_2_ws/install/c2_turtle_interface/lib/libc2_turtle_interface__rosidl_generator_py.so" to ""
-- Installing: /home/psb/rokey_c_2_ws/install/c2_turtle_interface/share/c2_turtle_interface/srv/Order.idl
-- Installing: /home/psb/rokey_c_2_ws/install/c2_turtle_interface/share/c2_turtle_interface/srv/Orderver2.idl
-- Installing: /home/psb/rokey_c_2_ws/install/c2_turtle_interface/share/c2_turtle_interface/srv/GetTotalSales.idl
-- Installing: /home/psb/rokey_c_2_ws/install/c2_turtle_interface/share/c2_turtle_interface/msg/OrderItem.idl
-- Installing: /home/psb/rokey_c_2_ws/install/c2_turtle_interface/share/c2_turtle_interface/srv/Order.srv
-- Installing: /home/psb/rokey_c_2_ws/install/c2_turtle_interface/share/c2_turtle_interface/srv/Order_Request.msg
-- Installing: /home/psb/rokey_c_2_ws/install/c2_turtle_interface/share/c2_turtle_interface/srv/Order_Response.msg
-- Installing: /home/psb/rokey_c_2_ws/install/c2_turtle_interface/share/c2_turtle_interface/srv/Orderver2.srv
-- Installing: /home/psb/rokey_c_2_ws/install/c2_turtle_interface/share/c2_turtle_interface/srv/Orderver2_Request.msg
-- Installing: /home/psb/rokey_c_2_ws/install/c2_turtle_interface/share/c2_turtle_interface/srv/Orderver2_Response.msg
-- Installing: /home/psb/rokey_c_2_ws/install/c2_turtle_interface/share/c2_turtle_interface/srv/GetTotalSales.srv
-- Installing: /home/psb/rokey_c_2_ws/install/c2_turtle_interface/share/c2_turtle_interface/srv/GetTotalSales_Request.msg
-- Installing: /home/psb/rokey_c_2_ws/install/c2_turtle_interface/share/c2_turtle_interface/srv/GetTotalSales_Response.msg
-- Installing: /home/psb/rokey_c_2_ws/install/c2_turtle_interface/share/c2_turtle_interface/msg/OrderItem.msg
-- Installing: /home/psb/rokey_c_2_ws/install/c2_turtle_interface/share/ament_index/resource_index/package_run_dependencies/c2_turtle_interface
-- Installing: /home/psb/rokey_c_2_ws/install/c2_turtle_interface/share/ament_index/resource_index/parent_prefix_path/c2_turtle_interface
-- Installing: /home/psb/rokey_c_2_ws/install/c2_turtle_interface/share/c2_turtle_interface/environment/ament_prefix_path.sh
-- Installing: /home/psb/rokey_c_2_ws/install/c2_turtle_interface/share/c2_turtle_interface/environment/ament_prefix_path.dsv
-- Installing: /home/psb/rokey_c_2_ws/install/c2_turtle_interface/share/c2_turtle_interface/environment/path.sh
-- Installing: /home/psb/rokey_c_2_ws/install/c2_turtle_interface/share/c2_turtle_interface/environment/path.dsv
-- Installing: /home/psb/rokey_c_2_ws/install/c2_turtle_interface/share/c2_turtle_interface/local_setup.bash
-- Installing: /home/psb/rokey_c_2_ws/install/c2_turtle_interface/share/c2_turtle_interface/local_setup.sh
-- Installing: /home/psb/rokey_c_2_ws/install/c2_turtle_interface/share/c2_turtle_interface/local_setup.zsh
-- Installing: /home/psb/rokey_c_2_ws/install/c2_turtle_interface/share/c2_turtle_interface/local_setup.dsv
-- Installing: /home/psb/rokey_c_2_ws/install/c2_turtle_interface/share/c2_turtle_interface/package.dsv
-- Installing: /home/psb/rokey_c_2_ws/install/c2_turtle_interface/share/ament_index/resource_index/packages/c2_turtle_interface
-- Installing: /home/psb/rokey_c_2_ws/install/c2_turtle_interface/share/c2_turtle_interface/cmake/export_c2_turtle_interface__rosidl_generator_cExport.cmake
-- Installing: /home/psb/rokey_c_2_ws/install/c2_turtle_interface/share/c2_turtle_interface/cmake/export_c2_turtle_interface__rosidl_generator_cExport-noconfig.cmake
-- Installing: /home/psb/rokey_c_2_ws/install/c2_turtle_interface/share/c2_turtle_interface/cmake/export_c2_turtle_interface__rosidl_typesupport_fastrtps_cExport.cmake
-- Installing: /home/psb/rokey_c_2_ws/install/c2_turtle_interface/share/c2_turtle_interface/cmake/export_c2_turtle_interface__rosidl_typesupport_fastrtps_cExport-noconfig.cmake
-- Installing: /home/psb/rokey_c_2_ws/install/c2_turtle_interface/share/c2_turtle_interface/cmake/c2_turtle_interface__rosidl_typesupport_introspection_cExport.cmake
-- Installing: /home/psb/rokey_c_2_ws/install/c2_turtle_interface/share/c2_turtle_interface/cmake/c2_turtle_interface__rosidl_typesupport_introspection_cExport-noconfig.cmake
-- Installing: /home/psb/rokey_c_2_ws/install/c2_turtle_interface/share/c2_turtle_interface/cmake/c2_turtle_interface__rosidl_typesupport_cExport.cmake
-- Installing: /home/psb/rokey_c_2_ws/install/c2_turtle_interface/share/c2_turtle_interface/cmake/c2_turtle_interface__rosidl_typesupport_cExport-noconfig.cmake
-- Installing: /home/psb/rokey_c_2_ws/install/c2_turtle_interface/share/c2_turtle_interface/cmake/export_c2_turtle_interface__rosidl_generator_cppExport.cmake
-- Installing: /home/psb/rokey_c_2_ws/install/c2_turtle_interface/share/c2_turtle_interface/cmake/export_c2_turtle_interface__rosidl_typesupport_fastrtps_cppExport.cmake
-- Installing: /home/psb/rokey_c_2_ws/install/c2_turtle_interface/share/c2_turtle_interface/cmake/export_c2_turtle_interface__rosidl_typesupport_fastrtps_cppExport-noconfig.cmake
-- Installing: /home/psb/rokey_c_2_ws/install/c2_turtle_interface/share/c2_turtle_interface/cmake/c2_turtle_interface__rosidl_typesupport_introspection_cppExport.cmake
-- Installing: /home/psb/rokey_c_2_ws/install/c2_turtle_interface/share/c2_turtle_interface/cmake/c2_turtle_interface__rosidl_typesupport_introspection_cppExport-noconfig.cmake
-- Installing: /home/psb/rokey_c_2_ws/install/c2_turtle_interface/share/c2_turtle_interface/cmake/c2_turtle_interface__rosidl_typesupport_cppExport.cmake
-- Installing: /home/psb/rokey_c_2_ws/install/c2_turtle_interface/share/c2_turtle_interface/cmake/c2_turtle_interface__rosidl_typesupport_cppExport-noconfig.cmake
-- Installing: /home/psb/rokey_c_2_ws/install/c2_turtle_interface/share/c2_turtle_interface/cmake/export_c2_turtle_interface__rosidl_generator_pyExport.cmake
-- Installing: /home/psb/rokey_c_2_ws/install/c2_turtle_interface/share/c2_turtle_interface/cmake/export_c2_turtle_interface__rosidl_generator_pyExport-noconfig.cmake
-- Installing: /home/psb/rokey_c_2_ws/install/c2_turtle_interface/share/c2_turtle_interface/cmake/rosidl_cmake-extras.cmake
-- Installing: /home/psb/rokey_c_2_ws/install/c2_turtle_interface/share/c2_turtle_interface/cmake/ament_cmake_export_include_directories-extras.cmake
-- Installing: /home/psb/rokey_c_2_ws/install/c2_turtle_interface/share/c2_turtle_interface/cmake/ament_cmake_export_libraries-extras.cmake
-- Installing: /home/psb/rokey_c_2_ws/install/c2_turtle_interface/share/c2_turtle_interface/cmake/ament_cmake_export_targets-extras.cmake
-- Installing: /home/psb/rokey_c_2_ws/install/c2_turtle_interface/share/c2_turtle_interface/cmake/rosidl_cmake_export_typesupport_targets-extras.cmake
-- Installing: /home/psb/rokey_c_2_ws/install/c2_turtle_interface/share/c2_turtle_interface/cmake/ament_cmake_export_dependencies-extras.cmake
-- Installing: /home/psb/rokey_c_2_ws/install/c2_turtle_interface/share/c2_turtle_interface/cmake/rosidl_cmake_export_typesupport_libraries-extras.cmake
-- Installing: /home/psb/rokey_c_2_ws/install/c2_turtle_interface/share/c2_turtle_interface/cmake/c2_turtle_interfaceConfig.cmake
-- Installing: /home/psb/rokey_c_2_ws/install/c2_turtle_interface/share/c2_turtle_interface/cmake/c2_turtle_interfaceConfig-version.cmake
-- Installing: /home/psb/rokey_c_2_ws/install/c2_turtle_interface/share/c2_turtle_interface/package.xml
