[0.015s] Invoking command in '/home/psb/rokey_c_2_ws/build/c2_turtle_interface': CMAKE_PREFIX_PATH=${CMAKE_PREFIX_PATH}:/home/psb/rokey_c_2_ws/install/table_order:/home/psb/rokey_c_2_ws/install/jiwon:/home/psb/turtlebot3_ws/install/turtlebot3_teleop:/home/psb/turtlebot3_ws/install/turtlebot3_example:/opt/ros/humble /usr/bin/cmake /home/psb/rokey_c_2_ws/src/c2_turtle_interface -DCMAKE_INSTALL_PREFIX=/home/psb/rokey_c_2_ws/install/c2_turtle_interface
[0.023s] -- Found ament_cmake: 1.3.10 (/opt/ros/humble/share/ament_cmake/cmake)
[0.154s] -- Found rosidl_default_generators: 1.2.0 (/opt/ros/humble/share/rosidl_default_generators/cmake)
[0.159s] -- Using all available rosidl_typesupport_c: rosidl_typesupport_fastrtps_c;rosidl_typesupport_introspection_c
[0.161s] -- Found rosidl_adapter: 3.1.5 (/opt/ros/humble/share/rosidl_adapter/cmake)
[0.192s] -- Using all available rosidl_typesupport_cpp: rosidl_typesupport_fastrtps_cpp;rosidl_typesupport_introspection_cpp
[0.485s] -- Found ament_cmake_ros: 0.10.0 (/opt/ros/humble/share/ament_cmake_ros/cmake)
[0.696s] -- Using all available rosidl_typesupport_c: rosidl_typesupport_fastrtps_c;rosidl_typesupport_introspection_c
[0.944s] -- Using all available rosidl_typesupport_cpp: rosidl_typesupport_fastrtps_cpp;rosidl_typesupport_introspection_cpp
[0.970s] -- Found PythonInterp: /usr/bin/python3 (found suitable version "3.10.12", minimum required is "3.6") 
[0.974s] -- Found python_cmake_module: 0.10.0 (/opt/ros/humble/share/python_cmake_module/cmake)
[1.003s] -- Found PythonLibs: /usr/lib/x86_64-linux-gnu/libpython3.10.so (found suitable version "3.10.12", minimum required is "3.5") 
[1.003s] -- Using PYTHON_EXECUTABLE: /usr/bin/python3
[1.003s] -- Using PYTHON_INCLUDE_DIRS: /usr/include/python3.10
[1.003s] -- Using PYTHON_LIBRARIES: /usr/lib/x86_64-linux-gnu/libpython3.10.so
[1.024s] -- Found PythonExtra: .so  
[1.055s] -- Found ament_lint_auto: 0.12.11 (/opt/ros/humble/share/ament_lint_auto/cmake)
[1.073s] -- Added test 'lint_cmake' to check CMake code style
[1.074s] -- Added test 'xmllint' to check XML markup files
[1.076s] -- Configuring done
[1.100s] -- Generating done
[1.102s] -- Build files have been written to: /home/psb/rokey_c_2_ws/build/c2_turtle_interface
[1.109s] Invoked command in '/home/psb/rokey_c_2_ws/build/c2_turtle_interface' returned '0': CMAKE_PREFIX_PATH=${CMAKE_PREFIX_PATH}:/home/psb/rokey_c_2_ws/install/table_order:/home/psb/rokey_c_2_ws/install/jiwon:/home/psb/turtlebot3_ws/install/turtlebot3_teleop:/home/psb/turtlebot3_ws/install/turtlebot3_example:/opt/ros/humble /usr/bin/cmake /home/psb/rokey_c_2_ws/src/c2_turtle_interface -DCMAKE_INSTALL_PREFIX=/home/psb/rokey_c_2_ws/install/c2_turtle_interface
[1.109s] Invoking command in '/home/psb/rokey_c_2_ws/build/c2_turtle_interface': CMAKE_PREFIX_PATH=${CMAKE_PREFIX_PATH}:/home/psb/rokey_c_2_ws/install/table_order:/home/psb/rokey_c_2_ws/install/jiwon:/home/psb/turtlebot3_ws/install/turtlebot3_teleop:/home/psb/turtlebot3_ws/install/turtlebot3_example:/opt/ros/humble /usr/bin/cmake --build /home/psb/rokey_c_2_ws/build/c2_turtle_interface -- -j8 -l8
[1.141s] [  1%] [34m[1mGenerating C code for ROS interfaces[0m
[1.155s] [  1%] Built target ament_cmake_python_copy_c2_turtle_interface
[1.156s] [  3%] [34m[1mGenerating C++ code for ROS interfaces[0m
[1.485s] running egg_info
[1.486s] creating c2_turtle_interface.egg-info
[1.486s] writing c2_turtle_interface.egg-info/PKG-INFO
[1.486s] writing dependency_links to c2_turtle_interface.egg-info/dependency_links.txt
[1.486s] writing top-level names to c2_turtle_interface.egg-info/top_level.txt
[1.486s] writing manifest file 'c2_turtle_interface.egg-info/SOURCES.txt'
[1.488s] reading manifest file 'c2_turtle_interface.egg-info/SOURCES.txt'
[1.489s] writing manifest file 'c2_turtle_interface.egg-info/SOURCES.txt'
[1.512s] [  3%] Built target ament_cmake_python_build_c2_turtle_interface_egg
[1.655s] [  9%] [32mBuilding C object CMakeFiles/c2_turtle_interface__rosidl_generator_c.dir/rosidl_generator_c/c2_turtle_interface/srv/detail/order__functions.c.o[0m
[1.656s] [  9%] [32mBuilding C object CMakeFiles/c2_turtle_interface__rosidl_generator_c.dir/rosidl_generator_c/c2_turtle_interface/srv/detail/get_total_sales__functions.c.o[0m
[1.656s] [  9%] [32mBuilding C object CMakeFiles/c2_turtle_interface__rosidl_generator_c.dir/rosidl_generator_c/c2_turtle_interface/msg/detail/order_item__functions.c.o[0m
[1.658s] [ 10%] [32mBuilding C object CMakeFiles/c2_turtle_interface__rosidl_generator_c.dir/rosidl_generator_c/c2_turtle_interface/srv/detail/orderver2__functions.c.o[0m
[1.729s] [ 10%] Built target c2_turtle_interface__cpp
[1.733s] [ 12%] [32m[1mLinking C shared library libc2_turtle_interface__rosidl_generator_c.so[0m
[1.738s] [ 18%] [34m[1mGenerating C++ type support dispatch for ROS interfaces[0m
[1.738s] [ 18%] [34m[1mGenerating C++ introspection for ROS interfaces[0m
[1.738s] [ 18%] [34m[1mGenerating C++ type support for eProsima Fast-RTPS[0m
[1.768s] [ 18%] Built target c2_turtle_interface__rosidl_generator_c
[1.778s] [ 20%] [34m[1mGenerating C type support for eProsima Fast-RTPS[0m
[1.782s] [ 23%] [34m[1mGenerating C type support dispatch for ROS interfaces[0m
[1.782s] [ 23%] [34m[1mGenerating C introspection for ROS interfaces[0m
[2.148s] [ 27%] [32mBuilding CXX object CMakeFiles/c2_turtle_interface__rosidl_typesupport_introspection_cpp.dir/rosidl_typesupport_introspection_cpp/c2_turtle_interface/srv/detail/orderver2__type_support.cpp.o[0m
[2.148s] [ 27%] [32mBuilding CXX object CMakeFiles/c2_turtle_interface__rosidl_typesupport_introspection_cpp.dir/rosidl_typesupport_introspection_cpp/c2_turtle_interface/srv/detail/get_total_sales__type_support.cpp.o[0m
[2.148s] [ 29%] [32mBuilding CXX object CMakeFiles/c2_turtle_interface__rosidl_typesupport_introspection_cpp.dir/rosidl_typesupport_introspection_cpp/c2_turtle_interface/srv/detail/order__type_support.cpp.o[0m
[2.280s] [ 30%] [32mBuilding CXX object CMakeFiles/c2_turtle_interface__rosidl_typesupport_fastrtps_cpp.dir/rosidl_typesupport_fastrtps_cpp/c2_turtle_interface/srv/detail/dds_fastrtps/order__type_support.cpp.o[0m
[2.333s] [ 32%] [32mBuilding CXX object CMakeFiles/c2_turtle_interface__rosidl_typesupport_cpp.dir/rosidl_typesupport_cpp/c2_turtle_interface/srv/order__type_support.cpp.o[0m
[2.379s] [ 34%] [32mBuilding CXX object CMakeFiles/c2_turtle_interface__rosidl_typesupport_c.dir/rosidl_typesupport_c/c2_turtle_interface/srv/order__type_support.cpp.o[0m
[2.424s] [ 36%] [32mBuilding CXX object CMakeFiles/c2_turtle_interface__rosidl_typesupport_c.dir/rosidl_typesupport_c/c2_turtle_interface/srv/orderver2__type_support.cpp.o[0m
[2.470s] [ 38%] [32mBuilding CXX object CMakeFiles/c2_turtle_interface__rosidl_typesupport_c.dir/rosidl_typesupport_c/c2_turtle_interface/srv/get_total_sales__type_support.cpp.o[0m
[2.517s] [ 40%] [32mBuilding CXX object CMakeFiles/c2_turtle_interface__rosidl_typesupport_c.dir/rosidl_typesupport_c/c2_turtle_interface/msg/order_item__type_support.cpp.o[0m
[2.560s] [ 41%] [32m[1mLinking CXX shared library libc2_turtle_interface__rosidl_typesupport_c.so[0m
[2.583s] [ 43%] [32mBuilding C object CMakeFiles/c2_turtle_interface__rosidl_typesupport_introspection_c.dir/rosidl_typesupport_introspection_c/c2_turtle_interface/srv/detail/order__type_support.c.o[0m
[2.613s] [ 45%] [32mBuilding CXX object CMakeFiles/c2_turtle_interface__rosidl_typesupport_fastrtps_c.dir/rosidl_typesupport_fastrtps_c/c2_turtle_interface/srv/detail/order__type_support_c.cpp.o[0m
[2.623s] [ 45%] Built target c2_turtle_interface__rosidl_typesupport_c
[2.635s] [ 47%] [32mBuilding CXX object CMakeFiles/c2_turtle_interface__rosidl_typesupport_cpp.dir/rosidl_typesupport_cpp/c2_turtle_interface/srv/orderver2__type_support.cpp.o[0m
[2.638s] [ 49%] [32mBuilding C object CMakeFiles/c2_turtle_interface__rosidl_typesupport_introspection_c.dir/rosidl_typesupport_introspection_c/c2_turtle_interface/srv/detail/orderver2__type_support.c.o[0m
[2.702s] [ 50%] [32mBuilding C object CMakeFiles/c2_turtle_interface__rosidl_typesupport_introspection_c.dir/rosidl_typesupport_introspection_c/c2_turtle_interface/srv/detail/get_total_sales__type_support.c.o[0m
[2.734s] [ 52%] [32mBuilding C object CMakeFiles/c2_turtle_interface__rosidl_typesupport_introspection_c.dir/rosidl_typesupport_introspection_c/c2_turtle_interface/msg/detail/order_item__type_support.c.o[0m
[2.741s] [ 54%] [32mBuilding CXX object CMakeFiles/c2_turtle_interface__rosidl_typesupport_fastrtps_c.dir/rosidl_typesupport_fastrtps_c/c2_turtle_interface/srv/detail/orderver2__type_support_c.cpp.o[0m
[2.750s] [ 56%] [32mBuilding CXX object CMakeFiles/c2_turtle_interface__rosidl_typesupport_fastrtps_cpp.dir/rosidl_typesupport_fastrtps_cpp/c2_turtle_interface/srv/detail/dds_fastrtps/orderver2__type_support.cpp.o[0m
[2.781s] [ 58%] [32m[1mLinking C shared library libc2_turtle_interface__rosidl_typesupport_introspection_c.so[0m
[2.829s] [ 58%] Built target c2_turtle_interface__rosidl_typesupport_introspection_c
[2.837s] [ 60%] [32mBuilding CXX object CMakeFiles/c2_turtle_interface__rosidl_typesupport_fastrtps_c.dir/rosidl_typesupport_fastrtps_c/c2_turtle_interface/srv/detail/get_total_sales__type_support_c.cpp.o[0m
[2.840s] [ 61%] [32mBuilding CXX object CMakeFiles/c2_turtle_interface__rosidl_typesupport_cpp.dir/rosidl_typesupport_cpp/c2_turtle_interface/srv/get_total_sales__type_support.cpp.o[0m
[2.851s] [ 63%] [32mBuilding CXX object CMakeFiles/c2_turtle_interface__rosidl_typesupport_introspection_cpp.dir/rosidl_typesupport_introspection_cpp/c2_turtle_interface/msg/detail/order_item__type_support.cpp.o[0m
[2.994s] [ 65%] [32mBuilding CXX object CMakeFiles/c2_turtle_interface__rosidl_typesupport_fastrtps_c.dir/rosidl_typesupport_fastrtps_c/c2_turtle_interface/msg/detail/order_item__type_support_c.cpp.o[0m
[3.056s] [ 67%] [32mBuilding CXX object CMakeFiles/c2_turtle_interface__rosidl_typesupport_cpp.dir/rosidl_typesupport_cpp/c2_turtle_interface/msg/order_item__type_support.cpp.o[0m
[3.163s] [ 69%] [32mBuilding CXX object CMakeFiles/c2_turtle_interface__rosidl_typesupport_fastrtps_cpp.dir/rosidl_typesupport_fastrtps_cpp/c2_turtle_interface/srv/detail/dds_fastrtps/get_total_sales__type_support.cpp.o[0m
[3.302s] [ 70%] [32mBuilding CXX object CMakeFiles/c2_turtle_interface__rosidl_typesupport_fastrtps_cpp.dir/rosidl_typesupport_fastrtps_cpp/c2_turtle_interface/msg/detail/dds_fastrtps/order_item__type_support.cpp.o[0m
[3.455s] [ 72%] [32m[1mLinking CXX shared library libc2_turtle_interface__rosidl_typesupport_introspection_cpp.so[0m
[3.468s] [ 74%] [32m[1mLinking CXX shared library libc2_turtle_interface__rosidl_typesupport_cpp.so[0m
[3.497s] [ 76%] [32m[1mLinking CXX shared library libc2_turtle_interface__rosidl_typesupport_fastrtps_c.so[0m
[3.518s] [ 76%] Built target c2_turtle_interface__rosidl_typesupport_cpp
[3.578s] [ 76%] Built target c2_turtle_interface__rosidl_typesupport_introspection_cpp
[3.582s] [ 76%] Built target c2_turtle_interface__rosidl_typesupport_fastrtps_c
[3.754s] [ 78%] [32m[1mLinking CXX shared library libc2_turtle_interface__rosidl_typesupport_fastrtps_cpp.so[0m
[3.825s] [ 78%] Built target c2_turtle_interface__rosidl_typesupport_fastrtps_cpp
[3.844s] [ 78%] Built target c2_turtle_interface
[3.863s] [ 80%] [34m[1mGenerating Python code for ROS interfaces[0m
[4.538s] [ 80%] Built target c2_turtle_interface__py
[4.557s] [ 85%] [32mBuilding C object CMakeFiles/c2_turtle_interface__rosidl_generator_py.dir/rosidl_generator_py/c2_turtle_interface/srv/_get_total_sales_s.c.o[0m
[4.557s] [ 85%] [32mBuilding C object CMakeFiles/c2_turtle_interface__rosidl_generator_py.dir/rosidl_generator_py/c2_turtle_interface/srv/_order_s.c.o[0m
[4.557s] [ 85%] [32mBuilding C object CMakeFiles/c2_turtle_interface__rosidl_generator_py.dir/rosidl_generator_py/c2_turtle_interface/srv/_orderver2_s.c.o[0m
[4.557s] [ 87%] [32mBuilding C object CMakeFiles/c2_turtle_interface__rosidl_generator_py.dir/rosidl_generator_py/c2_turtle_interface/msg/_order_item_s.c.o[0m
[4.667s] [ 89%] [32m[1mLinking C shared library rosidl_generator_py/c2_turtle_interface/libc2_turtle_interface__rosidl_generator_py.so[0m
[4.703s] [ 89%] Built target c2_turtle_interface__rosidl_generator_py
[4.722s] [ 94%] [32mBuilding C object CMakeFiles/c2_turtle_interface__rosidl_typesupport_fastrtps_c__pyext.dir/rosidl_generator_py/c2_turtle_interface/_c2_turtle_interface_s.ep.rosidl_typesupport_fastrtps_c.c.o[0m
[4.722s] [ 94%] [32mBuilding C object CMakeFiles/c2_turtle_interface__rosidl_typesupport_c__pyext.dir/rosidl_generator_py/c2_turtle_interface/_c2_turtle_interface_s.ep.rosidl_typesupport_c.c.o[0m
[4.722s] [ 94%] [32mBuilding C object CMakeFiles/c2_turtle_interface__rosidl_typesupport_introspection_c__pyext.dir/rosidl_generator_py/c2_turtle_interface/_c2_turtle_interface_s.ep.rosidl_typesupport_introspection_c.c.o[0m
[4.825s] [ 98%] [32m[1mLinking C shared library rosidl_generator_py/c2_turtle_interface/c2_turtle_interface_s__rosidl_typesupport_c.cpython-310-x86_64-linux-gnu.so[0m
[4.825s] [ 98%] [32m[1mLinking C shared library rosidl_generator_py/c2_turtle_interface/c2_turtle_interface_s__rosidl_typesupport_introspection_c.cpython-310-x86_64-linux-gnu.so[0m
[4.829s] [100%] [32m[1mLinking C shared library rosidl_generator_py/c2_turtle_interface/c2_turtle_interface_s__rosidl_typesupport_fastrtps_c.cpython-310-x86_64-linux-gnu.so[0m
[4.856s] [100%] Built target c2_turtle_interface__rosidl_typesupport_c__pyext
[4.856s] [100%] Built target c2_turtle_interface__rosidl_typesupport_introspection_c__pyext
[4.860s] [100%] Built target c2_turtle_interface__rosidl_typesupport_fastrtps_c__pyext
[4.872s] Invoked command in '/home/psb/rokey_c_2_ws/build/c2_turtle_interface' returned '0': CMAKE_PREFIX_PATH=${CMAKE_PREFIX_PATH}:/home/psb/rokey_c_2_ws/install/table_order:/home/psb/rokey_c_2_ws/install/jiwon:/home/psb/turtlebot3_ws/install/turtlebot3_teleop:/home/psb/turtlebot3_ws/install/turtlebot3_example:/opt/ros/humble /usr/bin/cmake --build /home/psb/rokey_c_2_ws/build/c2_turtle_interface -- -j8 -l8
[4.959s] Invoking command in '/home/psb/rokey_c_2_ws/build/c2_turtle_interface': CMAKE_PREFIX_PATH=${CMAKE_PREFIX_PATH}:/home/psb/rokey_c_2_ws/install/table_order:/home/psb/rokey_c_2_ws/install/jiwon:/home/psb/turtlebot3_ws/install/turtlebot3_teleop:/home/psb/turtlebot3_ws/install/turtlebot3_example:/opt/ros/humble /usr/bin/cmake --install /home/psb/rokey_c_2_ws/build/c2_turtle_interface
[4.967s] -- Install configuration: ""
[4.967s] -- Installing: /home/psb/rokey_c_2_ws/install/c2_turtle_interface/share/ament_index/resource_index/rosidl_interfaces/c2_turtle_interface
[4.967s] -- Installing: /home/psb/rokey_c_2_ws/install/c2_turtle_interface/include/c2_turtle_interface/c2_turtle_interface
[4.967s] -- Installing: /home/psb/rokey_c_2_ws/install/c2_turtle_interface/include/c2_turtle_interface/c2_turtle_interface/msg
[4.968s] -- Installing: /home/psb/rokey_c_2_ws/install/c2_turtle_interface/include/c2_turtle_interface/c2_turtle_interface/msg/rosidl_generator_c__visibility_control.h
[4.968s] -- Installing: /home/psb/rokey_c_2_ws/install/c2_turtle_interface/include/c2_turtle_interface/c2_turtle_interface/msg/order_item.h
[4.968s] -- Installing: /home/psb/rokey_c_2_ws/install/c2_turtle_interface/include/c2_turtle_interface/c2_turtle_interface/msg/detail
[4.968s] -- Installing: /home/psb/rokey_c_2_ws/install/c2_turtle_interface/include/c2_turtle_interface/c2_turtle_interface/msg/detail/order_item__functions.h
[4.968s] -- Installing: /home/psb/rokey_c_2_ws/install/c2_turtle_interface/include/c2_turtle_interface/c2_turtle_interface/msg/detail/order_item__type_support.h
[4.968s] -- Installing: /home/psb/rokey_c_2_ws/install/c2_turtle_interface/include/c2_turtle_interface/c2_turtle_interface/msg/detail/order_item__functions.c
[4.968s] -- Installing: /home/psb/rokey_c_2_ws/install/c2_turtle_interface/include/c2_turtle_interface/c2_turtle_interface/msg/detail/order_item__struct.h
[4.968s] -- Installing: /home/psb/rokey_c_2_ws/install/c2_turtle_interface/include/c2_turtle_interface/c2_turtle_interface/srv
[4.968s] -- Installing: /home/psb/rokey_c_2_ws/install/c2_turtle_interface/include/c2_turtle_interface/c2_turtle_interface/srv/get_total_sales.h
[4.968s] -- Installing: /home/psb/rokey_c_2_ws/install/c2_turtle_interface/include/c2_turtle_interface/c2_turtle_interface/srv/detail
[4.968s] -- Installing: /home/psb/rokey_c_2_ws/install/c2_turtle_interface/include/c2_turtle_interface/c2_turtle_interface/srv/detail/get_total_sales__struct.h
[4.968s] -- Installing: /home/psb/rokey_c_2_ws/install/c2_turtle_interface/include/c2_turtle_interface/c2_turtle_interface/srv/detail/get_total_sales__functions.h
[4.969s] -- Installing: /home/psb/rokey_c_2_ws/install/c2_turtle_interface/include/c2_turtle_interface/c2_turtle_interface/srv/detail/order__struct.h
[4.969s] -- Installing: /home/psb/rokey_c_2_ws/install/c2_turtle_interface/include/c2_turtle_interface/c2_turtle_interface/srv/detail/order__functions.c
[4.969s] -- Installing: /home/psb/rokey_c_2_ws/install/c2_turtle_interface/include/c2_turtle_interface/c2_turtle_interface/srv/detail/get_total_sales__functions.c
[4.969s] -- Installing: /home/psb/rokey_c_2_ws/install/c2_turtle_interface/include/c2_turtle_interface/c2_turtle_interface/srv/detail/orderver2__type_support.h
[4.969s] -- Installing: /home/psb/rokey_c_2_ws/install/c2_turtle_interface/include/c2_turtle_interface/c2_turtle_interface/srv/detail/order__functions.h
[4.969s] -- Installing: /home/psb/rokey_c_2_ws/install/c2_turtle_interface/include/c2_turtle_interface/c2_turtle_interface/srv/detail/get_total_sales__type_support.h
[4.969s] -- Installing: /home/psb/rokey_c_2_ws/install/c2_turtle_interface/include/c2_turtle_interface/c2_turtle_interface/srv/detail/orderver2__functions.c
[4.969s] -- Installing: /home/psb/rokey_c_2_ws/install/c2_turtle_interface/include/c2_turtle_interface/c2_turtle_interface/srv/detail/order__type_support.h
[4.969s] -- Installing: /home/psb/rokey_c_2_ws/install/c2_turtle_interface/include/c2_turtle_interface/c2_turtle_interface/srv/detail/orderver2__functions.h
[4.969s] -- Installing: /home/psb/rokey_c_2_ws/install/c2_turtle_interface/include/c2_turtle_interface/c2_turtle_interface/srv/detail/orderver2__struct.h
[4.969s] -- Installing: /home/psb/rokey_c_2_ws/install/c2_turtle_interface/include/c2_turtle_interface/c2_turtle_interface/srv/order.h
[4.969s] -- Installing: /home/psb/rokey_c_2_ws/install/c2_turtle_interface/include/c2_turtle_interface/c2_turtle_interface/srv/orderver2.h
[4.969s] -- Installing: /home/psb/rokey_c_2_ws/install/c2_turtle_interface/share/c2_turtle_interface/environment/library_path.sh
[4.969s] -- Installing: /home/psb/rokey_c_2_ws/install/c2_turtle_interface/share/c2_turtle_interface/environment/library_path.dsv
[4.970s] -- Installing: /home/psb/rokey_c_2_ws/install/c2_turtle_interface/lib/libc2_turtle_interface__rosidl_generator_c.so
[4.970s] -- Set runtime path of "/home/psb/rokey_c_2_ws/install/c2_turtle_interface/lib/libc2_turtle_interface__rosidl_generator_c.so" to ""
[4.970s] -- Up-to-date: /home/psb/rokey_c_2_ws/install/c2_turtle_interface/include/c2_turtle_interface/c2_turtle_interface
[4.970s] -- Up-to-date: /home/psb/rokey_c_2_ws/install/c2_turtle_interface/include/c2_turtle_interface/c2_turtle_interface/msg
[4.970s] -- Installing: /home/psb/rokey_c_2_ws/install/c2_turtle_interface/include/c2_turtle_interface/c2_turtle_interface/msg/rosidl_typesupport_fastrtps_c__visibility_control.h
[4.970s] -- Up-to-date: /home/psb/rokey_c_2_ws/install/c2_turtle_interface/include/c2_turtle_interface/c2_turtle_interface/msg/detail
[4.970s] -- Installing: /home/psb/rokey_c_2_ws/install/c2_turtle_interface/include/c2_turtle_interface/c2_turtle_interface/msg/detail/order_item__rosidl_typesupport_fastrtps_c.h
[4.971s] -- Up-to-date: /home/psb/rokey_c_2_ws/install/c2_turtle_interface/include/c2_turtle_interface/c2_turtle_interface/srv
[4.971s] -- Up-to-date: /home/psb/rokey_c_2_ws/install/c2_turtle_interface/include/c2_turtle_interface/c2_turtle_interface/srv/detail
[4.971s] -- Installing: /home/psb/rokey_c_2_ws/install/c2_turtle_interface/include/c2_turtle_interface/c2_turtle_interface/srv/detail/orderver2__rosidl_typesupport_fastrtps_c.h
[4.971s] -- Installing: /home/psb/rokey_c_2_ws/install/c2_turtle_interface/include/c2_turtle_interface/c2_turtle_interface/srv/detail/get_total_sales__rosidl_typesupport_fastrtps_c.h
[4.971s] -- Installing: /home/psb/rokey_c_2_ws/install/c2_turtle_interface/include/c2_turtle_interface/c2_turtle_interface/srv/detail/order__rosidl_typesupport_fastrtps_c.h
[4.971s] -- Installing: /home/psb/rokey_c_2_ws/install/c2_turtle_interface/lib/libc2_turtle_interface__rosidl_typesupport_fastrtps_c.so
[4.971s] -- Set runtime path of "/home/psb/rokey_c_2_ws/install/c2_turtle_interface/lib/libc2_turtle_interface__rosidl_typesupport_fastrtps_c.so" to ""
[4.971s] -- Up-to-date: /home/psb/rokey_c_2_ws/install/c2_turtle_interface/include/c2_turtle_interface/c2_turtle_interface
[4.971s] -- Up-to-date: /home/psb/rokey_c_2_ws/install/c2_turtle_interface/include/c2_turtle_interface/c2_turtle_interface/msg
[4.971s] -- Installing: /home/psb/rokey_c_2_ws/install/c2_turtle_interface/include/c2_turtle_interface/c2_turtle_interface/msg/rosidl_typesupport_introspection_c__visibility_control.h
[4.971s] -- Up-to-date: /home/psb/rokey_c_2_ws/install/c2_turtle_interface/include/c2_turtle_interface/c2_turtle_interface/msg/detail
[4.971s] -- Installing: /home/psb/rokey_c_2_ws/install/c2_turtle_interface/include/c2_turtle_interface/c2_turtle_interface/msg/detail/order_item__type_support.c
[4.971s] -- Installing: /home/psb/rokey_c_2_ws/install/c2_turtle_interface/include/c2_turtle_interface/c2_turtle_interface/msg/detail/order_item__rosidl_typesupport_introspection_c.h
[4.971s] -- Up-to-date: /home/psb/rokey_c_2_ws/install/c2_turtle_interface/include/c2_turtle_interface/c2_turtle_interface/srv
[4.971s] -- Up-to-date: /home/psb/rokey_c_2_ws/install/c2_turtle_interface/include/c2_turtle_interface/c2_turtle_interface/srv/detail
[4.972s] -- Installing: /home/psb/rokey_c_2_ws/install/c2_turtle_interface/include/c2_turtle_interface/c2_turtle_interface/srv/detail/order__type_support.c
[4.972s] -- Installing: /home/psb/rokey_c_2_ws/install/c2_turtle_interface/include/c2_turtle_interface/c2_turtle_interface/srv/detail/orderver2__type_support.c
[4.972s] -- Installing: /home/psb/rokey_c_2_ws/install/c2_turtle_interface/include/c2_turtle_interface/c2_turtle_interface/srv/detail/orderver2__rosidl_typesupport_introspection_c.h
[4.972s] -- Installing: /home/psb/rokey_c_2_ws/install/c2_turtle_interface/include/c2_turtle_interface/c2_turtle_interface/srv/detail/get_total_sales__rosidl_typesupport_introspection_c.h
[4.972s] -- Installing: /home/psb/rokey_c_2_ws/install/c2_turtle_interface/include/c2_turtle_interface/c2_turtle_interface/srv/detail/order__rosidl_typesupport_introspection_c.h
[4.972s] -- Installing: /home/psb/rokey_c_2_ws/install/c2_turtle_interface/include/c2_turtle_interface/c2_turtle_interface/srv/detail/get_total_sales__type_support.c
[4.972s] -- Installing: /home/psb/rokey_c_2_ws/install/c2_turtle_interface/lib/libc2_turtle_interface__rosidl_typesupport_introspection_c.so
[4.972s] -- Set runtime path of "/home/psb/rokey_c_2_ws/install/c2_turtle_interface/lib/libc2_turtle_interface__rosidl_typesupport_introspection_c.so" to ""
[4.972s] -- Installing: /home/psb/rokey_c_2_ws/install/c2_turtle_interface/lib/libc2_turtle_interface__rosidl_typesupport_c.so
[4.972s] -- Set runtime path of "/home/psb/rokey_c_2_ws/install/c2_turtle_interface/lib/libc2_turtle_interface__rosidl_typesupport_c.so" to ""
[4.973s] -- Up-to-date: /home/psb/rokey_c_2_ws/install/c2_turtle_interface/include/c2_turtle_interface/c2_turtle_interface
[4.973s] -- Up-to-date: /home/psb/rokey_c_2_ws/install/c2_turtle_interface/include/c2_turtle_interface/c2_turtle_interface/msg
[4.973s] -- Installing: /home/psb/rokey_c_2_ws/install/c2_turtle_interface/include/c2_turtle_interface/c2_turtle_interface/msg/order_item.hpp
[4.973s] -- Up-to-date: /home/psb/rokey_c_2_ws/install/c2_turtle_interface/include/c2_turtle_interface/c2_turtle_interface/msg/detail
[4.973s] -- Installing: /home/psb/rokey_c_2_ws/install/c2_turtle_interface/include/c2_turtle_interface/c2_turtle_interface/msg/detail/order_item__traits.hpp
[4.973s] -- Installing: /home/psb/rokey_c_2_ws/install/c2_turtle_interface/include/c2_turtle_interface/c2_turtle_interface/msg/detail/order_item__builder.hpp
[4.973s] -- Installing: /home/psb/rokey_c_2_ws/install/c2_turtle_interface/include/c2_turtle_interface/c2_turtle_interface/msg/detail/order_item__struct.hpp
[4.973s] -- Up-to-date: /home/psb/rokey_c_2_ws/install/c2_turtle_interface/include/c2_turtle_interface/c2_turtle_interface/srv
[4.973s] -- Up-to-date: /home/psb/rokey_c_2_ws/install/c2_turtle_interface/include/c2_turtle_interface/c2_turtle_interface/srv/detail
[4.973s] -- Installing: /home/psb/rokey_c_2_ws/install/c2_turtle_interface/include/c2_turtle_interface/c2_turtle_interface/srv/detail/order__builder.hpp
[4.973s] -- Installing: /home/psb/rokey_c_2_ws/install/c2_turtle_interface/include/c2_turtle_interface/c2_turtle_interface/srv/detail/order__struct.hpp
[4.973s] -- Installing: /home/psb/rokey_c_2_ws/install/c2_turtle_interface/include/c2_turtle_interface/c2_turtle_interface/srv/detail/orderver2__traits.hpp
[4.974s] -- Installing: /home/psb/rokey_c_2_ws/install/c2_turtle_interface/include/c2_turtle_interface/c2_turtle_interface/srv/detail/get_total_sales__builder.hpp
[4.974s] -- Installing: /home/psb/rokey_c_2_ws/install/c2_turtle_interface/include/c2_turtle_interface/c2_turtle_interface/srv/detail/orderver2__builder.hpp
[4.974s] -- Installing: /home/psb/rokey_c_2_ws/install/c2_turtle_interface/include/c2_turtle_interface/c2_turtle_interface/srv/detail/order__traits.hpp
[4.974s] -- Installing: /home/psb/rokey_c_2_ws/install/c2_turtle_interface/include/c2_turtle_interface/c2_turtle_interface/srv/detail/get_total_sales__struct.hpp
[4.974s] -- Installing: /home/psb/rokey_c_2_ws/install/c2_turtle_interface/include/c2_turtle_interface/c2_turtle_interface/srv/detail/orderver2__struct.hpp
[4.974s] -- Installing: /home/psb/rokey_c_2_ws/install/c2_turtle_interface/include/c2_turtle_interface/c2_turtle_interface/srv/detail/get_total_sales__traits.hpp
[4.974s] -- Installing: /home/psb/rokey_c_2_ws/install/c2_turtle_interface/include/c2_turtle_interface/c2_turtle_interface/srv/get_total_sales.hpp
[4.974s] -- Installing: /home/psb/rokey_c_2_ws/install/c2_turtle_interface/include/c2_turtle_interface/c2_turtle_interface/srv/orderver2.hpp
[4.974s] -- Installing: /home/psb/rokey_c_2_ws/install/c2_turtle_interface/include/c2_turtle_interface/c2_turtle_interface/srv/order.hpp
[4.974s] -- Up-to-date: /home/psb/rokey_c_2_ws/install/c2_turtle_interface/include/c2_turtle_interface/c2_turtle_interface
[4.974s] -- Up-to-date: /home/psb/rokey_c_2_ws/install/c2_turtle_interface/include/c2_turtle_interface/c2_turtle_interface/msg
[4.974s] -- Installing: /home/psb/rokey_c_2_ws/install/c2_turtle_interface/include/c2_turtle_interface/c2_turtle_interface/msg/rosidl_typesupport_fastrtps_cpp__visibility_control.h
[4.974s] -- Up-to-date: /home/psb/rokey_c_2_ws/install/c2_turtle_interface/include/c2_turtle_interface/c2_turtle_interface/msg/detail
[4.974s] -- Installing: /home/psb/rokey_c_2_ws/install/c2_turtle_interface/include/c2_turtle_interface/c2_turtle_interface/msg/detail/dds_fastrtps
[4.974s] -- Installing: /home/psb/rokey_c_2_ws/install/c2_turtle_interface/include/c2_turtle_interface/c2_turtle_interface/msg/detail/order_item__rosidl_typesupport_fastrtps_cpp.hpp
[4.975s] -- Up-to-date: /home/psb/rokey_c_2_ws/install/c2_turtle_interface/include/c2_turtle_interface/c2_turtle_interface/srv
[4.975s] -- Up-to-date: /home/psb/rokey_c_2_ws/install/c2_turtle_interface/include/c2_turtle_interface/c2_turtle_interface/srv/detail
[4.975s] -- Installing: /home/psb/rokey_c_2_ws/install/c2_turtle_interface/include/c2_turtle_interface/c2_turtle_interface/srv/detail/order__rosidl_typesupport_fastrtps_cpp.hpp
[4.975s] -- Installing: /home/psb/rokey_c_2_ws/install/c2_turtle_interface/include/c2_turtle_interface/c2_turtle_interface/srv/detail/dds_fastrtps
[4.975s] -- Installing: /home/psb/rokey_c_2_ws/install/c2_turtle_interface/include/c2_turtle_interface/c2_turtle_interface/srv/detail/get_total_sales__rosidl_typesupport_fastrtps_cpp.hpp
[4.975s] -- Installing: /home/psb/rokey_c_2_ws/install/c2_turtle_interface/include/c2_turtle_interface/c2_turtle_interface/srv/detail/orderver2__rosidl_typesupport_fastrtps_cpp.hpp
[4.975s] -- Installing: /home/psb/rokey_c_2_ws/install/c2_turtle_interface/lib/libc2_turtle_interface__rosidl_typesupport_fastrtps_cpp.so
[4.975s] -- Set runtime path of "/home/psb/rokey_c_2_ws/install/c2_turtle_interface/lib/libc2_turtle_interface__rosidl_typesupport_fastrtps_cpp.so" to ""
[4.975s] -- Up-to-date: /home/psb/rokey_c_2_ws/install/c2_turtle_interface/include/c2_turtle_interface/c2_turtle_interface
[4.975s] -- Up-to-date: /home/psb/rokey_c_2_ws/install/c2_turtle_interface/include/c2_turtle_interface/c2_turtle_interface/msg
[4.975s] -- Up-to-date: /home/psb/rokey_c_2_ws/install/c2_turtle_interface/include/c2_turtle_interface/c2_turtle_interface/msg/detail
[4.975s] -- Installing: /home/psb/rokey_c_2_ws/install/c2_turtle_interface/include/c2_turtle_interface/c2_turtle_interface/msg/detail/order_item__rosidl_typesupport_introspection_cpp.hpp
[4.975s] -- Installing: /home/psb/rokey_c_2_ws/install/c2_turtle_interface/include/c2_turtle_interface/c2_turtle_interface/msg/detail/order_item__type_support.cpp
[4.976s] -- Up-to-date: /home/psb/rokey_c_2_ws/install/c2_turtle_interface/include/c2_turtle_interface/c2_turtle_interface/srv
[4.976s] -- Up-to-date: /home/psb/rokey_c_2_ws/install/c2_turtle_interface/include/c2_turtle_interface/c2_turtle_interface/srv/detail
[4.976s] -- Installing: /home/psb/rokey_c_2_ws/install/c2_turtle_interface/include/c2_turtle_interface/c2_turtle_interface/srv/detail/get_total_sales__rosidl_typesupport_introspection_cpp.hpp
[4.976s] -- Installing: /home/psb/rokey_c_2_ws/install/c2_turtle_interface/include/c2_turtle_interface/c2_turtle_interface/srv/detail/orderver2__type_support.cpp
[4.976s] -- Installing: /home/psb/rokey_c_2_ws/install/c2_turtle_interface/include/c2_turtle_interface/c2_turtle_interface/srv/detail/get_total_sales__type_support.cpp
[4.976s] -- Installing: /home/psb/rokey_c_2_ws/install/c2_turtle_interface/include/c2_turtle_interface/c2_turtle_interface/srv/detail/orderver2__rosidl_typesupport_introspection_cpp.hpp
[4.976s] -- Installing: /home/psb/rokey_c_2_ws/install/c2_turtle_interface/include/c2_turtle_interface/c2_turtle_interface/srv/detail/order__rosidl_typesupport_introspection_cpp.hpp
[4.976s] -- Installing: /home/psb/rokey_c_2_ws/install/c2_turtle_interface/include/c2_turtle_interface/c2_turtle_interface/srv/detail/order__type_support.cpp
[4.976s] -- Installing: /home/psb/rokey_c_2_ws/install/c2_turtle_interface/lib/libc2_turtle_interface__rosidl_typesupport_introspection_cpp.so
[4.976s] -- Set runtime path of "/home/psb/rokey_c_2_ws/install/c2_turtle_interface/lib/libc2_turtle_interface__rosidl_typesupport_introspection_cpp.so" to ""
[4.976s] -- Installing: /home/psb/rokey_c_2_ws/install/c2_turtle_interface/lib/libc2_turtle_interface__rosidl_typesupport_cpp.so
[4.977s] -- Set runtime path of "/home/psb/rokey_c_2_ws/install/c2_turtle_interface/lib/libc2_turtle_interface__rosidl_typesupport_cpp.so" to ""
[4.977s] -- Installing: /home/psb/rokey_c_2_ws/install/c2_turtle_interface/share/c2_turtle_interface/environment/pythonpath.sh
[4.977s] -- Installing: /home/psb/rokey_c_2_ws/install/c2_turtle_interface/share/c2_turtle_interface/environment/pythonpath.dsv
[4.977s] -- Installing: /home/psb/rokey_c_2_ws/install/c2_turtle_interface/local/lib/python3.10/dist-packages/c2_turtle_interface-0.0.0-py3.10.egg-info
[4.977s] -- Installing: /home/psb/rokey_c_2_ws/install/c2_turtle_interface/local/lib/python3.10/dist-packages/c2_turtle_interface-0.0.0-py3.10.egg-info/SOURCES.txt
[4.977s] -- Installing: /home/psb/rokey_c_2_ws/install/c2_turtle_interface/local/lib/python3.10/dist-packages/c2_turtle_interface-0.0.0-py3.10.egg-info/top_level.txt
[4.977s] -- Installing: /home/psb/rokey_c_2_ws/install/c2_turtle_interface/local/lib/python3.10/dist-packages/c2_turtle_interface-0.0.0-py3.10.egg-info/PKG-INFO
[4.977s] -- Installing: /home/psb/rokey_c_2_ws/install/c2_turtle_interface/local/lib/python3.10/dist-packages/c2_turtle_interface-0.0.0-py3.10.egg-info/dependency_links.txt
[4.977s] -- Installing: /home/psb/rokey_c_2_ws/install/c2_turtle_interface/local/lib/python3.10/dist-packages/c2_turtle_interface
[4.977s] -- Installing: /home/psb/rokey_c_2_ws/install/c2_turtle_interface/local/lib/python3.10/dist-packages/c2_turtle_interface/__init__.py
[4.977s] -- Installing: /home/psb/rokey_c_2_ws/install/c2_turtle_interface/local/lib/python3.10/dist-packages/c2_turtle_interface/c2_turtle_interface_s__rosidl_typesupport_fastrtps_c.cpython-310-x86_64-linux-gnu.so
[4.978s] -- Installing: /home/psb/rokey_c_2_ws/install/c2_turtle_interface/local/lib/python3.10/dist-packages/c2_turtle_interface/_c2_turtle_interface_s.ep.rosidl_typesupport_c.c
[4.978s] -- Installing: /home/psb/rokey_c_2_ws/install/c2_turtle_interface/local/lib/python3.10/dist-packages/c2_turtle_interface/_c2_turtle_interface_s.ep.rosidl_typesupport_fastrtps_c.c
[4.978s] -- Installing: /home/psb/rokey_c_2_ws/install/c2_turtle_interface/local/lib/python3.10/dist-packages/c2_turtle_interface/msg
[4.978s] -- Installing: /home/psb/rokey_c_2_ws/install/c2_turtle_interface/local/lib/python3.10/dist-packages/c2_turtle_interface/msg/__init__.py
[4.978s] -- Installing: /home/psb/rokey_c_2_ws/install/c2_turtle_interface/local/lib/python3.10/dist-packages/c2_turtle_interface/msg/_order_item_s.c
[4.978s] -- Installing: /home/psb/rokey_c_2_ws/install/c2_turtle_interface/local/lib/python3.10/dist-packages/c2_turtle_interface/msg/_order_item.py
[4.978s] -- Installing: /home/psb/rokey_c_2_ws/install/c2_turtle_interface/local/lib/python3.10/dist-packages/c2_turtle_interface/_c2_turtle_interface_s.ep.rosidl_typesupport_introspection_c.c
[4.978s] -- Installing: /home/psb/rokey_c_2_ws/install/c2_turtle_interface/local/lib/python3.10/dist-packages/c2_turtle_interface/srv
[4.978s] -- Installing: /home/psb/rokey_c_2_ws/install/c2_turtle_interface/local/lib/python3.10/dist-packages/c2_turtle_interface/srv/__init__.py
[4.978s] -- Installing: /home/psb/rokey_c_2_ws/install/c2_turtle_interface/local/lib/python3.10/dist-packages/c2_turtle_interface/srv/_order.py
[4.978s] -- Installing: /home/psb/rokey_c_2_ws/install/c2_turtle_interface/local/lib/python3.10/dist-packages/c2_turtle_interface/srv/_get_total_sales_s.c
[4.978s] -- Installing: /home/psb/rokey_c_2_ws/install/c2_turtle_interface/local/lib/python3.10/dist-packages/c2_turtle_interface/srv/_orderver2_s.c
[4.979s] -- Installing: /home/psb/rokey_c_2_ws/install/c2_turtle_interface/local/lib/python3.10/dist-packages/c2_turtle_interface/srv/_order_s.c
[4.979s] -- Installing: /home/psb/rokey_c_2_ws/install/c2_turtle_interface/local/lib/python3.10/dist-packages/c2_turtle_interface/srv/_get_total_sales.py
[4.979s] -- Installing: /home/psb/rokey_c_2_ws/install/c2_turtle_interface/local/lib/python3.10/dist-packages/c2_turtle_interface/srv/_orderver2.py
[4.979s] -- Installing: /home/psb/rokey_c_2_ws/install/c2_turtle_interface/local/lib/python3.10/dist-packages/c2_turtle_interface/c2_turtle_interface_s__rosidl_typesupport_introspection_c.cpython-310-x86_64-linux-gnu.so
[4.979s] -- Installing: /home/psb/rokey_c_2_ws/install/c2_turtle_interface/local/lib/python3.10/dist-packages/c2_turtle_interface/c2_turtle_interface_s__rosidl_typesupport_c.cpython-310-x86_64-linux-gnu.so
[4.979s] -- Installing: /home/psb/rokey_c_2_ws/install/c2_turtle_interface/local/lib/python3.10/dist-packages/c2_turtle_interface/libc2_turtle_interface__rosidl_generator_py.so
[5.016s] Listing '/home/psb/rokey_c_2_ws/install/c2_turtle_interface/local/lib/python3.10/dist-packages/c2_turtle_interface'...
[5.016s] Compiling '/home/psb/rokey_c_2_ws/install/c2_turtle_interface/local/lib/python3.10/dist-packages/c2_turtle_interface/__init__.py'...
[5.016s] Listing '/home/psb/rokey_c_2_ws/install/c2_turtle_interface/local/lib/python3.10/dist-packages/c2_turtle_interface/msg'...
[5.016s] Compiling '/home/psb/rokey_c_2_ws/install/c2_turtle_interface/local/lib/python3.10/dist-packages/c2_turtle_interface/msg/__init__.py'...
[5.017s] Compiling '/home/psb/rokey_c_2_ws/install/c2_turtle_interface/local/lib/python3.10/dist-packages/c2_turtle_interface/msg/_order_item.py'...
[5.017s] Listing '/home/psb/rokey_c_2_ws/install/c2_turtle_interface/local/lib/python3.10/dist-packages/c2_turtle_interface/srv'...
[5.017s] Compiling '/home/psb/rokey_c_2_ws/install/c2_turtle_interface/local/lib/python3.10/dist-packages/c2_turtle_interface/srv/__init__.py'...
[5.017s] Compiling '/home/psb/rokey_c_2_ws/install/c2_turtle_interface/local/lib/python3.10/dist-packages/c2_turtle_interface/srv/_get_total_sales.py'...
[5.017s] Compiling '/home/psb/rokey_c_2_ws/install/c2_turtle_interface/local/lib/python3.10/dist-packages/c2_turtle_interface/srv/_order.py'...
[5.017s] Compiling '/home/psb/rokey_c_2_ws/install/c2_turtle_interface/local/lib/python3.10/dist-packages/c2_turtle_interface/srv/_orderver2.py'...
[5.020s] -- Installing: /home/psb/rokey_c_2_ws/install/c2_turtle_interface/local/lib/python3.10/dist-packages/c2_turtle_interface/c2_turtle_interface_s__rosidl_typesupport_fastrtps_c.cpython-310-x86_64-linux-gnu.so
[5.020s] -- Set runtime path of "/home/psb/rokey_c_2_ws/install/c2_turtle_interface/local/lib/python3.10/dist-packages/c2_turtle_interface/c2_turtle_interface_s__rosidl_typesupport_fastrtps_c.cpython-310-x86_64-linux-gnu.so" to ""
[5.021s] -- Installing: /home/psb/rokey_c_2_ws/install/c2_turtle_interface/local/lib/python3.10/dist-packages/c2_turtle_interface/c2_turtle_interface_s__rosidl_typesupport_introspection_c.cpython-310-x86_64-linux-gnu.so
[5.021s] -- Set runtime path of "/home/psb/rokey_c_2_ws/install/c2_turtle_interface/local/lib/python3.10/dist-packages/c2_turtle_interface/c2_turtle_interface_s__rosidl_typesupport_introspection_c.cpython-310-x86_64-linux-gnu.so" to ""
[5.021s] -- Installing: /home/psb/rokey_c_2_ws/install/c2_turtle_interface/local/lib/python3.10/dist-packages/c2_turtle_interface/c2_turtle_interface_s__rosidl_typesupport_c.cpython-310-x86_64-linux-gnu.so
[5.021s] -- Set runtime path of "/home/psb/rokey_c_2_ws/install/c2_turtle_interface/local/lib/python3.10/dist-packages/c2_turtle_interface/c2_turtle_interface_s__rosidl_typesupport_c.cpython-310-x86_64-linux-gnu.so" to ""
[5.021s] -- Installing: /home/psb/rokey_c_2_ws/install/c2_turtle_interface/lib/libc2_turtle_interface__rosidl_generator_py.so
[5.021s] -- Set runtime path of "/home/psb/rokey_c_2_ws/install/c2_turtle_interface/lib/libc2_turtle_interface__rosidl_generator_py.so" to ""
[5.021s] -- Installing: /home/psb/rokey_c_2_ws/install/c2_turtle_interface/share/c2_turtle_interface/srv/Order.idl
[5.021s] -- Installing: /home/psb/rokey_c_2_ws/install/c2_turtle_interface/share/c2_turtle_interface/srv/Orderver2.idl
[5.021s] -- Installing: /home/psb/rokey_c_2_ws/install/c2_turtle_interface/share/c2_turtle_interface/srv/GetTotalSales.idl
[5.021s] -- Installing: /home/psb/rokey_c_2_ws/install/c2_turtle_interface/share/c2_turtle_interface/msg/OrderItem.idl
[5.021s] -- Installing: /home/psb/rokey_c_2_ws/install/c2_turtle_interface/share/c2_turtle_interface/srv/Order.srv
[5.022s] -- Installing: /home/psb/rokey_c_2_ws/install/c2_turtle_interface/share/c2_turtle_interface/srv/Order_Request.msg
[5.022s] -- Installing: /home/psb/rokey_c_2_ws/install/c2_turtle_interface/share/c2_turtle_interface/srv/Order_Response.msg
[5.022s] -- Installing: /home/psb/rokey_c_2_ws/install/c2_turtle_interface/share/c2_turtle_interface/srv/Orderver2.srv
[5.022s] -- Installing: /home/psb/rokey_c_2_ws/install/c2_turtle_interface/share/c2_turtle_interface/srv/Orderver2_Request.msg
[5.022s] -- Installing: /home/psb/rokey_c_2_ws/install/c2_turtle_interface/share/c2_turtle_interface/srv/Orderver2_Response.msg
[5.022s] -- Installing: /home/psb/rokey_c_2_ws/install/c2_turtle_interface/share/c2_turtle_interface/srv/GetTotalSales.srv
[5.022s] -- Installing: /home/psb/rokey_c_2_ws/install/c2_turtle_interface/share/c2_turtle_interface/srv/GetTotalSales_Request.msg
[5.022s] -- Installing: /home/psb/rokey_c_2_ws/install/c2_turtle_interface/share/c2_turtle_interface/srv/GetTotalSales_Response.msg
[5.022s] -- Installing: /home/psb/rokey_c_2_ws/install/c2_turtle_interface/share/c2_turtle_interface/msg/OrderItem.msg
[5.022s] -- Installing: /home/psb/rokey_c_2_ws/install/c2_turtle_interface/share/ament_index/resource_index/package_run_dependencies/c2_turtle_interface
[5.022s] -- Installing: /home/psb/rokey_c_2_ws/install/c2_turtle_interface/share/ament_index/resource_index/parent_prefix_path/c2_turtle_interface
[5.023s] -- Installing: /home/psb/rokey_c_2_ws/install/c2_turtle_interface/share/c2_turtle_interface/environment/ament_prefix_path.sh
[5.023s] -- Installing: /home/psb/rokey_c_2_ws/install/c2_turtle_interface/share/c2_turtle_interface/environment/ament_prefix_path.dsv
[5.023s] -- Installing: /home/psb/rokey_c_2_ws/install/c2_turtle_interface/share/c2_turtle_interface/environment/path.sh
[5.023s] -- Installing: /home/psb/rokey_c_2_ws/install/c2_turtle_interface/share/c2_turtle_interface/environment/path.dsv
[5.023s] -- Installing: /home/psb/rokey_c_2_ws/install/c2_turtle_interface/share/c2_turtle_interface/local_setup.bash
[5.023s] -- Installing: /home/psb/rokey_c_2_ws/install/c2_turtle_interface/share/c2_turtle_interface/local_setup.sh
[5.023s] -- Installing: /home/psb/rokey_c_2_ws/install/c2_turtle_interface/share/c2_turtle_interface/local_setup.zsh
[5.023s] -- Installing: /home/psb/rokey_c_2_ws/install/c2_turtle_interface/share/c2_turtle_interface/local_setup.dsv
[5.023s] -- Installing: /home/psb/rokey_c_2_ws/install/c2_turtle_interface/share/c2_turtle_interface/package.dsv
[5.023s] -- Installing: /home/psb/rokey_c_2_ws/install/c2_turtle_interface/share/ament_index/resource_index/packages/c2_turtle_interface
[5.023s] -- Installing: /home/psb/rokey_c_2_ws/install/c2_turtle_interface/share/c2_turtle_interface/cmake/export_c2_turtle_interface__rosidl_generator_cExport.cmake
[5.023s] -- Installing: /home/psb/rokey_c_2_ws/install/c2_turtle_interface/share/c2_turtle_interface/cmake/export_c2_turtle_interface__rosidl_generator_cExport-noconfig.cmake
[5.024s] -- Installing: /home/psb/rokey_c_2_ws/install/c2_turtle_interface/share/c2_turtle_interface/cmake/export_c2_turtle_interface__rosidl_typesupport_fastrtps_cExport.cmake
[5.024s] -- Installing: /home/psb/rokey_c_2_ws/install/c2_turtle_interface/share/c2_turtle_interface/cmake/export_c2_turtle_interface__rosidl_typesupport_fastrtps_cExport-noconfig.cmake
[5.024s] -- Installing: /home/psb/rokey_c_2_ws/install/c2_turtle_interface/share/c2_turtle_interface/cmake/c2_turtle_interface__rosidl_typesupport_introspection_cExport.cmake
[5.024s] -- Installing: /home/psb/rokey_c_2_ws/install/c2_turtle_interface/share/c2_turtle_interface/cmake/c2_turtle_interface__rosidl_typesupport_introspection_cExport-noconfig.cmake
[5.024s] -- Installing: /home/psb/rokey_c_2_ws/install/c2_turtle_interface/share/c2_turtle_interface/cmake/c2_turtle_interface__rosidl_typesupport_cExport.cmake
[5.024s] -- Installing: /home/psb/rokey_c_2_ws/install/c2_turtle_interface/share/c2_turtle_interface/cmake/c2_turtle_interface__rosidl_typesupport_cExport-noconfig.cmake
[5.024s] -- Installing: /home/psb/rokey_c_2_ws/install/c2_turtle_interface/share/c2_turtle_interface/cmake/export_c2_turtle_interface__rosidl_generator_cppExport.cmake
[5.024s] -- Installing: /home/psb/rokey_c_2_ws/install/c2_turtle_interface/share/c2_turtle_interface/cmake/export_c2_turtle_interface__rosidl_typesupport_fastrtps_cppExport.cmake
[5.024s] -- Installing: /home/psb/rokey_c_2_ws/install/c2_turtle_interface/share/c2_turtle_interface/cmake/export_c2_turtle_interface__rosidl_typesupport_fastrtps_cppExport-noconfig.cmake
[5.024s] -- Installing: /home/psb/rokey_c_2_ws/install/c2_turtle_interface/share/c2_turtle_interface/cmake/c2_turtle_interface__rosidl_typesupport_introspection_cppExport.cmake
[5.024s] -- Installing: /home/psb/rokey_c_2_ws/install/c2_turtle_interface/share/c2_turtle_interface/cmake/c2_turtle_interface__rosidl_typesupport_introspection_cppExport-noconfig.cmake
[5.025s] -- Installing: /home/psb/rokey_c_2_ws/install/c2_turtle_interface/share/c2_turtle_interface/cmake/c2_turtle_interface__rosidl_typesupport_cppExport.cmake
[5.025s] -- Installing: /home/psb/rokey_c_2_ws/install/c2_turtle_interface/share/c2_turtle_interface/cmake/c2_turtle_interface__rosidl_typesupport_cppExport-noconfig.cmake
[5.025s] -- Installing: /home/psb/rokey_c_2_ws/install/c2_turtle_interface/share/c2_turtle_interface/cmake/export_c2_turtle_interface__rosidl_generator_pyExport.cmake
[5.025s] -- Installing: /home/psb/rokey_c_2_ws/install/c2_turtle_interface/share/c2_turtle_interface/cmake/export_c2_turtle_interface__rosidl_generator_pyExport-noconfig.cmake
[5.025s] -- Installing: /home/psb/rokey_c_2_ws/install/c2_turtle_interface/share/c2_turtle_interface/cmake/rosidl_cmake-extras.cmake
[5.025s] -- Installing: /home/psb/rokey_c_2_ws/install/c2_turtle_interface/share/c2_turtle_interface/cmake/ament_cmake_export_include_directories-extras.cmake
[5.025s] -- Installing: /home/psb/rokey_c_2_ws/install/c2_turtle_interface/share/c2_turtle_interface/cmake/ament_cmake_export_libraries-extras.cmake
[5.025s] -- Installing: /home/psb/rokey_c_2_ws/install/c2_turtle_interface/share/c2_turtle_interface/cmake/ament_cmake_export_targets-extras.cmake
[5.025s] -- Installing: /home/psb/rokey_c_2_ws/install/c2_turtle_interface/share/c2_turtle_interface/cmake/rosidl_cmake_export_typesupport_targets-extras.cmake
[5.025s] -- Installing: /home/psb/rokey_c_2_ws/install/c2_turtle_interface/share/c2_turtle_interface/cmake/ament_cmake_export_dependencies-extras.cmake
[5.025s] -- Installing: /home/psb/rokey_c_2_ws/install/c2_turtle_interface/share/c2_turtle_interface/cmake/rosidl_cmake_export_typesupport_libraries-extras.cmake
[5.026s] -- Installing: /home/psb/rokey_c_2_ws/install/c2_turtle_interface/share/c2_turtle_interface/cmake/c2_turtle_interfaceConfig.cmake
[5.026s] -- Installing: /home/psb/rokey_c_2_ws/install/c2_turtle_interface/share/c2_turtle_interface/cmake/c2_turtle_interfaceConfig-version.cmake
[5.026s] -- Installing: /home/psb/rokey_c_2_ws/install/c2_turtle_interface/share/c2_turtle_interface/package.xml
[5.028s] Invoked command in '/home/psb/rokey_c_2_ws/build/c2_turtle_interface' returned '0': CMAKE_PREFIX_PATH=${CMAKE_PREFIX_PATH}:/home/psb/rokey_c_2_ws/install/table_order:/home/psb/rokey_c_2_ws/install/jiwon:/home/psb/turtlebot3_ws/install/turtlebot3_teleop:/home/psb/turtlebot3_ws/install/turtlebot3_example:/opt/ros/humble /usr/bin/cmake --install /home/psb/rokey_c_2_ws/build/c2_turtle_interface
