[0.609s] Invoking command in '/home/psb/rokey_c_2_ws/src/serving_robot': AMENT_PREFIX_PATH=/home/psb/rokey_c_2_ws/install/serving_robot_msgs:${AMENT_PREFIX_PATH} CMAKE_PREFIX_PATH=/home/psb/rokey_c_2_ws/install/serving_robot_msgs:${CMAKE_PREFIX_PATH} LD_LIBRARY_PATH=/home/psb/rokey_c_2_ws/install/serving_robot_msgs/lib:/home/psb/turtlebot3_ws/install/turtlebot3_msgs/lib:/usr/lib/x86_64-linux-gnu/gazebo-11/plugins:/opt/ros/humble/opt/rviz_ogre_vendor/lib:/opt/ros/humble/lib/x86_64-linux-gnu:/opt/ros/humble/lib:/usr/lib/x86_64-linux-gnu/gazebo-11/plugins PYTHONPATH=/home/psb/rokey_c_2_ws/build/serving_robot/prefix_override:/usr/lib/python3/dist-packages/colcon_core/task/python/colcon_distutils_commands:/home/psb/rokey_c_2_ws/install/serving_robot/lib/python3.10/site-packages:/home/psb/rokey_c_2_ws/install/serving_robot_msgs/local/lib/python3.10/dist-packages:${PYTHONPATH} /usr/bin/python3 -W ignore:setup.py install is deprecated setup.py egg_info --egg-base ../../build/serving_robot build --build-base /home/psb/rokey_c_2_ws/build/serving_robot/build install --record /home/psb/rokey_c_2_ws/build/serving_robot/install.log --single-version-externally-managed install_data
[0.862s] running egg_info
[0.863s] creating ../../build/serving_robot/serving_robot.egg-info
[0.863s] writing ../../build/serving_robot/serving_robot.egg-info/PKG-INFO
[0.863s] writing dependency_links to ../../build/serving_robot/serving_robot.egg-info/dependency_links.txt
[0.863s] writing entry points to ../../build/serving_robot/serving_robot.egg-info/entry_points.txt
[0.863s] writing requirements to ../../build/serving_robot/serving_robot.egg-info/requires.txt
[0.863s] writing top-level names to ../../build/serving_robot/serving_robot.egg-info/top_level.txt
[0.863s] writing manifest file '../../build/serving_robot/serving_robot.egg-info/SOURCES.txt'
[0.865s] reading manifest file '../../build/serving_robot/serving_robot.egg-info/SOURCES.txt'
[0.865s] writing manifest file '../../build/serving_robot/serving_robot.egg-info/SOURCES.txt'
[0.865s] running build
[0.866s] running build_py
[0.866s] creating /home/psb/rokey_c_2_ws/build/serving_robot/build
[0.866s] creating /home/psb/rokey_c_2_ws/build/serving_robot/build/lib
[0.866s] creating /home/psb/rokey_c_2_ws/build/serving_robot/build/lib/serving_robot
[0.866s] copying serving_robot/action_server_test.py -> /home/psb/rokey_c_2_ws/build/serving_robot/build/lib/serving_robot
[0.866s] copying serving_robot/Ui.py -> /home/psb/rokey_c_2_ws/build/serving_robot/build/lib/serving_robot
[0.866s] copying serving_robot/ui_test.py -> /home/psb/rokey_c_2_ws/build/serving_robot/build/lib/serving_robot
[0.866s] copying serving_robot/__init__.py -> /home/psb/rokey_c_2_ws/build/serving_robot/build/lib/serving_robot
[0.866s] copying serving_robot/robot.py -> /home/psb/rokey_c_2_ws/build/serving_robot/build/lib/serving_robot
[0.866s] copying serving_robot/robot_control.py -> /home/psb/rokey_c_2_ws/build/serving_robot/build/lib/serving_robot
[0.866s] running install
[0.866s] running install_lib
[0.867s] creating /home/psb/rokey_c_2_ws/install/serving_robot/lib/python3.10/site-packages/serving_robot
[0.867s] copying /home/psb/rokey_c_2_ws/build/serving_robot/build/lib/serving_robot/action_server_test.py -> /home/psb/rokey_c_2_ws/install/serving_robot/lib/python3.10/site-packages/serving_robot
[0.867s] copying /home/psb/rokey_c_2_ws/build/serving_robot/build/lib/serving_robot/Ui.py -> /home/psb/rokey_c_2_ws/install/serving_robot/lib/python3.10/site-packages/serving_robot
[0.867s] copying /home/psb/rokey_c_2_ws/build/serving_robot/build/lib/serving_robot/ui_test.py -> /home/psb/rokey_c_2_ws/install/serving_robot/lib/python3.10/site-packages/serving_robot
[0.867s] copying /home/psb/rokey_c_2_ws/build/serving_robot/build/lib/serving_robot/__init__.py -> /home/psb/rokey_c_2_ws/install/serving_robot/lib/python3.10/site-packages/serving_robot
[0.867s] copying /home/psb/rokey_c_2_ws/build/serving_robot/build/lib/serving_robot/robot.py -> /home/psb/rokey_c_2_ws/install/serving_robot/lib/python3.10/site-packages/serving_robot
[0.867s] copying /home/psb/rokey_c_2_ws/build/serving_robot/build/lib/serving_robot/robot_control.py -> /home/psb/rokey_c_2_ws/install/serving_robot/lib/python3.10/site-packages/serving_robot
[0.868s] byte-compiling /home/psb/rokey_c_2_ws/install/serving_robot/lib/python3.10/site-packages/serving_robot/action_server_test.py to action_server_test.cpython-310.pyc
[0.868s] byte-compiling /home/psb/rokey_c_2_ws/install/serving_robot/lib/python3.10/site-packages/serving_robot/Ui.py to Ui.cpython-310.pyc
[0.871s] byte-compiling /home/psb/rokey_c_2_ws/install/serving_robot/lib/python3.10/site-packages/serving_robot/ui_test.py to ui_test.cpython-310.pyc
[0.871s] byte-compiling /home/psb/rokey_c_2_ws/install/serving_robot/lib/python3.10/site-packages/serving_robot/__init__.py to __init__.cpython-310.pyc
[0.871s] byte-compiling /home/psb/rokey_c_2_ws/install/serving_robot/lib/python3.10/site-packages/serving_robot/robot.py to robot.cpython-310.pyc
[0.872s] byte-compiling /home/psb/rokey_c_2_ws/install/serving_robot/lib/python3.10/site-packages/serving_robot/robot_control.py to robot_control.cpython-310.pyc
[0.872s] running install_data
[0.872s] creating /home/psb/rokey_c_2_ws/install/serving_robot/share/ament_index
[0.872s] creating /home/psb/rokey_c_2_ws/install/serving_robot/share/ament_index/resource_index
[0.872s] creating /home/psb/rokey_c_2_ws/install/serving_robot/share/ament_index/resource_index/packages
[0.872s] copying resource/serving_robot -> /home/psb/rokey_c_2_ws/install/serving_robot/share/ament_index/resource_index/packages
[0.873s] copying package.xml -> /home/psb/rokey_c_2_ws/install/serving_robot/share/serving_robot
[0.873s] running install_egg_info
[0.874s] Copying ../../build/serving_robot/serving_robot.egg-info to /home/psb/rokey_c_2_ws/install/serving_robot/lib/python3.10/site-packages/serving_robot-0.0.0-py3.10.egg-info
[0.875s] running install_scripts
[0.893s] Installing action_test script to /home/psb/rokey_c_2_ws/install/serving_robot/lib/serving_robot
[0.893s] Installing main script to /home/psb/rokey_c_2_ws/install/serving_robot/lib/serving_robot
[0.893s] Installing robot script to /home/psb/rokey_c_2_ws/install/serving_robot/lib/serving_robot
[0.893s] Installing serving_robot script to /home/psb/rokey_c_2_ws/install/serving_robot/lib/serving_robot
[0.893s] writing list of installed files to '/home/psb/rokey_c_2_ws/build/serving_robot/install.log'
[0.915s] Invoked command in '/home/psb/rokey_c_2_ws/src/serving_robot' returned '0': AMENT_PREFIX_PATH=/home/psb/rokey_c_2_ws/install/serving_robot_msgs:${AMENT_PREFIX_PATH} CMAKE_PREFIX_PATH=/home/psb/rokey_c_2_ws/install/serving_robot_msgs:${CMAKE_PREFIX_PATH} LD_LIBRARY_PATH=/home/psb/rokey_c_2_ws/install/serving_robot_msgs/lib:/home/psb/turtlebot3_ws/install/turtlebot3_msgs/lib:/usr/lib/x86_64-linux-gnu/gazebo-11/plugins:/opt/ros/humble/opt/rviz_ogre_vendor/lib:/opt/ros/humble/lib/x86_64-linux-gnu:/opt/ros/humble/lib:/usr/lib/x86_64-linux-gnu/gazebo-11/plugins PYTHONPATH=/home/psb/rokey_c_2_ws/build/serving_robot/prefix_override:/usr/lib/python3/dist-packages/colcon_core/task/python/colcon_distutils_commands:/home/psb/rokey_c_2_ws/install/serving_robot/lib/python3.10/site-packages:/home/psb/rokey_c_2_ws/install/serving_robot_msgs/local/lib/python3.10/dist-packages:${PYTHONPATH} /usr/bin/python3 -W ignore:setup.py install is deprecated setup.py egg_info --egg-base ../../build/serving_robot build --build-base /home/psb/rokey_c_2_ws/build/serving_robot/build install --record /home/psb/rokey_c_2_ws/build/serving_robot/install.log --single-version-externally-managed install_data
