[  2%] Built target c2_turtle_interface__cpp
[ 12%] Built target c2_turtle_interface__rosidl_generator_c
[ 12%] Built target ament_cmake_python_symlink_c2_turtle_interface
[ 23%] Built target c2_turtle_interface__rosidl_typesupport_cpp
[ 33%] Built target c2_turtle_interface__rosidl_typesupport_introspection_cpp
[ 43%] Built target c2_turtle_interface__rosidl_typesupport_fastrtps_cpp
[ 53%] Built target c2_turtle_interface__rosidl_typesupport_fastrtps_c
[ 64%] Built target c2_turtle_interface__rosidl_typesupport_introspection_c
[ 74%] Built target c2_turtle_interface__rosidl_typesupport_c
[ 74%] Built target c2_turtle_interface
[ 76%] Built target c2_turtle_interface__py
[ 84%] Built target c2_turtle_interface__rosidl_generator_py
[ 89%] Built target c2_turtle_interface__rosidl_typesupport_c__pyext
[ 94%] Built target c2_turtle_interface__rosidl_typesupport_introspection_c__pyext
[100%] Built target c2_turtle_interface__rosidl_typesupport_fastrtps_c__pyext
running egg_info
writing c2_turtle_interface.egg-info/PKG-INFO
writing dependency_links to c2_turtle_interface.egg-info/dependency_links.txt
writing top-level names to c2_turtle_interface.egg-info/top_level.txt
reading manifest file 'c2_turtle_interface.egg-info/SOURCES.txt'
writing manifest file 'c2_turtle_interface.egg-info/SOURCES.txt'
[100%] Built target ament_cmake_python_build_c2_turtle_interface_egg
-- Install configuration: ""
-- Execute custom install script
-- Up-to-date symlink: /home/g1/rokey_c2_ws/install/c2_turtle_interface/share/ament_index/resource_index/rosidl_interfaces/c2_turtle_interface
-- Up-to-date symlink: /home/g1/rokey_c2_ws/install/c2_turtle_interface/include/c2_turtle_interface/c2_turtle_interface/msg/rosidl_generator_c__visibility_control.h
-- Up-to-date symlink: /home/g1/rokey_c2_ws/install/c2_turtle_interface/include/c2_turtle_interface/c2_turtle_interface/srv/detail/get_total_sales__functions.h
-- Up-to-date symlink: /home/g1/rokey_c2_ws/install/c2_turtle_interface/include/c2_turtle_interface/c2_turtle_interface/srv/detail/get_total_sales__struct.h
-- Up-to-date symlink: /home/g1/rokey_c2_ws/install/c2_turtle_interface/include/c2_turtle_interface/c2_turtle_interface/srv/detail/get_total_sales__type_support.h
-- Up-to-date symlink: /home/g1/rokey_c2_ws/install/c2_turtle_interface/include/c2_turtle_interface/c2_turtle_interface/srv/detail/order__functions.h
-- Up-to-date symlink: /home/g1/rokey_c2_ws/install/c2_turtle_interface/include/c2_turtle_interface/c2_turtle_interface/srv/detail/order__struct.h
-- Up-to-date symlink: /home/g1/rokey_c2_ws/install/c2_turtle_interface/include/c2_turtle_interface/c2_turtle_interface/srv/detail/order__type_support.h
-- Up-to-date symlink: /home/g1/rokey_c2_ws/install/c2_turtle_interface/include/c2_turtle_interface/c2_turtle_interface/srv/get_total_sales.h
-- Up-to-date symlink: /home/g1/rokey_c2_ws/install/c2_turtle_interface/include/c2_turtle_interface/c2_turtle_interface/srv/order.h
-- Up-to-date symlink: /home/g1/rokey_c2_ws/install/c2_turtle_interface/share/c2_turtle_interface/environment/library_path.sh
-- Up-to-date symlink: /home/g1/rokey_c2_ws/install/c2_turtle_interface/share/c2_turtle_interface/environment/library_path.dsv
-- Up-to-date symlink: /home/g1/rokey_c2_ws/install/c2_turtle_interface/include/c2_turtle_interface/c2_turtle_interface/msg/rosidl_typesupport_fastrtps_c__visibility_control.h
-- Up-to-date symlink: /home/g1/rokey_c2_ws/install/c2_turtle_interface/include/c2_turtle_interface/c2_turtle_interface/srv/detail/get_total_sales__rosidl_typesupport_fastrtps_c.h
-- Up-to-date symlink: /home/g1/rokey_c2_ws/install/c2_turtle_interface/include/c2_turtle_interface/c2_turtle_interface/srv/detail/order__rosidl_typesupport_fastrtps_c.h
-- Up-to-date symlink: /home/g1/rokey_c2_ws/install/c2_turtle_interface/include/c2_turtle_interface/c2_turtle_interface/msg/rosidl_typesupport_introspection_c__visibility_control.h
-- Up-to-date symlink: /home/g1/rokey_c2_ws/install/c2_turtle_interface/include/c2_turtle_interface/c2_turtle_interface/srv/detail/get_total_sales__rosidl_typesupport_introspection_c.h
-- Up-to-date symlink: /home/g1/rokey_c2_ws/install/c2_turtle_interface/include/c2_turtle_interface/c2_turtle_interface/srv/detail/order__rosidl_typesupport_introspection_c.h
-- Up-to-date symlink: /home/g1/rokey_c2_ws/install/c2_turtle_interface/include/c2_turtle_interface/c2_turtle_interface/srv/detail/get_total_sales__builder.hpp
-- Up-to-date symlink: /home/g1/rokey_c2_ws/install/c2_turtle_interface/include/c2_turtle_interface/c2_turtle_interface/srv/detail/get_total_sales__struct.hpp
-- Up-to-date symlink: /home/g1/rokey_c2_ws/install/c2_turtle_interface/include/c2_turtle_interface/c2_turtle_interface/srv/detail/get_total_sales__traits.hpp
-- Up-to-date symlink: /home/g1/rokey_c2_ws/install/c2_turtle_interface/include/c2_turtle_interface/c2_turtle_interface/srv/detail/order__builder.hpp
-- Up-to-date symlink: /home/g1/rokey_c2_ws/install/c2_turtle_interface/include/c2_turtle_interface/c2_turtle_interface/srv/detail/order__struct.hpp
-- Up-to-date symlink: /home/g1/rokey_c2_ws/install/c2_turtle_interface/include/c2_turtle_interface/c2_turtle_interface/srv/detail/order__traits.hpp
-- Up-to-date symlink: /home/g1/rokey_c2_ws/install/c2_turtle_interface/include/c2_turtle_interface/c2_turtle_interface/srv/get_total_sales.hpp
-- Up-to-date symlink: /home/g1/rokey_c2_ws/install/c2_turtle_interface/include/c2_turtle_interface/c2_turtle_interface/srv/order.hpp
-- Up-to-date symlink: /home/g1/rokey_c2_ws/install/c2_turtle_interface/include/c2_turtle_interface/c2_turtle_interface/msg/rosidl_typesupport_fastrtps_cpp__visibility_control.h
-- Up-to-date symlink: /home/g1/rokey_c2_ws/install/c2_turtle_interface/include/c2_turtle_interface/c2_turtle_interface/srv/detail/get_total_sales__rosidl_typesupport_fastrtps_cpp.hpp
-- Up-to-date symlink: /home/g1/rokey_c2_ws/install/c2_turtle_interface/include/c2_turtle_interface/c2_turtle_interface/srv/detail/order__rosidl_typesupport_fastrtps_cpp.hpp
-- Up-to-date symlink: /home/g1/rokey_c2_ws/install/c2_turtle_interface/include/c2_turtle_interface/c2_turtle_interface/srv/detail/get_total_sales__rosidl_typesupport_introspection_cpp.hpp
-- Up-to-date symlink: /home/g1/rokey_c2_ws/install/c2_turtle_interface/include/c2_turtle_interface/c2_turtle_interface/srv/detail/order__rosidl_typesupport_introspection_cpp.hpp
-- Up-to-date symlink: /home/g1/rokey_c2_ws/install/c2_turtle_interface/share/c2_turtle_interface/environment/pythonpath.sh
-- Up-to-date symlink: /home/g1/rokey_c2_ws/install/c2_turtle_interface/share/c2_turtle_interface/environment/pythonpath.dsv
-- Up-to-date symlink: /home/g1/rokey_c2_ws/install/c2_turtle_interface/local/lib/python3.10/dist-packages/c2_turtle_interface-0.0.0-py3.10.egg-info/PKG-INFO
-- Up-to-date symlink: /home/g1/rokey_c2_ws/install/c2_turtle_interface/local/lib/python3.10/dist-packages/c2_turtle_interface-0.0.0-py3.10.egg-info/SOURCES.txt
-- Up-to-date symlink: /home/g1/rokey_c2_ws/install/c2_turtle_interface/local/lib/python3.10/dist-packages/c2_turtle_interface-0.0.0-py3.10.egg-info/dependency_links.txt
-- Up-to-date symlink: /home/g1/rokey_c2_ws/install/c2_turtle_interface/local/lib/python3.10/dist-packages/c2_turtle_interface-0.0.0-py3.10.egg-info/top_level.txt
-- Up-to-date symlink: /home/g1/rokey_c2_ws/install/c2_turtle_interface/local/lib/python3.10/dist-packages/c2_turtle_interface/__init__.py
-- Up-to-date symlink: /home/g1/rokey_c2_ws/install/c2_turtle_interface/local/lib/python3.10/dist-packages/c2_turtle_interface/_c2_turtle_interface_s.ep.rosidl_typesupport_c.c
-- Up-to-date symlink: /home/g1/rokey_c2_ws/install/c2_turtle_interface/local/lib/python3.10/dist-packages/c2_turtle_interface/_c2_turtle_interface_s.ep.rosidl_typesupport_fastrtps_c.c
-- Up-to-date symlink: /home/g1/rokey_c2_ws/install/c2_turtle_interface/local/lib/python3.10/dist-packages/c2_turtle_interface/_c2_turtle_interface_s.ep.rosidl_typesupport_introspection_c.c
-- Up-to-date symlink: /home/g1/rokey_c2_ws/install/c2_turtle_interface/local/lib/python3.10/dist-packages/c2_turtle_interface/c2_turtle_interface_s__rosidl_typesupport_c.cpython-310-x86_64-linux-gnu.so
-- Up-to-date symlink: /home/g1/rokey_c2_ws/install/c2_turtle_interface/local/lib/python3.10/dist-packages/c2_turtle_interface/c2_turtle_interface_s__rosidl_typesupport_fastrtps_c.cpython-310-x86_64-linux-gnu.so
-- Up-to-date symlink: /home/g1/rokey_c2_ws/install/c2_turtle_interface/local/lib/python3.10/dist-packages/c2_turtle_interface/c2_turtle_interface_s__rosidl_typesupport_introspection_c.cpython-310-x86_64-linux-gnu.so
-- Up-to-date symlink: /home/g1/rokey_c2_ws/install/c2_turtle_interface/local/lib/python3.10/dist-packages/c2_turtle_interface/libc2_turtle_interface__rosidl_generator_py.so
-- Up-to-date symlink: /home/g1/rokey_c2_ws/install/c2_turtle_interface/local/lib/python3.10/dist-packages/c2_turtle_interface/srv/__init__.py
-- Up-to-date symlink: /home/g1/rokey_c2_ws/install/c2_turtle_interface/local/lib/python3.10/dist-packages/c2_turtle_interface/srv/_get_total_sales.py
-- Up-to-date symlink: /home/g1/rokey_c2_ws/install/c2_turtle_interface/local/lib/python3.10/dist-packages/c2_turtle_interface/srv/_get_total_sales_s.c
-- Up-to-date symlink: /home/g1/rokey_c2_ws/install/c2_turtle_interface/local/lib/python3.10/dist-packages/c2_turtle_interface/srv/_order.py
-- Up-to-date symlink: /home/g1/rokey_c2_ws/install/c2_turtle_interface/local/lib/python3.10/dist-packages/c2_turtle_interface/srv/_order_s.c
-- Up-to-date symlink: /home/g1/rokey_c2_ws/install/c2_turtle_interface/local/lib/python3.10/dist-packages/c2_turtle_interface/c2_turtle_interface_s__rosidl_typesupport_fastrtps_c.cpython-310-x86_64-linux-gnu.so
-- Up-to-date symlink: /home/g1/rokey_c2_ws/install/c2_turtle_interface/local/lib/python3.10/dist-packages/c2_turtle_interface/c2_turtle_interface_s__rosidl_typesupport_introspection_c.cpython-310-x86_64-linux-gnu.so
-- Up-to-date symlink: /home/g1/rokey_c2_ws/install/c2_turtle_interface/local/lib/python3.10/dist-packages/c2_turtle_interface/c2_turtle_interface_s__rosidl_typesupport_c.cpython-310-x86_64-linux-gnu.so
-- Up-to-date symlink: /home/g1/rokey_c2_ws/install/c2_turtle_interface/share/c2_turtle_interface/srv/Order.idl
-- Up-to-date symlink: /home/g1/rokey_c2_ws/install/c2_turtle_interface/share/c2_turtle_interface/srv/GetTotalSales.idl
-- Up-to-date symlink: /home/g1/rokey_c2_ws/install/c2_turtle_interface/share/c2_turtle_interface/srv/Order.srv
-- Up-to-date symlink: /home/g1/rokey_c2_ws/install/c2_turtle_interface/share/c2_turtle_interface/srv/Order_Request.msg
-- Up-to-date symlink: /home/g1/rokey_c2_ws/install/c2_turtle_interface/share/c2_turtle_interface/srv/Order_Response.msg
-- Up-to-date symlink: /home/g1/rokey_c2_ws/install/c2_turtle_interface/share/c2_turtle_interface/srv/GetTotalSales.srv
-- Up-to-date symlink: /home/g1/rokey_c2_ws/install/c2_turtle_interface/share/c2_turtle_interface/srv/GetTotalSales_Request.msg
-- Up-to-date symlink: /home/g1/rokey_c2_ws/install/c2_turtle_interface/share/c2_turtle_interface/srv/GetTotalSales_Response.msg
-- Up-to-date symlink: /home/g1/rokey_c2_ws/install/c2_turtle_interface/share/ament_index/resource_index/package_run_dependencies/c2_turtle_interface
-- Up-to-date symlink: /home/g1/rokey_c2_ws/install/c2_turtle_interface/share/ament_index/resource_index/parent_prefix_path/c2_turtle_interface
-- Up-to-date symlink: /home/g1/rokey_c2_ws/install/c2_turtle_interface/share/c2_turtle_interface/environment/ament_prefix_path.sh
-- Up-to-date symlink: /home/g1/rokey_c2_ws/install/c2_turtle_interface/share/c2_turtle_interface/environment/ament_prefix_path.dsv
-- Up-to-date symlink: /home/g1/rokey_c2_ws/install/c2_turtle_interface/share/c2_turtle_interface/environment/path.sh
-- Up-to-date symlink: /home/g1/rokey_c2_ws/install/c2_turtle_interface/share/c2_turtle_interface/environment/path.dsv
-- Up-to-date symlink: /home/g1/rokey_c2_ws/install/c2_turtle_interface/share/c2_turtle_interface/local_setup.bash
-- Up-to-date symlink: /home/g1/rokey_c2_ws/install/c2_turtle_interface/share/c2_turtle_interface/local_setup.sh
-- Up-to-date symlink: /home/g1/rokey_c2_ws/install/c2_turtle_interface/share/c2_turtle_interface/local_setup.zsh
-- Up-to-date symlink: /home/g1/rokey_c2_ws/install/c2_turtle_interface/share/c2_turtle_interface/local_setup.dsv
-- Symlinking: /home/g1/rokey_c2_ws/install/c2_turtle_interface/share/c2_turtle_interface/package.dsv
-- Up-to-date symlink: /home/g1/rokey_c2_ws/install/c2_turtle_interface/share/ament_index/resource_index/packages/c2_turtle_interface
-- Up-to-date symlink: /home/g1/rokey_c2_ws/install/c2_turtle_interface/share/c2_turtle_interface/cmake/rosidl_cmake-extras.cmake
-- Up-to-date symlink: /home/g1/rokey_c2_ws/install/c2_turtle_interface/share/c2_turtle_interface/cmake/ament_cmake_export_include_directories-extras.cmake
-- Up-to-date symlink: /home/g1/rokey_c2_ws/install/c2_turtle_interface/share/c2_turtle_interface/cmake/ament_cmake_export_libraries-extras.cmake
-- Up-to-date symlink: /home/g1/rokey_c2_ws/install/c2_turtle_interface/share/c2_turtle_interface/cmake/ament_cmake_export_targets-extras.cmake
-- Up-to-date symlink: /home/g1/rokey_c2_ws/install/c2_turtle_interface/share/c2_turtle_interface/cmake/rosidl_cmake_export_typesupport_targets-extras.cmake
-- Up-to-date symlink: /home/g1/rokey_c2_ws/install/c2_turtle_interface/share/c2_turtle_interface/cmake/ament_cmake_export_dependencies-extras.cmake
-- Up-to-date symlink: /home/g1/rokey_c2_ws/install/c2_turtle_interface/share/c2_turtle_interface/cmake/rosidl_cmake_export_typesupport_libraries-extras.cmake
-- Up-to-date symlink: /home/g1/rokey_c2_ws/install/c2_turtle_interface/share/c2_turtle_interface/cmake/c2_turtle_interfaceConfig.cmake
-- Up-to-date symlink: /home/g1/rokey_c2_ws/install/c2_turtle_interface/share/c2_turtle_interface/cmake/c2_turtle_interfaceConfig-version.cmake
-- Up-to-date symlink: /home/g1/rokey_c2_ws/install/c2_turtle_interface/share/c2_turtle_interface/package.xml
-- Up-to-date: /home/g1/rokey_c2_ws/install/c2_turtle_interface/lib/libc2_turtle_interface__rosidl_generator_c.so
-- Up-to-date: /home/g1/rokey_c2_ws/install/c2_turtle_interface/lib/libc2_turtle_interface__rosidl_typesupport_fastrtps_c.so
-- Up-to-date: /home/g1/rokey_c2_ws/install/c2_turtle_interface/lib/libc2_turtle_interface__rosidl_typesupport_introspection_c.so
-- Up-to-date: /home/g1/rokey_c2_ws/install/c2_turtle_interface/lib/libc2_turtle_interface__rosidl_typesupport_c.so
-- Up-to-date: /home/g1/rokey_c2_ws/install/c2_turtle_interface/lib/libc2_turtle_interface__rosidl_typesupport_fastrtps_cpp.so
-- Up-to-date: /home/g1/rokey_c2_ws/install/c2_turtle_interface/lib/libc2_turtle_interface__rosidl_typesupport_introspection_cpp.so
-- Up-to-date: /home/g1/rokey_c2_ws/install/c2_turtle_interface/lib/libc2_turtle_interface__rosidl_typesupport_cpp.so
Listing '/home/g1/rokey_c2_ws/install/c2_turtle_interface/local/lib/python3.10/dist-packages/c2_turtle_interface'...
Listing '/home/g1/rokey_c2_ws/install/c2_turtle_interface/local/lib/python3.10/dist-packages/c2_turtle_interface/srv'...
-- Up-to-date: /home/g1/rokey_c2_ws/install/c2_turtle_interface/lib/libc2_turtle_interface__rosidl_generator_py.so
-- Up-to-date: /home/g1/rokey_c2_ws/install/c2_turtle_interface/share/c2_turtle_interface/cmake/export_c2_turtle_interface__rosidl_generator_cExport.cmake
-- Up-to-date: /home/g1/rokey_c2_ws/install/c2_turtle_interface/share/c2_turtle_interface/cmake/export_c2_turtle_interface__rosidl_generator_cExport-noconfig.cmake
-- Up-to-date: /home/g1/rokey_c2_ws/install/c2_turtle_interface/share/c2_turtle_interface/cmake/export_c2_turtle_interface__rosidl_typesupport_fastrtps_cExport.cmake
-- Up-to-date: /home/g1/rokey_c2_ws/install/c2_turtle_interface/share/c2_turtle_interface/cmake/export_c2_turtle_interface__rosidl_typesupport_fastrtps_cExport-noconfig.cmake
-- Up-to-date: /home/g1/rokey_c2_ws/install/c2_turtle_interface/share/c2_turtle_interface/cmake/c2_turtle_interface__rosidl_typesupport_introspection_cExport.cmake
-- Up-to-date: /home/g1/rokey_c2_ws/install/c2_turtle_interface/share/c2_turtle_interface/cmake/c2_turtle_interface__rosidl_typesupport_introspection_cExport-noconfig.cmake
-- Up-to-date: /home/g1/rokey_c2_ws/install/c2_turtle_interface/share/c2_turtle_interface/cmake/c2_turtle_interface__rosidl_typesupport_cExport.cmake
-- Up-to-date: /home/g1/rokey_c2_ws/install/c2_turtle_interface/share/c2_turtle_interface/cmake/c2_turtle_interface__rosidl_typesupport_cExport-noconfig.cmake
-- Up-to-date: /home/g1/rokey_c2_ws/install/c2_turtle_interface/share/c2_turtle_interface/cmake/export_c2_turtle_interface__rosidl_generator_cppExport.cmake
-- Up-to-date: /home/g1/rokey_c2_ws/install/c2_turtle_interface/share/c2_turtle_interface/cmake/export_c2_turtle_interface__rosidl_typesupport_fastrtps_cppExport.cmake
-- Up-to-date: /home/g1/rokey_c2_ws/install/c2_turtle_interface/share/c2_turtle_interface/cmake/export_c2_turtle_interface__rosidl_typesupport_fastrtps_cppExport-noconfig.cmake
-- Up-to-date: /home/g1/rokey_c2_ws/install/c2_turtle_interface/share/c2_turtle_interface/cmake/c2_turtle_interface__rosidl_typesupport_introspection_cppExport.cmake
-- Up-to-date: /home/g1/rokey_c2_ws/install/c2_turtle_interface/share/c2_turtle_interface/cmake/c2_turtle_interface__rosidl_typesupport_introspection_cppExport-noconfig.cmake
-- Up-to-date: /home/g1/rokey_c2_ws/install/c2_turtle_interface/share/c2_turtle_interface/cmake/c2_turtle_interface__rosidl_typesupport_cppExport.cmake
-- Up-to-date: /home/g1/rokey_c2_ws/install/c2_turtle_interface/share/c2_turtle_interface/cmake/c2_turtle_interface__rosidl_typesupport_cppExport-noconfig.cmake
-- Up-to-date: /home/g1/rokey_c2_ws/install/c2_turtle_interface/share/c2_turtle_interface/cmake/export_c2_turtle_interface__rosidl_generator_pyExport.cmake
-- Up-to-date: /home/g1/rokey_c2_ws/install/c2_turtle_interface/share/c2_turtle_interface/cmake/export_c2_turtle_interface__rosidl_generator_pyExport-noconfig.cmake
